INFO     root:conftest.py:173 [gw1] ⏳ Delaying test start by 15s
INFO     [🔧TEST CONFIG]:conftest.py:84 Loading test configuration
INFO     [🔧TEST CONFIG]:conftest.py:371 Navigating to: https://console.dev.apolo.us/
WARNING  [🔧TEST CONFIG]:conftest.py:413 [HTTP 200] GET https://api.dev.apolo.us/api/v1/config
Request Body:
<not available>
Response Body (first 1000 chars):
{"authorized": false, "auth_url": "https://auth.dev.apolo.us/authorize", "token_url": "https://auth.dev.apolo.us/oauth/token", "logout_url": "https://auth.dev.apolo.us/v2/logout?returnTo=https://console.dev.apolo.us", "client_id": "q3I0OzzGnTDkhRmpeJ7WWgaTCucmVxTL", "audience": "https://api.dev.apolo.us", "callback_urls": ["http://127.0.0.1:54540", "http://127.0.0.1:54541", "http://127.0.0.1:54542"], "headless_callback_url": "https://api.dev.apolo.us/oauth/show-code", "success_redirect_url": "https://api.dev.apolo.us/oauth/login"}
INFO     [🔧TEST CONFIG]:conftest.py:90 Creating data manager
INFO     [🔧TEST CONFIG]:conftest.py:116 Creating users manager
INFO     [🔧TEST CONFIG]:conftest.py:102 Creating API helper
INFO     [🔧TEST CONFIG]:conftest.py:110 Creating Apolo CLI instance
INFO     [🔧TEST CONFIG]:conftest.py:202 Setup new main test user...
INFO     [🔧TEST CONFIG]:conftest.py:205 Signup attempt 1...
INFO     [🔧TEST CONFIG]:conftest.py:371 Navigating to: https://console.dev.apolo.us/
WARNING  [🔧TEST CONFIG]:conftest.py:413 [HTTP 200] GET https://api.dev.apolo.us/api/v1/config
Request Body:
<not available>
Response Body (first 1000 chars):
{"authorized": false, "auth_url": "https://auth.dev.apolo.us/authorize", "token_url": "https://auth.dev.apolo.us/oauth/token", "logout_url": "https://auth.dev.apolo.us/v2/logout?returnTo=https://console.dev.apolo.us", "client_id": "q3I0OzzGnTDkhRmpeJ7WWgaTCucmVxTL", "audience": "https://api.dev.apolo.us", "callback_urls": ["http://127.0.0.1:54540", "http://127.0.0.1:54541", "http://127.0.0.1:54542"], "headless_callback_url": "https://api.dev.apolo.us/oauth/show-code", "success_redirect_url": "https://api.dev.apolo.us/oauth/login"}
INFO     [📘TEST_INFO]:reporting.py:37 ▶️ STEP started: Signup new user via UI and activate email verification link
INFO     [👤UsersManager]:users_manager.py:59 Generated new user: UserData(email='regression-l9gfh8gkgb@apolo.us', username='regression-l9gfh8gkgb', password='5J4tNt!%oF4u')
INFO     [👤UsersManager]:users_manager.py:73 Setting main user to UserData(email='regression-l9gfh8gkgb@apolo.us', username='regression-l9gfh8gkgb', password='5J4tNt!%oF4u')
INFO     [📘TEST_INFO]:reporting.py:37 ▶️ STEP started: Click signup button
INFO     [🎭 Playwright]:base_page.py:16 <AuthPage>: Click sign up button
INFO     [📘TEST_INFO]:reporting.py:51 ✅ STEP completed: Click signup button
INFO     [📘TEST_INFO]:reporting.py:225 📸 Screenshot captured and attached (success): /home/runner/work/apolo-test-automation/apolo-test-automation/reports/screenshots/ui_click_signup_button_success_660f10.png
INFO     [📘TEST_INFO]:reporting.py:37 ▶️ STEP started: Enter email
INFO     [🎭 Playwright]:base_page.py:16 <SignupPage>: Enter regression-l9gfh8gkgb@apolo.us email
INFO     [📘TEST_INFO]:reporting.py:51 ✅ STEP completed: Enter email
INFO     [📘TEST_INFO]:reporting.py:225 📸 Screenshot captured and attached (success): /home/runner/work/apolo-test-automation/apolo-test-automation/reports/screenshots/ui_enter_email_success_457dde.png
INFO     [📘TEST_INFO]:reporting.py:37 ▶️ STEP started: Enter password
INFO     [🎭 Playwright]:base_page.py:16 <SignupPage>: Enter ********* password
INFO     [📘TEST_INFO]:reporting.py:51 ✅ STEP completed: Enter password
INFO     [📘TEST_INFO]:reporting.py:225 📸 Screenshot captured and attached (success): /home/runner/work/apolo-test-automation/apolo-test-automation/reports/screenshots/ui_enter_password_success_5f9aed.png
INFO     [📘TEST_INFO]:reporting.py:37 ▶️ STEP started: Click continue button
INFO     [🎭 Playwright]:base_page.py:16 <SignupPage>: Click continue button
INFO     [📘TEST_INFO]:reporting.py:51 ✅ STEP completed: Click continue button
INFO     [📘TEST_INFO]:reporting.py:225 📸 Screenshot captured and attached (success): /home/runner/work/apolo-test-automation/apolo-test-automation/reports/screenshots/ui_click_continue_button_success_685b57.png
INFO     [📘TEST_INFO]:reporting.py:37 ▶️ STEP started: Verify that Verify email message displayed
INFO     [🎭 Playwright]:base_page.py:16 <MainPage>: Check if verify email message displayed
WARNING  [🔧TEST CONFIG]:conftest.py:413 [HTTP 200] GET https://api.dev.apolo.us/api/v1/config
Request Body:
<not available>
Response Body (first 1000 chars):
{"authorized": false, "auth_url": "https://auth.dev.apolo.us/authorize", "token_url": "https://auth.dev.apolo.us/oauth/token", "logout_url": "https://auth.dev.apolo.us/v2/logout?returnTo=https://console.dev.apolo.us", "client_id": "q3I0OzzGnTDkhRmpeJ7WWgaTCucmVxTL", "audience": "https://api.dev.apolo.us", "callback_urls": ["http://127.0.0.1:54540", "http://127.0.0.1:54541", "http://127.0.0.1:54542"], "headless_callback_url": "https://api.dev.apolo.us/oauth/show-code", "success_redirect_url": "https://api.dev.apolo.us/oauth/login"}
INFO     [📘TEST_INFO]:reporting.py:51 ✅ STEP completed: Verify that Verify email message displayed
INFO     [📘TEST_INFO]:reporting.py:225 📸 Screenshot captured and attached (success): /home/runner/work/apolo-test-automation/apolo-test-automation/reports/screenshots/verify_ui_email_message_displayed_success_15fe83.png
INFO     [📘TEST_INFO]:reporting.py:37 ▶️ STEP started: Verify user email with the activation link
INFO     [🌐API_helper]:api_helper.py:106 Checking if user regression-l9gfh8gkgb@apolo.us needs verification...
INFO     [🌐API_helper]:api_helper.py:45 GET https://api.dev.apolo.us/apis/admin/v1/users/auth0-email-verify-ticket?email=regression-l9gfh8gkgb@apolo.us
INFO     [🌐API_helper]:api_helper.py:108 Status: 200. Response: {'ticket': 'https://auth.dev.apolo.us/u/email-verification?ticket=rLMF2QwccgtWJAH5iiI806pjBsypYdnd#'}
INFO     [📘TEST_INFO]:reporting.py:37 ▶️ STEP started: Navigate to URL
INFO     [🎭 Playwright]:base_page.py:16 <MainPage>: Navigated to: https://auth.dev.apolo.us/u/email-verification?ticket=rLMF2QwccgtWJAH5iiI806pjBsypYdnd#
INFO     [🎭 Playwright]:base_page.py:16 <MainPage>: Waiting for network idle...
INFO     [🎭 Playwright]:base_page.py:16 <MainPage>: Page is idle (networkidle state reached)
INFO     [📘TEST_INFO]:reporting.py:51 ✅ STEP completed: Navigate to URL
INFO     [📘TEST_INFO]:reporting.py:225 📸 Screenshot captured and attached (success): /home/runner/work/apolo-test-automation/apolo-test-automation/reports/screenshots/ui_open_url_in_browser_success_2d8dea.png
INFO     [🌐API_helper]:api_helper.py:106 Checking if user regression-l9gfh8gkgb@apolo.us needs verification...
INFO     [🌐API_helper]:api_helper.py:45 GET https://api.dev.apolo.us/apis/admin/v1/users/auth0-email-verify-ticket?email=regression-l9gfh8gkgb@apolo.us
INFO     [🌐API_helper]:api_helper.py:108 Status: 200. Response: {'detail': 'Email already verified'}
INFO     [📘TEST_INFO]:reporting.py:51 ✅ STEP completed: Verify user email with the activation link
INFO     [📘TEST_INFO]:reporting.py:37 ▶️ STEP started: Navigate to URL
INFO     [🎭 Playwright]:base_page.py:16 <MainPage>: Navigated to: https://console.dev.apolo.us/
INFO     [🎭 Playwright]:base_page.py:16 <MainPage>: Waiting for network idle...
WARNING  [🔧TEST CONFIG]:conftest.py:413 [HTTP 200] GET https://api.dev.apolo.us/api/v1/config
Request Body:
<not available>
Response Body (first 1000 chars):
{"authorized": false, "auth_url": "https://auth.dev.apolo.us/authorize", "token_url": "https://auth.dev.apolo.us/oauth/token", "logout_url": "https://auth.dev.apolo.us/v2/logout?returnTo=https://console.dev.apolo.us", "client_id": "q3I0OzzGnTDkhRmpeJ7WWgaTCucmVxTL", "audience": "https://api.dev.apolo.us", "callback_urls": ["http://127.0.0.1:54540", "http://127.0.0.1:54541", "http://127.0.0.1:54542"], "headless_callback_url": "https://api.dev.apolo.us/oauth/show-code", "success_redirect_url": "https://api.dev.apolo.us/oauth/login"}
INFO     [🎭 Playwright]:base_page.py:16 <MainPage>: Page is idle (networkidle state reached)
INFO     [📘TEST_INFO]:reporting.py:51 ✅ STEP completed: Navigate to URL
INFO     [📘TEST_INFO]:reporting.py:225 📸 Screenshot captured and attached (success): /home/runner/work/apolo-test-automation/apolo-test-automation/reports/screenshots/ui_open_url_in_browser_success_67d609.png
INFO     [📘TEST_INFO]:reporting.py:37 ▶️ STEP started: Verify that Auth page displayed
INFO     [🎭 Playwright]:base_page.py:16 <AuthPage>: Check if page loaded
INFO     [📘TEST_INFO]:reporting.py:51 ✅ STEP completed: Verify that Auth page displayed
INFO     [📘TEST_INFO]:reporting.py:225 📸 Screenshot captured and attached (success): /home/runner/work/apolo-test-automation/apolo-test-automation/reports/screenshots/verify_ui_page_displayed_success_b96038.png
INFO     [📘TEST_INFO]:reporting.py:37 ▶️ STEP started: Click login button
INFO     [🎭 Playwright]:base_page.py:16 <AuthPage>: Click log in button
INFO     [📘TEST_INFO]:reporting.py:51 ✅ STEP completed: Click login button
INFO     [📘TEST_INFO]:reporting.py:225 📸 Screenshot captured and attached (success): /home/runner/work/apolo-test-automation/apolo-test-automation/reports/screenshots/ui_click_login_button_success_cc482e.png
INFO     [📘TEST_INFO]:reporting.py:37 ▶️ STEP started: Verify that Signup username page displayed
INFO     [🎭 Playwright]:base_page.py:16 <SignupUsernamePage>: Check if page is loaded
WARNING  [🔧TEST CONFIG]:conftest.py:413 [HTTP 404] HEAD https://api.dev.apolo.us/apis/admin/v1/users/regression-l9gfh8gkgb
Request Body:
<not available>
Response Body (first 1000 chars):
<unavailable>
INFO     [📘TEST_INFO]:reporting.py:51 ✅ STEP completed: Verify that Signup username page displayed
INFO     [📘TEST_INFO]:reporting.py:225 📸 Screenshot captured and attached (success): /home/runner/work/apolo-test-automation/apolo-test-automation/reports/screenshots/verify_ui_page_displayed_success_ad2834.png
INFO     [📘TEST_INFO]:reporting.py:37 ▶️ STEP started: Enter username
INFO     [🎭 Playwright]:base_page.py:16 <SignupUsernamePage>: Enter regression-l9gfh8gkgb username
WARNING  [🔧TEST CONFIG]:conftest.py:413 [HTTP 404] HEAD https://api.dev.apolo.us/apis/admin/v1/users/regression-l9gfh8gkgb
Request Body:
<not available>
Response Body (first 1000 chars):
<unavailable>
WARNING  [🔧TEST CONFIG]:conftest.py:413 [HTTP 404] HEAD https://api.dev.apolo.us/apis/admin/v1/users/
Request Body:
<not available>
Response Body (first 1000 chars):
<unavailable>
INFO     [🎭 Playwright]:base_page.py:16 <SignupUsernamePage>: Wait for network idle
INFO     [🎭 Playwright]:base_page.py:16 <SignupUsernamePage>: Network idle done
INFO     [📘TEST_INFO]:reporting.py:51 ✅ STEP completed: Enter username
INFO     [📘TEST_INFO]:reporting.py:225 📸 Screenshot captured and attached (success): /home/runner/work/apolo-test-automation/apolo-test-automation/reports/screenshots/ui_enter_username_success_09c83e.png
INFO     [📘TEST_INFO]:reporting.py:37 ▶️ STEP started: Click signup button on Signup username page
INFO     [🎭 Playwright]:base_page.py:16 <SignupUsernamePage>: Click signup button
WARNING  [🔧TEST CONFIG]:conftest.py:413 [HTTP 200] GET https://api.dev.apolo.us/api/v1/config
Request Body:
<not available>
Response Body (first 1000 chars):
{"authorized": true, "orgs": [], "clusters": [], "projects": [], "admin_url": "https://api.dev.apolo.us/apis/admin/v1", "auth_url": "https://auth.dev.apolo.us/authorize", "token_url": "https://auth.dev.apolo.us/oauth/token", "logout_url": "https://auth.dev.apolo.us/v2/logout?returnTo=https://console.dev.apolo.us", "client_id": "q3I0OzzGnTDkhRmpeJ7WWgaTCucmVxTL", "audience": "https://api.dev.apolo.us", "callback_urls": ["http://127.0.0.1:54540", "http://127.0.0.1:54541", "http://127.0.0.1:54542"], "headless_callback_url": "https://api.dev.apolo.us/oauth/show-code", "success_redirect_url": "https://api.dev.apolo.us/oauth/login"}
WARNING  [🔧TEST CONFIG]:conftest.py:413 [HTTP 200] GET https://api.dev.apolo.us/api/v1/users/regression-l9gfh8gkgb/permissions?uri=blob:
Request Body:
<not available>
Response Body (first 1000 chars):
[]
WARNING  [🔧TEST CONFIG]:conftest.py:413 [HTTP 200] GET https://api.dev.apolo.us/apis/admin/v1/invites/incoming
Request Body:
<not available>
Response Body (first 1000 chars):
[]
WARNING  [🔧TEST CONFIG]:conftest.py:413 [HTTP 200] GET https://api.dev.apolo.us/apis/admin/v1/users/regression-l9gfh8gkgb?include=orgs
Request Body:
<not available>
Response Body (first 1000 chars):
{"name": "regression-l9gfh8gkgb", "email": "regression-l9gfh8gkgb@apolo.us", "first_name": null, "last_name": null, "created_at": "2025-09-13T01:31:10.951611+00:00", "terms_accepted": false, "orgs": []}
WARNING  [🔧TEST CONFIG]:conftest.py:413 [HTTP 200] GET https://api.dev.apolo.us/apis/admin/v1/users/regression-l9gfh8gkgb?include=clusters&include=system_role
Request Body:
<not available>
Response Body (first 1000 chars):
{"name": "regression-l9gfh8gkgb", "email": "regression-l9gfh8gkgb@apolo.us", "first_name": null, "last_name": null, "created_at": "2025-09-13T01:31:10.951611+00:00", "terms_accepted": false, "clusters": []}
INFO     [🎭 Playwright]:base_page.py:16 <SignupUsernamePage>: Waiting for spinner
WARNING  [🔧TEST CONFIG]:conftest.py:413 [HTTP 200] GET https://api.dev.apolo.us/api/v1/config
Request Body:
<not available>
Response Body (first 1000 chars):
{"authorized": true, "orgs": [], "clusters": [], "projects": [], "admin_url": "https://api.dev.apolo.us/apis/admin/v1", "auth_url": "https://auth.dev.apolo.us/authorize", "token_url": "https://auth.dev.apolo.us/oauth/token", "logout_url": "https://auth.dev.apolo.us/v2/logout?returnTo=https://console.dev.apolo.us", "client_id": "q3I0OzzGnTDkhRmpeJ7WWgaTCucmVxTL", "audience": "https://api.dev.apolo.us", "callback_urls": ["http://127.0.0.1:54540", "http://127.0.0.1:54541", "http://127.0.0.1:54542"], "headless_callback_url": "https://api.dev.apolo.us/oauth/show-code", "success_redirect_url": "https://api.dev.apolo.us/oauth/login"}
WARNING  [🔧TEST CONFIG]:conftest.py:413 [HTTP 200] GET https://api.dev.apolo.us/api/v1/users/regression-l9gfh8gkgb/permissions?uri=blob:
Request Body:
<not available>
Response Body (first 1000 chars):
[]
WARNING  [🔧TEST CONFIG]:conftest.py:413 [HTTP 200] GET https://api.dev.apolo.us/apis/admin/v1/invites/incoming
Request Body:
<not available>
Response Body (first 1000 chars):
[]
WARNING  [🔧TEST CONFIG]:conftest.py:413 [HTTP 200] GET https://api.dev.apolo.us/apis/admin/v1/users/regression-l9gfh8gkgb?include=orgs
Request Body:
<not available>
Response Body (first 1000 chars):
{"name": "regression-l9gfh8gkgb", "email": "regression-l9gfh8gkgb@apolo.us", "first_name": null, "last_name": null, "created_at": "2025-09-13T01:31:10.951611+00:00", "terms_accepted": false, "orgs": []}
WARNING  [🔧TEST CONFIG]:conftest.py:413 [HTTP 200] GET https://api.dev.apolo.us/apis/admin/v1/users/regression-l9gfh8gkgb?include=clusters&include=system_role
Request Body:
<not available>
Response Body (first 1000 chars):
{"name": "regression-l9gfh8gkgb", "email": "regression-l9gfh8gkgb@apolo.us", "first_name": null, "last_name": null, "created_at": "2025-09-13T01:31:10.951611+00:00", "terms_accepted": false, "clusters": []}
INFO     [🎭 Playwright]:base_page.py:16 <SignupUsernamePage>: Timeout error for spinner
INFO     [📘TEST_INFO]:reporting.py:51 ✅ STEP completed: Click signup button on Signup username page
INFO     [📘TEST_INFO]:reporting.py:225 📸 Screenshot captured and attached (success): /home/runner/work/apolo-test-automation/apolo-test-automation/reports/screenshots/ui_click_signup_button_success_3bd187.png
INFO     [📘TEST_INFO]:reporting.py:37 ▶️ STEP started: Verify that User agreement pop up displayed
INFO     [🎭 Playwright]:base_page.py:16 <MainPage>: Check if user_agreement pop up displayed
INFO     [📘TEST_INFO]:reporting.py:51 ✅ STEP completed: Verify that User agreement pop up displayed
INFO     [📘TEST_INFO]:reporting.py:225 📸 Screenshot captured and attached (success): /home/runner/work/apolo-test-automation/apolo-test-automation/reports/screenshots/verify_ui_terms_of_agreement_displayed_success_590636.png
INFO     [📘TEST_INFO]:reporting.py:37 ▶️ STEP started: Check agreement checkbox
INFO     [🎭 Playwright]:base_page.py:16 <MainPage>: Check user agreement checkbox
INFO     [📘TEST_INFO]:reporting.py:51 ✅ STEP completed: Check agreement checkbox
INFO     [📘TEST_INFO]:reporting.py:225 📸 Screenshot captured and attached (success): /home/runner/work/apolo-test-automation/apolo-test-automation/reports/screenshots/ui_check_agreement_checkbox_success_ac8607.png
INFO     [📘TEST_INFO]:reporting.py:37 ▶️ STEP started: Click I Agree button
INFO     [🎭 Playwright]:base_page.py:16 <MainPage>: Click user agreement I Agree button
INFO     [📘TEST_INFO]:reporting.py:51 ✅ STEP completed: Click I Agree button
WARNING  [🔧TEST CONFIG]:conftest.py:413 [HTTP 204] PUT https://api.dev.apolo.us/apis/admin/v1/users/regression-l9gfh8gkgb/profile
Request Body:
<not available>
Response Body (first 1000 chars):

INFO     [📘TEST_INFO]:reporting.py:225 📸 Screenshot captured and attached (success): /home/runner/work/apolo-test-automation/apolo-test-automation/reports/screenshots/ui_click_i_agree_button_success_7b8494.png
INFO     [📘TEST_INFO]:reporting.py:37 ▶️ STEP started: Wait for User Agreement popup to disappear
INFO     [📘TEST_INFO]:reporting.py:51 ✅ STEP completed: Wait for User Agreement popup to disappear
INFO     [📘TEST_INFO]:reporting.py:225 📸 Screenshot captured and attached (success): /home/runner/work/apolo-test-automation/apolo-test-automation/reports/screenshots/ui_wait_user_agreement_disappear_success_a5dc89.png
INFO     [📘TEST_INFO]:reporting.py:37 ▶️ STEP started: Wait for timeout
INFO     [📘TEST_INFO]:reporting.py:51 ✅ STEP completed: Wait for timeout
INFO     [📘TEST_INFO]:reporting.py:225 📸 Screenshot captured and attached (success): /home/runner/work/apolo-test-automation/apolo-test-automation/reports/screenshots/ui_wait_for_timeout_success_58fd49.png
INFO     [📘TEST_INFO]:reporting.py:37 ▶️ STEP started: Verify that Welcome new user page displayed
INFO     [🎭 Playwright]:base_page.py:16 <WelcomeNewUserPage>: Check if page loaded
INFO     [📘TEST_INFO]:reporting.py:51 ✅ STEP completed: Verify that Welcome new user page displayed
INFO     [📘TEST_INFO]:reporting.py:225 📸 Screenshot captured and attached (success): /home/runner/work/apolo-test-automation/apolo-test-automation/reports/screenshots/verify_ui_page_displayed_success_48112b.png
INFO     [📘TEST_INFO]:reporting.py:51 ✅ STEP completed: Signup new user via UI and activate email verification link
INFO     [📘TEST_INFO]:reporting.py:225 📸 Screenshot captured and attached (success): /home/runner/work/apolo-test-automation/apolo-test-automation/reports/screenshots/ui_signup_new_user_ver_link_success_e2e41c.png
INFO     [👤UsersManager]:users_manager.py:73 Setting main user to UserData(email='regression-l9gfh8gkgb@apolo.us', username='regression-l9gfh8gkgb', password='5J4tNt!%oF4u')
INFO     [📘TEST_INFO]:reporting.py:141 ============================================================
INFO     [📘TEST_INFO]:reporting.py:142 📁 SUITE STARTED: UI Project Change Member Roles
INFO     [📘TEST_INFO]:reporting.py:143 ============================================================
INFO     [📘TEST_INFO]:reporting.py:86 ------------------------------------------------------------
INFO     [📘TEST_INFO]:reporting.py:87 📝 TEST started: Verify Admin can promote Reader to Writer
INFO     [📘TEST_INFO]:reporting.py:88 ------------------------------------------------------------
INFO     [📘TEST_INFO]:reporting.py:37 ▶️ STEP started: Login via UI
INFO     [📘TEST_INFO]:reporting.py:37 ▶️ STEP started: Click login button
INFO     [🎭 Playwright]:base_page.py:16 <AuthPage>: Click log in button
INFO     [📘TEST_INFO]:reporting.py:51 ✅ STEP completed: Click login button
INFO     [📘TEST_INFO]:reporting.py:225 📸 Screenshot captured and attached (success): /home/runner/work/apolo-test-automation/apolo-test-automation/reports/screenshots/ui_click_login_button_success_5f2742.png
INFO     [📘TEST_INFO]:reporting.py:37 ▶️ STEP started: Enter email
INFO     [🎭 Playwright]:base_page.py:16 <LoginPage>: Enter regression-l9gfh8gkgb@apolo.us email
INFO     [📘TEST_INFO]:reporting.py:51 ✅ STEP completed: Enter email
INFO     [📘TEST_INFO]:reporting.py:225 📸 Screenshot captured and attached (success): /home/runner/work/apolo-test-automation/apolo-test-automation/reports/screenshots/ui_enter_email_success_cae917.png
INFO     [📘TEST_INFO]:reporting.py:37 ▶️ STEP started: Enter password
INFO     [🎭 Playwright]:base_page.py:16 <LoginPage>: Enter ********* password
INFO     [📘TEST_INFO]:reporting.py:51 ✅ STEP completed: Enter password
INFO     [📘TEST_INFO]:reporting.py:225 📸 Screenshot captured and attached (success): /home/runner/work/apolo-test-automation/apolo-test-automation/reports/screenshots/ui_enter_password_success_48e2c6.png
INFO     [📘TEST_INFO]:reporting.py:37 ▶️ STEP started: Click Continue button
INFO     [🎭 Playwright]:base_page.py:16 <LoginPage>: Click continue button
WARNING  [🔧TEST CONFIG]:conftest.py:413 [HTTP 200] GET https://api.dev.apolo.us/api/v1/config
Request Body:
<not available>
Response Body (first 1000 chars):
{"authorized": true, "orgs": [], "clusters": [], "projects": [], "admin_url": "https://api.dev.apolo.us/apis/admin/v1", "auth_url": "https://auth.dev.apolo.us/authorize", "token_url": "https://auth.dev.apolo.us/oauth/token", "logout_url": "https://auth.dev.apolo.us/v2/logout?returnTo=https://console.dev.apolo.us", "client_id": "q3I0OzzGnTDkhRmpeJ7WWgaTCucmVxTL", "audience": "https://api.dev.apolo.us", "callback_urls": ["http://127.0.0.1:54540", "http://127.0.0.1:54541", "http://127.0.0.1:54542"], "headless_callback_url": "https://api.dev.apolo.us/oauth/show-code", "success_redirect_url": "https://api.dev.apolo.us/oauth/login"}
WARNING  [🔧TEST CONFIG]:conftest.py:413 [HTTP 200] GET https://api.dev.apolo.us/api/v1/users/regression-l9gfh8gkgb/permissions?uri=blob:
Request Body:
<not available>
Response Body (first 1000 chars):
[]
WARNING  [🔧TEST CONFIG]:conftest.py:413 [HTTP 200] GET https://api.dev.apolo.us/apis/admin/v1/invites/incoming
Request Body:
<not available>
Response Body (first 1000 chars):
[]
WARNING  [🔧TEST CONFIG]:conftest.py:413 [HTTP 200] GET https://api.dev.apolo.us/apis/admin/v1/users/regression-l9gfh8gkgb?include=orgs
Request Body:
<not available>
Response Body (first 1000 chars):
{"name": "regression-l9gfh8gkgb", "email": "regression-l9gfh8gkgb@apolo.us", "first_name": null, "last_name": null, "created_at": "2025-09-13T01:31:10.951611+00:00", "terms_accepted": true, "orgs": []}
WARNING  [🔧TEST CONFIG]:conftest.py:413 [HTTP 200] GET https://api.dev.apolo.us/apis/admin/v1/users/regression-l9gfh8gkgb?include=clusters&include=system_role
Request Body:
<not available>
Response Body (first 1000 chars):
{"name": "regression-l9gfh8gkgb", "email": "regression-l9gfh8gkgb@apolo.us", "first_name": null, "last_name": null, "created_at": "2025-09-13T01:31:10.951611+00:00", "terms_accepted": true, "clusters": []}
INFO     [🎭 Playwright]:base_page.py:16 <LoginPage>: Waiting for spinner
INFO     [🎭 Playwright]:base_page.py:16 <LoginPage>: Timeout error for spinner
INFO     [📘TEST_INFO]:reporting.py:51 ✅ STEP completed: Click Continue button
INFO     [📘TEST_INFO]:reporting.py:225 📸 Screenshot captured and attached (success): /home/runner/work/apolo-test-automation/apolo-test-automation/reports/screenshots/ui_click_continue_button_success_e08109.png
INFO     [📘TEST_INFO]:reporting.py:37 ▶️ STEP started: Verify that Welcome new user page displayed
INFO     [🎭 Playwright]:base_page.py:16 <WelcomeNewUserPage>: Check if page loaded
INFO     [📘TEST_INFO]:reporting.py:51 ✅ STEP completed: Verify that Welcome new user page displayed
INFO     [📘TEST_INFO]:reporting.py:225 📸 Screenshot captured and attached (success): /home/runner/work/apolo-test-automation/apolo-test-automation/reports/screenshots/verify_ui_page_displayed_success_702551.png
INFO     [📘TEST_INFO]:reporting.py:51 ✅ STEP completed: Login via UI
INFO     [📘TEST_INFO]:reporting.py:225 📸 Screenshot captured and attached (success): /home/runner/work/apolo-test-automation/apolo-test-automation/reports/screenshots/ui_login_success_6ddf4e.png
INFO     [🔧TEST CONFIG]:conftest.py:371 Navigating to: https://console.dev.apolo.us/
WARNING  [🔧TEST CONFIG]:conftest.py:413 [HTTP 200] GET https://api.dev.apolo.us/api/v1/config
Request Body:
<not available>
Response Body (first 1000 chars):
{"authorized": false, "auth_url": "https://auth.dev.apolo.us/authorize", "token_url": "https://auth.dev.apolo.us/oauth/token", "logout_url": "https://auth.dev.apolo.us/v2/logout?returnTo=https://console.dev.apolo.us", "client_id": "q3I0OzzGnTDkhRmpeJ7WWgaTCucmVxTL", "audience": "https://api.dev.apolo.us", "callback_urls": ["http://127.0.0.1:54540", "http://127.0.0.1:54541", "http://127.0.0.1:54542"], "headless_callback_url": "https://api.dev.apolo.us/oauth/show-code", "success_redirect_url": "https://api.dev.apolo.us/oauth/login"}
INFO     [📘TEST_INFO]:reporting.py:37 ▶️ STEP started: <<User2>> :: Get second user
INFO     [📘TEST_INFO]:reporting.py:37 ▶️ STEP started: <<User2>> :: Signup new user via UI and activate email verification link
INFO     [👤UsersManager]:users_manager.py:59 Generated new user: UserData(email='regression-3fpjto2nvb@apolo.us', username='regression-3fpjto2nvb', password='u$mp^H%mAP9b')
INFO     [📘TEST_INFO]:reporting.py:37 ▶️ STEP started: <<User2>> :: Click signup button
INFO     [🎭 Playwright]:base_page.py:16 <AuthPage>: Click sign up button
INFO     [📘TEST_INFO]:reporting.py:51 ✅ STEP completed: <<User2>> :: Click signup button
INFO     [📘TEST_INFO]:reporting.py:225 📸 Screenshot captured and attached (success): /home/runner/work/apolo-test-automation/apolo-test-automation/reports/screenshots/ui_click_signup_button_success_6acf91.png
INFO     [📘TEST_INFO]:reporting.py:37 ▶️ STEP started: <<User2>> :: Enter email
INFO     [🎭 Playwright]:base_page.py:16 <SignupPage>: Enter regression-3fpjto2nvb@apolo.us email
INFO     [📘TEST_INFO]:reporting.py:51 ✅ STEP completed: <<User2>> :: Enter email
INFO     [📘TEST_INFO]:reporting.py:225 📸 Screenshot captured and attached (success): /home/runner/work/apolo-test-automation/apolo-test-automation/reports/screenshots/ui_enter_email_success_d4860c.png
INFO     [📘TEST_INFO]:reporting.py:37 ▶️ STEP started: <<User2>> :: Enter password
INFO     [🎭 Playwright]:base_page.py:16 <SignupPage>: Enter ********* password
INFO     [📘TEST_INFO]:reporting.py:51 ✅ STEP completed: <<User2>> :: Enter password
INFO     [📘TEST_INFO]:reporting.py:225 📸 Screenshot captured and attached (success): /home/runner/work/apolo-test-automation/apolo-test-automation/reports/screenshots/ui_enter_password_success_259ca8.png
INFO     [📘TEST_INFO]:reporting.py:37 ▶️ STEP started: <<User2>> :: Click continue button
INFO     [🎭 Playwright]:base_page.py:16 <SignupPage>: Click continue button
INFO     [📘TEST_INFO]:reporting.py:51 ✅ STEP completed: <<User2>> :: Click continue button
INFO     [📘TEST_INFO]:reporting.py:225 📸 Screenshot captured and attached (success): /home/runner/work/apolo-test-automation/apolo-test-automation/reports/screenshots/ui_click_continue_button_success_0c15fd.png
INFO     [📘TEST_INFO]:reporting.py:37 ▶️ STEP started: <<User2>> :: Verify that Verify email message displayed
INFO     [🎭 Playwright]:base_page.py:16 <MainPage>: Check if verify email message displayed
WARNING  [🔧TEST CONFIG]:conftest.py:413 [HTTP 200] GET https://api.dev.apolo.us/api/v1/config
Request Body:
<not available>
Response Body (first 1000 chars):
{"authorized": false, "auth_url": "https://auth.dev.apolo.us/authorize", "token_url": "https://auth.dev.apolo.us/oauth/token", "logout_url": "https://auth.dev.apolo.us/v2/logout?returnTo=https://console.dev.apolo.us", "client_id": "q3I0OzzGnTDkhRmpeJ7WWgaTCucmVxTL", "audience": "https://api.dev.apolo.us", "callback_urls": ["http://127.0.0.1:54540", "http://127.0.0.1:54541", "http://127.0.0.1:54542"], "headless_callback_url": "https://api.dev.apolo.us/oauth/show-code", "success_redirect_url": "https://api.dev.apolo.us/oauth/login"}
INFO     [📘TEST_INFO]:reporting.py:51 ✅ STEP completed: <<User2>> :: Verify that Verify email message displayed
INFO     [📘TEST_INFO]:reporting.py:225 📸 Screenshot captured and attached (success): /home/runner/work/apolo-test-automation/apolo-test-automation/reports/screenshots/verify_ui_email_message_displayed_success_0efc47.png
INFO     [📘TEST_INFO]:reporting.py:37 ▶️ STEP started: Verify user email with the activation link
INFO     [🌐API_helper]:api_helper.py:106 Checking if user regression-3fpjto2nvb@apolo.us needs verification...
INFO     [🌐API_helper]:api_helper.py:45 GET https://api.dev.apolo.us/apis/admin/v1/users/auth0-email-verify-ticket?email=regression-3fpjto2nvb@apolo.us
INFO     [🌐API_helper]:api_helper.py:108 Status: 200. Response: {'ticket': 'https://auth.dev.apolo.us/u/email-verification?ticket=iKPkqfc3wEhnKf3m8gmQubBlhWYFmG3d#'}
INFO     [📘TEST_INFO]:reporting.py:37 ▶️ STEP started: <<User2>> :: Navigate to URL
INFO     [🎭 Playwright]:base_page.py:16 <MainPage>: Navigated to: https://auth.dev.apolo.us/u/email-verification?ticket=iKPkqfc3wEhnKf3m8gmQubBlhWYFmG3d#
INFO     [🎭 Playwright]:base_page.py:16 <MainPage>: Waiting for network idle...
INFO     [🎭 Playwright]:base_page.py:16 <MainPage>: Page is idle (networkidle state reached)
INFO     [📘TEST_INFO]:reporting.py:51 ✅ STEP completed: <<User2>> :: Navigate to URL
INFO     [📘TEST_INFO]:reporting.py:225 📸 Screenshot captured and attached (success): /home/runner/work/apolo-test-automation/apolo-test-automation/reports/screenshots/ui_open_url_in_browser_success_acab61.png
INFO     [🌐API_helper]:api_helper.py:106 Checking if user regression-3fpjto2nvb@apolo.us needs verification...
INFO     [🌐API_helper]:api_helper.py:45 GET https://api.dev.apolo.us/apis/admin/v1/users/auth0-email-verify-ticket?email=regression-3fpjto2nvb@apolo.us
INFO     [🌐API_helper]:api_helper.py:108 Status: 200. Response: {'detail': 'Email already verified'}
INFO     [📘TEST_INFO]:reporting.py:51 ✅ STEP completed: Verify user email with the activation link
INFO     [📘TEST_INFO]:reporting.py:37 ▶️ STEP started: <<User2>> :: Navigate to URL
INFO     [🎭 Playwright]:base_page.py:16 <MainPage>: Navigated to: https://console.dev.apolo.us/
INFO     [🎭 Playwright]:base_page.py:16 <MainPage>: Waiting for network idle...
WARNING  [🔧TEST CONFIG]:conftest.py:413 [HTTP 200] GET https://api.dev.apolo.us/api/v1/config
Request Body:
<not available>
Response Body (first 1000 chars):
{"authorized": false, "auth_url": "https://auth.dev.apolo.us/authorize", "token_url": "https://auth.dev.apolo.us/oauth/token", "logout_url": "https://auth.dev.apolo.us/v2/logout?returnTo=https://console.dev.apolo.us", "client_id": "q3I0OzzGnTDkhRmpeJ7WWgaTCucmVxTL", "audience": "https://api.dev.apolo.us", "callback_urls": ["http://127.0.0.1:54540", "http://127.0.0.1:54541", "http://127.0.0.1:54542"], "headless_callback_url": "https://api.dev.apolo.us/oauth/show-code", "success_redirect_url": "https://api.dev.apolo.us/oauth/login"}
INFO     [🎭 Playwright]:base_page.py:16 <MainPage>: Page is idle (networkidle state reached)
INFO     [📘TEST_INFO]:reporting.py:51 ✅ STEP completed: <<User2>> :: Navigate to URL
INFO     [📘TEST_INFO]:reporting.py:225 📸 Screenshot captured and attached (success): /home/runner/work/apolo-test-automation/apolo-test-automation/reports/screenshots/ui_open_url_in_browser_success_b67244.png
INFO     [📘TEST_INFO]:reporting.py:37 ▶️ STEP started: <<User2>> :: Verify that Auth page displayed
INFO     [🎭 Playwright]:base_page.py:16 <AuthPage>: Check if page loaded
INFO     [📘TEST_INFO]:reporting.py:51 ✅ STEP completed: <<User2>> :: Verify that Auth page displayed
INFO     [📘TEST_INFO]:reporting.py:225 📸 Screenshot captured and attached (success): /home/runner/work/apolo-test-automation/apolo-test-automation/reports/screenshots/verify_ui_page_displayed_success_141e87.png
INFO     [📘TEST_INFO]:reporting.py:37 ▶️ STEP started: <<User2>> :: Click login button
INFO     [🎭 Playwright]:base_page.py:16 <AuthPage>: Click log in button
INFO     [📘TEST_INFO]:reporting.py:51 ✅ STEP completed: <<User2>> :: Click login button
WARNING  [🔧TEST CONFIG]:conftest.py:413 [HTTP 404] HEAD https://api.dev.apolo.us/apis/admin/v1/users/regression-3fpjto2nvb
Request Body:
<not available>
Response Body (first 1000 chars):
<unavailable>
INFO     [📘TEST_INFO]:reporting.py:225 📸 Screenshot captured and attached (success): /home/runner/work/apolo-test-automation/apolo-test-automation/reports/screenshots/ui_click_login_button_success_474f64.png
INFO     [📘TEST_INFO]:reporting.py:37 ▶️ STEP started: <<User2>> :: Verify that Signup username page displayed
INFO     [🎭 Playwright]:base_page.py:16 <SignupUsernamePage>: Check if page is loaded
INFO     [📘TEST_INFO]:reporting.py:51 ✅ STEP completed: <<User2>> :: Verify that Signup username page displayed
INFO     [📘TEST_INFO]:reporting.py:225 📸 Screenshot captured and attached (success): /home/runner/work/apolo-test-automation/apolo-test-automation/reports/screenshots/verify_ui_page_displayed_success_c8f290.png
INFO     [📘TEST_INFO]:reporting.py:37 ▶️ STEP started: <<User2>> :: Enter username
INFO     [🎭 Playwright]:base_page.py:16 <SignupUsernamePage>: Enter regression-3fpjto2nvb username
WARNING  [🔧TEST CONFIG]:conftest.py:413 [HTTP 404] HEAD https://api.dev.apolo.us/apis/admin/v1/users/regression-3fpjto2nvb
Request Body:
<not available>
Response Body (first 1000 chars):
<unavailable>
WARNING  [🔧TEST CONFIG]:conftest.py:413 [HTTP 404] HEAD https://api.dev.apolo.us/apis/admin/v1/users/
Request Body:
<not available>
Response Body (first 1000 chars):
<unavailable>
INFO     [🎭 Playwright]:base_page.py:16 <SignupUsernamePage>: Wait for network idle
INFO     [🎭 Playwright]:base_page.py:16 <SignupUsernamePage>: Network idle done
INFO     [📘TEST_INFO]:reporting.py:51 ✅ STEP completed: <<User2>> :: Enter username
INFO     [📘TEST_INFO]:reporting.py:225 📸 Screenshot captured and attached (success): /home/runner/work/apolo-test-automation/apolo-test-automation/reports/screenshots/ui_enter_username_success_fe4b72.png
INFO     [📘TEST_INFO]:reporting.py:37 ▶️ STEP started: <<User2>> :: Click signup button on Signup username page
INFO     [🎭 Playwright]:base_page.py:16 <SignupUsernamePage>: Click signup button
WARNING  [🔧TEST CONFIG]:conftest.py:413 [HTTP 200] GET https://api.dev.apolo.us/api/v1/config
Request Body:
<not available>
Response Body (first 1000 chars):
{"authorized": true, "orgs": [], "clusters": [], "projects": [], "admin_url": "https://api.dev.apolo.us/apis/admin/v1", "auth_url": "https://auth.dev.apolo.us/authorize", "token_url": "https://auth.dev.apolo.us/oauth/token", "logout_url": "https://auth.dev.apolo.us/v2/logout?returnTo=https://console.dev.apolo.us", "client_id": "q3I0OzzGnTDkhRmpeJ7WWgaTCucmVxTL", "audience": "https://api.dev.apolo.us", "callback_urls": ["http://127.0.0.1:54540", "http://127.0.0.1:54541", "http://127.0.0.1:54542"], "headless_callback_url": "https://api.dev.apolo.us/oauth/show-code", "success_redirect_url": "https://api.dev.apolo.us/oauth/login"}
WARNING  [🔧TEST CONFIG]:conftest.py:413 [HTTP 200] GET https://api.dev.apolo.us/apis/admin/v1/users/regression-3fpjto2nvb?include=orgs
Request Body:
<not available>
Response Body (first 1000 chars):
{"name": "regression-3fpjto2nvb", "email": "regression-3fpjto2nvb@apolo.us", "first_name": null, "last_name": null, "created_at": "2025-09-13T01:31:48.951661+00:00", "terms_accepted": false, "orgs": []}
WARNING  [🔧TEST CONFIG]:conftest.py:413 [HTTP 200] GET https://api.dev.apolo.us/api/v1/users/regression-3fpjto2nvb/permissions?uri=blob:
Request Body:
<not available>
Response Body (first 1000 chars):
[]
WARNING  [🔧TEST CONFIG]:conftest.py:413 [HTTP 200] GET https://api.dev.apolo.us/apis/admin/v1/invites/incoming
Request Body:
<not available>
Response Body (first 1000 chars):
[]
WARNING  [🔧TEST CONFIG]:conftest.py:413 [HTTP 200] GET https://api.dev.apolo.us/apis/admin/v1/users/regression-3fpjto2nvb?include=clusters&include=system_role
Request Body:
<not available>
Response Body (first 1000 chars):
{"name": "regression-3fpjto2nvb", "email": "regression-3fpjto2nvb@apolo.us", "first_name": null, "last_name": null, "created_at": "2025-09-13T01:31:48.951661+00:00", "terms_accepted": false, "clusters": []}
INFO     [🎭 Playwright]:base_page.py:16 <SignupUsernamePage>: Waiting for spinner
WARNING  [🔧TEST CONFIG]:conftest.py:413 [HTTP 200] GET https://api.dev.apolo.us/api/v1/config
Request Body:
<not available>
Response Body (first 1000 chars):
{"authorized": true, "orgs": [], "clusters": [], "projects": [], "admin_url": "https://api.dev.apolo.us/apis/admin/v1", "auth_url": "https://auth.dev.apolo.us/authorize", "token_url": "https://auth.dev.apolo.us/oauth/token", "logout_url": "https://auth.dev.apolo.us/v2/logout?returnTo=https://console.dev.apolo.us", "client_id": "q3I0OzzGnTDkhRmpeJ7WWgaTCucmVxTL", "audience": "https://api.dev.apolo.us", "callback_urls": ["http://127.0.0.1:54540", "http://127.0.0.1:54541", "http://127.0.0.1:54542"], "headless_callback_url": "https://api.dev.apolo.us/oauth/show-code", "success_redirect_url": "https://api.dev.apolo.us/oauth/login"}
INFO     [🎭 Playwright]:base_page.py:16 <SignupUsernamePage>: Waiting for spinner to disappear
WARNING  [🔧TEST CONFIG]:conftest.py:413 [HTTP 200] GET https://api.dev.apolo.us/api/v1/users/regression-3fpjto2nvb/permissions?uri=blob:
Request Body:
<not available>
Response Body (first 1000 chars):
[]
WARNING  [🔧TEST CONFIG]:conftest.py:413 [HTTP 200] GET https://api.dev.apolo.us/apis/admin/v1/users/regression-3fpjto2nvb?include=orgs
Request Body:
<not available>
Response Body (first 1000 chars):
{"name": "regression-3fpjto2nvb", "email": "regression-3fpjto2nvb@apolo.us", "first_name": null, "last_name": null, "created_at": "2025-09-13T01:31:48.951661+00:00", "terms_accepted": false, "orgs": []}
WARNING  [🔧TEST CONFIG]:conftest.py:413 [HTTP 200] GET https://api.dev.apolo.us/apis/admin/v1/invites/incoming
Request Body:
<not available>
Response Body (first 1000 chars):
[]
WARNING  [🔧TEST CONFIG]:conftest.py:413 [HTTP 200] GET https://api.dev.apolo.us/apis/admin/v1/users/regression-3fpjto2nvb?include=clusters&include=system_role
Request Body:
<not available>
Response Body (first 1000 chars):
{"name": "regression-3fpjto2nvb", "email": "regression-3fpjto2nvb@apolo.us", "first_name": null, "last_name": null, "created_at": "2025-09-13T01:31:48.951661+00:00", "terms_accepted": false, "clusters": []}
INFO     [📘TEST_INFO]:reporting.py:51 ✅ STEP completed: <<User2>> :: Click signup button on Signup username page
INFO     [📘TEST_INFO]:reporting.py:225 📸 Screenshot captured and attached (success): /home/runner/work/apolo-test-automation/apolo-test-automation/reports/screenshots/ui_click_signup_button_success_99df9e.png
INFO     [📘TEST_INFO]:reporting.py:37 ▶️ STEP started: <<User2>> :: Verify that User agreement pop up displayed
INFO     [🎭 Playwright]:base_page.py:16 <MainPage>: Check if user_agreement pop up displayed
INFO     [📘TEST_INFO]:reporting.py:51 ✅ STEP completed: <<User2>> :: Verify that User agreement pop up displayed
INFO     [📘TEST_INFO]:reporting.py:225 📸 Screenshot captured and attached (success): /home/runner/work/apolo-test-automation/apolo-test-automation/reports/screenshots/verify_ui_terms_of_agreement_displayed_success_20eaa1.png
INFO     [📘TEST_INFO]:reporting.py:37 ▶️ STEP started: <<User2>> :: Check agreement checkbox
INFO     [🎭 Playwright]:base_page.py:16 <MainPage>: Check user agreement checkbox
INFO     [📘TEST_INFO]:reporting.py:51 ✅ STEP completed: <<User2>> :: Check agreement checkbox
INFO     [📘TEST_INFO]:reporting.py:225 📸 Screenshot captured and attached (success): /home/runner/work/apolo-test-automation/apolo-test-automation/reports/screenshots/ui_check_agreement_checkbox_success_cb9f8f.png
INFO     [📘TEST_INFO]:reporting.py:37 ▶️ STEP started: <<User2>> :: Click I Agree button
INFO     [🎭 Playwright]:base_page.py:16 <MainPage>: Click user agreement I Agree button
INFO     [📘TEST_INFO]:reporting.py:51 ✅ STEP completed: <<User2>> :: Click I Agree button
INFO     [📘TEST_INFO]:reporting.py:225 📸 Screenshot captured and attached (success): /home/runner/work/apolo-test-automation/apolo-test-automation/reports/screenshots/ui_click_i_agree_button_success_f256ce.png
INFO     [📘TEST_INFO]:reporting.py:37 ▶️ STEP started: <<User2>> :: Wait for User Agreement popup to disappear
WARNING  [🔧TEST CONFIG]:conftest.py:413 [HTTP 204] PUT https://api.dev.apolo.us/apis/admin/v1/users/regression-3fpjto2nvb/profile
Request Body:
<not available>
Response Body (first 1000 chars):

INFO     [📘TEST_INFO]:reporting.py:51 ✅ STEP completed: <<User2>> :: Wait for User Agreement popup to disappear
INFO     [📘TEST_INFO]:reporting.py:225 📸 Screenshot captured and attached (success): /home/runner/work/apolo-test-automation/apolo-test-automation/reports/screenshots/ui_wait_user_agreement_disappear_success_73bc90.png
INFO     [📘TEST_INFO]:reporting.py:37 ▶️ STEP started: <<User2>> :: Wait for timeout
INFO     [📘TEST_INFO]:reporting.py:51 ✅ STEP completed: <<User2>> :: Wait for timeout
INFO     [📘TEST_INFO]:reporting.py:225 📸 Screenshot captured and attached (success): /home/runner/work/apolo-test-automation/apolo-test-automation/reports/screenshots/ui_wait_for_timeout_success_da5516.png
INFO     [📘TEST_INFO]:reporting.py:37 ▶️ STEP started: <<User2>> :: Verify that Welcome new user page displayed
INFO     [🎭 Playwright]:base_page.py:16 <WelcomeNewUserPage>: Check if page loaded
INFO     [📘TEST_INFO]:reporting.py:51 ✅ STEP completed: <<User2>> :: Verify that Welcome new user page displayed
INFO     [📘TEST_INFO]:reporting.py:225 📸 Screenshot captured and attached (success): /home/runner/work/apolo-test-automation/apolo-test-automation/reports/screenshots/verify_ui_page_displayed_success_4706b7.png
INFO     [📘TEST_INFO]:reporting.py:51 ✅ STEP completed: <<User2>> :: Signup new user via UI and activate email verification link
INFO     [📘TEST_INFO]:reporting.py:225 📸 Screenshot captured and attached (success): /home/runner/work/apolo-test-automation/apolo-test-automation/reports/screenshots/ui_signup_new_user_ver_link_success_ab1b58.png
INFO     [👤UsersManager]:users_manager.py:82 Setting second user to UserData(email='regression-3fpjto2nvb@apolo.us', username='regression-3fpjto2nvb', password='u$mp^H%mAP9b')
INFO     [📘TEST_INFO]:reporting.py:51 ✅ STEP completed: <<User2>> :: Get second user
INFO     [📘TEST_INFO]:reporting.py:225 📸 Screenshot captured and attached (success): /home/runner/work/apolo-test-automation/apolo-test-automation/reports/screenshots/ui_get_second_user_success_725add.png
INFO     [📘TEST_INFO]:reporting.py:37 ▶️ STEP started: <<User2>> :: Login via UI
INFO     [📘TEST_INFO]:reporting.py:51 ✅ STEP completed: <<User2>> :: Login via UI
INFO     [📘TEST_INFO]:reporting.py:225 📸 Screenshot captured and attached (success): /home/runner/work/apolo-test-automation/apolo-test-automation/reports/screenshots/ui_login_success_a2065c.png
INFO     [📘TEST_INFO]:reporting.py:37 ▶️ STEP started: Add organization via API and reload page
INFO     [🔧DATA MANAGER]:test_data.py:48 Added organization: org_name=regression-org-kwnjq51i26yo, gherkin_name=Default-organization
INFO     [🌐API_helper]:api_helper.py:60 POST https://api.dev.apolo.us/apis/admin/v1/orgs?skip_auto_add_to_clusters=false with data: {'name': 'regression-org-kwnjq51i26yo'}
INFO     [🌐API_helper]:api_helper.py:162 Add org regression-org-kwnjq51i26yo response: <ClientResponse(https://api.dev.apolo.us/apis/admin/v1/orgs?skip_auto_add_to_clusters=false) [201 Created]>
<CIMultiDictProxy('Access-Control-Allow-Credentials': 'true', 'Content-Length': '274', 'Content-Type': 'application/json; charset=utf-8', 'Date': 'Sat, 13 Sep 2025 01:32:05 GMT', 'Server': 'Python/3.13 aiohttp/3.12.15', 'Vary': 'Origin', 'x-service-version': 'platform-admin/0.0.0.post1.dev0+ee87add', 'Via': '1.1 google', 'Alt-Svc': 'h3=":443"; ma=2592000,h3-29=":443"; ma=2592000')>

INFO     [📘TEST_INFO]:reporting.py:37 ▶️ STEP started: Reload page
WARNING  [🔧TEST CONFIG]:conftest.py:413 [HTTP 200] GET https://api.dev.apolo.us/api/v1/config
Request Body:
<not available>
Response Body (first 1000 chars):
{"authorized": true, "orgs": [{"name": "regression-org-kwnjq51i26yo", "role": "admin"}], "clusters": [{"name": "default", "registry_url": "https://registry.api.dev.apolo.us", "storage_url": "https://api.dev.apolo.us/api/v1/storage", "monitoring_url": "https://monitoring.api.dev.apolo.us/api/v1/jobs", "secrets_url": "https://api.dev.apolo.us/api/v1/secrets", "metrics_url": "https://grafana.dev.apolo.us", "disks_url": "https://api.dev.apolo.us/api/v1/disk", "buckets_url": "https://api.dev.apolo.us/api/v1/buckets", "resource_pool_types": [{"name": "a2-highgpu-1g", "min_size": 0, "max_size": 10, "cpu": 12.0, "available_cpu": 11.176, "memory": 89629032448, "available_memory": 80898240256, "disk_size": 161061273600, "available_disk_size": 161061273600, "nvidia_gpu": {"count": 1, "model": "NVIDIA-A100-SXM4-40GB", "memory": 42949672960}}, {"name": "default", "min_size": 1, "max_size": 10, "cpu": 4.0, "available_cpu": 2.751, "memory": 16776048640, "available_memory": 12037189376, "disk_size": 1
WARNING  [🔧TEST CONFIG]:conftest.py:413 [HTTP 200] GET https://api.dev.apolo.us/api/v1/users/regression-l9gfh8gkgb/permissions?uri=blob:
Request Body:
<not available>
Response Body (first 1000 chars):
[{"uri": "blob://default/regression-org-kwnjq51i26yo", "action": "manage"}]
WARNING  [🔧TEST CONFIG]:conftest.py:413 [HTTP 200] GET https://api.dev.apolo.us/apis/admin/v1/users/regression-l9gfh8gkgb?include=orgs
Request Body:
<not available>
Response Body (first 1000 chars):
{"name": "regression-l9gfh8gkgb", "email": "regression-l9gfh8gkgb@apolo.us", "first_name": null, "last_name": null, "created_at": "2025-09-13T01:31:10.951611+00:00", "terms_accepted": true, "orgs": [{"org_name": "regression-org-kwnjq51i26yo", "role": "admin", "balance": {"spent_credits": "0"}}]}
WARNING  [🔧TEST CONFIG]:conftest.py:413 [HTTP 200] GET https://api.dev.apolo.us/apis/admin/v1/invites/incoming
Request Body:
<not available>
Response Body (first 1000 chars):
[]
WARNING  [🔧TEST CONFIG]:conftest.py:413 [HTTP 200] GET https://api.dev.apolo.us/apis/admin/v1/orgs/regression-org-kwnjq51i26yo
Request Body:
<not available>
Response Body (first 1000 chars):
{"name": "regression-org-kwnjq51i26yo", "balance": {"credits": "500", "spent_credits": "0"}, "user_default_credits": null, "notification_intervals": {"balance_projection_seconds": [604800, 259200, 86400], "balance_amount": [0], "balance_depletion_seconds": [86400, 604800]}}
WARNING  [🔧TEST CONFIG]:conftest.py:413 [HTTP 200] GET https://api.dev.apolo.us/apis/admin/v1/users/regression-l9gfh8gkgb?include=clusters&include=system_role
Request Body:
<not available>
Response Body (first 1000 chars):
{"name": "regression-l9gfh8gkgb", "email": "regression-l9gfh8gkgb@apolo.us", "first_name": null, "last_name": null, "created_at": "2025-09-13T01:31:10.951611+00:00", "terms_accepted": true, "clusters": [{"cluster_name": "default", "role": "admin", "org_name": "regression-org-kwnjq51i26yo", "balance": {"spent_credits": "0"}}]}
INFO     [🎭 Playwright]:base_page.py:16 <MainPage>: Waiting for spinner
INFO     [🎭 Playwright]:base_page.py:16 <MainPage>: Timeout error for spinner
INFO     [📘TEST_INFO]:reporting.py:51 ✅ STEP completed: Reload page
INFO     [📘TEST_INFO]:reporting.py:225 📸 Screenshot captured and attached (success): /home/runner/work/apolo-test-automation/apolo-test-automation/reports/screenshots/ui_reload_page_success_1e7f21.png
INFO     [📘TEST_INFO]:reporting.py:51 ✅ STEP completed: Add organization via API and reload page
INFO     [📘TEST_INFO]:reporting.py:225 📸 Screenshot captured and attached (success): /home/runner/work/apolo-test-automation/apolo-test-automation/reports/screenshots/ui_add_org_api_success_a410c6.png
INFO     [📘TEST_INFO]:reporting.py:37 ▶️ STEP started: <<User2>> :: Click the let's do it button on Welcome page
INFO     [🎭 Playwright]:base_page.py:16 <WelcomeNewUserPage>: Click lets do it button
INFO     [📘TEST_INFO]:reporting.py:51 ✅ STEP completed: <<User2>> :: Click the let's do it button on Welcome page
INFO     [📘TEST_INFO]:reporting.py:225 📸 Screenshot captured and attached (success): /home/runner/work/apolo-test-automation/apolo-test-automation/reports/screenshots/ui_click_lets_do_it_button_success_d20eab.png
INFO     [📘TEST_INFO]:reporting.py:37 ▶️ STEP started: Add user to organization via API and reload page
INFO     [🌐API_helper]:api_helper.py:60 POST https://api.dev.apolo.us/apis/admin/v1/orgs/regression-org-kwnjq51i26yo/users?with_user_info=false with data: {'user_name': 'regression-3fpjto2nvb', 'role': 'user'}
INFO     [🌐API_helper]:api_helper.py:154 Add user regression-3fpjto2nvb to org response: <ClientResponse(https://api.dev.apolo.us/apis/admin/v1/orgs/regression-org-kwnjq51i26yo/users?with_user_info=false) [201 Created]>
<CIMultiDictProxy('Access-Control-Allow-Credentials': 'true', 'Content-Length': '89', 'Content-Type': 'application/json; charset=utf-8', 'Date': 'Sat, 13 Sep 2025 01:32:14 GMT', 'Server': 'Python/3.13 aiohttp/3.12.15', 'Vary': 'Origin', 'x-service-version': 'platform-admin/0.0.0.post1.dev0+ee87add', 'Via': '1.1 google', 'Alt-Svc': 'h3=":443"; ma=2592000,h3-29=":443"; ma=2592000')>

INFO     [📘TEST_INFO]:reporting.py:37 ▶️ STEP started: Reload page
WARNING  [🔧TEST CONFIG]:conftest.py:413 [HTTP 200] GET https://api.dev.apolo.us/api/v1/config
Request Body:
<not available>
Response Body (first 1000 chars):
{"authorized": true, "orgs": [{"name": "regression-org-kwnjq51i26yo", "role": "admin"}], "clusters": [{"name": "default", "registry_url": "https://registry.api.dev.apolo.us", "storage_url": "https://api.dev.apolo.us/api/v1/storage", "monitoring_url": "https://monitoring.api.dev.apolo.us/api/v1/jobs", "secrets_url": "https://api.dev.apolo.us/api/v1/secrets", "metrics_url": "https://grafana.dev.apolo.us", "disks_url": "https://api.dev.apolo.us/api/v1/disk", "buckets_url": "https://api.dev.apolo.us/api/v1/buckets", "resource_pool_types": [{"name": "a2-highgpu-1g", "min_size": 0, "max_size": 10, "cpu": 12.0, "available_cpu": 11.176, "memory": 89629032448, "available_memory": 80898240256, "disk_size": 161061273600, "available_disk_size": 161061273600, "nvidia_gpu": {"count": 1, "model": "NVIDIA-A100-SXM4-40GB", "memory": 42949672960}}, {"name": "default", "min_size": 1, "max_size": 10, "cpu": 4.0, "available_cpu": 2.751, "memory": 16776048640, "available_memory": 12037189376, "disk_size": 1
WARNING  [🔧TEST CONFIG]:conftest.py:413 [HTTP 200] GET https://api.dev.apolo.us/api/v1/users/regression-l9gfh8gkgb/permissions?uri=blob:
Request Body:
<not available>
Response Body (first 1000 chars):
[{"uri": "blob://default/regression-org-kwnjq51i26yo", "action": "manage"}]
WARNING  [🔧TEST CONFIG]:conftest.py:413 [HTTP 200] GET https://api.dev.apolo.us/apis/admin/v1/orgs/regression-org-kwnjq51i26yo
Request Body:
<not available>
Response Body (first 1000 chars):
{"name": "regression-org-kwnjq51i26yo", "balance": {"credits": "500", "spent_credits": "0"}, "user_default_credits": null, "notification_intervals": {"balance_projection_seconds": [604800, 259200, 86400], "balance_amount": [0], "balance_depletion_seconds": [86400, 604800]}}
WARNING  [🔧TEST CONFIG]:conftest.py:413 [HTTP 200] GET https://api.dev.apolo.us/apis/admin/v1/users/regression-l9gfh8gkgb?include=clusters&include=system_role
Request Body:
<not available>
Response Body (first 1000 chars):
{"name": "regression-l9gfh8gkgb", "email": "regression-l9gfh8gkgb@apolo.us", "first_name": null, "last_name": null, "created_at": "2025-09-13T01:31:10.951611+00:00", "terms_accepted": true, "clusters": [{"cluster_name": "default", "role": "admin", "org_name": "regression-org-kwnjq51i26yo", "balance": {"spent_credits": "0"}}]}
WARNING  [🔧TEST CONFIG]:conftest.py:413 [HTTP 200] GET https://api.dev.apolo.us/apis/admin/v1/invites/incoming
Request Body:
<not available>
Response Body (first 1000 chars):
[]
WARNING  [🔧TEST CONFIG]:conftest.py:413 [HTTP 200] GET https://api.dev.apolo.us/apis/admin/v1/users/regression-l9gfh8gkgb?include=orgs
Request Body:
<not available>
Response Body (first 1000 chars):
{"name": "regression-l9gfh8gkgb", "email": "regression-l9gfh8gkgb@apolo.us", "first_name": null, "last_name": null, "created_at": "2025-09-13T01:31:10.951611+00:00", "terms_accepted": true, "orgs": [{"org_name": "regression-org-kwnjq51i26yo", "role": "admin", "balance": {"spent_credits": "0"}}]}
INFO     [🎭 Playwright]:base_page.py:16 <MainPage>: Waiting for spinner
INFO     [🎭 Playwright]:base_page.py:16 <MainPage>: Timeout error for spinner
INFO     [📘TEST_INFO]:reporting.py:51 ✅ STEP completed: Reload page
INFO     [📘TEST_INFO]:reporting.py:225 📸 Screenshot captured and attached (success): /home/runner/work/apolo-test-automation/apolo-test-automation/reports/screenshots/ui_reload_page_success_1ee861.png
INFO     [📘TEST_INFO]:reporting.py:37 ▶️ STEP started: Click User Organization settings button
INFO     [🎭 Playwright]:base_page.py:16 <MainPage>: Click organization settings button
INFO     [📘TEST_INFO]:reporting.py:51 ✅ STEP completed: Click User Organization settings button
INFO     [📘TEST_INFO]:reporting.py:225 📸 Screenshot captured and attached (success): /home/runner/work/apolo-test-automation/apolo-test-automation/reports/screenshots/ui_click_organization_settings_button_success_169c6e.png
INFO     [📘TEST_INFO]:reporting.py:37 ▶️ STEP started: Verify that Organization settings pop up displayed
INFO     [🎭 Playwright]:base_page.py:16 <OrganizationSettingsPopup>: Check if page loaded
INFO     [📘TEST_INFO]:reporting.py:51 ✅ STEP completed: Verify that Organization settings pop up displayed
INFO     [📘TEST_INFO]:reporting.py:225 📸 Screenshot captured and attached (success): /home/runner/work/apolo-test-automation/apolo-test-automation/reports/screenshots/verify_ui_popup_displayed_success_41fdd3.png
INFO     [📘TEST_INFO]:reporting.py:37 ▶️ STEP started: Click People button
INFO     [🎭 Playwright]:base_page.py:16 <OrganizationSettingsPopup>: Click People button
INFO     [🎭 Playwright]:base_page.py:16 <OrganizationSettingsPopup>: Waiting for spinner
INFO     [🎭 Playwright]:base_page.py:16 <OrganizationSettingsPopup>: Waiting for spinner to disappear
WARNING  [🔧TEST CONFIG]:conftest.py:413 [HTTP 200] GET https://api.dev.apolo.us/apis/admin/v1/orgs/regression-org-kwnjq51i26yo/users/regression-l9gfh8gkgb
Request Body:
<not available>
Response Body (first 1000 chars):
{"user_name": "regression-l9gfh8gkgb", "role": "admin", "balance": {"spent_credits": "0"}}
WARNING  [🔧TEST CONFIG]:conftest.py:413 [HTTP 200] GET https://api.dev.apolo.us/apis/admin/v1/orgs/regression-org-kwnjq51i26yo/users?with_user_info=true
Request Body:
<not available>
Response Body (first 1000 chars):
[{"user_name": "regression-3fpjto2nvb", "role": "user", "balance": {"spent_credits": "0"}, "user_info": {"email": "regression-3fpjto2nvb@apolo.us", "first_name": null, "last_name": null, "created_at": "2025-09-13T01:31:48.951661+00:00"}}, {"user_name": "regression-l9gfh8gkgb", "role": "admin", "balance": {"spent_credits": "0"}, "user_info": {"email": "regression-l9gfh8gkgb@apolo.us", "first_name": null, "last_name": null, "created_at": "2025-09-13T01:31:10.951611+00:00"}}]
WARNING  [🔧TEST CONFIG]:conftest.py:413 [HTTP 200] GET https://api.dev.apolo.us/apis/admin/v1/invites
Request Body:
<not available>
Response Body (first 1000 chars):
[]
INFO     [📘TEST_INFO]:reporting.py:51 ✅ STEP completed: Click People button
INFO     [📘TEST_INFO]:reporting.py:225 📸 Screenshot captured and attached (success): /home/runner/work/apolo-test-automation/apolo-test-automation/reports/screenshots/ui_click_people_button_success_6153ac.png
INFO     [📘TEST_INFO]:reporting.py:37 ▶️ STEP started: Verify that Organization people page displayed
INFO     [🎭 Playwright]:base_page.py:16 <OrganizationPeoplePage>: Check if page loaded
INFO     [📘TEST_INFO]:reporting.py:51 ✅ STEP completed: Verify that Organization people page displayed
INFO     [📘TEST_INFO]:reporting.py:225 📸 Screenshot captured and attached (success): /home/runner/work/apolo-test-automation/apolo-test-automation/reports/screenshots/verify_ui_page_displayed_success_94ea1a.png
INFO     [📘TEST_INFO]:reporting.py:51 ✅ STEP completed: Add user to organization via API and reload page
INFO     [📘TEST_INFO]:reporting.py:225 📸 Screenshot captured and attached (success): /home/runner/work/apolo-test-automation/apolo-test-automation/reports/screenshots/ui_add_user_to_org_api_success_e8df68.png
INFO     [📘TEST_INFO]:reporting.py:37 ▶️ STEP started: <<User2>> :: Reload page
WARNING  [🔧TEST CONFIG]:conftest.py:413 [HTTP 200] GET https://api.dev.apolo.us/api/v1/config
Request Body:
<not available>
Response Body (first 1000 chars):
{"authorized": true, "orgs": [{"name": "regression-org-kwnjq51i26yo", "role": "user"}], "clusters": [{"name": "default", "registry_url": "https://registry.api.dev.apolo.us", "storage_url": "https://api.dev.apolo.us/api/v1/storage", "monitoring_url": "https://monitoring.api.dev.apolo.us/api/v1/jobs", "secrets_url": "https://api.dev.apolo.us/api/v1/secrets", "metrics_url": "https://grafana.dev.apolo.us", "disks_url": "https://api.dev.apolo.us/api/v1/disk", "buckets_url": "https://api.dev.apolo.us/api/v1/buckets", "resource_pool_types": [{"name": "a2-highgpu-1g", "min_size": 0, "max_size": 10, "cpu": 12.0, "available_cpu": 11.176, "memory": 89629032448, "available_memory": 80898240256, "disk_size": 161061273600, "available_disk_size": 161061273600, "nvidia_gpu": {"count": 1, "model": "NVIDIA-A100-SXM4-40GB", "memory": 42949672960}}, {"name": "default", "min_size": 1, "max_size": 10, "cpu": 4.0, "available_cpu": 2.751, "memory": 16776048640, "available_memory": 12037189376, "disk_size": 16
WARNING  [🔧TEST CONFIG]:conftest.py:413 [HTTP 200] GET https://api.dev.apolo.us/apis/admin/v1/orgs/regression-org-kwnjq51i26yo
Request Body:
<not available>
Response Body (first 1000 chars):
{"name": "regression-org-kwnjq51i26yo", "balance": {"credits": "500", "spent_credits": "0"}, "user_default_credits": null, "notification_intervals": {"balance_projection_seconds": [604800, 259200, 86400], "balance_amount": [0], "balance_depletion_seconds": [86400, 604800]}}
WARNING  [🔧TEST CONFIG]:conftest.py:413 [HTTP 200] GET https://api.dev.apolo.us/api/v1/users/regression-3fpjto2nvb/permissions?uri=blob:
Request Body:
<not available>
Response Body (first 1000 chars):
[]
WARNING  [🔧TEST CONFIG]:conftest.py:413 [HTTP 200] GET https://api.dev.apolo.us/apis/admin/v1/invites/incoming
Request Body:
<not available>
Response Body (first 1000 chars):
[]
WARNING  [🔧TEST CONFIG]:conftest.py:413 [HTTP 200] GET https://api.dev.apolo.us/apis/admin/v1/users/regression-3fpjto2nvb?include=clusters&include=system_role
Request Body:
<not available>
Response Body (first 1000 chars):
{"name": "regression-3fpjto2nvb", "email": "regression-3fpjto2nvb@apolo.us", "first_name": null, "last_name": null, "created_at": "2025-09-13T01:31:48.951661+00:00", "terms_accepted": true, "clusters": [{"cluster_name": "default", "role": "user", "org_name": "regression-org-kwnjq51i26yo", "balance": {"spent_credits": "0"}}]}
WARNING  [🔧TEST CONFIG]:conftest.py:413 [HTTP 200] GET https://api.dev.apolo.us/apis/admin/v1/users/regression-3fpjto2nvb?include=orgs
Request Body:
<not available>
Response Body (first 1000 chars):
{"name": "regression-3fpjto2nvb", "email": "regression-3fpjto2nvb@apolo.us", "first_name": null, "last_name": null, "created_at": "2025-09-13T01:31:48.951661+00:00", "terms_accepted": true, "orgs": [{"org_name": "regression-org-kwnjq51i26yo", "role": "user", "balance": {"spent_credits": "0"}}]}
INFO     [🎭 Playwright]:base_page.py:16 <MainPage>: Waiting for spinner
INFO     [🎭 Playwright]:base_page.py:16 <MainPage>: Timeout error for spinner
INFO     [📘TEST_INFO]:reporting.py:51 ✅ STEP completed: <<User2>> :: Reload page
INFO     [📘TEST_INFO]:reporting.py:225 📸 Screenshot captured and attached (success): /home/runner/work/apolo-test-automation/apolo-test-automation/reports/screenshots/ui_reload_page_success_3023f6.png
INFO     [📘TEST_INFO]:reporting.py:37 ▶️ STEP started: <<User2>> :: Verify project creation message is displayed
INFO     [🎭 Playwright]:base_page.py:16 <MainPage>: Check if create project text field displayed
INFO     [📘TEST_INFO]:reporting.py:51 ✅ STEP completed: <<User2>> :: Verify project creation message is displayed
INFO     [📘TEST_INFO]:reporting.py:225 📸 Screenshot captured and attached (success): /home/runner/work/apolo-test-automation/apolo-test-automation/reports/screenshots/verify_ui_create_project_message_displayed_success_e1bc8f.png
INFO     [📘TEST_INFO]:reporting.py:37 ▶️ STEP started: Create first project from the top pane on main page
INFO     [📘TEST_INFO]:reporting.py:37 ▶️ STEP started: Click Project button on the top pane of the main page
INFO     [🎭 Playwright]:base_page.py:16 <MainPage>: Click create project button on the top pane
INFO     [📘TEST_INFO]:reporting.py:51 ✅ STEP completed: Click Project button on the top pane of the main page
INFO     [📘TEST_INFO]:reporting.py:225 📸 Screenshot captured and attached (success): /home/runner/work/apolo-test-automation/apolo-test-automation/reports/screenshots/ui_click_proj_button_top_pane_success_da847d.png
INFO     [📘TEST_INFO]:reporting.py:37 ▶️ STEP started: Verify No project popup displayed
INFO     [🎭 Playwright]:base_page.py:16 <NoProjectPopup>: Check if page loaded
INFO     [📘TEST_INFO]:reporting.py:51 ✅ STEP completed: Verify No project popup displayed
INFO     [📘TEST_INFO]:reporting.py:225 📸 Screenshot captured and attached (success): /home/runner/work/apolo-test-automation/apolo-test-automation/reports/screenshots/verify_ui_popup_displayed_success_1f99c8.png
INFO     [📘TEST_INFO]:reporting.py:37 ▶️ STEP started: Click Create new project button
INFO     [🎭 Playwright]:base_page.py:16 <NoProjectPopup>: Click create project button
INFO     [📘TEST_INFO]:reporting.py:51 ✅ STEP completed: Click Create new project button
INFO     [📘TEST_INFO]:reporting.py:225 📸 Screenshot captured and attached (success): /home/runner/work/apolo-test-automation/apolo-test-automation/reports/screenshots/ui_click_create_new_proj_button_success_0255f2.png
INFO     [📘TEST_INFO]:reporting.py:37 ▶️ STEP started: Verify Create project popup displayed
INFO     [🎭 Playwright]:base_page.py:16 <CreateProjectPopup>: Check if page loaded
INFO     [📘TEST_INFO]:reporting.py:51 ✅ STEP completed: Verify Create project popup displayed
INFO     [📘TEST_INFO]:reporting.py:225 📸 Screenshot captured and attached (success): /home/runner/work/apolo-test-automation/apolo-test-automation/reports/screenshots/verify_ui_popup_displayed_success_26b34f.png
INFO     [📘TEST_INFO]:reporting.py:37 ▶️ STEP started: Enter project name
INFO     [🎭 Playwright]:base_page.py:16 <CreateProjectPopup>: Enter new project name regression-proj-10rl66ga8l
INFO     [📘TEST_INFO]:reporting.py:51 ✅ STEP completed: Enter project name
INFO     [📘TEST_INFO]:reporting.py:225 📸 Screenshot captured and attached (success): /home/runner/work/apolo-test-automation/apolo-test-automation/reports/screenshots/ui_enter_proj_name_success_892e22.png
INFO     [📘TEST_INFO]:reporting.py:37 ▶️ STEP started: Select user role
INFO     [🎭 Playwright]:base_page.py:16 <CreateProjectPopup>: Select default role Reader
INFO     [📘TEST_INFO]:reporting.py:51 ✅ STEP completed: Select user role
INFO     [📘TEST_INFO]:reporting.py:225 📸 Screenshot captured and attached (success): /home/runner/work/apolo-test-automation/apolo-test-automation/reports/screenshots/ui_select_role_success_9d0f6e.png
INFO     [📘TEST_INFO]:reporting.py:37 ▶️ STEP started: Click Create button
INFO     [🎭 Playwright]:base_page.py:16 <CreateProjectPopup>: Click create button
WARNING  [🔧TEST CONFIG]:conftest.py:413 [HTTP 404] GET https://api.dev.apolo.us/apis/admin/v1/clusters/default/orgs/regression-org-kwnjq51i26yo/projects/regression-proj-10rl66ga8l
Request Body:
<not available>
Response Body (first 1000 chars):
{"error": "Project 'regression-proj-10rl66ga8l' not found in cluster 'default' in org 'regression-org-kwnjq51i26yo'"}
INFO     [📘TEST_INFO]:reporting.py:51 ✅ STEP completed: Click Create button
INFO     [📘TEST_INFO]:reporting.py:225 📸 Screenshot captured and attached (success): /home/runner/work/apolo-test-automation/apolo-test-automation/reports/screenshots/ui_click_create_button_success_3589e8.png
INFO     [📘TEST_INFO]:reporting.py:37 ▶️ STEP started: Wait for Create project popup disappear
INFO     [🎭 Playwright]:base_page.py:16 <CreateProjectPopup>: Wait for Create project popup to disappear
WARNING  [🔧TEST CONFIG]:conftest.py:413 [HTTP 201] POST https://api.dev.apolo.us/apis/admin/v1/clusters/default/orgs/regression-org-kwnjq51i26yo/projects
Request Body:
<not available>
Response Body (first 1000 chars):
{"name": "regression-proj-10rl66ga8l", "cluster_name": "default", "org_name": "regression-org-kwnjq51i26yo", "is_default": false, "default_role": "reader"}
WARNING  [🔧TEST CONFIG]:conftest.py:413 [HTTP 200] GET https://api.dev.apolo.us/apis/apps/v1/cluster/default/org/regression-org-kwnjq51i26yo/project/regression-proj-10rl66ga8l/instances?size=100
Request Body:
<not available>
Response Body (first 1000 chars):
{"items":[],"total":0,"page":1,"size":100,"pages":0}
WARNING  [🔧TEST CONFIG]:conftest.py:413 [HTTP 200] GET https://api.dev.apolo.us/apis/apps/v1/cluster/default/org/regression-org-kwnjq51i26yo/project/regression-proj-10rl66ga8l/templates
Request Body:
<not available>
Response Body (first 1000 chars):
[{"name":"aws-s3","title":"AWS S3","pub_date":"2025-01-01T00:00:00Z","description":"AWS S3 Storage","short_description":"","schema_version":1,"version":"HEAD","input":{"$defs":{"ApoloSecret":{"properties":{"key":{"title":"Key","type":"string"}},"required":["key"],"title":"ApoloSecret","type":"object","x-description":"Apolo Secret Configuration.","x-is-advanced-field":false,"x-meta-type":"inline","x-title":"Secret","x-type":"ApoloSecret"},"S3Params":{"properties":{"port":{"title":"Port","type":"integer"},"host":{"anyOf":[{"type":"string"},{"type":"null"}],"default":null,"title":"Host"},"bucket":{"anyOf":[{"type":"string"},{"type":"null"}],"default":null,"title":"Bucket"},"access_key":{"anyOf":[{"type":"string"},{"type":"null"}],"default":null,"title":"Access Key"},"secret_key":{"anyOf":[{"$ref":"#/$defs/ApoloSecret"},{"type":"null"}],"default":null}},"required":["port"],"title":"S3Params","type":"object"}},"properties":{"s3":{"$ref":"#/$defs/S3Params"}},"required":["s3"],"title":"AwsS3I
WARNING  [🔧TEST CONFIG]:conftest.py:413 [HTTP 200] GET https://api.dev.apolo.us/api/v1/config
Request Body:
<not available>
Response Body (first 1000 chars):
{"authorized": true, "orgs": [{"name": "regression-org-kwnjq51i26yo", "role": "admin"}], "clusters": [{"name": "default", "registry_url": "https://registry.api.dev.apolo.us", "storage_url": "https://api.dev.apolo.us/api/v1/storage", "monitoring_url": "https://monitoring.api.dev.apolo.us/api/v1/jobs", "secrets_url": "https://api.dev.apolo.us/api/v1/secrets", "metrics_url": "https://grafana.dev.apolo.us", "disks_url": "https://api.dev.apolo.us/api/v1/disk", "buckets_url": "https://api.dev.apolo.us/api/v1/buckets", "resource_pool_types": [{"name": "a2-highgpu-1g", "min_size": 0, "max_size": 10, "cpu": 12.0, "available_cpu": 11.176, "memory": 89629032448, "available_memory": 80898240256, "disk_size": 161061273600, "available_disk_size": 161061273600, "nvidia_gpu": {"count": 1, "model": "NVIDIA-A100-SXM4-40GB", "memory": 42949672960}}, {"name": "default", "min_size": 1, "max_size": 10, "cpu": 4.0, "available_cpu": 2.751, "memory": 16776048640, "available_memory": 12037189376, "disk_size": 1
INFO     [📘TEST_INFO]:reporting.py:51 ✅ STEP completed: Wait for Create project popup disappear
INFO     [📘TEST_INFO]:reporting.py:225 📸 Screenshot captured and attached (success): /home/runner/work/apolo-test-automation/apolo-test-automation/reports/screenshots/ui_wait_to_disappear_success_4b630f.png
INFO     [📘TEST_INFO]:reporting.py:37 ▶️ STEP started: Verify Main page is displayed
INFO     [🎭 Playwright]:base_page.py:16 <MainPage>: Check if page loaded
INFO     [🎭 Playwright]:base_page.py:16 <MainPage>: Waiting for spinner
INFO     [🎭 Playwright]:base_page.py:16 <MainPage>: Timeout error for spinner
INFO     [📘TEST_INFO]:reporting.py:51 ✅ STEP completed: Verify Main page is displayed
INFO     [📘TEST_INFO]:reporting.py:225 📸 Screenshot captured and attached (success): /home/runner/work/apolo-test-automation/apolo-test-automation/reports/screenshots/verify_ui_page_displayed_success_fd4c7a.png
INFO     [📘TEST_INFO]:reporting.py:51 ✅ STEP completed: Create first project from the top pane on main page
INFO     [📘TEST_INFO]:reporting.py:225 📸 Screenshot captured and attached (success): /home/runner/work/apolo-test-automation/apolo-test-automation/reports/screenshots/ui_create_first_proj_from_top_pane_success_097279.png
INFO     [📘TEST_INFO]:reporting.py:37 ▶️ STEP started: Invite member to project via UI
INFO     [📘TEST_INFO]:reporting.py:37 ▶️ STEP started: Click Project button on the top pane of the main page
INFO     [🎭 Playwright]:base_page.py:16 <MainPage>: Click create project button on the top pane
INFO     [📘TEST_INFO]:reporting.py:51 ✅ STEP completed: Click Project button on the top pane of the main page
INFO     [📘TEST_INFO]:reporting.py:225 📸 Screenshot captured and attached (success): /home/runner/work/apolo-test-automation/apolo-test-automation/reports/screenshots/ui_click_proj_button_top_pane_success_cee19d.png
INFO     [📘TEST_INFO]:reporting.py:37 ▶️ STEP started: Click People button on the Projects info popup
INFO     [🎭 Playwright]:base_page.py:16 <ProjectsInfoPopup>: Click People button
INFO     [📘TEST_INFO]:reporting.py:51 ✅ STEP completed: Click People button on the Projects info popup
WARNING  [🔧TEST CONFIG]:conftest.py:413 [HTTP 200] GET https://api.dev.apolo.us/apis/admin/v1/clusters/default/orgs/regression-org-kwnjq51i26yo/projects/regression-proj-10rl66ga8l
Request Body:
<not available>
Response Body (first 1000 chars):
{"name": "regression-proj-10rl66ga8l", "cluster_name": "default", "org_name": "regression-org-kwnjq51i26yo", "is_default": false, "default_role": "reader"}
WARNING  [🔧TEST CONFIG]:conftest.py:413 [HTTP 200] GET https://api.dev.apolo.us/apis/admin/v1/clusters/default/orgs/regression-org-kwnjq51i26yo/projects/regression-proj-10rl66ga8l/users?with_user_info=true
Request Body:
<not available>
Response Body (first 1000 chars):
[{"user_name": "regression-l9gfh8gkgb", "project_name": "regression-proj-10rl66ga8l", "cluster_name": "default", "org_name": "regression-org-kwnjq51i26yo", "role": "admin", "user_info": {"email": "regression-l9gfh8gkgb@apolo.us", "first_name": null, "last_name": null, "created_at": "2025-09-13T01:31:10.951611+00:00"}}]
INFO     [📘TEST_INFO]:reporting.py:225 📸 Screenshot captured and attached (success): /home/runner/work/apolo-test-automation/apolo-test-automation/reports/screenshots/ui_click_people_btn_success_bcecbc.png
INFO     [📘TEST_INFO]:reporting.py:37 ▶️ STEP started: Verify People page displayed
INFO     [🎭 Playwright]:base_page.py:16 <ProjectPeoplePage>: Check if page loaded
INFO     [📘TEST_INFO]:reporting.py:51 ✅ STEP completed: Verify People page displayed
INFO     [📘TEST_INFO]:reporting.py:225 📸 Screenshot captured and attached (success): /home/runner/work/apolo-test-automation/apolo-test-automation/reports/screenshots/verify_ui_page_displayed_success_f0c067.png
INFO     [📘TEST_INFO]:reporting.py:37 ▶️ STEP started: Click Invite people button
INFO     [🎭 Playwright]:base_page.py:16 <ProjectPeoplePage>: Click Invite People button
WARNING  [🔧TEST CONFIG]:conftest.py:413 [HTTP 200] GET https://api.dev.apolo.us/apis/admin/v1/clusters/default/orgs/regression-org-kwnjq51i26yo/users?with_user_info=true
Request Body:
<not available>
Response Body (first 1000 chars):
[{"user_name": "regression-l9gfh8gkgb", "role": "admin", "org_name": "regression-org-kwnjq51i26yo", "balance": {"spent_credits": "0"}, "user_info": {"email": "regression-l9gfh8gkgb@apolo.us", "first_name": null, "last_name": null, "created_at": "2025-09-13T01:31:10.951611+00:00"}}, {"user_name": "regression-3fpjto2nvb", "role": "user", "org_name": "regression-org-kwnjq51i26yo", "balance": {"spent_credits": "0"}, "user_info": {"email": "regression-3fpjto2nvb@apolo.us", "first_name": null, "last_name": null, "created_at": "2025-09-13T01:31:48.951661+00:00"}}]
INFO     [📘TEST_INFO]:reporting.py:51 ✅ STEP completed: Click Invite people button
INFO     [📘TEST_INFO]:reporting.py:225 📸 Screenshot captured and attached (success): /home/runner/work/apolo-test-automation/apolo-test-automation/reports/screenshots/ui_click_invite_people_proj_people_btn_success_206333.png
INFO     [📘TEST_INFO]:reporting.py:37 ▶️ STEP started: Verify Invite project member popup displayed
INFO     [🎭 Playwright]:base_page.py:16 <InviteProjMemberPopup>: Check if page loaded
INFO     [📘TEST_INFO]:reporting.py:51 ✅ STEP completed: Verify Invite project member popup displayed
INFO     [📘TEST_INFO]:reporting.py:225 📸 Screenshot captured and attached (success): /home/runner/work/apolo-test-automation/apolo-test-automation/reports/screenshots/verify_ui_popup_displayed_success_ab1412.png
INFO     [📘TEST_INFO]:reporting.py:37 ▶️ STEP started: Enter user email/username
INFO     [🎭 Playwright]:base_page.py:16 <InviteProjMemberPopup>: Enter regression-3fpjto2nvb@apolo.us
INFO     [📘TEST_INFO]:reporting.py:51 ✅ STEP completed: Enter user email/username
INFO     [📘TEST_INFO]:reporting.py:225 📸 Screenshot captured and attached (success): /home/runner/work/apolo-test-automation/apolo-test-automation/reports/screenshots/ui_enter_user_data_success_3bf9c9.png
INFO     [📘TEST_INFO]:reporting.py:37 ▶️ STEP started: Select user role
INFO     [🎭 Playwright]:base_page.py:16 <InviteProjMemberPopup>: Select user role Reader
INFO     [📘TEST_INFO]:reporting.py:51 ✅ STEP completed: Select user role
INFO     [📘TEST_INFO]:reporting.py:225 📸 Screenshot captured and attached (success): /home/runner/work/apolo-test-automation/apolo-test-automation/reports/screenshots/ui_select_user_role_success_3b3e5d.png
INFO     [📘TEST_INFO]:reporting.py:37 ▶️ STEP started: Verify Invite user button displayed
INFO     [🎭 Playwright]:base_page.py:16 <InviteProjMemberPopup>: Check if invite user regression-3fpjto2nvb@apolo.us button displayed
INFO     [📘TEST_INFO]:reporting.py:51 ✅ STEP completed: Verify Invite user button displayed
INFO     [📘TEST_INFO]:reporting.py:225 📸 Screenshot captured and attached (success): /home/runner/work/apolo-test-automation/apolo-test-automation/reports/screenshots/verify_ui_invite_user_btn_displayed_success_c24c68.png
INFO     [📘TEST_INFO]:reporting.py:37 ▶️ STEP started: Verify Invite button disabled
INFO     [📘TEST_INFO]:reporting.py:51 ✅ STEP completed: Verify Invite button disabled
INFO     [📘TEST_INFO]:reporting.py:225 📸 Screenshot captured and attached (success): /home/runner/work/apolo-test-automation/apolo-test-automation/reports/screenshots/verify_ui_invite_bth_disabled_success_2b79fa.png
INFO     [📘TEST_INFO]:reporting.py:37 ▶️ STEP started: Click invite user button
INFO     [🎭 Playwright]:base_page.py:16 <InviteProjMemberPopup>: Click invite user regression-3fpjto2nvb@apolo.us button
INFO     [📘TEST_INFO]:reporting.py:51 ✅ STEP completed: Click invite user button
INFO     [📘TEST_INFO]:reporting.py:225 📸 Screenshot captured and attached (success): /home/runner/work/apolo-test-automation/apolo-test-automation/reports/screenshots/ui_click_invite_user_btn_success_250e43.png
INFO     [📘TEST_INFO]:reporting.py:37 ▶️ STEP started: Verify Invite button enabled
INFO     [📘TEST_INFO]:reporting.py:51 ✅ STEP completed: Verify Invite button enabled
INFO     [📘TEST_INFO]:reporting.py:225 📸 Screenshot captured and attached (success): /home/runner/work/apolo-test-automation/apolo-test-automation/reports/screenshots/verify_ui_invite_bth_enabled_success_2c816a.png
INFO     [📘TEST_INFO]:reporting.py:37 ▶️ STEP started: Click Invite button
INFO     [🎭 Playwright]:base_page.py:16 <InviteProjMemberPopup>: Click Invite button
WARNING  [🔧TEST CONFIG]:conftest.py:413 [HTTP 201] POST https://api.dev.apolo.us/apis/admin/v1/clusters/default/orgs/regression-org-kwnjq51i26yo/projects/regression-proj-10rl66ga8l/users
Request Body:
<not available>
Response Body (first 1000 chars):
{"user_name": "regression-3fpjto2nvb", "project_name": "regression-proj-10rl66ga8l", "cluster_name": "default", "org_name": "regression-org-kwnjq51i26yo", "role": "reader"}
WARNING  [🔧TEST CONFIG]:conftest.py:413 [HTTP 200] GET https://api.dev.apolo.us/apis/admin/v1/clusters/default/orgs/regression-org-kwnjq51i26yo/projects/regression-proj-10rl66ga8l/users?with_user_info=true
Request Body:
<not available>
Response Body (first 1000 chars):
[{"user_name": "regression-l9gfh8gkgb", "project_name": "regression-proj-10rl66ga8l", "cluster_name": "default", "org_name": "regression-org-kwnjq51i26yo", "role": "admin", "user_info": {"email": "regression-l9gfh8gkgb@apolo.us", "first_name": null, "last_name": null, "created_at": "2025-09-13T01:31:10.951611+00:00"}}, {"user_name": "regression-3fpjto2nvb", "project_name": "regression-proj-10rl66ga8l", "cluster_name": "default", "org_name": "regression-org-kwnjq51i26yo", "role": "reader", "user_info": {"email": "regression-3fpjto2nvb@apolo.us", "first_name": null, "last_name": null, "created_at": "2025-09-13T01:31:48.951661+00:00"}}]
INFO     [📘TEST_INFO]:reporting.py:51 ✅ STEP completed: Click Invite button
INFO     [📘TEST_INFO]:reporting.py:225 📸 Screenshot captured and attached (success): /home/runner/work/apolo-test-automation/apolo-test-automation/reports/screenshots/ui_click_invite_btn_success_fa73ca.png
INFO     [📘TEST_INFO]:reporting.py:37 ▶️ STEP started: Wait for Invite project member popup to disappear
INFO     [🎭 Playwright]:base_page.py:16 <InviteProjMemberPopup>: Wait for Remove organization user popup to disappear
INFO     [📘TEST_INFO]:reporting.py:51 ✅ STEP completed: Wait for Invite project member popup to disappear
INFO     [📘TEST_INFO]:reporting.py:225 📸 Screenshot captured and attached (success): /home/runner/work/apolo-test-automation/apolo-test-automation/reports/screenshots/ui_wait_to_disappear_success_8bd5de.png
INFO     [📘TEST_INFO]:reporting.py:37 ▶️ STEP started: Verify People page displayed
INFO     [🎭 Playwright]:base_page.py:16 <ProjectPeoplePage>: Check if page loaded
INFO     [📘TEST_INFO]:reporting.py:51 ✅ STEP completed: Verify People page displayed
INFO     [📘TEST_INFO]:reporting.py:225 📸 Screenshot captured and attached (success): /home/runner/work/apolo-test-automation/apolo-test-automation/reports/screenshots/verify_ui_page_displayed_success_a77ab9.png
INFO     [📘TEST_INFO]:reporting.py:37 ▶️ STEP started: Verify user displayed in users list
INFO     [🎭 Playwright]:base_page.py:16 <ProjectPeoplePage>: Check if user regression-3fpjto2nvb row displayed
INFO     [📘TEST_INFO]:reporting.py:51 ✅ STEP completed: Verify user displayed in users list
INFO     [📘TEST_INFO]:reporting.py:225 📸 Screenshot captured and attached (success): /home/runner/work/apolo-test-automation/apolo-test-automation/reports/screenshots/verify_ui_user_displayed_in_users_list_success_0a765b.png
INFO     [📘TEST_INFO]:reporting.py:37 ▶️ STEP started: Verify user role is valid
INFO     [📘TEST_INFO]:reporting.py:51 ✅ STEP completed: Verify user role is valid
INFO     [📘TEST_INFO]:reporting.py:225 📸 Screenshot captured and attached (success): /home/runner/work/apolo-test-automation/apolo-test-automation/reports/screenshots/verify_ui_user_role_success_e1936e.png
INFO     [📘TEST_INFO]:reporting.py:51 ✅ STEP completed: Invite member to project via UI
INFO     [📘TEST_INFO]:reporting.py:225 📸 Screenshot captured and attached (success): /home/runner/work/apolo-test-automation/apolo-test-automation/reports/screenshots/ui_invite_user_to_proj_success_abbc40.png
INFO     [📘TEST_INFO]:reporting.py:37 ▶️ STEP started: <<User2>> :: Reload page
WARNING  [🔧TEST CONFIG]:conftest.py:413 [HTTP 200] GET https://api.dev.apolo.us/api/v1/config
Request Body:
<not available>
Response Body (first 1000 chars):
{"authorized": true, "orgs": [{"name": "regression-org-kwnjq51i26yo", "role": "user"}], "clusters": [{"name": "default", "registry_url": "https://registry.api.dev.apolo.us", "storage_url": "https://api.dev.apolo.us/api/v1/storage", "monitoring_url": "https://monitoring.api.dev.apolo.us/api/v1/jobs", "secrets_url": "https://api.dev.apolo.us/api/v1/secrets", "metrics_url": "https://grafana.dev.apolo.us", "disks_url": "https://api.dev.apolo.us/api/v1/disk", "buckets_url": "https://api.dev.apolo.us/api/v1/buckets", "resource_pool_types": [{"name": "a2-highgpu-1g", "min_size": 0, "max_size": 10, "cpu": 12.0, "available_cpu": 11.176, "memory": 89629032448, "available_memory": 80898240256, "disk_size": 161061273600, "available_disk_size": 161061273600, "nvidia_gpu": {"count": 1, "model": "NVIDIA-A100-SXM4-40GB", "memory": 42949672960}}, {"name": "default", "min_size": 1, "max_size": 10, "cpu": 4.0, "available_cpu": 2.751, "memory": 16776048640, "available_memory": 12037189376, "disk_size": 16
WARNING  [🔧TEST CONFIG]:conftest.py:413 [HTTP 200] GET https://api.dev.apolo.us/apis/apps/v1/cluster/default/org/regression-org-kwnjq51i26yo/project/regression-proj-10rl66ga8l/instances?size=100
Request Body:
<not available>
Response Body (first 1000 chars):
{"items":[],"total":0,"page":1,"size":100,"pages":0}
WARNING  [🔧TEST CONFIG]:conftest.py:413 [HTTP 200] GET https://api.dev.apolo.us/apis/apps/v1/cluster/default/org/regression-org-kwnjq51i26yo/project/regression-proj-10rl66ga8l/templates
Request Body:
<not available>
Response Body (first 1000 chars):
[{"name":"aws-s3","title":"AWS S3","pub_date":"2025-01-01T00:00:00Z","description":"AWS S3 Storage","short_description":"","schema_version":1,"version":"HEAD","input":{"$defs":{"ApoloSecret":{"properties":{"key":{"title":"Key","type":"string"}},"required":["key"],"title":"ApoloSecret","type":"object","x-description":"Apolo Secret Configuration.","x-is-advanced-field":false,"x-meta-type":"inline","x-title":"Secret","x-type":"ApoloSecret"},"S3Params":{"properties":{"port":{"title":"Port","type":"integer"},"host":{"anyOf":[{"type":"string"},{"type":"null"}],"default":null,"title":"Host"},"bucket":{"anyOf":[{"type":"string"},{"type":"null"}],"default":null,"title":"Bucket"},"access_key":{"anyOf":[{"type":"string"},{"type":"null"}],"default":null,"title":"Access Key"},"secret_key":{"anyOf":[{"$ref":"#/$defs/ApoloSecret"},{"type":"null"}],"default":null}},"required":["port"],"title":"S3Params","type":"object"}},"properties":{"s3":{"$ref":"#/$defs/S3Params"}},"required":["s3"],"title":"AwsS3I
WARNING  [🔧TEST CONFIG]:conftest.py:413 [HTTP 200] GET https://api.dev.apolo.us/api/v1/users/regression-3fpjto2nvb/permissions?uri=blob:
Request Body:
<not available>
Response Body (first 1000 chars):
[{"uri": "blob://default/regression-org-kwnjq51i26yo/regression-proj-10rl66ga8l", "action": "read"}]
WARNING  [🔧TEST CONFIG]:conftest.py:413 [HTTP 200] GET https://api.dev.apolo.us/apis/admin/v1/orgs/regression-org-kwnjq51i26yo
Request Body:
<not available>
Response Body (first 1000 chars):
{"name": "regression-org-kwnjq51i26yo", "balance": {"credits": "500", "spent_credits": "0"}, "user_default_credits": null, "notification_intervals": {"balance_projection_seconds": [604800, 259200, 86400], "balance_amount": [0], "balance_depletion_seconds": [86400, 604800]}}
WARNING  [🔧TEST CONFIG]:conftest.py:413 [HTTP 200] GET https://api.dev.apolo.us/apis/admin/v1/users/regression-3fpjto2nvb?include=orgs
Request Body:
<not available>
Response Body (first 1000 chars):
{"name": "regression-3fpjto2nvb", "email": "regression-3fpjto2nvb@apolo.us", "first_name": null, "last_name": null, "created_at": "2025-09-13T01:31:48.951661+00:00", "terms_accepted": true, "orgs": [{"org_name": "regression-org-kwnjq51i26yo", "role": "user", "balance": {"spent_credits": "0"}}]}
WARNING  [🔧TEST CONFIG]:conftest.py:413 [HTTP 200] GET https://api.dev.apolo.us/apis/admin/v1/invites/incoming
Request Body:
<not available>
Response Body (first 1000 chars):
[]
WARNING  [🔧TEST CONFIG]:conftest.py:413 [HTTP 200] GET https://api.dev.apolo.us/apis/admin/v1/users/regression-3fpjto2nvb?include=clusters&include=system_role
Request Body:
<not available>
Response Body (first 1000 chars):
{"name": "regression-3fpjto2nvb", "email": "regression-3fpjto2nvb@apolo.us", "first_name": null, "last_name": null, "created_at": "2025-09-13T01:31:48.951661+00:00", "terms_accepted": true, "clusters": [{"cluster_name": "default", "role": "user", "org_name": "regression-org-kwnjq51i26yo", "balance": {"spent_credits": "0"}}]}
WARNING  [🔧TEST CONFIG]:conftest.py:413 [HTTP 200] GET https://api.dev.apolo.us/apis/apps/v1/cluster/default/org/regression-org-kwnjq51i26yo/project/regression-proj-10rl66ga8l/templates?limit=50&offset=0
Request Body:
<not available>
Response Body (first 1000 chars):
[{"name":"aws-s3","title":"AWS S3","pub_date":"2025-01-01T00:00:00Z","description":"AWS S3 Storage","short_description":"","schema_version":1,"version":"HEAD","input":{"$defs":{"ApoloSecret":{"properties":{"key":{"title":"Key","type":"string"}},"required":["key"],"title":"ApoloSecret","type":"object","x-description":"Apolo Secret Configuration.","x-is-advanced-field":false,"x-meta-type":"inline","x-title":"Secret","x-type":"ApoloSecret"},"S3Params":{"properties":{"port":{"title":"Port","type":"integer"},"host":{"anyOf":[{"type":"string"},{"type":"null"}],"default":null,"title":"Host"},"bucket":{"anyOf":[{"type":"string"},{"type":"null"}],"default":null,"title":"Bucket"},"access_key":{"anyOf":[{"type":"string"},{"type":"null"}],"default":null,"title":"Access Key"},"secret_key":{"anyOf":[{"$ref":"#/$defs/ApoloSecret"},{"type":"null"}],"default":null}},"required":["port"],"title":"S3Params","type":"object"}},"properties":{"s3":{"$ref":"#/$defs/S3Params"}},"required":["s3"],"title":"AwsS3I
INFO     [🎭 Playwright]:base_page.py:16 <MainPage>: Waiting for spinner
WARNING  [🔧TEST CONFIG]:conftest.py:413 [HTTP 200] GET https://api.dev.apolo.us/apis/apps/v1/cluster/default/org/regression-org-kwnjq51i26yo/project/regression-proj-10rl66ga8l/instances?size=100
Request Body:
<not available>
Response Body (first 1000 chars):
{"items":[],"total":0,"page":1,"size":100,"pages":0}
INFO     [🎭 Playwright]:base_page.py:16 <MainPage>: Timeout error for spinner
INFO     [📘TEST_INFO]:reporting.py:51 ✅ STEP completed: <<User2>> :: Reload page
INFO     [📘TEST_INFO]:reporting.py:225 📸 Screenshot captured and attached (success): /home/runner/work/apolo-test-automation/apolo-test-automation/reports/screenshots/ui_reload_page_success_e3de7e.png
INFO     [📘TEST_INFO]:reporting.py:37 ▶️ STEP started: <<User2>> :: Verify Apps page displayed
INFO     [🎭 Playwright]:base_page.py:16 <AppsPage>: Check if page loaded
INFO     [📘TEST_INFO]:reporting.py:51 ✅ STEP completed: <<User2>> :: Verify Apps page displayed
INFO     [📘TEST_INFO]:reporting.py:225 📸 Screenshot captured and attached (success): /home/runner/work/apolo-test-automation/apolo-test-automation/reports/screenshots/verify_ui_page_displayed_success_585d25.png
INFO     [📘TEST_INFO]:reporting.py:37 ▶️ STEP started: Click Edit member button
INFO     [🎭 Playwright]:base_page.py:16 <ProjectPeoplePage>: Click regression-3fpjto2nvb row edit button
INFO     [📘TEST_INFO]:reporting.py:51 ✅ STEP completed: Click Edit member button
INFO     [📘TEST_INFO]:reporting.py:225 📸 Screenshot captured and attached (success): /home/runner/work/apolo-test-automation/apolo-test-automation/reports/screenshots/ui_click_edit_member_btn_success_b1de6c.png
INFO     [📘TEST_INFO]:reporting.py:37 ▶️ STEP started: Verify that Edit project member popup displayed
INFO     [🎭 Playwright]:base_page.py:16 <EditProjMemberPopup>: Check if page loaded
INFO     [📘TEST_INFO]:reporting.py:51 ✅ STEP completed: Verify that Edit project member popup displayed
INFO     [📘TEST_INFO]:reporting.py:225 📸 Screenshot captured and attached (success): /home/runner/work/apolo-test-automation/apolo-test-automation/reports/screenshots/verify_ui_popup_displayed_success_fde1c9.png
INFO     [📘TEST_INFO]:reporting.py:37 ▶️ STEP started: Select new role for project member
INFO     [🎭 Playwright]:base_page.py:16 <EditProjMemberPopup>: Select Writer role
INFO     [📘TEST_INFO]:reporting.py:51 ✅ STEP completed: Select new role for project member
INFO     [📘TEST_INFO]:reporting.py:225 📸 Screenshot captured and attached (success): /home/runner/work/apolo-test-automation/apolo-test-automation/reports/screenshots/ui_select_new_user_role_success_f53f28.png
INFO     [📘TEST_INFO]:reporting.py:37 ▶️ STEP started: Click Save button
INFO     [🎭 Playwright]:base_page.py:16 <EditProjMemberPopup>: Click Save button
WARNING  [🔧TEST CONFIG]:conftest.py:413 [HTTP 204] PUT https://api.dev.apolo.us/apis/admin/v1/clusters/default/orgs/regression-org-kwnjq51i26yo/projects/regression-proj-10rl66ga8l/users/regression-3fpjto2nvb
Request Body:
<not available>
Response Body (first 1000 chars):

INFO     [🎭 Playwright]:base_page.py:16 <EditProjMemberPopup>: Wait for network idle
INFO     [🎭 Playwright]:base_page.py:16 <EditProjMemberPopup>: Network idle done
INFO     [📘TEST_INFO]:reporting.py:51 ✅ STEP completed: Click Save button
INFO     [📘TEST_INFO]:reporting.py:225 📸 Screenshot captured and attached (success): /home/runner/work/apolo-test-automation/apolo-test-automation/reports/screenshots/ui_click_save_button_success_550f15.png
INFO     [📘TEST_INFO]:reporting.py:37 ▶️ STEP started: Wait for Edit organization user popup to disappear
INFO     [🎭 Playwright]:base_page.py:16 <EditOrgUserPopup>: Wait for Edit organization user popup to disappear
INFO     [📘TEST_INFO]:reporting.py:51 ✅ STEP completed: Wait for Edit organization user popup to disappear
INFO     [📘TEST_INFO]:reporting.py:225 📸 Screenshot captured and attached (success): /home/runner/work/apolo-test-automation/apolo-test-automation/reports/screenshots/ui_wait_to_disappear_success_ca1b94.png
INFO     [📘TEST_INFO]:reporting.py:37 ▶️ STEP started: Verify user role is valid
ERROR    [📘TEST_INFO]:reporting.py:56 ❌ STEP failed: Verify user role is valid
INFO     [📘TEST_INFO]:reporting.py:225 📸 Screenshot captured and attached (fail): /home/runner/work/apolo-test-automation/apolo-test-automation/reports/screenshots/verify_ui_user_role_fail_57e8af.png
ERROR    [📘TEST_INFO]:reporting.py:95 ❌ TEST failed: Verify Admin can promote Reader to Writer
Exception: [AssertionError] during step: Verify user role is valid
Message: User role should be Writer!
INFO     [📘TEST_INFO]:reporting.py:98 ------------------------------------------------------------
INFO     [🌐API_helper]:api_helper.py:45 GET https://api.dev.apolo.us/apis/admin/v1/orgs
WARNING  [🔧TEST CONFIG]:conftest.py:413 [HTTP 200] GET https://api.dev.apolo.us/apis/admin/v1/clusters/default/orgs/regression-org-kwnjq51i26yo/projects/regression-proj-10rl66ga8l/users?with_user_info=true
Request Body:
<not available>
Response Body (first 1000 chars):
[{"user_name": "regression-l9gfh8gkgb", "project_name": "regression-proj-10rl66ga8l", "cluster_name": "default", "org_name": "regression-org-kwnjq51i26yo", "role": "admin", "user_info": {"email": "regression-l9gfh8gkgb@apolo.us", "first_name": null, "last_name": null, "created_at": "2025-09-13T01:31:10.951611+00:00"}}, {"user_name": "regression-3fpjto2nvb", "project_name": "regression-proj-10rl66ga8l", "cluster_name": "default", "org_name": "regression-org-kwnjq51i26yo", "role": "writer", "user_info": {"email": "regression-3fpjto2nvb@apolo.us", "first_name": null, "last_name": null, "created_at": "2025-09-13T01:31:48.951661+00:00"}}]
INFO     [🌐API_helper]:api_helper.py:137 Status: 200. Response: [{'name': 'regression-org-kwnjq51i26yo', 'balance': {'credits': '500', 'spent_credits': '0'}, 'user_default_credits': None, 'notification_intervals': {'balance_projection_seconds': [604800, 259200, 86400], 'balance_amount': [0], 'balance_depletion_seconds': [86400, 604800]}}]
INFO     [🔧TEST CONFIG]:conftest.py:284 Cleaning up 1 organisations
INFO     [🌐API_helper]:api_helper.py:144 Delete organization response: <ClientResponse(https://api.dev.apolo.us/apis/admin/v1/orgs/regression-org-kwnjq51i26yo) [200 OK]>
<CIMultiDictProxy('Access-Control-Allow-Credentials': 'true', 'Content-Length': '274', 'Content-Type': 'application/json; charset=utf-8', 'Date': 'Sat, 13 Sep 2025 01:33:02 GMT', 'Server': 'Python/3.13 aiohttp/3.12.15', 'Vary': 'Origin', 'x-service-version': 'platform-admin/0.0.0.post1.dev0+ee87add', 'Via': '1.1 google', 'Alt-Svc': 'h3=":443"; ma=2592000,h3-29=":443"; ma=2592000')>

INFO     [🔧TEST CONFIG]:conftest.py:309 Removed organisation: regression-org-kwnjq51i26yo
INFO     [🔧TEST CONFIG]:conftest.py:314 Closing all browser sessions
INFO     [🔧TEST CONFIG]:conftest.py:320 Stopped Playwright
WARNING  [🔧TEST CONFIG]:conftest.py:330 Failed to close context: BrowserContext.close: Target page, context or browser has been closed
INFO     [🔧TEST CONFIG]:conftest.py:335 Closed browser (post-stop)
INFO     [🔧TEST CONFIG]:conftest.py:320 Stopped Playwright
WARNING  [🔧TEST CONFIG]:conftest.py:330 Failed to close context: BrowserContext.close: Target page, context or browser has been closed
INFO     [🔧TEST CONFIG]:conftest.py:335 Closed browser (post-stop)
INFO     [🔧TEST CONFIG]:conftest.py:320 Stopped Playwright
WARNING  [🔧TEST CONFIG]:conftest.py:330 Failed to close context: BrowserContext.close: Target page, context or browser has been closed
INFO     [🔧TEST CONFIG]:conftest.py:335 Closed browser (post-stop)
INFO     [🔧TEST CONFIG]:conftest.py:340 Browser cleanup finished
INFO     [🔧TEST CONFIG]:conftest.py:84 Loading test configuration
INFO     [🔧TEST CONFIG]:conftest.py:371 Navigating to: https://console.dev.apolo.us/
WARNING  [🔧TEST CONFIG]:conftest.py:413 [HTTP 200] GET https://api.dev.apolo.us/api/v1/config
Request Body:
<not available>
Response Body (first 1000 chars):
{"authorized": false, "auth_url": "https://auth.dev.apolo.us/authorize", "token_url": "https://auth.dev.apolo.us/oauth/token", "logout_url": "https://auth.dev.apolo.us/v2/logout?returnTo=https://console.dev.apolo.us", "client_id": "q3I0OzzGnTDkhRmpeJ7WWgaTCucmVxTL", "audience": "https://api.dev.apolo.us", "callback_urls": ["http://127.0.0.1:54540", "http://127.0.0.1:54541", "http://127.0.0.1:54542"], "headless_callback_url": "https://api.dev.apolo.us/oauth/show-code", "success_redirect_url": "https://api.dev.apolo.us/oauth/login"}
INFO     [🔧TEST CONFIG]:conftest.py:90 Creating data manager
INFO     [🔧TEST CONFIG]:conftest.py:116 Creating users manager
INFO     [🔧TEST CONFIG]:conftest.py:102 Creating API helper
INFO     [🔧TEST CONFIG]:conftest.py:110 Creating Apolo CLI instance
INFO     [🔧TEST CONFIG]:conftest.py:198 Continue using UserData(email='regression-l9gfh8gkgb@apolo.us', username='regression-l9gfh8gkgb', password='5J4tNt!%oF4u') as main test user...
INFO     [👤UsersManager]:users_manager.py:73 Setting main user to UserData(email='regression-l9gfh8gkgb@apolo.us', username='regression-l9gfh8gkgb', password='5J4tNt!%oF4u')
INFO     [🔧TEST CONFIG]:conftest.py:228 Continue using UserData(email='regression-3fpjto2nvb@apolo.us', username='regression-3fpjto2nvb', password='u$mp^H%mAP9b') as second test user...
INFO     [👤UsersManager]:users_manager.py:82 Setting second user to UserData(email='regression-3fpjto2nvb@apolo.us', username='regression-3fpjto2nvb', password='u$mp^H%mAP9b')
INFO     [📘TEST_INFO]:reporting.py:86 ------------------------------------------------------------
INFO     [📘TEST_INFO]:reporting.py:87 📝 TEST started: Verify Admin can promote Reader to Writer
INFO     [📘TEST_INFO]:reporting.py:88 ------------------------------------------------------------
INFO     [📘TEST_INFO]:reporting.py:37 ▶️ STEP started: Login via UI
INFO     [📘TEST_INFO]:reporting.py:37 ▶️ STEP started: Click login button
INFO     [🎭 Playwright]:base_page.py:16 <AuthPage>: Click log in button
INFO     [📘TEST_INFO]:reporting.py:51 ✅ STEP completed: Click login button
INFO     [📘TEST_INFO]:reporting.py:225 📸 Screenshot captured and attached (success): /home/runner/work/apolo-test-automation/apolo-test-automation/reports/screenshots/ui_click_login_button_success_cfac58.png
INFO     [📘TEST_INFO]:reporting.py:37 ▶️ STEP started: Enter email
INFO     [🎭 Playwright]:base_page.py:16 <LoginPage>: Enter regression-l9gfh8gkgb@apolo.us email
INFO     [📘TEST_INFO]:reporting.py:51 ✅ STEP completed: Enter email
INFO     [📘TEST_INFO]:reporting.py:225 📸 Screenshot captured and attached (success): /home/runner/work/apolo-test-automation/apolo-test-automation/reports/screenshots/ui_enter_email_success_5e119f.png
INFO     [📘TEST_INFO]:reporting.py:37 ▶️ STEP started: Enter password
INFO     [🎭 Playwright]:base_page.py:16 <LoginPage>: Enter ********* password
INFO     [📘TEST_INFO]:reporting.py:51 ✅ STEP completed: Enter password
INFO     [📘TEST_INFO]:reporting.py:225 📸 Screenshot captured and attached (success): /home/runner/work/apolo-test-automation/apolo-test-automation/reports/screenshots/ui_enter_password_success_cb663d.png
INFO     [📘TEST_INFO]:reporting.py:37 ▶️ STEP started: Click Continue button
INFO     [🎭 Playwright]:base_page.py:16 <LoginPage>: Click continue button
WARNING  [🔧TEST CONFIG]:conftest.py:413 [HTTP 200] GET https://api.dev.apolo.us/api/v1/config
Request Body:
<not available>
Response Body (first 1000 chars):
{"authorized": true, "orgs": [], "clusters": [], "projects": [], "admin_url": "https://api.dev.apolo.us/apis/admin/v1", "auth_url": "https://auth.dev.apolo.us/authorize", "token_url": "https://auth.dev.apolo.us/oauth/token", "logout_url": "https://auth.dev.apolo.us/v2/logout?returnTo=https://console.dev.apolo.us", "client_id": "q3I0OzzGnTDkhRmpeJ7WWgaTCucmVxTL", "audience": "https://api.dev.apolo.us", "callback_urls": ["http://127.0.0.1:54540", "http://127.0.0.1:54541", "http://127.0.0.1:54542"], "headless_callback_url": "https://api.dev.apolo.us/oauth/show-code", "success_redirect_url": "https://api.dev.apolo.us/oauth/login"}
WARNING  [🔧TEST CONFIG]:conftest.py:413 [HTTP 200] GET https://api.dev.apolo.us/apis/admin/v1/invites/incoming
Request Body:
<not available>
Response Body (first 1000 chars):
[]
WARNING  [🔧TEST CONFIG]:conftest.py:413 [HTTP 200] GET https://api.dev.apolo.us/apis/admin/v1/users/regression-l9gfh8gkgb?include=orgs
Request Body:
<not available>
Response Body (first 1000 chars):
{"name": "regression-l9gfh8gkgb", "email": "regression-l9gfh8gkgb@apolo.us", "first_name": null, "last_name": null, "created_at": "2025-09-13T01:31:10.951611+00:00", "terms_accepted": true, "orgs": []}
INFO     [🎭 Playwright]:base_page.py:16 <LoginPage>: Waiting for spinner
INFO     [🎭 Playwright]:base_page.py:16 <LoginPage>: Waiting for spinner to disappear
WARNING  [🔧TEST CONFIG]:conftest.py:413 [HTTP 200] GET https://api.dev.apolo.us/api/v1/users/regression-l9gfh8gkgb/permissions?uri=blob:
Request Body:
<not available>
Response Body (first 1000 chars):
[]
WARNING  [🔧TEST CONFIG]:conftest.py:413 [HTTP 200] GET https://api.dev.apolo.us/apis/admin/v1/users/regression-l9gfh8gkgb?include=clusters&include=system_role
Request Body:
<not available>
Response Body (first 1000 chars):
{"name": "regression-l9gfh8gkgb", "email": "regression-l9gfh8gkgb@apolo.us", "first_name": null, "last_name": null, "created_at": "2025-09-13T01:31:10.951611+00:00", "terms_accepted": true, "clusters": []}
INFO     [📘TEST_INFO]:reporting.py:51 ✅ STEP completed: Click Continue button
INFO     [📘TEST_INFO]:reporting.py:225 📸 Screenshot captured and attached (success): /home/runner/work/apolo-test-automation/apolo-test-automation/reports/screenshots/ui_click_continue_button_success_30c996.png
INFO     [📘TEST_INFO]:reporting.py:37 ▶️ STEP started: Verify that Welcome new user page displayed
INFO     [🎭 Playwright]:base_page.py:16 <WelcomeNewUserPage>: Check if page loaded
INFO     [📘TEST_INFO]:reporting.py:51 ✅ STEP completed: Verify that Welcome new user page displayed
INFO     [📘TEST_INFO]:reporting.py:225 📸 Screenshot captured and attached (success): /home/runner/work/apolo-test-automation/apolo-test-automation/reports/screenshots/verify_ui_page_displayed_success_92ac12.png
INFO     [📘TEST_INFO]:reporting.py:51 ✅ STEP completed: Login via UI
INFO     [📘TEST_INFO]:reporting.py:225 📸 Screenshot captured and attached (success): /home/runner/work/apolo-test-automation/apolo-test-automation/reports/screenshots/ui_login_success_17ea76.png
INFO     [🔧TEST CONFIG]:conftest.py:371 Navigating to: https://console.dev.apolo.us/
WARNING  [🔧TEST CONFIG]:conftest.py:413 [HTTP 200] GET https://api.dev.apolo.us/api/v1/config
Request Body:
<not available>
Response Body (first 1000 chars):
{"authorized": false, "auth_url": "https://auth.dev.apolo.us/authorize", "token_url": "https://auth.dev.apolo.us/oauth/token", "logout_url": "https://auth.dev.apolo.us/v2/logout?returnTo=https://console.dev.apolo.us", "client_id": "q3I0OzzGnTDkhRmpeJ7WWgaTCucmVxTL", "audience": "https://api.dev.apolo.us", "callback_urls": ["http://127.0.0.1:54540", "http://127.0.0.1:54541", "http://127.0.0.1:54542"], "headless_callback_url": "https://api.dev.apolo.us/oauth/show-code", "success_redirect_url": "https://api.dev.apolo.us/oauth/login"}
INFO     [📘TEST_INFO]:reporting.py:37 ▶️ STEP started: <<User2>> :: Get second user
INFO     [📘TEST_INFO]:reporting.py:51 ✅ STEP completed: <<User2>> :: Get second user
INFO     [📘TEST_INFO]:reporting.py:225 📸 Screenshot captured and attached (success): /home/runner/work/apolo-test-automation/apolo-test-automation/reports/screenshots/ui_get_second_user_success_238011.png
INFO     [📘TEST_INFO]:reporting.py:37 ▶️ STEP started: <<User2>> :: Login via UI
INFO     [📘TEST_INFO]:reporting.py:37 ▶️ STEP started: <<User2>> :: Click login button
INFO     [🎭 Playwright]:base_page.py:16 <AuthPage>: Click log in button
INFO     [📘TEST_INFO]:reporting.py:51 ✅ STEP completed: <<User2>> :: Click login button
INFO     [📘TEST_INFO]:reporting.py:225 📸 Screenshot captured and attached (success): /home/runner/work/apolo-test-automation/apolo-test-automation/reports/screenshots/ui_click_login_button_success_92f88a.png
INFO     [📘TEST_INFO]:reporting.py:37 ▶️ STEP started: <<User2>> :: Enter email
INFO     [🎭 Playwright]:base_page.py:16 <LoginPage>: Enter regression-3fpjto2nvb@apolo.us email
INFO     [📘TEST_INFO]:reporting.py:51 ✅ STEP completed: <<User2>> :: Enter email
INFO     [📘TEST_INFO]:reporting.py:225 📸 Screenshot captured and attached (success): /home/runner/work/apolo-test-automation/apolo-test-automation/reports/screenshots/ui_enter_email_success_c2673a.png
INFO     [📘TEST_INFO]:reporting.py:37 ▶️ STEP started: <<User2>> :: Enter password
INFO     [🎭 Playwright]:base_page.py:16 <LoginPage>: Enter ********* password
INFO     [📘TEST_INFO]:reporting.py:51 ✅ STEP completed: <<User2>> :: Enter password
INFO     [📘TEST_INFO]:reporting.py:225 📸 Screenshot captured and attached (success): /home/runner/work/apolo-test-automation/apolo-test-automation/reports/screenshots/ui_enter_password_success_4a7b38.png
INFO     [📘TEST_INFO]:reporting.py:37 ▶️ STEP started: <<User2>> :: Click Continue button
INFO     [🎭 Playwright]:base_page.py:16 <LoginPage>: Click continue button
WARNING  [🔧TEST CONFIG]:conftest.py:413 [HTTP 200] GET https://api.dev.apolo.us/api/v1/config
Request Body:
<not available>
Response Body (first 1000 chars):
{"authorized": true, "orgs": [], "clusters": [], "projects": [], "admin_url": "https://api.dev.apolo.us/apis/admin/v1", "auth_url": "https://auth.dev.apolo.us/authorize", "token_url": "https://auth.dev.apolo.us/oauth/token", "logout_url": "https://auth.dev.apolo.us/v2/logout?returnTo=https://console.dev.apolo.us", "client_id": "q3I0OzzGnTDkhRmpeJ7WWgaTCucmVxTL", "audience": "https://api.dev.apolo.us", "callback_urls": ["http://127.0.0.1:54540", "http://127.0.0.1:54541", "http://127.0.0.1:54542"], "headless_callback_url": "https://api.dev.apolo.us/oauth/show-code", "success_redirect_url": "https://api.dev.apolo.us/oauth/login"}
WARNING  [🔧TEST CONFIG]:conftest.py:413 [HTTP 200] GET https://api.dev.apolo.us/api/v1/users/regression-3fpjto2nvb/permissions?uri=blob:
Request Body:
<not available>
Response Body (first 1000 chars):
[]
WARNING  [🔧TEST CONFIG]:conftest.py:413 [HTTP 200] GET https://api.dev.apolo.us/apis/admin/v1/invites/incoming
Request Body:
<not available>
Response Body (first 1000 chars):
[]
WARNING  [🔧TEST CONFIG]:conftest.py:413 [HTTP 200] GET https://api.dev.apolo.us/apis/admin/v1/users/regression-3fpjto2nvb?include=orgs
Request Body:
<not available>
Response Body (first 1000 chars):
{"name": "regression-3fpjto2nvb", "email": "regression-3fpjto2nvb@apolo.us", "first_name": null, "last_name": null, "created_at": "2025-09-13T01:31:48.951661+00:00", "terms_accepted": true, "orgs": []}
WARNING  [🔧TEST CONFIG]:conftest.py:413 [HTTP 200] GET https://api.dev.apolo.us/apis/admin/v1/users/regression-3fpjto2nvb?include=clusters&include=system_role
Request Body:
<not available>
Response Body (first 1000 chars):
{"name": "regression-3fpjto2nvb", "email": "regression-3fpjto2nvb@apolo.us", "first_name": null, "last_name": null, "created_at": "2025-09-13T01:31:48.951661+00:00", "terms_accepted": true, "clusters": []}
INFO     [🎭 Playwright]:base_page.py:16 <LoginPage>: Waiting for spinner
INFO     [🎭 Playwright]:base_page.py:16 <LoginPage>: Timeout error for spinner
INFO     [📘TEST_INFO]:reporting.py:51 ✅ STEP completed: <<User2>> :: Click Continue button
INFO     [📘TEST_INFO]:reporting.py:225 📸 Screenshot captured and attached (success): /home/runner/work/apolo-test-automation/apolo-test-automation/reports/screenshots/ui_click_continue_button_success_1d4899.png
INFO     [📘TEST_INFO]:reporting.py:37 ▶️ STEP started: <<User2>> :: Verify that Welcome new user page displayed
INFO     [🎭 Playwright]:base_page.py:16 <WelcomeNewUserPage>: Check if page loaded
INFO     [📘TEST_INFO]:reporting.py:51 ✅ STEP completed: <<User2>> :: Verify that Welcome new user page displayed
INFO     [📘TEST_INFO]:reporting.py:225 📸 Screenshot captured and attached (success): /home/runner/work/apolo-test-automation/apolo-test-automation/reports/screenshots/verify_ui_page_displayed_success_207f75.png
INFO     [📘TEST_INFO]:reporting.py:51 ✅ STEP completed: <<User2>> :: Login via UI
INFO     [📘TEST_INFO]:reporting.py:225 📸 Screenshot captured and attached (success): /home/runner/work/apolo-test-automation/apolo-test-automation/reports/screenshots/ui_login_success_60fcb5.png
INFO     [📘TEST_INFO]:reporting.py:37 ▶️ STEP started: Add organization via API and reload page
INFO     [🔧DATA MANAGER]:test_data.py:48 Added organization: org_name=regression-org-jjeumktz01un, gherkin_name=Default-organization
INFO     [🌐API_helper]:api_helper.py:60 POST https://api.dev.apolo.us/apis/admin/v1/orgs?skip_auto_add_to_clusters=false with data: {'name': 'regression-org-jjeumktz01un'}
INFO     [🌐API_helper]:api_helper.py:162 Add org regression-org-jjeumktz01un response: <ClientResponse(https://api.dev.apolo.us/apis/admin/v1/orgs?skip_auto_add_to_clusters=false) [201 Created]>
<CIMultiDictProxy('Access-Control-Allow-Credentials': 'true', 'Content-Length': '274', 'Content-Type': 'application/json; charset=utf-8', 'Date': 'Sat, 13 Sep 2025 01:33:42 GMT', 'Server': 'Python/3.13 aiohttp/3.12.15', 'Vary': 'Origin', 'x-service-version': 'platform-admin/0.0.0.post1.dev0+ee87add', 'Via': '1.1 google', 'Alt-Svc': 'h3=":443"; ma=2592000,h3-29=":443"; ma=2592000')>

INFO     [📘TEST_INFO]:reporting.py:37 ▶️ STEP started: Reload page
WARNING  [🔧TEST CONFIG]:conftest.py:413 [HTTP 200] GET https://api.dev.apolo.us/api/v1/config
Request Body:
<not available>
Response Body (first 1000 chars):
{"authorized": true, "orgs": [{"name": "regression-org-jjeumktz01un", "role": "admin"}], "clusters": [{"name": "default", "registry_url": "https://registry.api.dev.apolo.us", "storage_url": "https://api.dev.apolo.us/api/v1/storage", "monitoring_url": "https://monitoring.api.dev.apolo.us/api/v1/jobs", "secrets_url": "https://api.dev.apolo.us/api/v1/secrets", "metrics_url": "https://grafana.dev.apolo.us", "disks_url": "https://api.dev.apolo.us/api/v1/disk", "buckets_url": "https://api.dev.apolo.us/api/v1/buckets", "resource_pool_types": [{"name": "a2-highgpu-1g", "min_size": 0, "max_size": 10, "cpu": 12.0, "available_cpu": 11.176, "memory": 89629032448, "available_memory": 80898240256, "disk_size": 161061273600, "available_disk_size": 161061273600, "nvidia_gpu": {"count": 1, "model": "NVIDIA-A100-SXM4-40GB", "memory": 42949672960}}, {"name": "default", "min_size": 1, "max_size": 10, "cpu": 4.0, "available_cpu": 2.751, "memory": 16776048640, "available_memory": 12037189376, "disk_size": 1
WARNING  [🔧TEST CONFIG]:conftest.py:413 [HTTP 200] GET https://api.dev.apolo.us/api/v1/users/regression-l9gfh8gkgb/permissions?uri=blob:
Request Body:
<not available>
Response Body (first 1000 chars):
[{"uri": "blob://default/regression-org-jjeumktz01un", "action": "manage"}]
WARNING  [🔧TEST CONFIG]:conftest.py:413 [HTTP 200] GET https://api.dev.apolo.us/apis/admin/v1/users/regression-l9gfh8gkgb?include=orgs
Request Body:
<not available>
Response Body (first 1000 chars):
{"name": "regression-l9gfh8gkgb", "email": "regression-l9gfh8gkgb@apolo.us", "first_name": null, "last_name": null, "created_at": "2025-09-13T01:31:10.951611+00:00", "terms_accepted": true, "orgs": [{"org_name": "regression-org-jjeumktz01un", "role": "admin", "balance": {"spent_credits": "0"}}]}
WARNING  [🔧TEST CONFIG]:conftest.py:413 [HTTP 200] GET https://api.dev.apolo.us/apis/admin/v1/users/regression-l9gfh8gkgb?include=clusters&include=system_role
Request Body:
<not available>
Response Body (first 1000 chars):
{"name": "regression-l9gfh8gkgb", "email": "regression-l9gfh8gkgb@apolo.us", "first_name": null, "last_name": null, "created_at": "2025-09-13T01:31:10.951611+00:00", "terms_accepted": true, "clusters": [{"cluster_name": "default", "role": "admin", "org_name": "regression-org-jjeumktz01un", "balance": {"spent_credits": "0"}}]}
WARNING  [🔧TEST CONFIG]:conftest.py:413 [HTTP 200] GET https://api.dev.apolo.us/apis/admin/v1/orgs/regression-org-jjeumktz01un
Request Body:
<not available>
Response Body (first 1000 chars):
{"name": "regression-org-jjeumktz01un", "balance": {"credits": "500", "spent_credits": "0"}, "user_default_credits": null, "notification_intervals": {"balance_projection_seconds": [604800, 259200, 86400], "balance_amount": [0], "balance_depletion_seconds": [86400, 604800]}}
WARNING  [🔧TEST CONFIG]:conftest.py:413 [HTTP 200] GET https://api.dev.apolo.us/apis/admin/v1/invites/incoming
Request Body:
<not available>
Response Body (first 1000 chars):
[]
INFO     [🎭 Playwright]:base_page.py:16 <MainPage>: Waiting for spinner
INFO     [🎭 Playwright]:base_page.py:16 <MainPage>: Timeout error for spinner
INFO     [📘TEST_INFO]:reporting.py:51 ✅ STEP completed: Reload page
INFO     [📘TEST_INFO]:reporting.py:225 📸 Screenshot captured and attached (success): /home/runner/work/apolo-test-automation/apolo-test-automation/reports/screenshots/ui_reload_page_success_8eee51.png
INFO     [📘TEST_INFO]:reporting.py:51 ✅ STEP completed: Add organization via API and reload page
INFO     [📘TEST_INFO]:reporting.py:225 📸 Screenshot captured and attached (success): /home/runner/work/apolo-test-automation/apolo-test-automation/reports/screenshots/ui_add_org_api_success_3065b2.png
INFO     [📘TEST_INFO]:reporting.py:37 ▶️ STEP started: <<User2>> :: Click the let's do it button on Welcome page
INFO     [🎭 Playwright]:base_page.py:16 <WelcomeNewUserPage>: Click lets do it button
INFO     [📘TEST_INFO]:reporting.py:51 ✅ STEP completed: <<User2>> :: Click the let's do it button on Welcome page
INFO     [📘TEST_INFO]:reporting.py:225 📸 Screenshot captured and attached (success): /home/runner/work/apolo-test-automation/apolo-test-automation/reports/screenshots/ui_click_lets_do_it_button_success_b2710c.png
INFO     [📘TEST_INFO]:reporting.py:37 ▶️ STEP started: Add user to organization via API and reload page
INFO     [🌐API_helper]:api_helper.py:60 POST https://api.dev.apolo.us/apis/admin/v1/orgs/regression-org-jjeumktz01un/users?with_user_info=false with data: {'user_name': 'regression-3fpjto2nvb', 'role': 'user'}
INFO     [🌐API_helper]:api_helper.py:154 Add user regression-3fpjto2nvb to org response: <ClientResponse(https://api.dev.apolo.us/apis/admin/v1/orgs/regression-org-jjeumktz01un/users?with_user_info=false) [201 Created]>
<CIMultiDictProxy('Access-Control-Allow-Credentials': 'true', 'Content-Length': '89', 'Content-Type': 'application/json; charset=utf-8', 'Date': 'Sat, 13 Sep 2025 01:33:51 GMT', 'Server': 'Python/3.13 aiohttp/3.12.15', 'Vary': 'Origin', 'x-service-version': 'platform-admin/0.0.0.post1.dev0+ee87add', 'Via': '1.1 google', 'Alt-Svc': 'h3=":443"; ma=2592000,h3-29=":443"; ma=2592000')>

INFO     [📘TEST_INFO]:reporting.py:37 ▶️ STEP started: Reload page
WARNING  [🔧TEST CONFIG]:conftest.py:413 [HTTP 200] GET https://api.dev.apolo.us/api/v1/config
Request Body:
<not available>
Response Body (first 1000 chars):
{"authorized": true, "orgs": [{"name": "regression-org-jjeumktz01un", "role": "admin"}], "clusters": [{"name": "default", "registry_url": "https://registry.api.dev.apolo.us", "storage_url": "https://api.dev.apolo.us/api/v1/storage", "monitoring_url": "https://monitoring.api.dev.apolo.us/api/v1/jobs", "secrets_url": "https://api.dev.apolo.us/api/v1/secrets", "metrics_url": "https://grafana.dev.apolo.us", "disks_url": "https://api.dev.apolo.us/api/v1/disk", "buckets_url": "https://api.dev.apolo.us/api/v1/buckets", "resource_pool_types": [{"name": "a2-highgpu-1g", "min_size": 0, "max_size": 10, "cpu": 12.0, "available_cpu": 11.176, "memory": 89629032448, "available_memory": 80898240256, "disk_size": 161061273600, "available_disk_size": 161061273600, "nvidia_gpu": {"count": 1, "model": "NVIDIA-A100-SXM4-40GB", "memory": 42949672960}}, {"name": "default", "min_size": 1, "max_size": 10, "cpu": 4.0, "available_cpu": 2.751, "memory": 16776048640, "available_memory": 12037189376, "disk_size": 1
WARNING  [🔧TEST CONFIG]:conftest.py:413 [HTTP 200] GET https://api.dev.apolo.us/api/v1/users/regression-l9gfh8gkgb/permissions?uri=blob:
Request Body:
<not available>
Response Body (first 1000 chars):
[{"uri": "blob://default/regression-org-jjeumktz01un", "action": "manage"}]
WARNING  [🔧TEST CONFIG]:conftest.py:413 [HTTP 200] GET https://api.dev.apolo.us/apis/admin/v1/invites/incoming
Request Body:
<not available>
Response Body (first 1000 chars):
[]
WARNING  [🔧TEST CONFIG]:conftest.py:413 [HTTP 200] GET https://api.dev.apolo.us/apis/admin/v1/orgs/regression-org-jjeumktz01un
Request Body:
<not available>
Response Body (first 1000 chars):
{"name": "regression-org-jjeumktz01un", "balance": {"credits": "500", "spent_credits": "0"}, "user_default_credits": null, "notification_intervals": {"balance_projection_seconds": [604800, 259200, 86400], "balance_amount": [0], "balance_depletion_seconds": [86400, 604800]}}
WARNING  [🔧TEST CONFIG]:conftest.py:413 [HTTP 200] GET https://api.dev.apolo.us/apis/admin/v1/users/regression-l9gfh8gkgb?include=orgs
Request Body:
<not available>
Response Body (first 1000 chars):
{"name": "regression-l9gfh8gkgb", "email": "regression-l9gfh8gkgb@apolo.us", "first_name": null, "last_name": null, "created_at": "2025-09-13T01:31:10.951611+00:00", "terms_accepted": true, "orgs": [{"org_name": "regression-org-jjeumktz01un", "role": "admin", "balance": {"spent_credits": "0"}}]}
WARNING  [🔧TEST CONFIG]:conftest.py:413 [HTTP 200] GET https://api.dev.apolo.us/apis/admin/v1/users/regression-l9gfh8gkgb?include=clusters&include=system_role
Request Body:
<not available>
Response Body (first 1000 chars):
{"name": "regression-l9gfh8gkgb", "email": "regression-l9gfh8gkgb@apolo.us", "first_name": null, "last_name": null, "created_at": "2025-09-13T01:31:10.951611+00:00", "terms_accepted": true, "clusters": [{"cluster_name": "default", "role": "admin", "org_name": "regression-org-jjeumktz01un", "balance": {"spent_credits": "0"}}]}
INFO     [🎭 Playwright]:base_page.py:16 <MainPage>: Waiting for spinner
INFO     [🎭 Playwright]:base_page.py:16 <MainPage>: Timeout error for spinner
INFO     [📘TEST_INFO]:reporting.py:51 ✅ STEP completed: Reload page
INFO     [📘TEST_INFO]:reporting.py:225 📸 Screenshot captured and attached (success): /home/runner/work/apolo-test-automation/apolo-test-automation/reports/screenshots/ui_reload_page_success_f814b2.png
INFO     [📘TEST_INFO]:reporting.py:37 ▶️ STEP started: Click User Organization settings button
INFO     [🎭 Playwright]:base_page.py:16 <MainPage>: Click organization settings button
INFO     [📘TEST_INFO]:reporting.py:51 ✅ STEP completed: Click User Organization settings button
INFO     [📘TEST_INFO]:reporting.py:225 📸 Screenshot captured and attached (success): /home/runner/work/apolo-test-automation/apolo-test-automation/reports/screenshots/ui_click_organization_settings_button_success_69a55a.png
INFO     [📘TEST_INFO]:reporting.py:37 ▶️ STEP started: Verify that Organization settings pop up displayed
INFO     [🎭 Playwright]:base_page.py:16 <OrganizationSettingsPopup>: Check if page loaded
INFO     [📘TEST_INFO]:reporting.py:51 ✅ STEP completed: Verify that Organization settings pop up displayed
INFO     [📘TEST_INFO]:reporting.py:225 📸 Screenshot captured and attached (success): /home/runner/work/apolo-test-automation/apolo-test-automation/reports/screenshots/verify_ui_popup_displayed_success_c2a31e.png
INFO     [📘TEST_INFO]:reporting.py:37 ▶️ STEP started: Click People button
INFO     [🎭 Playwright]:base_page.py:16 <OrganizationSettingsPopup>: Click People button
INFO     [🎭 Playwright]:base_page.py:16 <OrganizationSettingsPopup>: Waiting for spinner
INFO     [🎭 Playwright]:base_page.py:16 <OrganizationSettingsPopup>: Waiting for spinner to disappear
WARNING  [🔧TEST CONFIG]:conftest.py:413 [HTTP 200] GET https://api.dev.apolo.us/apis/admin/v1/orgs/regression-org-jjeumktz01un/users/regression-l9gfh8gkgb
Request Body:
<not available>
Response Body (first 1000 chars):
{"user_name": "regression-l9gfh8gkgb", "role": "admin", "balance": {"spent_credits": "0"}}
WARNING  [🔧TEST CONFIG]:conftest.py:413 [HTTP 200] GET https://api.dev.apolo.us/apis/admin/v1/orgs/regression-org-jjeumktz01un/users?with_user_info=true
Request Body:
<not available>
Response Body (first 1000 chars):
[{"user_name": "regression-3fpjto2nvb", "role": "user", "balance": {"spent_credits": "0"}, "user_info": {"email": "regression-3fpjto2nvb@apolo.us", "first_name": null, "last_name": null, "created_at": "2025-09-13T01:31:48.951661+00:00"}}, {"user_name": "regression-l9gfh8gkgb", "role": "admin", "balance": {"spent_credits": "0"}, "user_info": {"email": "regression-l9gfh8gkgb@apolo.us", "first_name": null, "last_name": null, "created_at": "2025-09-13T01:31:10.951611+00:00"}}]
INFO     [📘TEST_INFO]:reporting.py:51 ✅ STEP completed: Click People button
WARNING  [🔧TEST CONFIG]:conftest.py:413 [HTTP 200] GET https://api.dev.apolo.us/apis/admin/v1/invites
Request Body:
<not available>
Response Body (first 1000 chars):
[]
INFO     [📘TEST_INFO]:reporting.py:225 📸 Screenshot captured and attached (success): /home/runner/work/apolo-test-automation/apolo-test-automation/reports/screenshots/ui_click_people_button_success_f27e7a.png
INFO     [📘TEST_INFO]:reporting.py:37 ▶️ STEP started: Verify that Organization people page displayed
INFO     [🎭 Playwright]:base_page.py:16 <OrganizationPeoplePage>: Check if page loaded
INFO     [📘TEST_INFO]:reporting.py:51 ✅ STEP completed: Verify that Organization people page displayed
INFO     [📘TEST_INFO]:reporting.py:225 📸 Screenshot captured and attached (success): /home/runner/work/apolo-test-automation/apolo-test-automation/reports/screenshots/verify_ui_page_displayed_success_c439dc.png
INFO     [📘TEST_INFO]:reporting.py:51 ✅ STEP completed: Add user to organization via API and reload page
INFO     [📘TEST_INFO]:reporting.py:225 📸 Screenshot captured and attached (success): /home/runner/work/apolo-test-automation/apolo-test-automation/reports/screenshots/ui_add_user_to_org_api_success_cbdc5c.png
INFO     [📘TEST_INFO]:reporting.py:37 ▶️ STEP started: <<User2>> :: Reload page
WARNING  [🔧TEST CONFIG]:conftest.py:413 [HTTP 200] GET https://api.dev.apolo.us/api/v1/config
Request Body:
<not available>
Response Body (first 1000 chars):
{"authorized": true, "orgs": [{"name": "regression-org-jjeumktz01un", "role": "user"}], "clusters": [{"name": "default", "registry_url": "https://registry.api.dev.apolo.us", "storage_url": "https://api.dev.apolo.us/api/v1/storage", "monitoring_url": "https://monitoring.api.dev.apolo.us/api/v1/jobs", "secrets_url": "https://api.dev.apolo.us/api/v1/secrets", "metrics_url": "https://grafana.dev.apolo.us", "disks_url": "https://api.dev.apolo.us/api/v1/disk", "buckets_url": "https://api.dev.apolo.us/api/v1/buckets", "resource_pool_types": [{"name": "a2-highgpu-1g", "min_size": 0, "max_size": 10, "cpu": 12.0, "available_cpu": 11.176, "memory": 89629032448, "available_memory": 80898240256, "disk_size": 161061273600, "available_disk_size": 161061273600, "nvidia_gpu": {"count": 1, "model": "NVIDIA-A100-SXM4-40GB", "memory": 42949672960}}, {"name": "default", "min_size": 1, "max_size": 10, "cpu": 4.0, "available_cpu": 2.751, "memory": 16776048640, "available_memory": 12037189376, "disk_size": 16
WARNING  [🔧TEST CONFIG]:conftest.py:413 [HTTP 200] GET https://api.dev.apolo.us/api/v1/users/regression-3fpjto2nvb/permissions?uri=blob:
Request Body:
<not available>
Response Body (first 1000 chars):
[]
WARNING  [🔧TEST CONFIG]:conftest.py:413 [HTTP 200] GET https://api.dev.apolo.us/apis/admin/v1/orgs/regression-org-jjeumktz01un
Request Body:
<not available>
Response Body (first 1000 chars):
{"name": "regression-org-jjeumktz01un", "balance": {"credits": "500", "spent_credits": "0"}, "user_default_credits": null, "notification_intervals": {"balance_projection_seconds": [604800, 259200, 86400], "balance_amount": [0], "balance_depletion_seconds": [86400, 604800]}}
WARNING  [🔧TEST CONFIG]:conftest.py:413 [HTTP 200] GET https://api.dev.apolo.us/apis/admin/v1/invites/incoming
Request Body:
<not available>
Response Body (first 1000 chars):
[]
WARNING  [🔧TEST CONFIG]:conftest.py:413 [HTTP 200] GET https://api.dev.apolo.us/apis/admin/v1/users/regression-3fpjto2nvb?include=clusters&include=system_role
Request Body:
<not available>
Response Body (first 1000 chars):
{"name": "regression-3fpjto2nvb", "email": "regression-3fpjto2nvb@apolo.us", "first_name": null, "last_name": null, "created_at": "2025-09-13T01:31:48.951661+00:00", "terms_accepted": true, "clusters": [{"cluster_name": "default", "role": "user", "org_name": "regression-org-jjeumktz01un", "balance": {"spent_credits": "0"}}]}
WARNING  [🔧TEST CONFIG]:conftest.py:413 [HTTP 200] GET https://api.dev.apolo.us/apis/admin/v1/users/regression-3fpjto2nvb?include=orgs
Request Body:
<not available>
Response Body (first 1000 chars):
{"name": "regression-3fpjto2nvb", "email": "regression-3fpjto2nvb@apolo.us", "first_name": null, "last_name": null, "created_at": "2025-09-13T01:31:48.951661+00:00", "terms_accepted": true, "orgs": [{"org_name": "regression-org-jjeumktz01un", "role": "user", "balance": {"spent_credits": "0"}}]}
INFO     [🎭 Playwright]:base_page.py:16 <MainPage>: Waiting for spinner
INFO     [🎭 Playwright]:base_page.py:16 <MainPage>: Timeout error for spinner
INFO     [📘TEST_INFO]:reporting.py:51 ✅ STEP completed: <<User2>> :: Reload page
INFO     [📘TEST_INFO]:reporting.py:225 📸 Screenshot captured and attached (success): /home/runner/work/apolo-test-automation/apolo-test-automation/reports/screenshots/ui_reload_page_success_e64ca2.png
INFO     [📘TEST_INFO]:reporting.py:37 ▶️ STEP started: <<User2>> :: Verify project creation message is displayed
INFO     [🎭 Playwright]:base_page.py:16 <MainPage>: Check if create project text field displayed
INFO     [📘TEST_INFO]:reporting.py:51 ✅ STEP completed: <<User2>> :: Verify project creation message is displayed
INFO     [📘TEST_INFO]:reporting.py:225 📸 Screenshot captured and attached (success): /home/runner/work/apolo-test-automation/apolo-test-automation/reports/screenshots/verify_ui_create_project_message_displayed_success_fa663f.png
INFO     [📘TEST_INFO]:reporting.py:37 ▶️ STEP started: Create first project from the top pane on main page
INFO     [📘TEST_INFO]:reporting.py:37 ▶️ STEP started: Click Project button on the top pane of the main page
INFO     [🎭 Playwright]:base_page.py:16 <MainPage>: Click create project button on the top pane
INFO     [📘TEST_INFO]:reporting.py:51 ✅ STEP completed: Click Project button on the top pane of the main page
INFO     [📘TEST_INFO]:reporting.py:225 📸 Screenshot captured and attached (success): /home/runner/work/apolo-test-automation/apolo-test-automation/reports/screenshots/ui_click_proj_button_top_pane_success_ba263a.png
INFO     [📘TEST_INFO]:reporting.py:37 ▶️ STEP started: Verify No project popup displayed
INFO     [🎭 Playwright]:base_page.py:16 <NoProjectPopup>: Check if page loaded
INFO     [📘TEST_INFO]:reporting.py:51 ✅ STEP completed: Verify No project popup displayed
INFO     [📘TEST_INFO]:reporting.py:225 📸 Screenshot captured and attached (success): /home/runner/work/apolo-test-automation/apolo-test-automation/reports/screenshots/verify_ui_popup_displayed_success_0c7252.png
INFO     [📘TEST_INFO]:reporting.py:37 ▶️ STEP started: Click Create new project button
INFO     [🎭 Playwright]:base_page.py:16 <NoProjectPopup>: Click create project button
INFO     [📘TEST_INFO]:reporting.py:51 ✅ STEP completed: Click Create new project button
INFO     [📘TEST_INFO]:reporting.py:225 📸 Screenshot captured and attached (success): /home/runner/work/apolo-test-automation/apolo-test-automation/reports/screenshots/ui_click_create_new_proj_button_success_b56876.png
INFO     [📘TEST_INFO]:reporting.py:37 ▶️ STEP started: Verify Create project popup displayed
INFO     [🎭 Playwright]:base_page.py:16 <CreateProjectPopup>: Check if page loaded
INFO     [📘TEST_INFO]:reporting.py:51 ✅ STEP completed: Verify Create project popup displayed
INFO     [📘TEST_INFO]:reporting.py:225 📸 Screenshot captured and attached (success): /home/runner/work/apolo-test-automation/apolo-test-automation/reports/screenshots/verify_ui_popup_displayed_success_b8585d.png
INFO     [📘TEST_INFO]:reporting.py:37 ▶️ STEP started: Enter project name
INFO     [🎭 Playwright]:base_page.py:16 <CreateProjectPopup>: Enter new project name regression-proj-z8iz2b196n
INFO     [📘TEST_INFO]:reporting.py:51 ✅ STEP completed: Enter project name
INFO     [📘TEST_INFO]:reporting.py:225 📸 Screenshot captured and attached (success): /home/runner/work/apolo-test-automation/apolo-test-automation/reports/screenshots/ui_enter_proj_name_success_3eb282.png
INFO     [📘TEST_INFO]:reporting.py:37 ▶️ STEP started: Select user role
INFO     [🎭 Playwright]:base_page.py:16 <CreateProjectPopup>: Select default role Reader
INFO     [📘TEST_INFO]:reporting.py:51 ✅ STEP completed: Select user role
INFO     [📘TEST_INFO]:reporting.py:225 📸 Screenshot captured and attached (success): /home/runner/work/apolo-test-automation/apolo-test-automation/reports/screenshots/ui_select_role_success_4629d6.png
INFO     [📘TEST_INFO]:reporting.py:37 ▶️ STEP started: Click Create button
INFO     [🎭 Playwright]:base_page.py:16 <CreateProjectPopup>: Click create button
WARNING  [🔧TEST CONFIG]:conftest.py:413 [HTTP 404] GET https://api.dev.apolo.us/apis/admin/v1/clusters/default/orgs/regression-org-jjeumktz01un/projects/regression-proj-z8iz2b196n
Request Body:
<not available>
Response Body (first 1000 chars):
{"error": "Project 'regression-proj-z8iz2b196n' not found in cluster 'default' in org 'regression-org-jjeumktz01un'"}
INFO     [📘TEST_INFO]:reporting.py:51 ✅ STEP completed: Click Create button
INFO     [📘TEST_INFO]:reporting.py:225 📸 Screenshot captured and attached (success): /home/runner/work/apolo-test-automation/apolo-test-automation/reports/screenshots/ui_click_create_button_success_fc89ea.png
INFO     [📘TEST_INFO]:reporting.py:37 ▶️ STEP started: Wait for Create project popup disappear
INFO     [🎭 Playwright]:base_page.py:16 <CreateProjectPopup>: Wait for Create project popup to disappear
WARNING  [🔧TEST CONFIG]:conftest.py:413 [HTTP 201] POST https://api.dev.apolo.us/apis/admin/v1/clusters/default/orgs/regression-org-jjeumktz01un/projects
Request Body:
<not available>
Response Body (first 1000 chars):
{"name": "regression-proj-z8iz2b196n", "cluster_name": "default", "org_name": "regression-org-jjeumktz01un", "is_default": false, "default_role": "reader"}
WARNING  [🔧TEST CONFIG]:conftest.py:413 [HTTP 200] GET https://api.dev.apolo.us/api/v1/config
Request Body:
<not available>
Response Body (first 1000 chars):
{"authorized": true, "orgs": [{"name": "regression-org-jjeumktz01un", "role": "admin"}], "clusters": [{"name": "default", "registry_url": "https://registry.api.dev.apolo.us", "storage_url": "https://api.dev.apolo.us/api/v1/storage", "monitoring_url": "https://monitoring.api.dev.apolo.us/api/v1/jobs", "secrets_url": "https://api.dev.apolo.us/api/v1/secrets", "metrics_url": "https://grafana.dev.apolo.us", "disks_url": "https://api.dev.apolo.us/api/v1/disk", "buckets_url": "https://api.dev.apolo.us/api/v1/buckets", "resource_pool_types": [{"name": "a2-highgpu-1g", "min_size": 0, "max_size": 10, "cpu": 12.0, "available_cpu": 11.176, "memory": 89629032448, "available_memory": 80898240256, "disk_size": 161061273600, "available_disk_size": 161061273600, "nvidia_gpu": {"count": 1, "model": "NVIDIA-A100-SXM4-40GB", "memory": 42949672960}}, {"name": "default", "min_size": 1, "max_size": 10, "cpu": 4.0, "available_cpu": 2.751, "memory": 16776048640, "available_memory": 12037189376, "disk_size": 1
WARNING  [🔧TEST CONFIG]:conftest.py:413 [HTTP 200] GET https://api.dev.apolo.us/apis/apps/v1/cluster/default/org/regression-org-jjeumktz01un/project/regression-proj-z8iz2b196n/instances?size=100
Request Body:
<not available>
Response Body (first 1000 chars):
{"items":[],"total":0,"page":1,"size":100,"pages":0}
WARNING  [🔧TEST CONFIG]:conftest.py:413 [HTTP 200] GET https://api.dev.apolo.us/apis/apps/v1/cluster/default/org/regression-org-jjeumktz01un/project/regression-proj-z8iz2b196n/templates
Request Body:
<not available>
Response Body (first 1000 chars):
[{"name":"aws-s3","title":"AWS S3","pub_date":"2025-01-01T00:00:00Z","description":"AWS S3 Storage","short_description":"","schema_version":1,"version":"HEAD","input":{"$defs":{"ApoloSecret":{"properties":{"key":{"title":"Key","type":"string"}},"required":["key"],"title":"ApoloSecret","type":"object","x-description":"Apolo Secret Configuration.","x-is-advanced-field":false,"x-meta-type":"inline","x-title":"Secret","x-type":"ApoloSecret"},"S3Params":{"properties":{"port":{"title":"Port","type":"integer"},"host":{"anyOf":[{"type":"string"},{"type":"null"}],"default":null,"title":"Host"},"bucket":{"anyOf":[{"type":"string"},{"type":"null"}],"default":null,"title":"Bucket"},"access_key":{"anyOf":[{"type":"string"},{"type":"null"}],"default":null,"title":"Access Key"},"secret_key":{"anyOf":[{"$ref":"#/$defs/ApoloSecret"},{"type":"null"}],"default":null}},"required":["port"],"title":"S3Params","type":"object"}},"properties":{"s3":{"$ref":"#/$defs/S3Params"}},"required":["s3"],"title":"AwsS3I
INFO     [📘TEST_INFO]:reporting.py:51 ✅ STEP completed: Wait for Create project popup disappear
INFO     [📘TEST_INFO]:reporting.py:225 📸 Screenshot captured and attached (success): /home/runner/work/apolo-test-automation/apolo-test-automation/reports/screenshots/ui_wait_to_disappear_success_48b094.png
INFO     [📘TEST_INFO]:reporting.py:37 ▶️ STEP started: Verify Main page is displayed
INFO     [🎭 Playwright]:base_page.py:16 <MainPage>: Check if page loaded
INFO     [🎭 Playwright]:base_page.py:16 <MainPage>: Waiting for spinner
INFO     [🎭 Playwright]:base_page.py:16 <MainPage>: Timeout error for spinner
INFO     [📘TEST_INFO]:reporting.py:51 ✅ STEP completed: Verify Main page is displayed
INFO     [📘TEST_INFO]:reporting.py:225 📸 Screenshot captured and attached (success): /home/runner/work/apolo-test-automation/apolo-test-automation/reports/screenshots/verify_ui_page_displayed_success_153b43.png
INFO     [📘TEST_INFO]:reporting.py:51 ✅ STEP completed: Create first project from the top pane on main page
INFO     [📘TEST_INFO]:reporting.py:225 📸 Screenshot captured and attached (success): /home/runner/work/apolo-test-automation/apolo-test-automation/reports/screenshots/ui_create_first_proj_from_top_pane_success_2b9af5.png
INFO     [📘TEST_INFO]:reporting.py:37 ▶️ STEP started: Invite member to project via UI
INFO     [📘TEST_INFO]:reporting.py:37 ▶️ STEP started: Click Project button on the top pane of the main page
INFO     [🎭 Playwright]:base_page.py:16 <MainPage>: Click create project button on the top pane
INFO     [📘TEST_INFO]:reporting.py:51 ✅ STEP completed: Click Project button on the top pane of the main page
INFO     [📘TEST_INFO]:reporting.py:225 📸 Screenshot captured and attached (success): /home/runner/work/apolo-test-automation/apolo-test-automation/reports/screenshots/ui_click_proj_button_top_pane_success_2c667d.png
INFO     [📘TEST_INFO]:reporting.py:37 ▶️ STEP started: Click People button on the Projects info popup
INFO     [🎭 Playwright]:base_page.py:16 <ProjectsInfoPopup>: Click People button
INFO     [📘TEST_INFO]:reporting.py:51 ✅ STEP completed: Click People button on the Projects info popup
WARNING  [🔧TEST CONFIG]:conftest.py:413 [HTTP 200] GET https://api.dev.apolo.us/apis/admin/v1/clusters/default/orgs/regression-org-jjeumktz01un/projects/regression-proj-z8iz2b196n
Request Body:
<not available>
Response Body (first 1000 chars):
{"name": "regression-proj-z8iz2b196n", "cluster_name": "default", "org_name": "regression-org-jjeumktz01un", "is_default": false, "default_role": "reader"}
INFO     [📘TEST_INFO]:reporting.py:225 📸 Screenshot captured and attached (success): /home/runner/work/apolo-test-automation/apolo-test-automation/reports/screenshots/ui_click_people_btn_success_2db49b.png
INFO     [📘TEST_INFO]:reporting.py:37 ▶️ STEP started: Verify People page displayed
INFO     [🎭 Playwright]:base_page.py:16 <ProjectPeoplePage>: Check if page loaded
INFO     [📘TEST_INFO]:reporting.py:51 ✅ STEP completed: Verify People page displayed
INFO     [📘TEST_INFO]:reporting.py:225 📸 Screenshot captured and attached (success): /home/runner/work/apolo-test-automation/apolo-test-automation/reports/screenshots/verify_ui_page_displayed_success_9bee7b.png
INFO     [📘TEST_INFO]:reporting.py:37 ▶️ STEP started: Click Invite people button
INFO     [🎭 Playwright]:base_page.py:16 <ProjectPeoplePage>: Click Invite People button
WARNING  [🔧TEST CONFIG]:conftest.py:413 [HTTP 200] GET https://api.dev.apolo.us/apis/admin/v1/clusters/default/orgs/regression-org-jjeumktz01un/projects/regression-proj-z8iz2b196n/users?with_user_info=true
Request Body:
<not available>
Response Body (first 1000 chars):
[{"user_name": "regression-l9gfh8gkgb", "project_name": "regression-proj-z8iz2b196n", "cluster_name": "default", "org_name": "regression-org-jjeumktz01un", "role": "admin", "user_info": {"email": "regression-l9gfh8gkgb@apolo.us", "first_name": null, "last_name": null, "created_at": "2025-09-13T01:31:10.951611+00:00"}}]
INFO     [📘TEST_INFO]:reporting.py:51 ✅ STEP completed: Click Invite people button
INFO     [📘TEST_INFO]:reporting.py:225 📸 Screenshot captured and attached (success): /home/runner/work/apolo-test-automation/apolo-test-automation/reports/screenshots/ui_click_invite_people_proj_people_btn_success_b482c6.png
INFO     [📘TEST_INFO]:reporting.py:37 ▶️ STEP started: Verify Invite project member popup displayed
INFO     [🎭 Playwright]:base_page.py:16 <InviteProjMemberPopup>: Check if page loaded
INFO     [📘TEST_INFO]:reporting.py:51 ✅ STEP completed: Verify Invite project member popup displayed
INFO     [📘TEST_INFO]:reporting.py:225 📸 Screenshot captured and attached (success): /home/runner/work/apolo-test-automation/apolo-test-automation/reports/screenshots/verify_ui_popup_displayed_success_6bc8ac.png
INFO     [📘TEST_INFO]:reporting.py:37 ▶️ STEP started: Enter user email/username
INFO     [🎭 Playwright]:base_page.py:16 <InviteProjMemberPopup>: Enter regression-3fpjto2nvb@apolo.us
INFO     [📘TEST_INFO]:reporting.py:51 ✅ STEP completed: Enter user email/username
INFO     [📘TEST_INFO]:reporting.py:225 📸 Screenshot captured and attached (success): /home/runner/work/apolo-test-automation/apolo-test-automation/reports/screenshots/ui_enter_user_data_success_889ccc.png
INFO     [📘TEST_INFO]:reporting.py:37 ▶️ STEP started: Select user role
INFO     [🎭 Playwright]:base_page.py:16 <InviteProjMemberPopup>: Select user role Reader
INFO     [📘TEST_INFO]:reporting.py:51 ✅ STEP completed: Select user role
WARNING  [🔧TEST CONFIG]:conftest.py:413 [HTTP 200] GET https://api.dev.apolo.us/apis/admin/v1/clusters/default/orgs/regression-org-jjeumktz01un/users?with_user_info=true
Request Body:
<not available>
Response Body (first 1000 chars):
[{"user_name": "regression-3fpjto2nvb", "role": "user", "org_name": "regression-org-jjeumktz01un", "balance": {"spent_credits": "0"}, "user_info": {"email": "regression-3fpjto2nvb@apolo.us", "first_name": null, "last_name": null, "created_at": "2025-09-13T01:31:48.951661+00:00"}}, {"user_name": "regression-l9gfh8gkgb", "role": "admin", "org_name": "regression-org-jjeumktz01un", "balance": {"spent_credits": "0"}, "user_info": {"email": "regression-l9gfh8gkgb@apolo.us", "first_name": null, "last_name": null, "created_at": "2025-09-13T01:31:10.951611+00:00"}}]
INFO     [📘TEST_INFO]:reporting.py:225 📸 Screenshot captured and attached (success): /home/runner/work/apolo-test-automation/apolo-test-automation/reports/screenshots/ui_select_user_role_success_3497a4.png
INFO     [📘TEST_INFO]:reporting.py:37 ▶️ STEP started: Verify Invite user button displayed
INFO     [🎭 Playwright]:base_page.py:16 <InviteProjMemberPopup>: Check if invite user regression-3fpjto2nvb@apolo.us button displayed
INFO     [📘TEST_INFO]:reporting.py:51 ✅ STEP completed: Verify Invite user button displayed
INFO     [📘TEST_INFO]:reporting.py:225 📸 Screenshot captured and attached (success): /home/runner/work/apolo-test-automation/apolo-test-automation/reports/screenshots/verify_ui_invite_user_btn_displayed_success_07d9da.png
INFO     [📘TEST_INFO]:reporting.py:37 ▶️ STEP started: Verify Invite button disabled
INFO     [📘TEST_INFO]:reporting.py:51 ✅ STEP completed: Verify Invite button disabled
INFO     [📘TEST_INFO]:reporting.py:225 📸 Screenshot captured and attached (success): /home/runner/work/apolo-test-automation/apolo-test-automation/reports/screenshots/verify_ui_invite_bth_disabled_success_451e28.png
INFO     [📘TEST_INFO]:reporting.py:37 ▶️ STEP started: Click invite user button
INFO     [🎭 Playwright]:base_page.py:16 <InviteProjMemberPopup>: Click invite user regression-3fpjto2nvb@apolo.us button
INFO     [📘TEST_INFO]:reporting.py:51 ✅ STEP completed: Click invite user button
INFO     [📘TEST_INFO]:reporting.py:225 📸 Screenshot captured and attached (success): /home/runner/work/apolo-test-automation/apolo-test-automation/reports/screenshots/ui_click_invite_user_btn_success_110a6c.png
INFO     [📘TEST_INFO]:reporting.py:37 ▶️ STEP started: Verify Invite button enabled
INFO     [📘TEST_INFO]:reporting.py:51 ✅ STEP completed: Verify Invite button enabled
INFO     [📘TEST_INFO]:reporting.py:225 📸 Screenshot captured and attached (success): /home/runner/work/apolo-test-automation/apolo-test-automation/reports/screenshots/verify_ui_invite_bth_enabled_success_a04696.png
INFO     [📘TEST_INFO]:reporting.py:37 ▶️ STEP started: Click Invite button
INFO     [🎭 Playwright]:base_page.py:16 <InviteProjMemberPopup>: Click Invite button
WARNING  [🔧TEST CONFIG]:conftest.py:413 [HTTP 201] POST https://api.dev.apolo.us/apis/admin/v1/clusters/default/orgs/regression-org-jjeumktz01un/projects/regression-proj-z8iz2b196n/users
Request Body:
<not available>
Response Body (first 1000 chars):
{"user_name": "regression-3fpjto2nvb", "project_name": "regression-proj-z8iz2b196n", "cluster_name": "default", "org_name": "regression-org-jjeumktz01un", "role": "reader"}
WARNING  [🔧TEST CONFIG]:conftest.py:413 [HTTP 200] GET https://api.dev.apolo.us/apis/admin/v1/clusters/default/orgs/regression-org-jjeumktz01un/projects/regression-proj-z8iz2b196n/users?with_user_info=true
Request Body:
<not available>
Response Body (first 1000 chars):
[{"user_name": "regression-l9gfh8gkgb", "project_name": "regression-proj-z8iz2b196n", "cluster_name": "default", "org_name": "regression-org-jjeumktz01un", "role": "admin", "user_info": {"email": "regression-l9gfh8gkgb@apolo.us", "first_name": null, "last_name": null, "created_at": "2025-09-13T01:31:10.951611+00:00"}}, {"user_name": "regression-3fpjto2nvb", "project_name": "regression-proj-z8iz2b196n", "cluster_name": "default", "org_name": "regression-org-jjeumktz01un", "role": "reader", "user_info": {"email": "regression-3fpjto2nvb@apolo.us", "first_name": null, "last_name": null, "created_at": "2025-09-13T01:31:48.951661+00:00"}}]
INFO     [📘TEST_INFO]:reporting.py:51 ✅ STEP completed: Click Invite button
INFO     [📘TEST_INFO]:reporting.py:225 📸 Screenshot captured and attached (success): /home/runner/work/apolo-test-automation/apolo-test-automation/reports/screenshots/ui_click_invite_btn_success_3fa7bc.png
INFO     [📘TEST_INFO]:reporting.py:37 ▶️ STEP started: Wait for Invite project member popup to disappear
INFO     [🎭 Playwright]:base_page.py:16 <InviteProjMemberPopup>: Wait for Remove organization user popup to disappear
INFO     [📘TEST_INFO]:reporting.py:51 ✅ STEP completed: Wait for Invite project member popup to disappear
INFO     [📘TEST_INFO]:reporting.py:225 📸 Screenshot captured and attached (success): /home/runner/work/apolo-test-automation/apolo-test-automation/reports/screenshots/ui_wait_to_disappear_success_a160f1.png
INFO     [📘TEST_INFO]:reporting.py:37 ▶️ STEP started: Verify People page displayed
INFO     [🎭 Playwright]:base_page.py:16 <ProjectPeoplePage>: Check if page loaded
INFO     [📘TEST_INFO]:reporting.py:51 ✅ STEP completed: Verify People page displayed
INFO     [📘TEST_INFO]:reporting.py:225 📸 Screenshot captured and attached (success): /home/runner/work/apolo-test-automation/apolo-test-automation/reports/screenshots/verify_ui_page_displayed_success_ed1cf0.png
INFO     [📘TEST_INFO]:reporting.py:37 ▶️ STEP started: Verify user displayed in users list
INFO     [🎭 Playwright]:base_page.py:16 <ProjectPeoplePage>: Check if user regression-3fpjto2nvb row displayed
INFO     [📘TEST_INFO]:reporting.py:51 ✅ STEP completed: Verify user displayed in users list
INFO     [📘TEST_INFO]:reporting.py:225 📸 Screenshot captured and attached (success): /home/runner/work/apolo-test-automation/apolo-test-automation/reports/screenshots/verify_ui_user_displayed_in_users_list_success_a178a4.png
INFO     [📘TEST_INFO]:reporting.py:37 ▶️ STEP started: Verify user role is valid
INFO     [📘TEST_INFO]:reporting.py:51 ✅ STEP completed: Verify user role is valid
INFO     [📘TEST_INFO]:reporting.py:225 📸 Screenshot captured and attached (success): /home/runner/work/apolo-test-automation/apolo-test-automation/reports/screenshots/verify_ui_user_role_success_cdd6f3.png
INFO     [📘TEST_INFO]:reporting.py:51 ✅ STEP completed: Invite member to project via UI
INFO     [📘TEST_INFO]:reporting.py:225 📸 Screenshot captured and attached (success): /home/runner/work/apolo-test-automation/apolo-test-automation/reports/screenshots/ui_invite_user_to_proj_success_7ceb82.png
INFO     [📘TEST_INFO]:reporting.py:37 ▶️ STEP started: <<User2>> :: Reload page
WARNING  [🔧TEST CONFIG]:conftest.py:413 [HTTP 200] GET https://api.dev.apolo.us/api/v1/config
Request Body:
<not available>
Response Body (first 1000 chars):
{"authorized": true, "orgs": [{"name": "regression-org-jjeumktz01un", "role": "user"}], "clusters": [{"name": "default", "registry_url": "https://registry.api.dev.apolo.us", "storage_url": "https://api.dev.apolo.us/api/v1/storage", "monitoring_url": "https://monitoring.api.dev.apolo.us/api/v1/jobs", "secrets_url": "https://api.dev.apolo.us/api/v1/secrets", "metrics_url": "https://grafana.dev.apolo.us", "disks_url": "https://api.dev.apolo.us/api/v1/disk", "buckets_url": "https://api.dev.apolo.us/api/v1/buckets", "resource_pool_types": [{"name": "a2-highgpu-1g", "min_size": 0, "max_size": 10, "cpu": 12.0, "available_cpu": 11.176, "memory": 89629032448, "available_memory": 80898240256, "disk_size": 161061273600, "available_disk_size": 161061273600, "nvidia_gpu": {"count": 1, "model": "NVIDIA-A100-SXM4-40GB", "memory": 42949672960}}, {"name": "default", "min_size": 1, "max_size": 10, "cpu": 4.0, "available_cpu": 2.751, "memory": 16776048640, "available_memory": 12037189376, "disk_size": 16
WARNING  [🔧TEST CONFIG]:conftest.py:413 [HTTP 200] GET https://api.dev.apolo.us/apis/admin/v1/invites/incoming
Request Body:
<not available>
Response Body (first 1000 chars):
[]
WARNING  [🔧TEST CONFIG]:conftest.py:413 [HTTP 200] GET https://api.dev.apolo.us/api/v1/users/regression-3fpjto2nvb/permissions?uri=blob:
Request Body:
<not available>
Response Body (first 1000 chars):
[{"uri": "blob://default/regression-org-jjeumktz01un/regression-proj-z8iz2b196n", "action": "read"}]
WARNING  [🔧TEST CONFIG]:conftest.py:413 [HTTP 200] GET https://api.dev.apolo.us/apis/admin/v1/orgs/regression-org-jjeumktz01un
Request Body:
<not available>
Response Body (first 1000 chars):
{"name": "regression-org-jjeumktz01un", "balance": {"credits": "500", "spent_credits": "0"}, "user_default_credits": null, "notification_intervals": {"balance_projection_seconds": [604800, 259200, 86400], "balance_amount": [0], "balance_depletion_seconds": [86400, 604800]}}
WARNING  [🔧TEST CONFIG]:conftest.py:413 [HTTP 200] GET https://api.dev.apolo.us/apis/admin/v1/users/regression-3fpjto2nvb?include=orgs
Request Body:
<not available>
Response Body (first 1000 chars):
{"name": "regression-3fpjto2nvb", "email": "regression-3fpjto2nvb@apolo.us", "first_name": null, "last_name": null, "created_at": "2025-09-13T01:31:48.951661+00:00", "terms_accepted": true, "orgs": [{"org_name": "regression-org-jjeumktz01un", "role": "user", "balance": {"spent_credits": "0"}}]}
WARNING  [🔧TEST CONFIG]:conftest.py:413 [HTTP 200] GET https://api.dev.apolo.us/apis/apps/v1/cluster/default/org/regression-org-jjeumktz01un/project/regression-proj-z8iz2b196n/templates
Request Body:
<not available>
Response Body (first 1000 chars):
[{"name":"aws-s3","title":"AWS S3","pub_date":"2025-01-01T00:00:00Z","description":"AWS S3 Storage","short_description":"","schema_version":1,"version":"HEAD","input":{"$defs":{"ApoloSecret":{"properties":{"key":{"title":"Key","type":"string"}},"required":["key"],"title":"ApoloSecret","type":"object","x-description":"Apolo Secret Configuration.","x-is-advanced-field":false,"x-meta-type":"inline","x-title":"Secret","x-type":"ApoloSecret"},"S3Params":{"properties":{"port":{"title":"Port","type":"integer"},"host":{"anyOf":[{"type":"string"},{"type":"null"}],"default":null,"title":"Host"},"bucket":{"anyOf":[{"type":"string"},{"type":"null"}],"default":null,"title":"Bucket"},"access_key":{"anyOf":[{"type":"string"},{"type":"null"}],"default":null,"title":"Access Key"},"secret_key":{"anyOf":[{"$ref":"#/$defs/ApoloSecret"},{"type":"null"}],"default":null}},"required":["port"],"title":"S3Params","type":"object"}},"properties":{"s3":{"$ref":"#/$defs/S3Params"}},"required":["s3"],"title":"AwsS3I
WARNING  [🔧TEST CONFIG]:conftest.py:413 [HTTP 200] GET https://api.dev.apolo.us/apis/admin/v1/users/regression-3fpjto2nvb?include=clusters&include=system_role
Request Body:
<not available>
Response Body (first 1000 chars):
{"name": "regression-3fpjto2nvb", "email": "regression-3fpjto2nvb@apolo.us", "first_name": null, "last_name": null, "created_at": "2025-09-13T01:31:48.951661+00:00", "terms_accepted": true, "clusters": [{"cluster_name": "default", "role": "user", "org_name": "regression-org-jjeumktz01un", "balance": {"spent_credits": "0"}}]}
WARNING  [🔧TEST CONFIG]:conftest.py:413 [HTTP 200] GET https://api.dev.apolo.us/apis/apps/v1/cluster/default/org/regression-org-jjeumktz01un/project/regression-proj-z8iz2b196n/templates?limit=50&offset=0
Request Body:
<not available>
Response Body (first 1000 chars):
[{"name":"aws-s3","title":"AWS S3","pub_date":"2025-01-01T00:00:00Z","description":"AWS S3 Storage","short_description":"","schema_version":1,"version":"HEAD","input":{"$defs":{"ApoloSecret":{"properties":{"key":{"title":"Key","type":"string"}},"required":["key"],"title":"ApoloSecret","type":"object","x-description":"Apolo Secret Configuration.","x-is-advanced-field":false,"x-meta-type":"inline","x-title":"Secret","x-type":"ApoloSecret"},"S3Params":{"properties":{"port":{"title":"Port","type":"integer"},"host":{"anyOf":[{"type":"string"},{"type":"null"}],"default":null,"title":"Host"},"bucket":{"anyOf":[{"type":"string"},{"type":"null"}],"default":null,"title":"Bucket"},"access_key":{"anyOf":[{"type":"string"},{"type":"null"}],"default":null,"title":"Access Key"},"secret_key":{"anyOf":[{"$ref":"#/$defs/ApoloSecret"},{"type":"null"}],"default":null}},"required":["port"],"title":"S3Params","type":"object"}},"properties":{"s3":{"$ref":"#/$defs/S3Params"}},"required":["s3"],"title":"AwsS3I
WARNING  [🔧TEST CONFIG]:conftest.py:413 [HTTP 200] GET https://api.dev.apolo.us/apis/apps/v1/cluster/default/org/regression-org-jjeumktz01un/project/regression-proj-z8iz2b196n/instances?size=100
Request Body:
<not available>
Response Body (first 1000 chars):
{"items":[],"total":0,"page":1,"size":100,"pages":0}
INFO     [🎭 Playwright]:base_page.py:16 <MainPage>: Waiting for spinner
WARNING  [🔧TEST CONFIG]:conftest.py:413 [HTTP 200] GET https://api.dev.apolo.us/apis/apps/v1/cluster/default/org/regression-org-jjeumktz01un/project/regression-proj-z8iz2b196n/instances?size=100
Request Body:
<not available>
Response Body (first 1000 chars):
{"items":[],"total":0,"page":1,"size":100,"pages":0}
INFO     [🎭 Playwright]:base_page.py:16 <MainPage>: Timeout error for spinner
INFO     [📘TEST_INFO]:reporting.py:51 ✅ STEP completed: <<User2>> :: Reload page
INFO     [📘TEST_INFO]:reporting.py:225 📸 Screenshot captured and attached (success): /home/runner/work/apolo-test-automation/apolo-test-automation/reports/screenshots/ui_reload_page_success_302e3e.png
INFO     [📘TEST_INFO]:reporting.py:37 ▶️ STEP started: <<User2>> :: Verify Apps page displayed
INFO     [🎭 Playwright]:base_page.py:16 <AppsPage>: Check if page loaded
INFO     [📘TEST_INFO]:reporting.py:51 ✅ STEP completed: <<User2>> :: Verify Apps page displayed
INFO     [📘TEST_INFO]:reporting.py:225 📸 Screenshot captured and attached (success): /home/runner/work/apolo-test-automation/apolo-test-automation/reports/screenshots/verify_ui_page_displayed_success_a4d296.png
INFO     [📘TEST_INFO]:reporting.py:37 ▶️ STEP started: Click Edit member button
INFO     [🎭 Playwright]:base_page.py:16 <ProjectPeoplePage>: Click regression-3fpjto2nvb row edit button
INFO     [📘TEST_INFO]:reporting.py:51 ✅ STEP completed: Click Edit member button
INFO     [📘TEST_INFO]:reporting.py:225 📸 Screenshot captured and attached (success): /home/runner/work/apolo-test-automation/apolo-test-automation/reports/screenshots/ui_click_edit_member_btn_success_82579d.png
INFO     [📘TEST_INFO]:reporting.py:37 ▶️ STEP started: Verify that Edit project member popup displayed
INFO     [🎭 Playwright]:base_page.py:16 <EditProjMemberPopup>: Check if page loaded
INFO     [📘TEST_INFO]:reporting.py:51 ✅ STEP completed: Verify that Edit project member popup displayed
INFO     [📘TEST_INFO]:reporting.py:225 📸 Screenshot captured and attached (success): /home/runner/work/apolo-test-automation/apolo-test-automation/reports/screenshots/verify_ui_popup_displayed_success_fb4f4f.png
INFO     [📘TEST_INFO]:reporting.py:37 ▶️ STEP started: Select new role for project member
INFO     [🎭 Playwright]:base_page.py:16 <EditProjMemberPopup>: Select Writer role
INFO     [📘TEST_INFO]:reporting.py:51 ✅ STEP completed: Select new role for project member
INFO     [📘TEST_INFO]:reporting.py:225 📸 Screenshot captured and attached (success): /home/runner/work/apolo-test-automation/apolo-test-automation/reports/screenshots/ui_select_new_user_role_success_a566f0.png
INFO     [📘TEST_INFO]:reporting.py:37 ▶️ STEP started: Click Save button
INFO     [🎭 Playwright]:base_page.py:16 <EditProjMemberPopup>: Click Save button
WARNING  [🔧TEST CONFIG]:conftest.py:413 [HTTP 204] PUT https://api.dev.apolo.us/apis/admin/v1/clusters/default/orgs/regression-org-jjeumktz01un/projects/regression-proj-z8iz2b196n/users/regression-3fpjto2nvb
Request Body:
<not available>
Response Body (first 1000 chars):

WARNING  [🔧TEST CONFIG]:conftest.py:413 [HTTP 200] GET https://api.dev.apolo.us/apis/admin/v1/clusters/default/orgs/regression-org-jjeumktz01un/projects/regression-proj-z8iz2b196n/users?with_user_info=true
Request Body:
<not available>
Response Body (first 1000 chars):
[{"user_name": "regression-l9gfh8gkgb", "project_name": "regression-proj-z8iz2b196n", "cluster_name": "default", "org_name": "regression-org-jjeumktz01un", "role": "admin", "user_info": {"email": "regression-l9gfh8gkgb@apolo.us", "first_name": null, "last_name": null, "created_at": "2025-09-13T01:31:10.951611+00:00"}}, {"user_name": "regression-3fpjto2nvb", "project_name": "regression-proj-z8iz2b196n", "cluster_name": "default", "org_name": "regression-org-jjeumktz01un", "role": "writer", "user_info": {"email": "regression-3fpjto2nvb@apolo.us", "first_name": null, "last_name": null, "created_at": "2025-09-13T01:31:48.951661+00:00"}}]
INFO     [🎭 Playwright]:base_page.py:16 <EditProjMemberPopup>: Wait for network idle
INFO     [🎭 Playwright]:base_page.py:16 <EditProjMemberPopup>: Network idle done
INFO     [📘TEST_INFO]:reporting.py:51 ✅ STEP completed: Click Save button
INFO     [📘TEST_INFO]:reporting.py:225 📸 Screenshot captured and attached (success): /home/runner/work/apolo-test-automation/apolo-test-automation/reports/screenshots/ui_click_save_button_success_8aa5b6.png
INFO     [📘TEST_INFO]:reporting.py:37 ▶️ STEP started: Wait for Edit organization user popup to disappear
INFO     [🎭 Playwright]:base_page.py:16 <EditOrgUserPopup>: Wait for Edit organization user popup to disappear
INFO     [📘TEST_INFO]:reporting.py:51 ✅ STEP completed: Wait for Edit organization user popup to disappear
INFO     [📘TEST_INFO]:reporting.py:225 📸 Screenshot captured and attached (success): /home/runner/work/apolo-test-automation/apolo-test-automation/reports/screenshots/ui_wait_to_disappear_success_9d2c45.png
INFO     [📘TEST_INFO]:reporting.py:37 ▶️ STEP started: Verify user role is valid
INFO     [📘TEST_INFO]:reporting.py:51 ✅ STEP completed: Verify user role is valid
INFO     [📘TEST_INFO]:reporting.py:225 📸 Screenshot captured and attached (success): /home/runner/work/apolo-test-automation/apolo-test-automation/reports/screenshots/verify_ui_user_role_success_0f4df9.png
INFO     [📘TEST_INFO]:reporting.py:37 ▶️ STEP started: <<User2>> :: Reload page
WARNING  [🔧TEST CONFIG]:conftest.py:413 [HTTP 200] GET https://api.dev.apolo.us/api/v1/config
Request Body:
<not available>
Response Body (first 1000 chars):
{"authorized": true, "orgs": [{"name": "regression-org-jjeumktz01un", "role": "user"}], "clusters": [{"name": "default", "registry_url": "https://registry.api.dev.apolo.us", "storage_url": "https://api.dev.apolo.us/api/v1/storage", "monitoring_url": "https://monitoring.api.dev.apolo.us/api/v1/jobs", "secrets_url": "https://api.dev.apolo.us/api/v1/secrets", "metrics_url": "https://grafana.dev.apolo.us", "disks_url": "https://api.dev.apolo.us/api/v1/disk", "buckets_url": "https://api.dev.apolo.us/api/v1/buckets", "resource_pool_types": [{"name": "a2-highgpu-1g", "min_size": 0, "max_size": 10, "cpu": 12.0, "available_cpu": 11.176, "memory": 89629032448, "available_memory": 80898240256, "disk_size": 161061273600, "available_disk_size": 161061273600, "nvidia_gpu": {"count": 1, "model": "NVIDIA-A100-SXM4-40GB", "memory": 42949672960}}, {"name": "default", "min_size": 1, "max_size": 10, "cpu": 4.0, "available_cpu": 2.751, "memory": 16776048640, "available_memory": 12037189376, "disk_size": 16
WARNING  [🔧TEST CONFIG]:conftest.py:413 [HTTP 200] GET https://api.dev.apolo.us/api/v1/users/regression-3fpjto2nvb/permissions?uri=blob:
Request Body:
<not available>
Response Body (first 1000 chars):
[{"uri": "blob://default/regression-org-jjeumktz01un/regression-proj-z8iz2b196n", "action": "manage"}]
WARNING  [🔧TEST CONFIG]:conftest.py:413 [HTTP 200] GET https://api.dev.apolo.us/apis/admin/v1/invites/incoming
Request Body:
<not available>
Response Body (first 1000 chars):
[]
WARNING  [🔧TEST CONFIG]:conftest.py:413 [HTTP 200] GET https://api.dev.apolo.us/apis/admin/v1/orgs/regression-org-jjeumktz01un
Request Body:
<not available>
Response Body (first 1000 chars):
{"name": "regression-org-jjeumktz01un", "balance": {"credits": "500", "spent_credits": "0"}, "user_default_credits": null, "notification_intervals": {"balance_projection_seconds": [604800, 259200, 86400], "balance_amount": [0], "balance_depletion_seconds": [86400, 604800]}}
WARNING  [🔧TEST CONFIG]:conftest.py:413 [HTTP 200] GET https://api.dev.apolo.us/apis/admin/v1/users/regression-3fpjto2nvb?include=orgs
Request Body:
<not available>
Response Body (first 1000 chars):
{"name": "regression-3fpjto2nvb", "email": "regression-3fpjto2nvb@apolo.us", "first_name": null, "last_name": null, "created_at": "2025-09-13T01:31:48.951661+00:00", "terms_accepted": true, "orgs": [{"org_name": "regression-org-jjeumktz01un", "role": "user", "balance": {"spent_credits": "0"}}]}
WARNING  [🔧TEST CONFIG]:conftest.py:413 [HTTP 200] GET https://api.dev.apolo.us/apis/apps/v1/cluster/default/org/regression-org-jjeumktz01un/project/regression-proj-z8iz2b196n/instances?size=100
Request Body:
<not available>
Response Body (first 1000 chars):
{"items":[],"total":0,"page":1,"size":100,"pages":0}
WARNING  [🔧TEST CONFIG]:conftest.py:413 [HTTP 200] GET https://api.dev.apolo.us/apis/apps/v1/cluster/default/org/regression-org-jjeumktz01un/project/regression-proj-z8iz2b196n/templates
Request Body:
<not available>
Response Body (first 1000 chars):
[{"name":"aws-s3","title":"AWS S3","pub_date":"2025-01-01T00:00:00Z","description":"AWS S3 Storage","short_description":"","schema_version":1,"version":"HEAD","input":{"$defs":{"ApoloSecret":{"properties":{"key":{"title":"Key","type":"string"}},"required":["key"],"title":"ApoloSecret","type":"object","x-description":"Apolo Secret Configuration.","x-is-advanced-field":false,"x-meta-type":"inline","x-title":"Secret","x-type":"ApoloSecret"},"S3Params":{"properties":{"port":{"title":"Port","type":"integer"},"host":{"anyOf":[{"type":"string"},{"type":"null"}],"default":null,"title":"Host"},"bucket":{"anyOf":[{"type":"string"},{"type":"null"}],"default":null,"title":"Bucket"},"access_key":{"anyOf":[{"type":"string"},{"type":"null"}],"default":null,"title":"Access Key"},"secret_key":{"anyOf":[{"$ref":"#/$defs/ApoloSecret"},{"type":"null"}],"default":null}},"required":["port"],"title":"S3Params","type":"object"}},"properties":{"s3":{"$ref":"#/$defs/S3Params"}},"required":["s3"],"title":"AwsS3I
WARNING  [🔧TEST CONFIG]:conftest.py:413 [HTTP 200] GET https://api.dev.apolo.us/apis/admin/v1/users/regression-3fpjto2nvb?include=clusters&include=system_role
Request Body:
<not available>
Response Body (first 1000 chars):
{"name": "regression-3fpjto2nvb", "email": "regression-3fpjto2nvb@apolo.us", "first_name": null, "last_name": null, "created_at": "2025-09-13T01:31:48.951661+00:00", "terms_accepted": true, "clusters": [{"cluster_name": "default", "role": "user", "org_name": "regression-org-jjeumktz01un", "balance": {"spent_credits": "0"}}]}
WARNING  [🔧TEST CONFIG]:conftest.py:413 [HTTP 200] GET https://api.dev.apolo.us/apis/apps/v1/cluster/default/org/regression-org-jjeumktz01un/project/regression-proj-z8iz2b196n/templates?limit=50&offset=0
Request Body:
<not available>
Response Body (first 1000 chars):
[{"name":"aws-s3","title":"AWS S3","pub_date":"2025-01-01T00:00:00Z","description":"AWS S3 Storage","short_description":"","schema_version":1,"version":"HEAD","input":{"$defs":{"ApoloSecret":{"properties":{"key":{"title":"Key","type":"string"}},"required":["key"],"title":"ApoloSecret","type":"object","x-description":"Apolo Secret Configuration.","x-is-advanced-field":false,"x-meta-type":"inline","x-title":"Secret","x-type":"ApoloSecret"},"S3Params":{"properties":{"port":{"title":"Port","type":"integer"},"host":{"anyOf":[{"type":"string"},{"type":"null"}],"default":null,"title":"Host"},"bucket":{"anyOf":[{"type":"string"},{"type":"null"}],"default":null,"title":"Bucket"},"access_key":{"anyOf":[{"type":"string"},{"type":"null"}],"default":null,"title":"Access Key"},"secret_key":{"anyOf":[{"$ref":"#/$defs/ApoloSecret"},{"type":"null"}],"default":null}},"required":["port"],"title":"S3Params","type":"object"}},"properties":{"s3":{"$ref":"#/$defs/S3Params"}},"required":["s3"],"title":"AwsS3I
INFO     [🎭 Playwright]:base_page.py:16 <MainPage>: Waiting for spinner
INFO     [🎭 Playwright]:base_page.py:16 <MainPage>: Timeout error for spinner
INFO     [📘TEST_INFO]:reporting.py:51 ✅ STEP completed: <<User2>> :: Reload page
INFO     [📘TEST_INFO]:reporting.py:225 📸 Screenshot captured and attached (success): /home/runner/work/apolo-test-automation/apolo-test-automation/reports/screenshots/ui_reload_page_success_e54d41.png
INFO     [📘TEST_INFO]:reporting.py:37 ▶️ STEP started: <<User2>> :: Click Files button on the left pane on the main page
INFO     [🎭 Playwright]:base_page.py:16 <MainPage>: Click Files button
WARNING  [🔧TEST CONFIG]:conftest.py:413 [HTTP 200] GET https://api.dev.apolo.us/apis/apps/v1/cluster/default/org/regression-org-jjeumktz01un/project/regression-proj-z8iz2b196n/instances?size=100
Request Body:
<not available>
Response Body (first 1000 chars):
{"items":[],"total":0,"page":1,"size":100,"pages":0}
INFO     [📘TEST_INFO]:reporting.py:51 ✅ STEP completed: <<User2>> :: Click Files button on the left pane on the main page
WARNING  [🔧TEST CONFIG]:conftest.py:413 [HTTP 200] GET https://api.dev.apolo.us/api/v1/storage/regression-org-jjeumktz01un/regression-proj-z8iz2b196n?op=GETFILESTATUS
Request Body:
<not available>
Response Body (first 1000 chars):
{"FileStatus": {"path": "/var/storage/regression-org-jjeumktz01un/regression-proj-z8iz2b196n", "length": 0, "modificationTime": 1757727254, "permission": "manage", "type": "DIRECTORY"}}
WARNING  [🔧TEST CONFIG]:conftest.py:413 [HTTP 200] GET https://api.dev.apolo.us/api/v1/storage/regression-org-jjeumktz01un/regression-proj-z8iz2b196n?op=LISTSTATUS
Request Body:
<not available>
Response Body (first 1000 chars):
{"FileStatuses": {"FileStatus": []}}
INFO     [📘TEST_INFO]:reporting.py:225 📸 Screenshot captured and attached (success): /home/runner/work/apolo-test-automation/apolo-test-automation/reports/screenshots/ui_click_files_btn_success_276908.png
INFO     [📘TEST_INFO]:reporting.py:37 ▶️ STEP started: <<User2>> :: Verify that Files page displayed
INFO     [🎭 Playwright]:base_page.py:16 <FilesPage>: Check if page loaded
INFO     [📘TEST_INFO]:reporting.py:51 ✅ STEP completed: <<User2>> :: Verify that Files page displayed
INFO     [📘TEST_INFO]:reporting.py:225 📸 Screenshot captured and attached (success): /home/runner/work/apolo-test-automation/apolo-test-automation/reports/screenshots/verify_ui_page_displayed_success_102c7b.png
INFO     [📘TEST_INFO]:reporting.py:37 ▶️ STEP started: <<User2>> :: Verify Add folder button is enabled
INFO     [🎭 Playwright]:base_page.py:16 <FilesPage>: Check if Add folder button is enabled
INFO     [📘TEST_INFO]:reporting.py:51 ✅ STEP completed: <<User2>> :: Verify Add folder button is enabled
INFO     [📘TEST_INFO]:reporting.py:225 📸 Screenshot captured and attached (success): /home/runner/work/apolo-test-automation/apolo-test-automation/reports/screenshots/verify_ui_add_folder_btn_enabled_success_7657f4.png
INFO     [📘TEST_INFO]:reporting.py:37 ▶️ STEP started: <<User2>> :: Verify Upload button is enabled
INFO     [🎭 Playwright]:base_page.py:16 <FilesPage>: Check if Upload button is enabled
INFO     [📘TEST_INFO]:reporting.py:51 ✅ STEP completed: <<User2>> :: Verify Upload button is enabled
INFO     [📘TEST_INFO]:reporting.py:225 📸 Screenshot captured and attached (success): /home/runner/work/apolo-test-automation/apolo-test-automation/reports/screenshots/verify_ui_upload_btn_enabled_success_960673.png
INFO     [📘TEST_INFO]:reporting.py:92 ✅ TEST completed: Verify Admin can promote Reader to Writer
INFO     [📘TEST_INFO]:reporting.py:98 ------------------------------------------------------------
INFO     [🌐API_helper]:api_helper.py:45 GET https://api.dev.apolo.us/apis/admin/v1/orgs
INFO     [🌐API_helper]:api_helper.py:137 Status: 200. Response: [{'name': 'regression-org-jjeumktz01un', 'balance': {'credits': '500', 'spent_credits': '0'}, 'user_default_credits': None, 'notification_intervals': {'balance_projection_seconds': [604800, 259200, 86400], 'balance_amount': [0], 'balance_depletion_seconds': [86400, 604800]}}]
INFO     [🔧TEST CONFIG]:conftest.py:284 Cleaning up 1 organisations
INFO     [🌐API_helper]:api_helper.py:144 Delete organization response: <ClientResponse(https://api.dev.apolo.us/apis/admin/v1/orgs/regression-org-jjeumktz01un) [200 OK]>
<CIMultiDictProxy('Access-Control-Allow-Credentials': 'true', 'Content-Length': '274', 'Content-Type': 'application/json; charset=utf-8', 'Date': 'Sat, 13 Sep 2025 01:34:48 GMT', 'Server': 'Python/3.13 aiohttp/3.12.15', 'Vary': 'Origin', 'x-service-version': 'platform-admin/0.0.0.post1.dev0+ee87add', 'Via': '1.1 google', 'Alt-Svc': 'h3=":443"; ma=2592000,h3-29=":443"; ma=2592000')>

INFO     [🔧TEST CONFIG]:conftest.py:309 Removed organisation: regression-org-jjeumktz01un
INFO     [🔧TEST CONFIG]:conftest.py:314 Closing all browser sessions
INFO     [🔧TEST CONFIG]:conftest.py:320 Stopped Playwright
WARNING  [🔧TEST CONFIG]:conftest.py:330 Failed to close context: BrowserContext.close: Target page, context or browser has been closed
INFO     [🔧TEST CONFIG]:conftest.py:335 Closed browser (post-stop)
INFO     [🔧TEST CONFIG]:conftest.py:320 Stopped Playwright
WARNING  [🔧TEST CONFIG]:conftest.py:330 Failed to close context: BrowserContext.close: Target page, context or browser has been closed
INFO     [🔧TEST CONFIG]:conftest.py:335 Closed browser (post-stop)
INFO     [🔧TEST CONFIG]:conftest.py:340 Browser cleanup finished