INFO     [🔧TEST CONFIG]:conftest.py:82 Loading test configuration
INFO     [🔧TEST CONFIG]:conftest.py:273 Starting browser in a headless mode...
INFO     [🔧TEST CONFIG]:conftest.py:286 Initializing new browser context
INFO     [🔧TEST CONFIG]:conftest.py:294 Navigating to: https://console.dev.apolo.us/
WARNING  [🔧TEST CONFIG]:conftest.py:342 [HTTP 200] GET https://api.dev.apolo.us/api/v1/config
Request Body:
<not available>
Response Body (first 1000 chars):
{"authorized": false, "auth_url": "https://auth.dev.apolo.us/authorize", "token_url": "https://auth.dev.apolo.us/oauth/token", "logout_url": "https://auth.dev.apolo.us/v2/logout?returnTo=https://console.dev.apolo.us", "client_id": "q3I0OzzGnTDkhRmpeJ7WWgaTCucmVxTL", "audience": "https://api.dev.apolo.us", "callback_urls": ["http://127.0.0.1:54540", "http://127.0.0.1:54541", "http://127.0.0.1:54542"], "headless_callback_url": "https://api.dev.apolo.us/oauth/show-code", "success_redirect_url": "https://api.dev.apolo.us/oauth/login"}
INFO     [🔧TEST CONFIG]:conftest.py:88 Creating data manager
INFO     [🔧TEST CONFIG]:conftest.py:114 Creating users manager
INFO     [🔧TEST CONFIG]:conftest.py:100 Creating API helper
INFO     [🔧TEST CONFIG]:conftest.py:108 Creating Apolo CLI instance
INFO     [🔧TEST CONFIG]:conftest.py:136 Continue using UserData(email='regression-9qht0qy439@apolo.us', username='regression-9qht0qy439', password='2aFBzo^AOGsF') as main test user...
INFO     [👤UsersManager]:users_manager.py:73 Setting main user to UserData(email='regression-9qht0qy439@apolo.us', username='regression-9qht0qy439', password='2aFBzo^AOGsF')
INFO     [🔧TEST CONFIG]:conftest.py:169 Continue using UserData(email='regression-u23m0smx99@apolo.us', username='regression-u23m0smx99', password='u#t$Vvbu0ePi') as second test user...
INFO     [👤UsersManager]:users_manager.py:82 Setting second user to UserData(email='regression-u23m0smx99@apolo.us', username='regression-u23m0smx99', password='u#t$Vvbu0ePi')
INFO     [🔧TEST CONFIG]:conftest.py:173 Continue using UserData(email='regression-55qopyvwt6@apolo.us', username='regression-55qopyvwt6', password='L5byWUe7B@D8') as third test user...
INFO     [👤UsersManager]:users_manager.py:91 Setting third user to UserData(email='regression-55qopyvwt6@apolo.us', username='regression-55qopyvwt6', password='L5byWUe7B@D8')
INFO     [📘TEST_INFO]:reporting.py:37 ▶️ STEP started: Verify Apolo CLI client is installed
INFO     [🖥apolo_CLI]:apolo_runner.py:25 check CLI version. Running command via cli:

apolo --version

INFO     [🖥apolo_CLI]:apolo_runner.py:86 check CLI version succeeded:

Apolo Platform Client 25.8.1

INFO     [📘TEST_INFO]:reporting.py:51 ✅ STEP completed: Verify Apolo CLI client is installed
INFO     [📘TEST_INFO]:reporting.py:86 ------------------------------------------------------------
INFO     [📘TEST_INFO]:reporting.py:87 📝 TEST started: Add user not in organization to project via CLI
INFO     [📘TEST_INFO]:reporting.py:88 ------------------------------------------------------------
INFO     [📘TEST_INFO]:reporting.py:37 ▶️ STEP started: Login via UI
INFO     [📘TEST_INFO]:reporting.py:37 ▶️ STEP started: Click login button
INFO     [🎭 Playwright]:base_page.py:16 <AuthPage>: Click log in button
INFO     [📘TEST_INFO]:reporting.py:51 ✅ STEP completed: Click login button
INFO     [📘TEST_INFO]:reporting.py:225 📸 Screenshot captured and attached (success): /home/runner/work/apolo-test-automation/apolo-test-automation/reports/screenshots/ui_click_login_button_success_5eda19.png
INFO     [📘TEST_INFO]:reporting.py:37 ▶️ STEP started: Enter email
INFO     [🎭 Playwright]:base_page.py:16 <LoginPage>: Enter regression-9qht0qy439@apolo.us email
INFO     [📘TEST_INFO]:reporting.py:51 ✅ STEP completed: Enter email
INFO     [📘TEST_INFO]:reporting.py:225 📸 Screenshot captured and attached (success): /home/runner/work/apolo-test-automation/apolo-test-automation/reports/screenshots/ui_enter_email_success_5c9672.png
INFO     [📘TEST_INFO]:reporting.py:37 ▶️ STEP started: Enter password
INFO     [🎭 Playwright]:base_page.py:16 <LoginPage>: Enter ********* password
INFO     [📘TEST_INFO]:reporting.py:51 ✅ STEP completed: Enter password
INFO     [📘TEST_INFO]:reporting.py:225 📸 Screenshot captured and attached (success): /home/runner/work/apolo-test-automation/apolo-test-automation/reports/screenshots/ui_enter_password_success_85e06a.png
INFO     [📘TEST_INFO]:reporting.py:37 ▶️ STEP started: Click Continue button
INFO     [🎭 Playwright]:base_page.py:16 <LoginPage>: Click continue button
WARNING  [🔧TEST CONFIG]:conftest.py:342 [HTTP 200] GET https://api.dev.apolo.us/api/v1/config
Request Body:
<not available>
Response Body (first 1000 chars):
{"authorized": true, "orgs": [], "clusters": [], "projects": [], "admin_url": "https://api.dev.apolo.us/apis/admin/v1", "auth_url": "https://auth.dev.apolo.us/authorize", "token_url": "https://auth.dev.apolo.us/oauth/token", "logout_url": "https://auth.dev.apolo.us/v2/logout?returnTo=https://console.dev.apolo.us", "client_id": "q3I0OzzGnTDkhRmpeJ7WWgaTCucmVxTL", "audience": "https://api.dev.apolo.us", "callback_urls": ["http://127.0.0.1:54540", "http://127.0.0.1:54541", "http://127.0.0.1:54542"], "headless_callback_url": "https://api.dev.apolo.us/oauth/show-code", "success_redirect_url": "https://api.dev.apolo.us/oauth/login"}
WARNING  [🔧TEST CONFIG]:conftest.py:342 [HTTP 200] GET https://api.dev.apolo.us/api/v1/users/regression-9qht0qy439/permissions?uri=blob:
Request Body:
<not available>
Response Body (first 1000 chars):
[]
INFO     [🎭 Playwright]:base_page.py:16 <LoginPage>: Waiting for spinner
INFO     [🎭 Playwright]:base_page.py:16 <LoginPage>: Waiting for spinner to disappear
WARNING  [🔧TEST CONFIG]:conftest.py:342 [HTTP 200] GET https://api.dev.apolo.us/apis/admin/v1/users/regression-9qht0qy439?include=clusters&include=system_role
Request Body:
<not available>
Response Body (first 1000 chars):
{"name": "regression-9qht0qy439", "email": "regression-9qht0qy439@apolo.us", "first_name": null, "last_name": null, "created_at": "2025-09-05T01:32:06.841762+00:00", "terms_accepted": true, "clusters": []}
WARNING  [🔧TEST CONFIG]:conftest.py:342 [HTTP 200] GET https://api.dev.apolo.us/apis/admin/v1/invites/incoming
Request Body:
<not available>
Response Body (first 1000 chars):
[]
WARNING  [🔧TEST CONFIG]:conftest.py:342 [HTTP 200] GET https://api.dev.apolo.us/apis/admin/v1/users/regression-9qht0qy439?include=orgs
Request Body:
<not available>
Response Body (first 1000 chars):
{"name": "regression-9qht0qy439", "email": "regression-9qht0qy439@apolo.us", "first_name": null, "last_name": null, "created_at": "2025-09-05T01:32:06.841762+00:00", "terms_accepted": true, "orgs": []}
INFO     [📘TEST_INFO]:reporting.py:51 ✅ STEP completed: Click Continue button
INFO     [📘TEST_INFO]:reporting.py:225 📸 Screenshot captured and attached (success): /home/runner/work/apolo-test-automation/apolo-test-automation/reports/screenshots/ui_click_continue_button_success_93190b.png
INFO     [📘TEST_INFO]:reporting.py:37 ▶️ STEP started: Verify that Welcome new user page displayed
INFO     [🎭 Playwright]:base_page.py:16 <WelcomeNewUserPage>: Check if page loaded
INFO     [📘TEST_INFO]:reporting.py:51 ✅ STEP completed: Verify that Welcome new user page displayed
INFO     [📘TEST_INFO]:reporting.py:225 📸 Screenshot captured and attached (success): /home/runner/work/apolo-test-automation/apolo-test-automation/reports/screenshots/verify_ui_page_displayed_success_705ef5.png
INFO     [📘TEST_INFO]:reporting.py:51 ✅ STEP completed: Login via UI
INFO     [📘TEST_INFO]:reporting.py:225 📸 Screenshot captured and attached (success): /home/runner/work/apolo-test-automation/apolo-test-automation/reports/screenshots/ui_login_success_e8172f.png
INFO     [📘TEST_INFO]:reporting.py:37 ▶️ STEP started: Add organization via API and reload page
INFO     [🔧DATA MANAGER]:test_data.py:48 Added organization: org_name=regression-org-g0m8ufwvhx0d, gherkin_name=My-organization
INFO     [🌐API_helper]:api_helper.py:160 Add org regression-org-g0m8ufwvhx0d response: <ClientResponse(https://api.dev.apolo.us/apis/admin/v1/orgs?skip_auto_add_to_clusters=false) [201 Created]>
<CIMultiDictProxy('Access-Control-Allow-Credentials': 'true', 'Content-Length': '274', 'Content-Type': 'application/json; charset=utf-8', 'Date': 'Fri, 05 Sep 2025 02:45:04 GMT', 'Server': 'Python/3.13 aiohttp/3.12.15', 'Vary': 'Origin', 'x-service-version': 'platform-admin/0.0.0.post1.dev0+6d79a26', 'Via': '1.1 google', 'Alt-Svc': 'h3=":443"; ma=2592000,h3-29=":443"; ma=2592000')>

INFO     [📘TEST_INFO]:reporting.py:37 ▶️ STEP started: Reload page
WARNING  [🔧TEST CONFIG]:conftest.py:342 [HTTP 200] GET https://api.dev.apolo.us/api/v1/config
Request Body:
<not available>
Response Body (first 1000 chars):
{"authorized": true, "orgs": [{"name": "regression-org-g0m8ufwvhx0d", "role": "admin"}], "clusters": [{"name": "default", "registry_url": "https://registry.api.dev.apolo.us", "storage_url": "https://api.dev.apolo.us/api/v1/storage", "monitoring_url": "https://monitoring.api.dev.apolo.us/api/v1/jobs", "secrets_url": "https://api.dev.apolo.us/api/v1/secrets", "metrics_url": "https://grafana.dev.apolo.us", "disks_url": "https://api.dev.apolo.us/api/v1/disk", "buckets_url": "https://api.dev.apolo.us/api/v1/buckets", "resource_pool_types": [{"name": "default", "min_size": 1, "max_size": 20, "cpu": 4, "available_cpu": 3.3, "memory": 16106127360, "available_memory": 11813676647, "disk_size": 161061273600, "available_disk_size": 150000000000}, {"name": "g2-standard-4", "min_size": 0, "max_size": 10, "cpu": 4, "available_cpu": 3, "memory": 17179869184, "available_memory": 16106127360, "disk_size": 322122547200, "available_disk_size": 150000000000, "nvidia_gpu": 1, "nvidia_gpu_model": "nvidia-l4
INFO     [🎭 Playwright]:base_page.py:16 <MainPage>: Waiting for spinner
INFO     [🎭 Playwright]:base_page.py:16 <MainPage>: Waiting for spinner to disappear
WARNING  [🔧TEST CONFIG]:conftest.py:342 [HTTP 200] GET https://api.dev.apolo.us/apis/admin/v1/users/regression-9qht0qy439?include=clusters&include=system_role
Request Body:
<not available>
Response Body (first 1000 chars):
{"name": "regression-9qht0qy439", "email": "regression-9qht0qy439@apolo.us", "first_name": null, "last_name": null, "created_at": "2025-09-05T01:32:06.841762+00:00", "terms_accepted": true, "clusters": [{"cluster_name": "default", "role": "admin", "org_name": "regression-org-g0m8ufwvhx0d", "balance": {"spent_credits": "0"}}]}
WARNING  [🔧TEST CONFIG]:conftest.py:342 [HTTP 200] GET https://api.dev.apolo.us/api/v1/users/regression-9qht0qy439/permissions?uri=blob:
Request Body:
<not available>
Response Body (first 1000 chars):
[{"uri": "blob://default/regression-org-g0m8ufwvhx0d", "action": "manage"}]
WARNING  [🔧TEST CONFIG]:conftest.py:342 [HTTP 200] GET https://api.dev.apolo.us/apis/admin/v1/users/regression-9qht0qy439?include=orgs
Request Body:
<not available>
Response Body (first 1000 chars):
{"name": "regression-9qht0qy439", "email": "regression-9qht0qy439@apolo.us", "first_name": null, "last_name": null, "created_at": "2025-09-05T01:32:06.841762+00:00", "terms_accepted": true, "orgs": [{"org_name": "regression-org-g0m8ufwvhx0d", "role": "admin", "balance": {"spent_credits": "0"}}]}
WARNING  [🔧TEST CONFIG]:conftest.py:342 [HTTP 200] GET https://api.dev.apolo.us/apis/admin/v1/orgs/regression-org-g0m8ufwvhx0d
Request Body:
<not available>
Response Body (first 1000 chars):
{"name": "regression-org-g0m8ufwvhx0d", "balance": {"credits": "500", "spent_credits": "0"}, "user_default_credits": null, "notification_intervals": {"balance_projection_seconds": [604800, 259200, 86400], "balance_amount": [0], "balance_depletion_seconds": [86400, 604800]}}
WARNING  [🔧TEST CONFIG]:conftest.py:342 [HTTP 200] GET https://api.dev.apolo.us/apis/admin/v1/invites/incoming
Request Body:
<not available>
Response Body (first 1000 chars):
[]
INFO     [📘TEST_INFO]:reporting.py:51 ✅ STEP completed: Reload page
INFO     [📘TEST_INFO]:reporting.py:225 📸 Screenshot captured and attached (success): /home/runner/work/apolo-test-automation/apolo-test-automation/reports/screenshots/ui_reload_page_success_41f1f7.png
INFO     [📘TEST_INFO]:reporting.py:51 ✅ STEP completed: Add organization via API and reload page
INFO     [📘TEST_INFO]:reporting.py:225 📸 Screenshot captured and attached (success): /home/runner/work/apolo-test-automation/apolo-test-automation/reports/screenshots/ui_add_org_api_success_2479f4.png
INFO     [🔧TEST CONFIG]:conftest.py:273 Starting browser in a headless mode...
INFO     [🔧TEST CONFIG]:conftest.py:286 Initializing new browser context
INFO     [🔧TEST CONFIG]:conftest.py:294 Navigating to: https://console.dev.apolo.us/
WARNING  [🔧TEST CONFIG]:conftest.py:342 [HTTP 200] GET https://api.dev.apolo.us/api/v1/config
Request Body:
<not available>
Response Body (first 1000 chars):
{"authorized": false, "auth_url": "https://auth.dev.apolo.us/authorize", "token_url": "https://auth.dev.apolo.us/oauth/token", "logout_url": "https://auth.dev.apolo.us/v2/logout?returnTo=https://console.dev.apolo.us", "client_id": "q3I0OzzGnTDkhRmpeJ7WWgaTCucmVxTL", "audience": "https://api.dev.apolo.us", "callback_urls": ["http://127.0.0.1:54540", "http://127.0.0.1:54541", "http://127.0.0.1:54542"], "headless_callback_url": "https://api.dev.apolo.us/oauth/show-code", "success_redirect_url": "https://api.dev.apolo.us/oauth/login"}
INFO     [📘TEST_INFO]:reporting.py:37 ▶️ STEP started: <<User2>> :: Get second user
INFO     [📘TEST_INFO]:reporting.py:51 ✅ STEP completed: <<User2>> :: Get second user
INFO     [📘TEST_INFO]:reporting.py:225 📸 Screenshot captured and attached (success): /home/runner/work/apolo-test-automation/apolo-test-automation/reports/screenshots/ui_get_second_user_success_07356d.png
INFO     [📘TEST_INFO]:reporting.py:37 ▶️ STEP started: <<User2>> :: Login via UI
INFO     [📘TEST_INFO]:reporting.py:37 ▶️ STEP started: <<User2>> :: Click login button
INFO     [🎭 Playwright]:base_page.py:16 <AuthPage>: Click log in button
INFO     [📘TEST_INFO]:reporting.py:51 ✅ STEP completed: <<User2>> :: Click login button
INFO     [📘TEST_INFO]:reporting.py:225 📸 Screenshot captured and attached (success): /home/runner/work/apolo-test-automation/apolo-test-automation/reports/screenshots/ui_click_login_button_success_1839d5.png
INFO     [📘TEST_INFO]:reporting.py:37 ▶️ STEP started: <<User2>> :: Enter email
INFO     [🎭 Playwright]:base_page.py:16 <LoginPage>: Enter regression-u23m0smx99@apolo.us email
INFO     [📘TEST_INFO]:reporting.py:51 ✅ STEP completed: <<User2>> :: Enter email
INFO     [📘TEST_INFO]:reporting.py:225 📸 Screenshot captured and attached (success): /home/runner/work/apolo-test-automation/apolo-test-automation/reports/screenshots/ui_enter_email_success_a91959.png
INFO     [📘TEST_INFO]:reporting.py:37 ▶️ STEP started: <<User2>> :: Enter password
INFO     [🎭 Playwright]:base_page.py:16 <LoginPage>: Enter ********* password
INFO     [📘TEST_INFO]:reporting.py:51 ✅ STEP completed: <<User2>> :: Enter password
INFO     [📘TEST_INFO]:reporting.py:225 📸 Screenshot captured and attached (success): /home/runner/work/apolo-test-automation/apolo-test-automation/reports/screenshots/ui_enter_password_success_e34140.png
INFO     [📘TEST_INFO]:reporting.py:37 ▶️ STEP started: <<User2>> :: Click Continue button
INFO     [🎭 Playwright]:base_page.py:16 <LoginPage>: Click continue button
WARNING  [🔧TEST CONFIG]:conftest.py:342 [HTTP 200] GET https://api.dev.apolo.us/api/v1/config
Request Body:
<not available>
Response Body (first 1000 chars):
{"authorized": true, "orgs": [], "clusters": [], "projects": [], "admin_url": "https://api.dev.apolo.us/apis/admin/v1", "auth_url": "https://auth.dev.apolo.us/authorize", "token_url": "https://auth.dev.apolo.us/oauth/token", "logout_url": "https://auth.dev.apolo.us/v2/logout?returnTo=https://console.dev.apolo.us", "client_id": "q3I0OzzGnTDkhRmpeJ7WWgaTCucmVxTL", "audience": "https://api.dev.apolo.us", "callback_urls": ["http://127.0.0.1:54540", "http://127.0.0.1:54541", "http://127.0.0.1:54542"], "headless_callback_url": "https://api.dev.apolo.us/oauth/show-code", "success_redirect_url": "https://api.dev.apolo.us/oauth/login"}
INFO     [🎭 Playwright]:base_page.py:16 <LoginPage>: Waiting for spinner
INFO     [🎭 Playwright]:base_page.py:16 <LoginPage>: Waiting for spinner to disappear
WARNING  [🔧TEST CONFIG]:conftest.py:342 [HTTP 200] GET https://api.dev.apolo.us/api/v1/users/regression-u23m0smx99/permissions?uri=blob:
Request Body:
<not available>
Response Body (first 1000 chars):
[]
WARNING  [🔧TEST CONFIG]:conftest.py:342 [HTTP 200] GET https://api.dev.apolo.us/apis/admin/v1/invites/incoming
Request Body:
<not available>
Response Body (first 1000 chars):
[]
WARNING  [🔧TEST CONFIG]:conftest.py:342 [HTTP 200] GET https://api.dev.apolo.us/apis/admin/v1/users/regression-u23m0smx99?include=orgs
Request Body:
<not available>
Response Body (first 1000 chars):
{"name": "regression-u23m0smx99", "email": "regression-u23m0smx99@apolo.us", "first_name": null, "last_name": null, "created_at": "2025-09-05T01:32:49.675997+00:00", "terms_accepted": true, "orgs": []}
WARNING  [🔧TEST CONFIG]:conftest.py:342 [HTTP 200] GET https://api.dev.apolo.us/apis/admin/v1/users/regression-u23m0smx99?include=clusters&include=system_role
Request Body:
<not available>
Response Body (first 1000 chars):
{"name": "regression-u23m0smx99", "email": "regression-u23m0smx99@apolo.us", "first_name": null, "last_name": null, "created_at": "2025-09-05T01:32:49.675997+00:00", "terms_accepted": true, "clusters": []}
INFO     [📘TEST_INFO]:reporting.py:51 ✅ STEP completed: <<User2>> :: Click Continue button
INFO     [📘TEST_INFO]:reporting.py:225 📸 Screenshot captured and attached (success): /home/runner/work/apolo-test-automation/apolo-test-automation/reports/screenshots/ui_click_continue_button_success_b47a09.png
INFO     [📘TEST_INFO]:reporting.py:37 ▶️ STEP started: <<User2>> :: Verify that Welcome new user page displayed
INFO     [🎭 Playwright]:base_page.py:16 <WelcomeNewUserPage>: Check if page loaded
INFO     [📘TEST_INFO]:reporting.py:51 ✅ STEP completed: <<User2>> :: Verify that Welcome new user page displayed
INFO     [📘TEST_INFO]:reporting.py:225 📸 Screenshot captured and attached (success): /home/runner/work/apolo-test-automation/apolo-test-automation/reports/screenshots/verify_ui_page_displayed_success_ca4f4f.png
INFO     [📘TEST_INFO]:reporting.py:51 ✅ STEP completed: <<User2>> :: Login via UI
INFO     [📘TEST_INFO]:reporting.py:225 📸 Screenshot captured and attached (success): /home/runner/work/apolo-test-automation/apolo-test-automation/reports/screenshots/ui_login_success_220897.png
INFO     [📘TEST_INFO]:reporting.py:37 ▶️ STEP started: Login to apolo CLI with access token
INFO     [🖥apolo_CLI]:apolo_runner.py:25 login-with-token. Running command via cli:

apolo config login-with-token eyJhbGciOiJSUzI1NiIsInR5cCI6IkpXVCIsImtpZCI6IjhyNXZCR0E4ZXNuc1IzbXJ0NUFSViJ9.eyJodHRwczovL3BsYXRmb3JtLm5ldXJvbWF0aW9uLmlvL3VzZXIiOiJyZWdyZXNzaW9uLTlxaHQwcXk0MzkiLCJodHRwczovL3BsYXRmb3JtLm5ldXJvbWF0aW9uLmlvL2xvZ2luX3JlZGlyZWN0X3VybCI6Imh0dHBzOi8vY29uc29sZS5kZXYuYXBvbG8udXMiLCJodHRwczovL3BsYXRmb3JtLmFwb2xvLnVzL29yaWdpbiI6Imh0dHBzOi8vY29uc29sZS5kZXYuYXBvbG8udXMiLCJpc3MiOiJodHRwczovL2F1dGguZGV2LmFwb2xvLnVzLyIsInN1YiI6ImF1dGgwfDY4YmEzZDg0YzkzNDFkNmEyZmY0Y2VkNyIsImF1ZCI6WyJodHRwczovL2FwaS5kZXYuYXBvbG8udXMiLCJodHRwczovL2Rldi1hcG9sby11cy51cy5hdXRoMC5jb20vdXNlcmluZm8iXSwiaWF0IjoxNzU3MDQwMjkzLCJleHAiOjE3NTcxMjY2OTMsInNjb3BlIjoib3BlbmlkIHByb2ZpbGUgZW1haWwiLCJhenAiOiJxM0kwT3p6R25URGtoUm1wZUo3V1dnYVRDdWNtVnhUTCJ9.OQ24ZzH4aoJCiBHK_DUGl3Z06hJvEUyDjI92HeY0BiKQnQol-NNf6WjuyoipEvlGugQhkEyNxVBRpO5TtAyWzk93HW_cWZqPqOlIJD4GWtp8GMmbM4gw5kL9tNfwdFl6x7aNjVuHBsaXeTcUBNvQB7pJn3qL4WGzWk9YGL65lEqdY-n4F7FfNeDA2OFPCH7wXrn9TUYeVv906L4B8RvNxvd2VsdfiVYH7FwC7N32p626WPrkjj3hlgwcVcliGxvq2yzcrXa7CRWUoItwoy729bGEWu_e2GwZLD8Tre4iZEZY5Rp0jY8PU97TfOmuhI_M44CIkaKlz5a3i8LxGC578g https://api.dev.apolo.us/api/v1

INFO     [🖥apolo_CLI]:apolo_runner.py:86 login-with-token succeeded:

You were successfully logged out.
Logged into https://api.dev.apolo.us/api/v1 as regression-9qht0qy439, current cluster is default, org is regression-org-g0m8ufwvhx0d project is None
Read the docs at https://docs.apolo.us or run `apolo --help` to see the reference

INFO     [📘TEST_INFO]:reporting.py:51 ✅ STEP completed: Login to apolo CLI with access token
INFO     [📘TEST_INFO]:reporting.py:37 ▶️ STEP started: Add new project via apolo CLI
INFO     [🖥apolo_CLI]:apolo_runner.py:25 create project regression-proj-lhzzrbs9bz under regression-org-g0m8ufwvhx0d. Running command via cli:

apolo admin add-project --default-role reader --org regression-org-g0m8ufwvhx0d default regression-proj-lhzzrbs9bz

INFO     [🖥apolo_CLI]:apolo_runner.py:86 create project regression-proj-lhzzrbs9bz under regression-org-g0m8ufwvhx0d succeeded:

Added project regression-proj-lhzzrbs9bz to cluster default to org regression-org-g0m8ufwvhx0d. Info:
 Name                regression-proj-lhzzrbs9bz 
 Default role        reader                     
 Is default project  False                      
Selected regression-proj-lhzzrbs9bz as current project.

INFO     [📘TEST_INFO]:reporting.py:51 ✅ STEP completed: Add new project via apolo CLI
INFO     [📘TEST_INFO]:reporting.py:37 ▶️ STEP started: Add user not in organization to project via CLI
INFO     [🖥apolo_CLI]:apolo_runner.py:25 add user regression-u23m0smx99 to project regression-proj-lhzzrbs9bz. Running command via cli:

apolo admin add-project-user --org regression-org-g0m8ufwvhx0d default regression-proj-lhzzrbs9bz regression-u23m0smx99 reader

ERROR    [🖥apolo_CLI]:apolo_runner.py:82 add user regression-u23m0smx99 to project regression-proj-lhzzrbs9bz failed:

You are using apolo-extras tool 24.10.0, however 25.8.0 is available.
ERROR: User 'regression-org-g0m8ufwvhx0d/regression-u23m0smx99' not found in cluster 'default'


ERROR    [📘TEST_INFO]:reporting.py:56 ❌ STEP failed: Add user not in organization to project via CLI
ERROR    [📘TEST_INFO]:reporting.py:95 ❌ TEST failed: Add user not in organization to project via CLI
Exception: [AssertionError] during step: Add user not in organization to project via CLI
Message: Expected: 
ERROR: User 'regression-org-g0m8ufwvhx0d/regression-u23m0smx99' not found in cluster 'default' 
but got 
You are using apolo-extras tool 24.10.0, however 25.8.0 is available.
ERROR: User 'regression-org-g0m8ufwvhx0d/regression-u23m0smx99' not found in cluster 'default'
INFO     [📘TEST_INFO]:reporting.py:98 ------------------------------------------------------------
INFO     [📘TEST_INFO]:reporting.py:155 ============================================================
INFO     [📘TEST_INFO]:reporting.py:156 📊 SUITE SUMMARY: 5 passed, 1 failed
INFO     [📘TEST_INFO]:reporting.py:159 ============================================================
INFO     [🌐API_helper]:api_helper.py:44 GET https://api.dev.apolo.us/apis/admin/v1/orgs
INFO     [🌐API_helper]:api_helper.py:135 Status: 200. Response: [{'name': 'regression-org-g0m8ufwvhx0d', 'balance': {'credits': '500', 'spent_credits': '0'}, 'user_default_credits': None, 'notification_intervals': {'balance_projection_seconds': [604800, 259200, 86400], 'balance_amount': [0], 'balance_depletion_seconds': [86400, 604800]}}]
INFO     [🔧TEST CONFIG]:conftest.py:218 Cleaning up 1 organisations
INFO     [🌐API_helper]:api_helper.py:142 Delete organization response: <ClientResponse(https://api.dev.apolo.us/apis/admin/v1/orgs/regression-org-g0m8ufwvhx0d) [200 OK]>
<CIMultiDictProxy('Access-Control-Allow-Credentials': 'true', 'Content-Length': '274', 'Content-Type': 'application/json; charset=utf-8', 'Date': 'Fri, 05 Sep 2025 02:45:26 GMT', 'Server': 'Python/3.13 aiohttp/3.12.15', 'Vary': 'Origin', 'x-service-version': 'platform-admin/0.0.0.post1.dev0+6d79a26', 'Via': '1.1 google', 'Alt-Svc': 'h3=":443"; ma=2592000,h3-29=":443"; ma=2592000')>

INFO     [🔧TEST CONFIG]:conftest.py:244 Removed organisation: regression-org-g0m8ufwvhx0d
INFO     [🔧TEST CONFIG]:conftest.py:248 Closing all browser sessions
INFO     [🔧TEST CONFIG]:conftest.py:252 Closed context
INFO     [🔧TEST CONFIG]:conftest.py:259 Closed browser
INFO     [🔧TEST CONFIG]:conftest.py:252 Closed context
INFO     [🔧TEST CONFIG]:conftest.py:259 Closed browser
INFO     [🔧TEST CONFIG]:conftest.py:264 Closed all browser sessions