INFO     [🔧TEST CONFIG]:conftest.py:87 Loading test configuration
INFO     [🔧TEST CONFIG]:conftest.py:378 Navigating to: https://console.dev.apolo.us/
WARNING  [🔧TEST CONFIG]:conftest.py:420 [HTTP 200] GET https://api.dev.apolo.us/api/v1/config
Request Body:
<not available>
Response Body (first 1000 chars):
{"authorized": false, "auth_url": "https://auth.dev.apolo.us/authorize", "token_url": "https://auth.dev.apolo.us/oauth/token", "logout_url": "https://auth.dev.apolo.us/v2/logout?returnTo=https://console.dev.apolo.us", "client_id": "q3I0OzzGnTDkhRmpeJ7WWgaTCucmVxTL", "audience": "https://api.dev.apolo.us", "callback_urls": ["http://127.0.0.1:54540", "http://127.0.0.1:54541", "http://127.0.0.1:54542"], "headless_callback_url": "https://api.dev.apolo.us/oauth/show-code", "success_redirect_url": "https://api.dev.apolo.us/oauth/login"}
INFO     [🔧TEST CONFIG]:conftest.py:93 Creating data manager
INFO     [🔧TEST CONFIG]:conftest.py:123 Creating users manager
INFO     [🔧TEST CONFIG]:conftest.py:109 Creating API helper
INFO     [🔧TEST CONFIG]:conftest.py:117 Creating Apolo CLI instance
INFO     [🔧TEST CONFIG]:conftest.py:205 Continue using UserData(email='regression-b3ava4qwop@apolo.us', username='regression-b3ava4qwop', password='0UmOYmbvHYYl') as main test user...
INFO     [👤UsersManager]:users_manager.py:73 Setting main user to UserData(email='regression-b3ava4qwop@apolo.us', username='regression-b3ava4qwop', password='0UmOYmbvHYYl')
INFO     [🔧TEST CONFIG]:conftest.py:235 Continue using UserData(email='regression-dkyztxdzdt@apolo.us', username='regression-dkyztxdzdt', password='z1H#A63NIGkj') as second test user...
INFO     [👤UsersManager]:users_manager.py:82 Setting second user to UserData(email='regression-dkyztxdzdt@apolo.us', username='regression-dkyztxdzdt', password='z1H#A63NIGkj')
INFO     [📘TEST_INFO]:reporting.py:86 ------------------------------------------------------------
INFO     [📘TEST_INFO]:reporting.py:87 📝 TEST started: Verify Manager cannot promote Reader to Admin
INFO     [📘TEST_INFO]:reporting.py:88 ------------------------------------------------------------
INFO     [📘TEST_INFO]:reporting.py:37 ▶️ STEP started: Login via UI
INFO     [📘TEST_INFO]:reporting.py:37 ▶️ STEP started: Click login button
INFO     [🎭 Playwright]:base_page.py:16 <AuthPage>: Click log in button
INFO     [📘TEST_INFO]:reporting.py:51 ✅ STEP completed: Click login button
INFO     [📘TEST_INFO]:reporting.py:225 📸 Screenshot captured and attached (success): /home/runner/work/apolo-test-automation/apolo-test-automation/reports/screenshots/ui_click_login_button_success_5114f2.png
INFO     [📘TEST_INFO]:reporting.py:37 ▶️ STEP started: Enter email
INFO     [🎭 Playwright]:base_page.py:16 <LoginPage>: Enter regression-b3ava4qwop@apolo.us email
INFO     [📘TEST_INFO]:reporting.py:51 ✅ STEP completed: Enter email
INFO     [📘TEST_INFO]:reporting.py:225 📸 Screenshot captured and attached (success): /home/runner/work/apolo-test-automation/apolo-test-automation/reports/screenshots/ui_enter_email_success_79fecf.png
INFO     [📘TEST_INFO]:reporting.py:37 ▶️ STEP started: Enter password
INFO     [🎭 Playwright]:base_page.py:16 <LoginPage>: Enter ********* password
INFO     [📘TEST_INFO]:reporting.py:51 ✅ STEP completed: Enter password
INFO     [📘TEST_INFO]:reporting.py:225 📸 Screenshot captured and attached (success): /home/runner/work/apolo-test-automation/apolo-test-automation/reports/screenshots/ui_enter_password_success_f38e18.png
INFO     [📘TEST_INFO]:reporting.py:37 ▶️ STEP started: Click Continue button
INFO     [🎭 Playwright]:base_page.py:16 <LoginPage>: Click continue button
INFO     [🎭 Playwright]:base_page.py:16 <LoginPage>: Waiting for spinner
WARNING  [🔧TEST CONFIG]:conftest.py:420 [HTTP 500] GET https://api.dev.apolo.us/api/v1/config
Request Body:
<not available>
Response Body (first 1000 chars):
{"error": "Unexpected exception ClientResponseError: 500, message='Internal Server Error', url='http://platform-admin:8080/apis/admin/v1/users/regression-b3ava4qwop?include=orgs&include=clusters&include=projects'. Path with query: /api/v1/config."}
WARNING  [🔧TEST CONFIG]:conftest.py:420 [HTTP 200] GET https://api.dev.apolo.us/api/v1/users/regression-b3ava4qwop/permissions?uri=blob:
Request Body:
<not available>
Response Body (first 1000 chars):
[]
INFO     [🎭 Playwright]:base_page.py:16 <LoginPage>: Timeout error for spinner
INFO     [📘TEST_INFO]:reporting.py:51 ✅ STEP completed: Click Continue button
INFO     [📘TEST_INFO]:reporting.py:225 📸 Screenshot captured and attached (success): /home/runner/work/apolo-test-automation/apolo-test-automation/reports/screenshots/ui_click_continue_button_success_bcc02a.png
INFO     [📘TEST_INFO]:reporting.py:37 ▶️ STEP started: Verify that Welcome new user page displayed
INFO     [🎭 Playwright]:base_page.py:16 <WelcomeNewUserPage>: Check if page loaded
ERROR    [📘TEST_INFO]:reporting.py:56 ❌ STEP failed: Verify that Welcome new user page displayed
INFO     [📘TEST_INFO]:reporting.py:225 📸 Screenshot captured and attached (fail): /home/runner/work/apolo-test-automation/apolo-test-automation/reports/screenshots/verify_ui_page_displayed_fail_2ce29d.png
ERROR    [📘TEST_INFO]:reporting.py:56 ❌ STEP failed: Login via UI
INFO     [📘TEST_INFO]:reporting.py:225 📸 Screenshot captured and attached (fail): /home/runner/work/apolo-test-automation/apolo-test-automation/reports/screenshots/ui_login_fail_ab5984.png
ERROR    [📘TEST_INFO]:reporting.py:95 ❌ TEST failed: Verify Manager cannot promote Reader to Admin
Exception: [AssertionError] during step: Login via UI
Message: [AssertionError] during step: Verify that Welcome new user page displayed
Message: Locator expected to be visible
Actual value: <element(s) not found> 
Call log:
  - Expect "to_be_visible" with timeout 5000ms
  - waiting for locator("h3.truncate.text-h3").filter(has_text="Welcome, regression-b3ava4qwop@apolo.us")

INFO     [📘TEST_INFO]:reporting.py:98 ------------------------------------------------------------
INFO     [🌐API_helper]:api_helper.py:54 GET https://api.dev.apolo.us/apis/admin/v1/orgs
INFO     [🌐API_helper]:api_helper.py:165 Status: 200. Response: []
INFO     [🔧TEST CONFIG]:conftest.py:291 Cleaning up 0 organisations
INFO     [🔧TEST CONFIG]:conftest.py:321 Closing all browser sessions
INFO     [🔧TEST CONFIG]:conftest.py:327 Stopped Playwright
WARNING  [🔧TEST CONFIG]:conftest.py:337 Failed to close context: BrowserContext.close: Target page, context or browser has been closed
INFO     [🔧TEST CONFIG]:conftest.py:342 Closed browser (post-stop)
INFO     [🔧TEST CONFIG]:conftest.py:347 Browser cleanup finished
INFO     [🔧TEST CONFIG]:conftest.py:87 Loading test configuration
INFO     [🔧TEST CONFIG]:conftest.py:378 Navigating to: https://console.dev.apolo.us/
WARNING  [🔧TEST CONFIG]:conftest.py:420 [HTTP 200] GET https://api.dev.apolo.us/api/v1/config
Request Body:
<not available>
Response Body (first 1000 chars):
{"authorized": false, "auth_url": "https://auth.dev.apolo.us/authorize", "token_url": "https://auth.dev.apolo.us/oauth/token", "logout_url": "https://auth.dev.apolo.us/v2/logout?returnTo=https://console.dev.apolo.us", "client_id": "q3I0OzzGnTDkhRmpeJ7WWgaTCucmVxTL", "audience": "https://api.dev.apolo.us", "callback_urls": ["http://127.0.0.1:54540", "http://127.0.0.1:54541", "http://127.0.0.1:54542"], "headless_callback_url": "https://api.dev.apolo.us/oauth/show-code", "success_redirect_url": "https://api.dev.apolo.us/oauth/login"}
INFO     [🔧TEST CONFIG]:conftest.py:93 Creating data manager
INFO     [🔧TEST CONFIG]:conftest.py:123 Creating users manager
INFO     [🔧TEST CONFIG]:conftest.py:109 Creating API helper
INFO     [🔧TEST CONFIG]:conftest.py:117 Creating Apolo CLI instance
INFO     [🔧TEST CONFIG]:conftest.py:205 Continue using UserData(email='regression-b3ava4qwop@apolo.us', username='regression-b3ava4qwop', password='0UmOYmbvHYYl') as main test user...
INFO     [👤UsersManager]:users_manager.py:73 Setting main user to UserData(email='regression-b3ava4qwop@apolo.us', username='regression-b3ava4qwop', password='0UmOYmbvHYYl')
INFO     [🔧TEST CONFIG]:conftest.py:235 Continue using UserData(email='regression-dkyztxdzdt@apolo.us', username='regression-dkyztxdzdt', password='z1H#A63NIGkj') as second test user...
INFO     [👤UsersManager]:users_manager.py:82 Setting second user to UserData(email='regression-dkyztxdzdt@apolo.us', username='regression-dkyztxdzdt', password='z1H#A63NIGkj')
INFO     [📘TEST_INFO]:reporting.py:86 ------------------------------------------------------------
INFO     [📘TEST_INFO]:reporting.py:87 📝 TEST started: Verify Manager cannot promote Reader to Admin
INFO     [📘TEST_INFO]:reporting.py:88 ------------------------------------------------------------
INFO     [📘TEST_INFO]:reporting.py:37 ▶️ STEP started: Login via UI
INFO     [📘TEST_INFO]:reporting.py:37 ▶️ STEP started: Click login button
INFO     [🎭 Playwright]:base_page.py:16 <AuthPage>: Click log in button
INFO     [📘TEST_INFO]:reporting.py:51 ✅ STEP completed: Click login button
INFO     [📘TEST_INFO]:reporting.py:225 📸 Screenshot captured and attached (success): /home/runner/work/apolo-test-automation/apolo-test-automation/reports/screenshots/ui_click_login_button_success_ab1320.png
INFO     [📘TEST_INFO]:reporting.py:37 ▶️ STEP started: Enter email
INFO     [🎭 Playwright]:base_page.py:16 <LoginPage>: Enter regression-b3ava4qwop@apolo.us email
INFO     [📘TEST_INFO]:reporting.py:51 ✅ STEP completed: Enter email
INFO     [📘TEST_INFO]:reporting.py:225 📸 Screenshot captured and attached (success): /home/runner/work/apolo-test-automation/apolo-test-automation/reports/screenshots/ui_enter_email_success_bb60b6.png
INFO     [📘TEST_INFO]:reporting.py:37 ▶️ STEP started: Enter password
INFO     [🎭 Playwright]:base_page.py:16 <LoginPage>: Enter ********* password
INFO     [📘TEST_INFO]:reporting.py:51 ✅ STEP completed: Enter password
INFO     [📘TEST_INFO]:reporting.py:225 📸 Screenshot captured and attached (success): /home/runner/work/apolo-test-automation/apolo-test-automation/reports/screenshots/ui_enter_password_success_76fedc.png
INFO     [📘TEST_INFO]:reporting.py:37 ▶️ STEP started: Click Continue button
INFO     [🎭 Playwright]:base_page.py:16 <LoginPage>: Click continue button
INFO     [🎭 Playwright]:base_page.py:16 <LoginPage>: Waiting for spinner
WARNING  [🔧TEST CONFIG]:conftest.py:420 [HTTP 200] GET https://api.dev.apolo.us/api/v1/config
Request Body:
<not available>
Response Body (first 1000 chars):
{"authorized": true, "orgs": [], "clusters": [], "projects": [], "admin_url": "https://api.dev.apolo.us/apis/admin/v1", "auth_url": "https://auth.dev.apolo.us/authorize", "token_url": "https://auth.dev.apolo.us/oauth/token", "logout_url": "https://auth.dev.apolo.us/v2/logout?returnTo=https://console.dev.apolo.us", "client_id": "q3I0OzzGnTDkhRmpeJ7WWgaTCucmVxTL", "audience": "https://api.dev.apolo.us", "callback_urls": ["http://127.0.0.1:54540", "http://127.0.0.1:54541", "http://127.0.0.1:54542"], "headless_callback_url": "https://api.dev.apolo.us/oauth/show-code", "success_redirect_url": "https://api.dev.apolo.us/oauth/login"}
INFO     [🎭 Playwright]:base_page.py:16 <LoginPage>: Waiting for spinner to disappear
WARNING  [🔧TEST CONFIG]:conftest.py:420 [HTTP 200] GET https://api.dev.apolo.us/api/v1/users/regression-b3ava4qwop/permissions?uri=blob:
Request Body:
<not available>
Response Body (first 1000 chars):
[]
WARNING  [🔧TEST CONFIG]:conftest.py:420 [HTTP 200] GET https://api.dev.apolo.us/apis/admin/v1/users/regression-b3ava4qwop?include=orgs
Request Body:
<not available>
Response Body (first 1000 chars):
{"name": "regression-b3ava4qwop", "email": "regression-b3ava4qwop@apolo.us", "first_name": null, "last_name": null, "created_at": "2025-09-16T01:32:22.845891+00:00", "terms_accepted": true, "orgs": []}
WARNING  [🔧TEST CONFIG]:conftest.py:420 [HTTP 200] GET https://api.dev.apolo.us/apis/admin/v1/users/regression-b3ava4qwop?include=clusters&include=system_role
Request Body:
<not available>
Response Body (first 1000 chars):
{"name": "regression-b3ava4qwop", "email": "regression-b3ava4qwop@apolo.us", "first_name": null, "last_name": null, "created_at": "2025-09-16T01:32:22.845891+00:00", "terms_accepted": true, "clusters": []}
WARNING  [🔧TEST CONFIG]:conftest.py:420 [HTTP 500] GET https://api.dev.apolo.us/apis/admin/v1/invites/incoming
Request Body:
<not available>
Response Body (first 1000 chars):
{"error": "Unexpected exception: (sqlalchemy.dialects.postgresql.asyncpg.ProgrammingError) <class 'asyncpg.exceptions.UndefinedColumnError'>: column users.email does not exist\n[SQL: SELECT users.name, users.metadata, users.email, users.version \nFROM users \nWHERE users.name = %s]\n[parameters: ('regression-b3ava4qwop',)]\n(Background on this error at: https://sqlalche.me/e/14/f405). Path with query: /apis/admin/v1/invites/incoming."}
INFO     [📘TEST_INFO]:reporting.py:51 ✅ STEP completed: Click Continue button
INFO     [📘TEST_INFO]:reporting.py:225 📸 Screenshot captured and attached (success): /home/runner/work/apolo-test-automation/apolo-test-automation/reports/screenshots/ui_click_continue_button_success_e83e0e.png
INFO     [📘TEST_INFO]:reporting.py:37 ▶️ STEP started: Verify that Welcome new user page displayed
INFO     [🎭 Playwright]:base_page.py:16 <WelcomeNewUserPage>: Check if page loaded
INFO     [📘TEST_INFO]:reporting.py:51 ✅ STEP completed: Verify that Welcome new user page displayed
INFO     [📘TEST_INFO]:reporting.py:225 📸 Screenshot captured and attached (success): /home/runner/work/apolo-test-automation/apolo-test-automation/reports/screenshots/verify_ui_page_displayed_success_71b595.png
INFO     [📘TEST_INFO]:reporting.py:51 ✅ STEP completed: Login via UI
INFO     [📘TEST_INFO]:reporting.py:225 📸 Screenshot captured and attached (success): /home/runner/work/apolo-test-automation/apolo-test-automation/reports/screenshots/ui_login_success_6facd8.png
INFO     [🔧TEST CONFIG]:conftest.py:378 Navigating to: https://console.dev.apolo.us/
WARNING  [🔧TEST CONFIG]:conftest.py:420 [HTTP 200] GET https://api.dev.apolo.us/api/v1/config
Request Body:
<not available>
Response Body (first 1000 chars):
{"authorized": false, "auth_url": "https://auth.dev.apolo.us/authorize", "token_url": "https://auth.dev.apolo.us/oauth/token", "logout_url": "https://auth.dev.apolo.us/v2/logout?returnTo=https://console.dev.apolo.us", "client_id": "q3I0OzzGnTDkhRmpeJ7WWgaTCucmVxTL", "audience": "https://api.dev.apolo.us", "callback_urls": ["http://127.0.0.1:54540", "http://127.0.0.1:54541", "http://127.0.0.1:54542"], "headless_callback_url": "https://api.dev.apolo.us/oauth/show-code", "success_redirect_url": "https://api.dev.apolo.us/oauth/login"}
INFO     [🔧TEST CONFIG]:conftest.py:378 Navigating to: https://console.dev.apolo.us/
WARNING  [🔧TEST CONFIG]:conftest.py:420 [HTTP 200] GET https://api.dev.apolo.us/api/v1/config
Request Body:
<not available>
Response Body (first 1000 chars):
{"authorized": false, "auth_url": "https://auth.dev.apolo.us/authorize", "token_url": "https://auth.dev.apolo.us/oauth/token", "logout_url": "https://auth.dev.apolo.us/v2/logout?returnTo=https://console.dev.apolo.us", "client_id": "q3I0OzzGnTDkhRmpeJ7WWgaTCucmVxTL", "audience": "https://api.dev.apolo.us", "callback_urls": ["http://127.0.0.1:54540", "http://127.0.0.1:54541", "http://127.0.0.1:54542"], "headless_callback_url": "https://api.dev.apolo.us/oauth/show-code", "success_redirect_url": "https://api.dev.apolo.us/oauth/login"}
INFO     [📘TEST_INFO]:reporting.py:37 ▶️ STEP started: <<User2>> :: Get second user
INFO     [📘TEST_INFO]:reporting.py:51 ✅ STEP completed: <<User2>> :: Get second user
INFO     [📘TEST_INFO]:reporting.py:225 📸 Screenshot captured and attached (success): /home/runner/work/apolo-test-automation/apolo-test-automation/reports/screenshots/ui_get_second_user_success_da7a08.png
INFO     [📘TEST_INFO]:reporting.py:37 ▶️ STEP started: <<User2>> :: Login via UI
INFO     [📘TEST_INFO]:reporting.py:37 ▶️ STEP started: <<User2>> :: Click login button
INFO     [🎭 Playwright]:base_page.py:16 <AuthPage>: Click log in button
INFO     [📘TEST_INFO]:reporting.py:51 ✅ STEP completed: <<User2>> :: Click login button
INFO     [📘TEST_INFO]:reporting.py:225 📸 Screenshot captured and attached (success): /home/runner/work/apolo-test-automation/apolo-test-automation/reports/screenshots/ui_click_login_button_success_aa51da.png
INFO     [📘TEST_INFO]:reporting.py:37 ▶️ STEP started: <<User2>> :: Enter email
INFO     [🎭 Playwright]:base_page.py:16 <LoginPage>: Enter regression-dkyztxdzdt@apolo.us email
INFO     [📘TEST_INFO]:reporting.py:51 ✅ STEP completed: <<User2>> :: Enter email
INFO     [📘TEST_INFO]:reporting.py:225 📸 Screenshot captured and attached (success): /home/runner/work/apolo-test-automation/apolo-test-automation/reports/screenshots/ui_enter_email_success_157dc8.png
INFO     [📘TEST_INFO]:reporting.py:37 ▶️ STEP started: <<User2>> :: Enter password
INFO     [🎭 Playwright]:base_page.py:16 <LoginPage>: Enter ********* password
INFO     [📘TEST_INFO]:reporting.py:51 ✅ STEP completed: <<User2>> :: Enter password
INFO     [📘TEST_INFO]:reporting.py:225 📸 Screenshot captured and attached (success): /home/runner/work/apolo-test-automation/apolo-test-automation/reports/screenshots/ui_enter_password_success_2be432.png
INFO     [📘TEST_INFO]:reporting.py:37 ▶️ STEP started: <<User2>> :: Click Continue button
INFO     [🎭 Playwright]:base_page.py:16 <LoginPage>: Click continue button
WARNING  [🔧TEST CONFIG]:conftest.py:420 [HTTP 200] GET https://api.dev.apolo.us/api/v1/config
Request Body:
<not available>
Response Body (first 1000 chars):
{"authorized": true, "orgs": [], "clusters": [], "projects": [], "admin_url": "https://api.dev.apolo.us/apis/admin/v1", "auth_url": "https://auth.dev.apolo.us/authorize", "token_url": "https://auth.dev.apolo.us/oauth/token", "logout_url": "https://auth.dev.apolo.us/v2/logout?returnTo=https://console.dev.apolo.us", "client_id": "q3I0OzzGnTDkhRmpeJ7WWgaTCucmVxTL", "audience": "https://api.dev.apolo.us", "callback_urls": ["http://127.0.0.1:54540", "http://127.0.0.1:54541", "http://127.0.0.1:54542"], "headless_callback_url": "https://api.dev.apolo.us/oauth/show-code", "success_redirect_url": "https://api.dev.apolo.us/oauth/login"}
WARNING  [🔧TEST CONFIG]:conftest.py:420 [HTTP 200] GET https://api.dev.apolo.us/api/v1/users/regression-dkyztxdzdt/permissions?uri=blob:
Request Body:
<not available>
Response Body (first 1000 chars):
[]
WARNING  [🔧TEST CONFIG]:conftest.py:420 [HTTP 200] GET https://api.dev.apolo.us/apis/admin/v1/invites/incoming
Request Body:
<not available>
Response Body (first 1000 chars):
[]
INFO     [🎭 Playwright]:base_page.py:16 <LoginPage>: Waiting for spinner
INFO     [🎭 Playwright]:base_page.py:16 <LoginPage>: Waiting for spinner to disappear
WARNING  [🔧TEST CONFIG]:conftest.py:420 [HTTP 200] GET https://api.dev.apolo.us/apis/admin/v1/users/regression-dkyztxdzdt?include=orgs
Request Body:
<not available>
Response Body (first 1000 chars):
{"name": "regression-dkyztxdzdt", "email": "regression-dkyztxdzdt@apolo.us", "first_name": null, "last_name": null, "created_at": "2025-09-16T01:33:10.650005+00:00", "terms_accepted": true, "orgs": []}
WARNING  [🔧TEST CONFIG]:conftest.py:420 [HTTP 500] GET https://api.dev.apolo.us/apis/admin/v1/users/regression-dkyztxdzdt?include=clusters&include=system_role
Request Body:
<not available>
Response Body (first 1000 chars):
{"error": "Unexpected exception: (sqlalchemy.dialects.postgresql.asyncpg.ProgrammingError) <class 'asyncpg.exceptions.UndefinedColumnError'>: column users.email does not exist\n[SQL: SELECT users.name, users.metadata, users.email, users.version \nFROM users \nWHERE users.name = %s]\n[parameters: ('regression-dkyztxdzdt',)]\n(Background on this error at: https://sqlalche.me/e/14/f405). Path with query: /apis/admin/v1/users/regression-dkyztxdzdt?include=clusters&include=system_role."}
INFO     [🎭 Playwright]:base_page.py:16 <LoginPage>: Timeout error for spinner
INFO     [📘TEST_INFO]:reporting.py:51 ✅ STEP completed: <<User2>> :: Click Continue button
INFO     [📘TEST_INFO]:reporting.py:225 📸 Screenshot captured and attached (success): /home/runner/work/apolo-test-automation/apolo-test-automation/reports/screenshots/ui_click_continue_button_success_595da0.png
INFO     [📘TEST_INFO]:reporting.py:37 ▶️ STEP started: <<User2>> :: Verify that Welcome new user page displayed
INFO     [🎭 Playwright]:base_page.py:16 <WelcomeNewUserPage>: Check if page loaded
ERROR    [📘TEST_INFO]:reporting.py:56 ❌ STEP failed: <<User2>> :: Verify that Welcome new user page displayed
INFO     [📘TEST_INFO]:reporting.py:225 📸 Screenshot captured and attached (fail): /home/runner/work/apolo-test-automation/apolo-test-automation/reports/screenshots/verify_ui_page_displayed_fail_698d1e.png
ERROR    [📘TEST_INFO]:reporting.py:56 ❌ STEP failed: <<User2>> :: Login via UI
INFO     [📘TEST_INFO]:reporting.py:225 📸 Screenshot captured and attached (fail): /home/runner/work/apolo-test-automation/apolo-test-automation/reports/screenshots/ui_login_fail_cc14b9.png
ERROR    [📘TEST_INFO]:reporting.py:95 ❌ TEST failed: Verify Manager cannot promote Reader to Admin
Exception: [AssertionError] during step: <<User2>> :: Login via UI
Message: [AssertionError] during step: <<User2>> :: Verify that Welcome new user page displayed
Message: Locator expected to be visible
Actual value: <element(s) not found> 
Call log:
  - Expect "to_be_visible" with timeout 5000ms
  - waiting for locator("h3.truncate.text-h3").filter(has_text="Welcome, regression-dkyztxdzdt@apolo.us")

INFO     [📘TEST_INFO]:reporting.py:98 ------------------------------------------------------------
INFO     [🌐API_helper]:api_helper.py:54 GET https://api.dev.apolo.us/apis/admin/v1/orgs
INFO     [🌐API_helper]:api_helper.py:165 Status: 200. Response: []
INFO     [🔧TEST CONFIG]:conftest.py:291 Cleaning up 0 organisations
INFO     [🔧TEST CONFIG]:conftest.py:321 Closing all browser sessions
INFO     [🔧TEST CONFIG]:conftest.py:327 Stopped Playwright
WARNING  [🔧TEST CONFIG]:conftest.py:337 Failed to close context: BrowserContext.close: Target page, context or browser has been closed
INFO     [🔧TEST CONFIG]:conftest.py:342 Closed browser (post-stop)
INFO     [🔧TEST CONFIG]:conftest.py:327 Stopped Playwright
WARNING  [🔧TEST CONFIG]:conftest.py:337 Failed to close context: BrowserContext.close: Target page, context or browser has been closed
INFO     [🔧TEST CONFIG]:conftest.py:342 Closed browser (post-stop)
INFO     [🔧TEST CONFIG]:conftest.py:327 Stopped Playwright
WARNING  [🔧TEST CONFIG]:conftest.py:337 Failed to close context: BrowserContext.close: Target page, context or browser has been closed
INFO     [🔧TEST CONFIG]:conftest.py:342 Closed browser (post-stop)
INFO     [🔧TEST CONFIG]:conftest.py:347 Browser cleanup finished
INFO     [🔧TEST CONFIG]:conftest.py:87 Loading test configuration
INFO     [🔧TEST CONFIG]:conftest.py:378 Navigating to: https://console.dev.apolo.us/
WARNING  [🔧TEST CONFIG]:conftest.py:420 [HTTP 200] GET https://api.dev.apolo.us/api/v1/config
Request Body:
<not available>
Response Body (first 1000 chars):
{"authorized": false, "auth_url": "https://auth.dev.apolo.us/authorize", "token_url": "https://auth.dev.apolo.us/oauth/token", "logout_url": "https://auth.dev.apolo.us/v2/logout?returnTo=https://console.dev.apolo.us", "client_id": "q3I0OzzGnTDkhRmpeJ7WWgaTCucmVxTL", "audience": "https://api.dev.apolo.us", "callback_urls": ["http://127.0.0.1:54540", "http://127.0.0.1:54541", "http://127.0.0.1:54542"], "headless_callback_url": "https://api.dev.apolo.us/oauth/show-code", "success_redirect_url": "https://api.dev.apolo.us/oauth/login"}
INFO     [🔧TEST CONFIG]:conftest.py:93 Creating data manager
INFO     [🔧TEST CONFIG]:conftest.py:123 Creating users manager
INFO     [🔧TEST CONFIG]:conftest.py:109 Creating API helper
INFO     [🔧TEST CONFIG]:conftest.py:117 Creating Apolo CLI instance
INFO     [🔧TEST CONFIG]:conftest.py:205 Continue using UserData(email='regression-b3ava4qwop@apolo.us', username='regression-b3ava4qwop', password='0UmOYmbvHYYl') as main test user...
INFO     [👤UsersManager]:users_manager.py:73 Setting main user to UserData(email='regression-b3ava4qwop@apolo.us', username='regression-b3ava4qwop', password='0UmOYmbvHYYl')
INFO     [🔧TEST CONFIG]:conftest.py:235 Continue using UserData(email='regression-dkyztxdzdt@apolo.us', username='regression-dkyztxdzdt', password='z1H#A63NIGkj') as second test user...
INFO     [👤UsersManager]:users_manager.py:82 Setting second user to UserData(email='regression-dkyztxdzdt@apolo.us', username='regression-dkyztxdzdt', password='z1H#A63NIGkj')
INFO     [📘TEST_INFO]:reporting.py:86 ------------------------------------------------------------
INFO     [📘TEST_INFO]:reporting.py:87 📝 TEST started: Verify Manager cannot promote Reader to Admin
INFO     [📘TEST_INFO]:reporting.py:88 ------------------------------------------------------------
INFO     [📘TEST_INFO]:reporting.py:37 ▶️ STEP started: Login via UI
INFO     [📘TEST_INFO]:reporting.py:37 ▶️ STEP started: Click login button
INFO     [🎭 Playwright]:base_page.py:16 <AuthPage>: Click log in button
INFO     [📘TEST_INFO]:reporting.py:51 ✅ STEP completed: Click login button
INFO     [📘TEST_INFO]:reporting.py:225 📸 Screenshot captured and attached (success): /home/runner/work/apolo-test-automation/apolo-test-automation/reports/screenshots/ui_click_login_button_success_141aaa.png
INFO     [📘TEST_INFO]:reporting.py:37 ▶️ STEP started: Enter email
INFO     [🎭 Playwright]:base_page.py:16 <LoginPage>: Enter regression-b3ava4qwop@apolo.us email
INFO     [📘TEST_INFO]:reporting.py:51 ✅ STEP completed: Enter email
INFO     [📘TEST_INFO]:reporting.py:225 📸 Screenshot captured and attached (success): /home/runner/work/apolo-test-automation/apolo-test-automation/reports/screenshots/ui_enter_email_success_9dda42.png
INFO     [📘TEST_INFO]:reporting.py:37 ▶️ STEP started: Enter password
INFO     [🎭 Playwright]:base_page.py:16 <LoginPage>: Enter ********* password
INFO     [📘TEST_INFO]:reporting.py:51 ✅ STEP completed: Enter password
INFO     [📘TEST_INFO]:reporting.py:225 📸 Screenshot captured and attached (success): /home/runner/work/apolo-test-automation/apolo-test-automation/reports/screenshots/ui_enter_password_success_43cdce.png
INFO     [📘TEST_INFO]:reporting.py:37 ▶️ STEP started: Click Continue button
INFO     [🎭 Playwright]:base_page.py:16 <LoginPage>: Click continue button
INFO     [🎭 Playwright]:base_page.py:16 <LoginPage>: Waiting for spinner
WARNING  [🔧TEST CONFIG]:conftest.py:420 [HTTP 200] GET https://api.dev.apolo.us/api/v1/config
Request Body:
<not available>
Response Body (first 1000 chars):
{"authorized": true, "orgs": [], "clusters": [], "projects": [], "admin_url": "https://api.dev.apolo.us/apis/admin/v1", "auth_url": "https://auth.dev.apolo.us/authorize", "token_url": "https://auth.dev.apolo.us/oauth/token", "logout_url": "https://auth.dev.apolo.us/v2/logout?returnTo=https://console.dev.apolo.us", "client_id": "q3I0OzzGnTDkhRmpeJ7WWgaTCucmVxTL", "audience": "https://api.dev.apolo.us", "callback_urls": ["http://127.0.0.1:54540", "http://127.0.0.1:54541", "http://127.0.0.1:54542"], "headless_callback_url": "https://api.dev.apolo.us/oauth/show-code", "success_redirect_url": "https://api.dev.apolo.us/oauth/login"}
WARNING  [🔧TEST CONFIG]:conftest.py:420 [HTTP 200] GET https://api.dev.apolo.us/api/v1/users/regression-b3ava4qwop/permissions?uri=blob:
Request Body:
<not available>
Response Body (first 1000 chars):
[]
WARNING  [🔧TEST CONFIG]:conftest.py:420 [HTTP 200] GET https://api.dev.apolo.us/apis/admin/v1/invites/incoming
Request Body:
<not available>
Response Body (first 1000 chars):
[]
WARNING  [🔧TEST CONFIG]:conftest.py:420 [HTTP 200] GET https://api.dev.apolo.us/apis/admin/v1/users/regression-b3ava4qwop?include=clusters&include=system_role
Request Body:
<not available>
Response Body (first 1000 chars):
{"name": "regression-b3ava4qwop", "email": "regression-b3ava4qwop@apolo.us", "first_name": null, "last_name": null, "created_at": "2025-09-16T01:32:22.845891+00:00", "terms_accepted": true, "clusters": []}
WARNING  [🔧TEST CONFIG]:conftest.py:420 [HTTP 200] GET https://api.dev.apolo.us/apis/admin/v1/users/regression-b3ava4qwop?include=orgs
Request Body:
<not available>
Response Body (first 1000 chars):
{"name": "regression-b3ava4qwop", "email": "regression-b3ava4qwop@apolo.us", "first_name": null, "last_name": null, "created_at": "2025-09-16T01:32:22.845891+00:00", "terms_accepted": true, "orgs": []}
INFO     [🎭 Playwright]:base_page.py:16 <LoginPage>: Timeout error for spinner
INFO     [📘TEST_INFO]:reporting.py:51 ✅ STEP completed: Click Continue button
INFO     [📘TEST_INFO]:reporting.py:225 📸 Screenshot captured and attached (success): /home/runner/work/apolo-test-automation/apolo-test-automation/reports/screenshots/ui_click_continue_button_success_d5f6c3.png
INFO     [📘TEST_INFO]:reporting.py:37 ▶️ STEP started: Verify that Welcome new user page displayed
INFO     [🎭 Playwright]:base_page.py:16 <WelcomeNewUserPage>: Check if page loaded
INFO     [📘TEST_INFO]:reporting.py:51 ✅ STEP completed: Verify that Welcome new user page displayed
INFO     [📘TEST_INFO]:reporting.py:225 📸 Screenshot captured and attached (success): /home/runner/work/apolo-test-automation/apolo-test-automation/reports/screenshots/verify_ui_page_displayed_success_b7d54c.png
INFO     [📘TEST_INFO]:reporting.py:51 ✅ STEP completed: Login via UI
INFO     [📘TEST_INFO]:reporting.py:225 📸 Screenshot captured and attached (success): /home/runner/work/apolo-test-automation/apolo-test-automation/reports/screenshots/ui_login_success_9aff26.png
INFO     [🔧TEST CONFIG]:conftest.py:378 Navigating to: https://console.dev.apolo.us/
WARNING  [🔧TEST CONFIG]:conftest.py:420 [HTTP 200] GET https://api.dev.apolo.us/api/v1/config
Request Body:
<not available>
Response Body (first 1000 chars):
{"authorized": false, "auth_url": "https://auth.dev.apolo.us/authorize", "token_url": "https://auth.dev.apolo.us/oauth/token", "logout_url": "https://auth.dev.apolo.us/v2/logout?returnTo=https://console.dev.apolo.us", "client_id": "q3I0OzzGnTDkhRmpeJ7WWgaTCucmVxTL", "audience": "https://api.dev.apolo.us", "callback_urls": ["http://127.0.0.1:54540", "http://127.0.0.1:54541", "http://127.0.0.1:54542"], "headless_callback_url": "https://api.dev.apolo.us/oauth/show-code", "success_redirect_url": "https://api.dev.apolo.us/oauth/login"}
INFO     [🔧TEST CONFIG]:conftest.py:378 Navigating to: https://console.dev.apolo.us/
WARNING  [🔧TEST CONFIG]:conftest.py:420 [HTTP 200] GET https://api.dev.apolo.us/api/v1/config
Request Body:
<not available>
Response Body (first 1000 chars):
{"authorized": false, "auth_url": "https://auth.dev.apolo.us/authorize", "token_url": "https://auth.dev.apolo.us/oauth/token", "logout_url": "https://auth.dev.apolo.us/v2/logout?returnTo=https://console.dev.apolo.us", "client_id": "q3I0OzzGnTDkhRmpeJ7WWgaTCucmVxTL", "audience": "https://api.dev.apolo.us", "callback_urls": ["http://127.0.0.1:54540", "http://127.0.0.1:54541", "http://127.0.0.1:54542"], "headless_callback_url": "https://api.dev.apolo.us/oauth/show-code", "success_redirect_url": "https://api.dev.apolo.us/oauth/login"}
INFO     [📘TEST_INFO]:reporting.py:37 ▶️ STEP started: <<User2>> :: Get second user
INFO     [📘TEST_INFO]:reporting.py:51 ✅ STEP completed: <<User2>> :: Get second user
INFO     [📘TEST_INFO]:reporting.py:225 📸 Screenshot captured and attached (success): /home/runner/work/apolo-test-automation/apolo-test-automation/reports/screenshots/ui_get_second_user_success_7a64d6.png
INFO     [📘TEST_INFO]:reporting.py:37 ▶️ STEP started: <<User2>> :: Login via UI
INFO     [📘TEST_INFO]:reporting.py:37 ▶️ STEP started: <<User2>> :: Click login button
INFO     [🎭 Playwright]:base_page.py:16 <AuthPage>: Click log in button
INFO     [📘TEST_INFO]:reporting.py:51 ✅ STEP completed: <<User2>> :: Click login button
INFO     [📘TEST_INFO]:reporting.py:225 📸 Screenshot captured and attached (success): /home/runner/work/apolo-test-automation/apolo-test-automation/reports/screenshots/ui_click_login_button_success_9576d3.png
INFO     [📘TEST_INFO]:reporting.py:37 ▶️ STEP started: <<User2>> :: Enter email
INFO     [🎭 Playwright]:base_page.py:16 <LoginPage>: Enter regression-dkyztxdzdt@apolo.us email
INFO     [📘TEST_INFO]:reporting.py:51 ✅ STEP completed: <<User2>> :: Enter email
INFO     [📘TEST_INFO]:reporting.py:225 📸 Screenshot captured and attached (success): /home/runner/work/apolo-test-automation/apolo-test-automation/reports/screenshots/ui_enter_email_success_4d96d8.png
INFO     [📘TEST_INFO]:reporting.py:37 ▶️ STEP started: <<User2>> :: Enter password
INFO     [🎭 Playwright]:base_page.py:16 <LoginPage>: Enter ********* password
INFO     [📘TEST_INFO]:reporting.py:51 ✅ STEP completed: <<User2>> :: Enter password
INFO     [📘TEST_INFO]:reporting.py:225 📸 Screenshot captured and attached (success): /home/runner/work/apolo-test-automation/apolo-test-automation/reports/screenshots/ui_enter_password_success_0ea62a.png
INFO     [📘TEST_INFO]:reporting.py:37 ▶️ STEP started: <<User2>> :: Click Continue button
INFO     [🎭 Playwright]:base_page.py:16 <LoginPage>: Click continue button
WARNING  [🔧TEST CONFIG]:conftest.py:420 [HTTP 200] GET https://api.dev.apolo.us/api/v1/config
Request Body:
<not available>
Response Body (first 1000 chars):
{"authorized": true, "orgs": [], "clusters": [], "projects": [], "admin_url": "https://api.dev.apolo.us/apis/admin/v1", "auth_url": "https://auth.dev.apolo.us/authorize", "token_url": "https://auth.dev.apolo.us/oauth/token", "logout_url": "https://auth.dev.apolo.us/v2/logout?returnTo=https://console.dev.apolo.us", "client_id": "q3I0OzzGnTDkhRmpeJ7WWgaTCucmVxTL", "audience": "https://api.dev.apolo.us", "callback_urls": ["http://127.0.0.1:54540", "http://127.0.0.1:54541", "http://127.0.0.1:54542"], "headless_callback_url": "https://api.dev.apolo.us/oauth/show-code", "success_redirect_url": "https://api.dev.apolo.us/oauth/login"}
WARNING  [🔧TEST CONFIG]:conftest.py:420 [HTTP 200] GET https://api.dev.apolo.us/api/v1/users/regression-dkyztxdzdt/permissions?uri=blob:
Request Body:
<not available>
Response Body (first 1000 chars):
[]
INFO     [🎭 Playwright]:base_page.py:16 <LoginPage>: Waiting for spinner
INFO     [🎭 Playwright]:base_page.py:16 <LoginPage>: Waiting for spinner to disappear
WARNING  [🔧TEST CONFIG]:conftest.py:420 [HTTP 200] GET https://api.dev.apolo.us/apis/admin/v1/users/regression-dkyztxdzdt?include=orgs
Request Body:
<not available>
Response Body (first 1000 chars):
{"name": "regression-dkyztxdzdt", "email": "regression-dkyztxdzdt@apolo.us", "first_name": null, "last_name": null, "created_at": "2025-09-16T01:33:10.650005+00:00", "terms_accepted": true, "orgs": []}
WARNING  [🔧TEST CONFIG]:conftest.py:420 [HTTP 200] GET https://api.dev.apolo.us/apis/admin/v1/users/regression-dkyztxdzdt?include=clusters&include=system_role
Request Body:
<not available>
Response Body (first 1000 chars):
{"name": "regression-dkyztxdzdt", "email": "regression-dkyztxdzdt@apolo.us", "first_name": null, "last_name": null, "created_at": "2025-09-16T01:33:10.650005+00:00", "terms_accepted": true, "clusters": []}
INFO     [📘TEST_INFO]:reporting.py:51 ✅ STEP completed: <<User2>> :: Click Continue button
WARNING  [🔧TEST CONFIG]:conftest.py:420 [HTTP 200] GET https://api.dev.apolo.us/apis/admin/v1/invites/incoming
Request Body:
<not available>
Response Body (first 1000 chars):
[]
INFO     [📘TEST_INFO]:reporting.py:225 📸 Screenshot captured and attached (success): /home/runner/work/apolo-test-automation/apolo-test-automation/reports/screenshots/ui_click_continue_button_success_a284da.png
INFO     [📘TEST_INFO]:reporting.py:37 ▶️ STEP started: <<User2>> :: Verify that Welcome new user page displayed
INFO     [🎭 Playwright]:base_page.py:16 <WelcomeNewUserPage>: Check if page loaded
INFO     [📘TEST_INFO]:reporting.py:51 ✅ STEP completed: <<User2>> :: Verify that Welcome new user page displayed
INFO     [📘TEST_INFO]:reporting.py:225 📸 Screenshot captured and attached (success): /home/runner/work/apolo-test-automation/apolo-test-automation/reports/screenshots/verify_ui_page_displayed_success_c09959.png
INFO     [📘TEST_INFO]:reporting.py:51 ✅ STEP completed: <<User2>> :: Login via UI
INFO     [📘TEST_INFO]:reporting.py:225 📸 Screenshot captured and attached (success): /home/runner/work/apolo-test-automation/apolo-test-automation/reports/screenshots/ui_login_success_090c5b.png
INFO     [📘TEST_INFO]:reporting.py:37 ▶️ STEP started: <<User3>> :: Get third user
INFO     [📘TEST_INFO]:reporting.py:37 ▶️ STEP started: <<User3>> :: Signup new user via UI and activate email verification link
INFO     [👤UsersManager]:users_manager.py:59 Generated new user: UserData(email='regression-2tr0mkaqol@apolo.us', username='regression-2tr0mkaqol', password='WEMfJ$Dr0P8o')
INFO     [👤UsersManager]:users_manager.py:73 Setting main user to UserData(email='regression-2tr0mkaqol@apolo.us', username='regression-2tr0mkaqol', password='WEMfJ$Dr0P8o')
INFO     [📘TEST_INFO]:reporting.py:37 ▶️ STEP started: <<User3>> :: Click signup button
INFO     [🎭 Playwright]:base_page.py:16 <AuthPage>: Click sign up button
INFO     [📘TEST_INFO]:reporting.py:51 ✅ STEP completed: <<User3>> :: Click signup button
INFO     [📘TEST_INFO]:reporting.py:225 📸 Screenshot captured and attached (success): /home/runner/work/apolo-test-automation/apolo-test-automation/reports/screenshots/ui_click_signup_button_success_c99f37.png
INFO     [📘TEST_INFO]:reporting.py:37 ▶️ STEP started: <<User3>> :: Enter email
INFO     [🎭 Playwright]:base_page.py:16 <SignupPage>: Enter regression-2tr0mkaqol@apolo.us email
INFO     [📘TEST_INFO]:reporting.py:51 ✅ STEP completed: <<User3>> :: Enter email
INFO     [📘TEST_INFO]:reporting.py:225 📸 Screenshot captured and attached (success): /home/runner/work/apolo-test-automation/apolo-test-automation/reports/screenshots/ui_enter_email_success_172456.png
INFO     [📘TEST_INFO]:reporting.py:37 ▶️ STEP started: <<User3>> :: Enter password
INFO     [🎭 Playwright]:base_page.py:16 <SignupPage>: Enter ********* password
INFO     [📘TEST_INFO]:reporting.py:51 ✅ STEP completed: <<User3>> :: Enter password
INFO     [📘TEST_INFO]:reporting.py:225 📸 Screenshot captured and attached (success): /home/runner/work/apolo-test-automation/apolo-test-automation/reports/screenshots/ui_enter_password_success_d78be8.png
INFO     [📘TEST_INFO]:reporting.py:37 ▶️ STEP started: <<User3>> :: Click continue button
INFO     [🎭 Playwright]:base_page.py:16 <SignupPage>: Click continue button
INFO     [📘TEST_INFO]:reporting.py:51 ✅ STEP completed: <<User3>> :: Click continue button
INFO     [📘TEST_INFO]:reporting.py:225 📸 Screenshot captured and attached (success): /home/runner/work/apolo-test-automation/apolo-test-automation/reports/screenshots/ui_click_continue_button_success_2cba73.png
INFO     [📘TEST_INFO]:reporting.py:37 ▶️ STEP started: <<User3>> :: Verify that Verify email message displayed
INFO     [🎭 Playwright]:base_page.py:16 <MainPage>: Check if verify email message displayed
WARNING  [🔧TEST CONFIG]:conftest.py:420 [HTTP 200] GET https://api.dev.apolo.us/api/v1/config
Request Body:
<not available>
Response Body (first 1000 chars):
{"authorized": false, "auth_url": "https://auth.dev.apolo.us/authorize", "token_url": "https://auth.dev.apolo.us/oauth/token", "logout_url": "https://auth.dev.apolo.us/v2/logout?returnTo=https://console.dev.apolo.us", "client_id": "q3I0OzzGnTDkhRmpeJ7WWgaTCucmVxTL", "audience": "https://api.dev.apolo.us", "callback_urls": ["http://127.0.0.1:54540", "http://127.0.0.1:54541", "http://127.0.0.1:54542"], "headless_callback_url": "https://api.dev.apolo.us/oauth/show-code", "success_redirect_url": "https://api.dev.apolo.us/oauth/login"}
INFO     [📘TEST_INFO]:reporting.py:51 ✅ STEP completed: <<User3>> :: Verify that Verify email message displayed
INFO     [📘TEST_INFO]:reporting.py:225 📸 Screenshot captured and attached (success): /home/runner/work/apolo-test-automation/apolo-test-automation/reports/screenshots/verify_ui_email_message_displayed_success_f8b905.png
INFO     [📘TEST_INFO]:reporting.py:37 ▶️ STEP started: Verify user email with the activation link
INFO     [🌐API_helper]:api_helper.py:134 Checking if user regression-2tr0mkaqol@apolo.us needs verification...
INFO     [🌐API_helper]:api_helper.py:54 GET https://api.dev.apolo.us/apis/admin/v1/users/auth0-email-verify-ticket?email=regression-2tr0mkaqol@apolo.us
INFO     [🌐API_helper]:api_helper.py:136 Status: 200. Response: {'ticket': 'https://auth.dev.apolo.us/u/email-verification?ticket=eVOhsVbU4GClnoG5bO0wXQKoze9qScaV#'}
INFO     [📘TEST_INFO]:reporting.py:37 ▶️ STEP started: <<User3>> :: Navigate to URL
INFO     [🎭 Playwright]:base_page.py:16 <MainPage>: Navigated to: https://auth.dev.apolo.us/u/email-verification?ticket=eVOhsVbU4GClnoG5bO0wXQKoze9qScaV#
INFO     [🎭 Playwright]:base_page.py:16 <MainPage>: Waiting for network idle...
INFO     [🎭 Playwright]:base_page.py:16 <MainPage>: Page is idle (networkidle state reached)
INFO     [📘TEST_INFO]:reporting.py:51 ✅ STEP completed: <<User3>> :: Navigate to URL
INFO     [📘TEST_INFO]:reporting.py:225 📸 Screenshot captured and attached (success): /home/runner/work/apolo-test-automation/apolo-test-automation/reports/screenshots/ui_open_url_in_browser_success_dfc282.png
INFO     [🌐API_helper]:api_helper.py:134 Checking if user regression-2tr0mkaqol@apolo.us needs verification...
INFO     [🌐API_helper]:api_helper.py:54 GET https://api.dev.apolo.us/apis/admin/v1/users/auth0-email-verify-ticket?email=regression-2tr0mkaqol@apolo.us
INFO     [🌐API_helper]:api_helper.py:136 Status: 200. Response: {'detail': 'Email already verified'}
INFO     [📘TEST_INFO]:reporting.py:51 ✅ STEP completed: Verify user email with the activation link
INFO     [📘TEST_INFO]:reporting.py:37 ▶️ STEP started: <<User3>> :: Navigate to URL
INFO     [🎭 Playwright]:base_page.py:16 <MainPage>: Navigated to: https://console.dev.apolo.us/
INFO     [🎭 Playwright]:base_page.py:16 <MainPage>: Waiting for network idle...
WARNING  [🔧TEST CONFIG]:conftest.py:420 [HTTP 200] GET https://api.dev.apolo.us/api/v1/config
Request Body:
<not available>
Response Body (first 1000 chars):
{"authorized": false, "auth_url": "https://auth.dev.apolo.us/authorize", "token_url": "https://auth.dev.apolo.us/oauth/token", "logout_url": "https://auth.dev.apolo.us/v2/logout?returnTo=https://console.dev.apolo.us", "client_id": "q3I0OzzGnTDkhRmpeJ7WWgaTCucmVxTL", "audience": "https://api.dev.apolo.us", "callback_urls": ["http://127.0.0.1:54540", "http://127.0.0.1:54541", "http://127.0.0.1:54542"], "headless_callback_url": "https://api.dev.apolo.us/oauth/show-code", "success_redirect_url": "https://api.dev.apolo.us/oauth/login"}
INFO     [🎭 Playwright]:base_page.py:16 <MainPage>: Page is idle (networkidle state reached)
INFO     [📘TEST_INFO]:reporting.py:51 ✅ STEP completed: <<User3>> :: Navigate to URL
INFO     [📘TEST_INFO]:reporting.py:225 📸 Screenshot captured and attached (success): /home/runner/work/apolo-test-automation/apolo-test-automation/reports/screenshots/ui_open_url_in_browser_success_36384e.png
INFO     [📘TEST_INFO]:reporting.py:37 ▶️ STEP started: <<User3>> :: Verify that Auth page displayed
INFO     [🎭 Playwright]:base_page.py:16 <AuthPage>: Check if page loaded
INFO     [📘TEST_INFO]:reporting.py:51 ✅ STEP completed: <<User3>> :: Verify that Auth page displayed
INFO     [📘TEST_INFO]:reporting.py:225 📸 Screenshot captured and attached (success): /home/runner/work/apolo-test-automation/apolo-test-automation/reports/screenshots/verify_ui_page_displayed_success_3179de.png
INFO     [📘TEST_INFO]:reporting.py:37 ▶️ STEP started: <<User3>> :: Click login button
INFO     [🎭 Playwright]:base_page.py:16 <AuthPage>: Click log in button
INFO     [📘TEST_INFO]:reporting.py:51 ✅ STEP completed: <<User3>> :: Click login button
INFO     [📘TEST_INFO]:reporting.py:225 📸 Screenshot captured and attached (success): /home/runner/work/apolo-test-automation/apolo-test-automation/reports/screenshots/ui_click_login_button_success_472722.png
INFO     [📘TEST_INFO]:reporting.py:37 ▶️ STEP started: <<User3>> :: Verify that Signup username page displayed
INFO     [🎭 Playwright]:base_page.py:16 <SignupUsernamePage>: Check if page is loaded
WARNING  [🔧TEST CONFIG]:conftest.py:420 [HTTP 404] HEAD https://api.dev.apolo.us/apis/admin/v1/users/regression-2tr0mkaqol
Request Body:
<not available>
Response Body (first 1000 chars):
<unavailable>
INFO     [📘TEST_INFO]:reporting.py:51 ✅ STEP completed: <<User3>> :: Verify that Signup username page displayed
INFO     [📘TEST_INFO]:reporting.py:225 📸 Screenshot captured and attached (success): /home/runner/work/apolo-test-automation/apolo-test-automation/reports/screenshots/verify_ui_page_displayed_success_2b1dd5.png
INFO     [📘TEST_INFO]:reporting.py:37 ▶️ STEP started: <<User3>> :: Enter username
INFO     [🎭 Playwright]:base_page.py:16 <SignupUsernamePage>: Enter regression-2tr0mkaqol username
WARNING  [🔧TEST CONFIG]:conftest.py:420 [HTTP 404] HEAD https://api.dev.apolo.us/apis/admin/v1/users/
Request Body:
<not available>
Response Body (first 1000 chars):
<unavailable>
WARNING  [🔧TEST CONFIG]:conftest.py:420 [HTTP 404] HEAD https://api.dev.apolo.us/apis/admin/v1/users/regression-2tr0mkaqol
Request Body:
<not available>
Response Body (first 1000 chars):
<unavailable>
INFO     [🎭 Playwright]:base_page.py:16 <SignupUsernamePage>: Wait for network idle
INFO     [🎭 Playwright]:base_page.py:16 <SignupUsernamePage>: Network idle done
INFO     [📘TEST_INFO]:reporting.py:51 ✅ STEP completed: <<User3>> :: Enter username
INFO     [📘TEST_INFO]:reporting.py:225 📸 Screenshot captured and attached (success): /home/runner/work/apolo-test-automation/apolo-test-automation/reports/screenshots/ui_enter_username_success_a1a1ef.png
INFO     [📘TEST_INFO]:reporting.py:37 ▶️ STEP started: <<User3>> :: Click signup button on Signup username page
INFO     [🎭 Playwright]:base_page.py:16 <SignupUsernamePage>: Click signup button
WARNING  [🔧TEST CONFIG]:conftest.py:420 [HTTP 200] GET https://api.dev.apolo.us/api/v1/config
Request Body:
<not available>
Response Body (first 1000 chars):
{"authorized": false, "auth_url": "https://auth.dev.apolo.us/authorize", "token_url": "https://auth.dev.apolo.us/oauth/token", "logout_url": "https://auth.dev.apolo.us/v2/logout?returnTo=https://console.dev.apolo.us", "client_id": "q3I0OzzGnTDkhRmpeJ7WWgaTCucmVxTL", "audience": "https://api.dev.apolo.us", "callback_urls": ["http://127.0.0.1:54540", "http://127.0.0.1:54541", "http://127.0.0.1:54542"], "headless_callback_url": "https://api.dev.apolo.us/oauth/show-code", "success_redirect_url": "https://api.dev.apolo.us/oauth/login"}
INFO     [🎭 Playwright]:base_page.py:16 <SignupUsernamePage>: Waiting for spinner
WARNING  [🔧TEST CONFIG]:conftest.py:420 [HTTP 200] GET https://api.dev.apolo.us/api/v1/config
Request Body:
<not available>
Response Body (first 1000 chars):
{"authorized": false, "auth_url": "https://auth.dev.apolo.us/authorize", "token_url": "https://auth.dev.apolo.us/oauth/token", "logout_url": "https://auth.dev.apolo.us/v2/logout?returnTo=https://console.dev.apolo.us", "client_id": "q3I0OzzGnTDkhRmpeJ7WWgaTCucmVxTL", "audience": "https://api.dev.apolo.us", "callback_urls": ["http://127.0.0.1:54540", "http://127.0.0.1:54541", "http://127.0.0.1:54542"], "headless_callback_url": "https://api.dev.apolo.us/oauth/show-code", "success_redirect_url": "https://api.dev.apolo.us/oauth/login"}
INFO     [🎭 Playwright]:base_page.py:16 <SignupUsernamePage>: Timeout error for spinner
INFO     [📘TEST_INFO]:reporting.py:51 ✅ STEP completed: <<User3>> :: Click signup button on Signup username page
INFO     [📘TEST_INFO]:reporting.py:225 📸 Screenshot captured and attached (success): /home/runner/work/apolo-test-automation/apolo-test-automation/reports/screenshots/ui_click_signup_button_success_8b467d.png
INFO     [📘TEST_INFO]:reporting.py:37 ▶️ STEP started: <<User3>> :: Verify that User agreement pop up displayed
INFO     [🎭 Playwright]:base_page.py:16 <MainPage>: Check if user_agreement pop up displayed
ERROR    [📘TEST_INFO]:reporting.py:56 ❌ STEP failed: <<User3>> :: Verify that User agreement pop up displayed
INFO     [📘TEST_INFO]:reporting.py:225 📸 Screenshot captured and attached (fail): /home/runner/work/apolo-test-automation/apolo-test-automation/reports/screenshots/verify_ui_terms_of_agreement_displayed_fail_866b6f.png
ERROR    [📘TEST_INFO]:reporting.py:56 ❌ STEP failed: <<User3>> :: Signup new user via UI and activate email verification link
INFO     [📘TEST_INFO]:reporting.py:225 📸 Screenshot captured and attached (fail): /home/runner/work/apolo-test-automation/apolo-test-automation/reports/screenshots/ui_signup_new_user_ver_link_fail_b7ac19.png
ERROR    [📘TEST_INFO]:reporting.py:56 ❌ STEP failed: <<User3>> :: Get third user
INFO     [📘TEST_INFO]:reporting.py:225 📸 Screenshot captured and attached (fail): /home/runner/work/apolo-test-automation/apolo-test-automation/reports/screenshots/ui_get_third_user_fail_1dbc7a.png
ERROR    [📘TEST_INFO]:reporting.py:95 ❌ TEST failed: Verify Manager cannot promote Reader to Admin
Exception: [AssertionError] during step: <<User3>> :: Get third user
Message: [AssertionError] during step: <<User3>> :: Signup new user via UI and activate email verification link
Message: [AssertionError] during step: <<User3>> :: Verify that User agreement pop up displayed
Message: User agreement popup should be displayed!
INFO     [📘TEST_INFO]:reporting.py:98 ------------------------------------------------------------
INFO     [🌐API_helper]:api_helper.py:54 GET https://api.dev.apolo.us/apis/admin/v1/orgs
INFO     [🌐API_helper]:api_helper.py:165 Status: 200. Response: []
INFO     [🔧TEST CONFIG]:conftest.py:291 Cleaning up 0 organisations
INFO     [🔧TEST CONFIG]:conftest.py:321 Closing all browser sessions
INFO     [🔧TEST CONFIG]:conftest.py:327 Stopped Playwright
WARNING  [🔧TEST CONFIG]:conftest.py:337 Failed to close context: BrowserContext.close: Target page, context or browser has been closed
INFO     [🔧TEST CONFIG]:conftest.py:342 Closed browser (post-stop)
INFO     [🔧TEST CONFIG]:conftest.py:327 Stopped Playwright
WARNING  [🔧TEST CONFIG]:conftest.py:337 Failed to close context: BrowserContext.close: Target page, context or browser has been closed
INFO     [🔧TEST CONFIG]:conftest.py:342 Closed browser (post-stop)
INFO     [🔧TEST CONFIG]:conftest.py:327 Stopped Playwright
WARNING  [🔧TEST CONFIG]:conftest.py:337 Failed to close context: BrowserContext.close: Target page, context or browser has been closed
INFO     [🔧TEST CONFIG]:conftest.py:342 Closed browser (post-stop)
INFO     [🔧TEST CONFIG]:conftest.py:347 Browser cleanup finished