INFO     root:conftest.py:173 [gw2] ⏳ Delaying test start by 30s
INFO     [🔧TEST CONFIG]:conftest.py:87 Loading test configuration
INFO     [🔧TEST CONFIG]:conftest.py:388 Navigating to: https://console.dev.apolo.us/
WARNING  [🔧TEST CONFIG]:conftest.py:430 [HTTP 200] GET https://api.dev.apolo.us/api/v1/config
Request Body:
<not available>
Response Body (first 1000 chars):
{"authorized": false, "auth_url": "https://auth.dev.apolo.us/authorize", "token_url": "https://auth.dev.apolo.us/oauth/token", "logout_url": "https://auth.dev.apolo.us/v2/logout?returnTo=https://console.dev.apolo.us", "client_id": "q3I0OzzGnTDkhRmpeJ7WWgaTCucmVxTL", "audience": "https://api.dev.apolo.us", "callback_urls": ["http://127.0.0.1:54540", "http://127.0.0.1:54541", "http://127.0.0.1:54542"], "headless_callback_url": "https://api.dev.apolo.us/oauth/show-code", "success_redirect_url": "https://api.dev.apolo.us/oauth/login"}
INFO     [🔧TEST CONFIG]:conftest.py:93 Creating data manager
INFO     [🔧TEST CONFIG]:conftest.py:123 Creating users manager
INFO     [🔧TEST CONFIG]:conftest.py:109 Creating API helper
INFO     [🔧TEST CONFIG]:conftest.py:117 Creating Apolo CLI instance
INFO     [🔧TEST CONFIG]:conftest.py:209 Setup new main test user...
INFO     [🔧TEST CONFIG]:conftest.py:212 Signup attempt 1...
INFO     [🔧TEST CONFIG]:conftest.py:388 Navigating to: https://console.dev.apolo.us/
WARNING  [🔧TEST CONFIG]:conftest.py:430 [HTTP 200] GET https://api.dev.apolo.us/api/v1/config
Request Body:
<not available>
Response Body (first 1000 chars):
{"authorized": false, "auth_url": "https://auth.dev.apolo.us/authorize", "token_url": "https://auth.dev.apolo.us/oauth/token", "logout_url": "https://auth.dev.apolo.us/v2/logout?returnTo=https://console.dev.apolo.us", "client_id": "q3I0OzzGnTDkhRmpeJ7WWgaTCucmVxTL", "audience": "https://api.dev.apolo.us", "callback_urls": ["http://127.0.0.1:54540", "http://127.0.0.1:54541", "http://127.0.0.1:54542"], "headless_callback_url": "https://api.dev.apolo.us/oauth/show-code", "success_redirect_url": "https://api.dev.apolo.us/oauth/login"}
INFO     [📘TEST_INFO]:reporting.py:37 ▶️ STEP started: Signup new user via UI and activate email verification link
INFO     [👤UsersManager]:users_manager.py:59 Generated new user: UserData(email='regression-ty6lyx5tr2@apolo.us', username='regression-ty6lyx5tr2', password='XrUj$#7lz$m8')
INFO     [👤UsersManager]:users_manager.py:73 Setting main user to UserData(email='regression-ty6lyx5tr2@apolo.us', username='regression-ty6lyx5tr2', password='XrUj$#7lz$m8')
INFO     [📘TEST_INFO]:reporting.py:37 ▶️ STEP started: Click signup button
INFO     [🎭 Playwright]:base_page.py:16 <AuthPage>: Click sign up button
INFO     [📘TEST_INFO]:reporting.py:51 ✅ STEP completed: Click signup button
INFO     [📘TEST_INFO]:reporting.py:225 📸 Screenshot captured and attached (success): /home/runner/work/apolo-test-automation/apolo-test-automation/reports/screenshots/ui_click_signup_button_success_f740f8.png
INFO     [📘TEST_INFO]:reporting.py:37 ▶️ STEP started: Enter email
INFO     [🎭 Playwright]:base_page.py:16 <SignupPage>: Enter regression-ty6lyx5tr2@apolo.us email
INFO     [📘TEST_INFO]:reporting.py:51 ✅ STEP completed: Enter email
INFO     [📘TEST_INFO]:reporting.py:225 📸 Screenshot captured and attached (success): /home/runner/work/apolo-test-automation/apolo-test-automation/reports/screenshots/ui_enter_email_success_de126d.png
INFO     [📘TEST_INFO]:reporting.py:37 ▶️ STEP started: Enter password
INFO     [🎭 Playwright]:base_page.py:16 <SignupPage>: Enter ********* password
INFO     [📘TEST_INFO]:reporting.py:51 ✅ STEP completed: Enter password
INFO     [📘TEST_INFO]:reporting.py:225 📸 Screenshot captured and attached (success): /home/runner/work/apolo-test-automation/apolo-test-automation/reports/screenshots/ui_enter_password_success_c2997b.png
INFO     [📘TEST_INFO]:reporting.py:37 ▶️ STEP started: Click continue button
INFO     [🎭 Playwright]:base_page.py:16 <SignupPage>: Click continue button
INFO     [📘TEST_INFO]:reporting.py:51 ✅ STEP completed: Click continue button
INFO     [📘TEST_INFO]:reporting.py:225 📸 Screenshot captured and attached (success): /home/runner/work/apolo-test-automation/apolo-test-automation/reports/screenshots/ui_click_continue_button_success_976396.png
INFO     [📘TEST_INFO]:reporting.py:37 ▶️ STEP started: Verify that Verify email message displayed
INFO     [🎭 Playwright]:base_page.py:16 <MainPage>: Check if verify email message displayed
WARNING  [🔧TEST CONFIG]:conftest.py:430 [HTTP 200] GET https://api.dev.apolo.us/api/v1/config
Request Body:
<not available>
Response Body (first 1000 chars):
{"authorized": false, "auth_url": "https://auth.dev.apolo.us/authorize", "token_url": "https://auth.dev.apolo.us/oauth/token", "logout_url": "https://auth.dev.apolo.us/v2/logout?returnTo=https://console.dev.apolo.us", "client_id": "q3I0OzzGnTDkhRmpeJ7WWgaTCucmVxTL", "audience": "https://api.dev.apolo.us", "callback_urls": ["http://127.0.0.1:54540", "http://127.0.0.1:54541", "http://127.0.0.1:54542"], "headless_callback_url": "https://api.dev.apolo.us/oauth/show-code", "success_redirect_url": "https://api.dev.apolo.us/oauth/login"}
INFO     [📘TEST_INFO]:reporting.py:51 ✅ STEP completed: Verify that Verify email message displayed
INFO     [📘TEST_INFO]:reporting.py:225 📸 Screenshot captured and attached (success): /home/runner/work/apolo-test-automation/apolo-test-automation/reports/screenshots/verify_ui_email_message_displayed_success_5f116f.png
INFO     [📘TEST_INFO]:reporting.py:37 ▶️ STEP started: Verify user email with the activation link
INFO     [🌐API_helper]:api_helper.py:144 Checking if user regression-ty6lyx5tr2@apolo.us needs verification...
INFO     [🌐API_helper]:api_helper.py:54 GET https://api.dev.apolo.us/apis/admin/v1/users/auth0-email-verify-ticket?email=regression-ty6lyx5tr2@apolo.us
INFO     [🌐API_helper]:api_helper.py:146 Status: 200. Response: {'ticket': 'https://auth.dev.apolo.us/u/email-verification?ticket=D1XPLgUZDw9USo64l8n2VFqaMCjxEJB8#'}
INFO     [📘TEST_INFO]:reporting.py:37 ▶️ STEP started: Navigate to URL
INFO     [🎭 Playwright]:base_page.py:16 <MainPage>: Navigated to: https://auth.dev.apolo.us/u/email-verification?ticket=D1XPLgUZDw9USo64l8n2VFqaMCjxEJB8#
INFO     [🎭 Playwright]:base_page.py:16 <MainPage>: Waiting for network idle...
INFO     [🎭 Playwright]:base_page.py:16 <MainPage>: Page is idle (networkidle state reached)
INFO     [📘TEST_INFO]:reporting.py:51 ✅ STEP completed: Navigate to URL
INFO     [📘TEST_INFO]:reporting.py:225 📸 Screenshot captured and attached (success): /home/runner/work/apolo-test-automation/apolo-test-automation/reports/screenshots/ui_open_url_in_browser_success_15b8b0.png
INFO     [🌐API_helper]:api_helper.py:144 Checking if user regression-ty6lyx5tr2@apolo.us needs verification...
INFO     [🌐API_helper]:api_helper.py:54 GET https://api.dev.apolo.us/apis/admin/v1/users/auth0-email-verify-ticket?email=regression-ty6lyx5tr2@apolo.us
INFO     [🌐API_helper]:api_helper.py:146 Status: 200. Response: {'detail': 'Email already verified'}
INFO     [📘TEST_INFO]:reporting.py:51 ✅ STEP completed: Verify user email with the activation link
INFO     [📘TEST_INFO]:reporting.py:37 ▶️ STEP started: Navigate to URL
INFO     [🎭 Playwright]:base_page.py:16 <MainPage>: Navigated to: https://console.dev.apolo.us/
INFO     [🎭 Playwright]:base_page.py:16 <MainPage>: Waiting for network idle...
WARNING  [🔧TEST CONFIG]:conftest.py:430 [HTTP 200] GET https://api.dev.apolo.us/api/v1/config
Request Body:
<not available>
Response Body (first 1000 chars):
{"authorized": false, "auth_url": "https://auth.dev.apolo.us/authorize", "token_url": "https://auth.dev.apolo.us/oauth/token", "logout_url": "https://auth.dev.apolo.us/v2/logout?returnTo=https://console.dev.apolo.us", "client_id": "q3I0OzzGnTDkhRmpeJ7WWgaTCucmVxTL", "audience": "https://api.dev.apolo.us", "callback_urls": ["http://127.0.0.1:54540", "http://127.0.0.1:54541", "http://127.0.0.1:54542"], "headless_callback_url": "https://api.dev.apolo.us/oauth/show-code", "success_redirect_url": "https://api.dev.apolo.us/oauth/login"}
INFO     [🎭 Playwright]:base_page.py:16 <MainPage>: Page is idle (networkidle state reached)
INFO     [📘TEST_INFO]:reporting.py:51 ✅ STEP completed: Navigate to URL
INFO     [📘TEST_INFO]:reporting.py:225 📸 Screenshot captured and attached (success): /home/runner/work/apolo-test-automation/apolo-test-automation/reports/screenshots/ui_open_url_in_browser_success_028f37.png
INFO     [📘TEST_INFO]:reporting.py:37 ▶️ STEP started: Verify that Auth page displayed
INFO     [🎭 Playwright]:base_page.py:16 <AuthPage>: Check if page loaded
INFO     [📘TEST_INFO]:reporting.py:51 ✅ STEP completed: Verify that Auth page displayed
INFO     [📘TEST_INFO]:reporting.py:225 📸 Screenshot captured and attached (success): /home/runner/work/apolo-test-automation/apolo-test-automation/reports/screenshots/verify_ui_page_displayed_success_17d41f.png
INFO     [📘TEST_INFO]:reporting.py:37 ▶️ STEP started: Click login button
INFO     [🎭 Playwright]:base_page.py:16 <AuthPage>: Click log in button
INFO     [📘TEST_INFO]:reporting.py:51 ✅ STEP completed: Click login button
WARNING  [🔧TEST CONFIG]:conftest.py:430 [HTTP 404] HEAD https://api.dev.apolo.us/apis/admin/v1/users/regression-ty6lyx5tr2
Request Body:
<not available>
Response Body (first 1000 chars):
<unavailable>
INFO     [📘TEST_INFO]:reporting.py:225 📸 Screenshot captured and attached (success): /home/runner/work/apolo-test-automation/apolo-test-automation/reports/screenshots/ui_click_login_button_success_032329.png
INFO     [📘TEST_INFO]:reporting.py:37 ▶️ STEP started: Verify that Signup username page displayed
INFO     [🎭 Playwright]:base_page.py:16 <SignupUsernamePage>: Check if page is loaded
INFO     [📘TEST_INFO]:reporting.py:51 ✅ STEP completed: Verify that Signup username page displayed
INFO     [📘TEST_INFO]:reporting.py:225 📸 Screenshot captured and attached (success): /home/runner/work/apolo-test-automation/apolo-test-automation/reports/screenshots/verify_ui_page_displayed_success_f02fe8.png
INFO     [📘TEST_INFO]:reporting.py:37 ▶️ STEP started: Enter username
INFO     [🎭 Playwright]:base_page.py:16 <SignupUsernamePage>: Enter regression-ty6lyx5tr2 username
WARNING  [🔧TEST CONFIG]:conftest.py:430 [HTTP 404] HEAD https://api.dev.apolo.us/apis/admin/v1/users/
Request Body:
<not available>
Response Body (first 1000 chars):
<unavailable>
WARNING  [🔧TEST CONFIG]:conftest.py:430 [HTTP 404] HEAD https://api.dev.apolo.us/apis/admin/v1/users/regression-ty6lyx5tr2
Request Body:
<not available>
Response Body (first 1000 chars):
<unavailable>
INFO     [🎭 Playwright]:base_page.py:16 <SignupUsernamePage>: Wait for network idle
INFO     [🎭 Playwright]:base_page.py:16 <SignupUsernamePage>: Network idle done
INFO     [📘TEST_INFO]:reporting.py:51 ✅ STEP completed: Enter username
INFO     [📘TEST_INFO]:reporting.py:225 📸 Screenshot captured and attached (success): /home/runner/work/apolo-test-automation/apolo-test-automation/reports/screenshots/ui_enter_username_success_3733d6.png
INFO     [📘TEST_INFO]:reporting.py:37 ▶️ STEP started: Click signup button on Signup username page
INFO     [🎭 Playwright]:base_page.py:16 <SignupUsernamePage>: Click signup button
INFO     [🎭 Playwright]:base_page.py:16 <SignupUsernamePage>: Waiting for spinner
WARNING  [🔧TEST CONFIG]:conftest.py:430 [HTTP 200] GET https://api.dev.apolo.us/api/v1/config
Request Body:
<not available>
Response Body (first 1000 chars):
{"authorized": false, "auth_url": "https://auth.dev.apolo.us/authorize", "token_url": "https://auth.dev.apolo.us/oauth/token", "logout_url": "https://auth.dev.apolo.us/v2/logout?returnTo=https://console.dev.apolo.us", "client_id": "q3I0OzzGnTDkhRmpeJ7WWgaTCucmVxTL", "audience": "https://api.dev.apolo.us", "callback_urls": ["http://127.0.0.1:54540", "http://127.0.0.1:54541", "http://127.0.0.1:54542"], "headless_callback_url": "https://api.dev.apolo.us/oauth/show-code", "success_redirect_url": "https://api.dev.apolo.us/oauth/login"}
INFO     [🎭 Playwright]:base_page.py:16 <SignupUsernamePage>: Timeout error for spinner
INFO     [📘TEST_INFO]:reporting.py:51 ✅ STEP completed: Click signup button on Signup username page
INFO     [📘TEST_INFO]:reporting.py:225 📸 Screenshot captured and attached (success): /home/runner/work/apolo-test-automation/apolo-test-automation/reports/screenshots/ui_click_signup_button_success_8b7b46.png
INFO     [📘TEST_INFO]:reporting.py:37 ▶️ STEP started: Verify that User agreement pop up displayed
INFO     [🎭 Playwright]:base_page.py:16 <MainPage>: Check if user_agreement pop up displayed
ERROR    [📘TEST_INFO]:reporting.py:56 ❌ STEP failed: Verify that User agreement pop up displayed
INFO     [📘TEST_INFO]:reporting.py:225 📸 Screenshot captured and attached (fail): /home/runner/work/apolo-test-automation/apolo-test-automation/reports/screenshots/verify_ui_terms_of_agreement_displayed_fail_fae18f.png
ERROR    [📘TEST_INFO]:reporting.py:56 ❌ STEP failed: Signup new user via UI and activate email verification link
INFO     [📘TEST_INFO]:reporting.py:225 📸 Screenshot captured and attached (fail): /home/runner/work/apolo-test-automation/apolo-test-automation/reports/screenshots/ui_signup_new_user_ver_link_fail_805993.png
WARNING  [🔧TEST CONFIG]:conftest.py:223 ⚠️ Signup attempt 1 failed: [AssertionError] during step: Signup new user via UI and activate email verification link
Message: [AssertionError] during step: Verify that User agreement pop up displayed
Message: User agreement popup should be displayed!
INFO     [🔧TEST CONFIG]:conftest.py:331 Closing all browser sessions
INFO     [🔧TEST CONFIG]:conftest.py:337 Stopped Playwright
WARNING  [🔧TEST CONFIG]:conftest.py:347 Failed to close context: BrowserContext.close: Target page, context or browser has been closed
INFO     [🔧TEST CONFIG]:conftest.py:352 Closed browser (post-stop)
INFO     [🔧TEST CONFIG]:conftest.py:337 Stopped Playwright
WARNING  [🔧TEST CONFIG]:conftest.py:347 Failed to close context: BrowserContext.close: Target page, context or browser has been closed
INFO     [🔧TEST CONFIG]:conftest.py:352 Closed browser (post-stop)
INFO     [🔧TEST CONFIG]:conftest.py:357 Browser cleanup finished
INFO     [🔧TEST CONFIG]:conftest.py:232 🔁 Retrying with fresh browser context...
INFO     [🔧TEST CONFIG]:conftest.py:212 Signup attempt 2...
INFO     [🔧TEST CONFIG]:conftest.py:388 Navigating to: https://console.dev.apolo.us/
WARNING  [🔧TEST CONFIG]:conftest.py:430 [HTTP 200] GET https://api.dev.apolo.us/api/v1/config
Request Body:
<not available>
Response Body (first 1000 chars):
{"authorized": false, "auth_url": "https://auth.dev.apolo.us/authorize", "token_url": "https://auth.dev.apolo.us/oauth/token", "logout_url": "https://auth.dev.apolo.us/v2/logout?returnTo=https://console.dev.apolo.us", "client_id": "q3I0OzzGnTDkhRmpeJ7WWgaTCucmVxTL", "audience": "https://api.dev.apolo.us", "callback_urls": ["http://127.0.0.1:54540", "http://127.0.0.1:54541", "http://127.0.0.1:54542"], "headless_callback_url": "https://api.dev.apolo.us/oauth/show-code", "success_redirect_url": "https://api.dev.apolo.us/oauth/login"}
INFO     [📘TEST_INFO]:reporting.py:37 ▶️ STEP started: Signup new user via UI and activate email verification link
INFO     [👤UsersManager]:users_manager.py:59 Generated new user: UserData(email='regression-f9b73uih3q@apolo.us', username='regression-f9b73uih3q', password='q!z2h2vDg8@o')
INFO     [📘TEST_INFO]:reporting.py:37 ▶️ STEP started: Click signup button
INFO     [🎭 Playwright]:base_page.py:16 <AuthPage>: Click sign up button
INFO     [📘TEST_INFO]:reporting.py:51 ✅ STEP completed: Click signup button
INFO     [📘TEST_INFO]:reporting.py:225 📸 Screenshot captured and attached (success): /home/runner/work/apolo-test-automation/apolo-test-automation/reports/screenshots/ui_click_signup_button_success_527989.png
INFO     [📘TEST_INFO]:reporting.py:37 ▶️ STEP started: Enter email
INFO     [🎭 Playwright]:base_page.py:16 <SignupPage>: Enter regression-f9b73uih3q@apolo.us email
INFO     [📘TEST_INFO]:reporting.py:51 ✅ STEP completed: Enter email
INFO     [📘TEST_INFO]:reporting.py:225 📸 Screenshot captured and attached (success): /home/runner/work/apolo-test-automation/apolo-test-automation/reports/screenshots/ui_enter_email_success_44817c.png
INFO     [📘TEST_INFO]:reporting.py:37 ▶️ STEP started: Enter password
INFO     [🎭 Playwright]:base_page.py:16 <SignupPage>: Enter ********* password
INFO     [📘TEST_INFO]:reporting.py:51 ✅ STEP completed: Enter password
INFO     [📘TEST_INFO]:reporting.py:225 📸 Screenshot captured and attached (success): /home/runner/work/apolo-test-automation/apolo-test-automation/reports/screenshots/ui_enter_password_success_0dc944.png
INFO     [📘TEST_INFO]:reporting.py:37 ▶️ STEP started: Click continue button
INFO     [🎭 Playwright]:base_page.py:16 <SignupPage>: Click continue button
INFO     [📘TEST_INFO]:reporting.py:51 ✅ STEP completed: Click continue button
INFO     [📘TEST_INFO]:reporting.py:225 📸 Screenshot captured and attached (success): /home/runner/work/apolo-test-automation/apolo-test-automation/reports/screenshots/ui_click_continue_button_success_0fba08.png
INFO     [📘TEST_INFO]:reporting.py:37 ▶️ STEP started: Verify that Verify email message displayed
INFO     [🎭 Playwright]:base_page.py:16 <MainPage>: Check if verify email message displayed
WARNING  [🔧TEST CONFIG]:conftest.py:430 [HTTP 200] GET https://api.dev.apolo.us/api/v1/config
Request Body:
<not available>
Response Body (first 1000 chars):
{"authorized": false, "auth_url": "https://auth.dev.apolo.us/authorize", "token_url": "https://auth.dev.apolo.us/oauth/token", "logout_url": "https://auth.dev.apolo.us/v2/logout?returnTo=https://console.dev.apolo.us", "client_id": "q3I0OzzGnTDkhRmpeJ7WWgaTCucmVxTL", "audience": "https://api.dev.apolo.us", "callback_urls": ["http://127.0.0.1:54540", "http://127.0.0.1:54541", "http://127.0.0.1:54542"], "headless_callback_url": "https://api.dev.apolo.us/oauth/show-code", "success_redirect_url": "https://api.dev.apolo.us/oauth/login"}
INFO     [📘TEST_INFO]:reporting.py:51 ✅ STEP completed: Verify that Verify email message displayed
INFO     [📘TEST_INFO]:reporting.py:225 📸 Screenshot captured and attached (success): /home/runner/work/apolo-test-automation/apolo-test-automation/reports/screenshots/verify_ui_email_message_displayed_success_c72073.png
INFO     [📘TEST_INFO]:reporting.py:37 ▶️ STEP started: Verify user email with the activation link
INFO     [🌐API_helper]:api_helper.py:144 Checking if user regression-f9b73uih3q@apolo.us needs verification...
INFO     [🌐API_helper]:api_helper.py:54 GET https://api.dev.apolo.us/apis/admin/v1/users/auth0-email-verify-ticket?email=regression-f9b73uih3q@apolo.us
INFO     [🌐API_helper]:api_helper.py:146 Status: 200. Response: {'ticket': 'https://auth.dev.apolo.us/u/email-verification?ticket=d14DajQAsaksD0weSsgGQptAUJEav3re#'}
INFO     [📘TEST_INFO]:reporting.py:37 ▶️ STEP started: Navigate to URL
INFO     [🎭 Playwright]:base_page.py:16 <MainPage>: Navigated to: https://auth.dev.apolo.us/u/email-verification?ticket=d14DajQAsaksD0weSsgGQptAUJEav3re#
INFO     [🎭 Playwright]:base_page.py:16 <MainPage>: Waiting for network idle...
INFO     [🎭 Playwright]:base_page.py:16 <MainPage>: Page is idle (networkidle state reached)
INFO     [📘TEST_INFO]:reporting.py:51 ✅ STEP completed: Navigate to URL
INFO     [📘TEST_INFO]:reporting.py:225 📸 Screenshot captured and attached (success): /home/runner/work/apolo-test-automation/apolo-test-automation/reports/screenshots/ui_open_url_in_browser_success_8608d4.png
INFO     [🌐API_helper]:api_helper.py:144 Checking if user regression-f9b73uih3q@apolo.us needs verification...
INFO     [🌐API_helper]:api_helper.py:54 GET https://api.dev.apolo.us/apis/admin/v1/users/auth0-email-verify-ticket?email=regression-f9b73uih3q@apolo.us
INFO     [🌐API_helper]:api_helper.py:146 Status: 200. Response: {'detail': 'Email already verified'}
INFO     [📘TEST_INFO]:reporting.py:51 ✅ STEP completed: Verify user email with the activation link
INFO     [📘TEST_INFO]:reporting.py:37 ▶️ STEP started: Navigate to URL
INFO     [🎭 Playwright]:base_page.py:16 <MainPage>: Navigated to: https://console.dev.apolo.us/
INFO     [🎭 Playwright]:base_page.py:16 <MainPage>: Waiting for network idle...
WARNING  [🔧TEST CONFIG]:conftest.py:430 [HTTP 200] GET https://api.dev.apolo.us/api/v1/config
Request Body:
<not available>
Response Body (first 1000 chars):
{"authorized": false, "auth_url": "https://auth.dev.apolo.us/authorize", "token_url": "https://auth.dev.apolo.us/oauth/token", "logout_url": "https://auth.dev.apolo.us/v2/logout?returnTo=https://console.dev.apolo.us", "client_id": "q3I0OzzGnTDkhRmpeJ7WWgaTCucmVxTL", "audience": "https://api.dev.apolo.us", "callback_urls": ["http://127.0.0.1:54540", "http://127.0.0.1:54541", "http://127.0.0.1:54542"], "headless_callback_url": "https://api.dev.apolo.us/oauth/show-code", "success_redirect_url": "https://api.dev.apolo.us/oauth/login"}
INFO     [🎭 Playwright]:base_page.py:16 <MainPage>: Page is idle (networkidle state reached)
INFO     [📘TEST_INFO]:reporting.py:51 ✅ STEP completed: Navigate to URL
INFO     [📘TEST_INFO]:reporting.py:225 📸 Screenshot captured and attached (success): /home/runner/work/apolo-test-automation/apolo-test-automation/reports/screenshots/ui_open_url_in_browser_success_e9f5a4.png
INFO     [📘TEST_INFO]:reporting.py:37 ▶️ STEP started: Verify that Auth page displayed
INFO     [🎭 Playwright]:base_page.py:16 <AuthPage>: Check if page loaded
INFO     [📘TEST_INFO]:reporting.py:51 ✅ STEP completed: Verify that Auth page displayed
INFO     [📘TEST_INFO]:reporting.py:225 📸 Screenshot captured and attached (success): /home/runner/work/apolo-test-automation/apolo-test-automation/reports/screenshots/verify_ui_page_displayed_success_8c789f.png
INFO     [📘TEST_INFO]:reporting.py:37 ▶️ STEP started: Click login button
INFO     [🎭 Playwright]:base_page.py:16 <AuthPage>: Click log in button
INFO     [📘TEST_INFO]:reporting.py:51 ✅ STEP completed: Click login button
INFO     [📘TEST_INFO]:reporting.py:225 📸 Screenshot captured and attached (success): /home/runner/work/apolo-test-automation/apolo-test-automation/reports/screenshots/ui_click_login_button_success_6c61e4.png
INFO     [📘TEST_INFO]:reporting.py:37 ▶️ STEP started: Verify that Signup username page displayed
INFO     [🎭 Playwright]:base_page.py:16 <SignupUsernamePage>: Check if page is loaded
WARNING  [🔧TEST CONFIG]:conftest.py:430 [HTTP 404] HEAD https://api.dev.apolo.us/apis/admin/v1/users/regression-f9b73uih3q
Request Body:
<not available>
Response Body (first 1000 chars):
<unavailable>
INFO     [📘TEST_INFO]:reporting.py:51 ✅ STEP completed: Verify that Signup username page displayed
INFO     [📘TEST_INFO]:reporting.py:225 📸 Screenshot captured and attached (success): /home/runner/work/apolo-test-automation/apolo-test-automation/reports/screenshots/verify_ui_page_displayed_success_6008e4.png
INFO     [📘TEST_INFO]:reporting.py:37 ▶️ STEP started: Enter username
INFO     [🎭 Playwright]:base_page.py:16 <SignupUsernamePage>: Enter regression-f9b73uih3q username
WARNING  [🔧TEST CONFIG]:conftest.py:430 [HTTP 404] HEAD https://api.dev.apolo.us/apis/admin/v1/users/regression-f9b73uih3q
Request Body:
<not available>
Response Body (first 1000 chars):
<unavailable>
WARNING  [🔧TEST CONFIG]:conftest.py:430 [HTTP 404] HEAD https://api.dev.apolo.us/apis/admin/v1/users/
Request Body:
<not available>
Response Body (first 1000 chars):
<unavailable>
INFO     [🎭 Playwright]:base_page.py:16 <SignupUsernamePage>: Wait for network idle
INFO     [🎭 Playwright]:base_page.py:16 <SignupUsernamePage>: Network idle done
INFO     [📘TEST_INFO]:reporting.py:51 ✅ STEP completed: Enter username
INFO     [📘TEST_INFO]:reporting.py:225 📸 Screenshot captured and attached (success): /home/runner/work/apolo-test-automation/apolo-test-automation/reports/screenshots/ui_enter_username_success_2fe012.png
INFO     [📘TEST_INFO]:reporting.py:37 ▶️ STEP started: Click signup button on Signup username page
INFO     [🎭 Playwright]:base_page.py:16 <SignupUsernamePage>: Click signup button
WARNING  [🔧TEST CONFIG]:conftest.py:430 [HTTP 200] GET https://api.dev.apolo.us/api/v1/config
Request Body:
<not available>
Response Body (first 1000 chars):
{"authorized": true, "orgs": [], "clusters": [], "projects": [], "admin_url": "https://api.dev.apolo.us/apis/admin/v1", "auth_url": "https://auth.dev.apolo.us/authorize", "token_url": "https://auth.dev.apolo.us/oauth/token", "logout_url": "https://auth.dev.apolo.us/v2/logout?returnTo=https://console.dev.apolo.us", "client_id": "q3I0OzzGnTDkhRmpeJ7WWgaTCucmVxTL", "audience": "https://api.dev.apolo.us", "callback_urls": ["http://127.0.0.1:54540", "http://127.0.0.1:54541", "http://127.0.0.1:54542"], "headless_callback_url": "https://api.dev.apolo.us/oauth/show-code", "success_redirect_url": "https://api.dev.apolo.us/oauth/login"}
WARNING  [🔧TEST CONFIG]:conftest.py:430 [HTTP 200] GET https://api.dev.apolo.us/api/v1/users/regression-f9b73uih3q/permissions?uri=blob:
Request Body:
<not available>
Response Body (first 1000 chars):
[]
WARNING  [🔧TEST CONFIG]:conftest.py:430 [HTTP 200] GET https://api.dev.apolo.us/apis/admin/v1/invites/incoming
Request Body:
<not available>
Response Body (first 1000 chars):
[]
INFO     [🎭 Playwright]:base_page.py:16 <SignupUsernamePage>: Waiting for spinner
WARNING  [🔧TEST CONFIG]:conftest.py:430 [HTTP 200] GET https://api.dev.apolo.us/api/v1/config
Request Body:
<not available>
Response Body (first 1000 chars):
{"authorized": true, "orgs": [], "clusters": [], "projects": [], "admin_url": "https://api.dev.apolo.us/apis/admin/v1", "auth_url": "https://auth.dev.apolo.us/authorize", "token_url": "https://auth.dev.apolo.us/oauth/token", "logout_url": "https://auth.dev.apolo.us/v2/logout?returnTo=https://console.dev.apolo.us", "client_id": "q3I0OzzGnTDkhRmpeJ7WWgaTCucmVxTL", "audience": "https://api.dev.apolo.us", "callback_urls": ["http://127.0.0.1:54540", "http://127.0.0.1:54541", "http://127.0.0.1:54542"], "headless_callback_url": "https://api.dev.apolo.us/oauth/show-code", "success_redirect_url": "https://api.dev.apolo.us/oauth/login"}
INFO     [🎭 Playwright]:base_page.py:16 <SignupUsernamePage>: Waiting for spinner to disappear
WARNING  [🔧TEST CONFIG]:conftest.py:430 [HTTP 200] GET https://api.dev.apolo.us/api/v1/users/regression-f9b73uih3q/permissions?uri=blob:
Request Body:
<not available>
Response Body (first 1000 chars):
[]
WARNING  [🔧TEST CONFIG]:conftest.py:430 [HTTP 200] GET https://api.dev.apolo.us/apis/admin/v1/users/regression-f9b73uih3q?include=orgs
Request Body:
<not available>
Response Body (first 1000 chars):
{"name": "regression-f9b73uih3q", "email": "regression-f9b73uih3q@apolo.us", "first_name": null, "last_name": null, "created_at": "2025-10-07T01:33:48.500959+00:00", "terms_accepted": false, "orgs": []}
WARNING  [🔧TEST CONFIG]:conftest.py:430 [HTTP 200] GET https://api.dev.apolo.us/apis/admin/v1/invites/incoming
Request Body:
<not available>
Response Body (first 1000 chars):
[]
WARNING  [🔧TEST CONFIG]:conftest.py:430 [HTTP 200] GET https://api.dev.apolo.us/apis/admin/v1/users/regression-f9b73uih3q?include=clusters&include=system_role
Request Body:
<not available>
Response Body (first 1000 chars):
{"name": "regression-f9b73uih3q", "email": "regression-f9b73uih3q@apolo.us", "first_name": null, "last_name": null, "created_at": "2025-10-07T01:33:48.500959+00:00", "terms_accepted": false, "clusters": []}
INFO     [📘TEST_INFO]:reporting.py:51 ✅ STEP completed: Click signup button on Signup username page
INFO     [📘TEST_INFO]:reporting.py:225 📸 Screenshot captured and attached (success): /home/runner/work/apolo-test-automation/apolo-test-automation/reports/screenshots/ui_click_signup_button_success_901394.png
INFO     [📘TEST_INFO]:reporting.py:37 ▶️ STEP started: Verify that User agreement pop up displayed
INFO     [🎭 Playwright]:base_page.py:16 <MainPage>: Check if user_agreement pop up displayed
INFO     [📘TEST_INFO]:reporting.py:51 ✅ STEP completed: Verify that User agreement pop up displayed
INFO     [📘TEST_INFO]:reporting.py:225 📸 Screenshot captured and attached (success): /home/runner/work/apolo-test-automation/apolo-test-automation/reports/screenshots/verify_ui_terms_of_agreement_displayed_success_b0b98d.png
INFO     [📘TEST_INFO]:reporting.py:37 ▶️ STEP started: Check agreement checkbox
INFO     [🎭 Playwright]:base_page.py:16 <MainPage>: Check user agreement checkbox
INFO     [📘TEST_INFO]:reporting.py:51 ✅ STEP completed: Check agreement checkbox
INFO     [📘TEST_INFO]:reporting.py:225 📸 Screenshot captured and attached (success): /home/runner/work/apolo-test-automation/apolo-test-automation/reports/screenshots/ui_check_agreement_checkbox_success_c75cbe.png
INFO     [📘TEST_INFO]:reporting.py:37 ▶️ STEP started: Click I Agree button
INFO     [🎭 Playwright]:base_page.py:16 <MainPage>: Click user agreement I Agree button
INFO     [📘TEST_INFO]:reporting.py:51 ✅ STEP completed: Click I Agree button
INFO     [📘TEST_INFO]:reporting.py:225 📸 Screenshot captured and attached (success): /home/runner/work/apolo-test-automation/apolo-test-automation/reports/screenshots/ui_click_i_agree_button_success_1a3a59.png
INFO     [📘TEST_INFO]:reporting.py:37 ▶️ STEP started: Wait for User Agreement popup to disappear
WARNING  [🔧TEST CONFIG]:conftest.py:430 [HTTP 204] PUT https://api.dev.apolo.us/apis/admin/v1/users/regression-f9b73uih3q/profile
Request Body:
<not available>
Response Body (first 1000 chars):

INFO     [📘TEST_INFO]:reporting.py:51 ✅ STEP completed: Wait for User Agreement popup to disappear
INFO     [📘TEST_INFO]:reporting.py:225 📸 Screenshot captured and attached (success): /home/runner/work/apolo-test-automation/apolo-test-automation/reports/screenshots/ui_wait_user_agreement_disappear_success_de97a1.png
INFO     [📘TEST_INFO]:reporting.py:37 ▶️ STEP started: Wait for timeout
INFO     [📘TEST_INFO]:reporting.py:51 ✅ STEP completed: Wait for timeout
INFO     [📘TEST_INFO]:reporting.py:225 📸 Screenshot captured and attached (success): /home/runner/work/apolo-test-automation/apolo-test-automation/reports/screenshots/ui_wait_for_timeout_success_24528a.png
INFO     [📘TEST_INFO]:reporting.py:37 ▶️ STEP started: Verify that Welcome new user page displayed
INFO     [🎭 Playwright]:base_page.py:16 <WelcomeNewUserPage>: Check if page loaded
INFO     [📘TEST_INFO]:reporting.py:51 ✅ STEP completed: Verify that Welcome new user page displayed
INFO     [📘TEST_INFO]:reporting.py:225 📸 Screenshot captured and attached (success): /home/runner/work/apolo-test-automation/apolo-test-automation/reports/screenshots/verify_ui_page_displayed_success_86290a.png
INFO     [📘TEST_INFO]:reporting.py:51 ✅ STEP completed: Signup new user via UI and activate email verification link
INFO     [📘TEST_INFO]:reporting.py:225 📸 Screenshot captured and attached (success): /home/runner/work/apolo-test-automation/apolo-test-automation/reports/screenshots/ui_signup_new_user_ver_link_success_d09dbf.png
INFO     [👤UsersManager]:users_manager.py:73 Setting main user to UserData(email='regression-f9b73uih3q@apolo.us', username='regression-f9b73uih3q', password='q!z2h2vDg8@o')
INFO     [📘TEST_INFO]:reporting.py:37 ▶️ STEP started: Verify Apolo CLI client is installed
INFO     [🖥apolo_CLI]:apolo_runner.py:25 check CLI version. Running command via cli:

apolo --version

INFO     [🖥apolo_CLI]:apolo_runner.py:86 check CLI version succeeded:

Apolo Platform Client 25.8.1

INFO     [📘TEST_INFO]:reporting.py:51 ✅ STEP completed: Verify Apolo CLI client is installed
INFO     [📘TEST_INFO]:reporting.py:141 ============================================================
INFO     [📘TEST_INFO]:reporting.py:142 📁 SUITE STARTED: CLI Project Remove Members
INFO     [📘TEST_INFO]:reporting.py:143 ============================================================
INFO     [📘TEST_INFO]:reporting.py:86 ------------------------------------------------------------
INFO     [📘TEST_INFO]:reporting.py:87 📝 TEST started: Admin change member role from Reader to Writer in project via CLI
INFO     [📘TEST_INFO]:reporting.py:88 ------------------------------------------------------------
INFO     [📘TEST_INFO]:reporting.py:37 ▶️ STEP started: Login via UI
INFO     [📘TEST_INFO]:reporting.py:37 ▶️ STEP started: Click login button
INFO     [🎭 Playwright]:base_page.py:16 <AuthPage>: Click log in button
ERROR    [📘TEST_INFO]:reporting.py:56 ❌ STEP failed: Click login button
WARNING  [📘TEST_INFO]:reporting.py:229 ⚠️ Could not capture screenshot (fail): Page.screenshot: Target page, context or browser has been closed
ERROR    [📘TEST_INFO]:reporting.py:56 ❌ STEP failed: Login via UI
WARNING  [📘TEST_INFO]:reporting.py:229 ⚠️ Could not capture screenshot (fail): Page.screenshot: Target page, context or browser has been closed
ERROR    [📘TEST_INFO]:reporting.py:95 ❌ TEST failed: Admin change member role from Reader to Writer in project via CLI
Exception: [AssertionError] during step: Login via UI
Message: [TargetClosedError] during step: Click login button
Message: Page.wait_for_timeout: Target page, context or browser has been closed
INFO     [📘TEST_INFO]:reporting.py:98 ------------------------------------------------------------
INFO     [🌐API_helper]:api_helper.py:54 GET https://api.dev.apolo.us/apis/admin/v1/orgs
INFO     [🌐API_helper]:api_helper.py:175 Status: 200. Response: []
INFO     [🔧TEST CONFIG]:conftest.py:291 Cleaning up 0 organisations
INFO     [🔧TEST CONFIG]:conftest.py:331 Closing all browser sessions
INFO     [🔧TEST CONFIG]:conftest.py:337 Stopped Playwright
WARNING  [🔧TEST CONFIG]:conftest.py:347 Failed to close context: BrowserContext.close: Target page, context or browser has been closed
INFO     [🔧TEST CONFIG]:conftest.py:352 Closed browser (post-stop)
INFO     [🔧TEST CONFIG]:conftest.py:357 Browser cleanup finished
INFO     [🔧TEST CONFIG]:conftest.py:87 Loading test configuration
INFO     [🔧TEST CONFIG]:conftest.py:388 Navigating to: https://console.dev.apolo.us/
WARNING  [🔧TEST CONFIG]:conftest.py:430 [HTTP 200] GET https://api.dev.apolo.us/api/v1/config
Request Body:
<not available>
Response Body (first 1000 chars):
{"authorized": false, "auth_url": "https://auth.dev.apolo.us/authorize", "token_url": "https://auth.dev.apolo.us/oauth/token", "logout_url": "https://auth.dev.apolo.us/v2/logout?returnTo=https://console.dev.apolo.us", "client_id": "q3I0OzzGnTDkhRmpeJ7WWgaTCucmVxTL", "audience": "https://api.dev.apolo.us", "callback_urls": ["http://127.0.0.1:54540", "http://127.0.0.1:54541", "http://127.0.0.1:54542"], "headless_callback_url": "https://api.dev.apolo.us/oauth/show-code", "success_redirect_url": "https://api.dev.apolo.us/oauth/login"}
INFO     [🔧TEST CONFIG]:conftest.py:93 Creating data manager
INFO     [🔧TEST CONFIG]:conftest.py:123 Creating users manager
INFO     [🔧TEST CONFIG]:conftest.py:109 Creating API helper
INFO     [🔧TEST CONFIG]:conftest.py:117 Creating Apolo CLI instance
INFO     [🔧TEST CONFIG]:conftest.py:205 Continue using UserData(email='regression-f9b73uih3q@apolo.us', username='regression-f9b73uih3q', password='q!z2h2vDg8@o') as main test user...
INFO     [👤UsersManager]:users_manager.py:73 Setting main user to UserData(email='regression-f9b73uih3q@apolo.us', username='regression-f9b73uih3q', password='q!z2h2vDg8@o')
INFO     [📘TEST_INFO]:reporting.py:37 ▶️ STEP started: Verify Apolo CLI client is installed
INFO     [🖥apolo_CLI]:apolo_runner.py:25 check CLI version. Running command via cli:

apolo --version

INFO     [🖥apolo_CLI]:apolo_runner.py:86 check CLI version succeeded:

Apolo Platform Client 25.8.1

INFO     [📘TEST_INFO]:reporting.py:51 ✅ STEP completed: Verify Apolo CLI client is installed
INFO     [📘TEST_INFO]:reporting.py:86 ------------------------------------------------------------
INFO     [📘TEST_INFO]:reporting.py:87 📝 TEST started: Admin change member role from Reader to Writer in project via CLI
INFO     [📘TEST_INFO]:reporting.py:88 ------------------------------------------------------------
INFO     [📘TEST_INFO]:reporting.py:37 ▶️ STEP started: Login via UI
INFO     [📘TEST_INFO]:reporting.py:37 ▶️ STEP started: Click login button
INFO     [🎭 Playwright]:base_page.py:16 <AuthPage>: Click log in button
INFO     [📘TEST_INFO]:reporting.py:51 ✅ STEP completed: Click login button
INFO     [📘TEST_INFO]:reporting.py:225 📸 Screenshot captured and attached (success): /home/runner/work/apolo-test-automation/apolo-test-automation/reports/screenshots/ui_click_login_button_success_6d9c58.png
INFO     [📘TEST_INFO]:reporting.py:37 ▶️ STEP started: Enter email
INFO     [🎭 Playwright]:base_page.py:16 <LoginPage>: Enter regression-f9b73uih3q@apolo.us email
INFO     [📘TEST_INFO]:reporting.py:51 ✅ STEP completed: Enter email
INFO     [📘TEST_INFO]:reporting.py:225 📸 Screenshot captured and attached (success): /home/runner/work/apolo-test-automation/apolo-test-automation/reports/screenshots/ui_enter_email_success_d32df4.png
INFO     [📘TEST_INFO]:reporting.py:37 ▶️ STEP started: Enter password
INFO     [🎭 Playwright]:base_page.py:16 <LoginPage>: Enter ********* password
INFO     [📘TEST_INFO]:reporting.py:51 ✅ STEP completed: Enter password
INFO     [📘TEST_INFO]:reporting.py:225 📸 Screenshot captured and attached (success): /home/runner/work/apolo-test-automation/apolo-test-automation/reports/screenshots/ui_enter_password_success_a52009.png
INFO     [📘TEST_INFO]:reporting.py:37 ▶️ STEP started: Click Continue button
INFO     [🎭 Playwright]:base_page.py:16 <LoginPage>: Click continue button
WARNING  [🔧TEST CONFIG]:conftest.py:430 [HTTP 200] GET https://api.dev.apolo.us/api/v1/config
Request Body:
<not available>
Response Body (first 1000 chars):
{"authorized": true, "orgs": [], "clusters": [], "projects": [], "admin_url": "https://api.dev.apolo.us/apis/admin/v1", "auth_url": "https://auth.dev.apolo.us/authorize", "token_url": "https://auth.dev.apolo.us/oauth/token", "logout_url": "https://auth.dev.apolo.us/v2/logout?returnTo=https://console.dev.apolo.us", "client_id": "q3I0OzzGnTDkhRmpeJ7WWgaTCucmVxTL", "audience": "https://api.dev.apolo.us", "callback_urls": ["http://127.0.0.1:54540", "http://127.0.0.1:54541", "http://127.0.0.1:54542"], "headless_callback_url": "https://api.dev.apolo.us/oauth/show-code", "success_redirect_url": "https://api.dev.apolo.us/oauth/login"}
WARNING  [🔧TEST CONFIG]:conftest.py:430 [HTTP 200] GET https://api.dev.apolo.us/api/v1/users/regression-f9b73uih3q/permissions?uri=blob:
Request Body:
<not available>
Response Body (first 1000 chars):
[]
INFO     [🎭 Playwright]:base_page.py:16 <LoginPage>: Waiting for spinner
WARNING  [🔧TEST CONFIG]:conftest.py:430 [HTTP 200] GET https://api.dev.apolo.us/apis/admin/v1/users/regression-f9b73uih3q?include=orgs
Request Body:
<not available>
Response Body (first 1000 chars):
{"name": "regression-f9b73uih3q", "email": "regression-f9b73uih3q@apolo.us", "first_name": null, "last_name": null, "created_at": "2025-10-07T01:33:48.500959+00:00", "terms_accepted": true, "orgs": []}
INFO     [🎭 Playwright]:base_page.py:16 <LoginPage>: Waiting for spinner to disappear
WARNING  [🔧TEST CONFIG]:conftest.py:430 [HTTP 200] GET https://api.dev.apolo.us/apis/admin/v1/invites/incoming
Request Body:
<not available>
Response Body (first 1000 chars):
[]
WARNING  [🔧TEST CONFIG]:conftest.py:430 [HTTP 200] GET https://api.dev.apolo.us/apis/admin/v1/users/regression-f9b73uih3q?include=clusters&include=system_role
Request Body:
<not available>
Response Body (first 1000 chars):
{"name": "regression-f9b73uih3q", "email": "regression-f9b73uih3q@apolo.us", "first_name": null, "last_name": null, "created_at": "2025-10-07T01:33:48.500959+00:00", "terms_accepted": true, "clusters": []}
INFO     [📘TEST_INFO]:reporting.py:51 ✅ STEP completed: Click Continue button
INFO     [📘TEST_INFO]:reporting.py:225 📸 Screenshot captured and attached (success): /home/runner/work/apolo-test-automation/apolo-test-automation/reports/screenshots/ui_click_continue_button_success_09fb56.png
INFO     [📘TEST_INFO]:reporting.py:37 ▶️ STEP started: Verify that Welcome new user page displayed
INFO     [🎭 Playwright]:base_page.py:16 <WelcomeNewUserPage>: Check if page loaded
INFO     [📘TEST_INFO]:reporting.py:51 ✅ STEP completed: Verify that Welcome new user page displayed
INFO     [📘TEST_INFO]:reporting.py:225 📸 Screenshot captured and attached (success): /home/runner/work/apolo-test-automation/apolo-test-automation/reports/screenshots/verify_ui_page_displayed_success_7d3e80.png
INFO     [📘TEST_INFO]:reporting.py:51 ✅ STEP completed: Login via UI
INFO     [📘TEST_INFO]:reporting.py:225 📸 Screenshot captured and attached (success): /home/runner/work/apolo-test-automation/apolo-test-automation/reports/screenshots/ui_login_success_320fff.png
INFO     [📘TEST_INFO]:reporting.py:37 ▶️ STEP started: Add organization via API and reload page
INFO     [🔧DATA MANAGER]:test_data.py:56 Added organization: org_name=regression-org-srl18tzf3qty, gherkin_name=My-organization
INFO     [🌐API_helper]:api_helper.py:86 POST https://api.dev.apolo.us/apis/admin/v1/orgs?skip_auto_add_to_clusters=false with data: {'name': 'regression-org-srl18tzf3qty'}
INFO     [🌐API_helper]:api_helper.py:214 Add org regression-org-srl18tzf3qty response: {'name': 'regression-org-srl18tzf3qty', 'balance': {'credits': '500', 'spent_credits': '0'}, 'user_default_credits': None, 'notification_intervals': {'balance_projection_seconds': [604800, 259200, 86400], 'balance_amount': [0], 'balance_depletion_seconds': [86400, 604800]}}
INFO     [📘TEST_INFO]:reporting.py:37 ▶️ STEP started: Reload page
WARNING  [🔧TEST CONFIG]:conftest.py:430 [HTTP 200] GET https://api.dev.apolo.us/api/v1/config
Request Body:
<not available>
Response Body (first 1000 chars):
{"authorized": true, "orgs": [{"name": "regression-org-srl18tzf3qty", "role": "admin"}], "clusters": [{"name": "default", "registry_url": "https://registry.api.dev.apolo.us", "storage_url": "https://api.dev.apolo.us/api/v1/storage", "monitoring_url": "https://monitoring.api.dev.apolo.us/api/v1/jobs", "secrets_url": "https://api.dev.apolo.us/api/v1/secrets", "metrics_url": "https://grafana.dev.apolo.us", "disks_url": "https://api.dev.apolo.us/api/v1/disk", "buckets_url": "https://api.dev.apolo.us/api/v1/buckets", "resource_pool_types": [{"name": "a2-highgpu-1g", "min_size": 0, "max_size": 10, "cpu": 12.0, "available_cpu": 11.61, "memory": 89629032448, "available_memory": 81815044096, "disk_size": 523982073856, "available_disk_size": 364209683290}, {"name": "a2-highgpu-2g", "min_size": 0, "max_size": 3, "cpu": 24.0, "available_cpu": 23.73, "memory": 179367243776, "available_memory": 168094003200, "disk_size": 523982073856, "available_disk_size": 364209683290, "nvidia_gpu": {"count": 1, "
WARNING  [🔧TEST CONFIG]:conftest.py:430 [HTTP 200] GET https://api.dev.apolo.us/api/v1/users/regression-f9b73uih3q/permissions?uri=blob:
Request Body:
<not available>
Response Body (first 1000 chars):
[{"uri": "blob://default/regression-org-srl18tzf3qty", "action": "manage"}]
WARNING  [🔧TEST CONFIG]:conftest.py:430 [HTTP 200] GET https://api.dev.apolo.us/apis/admin/v1/users/regression-f9b73uih3q?include=orgs
Request Body:
<not available>
Response Body (first 1000 chars):
{"name": "regression-f9b73uih3q", "email": "regression-f9b73uih3q@apolo.us", "first_name": null, "last_name": null, "created_at": "2025-10-07T01:33:48.500959+00:00", "terms_accepted": true, "orgs": [{"org_name": "regression-org-srl18tzf3qty", "role": "admin", "balance": {"spent_credits": "0"}}]}
WARNING  [🔧TEST CONFIG]:conftest.py:430 [HTTP 200] GET https://api.dev.apolo.us/apis/admin/v1/invites/incoming
Request Body:
<not available>
Response Body (first 1000 chars):
[]
WARNING  [🔧TEST CONFIG]:conftest.py:430 [HTTP 200] GET https://api.dev.apolo.us/apis/admin/v1/users/regression-f9b73uih3q?include=clusters&include=system_role
Request Body:
<not available>
Response Body (first 1000 chars):
{"name": "regression-f9b73uih3q", "email": "regression-f9b73uih3q@apolo.us", "first_name": null, "last_name": null, "created_at": "2025-10-07T01:33:48.500959+00:00", "terms_accepted": true, "clusters": [{"cluster_name": "default", "role": "admin", "org_name": "regression-org-srl18tzf3qty", "balance": {"spent_credits": "0"}}]}
WARNING  [🔧TEST CONFIG]:conftest.py:430 [HTTP 200] GET https://api.dev.apolo.us/apis/admin/v1/orgs/regression-org-srl18tzf3qty
Request Body:
<not available>
Response Body (first 1000 chars):
{"name": "regression-org-srl18tzf3qty", "balance": {"credits": "500", "spent_credits": "0"}, "user_default_credits": null, "notification_intervals": {"balance_projection_seconds": [604800, 259200, 86400], "balance_amount": [0], "balance_depletion_seconds": [86400, 604800]}}
WARNING  [🔧TEST CONFIG]:conftest.py:430 [HTTP 200] GET https://api.dev.apolo.us/apis/apps/v2/templates/tags
Request Body:
<not available>
Response Body (first 1000 chars):
["AI","Agent","Apache","Apolo","Apolo Files","BI","Big data","Bundle","Business Intelligence","CLI","Chat","Container","Container registry","Data","Data processing","DeepSeek","Development","Diffusion","Dify","DockerHub","Document Processing","EDA","ELT","ETL","Easy Deploy","Embeddings","GPT","GptOSS","Graph","Hugging Face","IDE","Image generation","Inference","Jupyter","Knowledge Graph","LLM","LLMops","LLaMA","LightRAG","MLOps","Meta","Mistral","NLP","Notebooks","OpenAI","PostgreSQL","Postgres","RAG","RDBMS","Shell","Spark","Stable Diffusion","Storage","Superset","Text","VSCode","Vector Search","Vector search","Vector store","Visualization","Weaviate","experiment tracking","mlflow","model registry","vLLM"]
INFO     [🎭 Playwright]:base_page.py:16 <MainPage>: Waiting for spinner
INFO     [🎭 Playwright]:base_page.py:16 <MainPage>: Timeout error for spinner
INFO     [📘TEST_INFO]:reporting.py:51 ✅ STEP completed: Reload page
INFO     [📘TEST_INFO]:reporting.py:225 📸 Screenshot captured and attached (success): /home/runner/work/apolo-test-automation/apolo-test-automation/reports/screenshots/ui_reload_page_success_36ea6a.png
INFO     [📘TEST_INFO]:reporting.py:51 ✅ STEP completed: Add organization via API and reload page
INFO     [📘TEST_INFO]:reporting.py:225 📸 Screenshot captured and attached (success): /home/runner/work/apolo-test-automation/apolo-test-automation/reports/screenshots/ui_add_org_api_success_4ca973.png
INFO     [🔧TEST CONFIG]:conftest.py:388 Navigating to: https://console.dev.apolo.us/
WARNING  [🔧TEST CONFIG]:conftest.py:430 [HTTP 200] GET https://api.dev.apolo.us/api/v1/config
Request Body:
<not available>
Response Body (first 1000 chars):
{"authorized": false, "auth_url": "https://auth.dev.apolo.us/authorize", "token_url": "https://auth.dev.apolo.us/oauth/token", "logout_url": "https://auth.dev.apolo.us/v2/logout?returnTo=https://console.dev.apolo.us", "client_id": "q3I0OzzGnTDkhRmpeJ7WWgaTCucmVxTL", "audience": "https://api.dev.apolo.us", "callback_urls": ["http://127.0.0.1:54540", "http://127.0.0.1:54541", "http://127.0.0.1:54542"], "headless_callback_url": "https://api.dev.apolo.us/oauth/show-code", "success_redirect_url": "https://api.dev.apolo.us/oauth/login"}
INFO     [📘TEST_INFO]:reporting.py:37 ▶️ STEP started: <<User2>> :: Get second user
INFO     [📘TEST_INFO]:reporting.py:37 ▶️ STEP started: <<User2>> :: Signup new user via UI and activate email verification link
INFO     [👤UsersManager]:users_manager.py:59 Generated new user: UserData(email='regression-egv8bxbauf@apolo.us', username='regression-egv8bxbauf', password='hy!9z!oaIebv')
INFO     [👤UsersManager]:users_manager.py:73 Setting main user to UserData(email='regression-egv8bxbauf@apolo.us', username='regression-egv8bxbauf', password='hy!9z!oaIebv')
INFO     [📘TEST_INFO]:reporting.py:37 ▶️ STEP started: <<User2>> :: Click signup button
INFO     [🎭 Playwright]:base_page.py:16 <AuthPage>: Click sign up button
INFO     [📘TEST_INFO]:reporting.py:51 ✅ STEP completed: <<User2>> :: Click signup button
INFO     [📘TEST_INFO]:reporting.py:225 📸 Screenshot captured and attached (success): /home/runner/work/apolo-test-automation/apolo-test-automation/reports/screenshots/ui_click_signup_button_success_8d03d9.png
INFO     [📘TEST_INFO]:reporting.py:37 ▶️ STEP started: <<User2>> :: Enter email
INFO     [🎭 Playwright]:base_page.py:16 <SignupPage>: Enter regression-egv8bxbauf@apolo.us email
INFO     [📘TEST_INFO]:reporting.py:51 ✅ STEP completed: <<User2>> :: Enter email
INFO     [📘TEST_INFO]:reporting.py:225 📸 Screenshot captured and attached (success): /home/runner/work/apolo-test-automation/apolo-test-automation/reports/screenshots/ui_enter_email_success_b375a5.png
INFO     [📘TEST_INFO]:reporting.py:37 ▶️ STEP started: <<User2>> :: Enter password
INFO     [🎭 Playwright]:base_page.py:16 <SignupPage>: Enter ********* password
INFO     [📘TEST_INFO]:reporting.py:51 ✅ STEP completed: <<User2>> :: Enter password
INFO     [📘TEST_INFO]:reporting.py:225 📸 Screenshot captured and attached (success): /home/runner/work/apolo-test-automation/apolo-test-automation/reports/screenshots/ui_enter_password_success_ce9074.png
INFO     [📘TEST_INFO]:reporting.py:37 ▶️ STEP started: <<User2>> :: Click continue button
INFO     [🎭 Playwright]:base_page.py:16 <SignupPage>: Click continue button
INFO     [📘TEST_INFO]:reporting.py:51 ✅ STEP completed: <<User2>> :: Click continue button
INFO     [📘TEST_INFO]:reporting.py:225 📸 Screenshot captured and attached (success): /home/runner/work/apolo-test-automation/apolo-test-automation/reports/screenshots/ui_click_continue_button_success_7cb87a.png
INFO     [📘TEST_INFO]:reporting.py:37 ▶️ STEP started: <<User2>> :: Verify that Verify email message displayed
INFO     [🎭 Playwright]:base_page.py:16 <MainPage>: Check if verify email message displayed
WARNING  [🔧TEST CONFIG]:conftest.py:430 [HTTP 200] GET https://api.dev.apolo.us/api/v1/config
Request Body:
<not available>
Response Body (first 1000 chars):
{"authorized": false, "auth_url": "https://auth.dev.apolo.us/authorize", "token_url": "https://auth.dev.apolo.us/oauth/token", "logout_url": "https://auth.dev.apolo.us/v2/logout?returnTo=https://console.dev.apolo.us", "client_id": "q3I0OzzGnTDkhRmpeJ7WWgaTCucmVxTL", "audience": "https://api.dev.apolo.us", "callback_urls": ["http://127.0.0.1:54540", "http://127.0.0.1:54541", "http://127.0.0.1:54542"], "headless_callback_url": "https://api.dev.apolo.us/oauth/show-code", "success_redirect_url": "https://api.dev.apolo.us/oauth/login"}
INFO     [📘TEST_INFO]:reporting.py:51 ✅ STEP completed: <<User2>> :: Verify that Verify email message displayed
INFO     [📘TEST_INFO]:reporting.py:225 📸 Screenshot captured and attached (success): /home/runner/work/apolo-test-automation/apolo-test-automation/reports/screenshots/verify_ui_email_message_displayed_success_b74fb6.png
INFO     [📘TEST_INFO]:reporting.py:37 ▶️ STEP started: Verify user email with the activation link
INFO     [🌐API_helper]:api_helper.py:144 Checking if user regression-egv8bxbauf@apolo.us needs verification...
INFO     [🌐API_helper]:api_helper.py:54 GET https://api.dev.apolo.us/apis/admin/v1/users/auth0-email-verify-ticket?email=regression-egv8bxbauf@apolo.us
INFO     [🌐API_helper]:api_helper.py:146 Status: 200. Response: {'ticket': 'https://auth.dev.apolo.us/u/email-verification?ticket=7czFMTZNFbRqLHkz7KhGpIoqr5m4uRu7#'}
INFO     [📘TEST_INFO]:reporting.py:37 ▶️ STEP started: <<User2>> :: Navigate to URL
INFO     [🎭 Playwright]:base_page.py:16 <MainPage>: Navigated to: https://auth.dev.apolo.us/u/email-verification?ticket=7czFMTZNFbRqLHkz7KhGpIoqr5m4uRu7#
INFO     [🎭 Playwright]:base_page.py:16 <MainPage>: Waiting for network idle...
INFO     [🎭 Playwright]:base_page.py:16 <MainPage>: Page is idle (networkidle state reached)
INFO     [📘TEST_INFO]:reporting.py:51 ✅ STEP completed: <<User2>> :: Navigate to URL
INFO     [📘TEST_INFO]:reporting.py:225 📸 Screenshot captured and attached (success): /home/runner/work/apolo-test-automation/apolo-test-automation/reports/screenshots/ui_open_url_in_browser_success_b28cbf.png
INFO     [🌐API_helper]:api_helper.py:144 Checking if user regression-egv8bxbauf@apolo.us needs verification...
INFO     [🌐API_helper]:api_helper.py:54 GET https://api.dev.apolo.us/apis/admin/v1/users/auth0-email-verify-ticket?email=regression-egv8bxbauf@apolo.us
INFO     [🌐API_helper]:api_helper.py:146 Status: 200. Response: {'detail': 'Email already verified'}
INFO     [📘TEST_INFO]:reporting.py:51 ✅ STEP completed: Verify user email with the activation link
INFO     [📘TEST_INFO]:reporting.py:37 ▶️ STEP started: <<User2>> :: Navigate to URL
INFO     [🎭 Playwright]:base_page.py:16 <MainPage>: Navigated to: https://console.dev.apolo.us/
INFO     [🎭 Playwright]:base_page.py:16 <MainPage>: Waiting for network idle...
WARNING  [🔧TEST CONFIG]:conftest.py:430 [HTTP 200] GET https://api.dev.apolo.us/api/v1/config
Request Body:
<not available>
Response Body (first 1000 chars):
{"authorized": false, "auth_url": "https://auth.dev.apolo.us/authorize", "token_url": "https://auth.dev.apolo.us/oauth/token", "logout_url": "https://auth.dev.apolo.us/v2/logout?returnTo=https://console.dev.apolo.us", "client_id": "q3I0OzzGnTDkhRmpeJ7WWgaTCucmVxTL", "audience": "https://api.dev.apolo.us", "callback_urls": ["http://127.0.0.1:54540", "http://127.0.0.1:54541", "http://127.0.0.1:54542"], "headless_callback_url": "https://api.dev.apolo.us/oauth/show-code", "success_redirect_url": "https://api.dev.apolo.us/oauth/login"}
INFO     [🎭 Playwright]:base_page.py:16 <MainPage>: Page is idle (networkidle state reached)
INFO     [📘TEST_INFO]:reporting.py:51 ✅ STEP completed: <<User2>> :: Navigate to URL
INFO     [📘TEST_INFO]:reporting.py:225 📸 Screenshot captured and attached (success): /home/runner/work/apolo-test-automation/apolo-test-automation/reports/screenshots/ui_open_url_in_browser_success_00e08a.png
INFO     [📘TEST_INFO]:reporting.py:37 ▶️ STEP started: <<User2>> :: Verify that Auth page displayed
INFO     [🎭 Playwright]:base_page.py:16 <AuthPage>: Check if page loaded
INFO     [📘TEST_INFO]:reporting.py:51 ✅ STEP completed: <<User2>> :: Verify that Auth page displayed
INFO     [📘TEST_INFO]:reporting.py:225 📸 Screenshot captured and attached (success): /home/runner/work/apolo-test-automation/apolo-test-automation/reports/screenshots/verify_ui_page_displayed_success_bc3d90.png
INFO     [📘TEST_INFO]:reporting.py:37 ▶️ STEP started: <<User2>> :: Click login button
INFO     [🎭 Playwright]:base_page.py:16 <AuthPage>: Click log in button
INFO     [📘TEST_INFO]:reporting.py:51 ✅ STEP completed: <<User2>> :: Click login button
INFO     [📘TEST_INFO]:reporting.py:225 📸 Screenshot captured and attached (success): /home/runner/work/apolo-test-automation/apolo-test-automation/reports/screenshots/ui_click_login_button_success_5f51f3.png
INFO     [📘TEST_INFO]:reporting.py:37 ▶️ STEP started: <<User2>> :: Verify that Signup username page displayed
INFO     [🎭 Playwright]:base_page.py:16 <SignupUsernamePage>: Check if page is loaded
WARNING  [🔧TEST CONFIG]:conftest.py:430 [HTTP 404] HEAD https://api.dev.apolo.us/apis/admin/v1/users/regression-egv8bxbauf
Request Body:
<not available>
Response Body (first 1000 chars):
<unavailable>
INFO     [📘TEST_INFO]:reporting.py:51 ✅ STEP completed: <<User2>> :: Verify that Signup username page displayed
INFO     [📘TEST_INFO]:reporting.py:225 📸 Screenshot captured and attached (success): /home/runner/work/apolo-test-automation/apolo-test-automation/reports/screenshots/verify_ui_page_displayed_success_a1bea8.png
INFO     [📘TEST_INFO]:reporting.py:37 ▶️ STEP started: <<User2>> :: Enter username
INFO     [🎭 Playwright]:base_page.py:16 <SignupUsernamePage>: Enter regression-egv8bxbauf username
WARNING  [🔧TEST CONFIG]:conftest.py:430 [HTTP 404] HEAD https://api.dev.apolo.us/apis/admin/v1/users/
Request Body:
<not available>
Response Body (first 1000 chars):
<unavailable>
WARNING  [🔧TEST CONFIG]:conftest.py:430 [HTTP 404] HEAD https://api.dev.apolo.us/apis/admin/v1/users/regression-egv8bxbauf
Request Body:
<not available>
Response Body (first 1000 chars):
<unavailable>
INFO     [🎭 Playwright]:base_page.py:16 <SignupUsernamePage>: Wait for network idle
INFO     [🎭 Playwright]:base_page.py:16 <SignupUsernamePage>: Network idle done
INFO     [📘TEST_INFO]:reporting.py:51 ✅ STEP completed: <<User2>> :: Enter username
INFO     [📘TEST_INFO]:reporting.py:225 📸 Screenshot captured and attached (success): /home/runner/work/apolo-test-automation/apolo-test-automation/reports/screenshots/ui_enter_username_success_0acdd7.png
INFO     [📘TEST_INFO]:reporting.py:37 ▶️ STEP started: <<User2>> :: Click signup button on Signup username page
INFO     [🎭 Playwright]:base_page.py:16 <SignupUsernamePage>: Click signup button
WARNING  [🔧TEST CONFIG]:conftest.py:430 [HTTP 200] GET https://api.dev.apolo.us/api/v1/config
Request Body:
<not available>
Response Body (first 1000 chars):
{"authorized": true, "orgs": [], "clusters": [], "projects": [], "admin_url": "https://api.dev.apolo.us/apis/admin/v1", "auth_url": "https://auth.dev.apolo.us/authorize", "token_url": "https://auth.dev.apolo.us/oauth/token", "logout_url": "https://auth.dev.apolo.us/v2/logout?returnTo=https://console.dev.apolo.us", "client_id": "q3I0OzzGnTDkhRmpeJ7WWgaTCucmVxTL", "audience": "https://api.dev.apolo.us", "callback_urls": ["http://127.0.0.1:54540", "http://127.0.0.1:54541", "http://127.0.0.1:54542"], "headless_callback_url": "https://api.dev.apolo.us/oauth/show-code", "success_redirect_url": "https://api.dev.apolo.us/oauth/login"}
WARNING  [🔧TEST CONFIG]:conftest.py:430 [HTTP 200] GET https://api.dev.apolo.us/api/v1/users/regression-egv8bxbauf/permissions?uri=blob:
Request Body:
<not available>
Response Body (first 1000 chars):
[]
WARNING  [🔧TEST CONFIG]:conftest.py:430 [HTTP 200] GET https://api.dev.apolo.us/apis/admin/v1/invites/incoming
Request Body:
<not available>
Response Body (first 1000 chars):
[]
WARNING  [🔧TEST CONFIG]:conftest.py:430 [HTTP 200] GET https://api.dev.apolo.us/apis/admin/v1/users/regression-egv8bxbauf?include=clusters&include=system_role
Request Body:
<not available>
Response Body (first 1000 chars):
{"name": "regression-egv8bxbauf", "email": "regression-egv8bxbauf@apolo.us", "first_name": null, "last_name": null, "created_at": "2025-10-07T01:34:55.159102+00:00", "terms_accepted": false, "clusters": []}
INFO     [🎭 Playwright]:base_page.py:16 <SignupUsernamePage>: Waiting for spinner
WARNING  [🔧TEST CONFIG]:conftest.py:430 [HTTP 200] GET https://api.dev.apolo.us/api/v1/config
Request Body:
<not available>
Response Body (first 1000 chars):
{"authorized": true, "orgs": [], "clusters": [], "projects": [], "admin_url": "https://api.dev.apolo.us/apis/admin/v1", "auth_url": "https://auth.dev.apolo.us/authorize", "token_url": "https://auth.dev.apolo.us/oauth/token", "logout_url": "https://auth.dev.apolo.us/v2/logout?returnTo=https://console.dev.apolo.us", "client_id": "q3I0OzzGnTDkhRmpeJ7WWgaTCucmVxTL", "audience": "https://api.dev.apolo.us", "callback_urls": ["http://127.0.0.1:54540", "http://127.0.0.1:54541", "http://127.0.0.1:54542"], "headless_callback_url": "https://api.dev.apolo.us/oauth/show-code", "success_redirect_url": "https://api.dev.apolo.us/oauth/login"}
INFO     [🎭 Playwright]:base_page.py:16 <SignupUsernamePage>: Waiting for spinner to disappear
WARNING  [🔧TEST CONFIG]:conftest.py:430 [HTTP 200] GET https://api.dev.apolo.us/api/v1/users/regression-egv8bxbauf/permissions?uri=blob:
Request Body:
<not available>
Response Body (first 1000 chars):
[]
WARNING  [🔧TEST CONFIG]:conftest.py:430 [HTTP 200] GET https://api.dev.apolo.us/apis/admin/v1/invites/incoming
Request Body:
<not available>
Response Body (first 1000 chars):
[]
WARNING  [🔧TEST CONFIG]:conftest.py:430 [HTTP 200] GET https://api.dev.apolo.us/apis/admin/v1/users/regression-egv8bxbauf?include=orgs
Request Body:
<not available>
Response Body (first 1000 chars):
{"name": "regression-egv8bxbauf", "email": "regression-egv8bxbauf@apolo.us", "first_name": null, "last_name": null, "created_at": "2025-10-07T01:34:55.159102+00:00", "terms_accepted": false, "orgs": []}
WARNING  [🔧TEST CONFIG]:conftest.py:430 [HTTP 200] GET https://api.dev.apolo.us/apis/admin/v1/users/regression-egv8bxbauf?include=clusters&include=system_role
Request Body:
<not available>
Response Body (first 1000 chars):
{"name": "regression-egv8bxbauf", "email": "regression-egv8bxbauf@apolo.us", "first_name": null, "last_name": null, "created_at": "2025-10-07T01:34:55.159102+00:00", "terms_accepted": false, "clusters": []}
INFO     [📘TEST_INFO]:reporting.py:51 ✅ STEP completed: <<User2>> :: Click signup button on Signup username page
INFO     [📘TEST_INFO]:reporting.py:225 📸 Screenshot captured and attached (success): /home/runner/work/apolo-test-automation/apolo-test-automation/reports/screenshots/ui_click_signup_button_success_3921bb.png
INFO     [📘TEST_INFO]:reporting.py:37 ▶️ STEP started: <<User2>> :: Verify that User agreement pop up displayed
INFO     [🎭 Playwright]:base_page.py:16 <MainPage>: Check if user_agreement pop up displayed
INFO     [📘TEST_INFO]:reporting.py:51 ✅ STEP completed: <<User2>> :: Verify that User agreement pop up displayed
INFO     [📘TEST_INFO]:reporting.py:225 📸 Screenshot captured and attached (success): /home/runner/work/apolo-test-automation/apolo-test-automation/reports/screenshots/verify_ui_terms_of_agreement_displayed_success_cde10c.png
INFO     [📘TEST_INFO]:reporting.py:37 ▶️ STEP started: <<User2>> :: Check agreement checkbox
INFO     [🎭 Playwright]:base_page.py:16 <MainPage>: Check user agreement checkbox
INFO     [📘TEST_INFO]:reporting.py:51 ✅ STEP completed: <<User2>> :: Check agreement checkbox
INFO     [📘TEST_INFO]:reporting.py:225 📸 Screenshot captured and attached (success): /home/runner/work/apolo-test-automation/apolo-test-automation/reports/screenshots/ui_check_agreement_checkbox_success_33f87b.png
INFO     [📘TEST_INFO]:reporting.py:37 ▶️ STEP started: <<User2>> :: Click I Agree button
INFO     [🎭 Playwright]:base_page.py:16 <MainPage>: Click user agreement I Agree button
INFO     [📘TEST_INFO]:reporting.py:51 ✅ STEP completed: <<User2>> :: Click I Agree button
INFO     [📘TEST_INFO]:reporting.py:225 📸 Screenshot captured and attached (success): /home/runner/work/apolo-test-automation/apolo-test-automation/reports/screenshots/ui_click_i_agree_button_success_a55c8d.png
INFO     [📘TEST_INFO]:reporting.py:37 ▶️ STEP started: <<User2>> :: Wait for User Agreement popup to disappear
WARNING  [🔧TEST CONFIG]:conftest.py:430 [HTTP 204] PUT https://api.dev.apolo.us/apis/admin/v1/users/regression-egv8bxbauf/profile
Request Body:
<not available>
Response Body (first 1000 chars):

INFO     [📘TEST_INFO]:reporting.py:51 ✅ STEP completed: <<User2>> :: Wait for User Agreement popup to disappear
INFO     [📘TEST_INFO]:reporting.py:225 📸 Screenshot captured and attached (success): /home/runner/work/apolo-test-automation/apolo-test-automation/reports/screenshots/ui_wait_user_agreement_disappear_success_025e88.png
INFO     [📘TEST_INFO]:reporting.py:37 ▶️ STEP started: <<User2>> :: Wait for timeout
INFO     [📘TEST_INFO]:reporting.py:51 ✅ STEP completed: <<User2>> :: Wait for timeout
INFO     [📘TEST_INFO]:reporting.py:225 📸 Screenshot captured and attached (success): /home/runner/work/apolo-test-automation/apolo-test-automation/reports/screenshots/ui_wait_for_timeout_success_2423b5.png
INFO     [📘TEST_INFO]:reporting.py:37 ▶️ STEP started: <<User2>> :: Verify that Welcome new user page displayed
INFO     [🎭 Playwright]:base_page.py:16 <WelcomeNewUserPage>: Check if page loaded
INFO     [📘TEST_INFO]:reporting.py:51 ✅ STEP completed: <<User2>> :: Verify that Welcome new user page displayed
INFO     [📘TEST_INFO]:reporting.py:225 📸 Screenshot captured and attached (success): /home/runner/work/apolo-test-automation/apolo-test-automation/reports/screenshots/verify_ui_page_displayed_success_040978.png
INFO     [📘TEST_INFO]:reporting.py:51 ✅ STEP completed: <<User2>> :: Signup new user via UI and activate email verification link
INFO     [📘TEST_INFO]:reporting.py:225 📸 Screenshot captured and attached (success): /home/runner/work/apolo-test-automation/apolo-test-automation/reports/screenshots/ui_signup_new_user_ver_link_success_f8e63a.png
INFO     [👤UsersManager]:users_manager.py:82 Setting second user to UserData(email='regression-egv8bxbauf@apolo.us', username='regression-egv8bxbauf', password='hy!9z!oaIebv')
INFO     [📘TEST_INFO]:reporting.py:51 ✅ STEP completed: <<User2>> :: Get second user
INFO     [📘TEST_INFO]:reporting.py:225 📸 Screenshot captured and attached (success): /home/runner/work/apolo-test-automation/apolo-test-automation/reports/screenshots/ui_get_second_user_success_275b2c.png
INFO     [📘TEST_INFO]:reporting.py:37 ▶️ STEP started: <<User2>> :: Login via UI
INFO     [📘TEST_INFO]:reporting.py:51 ✅ STEP completed: <<User2>> :: Login via UI
INFO     [📘TEST_INFO]:reporting.py:225 📸 Screenshot captured and attached (success): /home/runner/work/apolo-test-automation/apolo-test-automation/reports/screenshots/ui_login_success_b52d58.png
INFO     [📘TEST_INFO]:reporting.py:37 ▶️ STEP started: Login to apolo CLI with access token
INFO     [🖥apolo_CLI]:apolo_runner.py:25 login-with-token. Running command via cli:

apolo config login-with-token eyJhbGciOiJSUzI1NiIsInR5cCI6IkpXVCIsImtpZCI6IjhyNXZCR0E4ZXNuc1IzbXJ0NUFSViJ9.eyJodHRwczovL3BsYXRmb3JtLm5ldXJvbWF0aW9uLmlvL3VzZXIiOiJyZWdyZXNzaW9uLWY5YjczdWloM3EiLCJodHRwczovL3BsYXRmb3JtLm5ldXJvbWF0aW9uLmlvL2xvZ2luX3JlZGlyZWN0X3VybCI6Imh0dHBzOi8vY29uc29sZS5kZXYuYXBvbG8udXMiLCJodHRwczovL3BsYXRmb3JtLmFwb2xvLnVzL29yaWdpbiI6Imh0dHBzOi8vY29uc29sZS5kZXYuYXBvbG8udXMiLCJpc3MiOiJodHRwczovL2F1dGguZGV2LmFwb2xvLnVzLyIsInN1YiI6ImF1dGgwfDY4ZTQ2ZGYwYTc4ZDdiZDkzOTdmMWI1MCIsImF1ZCI6WyJodHRwczovL2FwaS5kZXYuYXBvbG8udXMiLCJodHRwczovL2Rldi1hcG9sby11cy51cy5hdXRoMC5jb20vdXNlcmluZm8iXSwiaWF0IjoxNzU5ODAwODU4LCJleHAiOjE3NTk4ODcyNTgsInNjb3BlIjoib3BlbmlkIHByb2ZpbGUgZW1haWwiLCJhenAiOiJxM0kwT3p6R25URGtoUm1wZUo3V1dnYVRDdWNtVnhUTCJ9.dJJWi7V5DwQ6lxTpeuWKmT7fpoFp81CLA45S96d0akdfNmS17cX6E756m4Xi7VlKZdC0vMwopmLBC-hjcPVpq14mvz5sg27Vi-cbyJ7pIcCBoGUKz4InUvNgyfXsd8D64fi1PP9AWMulX58YvmDuOGxgoLJwbvRJ14tSI4a5DWTK_DZ3eA1srKGMh5z97bjiXlDoD16pby2PA2NTa79O_Lxr94X1TNDEfsa-6zRyt2c4PmrXQMXxbwxGPmrWsOtJOAzYFBHyuCnD-YgtwkPgUisqYvMwaRjww54TwYIsY_f_9h28UF9UO_iKDZZ9efXR0_ePg-fPrEJ1vtP9nO_CFg https://api.dev.apolo.us/api/v1

INFO     [🖥apolo_CLI]:apolo_runner.py:86 login-with-token succeeded:

Logged into https://api.dev.apolo.us/api/v1 as regression-f9b73uih3q, current cluster is default, org is regression-org-srl18tzf3qty project is None
Read the docs at https://docs.apolo.us or run `apolo --help` to see the reference

INFO     [📘TEST_INFO]:reporting.py:51 ✅ STEP completed: Login to apolo CLI with access token
INFO     [📘TEST_INFO]:reporting.py:37 ▶️ STEP started: Add user to organization via CLI
INFO     [🖥apolo_CLI]:apolo_runner.py:25 add user regression-egv8bxbauf to organization regression-org-srl18tzf3qty as user. Running command via cli:

apolo admin add-org-user regression-org-srl18tzf3qty regression-egv8bxbauf user

INFO     [🖥apolo_CLI]:apolo_runner.py:86 add user regression-egv8bxbauf to organization regression-org-srl18tzf3qty as user succeeded:

Added regression-egv8bxbauf to org regression-org-srl18tzf3qty as user
Credits: unlimited
Credits spent: 0.00

INFO     [📘TEST_INFO]:reporting.py:51 ✅ STEP completed: Add user to organization via CLI
INFO     [📘TEST_INFO]:reporting.py:37 ▶️ STEP started: Add new project via apolo CLI
INFO     [🖥apolo_CLI]:apolo_runner.py:25 create project regression-proj-s4jvz7xi46 under regression-org-srl18tzf3qty. Running command via cli:

apolo admin add-project --default-role reader --org regression-org-srl18tzf3qty default regression-proj-s4jvz7xi46

INFO     [🖥apolo_CLI]:apolo_runner.py:86 create project regression-proj-s4jvz7xi46 under regression-org-srl18tzf3qty succeeded:

Added project regression-proj-s4jvz7xi46 to cluster default to org regression-org-srl18tzf3qty. Info:
 Name                regression-proj-s4jvz7xi46 
 Default role        reader                     
 Is default project  False                      
Selected regression-proj-s4jvz7xi46 as current project.

INFO     [📘TEST_INFO]:reporting.py:51 ✅ STEP completed: Add new project via apolo CLI
INFO     [📘TEST_INFO]:reporting.py:37 ▶️ STEP started: Add organization member to project via CLI
INFO     [🖥apolo_CLI]:apolo_runner.py:25 add user regression-egv8bxbauf to project regression-proj-s4jvz7xi46. Running command via cli:

apolo admin add-project-user --org regression-org-srl18tzf3qty default regression-proj-s4jvz7xi46 regression-egv8bxbauf reader

INFO     [🖥apolo_CLI]:apolo_runner.py:86 add user regression-egv8bxbauf to project regression-proj-s4jvz7xi46 succeeded:

Added regression-egv8bxbauf to project regression-proj-s4jvz7xi46 as reader

INFO     [📘TEST_INFO]:reporting.py:51 ✅ STEP completed: Add organization member to project via CLI
INFO     [📘TEST_INFO]:reporting.py:37 ▶️ STEP started: Get project users via CLI
INFO     [🖥apolo_CLI]:apolo_runner.py:25 get users in 'regression-proj-s4jvz7xi46'. Running command via cli:

apolo admin get-project-users --org regression-org-srl18tzf3qty default regression-proj-s4jvz7xi46

INFO     [🖥apolo_CLI]:apolo_runner.py:86 get users in 'regression-proj-s4jvz7xi46' succeeded:

╷        ╷                                ╷           ╷                                   
  Name                  │ Role   │ Email                          │ Full name │ Registered                        
╺━━━━━━━━━━━━━━━━━━━━━━━┿━━━━━━━━┿━━━━━━━━━━━━━━━━━━━━━━━━━━━━━━━━┿━━━━━━━━━━━┿━━━━━━━━━━━━━━━━━━━━━━━━━━━━━━━━━━╸
  regression-egv8bxbauf │ reader │ regression-egv8bxbauf@apolo.us │           │ 2025-10-07T01:34:55.159102+00:00  
  regression-f9b73uih3q │ admin  │ regression-f9b73uih3q@apolo.us │           │ 2025-10-07T01:33:48.500959+00:00  
                        ╵        ╵                                ╵           ╵

INFO     [📘TEST_INFO]:reporting.py:51 ✅ STEP completed: Get project users via CLI
INFO     [📘TEST_INFO]:reporting.py:37 ▶️ STEP started: Verify user present in get-project-users output via CLI
INFO     [🖥apolo_CLI]:apolo_admin.py:418 ✅ User 'regression-egv8bxbauf' fields match: role='Reader', email='regression-egv8bxbauf@apolo.us'
INFO     [📘TEST_INFO]:reporting.py:51 ✅ STEP completed: Verify user present in get-project-users output via CLI
INFO     [📘TEST_INFO]:reporting.py:37 ▶️ STEP started: Update user role on a project via CLI
INFO     [🖥apolo_CLI]:apolo_runner.py:25 update user 'regression-egv8bxbauf' role in 'regression-proj-s4jvz7xi46' to 'Writer'. Running command via cli:

apolo admin update-project-user --org regression-org-srl18tzf3qty default regression-proj-s4jvz7xi46 regression-egv8bxbauf writer

INFO     [🖥apolo_CLI]:apolo_runner.py:86 update user 'regression-egv8bxbauf' role in 'regression-proj-s4jvz7xi46' to 'Writer' succeeded:

Update regression-egv8bxbauf role in project regression-proj-s4jvz7xi46 as writer

INFO     [📘TEST_INFO]:reporting.py:51 ✅ STEP completed: Update user role on a project via CLI
INFO     [📘TEST_INFO]:reporting.py:37 ▶️ STEP started: Get project users via CLI
INFO     [🖥apolo_CLI]:apolo_runner.py:25 get users in 'regression-proj-s4jvz7xi46'. Running command via cli:

apolo admin get-project-users --org regression-org-srl18tzf3qty default regression-proj-s4jvz7xi46

INFO     [🖥apolo_CLI]:apolo_runner.py:86 get users in 'regression-proj-s4jvz7xi46' succeeded:

╷        ╷                                ╷           ╷                                   
  Name                  │ Role   │ Email                          │ Full name │ Registered                        
╺━━━━━━━━━━━━━━━━━━━━━━━┿━━━━━━━━┿━━━━━━━━━━━━━━━━━━━━━━━━━━━━━━━━┿━━━━━━━━━━━┿━━━━━━━━━━━━━━━━━━━━━━━━━━━━━━━━━━╸
  regression-egv8bxbauf │ writer │ regression-egv8bxbauf@apolo.us │           │ 2025-10-07T01:34:55.159102+00:00  
  regression-f9b73uih3q │ admin  │ regression-f9b73uih3q@apolo.us │           │ 2025-10-07T01:33:48.500959+00:00  
                        ╵        ╵                                ╵           ╵

INFO     [📘TEST_INFO]:reporting.py:51 ✅ STEP completed: Get project users via CLI
INFO     [📘TEST_INFO]:reporting.py:37 ▶️ STEP started: Verify user present in get-project-users output via CLI
INFO     [🖥apolo_CLI]:apolo_admin.py:418 ✅ User 'regression-egv8bxbauf' fields match: role='Writer', email='regression-egv8bxbauf@apolo.us'
INFO     [📘TEST_INFO]:reporting.py:51 ✅ STEP completed: Verify user present in get-project-users output via CLI
INFO     [📘TEST_INFO]:reporting.py:92 ✅ TEST completed: Admin change member role from Reader to Writer in project via CLI
INFO     [📘TEST_INFO]:reporting.py:98 ------------------------------------------------------------
INFO     [🌐API_helper]:api_helper.py:54 GET https://api.dev.apolo.us/apis/admin/v1/orgs
INFO     [🌐API_helper]:api_helper.py:175 Status: 200. Response: [{'name': 'regression-org-srl18tzf3qty', 'balance': {'credits': '500', 'spent_credits': '0'}, 'user_default_credits': None, 'notification_intervals': {'balance_projection_seconds': [604800, 259200, 86400], 'balance_amount': [0], 'balance_depletion_seconds': [86400, 604800]}}]
INFO     [🔧TEST CONFIG]:conftest.py:291 Cleaning up 1 organisations
INFO     [🌐API_helper]:api_helper.py:54 GET https://api.dev.apolo.us/apis/admin/v1/clusters/default/orgs/regression-org-srl18tzf3qty/projects
INFO     [🌐API_helper]:api_helper.py:182 Status: 200. Response: [{'name': 'regression-proj-s4jvz7xi46', 'cluster_name': 'default', 'org_name': 'regression-org-srl18tzf3qty', 'is_default': False, 'default_role': 'reader', 'has_virtual_kube': False}]
INFO     [🔧TEST CONFIG]:conftest.py:308 Cleaning up 1 projects
INFO     [🌐API_helper]:api_helper.py:196 Delete project response: <ClientResponse(https://api.dev.apolo.us/apis/admin/v1/clusters/default/orgs/regression-org-srl18tzf3qty/projects/regression-proj-s4jvz7xi46) [204 No Content]>
<CIMultiDictProxy('Access-Control-Allow-Credentials': 'true', 'Date': 'Tue, 07 Oct 2025 01:35:52 GMT', 'Server': 'Python/3.13 aiohttp/3.12.15', 'Vary': 'Origin', 'x-service-version': 'platform-admin/0.0.0.post1.dev0+4cdab15', 'Via': '1.1 google', 'Alt-Svc': 'h3=":443"; ma=2592000,h3-29=":443"; ma=2592000')>

INFO     [🌐API_helper]:api_helper.py:189 Delete organization response: <ClientResponse(https://api.dev.apolo.us/apis/admin/v1/orgs/regression-org-srl18tzf3qty) [200 OK]>
<CIMultiDictProxy('Access-Control-Allow-Credentials': 'true', 'Content-Length': '274', 'Content-Type': 'application/json; charset=utf-8', 'Date': 'Tue, 07 Oct 2025 01:35:53 GMT', 'Server': 'Python/3.13 aiohttp/3.12.15', 'Vary': 'Origin', 'x-service-version': 'platform-admin/0.0.0.post1.dev0+4cdab15', 'Via': '1.1 google', 'Alt-Svc': 'h3=":443"; ma=2592000,h3-29=":443"; ma=2592000')>

INFO     [🔧TEST CONFIG]:conftest.py:326 Removed organisation: regression-org-srl18tzf3qty
INFO     [🔧TEST CONFIG]:conftest.py:331 Closing all browser sessions
INFO     [🔧TEST CONFIG]:conftest.py:337 Stopped Playwright
WARNING  [🔧TEST CONFIG]:conftest.py:347 Failed to close context: BrowserContext.close: Target page, context or browser has been closed
INFO     [🔧TEST CONFIG]:conftest.py:352 Closed browser (post-stop)
INFO     [🔧TEST CONFIG]:conftest.py:337 Stopped Playwright
WARNING  [🔧TEST CONFIG]:conftest.py:347 Failed to close context: BrowserContext.close: Target page, context or browser has been closed
INFO     [🔧TEST CONFIG]:conftest.py:352 Closed browser (post-stop)
INFO     [🔧TEST CONFIG]:conftest.py:357 Browser cleanup finished