INFO     [🔧TEST CONFIG]:conftest.py:87 Loading test configuration
INFO     [🔧TEST CONFIG]:conftest.py:388 Navigating to: https://console.dev.apolo.us/
WARNING  [🔧TEST CONFIG]:conftest.py:430 [HTTP 200] GET https://api.dev.apolo.us/api/v1/config
Request Body:
<not available>
Response Body (first 1000 chars):
{"authorized": false, "auth_url": "https://auth.dev.apolo.us/authorize", "token_url": "https://auth.dev.apolo.us/oauth/token", "logout_url": "https://auth.dev.apolo.us/v2/logout?returnTo=https://console.dev.apolo.us", "client_id": "q3I0OzzGnTDkhRmpeJ7WWgaTCucmVxTL", "audience": "https://api.dev.apolo.us", "callback_urls": ["http://127.0.0.1:54540", "http://127.0.0.1:54541", "http://127.0.0.1:54542"], "headless_callback_url": "https://api.dev.apolo.us/oauth/show-code", "success_redirect_url": "https://api.dev.apolo.us/oauth/login"}
INFO     [🔧TEST CONFIG]:conftest.py:93 Creating data manager
INFO     [🔧TEST CONFIG]:conftest.py:123 Creating users manager
INFO     [🔧TEST CONFIG]:conftest.py:109 Creating API helper
INFO     [🔧TEST CONFIG]:conftest.py:117 Creating Apolo CLI instance
INFO     [🔧TEST CONFIG]:conftest.py:205 Continue using UserData(email='regression-6mca5fse0t@apolo.us', username='regression-6mca5fse0t', password='yr7phCc*N$eL') as main test user...
INFO     [👤UsersManager]:users_manager.py:73 Setting main user to UserData(email='regression-6mca5fse0t@apolo.us', username='regression-6mca5fse0t', password='yr7phCc*N$eL')
INFO     [🔧TEST CONFIG]:conftest.py:235 Continue using UserData(email='regression-zu4yw4i018@apolo.us', username='regression-zu4yw4i018', password='UC$J@hL8knVS') as second test user...
INFO     [👤UsersManager]:users_manager.py:82 Setting second user to UserData(email='regression-zu4yw4i018@apolo.us', username='regression-zu4yw4i018', password='UC$J@hL8knVS')
INFO     [🔧TEST CONFIG]:conftest.py:240 Continue using UserData(email='regression-6o1k484xah@apolo.us', username='regression-6o1k484xah', password='72hiCZ^hDgOp') as third test user...
INFO     [👤UsersManager]:users_manager.py:91 Setting third user to UserData(email='regression-6o1k484xah@apolo.us', username='regression-6o1k484xah', password='72hiCZ^hDgOp')
INFO     [📘TEST_INFO]:reporting.py:86 ------------------------------------------------------------
INFO     [📘TEST_INFO]:reporting.py:87 📝 TEST started: Search Member of organization via UI
INFO     [📘TEST_INFO]:reporting.py:88 ------------------------------------------------------------
INFO     [📘TEST_INFO]:reporting.py:37 ▶️ STEP started: Login via UI
INFO     [📘TEST_INFO]:reporting.py:37 ▶️ STEP started: Click login button
INFO     [🎭 Playwright]:base_page.py:16 <AuthPage>: Click log in button
INFO     [📘TEST_INFO]:reporting.py:51 ✅ STEP completed: Click login button
INFO     [📘TEST_INFO]:reporting.py:225 📸 Screenshot captured and attached (success): /home/runner/work/apolo-test-automation/apolo-test-automation/reports/screenshots/ui_click_login_button_success_83dbdc.png
INFO     [📘TEST_INFO]:reporting.py:37 ▶️ STEP started: Enter email
INFO     [🎭 Playwright]:base_page.py:16 <LoginPage>: Enter regression-6mca5fse0t@apolo.us email
INFO     [📘TEST_INFO]:reporting.py:51 ✅ STEP completed: Enter email
INFO     [📘TEST_INFO]:reporting.py:225 📸 Screenshot captured and attached (success): /home/runner/work/apolo-test-automation/apolo-test-automation/reports/screenshots/ui_enter_email_success_de05b9.png
INFO     [📘TEST_INFO]:reporting.py:37 ▶️ STEP started: Enter password
INFO     [🎭 Playwright]:base_page.py:16 <LoginPage>: Enter ********* password
INFO     [📘TEST_INFO]:reporting.py:51 ✅ STEP completed: Enter password
INFO     [📘TEST_INFO]:reporting.py:225 📸 Screenshot captured and attached (success): /home/runner/work/apolo-test-automation/apolo-test-automation/reports/screenshots/ui_enter_password_success_e41ac3.png
INFO     [📘TEST_INFO]:reporting.py:37 ▶️ STEP started: Click Continue button
INFO     [🎭 Playwright]:base_page.py:16 <LoginPage>: Click continue button
WARNING  [🔧TEST CONFIG]:conftest.py:430 [HTTP 200] GET https://api.dev.apolo.us/api/v1/config
Request Body:
<not available>
Response Body (first 1000 chars):
{"authorized": true, "orgs": [], "clusters": [], "projects": [], "admin_url": "https://api.dev.apolo.us/apis/admin/v1", "auth_url": "https://auth.dev.apolo.us/authorize", "token_url": "https://auth.dev.apolo.us/oauth/token", "logout_url": "https://auth.dev.apolo.us/v2/logout?returnTo=https://console.dev.apolo.us", "client_id": "q3I0OzzGnTDkhRmpeJ7WWgaTCucmVxTL", "audience": "https://api.dev.apolo.us", "callback_urls": ["http://127.0.0.1:54540", "http://127.0.0.1:54541", "http://127.0.0.1:54542"], "headless_callback_url": "https://api.dev.apolo.us/oauth/show-code", "success_redirect_url": "https://api.dev.apolo.us/oauth/login"}
WARNING  [🔧TEST CONFIG]:conftest.py:430 [HTTP 200] GET https://api.dev.apolo.us/api/v1/users/regression-6mca5fse0t/permissions?uri=blob:
Request Body:
<not available>
Response Body (first 1000 chars):
[]
WARNING  [🔧TEST CONFIG]:conftest.py:430 [HTTP 200] GET https://api.dev.apolo.us/apis/admin/v1/users/regression-6mca5fse0t?include=orgs
Request Body:
<not available>
Response Body (first 1000 chars):
{"name": "regression-6mca5fse0t", "email": "regression-6mca5fse0t@apolo.us", "first_name": null, "last_name": null, "created_at": "2025-09-27T01:31:25.387141+00:00", "terms_accepted": true, "orgs": []}
INFO     [🎭 Playwright]:base_page.py:16 <LoginPage>: Waiting for spinner
INFO     [🎭 Playwright]:base_page.py:16 <LoginPage>: Waiting for spinner to disappear
WARNING  [🔧TEST CONFIG]:conftest.py:430 [HTTP 200] GET https://api.dev.apolo.us/apis/admin/v1/invites/incoming
Request Body:
<not available>
Response Body (first 1000 chars):
[]
WARNING  [🔧TEST CONFIG]:conftest.py:430 [HTTP 200] GET https://api.dev.apolo.us/apis/admin/v1/users/regression-6mca5fse0t?include=clusters&include=system_role
Request Body:
<not available>
Response Body (first 1000 chars):
{"name": "regression-6mca5fse0t", "email": "regression-6mca5fse0t@apolo.us", "first_name": null, "last_name": null, "created_at": "2025-09-27T01:31:25.387141+00:00", "terms_accepted": true, "clusters": []}
INFO     [📘TEST_INFO]:reporting.py:51 ✅ STEP completed: Click Continue button
INFO     [📘TEST_INFO]:reporting.py:225 📸 Screenshot captured and attached (success): /home/runner/work/apolo-test-automation/apolo-test-automation/reports/screenshots/ui_click_continue_button_success_7ff975.png
INFO     [📘TEST_INFO]:reporting.py:37 ▶️ STEP started: Verify that Welcome new user page displayed
INFO     [🎭 Playwright]:base_page.py:16 <WelcomeNewUserPage>: Check if page loaded
INFO     [📘TEST_INFO]:reporting.py:51 ✅ STEP completed: Verify that Welcome new user page displayed
INFO     [📘TEST_INFO]:reporting.py:225 📸 Screenshot captured and attached (success): /home/runner/work/apolo-test-automation/apolo-test-automation/reports/screenshots/verify_ui_page_displayed_success_fe97e3.png
INFO     [📘TEST_INFO]:reporting.py:51 ✅ STEP completed: Login via UI
INFO     [📘TEST_INFO]:reporting.py:225 📸 Screenshot captured and attached (success): /home/runner/work/apolo-test-automation/apolo-test-automation/reports/screenshots/ui_login_success_57b82c.png
INFO     [🔧TEST CONFIG]:conftest.py:388 Navigating to: https://console.dev.apolo.us/
WARNING  [🔧TEST CONFIG]:conftest.py:430 [HTTP 200] GET https://api.dev.apolo.us/api/v1/config
Request Body:
<not available>
Response Body (first 1000 chars):
{"authorized": false, "auth_url": "https://auth.dev.apolo.us/authorize", "token_url": "https://auth.dev.apolo.us/oauth/token", "logout_url": "https://auth.dev.apolo.us/v2/logout?returnTo=https://console.dev.apolo.us", "client_id": "q3I0OzzGnTDkhRmpeJ7WWgaTCucmVxTL", "audience": "https://api.dev.apolo.us", "callback_urls": ["http://127.0.0.1:54540", "http://127.0.0.1:54541", "http://127.0.0.1:54542"], "headless_callback_url": "https://api.dev.apolo.us/oauth/show-code", "success_redirect_url": "https://api.dev.apolo.us/oauth/login"}
INFO     [📘TEST_INFO]:reporting.py:37 ▶️ STEP started: <<User2>> :: Get second user
INFO     [📘TEST_INFO]:reporting.py:51 ✅ STEP completed: <<User2>> :: Get second user
INFO     [📘TEST_INFO]:reporting.py:225 📸 Screenshot captured and attached (success): /home/runner/work/apolo-test-automation/apolo-test-automation/reports/screenshots/ui_get_second_user_success_f69bd3.png
INFO     [📘TEST_INFO]:reporting.py:37 ▶️ STEP started: <<User2>> :: Login via UI
INFO     [📘TEST_INFO]:reporting.py:37 ▶️ STEP started: <<User2>> :: Click login button
INFO     [🎭 Playwright]:base_page.py:16 <AuthPage>: Click log in button
INFO     [📘TEST_INFO]:reporting.py:51 ✅ STEP completed: <<User2>> :: Click login button
INFO     [📘TEST_INFO]:reporting.py:225 📸 Screenshot captured and attached (success): /home/runner/work/apolo-test-automation/apolo-test-automation/reports/screenshots/ui_click_login_button_success_6a967b.png
INFO     [📘TEST_INFO]:reporting.py:37 ▶️ STEP started: <<User2>> :: Enter email
INFO     [🎭 Playwright]:base_page.py:16 <LoginPage>: Enter regression-zu4yw4i018@apolo.us email
INFO     [📘TEST_INFO]:reporting.py:51 ✅ STEP completed: <<User2>> :: Enter email
INFO     [📘TEST_INFO]:reporting.py:225 📸 Screenshot captured and attached (success): /home/runner/work/apolo-test-automation/apolo-test-automation/reports/screenshots/ui_enter_email_success_a370cc.png
INFO     [📘TEST_INFO]:reporting.py:37 ▶️ STEP started: <<User2>> :: Enter password
INFO     [🎭 Playwright]:base_page.py:16 <LoginPage>: Enter ********* password
INFO     [📘TEST_INFO]:reporting.py:51 ✅ STEP completed: <<User2>> :: Enter password
INFO     [📘TEST_INFO]:reporting.py:225 📸 Screenshot captured and attached (success): /home/runner/work/apolo-test-automation/apolo-test-automation/reports/screenshots/ui_enter_password_success_d6b75c.png
INFO     [📘TEST_INFO]:reporting.py:37 ▶️ STEP started: <<User2>> :: Click Continue button
INFO     [🎭 Playwright]:base_page.py:16 <LoginPage>: Click continue button
INFO     [🎭 Playwright]:base_page.py:16 <LoginPage>: Waiting for spinner
WARNING  [🔧TEST CONFIG]:conftest.py:430 [HTTP 200] GET https://api.dev.apolo.us/api/v1/config
Request Body:
<not available>
Response Body (first 1000 chars):
{"authorized": true, "orgs": [], "clusters": [], "projects": [], "admin_url": "https://api.dev.apolo.us/apis/admin/v1", "auth_url": "https://auth.dev.apolo.us/authorize", "token_url": "https://auth.dev.apolo.us/oauth/token", "logout_url": "https://auth.dev.apolo.us/v2/logout?returnTo=https://console.dev.apolo.us", "client_id": "q3I0OzzGnTDkhRmpeJ7WWgaTCucmVxTL", "audience": "https://api.dev.apolo.us", "callback_urls": ["http://127.0.0.1:54540", "http://127.0.0.1:54541", "http://127.0.0.1:54542"], "headless_callback_url": "https://api.dev.apolo.us/oauth/show-code", "success_redirect_url": "https://api.dev.apolo.us/oauth/login"}
WARNING  [🔧TEST CONFIG]:conftest.py:430 [HTTP 200] GET https://api.dev.apolo.us/apis/admin/v1/users/regression-zu4yw4i018?include=clusters&include=system_role
Request Body:
<not available>
Response Body (first 1000 chars):
{"name": "regression-zu4yw4i018", "email": "regression-zu4yw4i018@apolo.us", "first_name": null, "last_name": null, "created_at": "2025-09-27T01:33:34.667284+00:00", "terms_accepted": true, "clusters": []}
INFO     [🎭 Playwright]:base_page.py:16 <LoginPage>: Waiting for spinner to disappear
WARNING  [🔧TEST CONFIG]:conftest.py:430 [HTTP 200] GET https://api.dev.apolo.us/api/v1/users/regression-zu4yw4i018/permissions?uri=blob:
Request Body:
<not available>
Response Body (first 1000 chars):
[]
WARNING  [🔧TEST CONFIG]:conftest.py:430 [HTTP 200] GET https://api.dev.apolo.us/apis/admin/v1/invites/incoming
Request Body:
<not available>
Response Body (first 1000 chars):
[]
WARNING  [🔧TEST CONFIG]:conftest.py:430 [HTTP 200] GET https://api.dev.apolo.us/apis/admin/v1/users/regression-zu4yw4i018?include=orgs
Request Body:
<not available>
Response Body (first 1000 chars):
{"name": "regression-zu4yw4i018", "email": "regression-zu4yw4i018@apolo.us", "first_name": null, "last_name": null, "created_at": "2025-09-27T01:33:34.667284+00:00", "terms_accepted": true, "orgs": []}
INFO     [📘TEST_INFO]:reporting.py:51 ✅ STEP completed: <<User2>> :: Click Continue button
INFO     [📘TEST_INFO]:reporting.py:225 📸 Screenshot captured and attached (success): /home/runner/work/apolo-test-automation/apolo-test-automation/reports/screenshots/ui_click_continue_button_success_1d6b9a.png
INFO     [📘TEST_INFO]:reporting.py:37 ▶️ STEP started: <<User2>> :: Verify that Welcome new user page displayed
INFO     [🎭 Playwright]:base_page.py:16 <WelcomeNewUserPage>: Check if page loaded
INFO     [📘TEST_INFO]:reporting.py:51 ✅ STEP completed: <<User2>> :: Verify that Welcome new user page displayed
INFO     [📘TEST_INFO]:reporting.py:225 📸 Screenshot captured and attached (success): /home/runner/work/apolo-test-automation/apolo-test-automation/reports/screenshots/verify_ui_page_displayed_success_0297ce.png
INFO     [📘TEST_INFO]:reporting.py:51 ✅ STEP completed: <<User2>> :: Login via UI
INFO     [📘TEST_INFO]:reporting.py:225 📸 Screenshot captured and attached (success): /home/runner/work/apolo-test-automation/apolo-test-automation/reports/screenshots/ui_login_success_28c729.png
INFO     [🔧TEST CONFIG]:conftest.py:388 Navigating to: https://console.dev.apolo.us/
WARNING  [🔧TEST CONFIG]:conftest.py:430 [HTTP 200] GET https://api.dev.apolo.us/api/v1/config
Request Body:
<not available>
Response Body (first 1000 chars):
{"authorized": false, "auth_url": "https://auth.dev.apolo.us/authorize", "token_url": "https://auth.dev.apolo.us/oauth/token", "logout_url": "https://auth.dev.apolo.us/v2/logout?returnTo=https://console.dev.apolo.us", "client_id": "q3I0OzzGnTDkhRmpeJ7WWgaTCucmVxTL", "audience": "https://api.dev.apolo.us", "callback_urls": ["http://127.0.0.1:54540", "http://127.0.0.1:54541", "http://127.0.0.1:54542"], "headless_callback_url": "https://api.dev.apolo.us/oauth/show-code", "success_redirect_url": "https://api.dev.apolo.us/oauth/login"}
INFO     [📘TEST_INFO]:reporting.py:37 ▶️ STEP started: <<User3>> :: Get third user
INFO     [📘TEST_INFO]:reporting.py:51 ✅ STEP completed: <<User3>> :: Get third user
INFO     [📘TEST_INFO]:reporting.py:225 📸 Screenshot captured and attached (success): /home/runner/work/apolo-test-automation/apolo-test-automation/reports/screenshots/ui_get_third_user_success_1829aa.png
INFO     [📘TEST_INFO]:reporting.py:37 ▶️ STEP started: <<User3>> :: Login via UI
INFO     [📘TEST_INFO]:reporting.py:37 ▶️ STEP started: <<User3>> :: Click login button
INFO     [🎭 Playwright]:base_page.py:16 <AuthPage>: Click log in button
INFO     [📘TEST_INFO]:reporting.py:51 ✅ STEP completed: <<User3>> :: Click login button
INFO     [📘TEST_INFO]:reporting.py:225 📸 Screenshot captured and attached (success): /home/runner/work/apolo-test-automation/apolo-test-automation/reports/screenshots/ui_click_login_button_success_5cf8f1.png
INFO     [📘TEST_INFO]:reporting.py:37 ▶️ STEP started: <<User3>> :: Enter email
INFO     [🎭 Playwright]:base_page.py:16 <LoginPage>: Enter regression-6o1k484xah@apolo.us email
INFO     [📘TEST_INFO]:reporting.py:51 ✅ STEP completed: <<User3>> :: Enter email
INFO     [📘TEST_INFO]:reporting.py:225 📸 Screenshot captured and attached (success): /home/runner/work/apolo-test-automation/apolo-test-automation/reports/screenshots/ui_enter_email_success_729374.png
INFO     [📘TEST_INFO]:reporting.py:37 ▶️ STEP started: <<User3>> :: Enter password
INFO     [🎭 Playwright]:base_page.py:16 <LoginPage>: Enter ********* password
INFO     [📘TEST_INFO]:reporting.py:51 ✅ STEP completed: <<User3>> :: Enter password
INFO     [📘TEST_INFO]:reporting.py:225 📸 Screenshot captured and attached (success): /home/runner/work/apolo-test-automation/apolo-test-automation/reports/screenshots/ui_enter_password_success_587565.png
INFO     [📘TEST_INFO]:reporting.py:37 ▶️ STEP started: <<User3>> :: Click Continue button
INFO     [🎭 Playwright]:base_page.py:16 <LoginPage>: Click continue button
WARNING  [🔧TEST CONFIG]:conftest.py:430 [HTTP 200] GET https://api.dev.apolo.us/api/v1/config
Request Body:
<not available>
Response Body (first 1000 chars):
{"authorized": true, "orgs": [], "clusters": [], "projects": [], "admin_url": "https://api.dev.apolo.us/apis/admin/v1", "auth_url": "https://auth.dev.apolo.us/authorize", "token_url": "https://auth.dev.apolo.us/oauth/token", "logout_url": "https://auth.dev.apolo.us/v2/logout?returnTo=https://console.dev.apolo.us", "client_id": "q3I0OzzGnTDkhRmpeJ7WWgaTCucmVxTL", "audience": "https://api.dev.apolo.us", "callback_urls": ["http://127.0.0.1:54540", "http://127.0.0.1:54541", "http://127.0.0.1:54542"], "headless_callback_url": "https://api.dev.apolo.us/oauth/show-code", "success_redirect_url": "https://api.dev.apolo.us/oauth/login"}
WARNING  [🔧TEST CONFIG]:conftest.py:430 [HTTP 200] GET https://api.dev.apolo.us/api/v1/users/regression-6o1k484xah/permissions?uri=blob:
Request Body:
<not available>
Response Body (first 1000 chars):
[]
INFO     [🎭 Playwright]:base_page.py:16 <LoginPage>: Waiting for spinner
INFO     [🎭 Playwright]:base_page.py:16 <LoginPage>: Waiting for spinner to disappear
WARNING  [🔧TEST CONFIG]:conftest.py:430 [HTTP 200] GET https://api.dev.apolo.us/apis/admin/v1/users/regression-6o1k484xah?include=clusters&include=system_role
Request Body:
<not available>
Response Body (first 1000 chars):
{"name": "regression-6o1k484xah", "email": "regression-6o1k484xah@apolo.us", "first_name": null, "last_name": null, "created_at": "2025-09-27T01:45:18.602308+00:00", "terms_accepted": true, "clusters": []}
WARNING  [🔧TEST CONFIG]:conftest.py:430 [HTTP 200] GET https://api.dev.apolo.us/apis/admin/v1/users/regression-6o1k484xah?include=orgs
Request Body:
<not available>
Response Body (first 1000 chars):
{"name": "regression-6o1k484xah", "email": "regression-6o1k484xah@apolo.us", "first_name": null, "last_name": null, "created_at": "2025-09-27T01:45:18.602308+00:00", "terms_accepted": true, "orgs": []}
WARNING  [🔧TEST CONFIG]:conftest.py:430 [HTTP 200] GET https://api.dev.apolo.us/apis/admin/v1/invites/incoming
Request Body:
<not available>
Response Body (first 1000 chars):
[]
INFO     [📘TEST_INFO]:reporting.py:51 ✅ STEP completed: <<User3>> :: Click Continue button
INFO     [📘TEST_INFO]:reporting.py:225 📸 Screenshot captured and attached (success): /home/runner/work/apolo-test-automation/apolo-test-automation/reports/screenshots/ui_click_continue_button_success_ab8fee.png
INFO     [📘TEST_INFO]:reporting.py:37 ▶️ STEP started: <<User3>> :: Verify that Welcome new user page displayed
INFO     [🎭 Playwright]:base_page.py:16 <WelcomeNewUserPage>: Check if page loaded
INFO     [📘TEST_INFO]:reporting.py:51 ✅ STEP completed: <<User3>> :: Verify that Welcome new user page displayed
INFO     [📘TEST_INFO]:reporting.py:225 📸 Screenshot captured and attached (success): /home/runner/work/apolo-test-automation/apolo-test-automation/reports/screenshots/verify_ui_page_displayed_success_04ba0c.png
INFO     [📘TEST_INFO]:reporting.py:51 ✅ STEP completed: <<User3>> :: Login via UI
INFO     [📘TEST_INFO]:reporting.py:225 📸 Screenshot captured and attached (success): /home/runner/work/apolo-test-automation/apolo-test-automation/reports/screenshots/ui_login_success_a9f696.png
INFO     [📘TEST_INFO]:reporting.py:37 ▶️ STEP started: Add organization via API and reload page
INFO     [🔧DATA MANAGER]:test_data.py:56 Added organization: org_name=regression-org-37p30s8wcukz, gherkin_name=Default-organization
INFO     [🌐API_helper]:api_helper.py:86 POST https://api.dev.apolo.us/apis/admin/v1/orgs?skip_auto_add_to_clusters=false with data: {'name': 'regression-org-37p30s8wcukz'}
INFO     [🌐API_helper]:api_helper.py:214 Add org regression-org-37p30s8wcukz response: {'name': 'regression-org-37p30s8wcukz', 'balance': {'credits': '500', 'spent_credits': '0'}, 'user_default_credits': None, 'notification_intervals': {'balance_projection_seconds': [604800, 259200, 86400], 'balance_amount': [0], 'balance_depletion_seconds': [86400, 604800]}}
INFO     [📘TEST_INFO]:reporting.py:37 ▶️ STEP started: Reload page
WARNING  [🔧TEST CONFIG]:conftest.py:430 [HTTP 200] GET https://api.dev.apolo.us/api/v1/config
Request Body:
<not available>
Response Body (first 1000 chars):
{"authorized": true, "orgs": [{"name": "regression-org-37p30s8wcukz", "role": "admin"}], "clusters": [{"name": "default", "registry_url": "https://registry.api.dev.apolo.us", "storage_url": "https://api.dev.apolo.us/api/v1/storage", "monitoring_url": "https://monitoring.api.dev.apolo.us/api/v1/jobs", "secrets_url": "https://api.dev.apolo.us/api/v1/secrets", "metrics_url": "https://grafana.dev.apolo.us", "disks_url": "https://api.dev.apolo.us/api/v1/disk", "buckets_url": "https://api.dev.apolo.us/api/v1/buckets", "resource_pool_types": [{"name": "a2-highgpu-1g", "min_size": 0, "max_size": 10, "cpu": 12.0, "available_cpu": 11.101, "memory": 89629032448, "available_memory": 80898240256, "disk_size": 523982073856, "available_disk_size": 364209683290, "nvidia_gpu": {"count": 1, "model": "NVIDIA-A100-SXM4-40GB", "memory": 42949672960}}, {"name": "a2-highgpu-2g", "min_size": 0, "max_size": 3, "cpu": 24.0, "available_cpu": 23.73, "memory": 179367243776, "available_memory": 168094003200, "disk_
WARNING  [🔧TEST CONFIG]:conftest.py:430 [HTTP 200] GET https://api.dev.apolo.us/api/v1/users/regression-6mca5fse0t/permissions?uri=blob:
Request Body:
<not available>
Response Body (first 1000 chars):
[{"uri": "blob://default/regression-org-37p30s8wcukz", "action": "manage"}]
INFO     [🎭 Playwright]:base_page.py:16 <MainPage>: Waiting for spinner
INFO     [🎭 Playwright]:base_page.py:16 <MainPage>: Waiting for spinner to disappear
WARNING  [🔧TEST CONFIG]:conftest.py:430 [HTTP 200] GET https://api.dev.apolo.us/apis/admin/v1/invites/incoming
Request Body:
<not available>
Response Body (first 1000 chars):
[]
WARNING  [🔧TEST CONFIG]:conftest.py:430 [HTTP 200] GET https://api.dev.apolo.us/apis/admin/v1/users/regression-6mca5fse0t?include=orgs
Request Body:
<not available>
Response Body (first 1000 chars):
{"name": "regression-6mca5fse0t", "email": "regression-6mca5fse0t@apolo.us", "first_name": null, "last_name": null, "created_at": "2025-09-27T01:31:25.387141+00:00", "terms_accepted": true, "orgs": [{"org_name": "regression-org-37p30s8wcukz", "role": "admin", "balance": {"spent_credits": "0"}}]}
WARNING  [🔧TEST CONFIG]:conftest.py:430 [HTTP 200] GET https://api.dev.apolo.us/apis/admin/v1/orgs/regression-org-37p30s8wcukz
Request Body:
<not available>
Response Body (first 1000 chars):
{"name": "regression-org-37p30s8wcukz", "balance": {"credits": "500", "spent_credits": "0"}, "user_default_credits": null, "notification_intervals": {"balance_projection_seconds": [604800, 259200, 86400], "balance_amount": [0], "balance_depletion_seconds": [86400, 604800]}}
WARNING  [🔧TEST CONFIG]:conftest.py:430 [HTTP 200] GET https://api.dev.apolo.us/apis/admin/v1/users/regression-6mca5fse0t?include=clusters&include=system_role
Request Body:
<not available>
Response Body (first 1000 chars):
{"name": "regression-6mca5fse0t", "email": "regression-6mca5fse0t@apolo.us", "first_name": null, "last_name": null, "created_at": "2025-09-27T01:31:25.387141+00:00", "terms_accepted": true, "clusters": [{"cluster_name": "default", "role": "admin", "org_name": "regression-org-37p30s8wcukz", "balance": {"spent_credits": "0"}}]}
INFO     [📘TEST_INFO]:reporting.py:51 ✅ STEP completed: Reload page
INFO     [📘TEST_INFO]:reporting.py:225 📸 Screenshot captured and attached (success): /home/runner/work/apolo-test-automation/apolo-test-automation/reports/screenshots/ui_reload_page_success_e08cff.png
INFO     [📘TEST_INFO]:reporting.py:51 ✅ STEP completed: Add organization via API and reload page
INFO     [📘TEST_INFO]:reporting.py:225 📸 Screenshot captured and attached (success): /home/runner/work/apolo-test-automation/apolo-test-automation/reports/screenshots/ui_add_org_api_success_f9042c.png
INFO     [📘TEST_INFO]:reporting.py:37 ▶️ STEP started: Click User Organization settings button
INFO     [🎭 Playwright]:base_page.py:16 <MainPage>: Click organization settings button
INFO     [📘TEST_INFO]:reporting.py:51 ✅ STEP completed: Click User Organization settings button
INFO     [📘TEST_INFO]:reporting.py:225 📸 Screenshot captured and attached (success): /home/runner/work/apolo-test-automation/apolo-test-automation/reports/screenshots/ui_click_organization_settings_button_success_fb1b4d.png
INFO     [📘TEST_INFO]:reporting.py:37 ▶️ STEP started: Click Settings button
INFO     [🎭 Playwright]:base_page.py:16 <OrganizationSettingsPopup>: Click settings button
INFO     [📘TEST_INFO]:reporting.py:51 ✅ STEP completed: Click Settings button
WARNING  [🔧TEST CONFIG]:conftest.py:430 [HTTP 200] GET https://api.dev.apolo.us/apis/admin/v1/orgs/regression-org-37p30s8wcukz
Request Body:
<not available>
Response Body (first 1000 chars):
{"name": "regression-org-37p30s8wcukz", "balance": {"credits": "500", "spent_credits": "0"}, "user_default_credits": null, "notification_intervals": {"balance_projection_seconds": [604800, 259200, 86400], "balance_amount": [0], "balance_depletion_seconds": [86400, 604800]}}
INFO     [📘TEST_INFO]:reporting.py:225 📸 Screenshot captured and attached (success): /home/runner/work/apolo-test-automation/apolo-test-automation/reports/screenshots/ui_click_settings_btn_success_280a98.png
INFO     [📘TEST_INFO]:reporting.py:37 ▶️ STEP started: Verify that Organization settings page displayed
INFO     [🎭 Playwright]:base_page.py:16 <OrganizationSettingsPage>: Check if page loaded
INFO     [📘TEST_INFO]:reporting.py:51 ✅ STEP completed: Verify that Organization settings page displayed
INFO     [📘TEST_INFO]:reporting.py:225 📸 Screenshot captured and attached (success): /home/runner/work/apolo-test-automation/apolo-test-automation/reports/screenshots/verify_ui_page_displayed_success_9bd16e.png
INFO     [📘TEST_INFO]:reporting.py:37 ▶️ STEP started: Enter credits amount
INFO     [🎭 Playwright]:base_page.py:16 <OrganizationSettingsPage>: Enter credits amount 126
INFO     [📘TEST_INFO]:reporting.py:51 ✅ STEP completed: Enter credits amount
INFO     [📘TEST_INFO]:reporting.py:225 📸 Screenshot captured and attached (success): /home/runner/work/apolo-test-automation/apolo-test-automation/reports/screenshots/ui_enter_credits_amount_success_2b15ae.png
INFO     [📘TEST_INFO]:reporting.py:37 ▶️ STEP started: Click Save button
INFO     [🎭 Playwright]:base_page.py:16 <OrganizationSettingsPage>: Click Save button
INFO     [📘TEST_INFO]:reporting.py:51 ✅ STEP completed: Click Save button
INFO     [📘TEST_INFO]:reporting.py:225 📸 Screenshot captured and attached (success): /home/runner/work/apolo-test-automation/apolo-test-automation/reports/screenshots/ui_click_save_button_success_1a1f23.png
INFO     [📘TEST_INFO]:reporting.py:37 ▶️ STEP started: <<User2>> :: Click the let's do it button on Welcome page
INFO     [🎭 Playwright]:base_page.py:16 <WelcomeNewUserPage>: Click lets do it button
WARNING  [🔧TEST CONFIG]:conftest.py:430 [HTTP 200] PATCH https://api.dev.apolo.us/apis/admin/v1/orgs/regression-org-37p30s8wcukz/defaults
Request Body:
<not available>
Response Body (first 1000 chars):
{"name": "regression-org-37p30s8wcukz", "balance": {"credits": "500", "spent_credits": "0"}, "user_default_credits": "126", "notification_intervals": {"balance_projection_seconds": [604800, 259200, 86400], "balance_amount": [0], "balance_depletion_seconds": [86400, 604800]}}
INFO     [📘TEST_INFO]:reporting.py:51 ✅ STEP completed: <<User2>> :: Click the let's do it button on Welcome page
INFO     [📘TEST_INFO]:reporting.py:225 📸 Screenshot captured and attached (success): /home/runner/work/apolo-test-automation/apolo-test-automation/reports/screenshots/ui_click_lets_do_it_button_success_17dffa.png
INFO     [📘TEST_INFO]:reporting.py:37 ▶️ STEP started: <<User3>> :: Click the let's do it button on Welcome page
INFO     [🎭 Playwright]:base_page.py:16 <WelcomeNewUserPage>: Click lets do it button
INFO     [📘TEST_INFO]:reporting.py:51 ✅ STEP completed: <<User3>> :: Click the let's do it button on Welcome page
INFO     [📘TEST_INFO]:reporting.py:225 📸 Screenshot captured and attached (success): /home/runner/work/apolo-test-automation/apolo-test-automation/reports/screenshots/ui_click_lets_do_it_button_success_cc28d2.png
INFO     [📘TEST_INFO]:reporting.py:37 ▶️ STEP started: Invite user to organization via UI
INFO     [📘TEST_INFO]:reporting.py:37 ▶️ STEP started: Click User Organization settings button
INFO     [🎭 Playwright]:base_page.py:16 <MainPage>: Click organization settings button
INFO     [📘TEST_INFO]:reporting.py:51 ✅ STEP completed: Click User Organization settings button
INFO     [📘TEST_INFO]:reporting.py:225 📸 Screenshot captured and attached (success): /home/runner/work/apolo-test-automation/apolo-test-automation/reports/screenshots/ui_click_organization_settings_button_success_3bc8da.png
INFO     [📘TEST_INFO]:reporting.py:37 ▶️ STEP started: Verify that Organization settings pop up displayed
INFO     [🎭 Playwright]:base_page.py:16 <OrganizationSettingsPopup>: Check if page loaded
INFO     [📘TEST_INFO]:reporting.py:51 ✅ STEP completed: Verify that Organization settings pop up displayed
INFO     [📘TEST_INFO]:reporting.py:225 📸 Screenshot captured and attached (success): /home/runner/work/apolo-test-automation/apolo-test-automation/reports/screenshots/verify_ui_popup_displayed_success_5b4309.png
INFO     [📘TEST_INFO]:reporting.py:37 ▶️ STEP started: Click People button
INFO     [🎭 Playwright]:base_page.py:16 <OrganizationSettingsPopup>: Click People button
INFO     [🎭 Playwright]:base_page.py:16 <OrganizationSettingsPopup>: Waiting for spinner
INFO     [🎭 Playwright]:base_page.py:16 <OrganizationSettingsPopup>: Waiting for spinner to disappear
WARNING  [🔧TEST CONFIG]:conftest.py:430 [HTTP 200] GET https://api.dev.apolo.us/apis/admin/v1/orgs/regression-org-37p30s8wcukz/users/regression-6mca5fse0t
Request Body:
<not available>
Response Body (first 1000 chars):
{"user_name": "regression-6mca5fse0t", "role": "admin", "balance": {"spent_credits": "0"}}
WARNING  [🔧TEST CONFIG]:conftest.py:430 [HTTP 200] GET https://api.dev.apolo.us/apis/admin/v1/invites
Request Body:
<not available>
Response Body (first 1000 chars):
[]
WARNING  [🔧TEST CONFIG]:conftest.py:430 [HTTP 200] GET https://api.dev.apolo.us/apis/admin/v1/orgs/regression-org-37p30s8wcukz/users?with_user_info=true
Request Body:
<not available>
Response Body (first 1000 chars):
[{"user_name": "regression-6mca5fse0t", "role": "admin", "balance": {"spent_credits": "0"}, "user_info": {"email": "regression-6mca5fse0t@apolo.us", "first_name": null, "last_name": null, "created_at": "2025-09-27T01:31:25.387141+00:00"}}]
INFO     [📘TEST_INFO]:reporting.py:51 ✅ STEP completed: Click People button
INFO     [📘TEST_INFO]:reporting.py:225 📸 Screenshot captured and attached (success): /home/runner/work/apolo-test-automation/apolo-test-automation/reports/screenshots/ui_click_people_button_success_874a62.png
INFO     [📘TEST_INFO]:reporting.py:37 ▶️ STEP started: Verify that Organization people page displayed
INFO     [🎭 Playwright]:base_page.py:16 <OrganizationPeoplePage>: Check if page loaded
INFO     [📘TEST_INFO]:reporting.py:51 ✅ STEP completed: Verify that Organization people page displayed
INFO     [📘TEST_INFO]:reporting.py:225 📸 Screenshot captured and attached (success): /home/runner/work/apolo-test-automation/apolo-test-automation/reports/screenshots/verify_ui_page_displayed_success_31f939.png
INFO     [📘TEST_INFO]:reporting.py:37 ▶️ STEP started: Click Invite people button
INFO     [🎭 Playwright]:base_page.py:16 <OrganizationPeoplePage>: Click Invite people button
INFO     [📘TEST_INFO]:reporting.py:51 ✅ STEP completed: Click Invite people button
INFO     [📘TEST_INFO]:reporting.py:225 📸 Screenshot captured and attached (success): /home/runner/work/apolo-test-automation/apolo-test-automation/reports/screenshots/ui_click_invite_people_button_success_04f44e.png
INFO     [📘TEST_INFO]:reporting.py:37 ▶️ STEP started: Verify that Invite member popup displayed
INFO     [🎭 Playwright]:base_page.py:16 <InviteOrgMemberPopup>: Check if page loaded
INFO     [📘TEST_INFO]:reporting.py:51 ✅ STEP completed: Verify that Invite member popup displayed
INFO     [📘TEST_INFO]:reporting.py:225 📸 Screenshot captured and attached (success): /home/runner/work/apolo-test-automation/apolo-test-automation/reports/screenshots/verify_ui_popup_displayed_success_3ec223.png
INFO     [📘TEST_INFO]:reporting.py:37 ▶️ STEP started: Enter email
INFO     [🎭 Playwright]:base_page.py:16 <InviteOrgMemberPopup>: Enter regression-zu4yw4i018@apolo.us
INFO     [📘TEST_INFO]:reporting.py:51 ✅ STEP completed: Enter email
INFO     [📘TEST_INFO]:reporting.py:225 📸 Screenshot captured and attached (success): /home/runner/work/apolo-test-automation/apolo-test-automation/reports/screenshots/ui_enter_invite_email_success_66e4ac.png
INFO     [📘TEST_INFO]:reporting.py:37 ▶️ STEP started: Select User role in organization
INFO     [🎭 Playwright]:base_page.py:16 <InviteOrgMemberPopup>: Select User role
INFO     [📘TEST_INFO]:reporting.py:51 ✅ STEP completed: Select User role in organization
INFO     [📘TEST_INFO]:reporting.py:225 📸 Screenshot captured and attached (success): /home/runner/work/apolo-test-automation/apolo-test-automation/reports/screenshots/ui_select_user_role_success_2a6e16.png
INFO     [📘TEST_INFO]:reporting.py:37 ▶️ STEP started: Verify that Invite user button appeared
INFO     [🎭 Playwright]:base_page.py:16 <InviteOrgMemberPopup>: Check if Invite user regression-zu4yw4i018@apolo.us button displayed
INFO     [📘TEST_INFO]:reporting.py:51 ✅ STEP completed: Verify that Invite user button appeared
INFO     [📘TEST_INFO]:reporting.py:225 📸 Screenshot captured and attached (success): /home/runner/work/apolo-test-automation/apolo-test-automation/reports/screenshots/verify_ui_invite_user_button_displayed_success_b05ece.png
INFO     [📘TEST_INFO]:reporting.py:37 ▶️ STEP started: Click Invite user button
INFO     [🎭 Playwright]:base_page.py:16 <InviteOrgMemberPopup>: Click Invite user regression-zu4yw4i018@apolo.us
INFO     [📘TEST_INFO]:reporting.py:51 ✅ STEP completed: Click Invite user button
INFO     [📘TEST_INFO]:reporting.py:225 📸 Screenshot captured and attached (success): /home/runner/work/apolo-test-automation/apolo-test-automation/reports/screenshots/ui_click_invite_user_button_success_5e1187.png
INFO     [📘TEST_INFO]:reporting.py:37 ▶️ STEP started: Click Send invite button
INFO     [🎭 Playwright]:base_page.py:16 <InviteOrgMemberPopup>: Click Send invite button
WARNING  [🔧TEST CONFIG]:conftest.py:430 [HTTP 200] GET https://api.dev.apolo.us/apis/admin/v1/users?lookup=true
Request Body:
<not available>
Response Body (first 1000 chars):
[{"name": "regression-mbobymm206", "email": "regression-mbobymm206@apolo.us"}, {"name": "regression-0mex0aohuq", "email": "regression-0mex0aohuq@apolo.us"}, {"name": "regression-bhdzaiz03o", "email": "regression-bhdzaiz03o@apolo.us"}, {"name": "regression-lty6yyd3l2", "email": "regression-lty6yyd3l2@apolo.us"}, {"name": "ihorsosnovskyie1", "email": "ihor.sosnovskyi+e1@sandbx.co"}, {"name": "regression-gkqg0p0s6q", "email": "regression-gkqg0p0s6q@apolo.us"}, {"name": "regression-5wi1zufj9q", "email": "regression-5wi1zufj9q@apolo.us"}, {"name": "regression-yf6yslw27i", "email": "regression-yf6yslw27i@apolo.us"}, {"name": "regression-7hztlr4240", "email": "regression-7hztlr4240@apolo.us"}, {"name": "regression-d8jvb2a4vr", "email": "regression-d8jvb2a4vr@apolo.us"}, {"name": "regression-k96stzzxw2", "email": "regression-k96stzzxw2@apolo.us"}, {"name": "regression-f45yikn2kc", "email": "regression-f45yikn2kc@apolo.us"}, {"name": "regression-pz4wto7mm9", "email": "regression-pz4wto7mm9@apol
WARNING  [🔧TEST CONFIG]:conftest.py:430 [HTTP 201] POST https://api.dev.apolo.us/apis/admin/v1/invites
Request Body:
<not available>
Response Body (first 1000 chars):
{"email": "regression-zu4yw4i018@apolo.us", "org_name": "regression-org-37p30s8wcukz", "status": "pending", "role_name": "user", "created_at": "2025-09-27T03:02:40.064112", "expired_at": "2025-10-04T03:02:40.064112", "id": "55f9d735134742ff941e64156ad47025"}
WARNING  [🔧TEST CONFIG]:conftest.py:430 [HTTP 200] GET https://api.dev.apolo.us/apis/admin/v1/invites
Request Body:
<not available>
Response Body (first 1000 chars):
[{"email": "regression-zu4yw4i018@apolo.us", "org_name": "regression-org-37p30s8wcukz", "status": "pending", "role_name": "user", "created_at": "2025-09-27T03:02:40.064112+00:00", "expired_at": "2025-10-04T03:02:40.064112+00:00", "id": "55f9d735134742ff941e64156ad47025"}]
INFO     [📘TEST_INFO]:reporting.py:51 ✅ STEP completed: Click Send invite button
INFO     [📘TEST_INFO]:reporting.py:225 📸 Screenshot captured and attached (success): /home/runner/work/apolo-test-automation/apolo-test-automation/reports/screenshots/ui_click_send_invite_button_success_6d12a4.png
INFO     [📘TEST_INFO]:reporting.py:37 ▶️ STEP started: Wait for Invite organization member popup to disappear
INFO     [🎭 Playwright]:base_page.py:16 <InviteOrgMemberPopup>: Wait for Invite organization member popup to disappear
INFO     [📘TEST_INFO]:reporting.py:51 ✅ STEP completed: Wait for Invite organization member popup to disappear
INFO     [📘TEST_INFO]:reporting.py:225 📸 Screenshot captured and attached (success): /home/runner/work/apolo-test-automation/apolo-test-automation/reports/screenshots/ui_wait_to_disappear_success_468636.png
INFO     [📘TEST_INFO]:reporting.py:51 ✅ STEP completed: Invite user to organization via UI
INFO     [📘TEST_INFO]:reporting.py:225 📸 Screenshot captured and attached (success): /home/runner/work/apolo-test-automation/apolo-test-automation/reports/screenshots/ui_invite_user_to_org_success_4fa2a1.png
INFO     [📘TEST_INFO]:reporting.py:37 ▶️ STEP started: Invite user to organization via UI
INFO     [📘TEST_INFO]:reporting.py:37 ▶️ STEP started: Click User Organization settings button
INFO     [🎭 Playwright]:base_page.py:16 <MainPage>: Click organization settings button
INFO     [📘TEST_INFO]:reporting.py:51 ✅ STEP completed: Click User Organization settings button
INFO     [📘TEST_INFO]:reporting.py:225 📸 Screenshot captured and attached (success): /home/runner/work/apolo-test-automation/apolo-test-automation/reports/screenshots/ui_click_organization_settings_button_success_1f9f33.png
INFO     [📘TEST_INFO]:reporting.py:37 ▶️ STEP started: Verify that Organization settings pop up displayed
INFO     [🎭 Playwright]:base_page.py:16 <OrganizationSettingsPopup>: Check if page loaded
INFO     [📘TEST_INFO]:reporting.py:51 ✅ STEP completed: Verify that Organization settings pop up displayed
INFO     [📘TEST_INFO]:reporting.py:225 📸 Screenshot captured and attached (success): /home/runner/work/apolo-test-automation/apolo-test-automation/reports/screenshots/verify_ui_popup_displayed_success_3b6d3f.png
INFO     [📘TEST_INFO]:reporting.py:37 ▶️ STEP started: Click People button
INFO     [🎭 Playwright]:base_page.py:16 <OrganizationSettingsPopup>: Click People button
INFO     [🎭 Playwright]:base_page.py:16 <OrganizationSettingsPopup>: Waiting for spinner
INFO     [🎭 Playwright]:base_page.py:16 <OrganizationSettingsPopup>: Timeout error for spinner
INFO     [📘TEST_INFO]:reporting.py:51 ✅ STEP completed: Click People button
INFO     [📘TEST_INFO]:reporting.py:225 📸 Screenshot captured and attached (success): /home/runner/work/apolo-test-automation/apolo-test-automation/reports/screenshots/ui_click_people_button_success_775ce3.png
INFO     [📘TEST_INFO]:reporting.py:37 ▶️ STEP started: Verify that Organization people page displayed
INFO     [🎭 Playwright]:base_page.py:16 <OrganizationPeoplePage>: Check if page loaded
INFO     [📘TEST_INFO]:reporting.py:51 ✅ STEP completed: Verify that Organization people page displayed
INFO     [📘TEST_INFO]:reporting.py:225 📸 Screenshot captured and attached (success): /home/runner/work/apolo-test-automation/apolo-test-automation/reports/screenshots/verify_ui_page_displayed_success_b49453.png
INFO     [📘TEST_INFO]:reporting.py:37 ▶️ STEP started: Click Invite people button
INFO     [🎭 Playwright]:base_page.py:16 <OrganizationPeoplePage>: Click Invite people button
INFO     [📘TEST_INFO]:reporting.py:51 ✅ STEP completed: Click Invite people button
INFO     [📘TEST_INFO]:reporting.py:225 📸 Screenshot captured and attached (success): /home/runner/work/apolo-test-automation/apolo-test-automation/reports/screenshots/ui_click_invite_people_button_success_a69c07.png
INFO     [📘TEST_INFO]:reporting.py:37 ▶️ STEP started: Verify that Invite member popup displayed
INFO     [🎭 Playwright]:base_page.py:16 <InviteOrgMemberPopup>: Check if page loaded
INFO     [📘TEST_INFO]:reporting.py:51 ✅ STEP completed: Verify that Invite member popup displayed
INFO     [📘TEST_INFO]:reporting.py:225 📸 Screenshot captured and attached (success): /home/runner/work/apolo-test-automation/apolo-test-automation/reports/screenshots/verify_ui_popup_displayed_success_ad6085.png
INFO     [📘TEST_INFO]:reporting.py:37 ▶️ STEP started: Enter email
INFO     [🎭 Playwright]:base_page.py:16 <InviteOrgMemberPopup>: Enter regression-6o1k484xah@apolo.us
INFO     [📘TEST_INFO]:reporting.py:51 ✅ STEP completed: Enter email
INFO     [📘TEST_INFO]:reporting.py:225 📸 Screenshot captured and attached (success): /home/runner/work/apolo-test-automation/apolo-test-automation/reports/screenshots/ui_enter_invite_email_success_e0bbcf.png
INFO     [📘TEST_INFO]:reporting.py:37 ▶️ STEP started: Select User role in organization
INFO     [🎭 Playwright]:base_page.py:16 <InviteOrgMemberPopup>: Select User role
INFO     [📘TEST_INFO]:reporting.py:51 ✅ STEP completed: Select User role in organization
INFO     [📘TEST_INFO]:reporting.py:225 📸 Screenshot captured and attached (success): /home/runner/work/apolo-test-automation/apolo-test-automation/reports/screenshots/ui_select_user_role_success_096dcc.png
INFO     [📘TEST_INFO]:reporting.py:37 ▶️ STEP started: Verify that Invite user button appeared
INFO     [🎭 Playwright]:base_page.py:16 <InviteOrgMemberPopup>: Check if Invite user regression-6o1k484xah@apolo.us button displayed
INFO     [📘TEST_INFO]:reporting.py:51 ✅ STEP completed: Verify that Invite user button appeared
INFO     [📘TEST_INFO]:reporting.py:225 📸 Screenshot captured and attached (success): /home/runner/work/apolo-test-automation/apolo-test-automation/reports/screenshots/verify_ui_invite_user_button_displayed_success_60a9d4.png
INFO     [📘TEST_INFO]:reporting.py:37 ▶️ STEP started: Click Invite user button
INFO     [🎭 Playwright]:base_page.py:16 <InviteOrgMemberPopup>: Click Invite user regression-6o1k484xah@apolo.us
INFO     [📘TEST_INFO]:reporting.py:51 ✅ STEP completed: Click Invite user button
INFO     [📘TEST_INFO]:reporting.py:225 📸 Screenshot captured and attached (success): /home/runner/work/apolo-test-automation/apolo-test-automation/reports/screenshots/ui_click_invite_user_button_success_b72ca7.png
INFO     [📘TEST_INFO]:reporting.py:37 ▶️ STEP started: Click Send invite button
INFO     [🎭 Playwright]:base_page.py:16 <InviteOrgMemberPopup>: Click Send invite button
WARNING  [🔧TEST CONFIG]:conftest.py:430 [HTTP 200] GET https://api.dev.apolo.us/apis/admin/v1/users?lookup=true
Request Body:
<not available>
Response Body (first 1000 chars):
[{"name": "regression-mbobymm206", "email": "regression-mbobymm206@apolo.us"}, {"name": "regression-0mex0aohuq", "email": "regression-0mex0aohuq@apolo.us"}, {"name": "regression-bhdzaiz03o", "email": "regression-bhdzaiz03o@apolo.us"}, {"name": "regression-lty6yyd3l2", "email": "regression-lty6yyd3l2@apolo.us"}, {"name": "ihorsosnovskyie1", "email": "ihor.sosnovskyi+e1@sandbx.co"}, {"name": "regression-gkqg0p0s6q", "email": "regression-gkqg0p0s6q@apolo.us"}, {"name": "regression-5wi1zufj9q", "email": "regression-5wi1zufj9q@apolo.us"}, {"name": "regression-yf6yslw27i", "email": "regression-yf6yslw27i@apolo.us"}, {"name": "regression-7hztlr4240", "email": "regression-7hztlr4240@apolo.us"}, {"name": "regression-d8jvb2a4vr", "email": "regression-d8jvb2a4vr@apolo.us"}, {"name": "regression-k96stzzxw2", "email": "regression-k96stzzxw2@apolo.us"}, {"name": "regression-f45yikn2kc", "email": "regression-f45yikn2kc@apolo.us"}, {"name": "regression-pz4wto7mm9", "email": "regression-pz4wto7mm9@apol
WARNING  [🔧TEST CONFIG]:conftest.py:430 [HTTP 201] POST https://api.dev.apolo.us/apis/admin/v1/invites
Request Body:
<not available>
Response Body (first 1000 chars):
{"email": "regression-6o1k484xah@apolo.us", "org_name": "regression-org-37p30s8wcukz", "status": "pending", "role_name": "user", "created_at": "2025-09-27T03:03:00.077980", "expired_at": "2025-10-04T03:03:00.077980", "id": "fe767dfdcfac40f097ea2c189c00136d"}
WARNING  [🔧TEST CONFIG]:conftest.py:430 [HTTP 200] GET https://api.dev.apolo.us/apis/admin/v1/invites
Request Body:
<not available>
Response Body (first 1000 chars):
[{"email": "regression-zu4yw4i018@apolo.us", "org_name": "regression-org-37p30s8wcukz", "status": "pending", "role_name": "user", "created_at": "2025-09-27T03:02:40.064112+00:00", "expired_at": "2025-10-04T03:02:40.064112+00:00", "id": "55f9d735134742ff941e64156ad47025"}, {"email": "regression-6o1k484xah@apolo.us", "org_name": "regression-org-37p30s8wcukz", "status": "pending", "role_name": "user", "created_at": "2025-09-27T03:03:00.077980+00:00", "expired_at": "2025-10-04T03:03:00.077980+00:00", "id": "fe767dfdcfac40f097ea2c189c00136d"}]
INFO     [📘TEST_INFO]:reporting.py:51 ✅ STEP completed: Click Send invite button
INFO     [📘TEST_INFO]:reporting.py:225 📸 Screenshot captured and attached (success): /home/runner/work/apolo-test-automation/apolo-test-automation/reports/screenshots/ui_click_send_invite_button_success_deed07.png
INFO     [📘TEST_INFO]:reporting.py:37 ▶️ STEP started: Wait for Invite organization member popup to disappear
INFO     [🎭 Playwright]:base_page.py:16 <InviteOrgMemberPopup>: Wait for Invite organization member popup to disappear
INFO     [📘TEST_INFO]:reporting.py:51 ✅ STEP completed: Wait for Invite organization member popup to disappear
INFO     [📘TEST_INFO]:reporting.py:225 📸 Screenshot captured and attached (success): /home/runner/work/apolo-test-automation/apolo-test-automation/reports/screenshots/ui_wait_to_disappear_success_8cd2a5.png
INFO     [📘TEST_INFO]:reporting.py:51 ✅ STEP completed: Invite user to organization via UI
INFO     [📘TEST_INFO]:reporting.py:225 📸 Screenshot captured and attached (success): /home/runner/work/apolo-test-automation/apolo-test-automation/reports/screenshots/ui_invite_user_to_org_success_84c092.png
INFO     [📘TEST_INFO]:reporting.py:37 ▶️ STEP started: <<User2>> :: Reload page
INFO     [🎭 Playwright]:base_page.py:16 <MainPage>: Waiting for spinner
WARNING  [🔧TEST CONFIG]:conftest.py:430 [HTTP 200] GET https://api.dev.apolo.us/api/v1/config
Request Body:
<not available>
Response Body (first 1000 chars):
{"authorized": true, "orgs": [], "clusters": [], "projects": [], "admin_url": "https://api.dev.apolo.us/apis/admin/v1", "auth_url": "https://auth.dev.apolo.us/authorize", "token_url": "https://auth.dev.apolo.us/oauth/token", "logout_url": "https://auth.dev.apolo.us/v2/logout?returnTo=https://console.dev.apolo.us", "client_id": "q3I0OzzGnTDkhRmpeJ7WWgaTCucmVxTL", "audience": "https://api.dev.apolo.us", "callback_urls": ["http://127.0.0.1:54540", "http://127.0.0.1:54541", "http://127.0.0.1:54542"], "headless_callback_url": "https://api.dev.apolo.us/oauth/show-code", "success_redirect_url": "https://api.dev.apolo.us/oauth/login"}
WARNING  [🔧TEST CONFIG]:conftest.py:430 [HTTP 200] GET https://api.dev.apolo.us/api/v1/users/regression-zu4yw4i018/permissions?uri=blob:
Request Body:
<not available>
Response Body (first 1000 chars):
[]
INFO     [🎭 Playwright]:base_page.py:16 <MainPage>: Waiting for spinner to disappear
WARNING  [🔧TEST CONFIG]:conftest.py:430 [HTTP 200] GET https://api.dev.apolo.us/apis/admin/v1/users/regression-zu4yw4i018?include=clusters&include=system_role
Request Body:
<not available>
Response Body (first 1000 chars):
{"name": "regression-zu4yw4i018", "email": "regression-zu4yw4i018@apolo.us", "first_name": null, "last_name": null, "created_at": "2025-09-27T01:33:34.667284+00:00", "terms_accepted": true, "clusters": []}
WARNING  [🔧TEST CONFIG]:conftest.py:430 [HTTP 200] GET https://api.dev.apolo.us/apis/admin/v1/invites/incoming
Request Body:
<not available>
Response Body (first 1000 chars):
[{"email": "regression-zu4yw4i018@apolo.us", "org_name": "regression-org-37p30s8wcukz", "status": "pending", "role_name": "user", "created_at": "2025-09-27T03:02:40.064112+00:00", "expired_at": "2025-10-04T03:02:40.064112+00:00", "id": "55f9d735134742ff941e64156ad47025"}]
INFO     [📘TEST_INFO]:reporting.py:51 ✅ STEP completed: <<User2>> :: Reload page
WARNING  [🔧TEST CONFIG]:conftest.py:430 [HTTP 200] GET https://api.dev.apolo.us/apis/admin/v1/users/regression-zu4yw4i018?include=orgs
Request Body:
<not available>
Response Body (first 1000 chars):
{"name": "regression-zu4yw4i018", "email": "regression-zu4yw4i018@apolo.us", "first_name": null, "last_name": null, "created_at": "2025-09-27T01:33:34.667284+00:00", "terms_accepted": true, "orgs": []}
INFO     [📘TEST_INFO]:reporting.py:225 📸 Screenshot captured and attached (success): /home/runner/work/apolo-test-automation/apolo-test-automation/reports/screenshots/ui_reload_page_success_5a8973.png
INFO     [📘TEST_INFO]:reporting.py:37 ▶️ STEP started: <<User2>> :: Verify that Invited to organization page displayed
INFO     [🎭 Playwright]:base_page.py:16 <InvitedToOrgPage>: Check if page loaded
INFO     [📘TEST_INFO]:reporting.py:51 ✅ STEP completed: <<User2>> :: Verify that Invited to organization page displayed
INFO     [📘TEST_INFO]:reporting.py:225 📸 Screenshot captured and attached (success): /home/runner/work/apolo-test-automation/apolo-test-automation/reports/screenshots/verify_ui_page_displayed_success_f8c8d6.png
INFO     [📘TEST_INFO]:reporting.py:37 ▶️ STEP started: <<User2>> :: Click Accept and Go button
INFO     [🎭 Playwright]:base_page.py:16 <InvitedToOrgPage>: Click accept and Go button
INFO     [🎭 Playwright]:base_page.py:16 <InvitedToOrgPage>: Wait for network idle
INFO     [🎭 Playwright]:base_page.py:16 <InvitedToOrgPage>: Network idle done
INFO     [🎭 Playwright]:base_page.py:16 <InvitedToOrgPage>: Waiting for spinner
WARNING  [🔧TEST CONFIG]:conftest.py:430 [HTTP 200] GET https://api.dev.apolo.us/api/v1/config
Request Body:
<not available>
Response Body (first 1000 chars):
{"authorized": true, "orgs": [], "clusters": [], "projects": [], "admin_url": "https://api.dev.apolo.us/apis/admin/v1", "auth_url": "https://auth.dev.apolo.us/authorize", "token_url": "https://auth.dev.apolo.us/oauth/token", "logout_url": "https://auth.dev.apolo.us/v2/logout?returnTo=https://console.dev.apolo.us", "client_id": "q3I0OzzGnTDkhRmpeJ7WWgaTCucmVxTL", "audience": "https://api.dev.apolo.us", "callback_urls": ["http://127.0.0.1:54540", "http://127.0.0.1:54541", "http://127.0.0.1:54542"], "headless_callback_url": "https://api.dev.apolo.us/oauth/show-code", "success_redirect_url": "https://api.dev.apolo.us/oauth/login"}
INFO     [🎭 Playwright]:base_page.py:16 <InvitedToOrgPage>: Waiting for spinner to disappear
WARNING  [🔧TEST CONFIG]:conftest.py:430 [HTTP 200] GET https://api.dev.apolo.us/apis/admin/v1/invites/incoming
Request Body:
<not available>
Response Body (first 1000 chars):
[]
WARNING  [🔧TEST CONFIG]:conftest.py:430 [HTTP 200] GET https://api.dev.apolo.us/api/v1/users/regression-zu4yw4i018/permissions?uri=blob:
Request Body:
<not available>
Response Body (first 1000 chars):
[]
WARNING  [🔧TEST CONFIG]:conftest.py:430 [HTTP 200] GET https://api.dev.apolo.us/apis/admin/v1/users/regression-zu4yw4i018?include=orgs
Request Body:
<not available>
Response Body (first 1000 chars):
{"name": "regression-zu4yw4i018", "email": "regression-zu4yw4i018@apolo.us", "first_name": null, "last_name": null, "created_at": "2025-09-27T01:33:34.667284+00:00", "terms_accepted": true, "orgs": [{"org_name": "regression-org-37p30s8wcukz", "role": "user", "balance": {"credits": "126", "spent_credits": "0"}}]}
INFO     [📘TEST_INFO]:reporting.py:51 ✅ STEP completed: <<User2>> :: Click Accept and Go button
WARNING  [🔧TEST CONFIG]:conftest.py:430 [HTTP 200] GET https://api.dev.apolo.us/apis/admin/v1/users/regression-zu4yw4i018?include=clusters&include=system_role
Request Body:
<not available>
Response Body (first 1000 chars):
{"name": "regression-zu4yw4i018", "email": "regression-zu4yw4i018@apolo.us", "first_name": null, "last_name": null, "created_at": "2025-09-27T01:33:34.667284+00:00", "terms_accepted": true, "clusters": [{"cluster_name": "default", "role": "user", "org_name": "regression-org-37p30s8wcukz", "balance": {"spent_credits": "0"}}]}
INFO     [📘TEST_INFO]:reporting.py:225 📸 Screenshot captured and attached (success): /home/runner/work/apolo-test-automation/apolo-test-automation/reports/screenshots/ui_click_accept_and_go_button_success_32dadf.png
INFO     [📘TEST_INFO]:reporting.py:37 ▶️ STEP started: <<User2>> :: Verify project creation message is displayed
INFO     [🎭 Playwright]:base_page.py:16 <MainPage>: Check if create project text field displayed
ERROR    [📘TEST_INFO]:reporting.py:56 ❌ STEP failed: <<User2>> :: Verify project creation message is displayed
INFO     [📘TEST_INFO]:reporting.py:225 📸 Screenshot captured and attached (fail): /home/runner/work/apolo-test-automation/apolo-test-automation/reports/screenshots/verify_ui_create_project_message_displayed_fail_c632f4.png
ERROR    [📘TEST_INFO]:reporting.py:95 ❌ TEST failed: Search Member of organization via UI
Exception: [AssertionError] during step: <<User2>> :: Verify project creation message is displayed
Message: Organization regression-org-37p30s8wcukz does not have a project creation message
INFO     [📘TEST_INFO]:reporting.py:98 ------------------------------------------------------------
INFO     [🌐API_helper]:api_helper.py:54 GET https://api.dev.apolo.us/apis/admin/v1/orgs
INFO     [🌐API_helper]:api_helper.py:175 Status: 200. Response: [{'name': 'regression-org-37p30s8wcukz', 'balance': {'credits': '500', 'spent_credits': '0'}, 'user_default_credits': '126', 'notification_intervals': {'balance_projection_seconds': [604800, 259200, 86400], 'balance_amount': [0], 'balance_depletion_seconds': [86400, 604800]}}]
INFO     [🔧TEST CONFIG]:conftest.py:291 Cleaning up 1 organisations
INFO     [🌐API_helper]:api_helper.py:54 GET https://api.dev.apolo.us/apis/admin/v1/clusters/default/orgs/regression-org-37p30s8wcukz/projects
INFO     [🌐API_helper]:api_helper.py:182 Status: 200. Response: []
INFO     [🔧TEST CONFIG]:conftest.py:308 Cleaning up 0 projects
INFO     [🌐API_helper]:api_helper.py:189 Delete organization response: <ClientResponse(https://api.dev.apolo.us/apis/admin/v1/orgs/regression-org-37p30s8wcukz) [200 OK]>
<CIMultiDictProxy('Access-Control-Allow-Credentials': 'true', 'Content-Length': '275', 'Content-Type': 'application/json; charset=utf-8', 'Date': 'Sat, 27 Sep 2025 03:03:25 GMT', 'Server': 'Python/3.13 aiohttp/3.12.15', 'Vary': 'Origin', 'x-service-version': 'platform-admin/0.0.0.post1.dev0+4cdab15', 'Via': '1.1 google', 'Alt-Svc': 'h3=":443"; ma=2592000,h3-29=":443"; ma=2592000')>

INFO     [🔧TEST CONFIG]:conftest.py:326 Removed organisation: regression-org-37p30s8wcukz
INFO     [🔧TEST CONFIG]:conftest.py:331 Closing all browser sessions
INFO     [🔧TEST CONFIG]:conftest.py:337 Stopped Playwright
WARNING  [🔧TEST CONFIG]:conftest.py:347 Failed to close context: BrowserContext.close: Target page, context or browser has been closed
INFO     [🔧TEST CONFIG]:conftest.py:352 Closed browser (post-stop)
INFO     [🔧TEST CONFIG]:conftest.py:337 Stopped Playwright
WARNING  [🔧TEST CONFIG]:conftest.py:347 Failed to close context: BrowserContext.close: Target page, context or browser has been closed
INFO     [🔧TEST CONFIG]:conftest.py:352 Closed browser (post-stop)
INFO     [🔧TEST CONFIG]:conftest.py:337 Stopped Playwright
WARNING  [🔧TEST CONFIG]:conftest.py:347 Failed to close context: BrowserContext.close: Target page, context or browser has been closed
INFO     [🔧TEST CONFIG]:conftest.py:352 Closed browser (post-stop)
INFO     [🔧TEST CONFIG]:conftest.py:357 Browser cleanup finished
INFO     [🔧TEST CONFIG]:conftest.py:87 Loading test configuration
INFO     [🔧TEST CONFIG]:conftest.py:388 Navigating to: https://console.dev.apolo.us/
WARNING  [🔧TEST CONFIG]:conftest.py:430 [HTTP 200] GET https://api.dev.apolo.us/api/v1/config
Request Body:
<not available>
Response Body (first 1000 chars):
{"authorized": false, "auth_url": "https://auth.dev.apolo.us/authorize", "token_url": "https://auth.dev.apolo.us/oauth/token", "logout_url": "https://auth.dev.apolo.us/v2/logout?returnTo=https://console.dev.apolo.us", "client_id": "q3I0OzzGnTDkhRmpeJ7WWgaTCucmVxTL", "audience": "https://api.dev.apolo.us", "callback_urls": ["http://127.0.0.1:54540", "http://127.0.0.1:54541", "http://127.0.0.1:54542"], "headless_callback_url": "https://api.dev.apolo.us/oauth/show-code", "success_redirect_url": "https://api.dev.apolo.us/oauth/login"}
INFO     [🔧TEST CONFIG]:conftest.py:93 Creating data manager
INFO     [🔧TEST CONFIG]:conftest.py:123 Creating users manager
INFO     [🔧TEST CONFIG]:conftest.py:109 Creating API helper
INFO     [🔧TEST CONFIG]:conftest.py:117 Creating Apolo CLI instance
INFO     [🔧TEST CONFIG]:conftest.py:205 Continue using UserData(email='regression-6mca5fse0t@apolo.us', username='regression-6mca5fse0t', password='yr7phCc*N$eL') as main test user...
INFO     [👤UsersManager]:users_manager.py:73 Setting main user to UserData(email='regression-6mca5fse0t@apolo.us', username='regression-6mca5fse0t', password='yr7phCc*N$eL')
INFO     [🔧TEST CONFIG]:conftest.py:235 Continue using UserData(email='regression-zu4yw4i018@apolo.us', username='regression-zu4yw4i018', password='UC$J@hL8knVS') as second test user...
INFO     [👤UsersManager]:users_manager.py:82 Setting second user to UserData(email='regression-zu4yw4i018@apolo.us', username='regression-zu4yw4i018', password='UC$J@hL8knVS')
INFO     [🔧TEST CONFIG]:conftest.py:240 Continue using UserData(email='regression-6o1k484xah@apolo.us', username='regression-6o1k484xah', password='72hiCZ^hDgOp') as third test user...
INFO     [👤UsersManager]:users_manager.py:91 Setting third user to UserData(email='regression-6o1k484xah@apolo.us', username='regression-6o1k484xah', password='72hiCZ^hDgOp')
INFO     [📘TEST_INFO]:reporting.py:86 ------------------------------------------------------------
INFO     [📘TEST_INFO]:reporting.py:87 📝 TEST started: Search Member of organization via UI
INFO     [📘TEST_INFO]:reporting.py:88 ------------------------------------------------------------
INFO     [📘TEST_INFO]:reporting.py:37 ▶️ STEP started: Login via UI
INFO     [📘TEST_INFO]:reporting.py:37 ▶️ STEP started: Click login button
INFO     [🎭 Playwright]:base_page.py:16 <AuthPage>: Click log in button
INFO     [📘TEST_INFO]:reporting.py:51 ✅ STEP completed: Click login button
INFO     [📘TEST_INFO]:reporting.py:225 📸 Screenshot captured and attached (success): /home/runner/work/apolo-test-automation/apolo-test-automation/reports/screenshots/ui_click_login_button_success_1ba26c.png
INFO     [📘TEST_INFO]:reporting.py:37 ▶️ STEP started: Enter email
INFO     [🎭 Playwright]:base_page.py:16 <LoginPage>: Enter regression-6mca5fse0t@apolo.us email
INFO     [📘TEST_INFO]:reporting.py:51 ✅ STEP completed: Enter email
INFO     [📘TEST_INFO]:reporting.py:225 📸 Screenshot captured and attached (success): /home/runner/work/apolo-test-automation/apolo-test-automation/reports/screenshots/ui_enter_email_success_c0f708.png
INFO     [📘TEST_INFO]:reporting.py:37 ▶️ STEP started: Enter password
INFO     [🎭 Playwright]:base_page.py:16 <LoginPage>: Enter ********* password
INFO     [📘TEST_INFO]:reporting.py:51 ✅ STEP completed: Enter password
INFO     [📘TEST_INFO]:reporting.py:225 📸 Screenshot captured and attached (success): /home/runner/work/apolo-test-automation/apolo-test-automation/reports/screenshots/ui_enter_password_success_84819c.png
INFO     [📘TEST_INFO]:reporting.py:37 ▶️ STEP started: Click Continue button
INFO     [🎭 Playwright]:base_page.py:16 <LoginPage>: Click continue button
WARNING  [🔧TEST CONFIG]:conftest.py:430 [HTTP 200] GET https://api.dev.apolo.us/api/v1/config
Request Body:
<not available>
Response Body (first 1000 chars):
{"authorized": true, "orgs": [], "clusters": [], "projects": [], "admin_url": "https://api.dev.apolo.us/apis/admin/v1", "auth_url": "https://auth.dev.apolo.us/authorize", "token_url": "https://auth.dev.apolo.us/oauth/token", "logout_url": "https://auth.dev.apolo.us/v2/logout?returnTo=https://console.dev.apolo.us", "client_id": "q3I0OzzGnTDkhRmpeJ7WWgaTCucmVxTL", "audience": "https://api.dev.apolo.us", "callback_urls": ["http://127.0.0.1:54540", "http://127.0.0.1:54541", "http://127.0.0.1:54542"], "headless_callback_url": "https://api.dev.apolo.us/oauth/show-code", "success_redirect_url": "https://api.dev.apolo.us/oauth/login"}
WARNING  [🔧TEST CONFIG]:conftest.py:430 [HTTP 200] GET https://api.dev.apolo.us/api/v1/users/regression-6mca5fse0t/permissions?uri=blob:
Request Body:
<not available>
Response Body (first 1000 chars):
[]
INFO     [🎭 Playwright]:base_page.py:16 <LoginPage>: Waiting for spinner
INFO     [🎭 Playwright]:base_page.py:16 <LoginPage>: Waiting for spinner to disappear
WARNING  [🔧TEST CONFIG]:conftest.py:430 [HTTP 200] GET https://api.dev.apolo.us/apis/admin/v1/invites/incoming
Request Body:
<not available>
Response Body (first 1000 chars):
[]
WARNING  [🔧TEST CONFIG]:conftest.py:430 [HTTP 200] GET https://api.dev.apolo.us/apis/admin/v1/users/regression-6mca5fse0t?include=orgs
Request Body:
<not available>
Response Body (first 1000 chars):
{"name": "regression-6mca5fse0t", "email": "regression-6mca5fse0t@apolo.us", "first_name": null, "last_name": null, "created_at": "2025-09-27T01:31:25.387141+00:00", "terms_accepted": true, "orgs": []}
WARNING  [🔧TEST CONFIG]:conftest.py:430 [HTTP 200] GET https://api.dev.apolo.us/apis/admin/v1/users/regression-6mca5fse0t?include=clusters&include=system_role
Request Body:
<not available>
Response Body (first 1000 chars):
{"name": "regression-6mca5fse0t", "email": "regression-6mca5fse0t@apolo.us", "first_name": null, "last_name": null, "created_at": "2025-09-27T01:31:25.387141+00:00", "terms_accepted": true, "clusters": []}
INFO     [📘TEST_INFO]:reporting.py:51 ✅ STEP completed: Click Continue button
INFO     [📘TEST_INFO]:reporting.py:225 📸 Screenshot captured and attached (success): /home/runner/work/apolo-test-automation/apolo-test-automation/reports/screenshots/ui_click_continue_button_success_a80ad2.png
INFO     [📘TEST_INFO]:reporting.py:37 ▶️ STEP started: Verify that Welcome new user page displayed
INFO     [🎭 Playwright]:base_page.py:16 <WelcomeNewUserPage>: Check if page loaded
INFO     [📘TEST_INFO]:reporting.py:51 ✅ STEP completed: Verify that Welcome new user page displayed
INFO     [📘TEST_INFO]:reporting.py:225 📸 Screenshot captured and attached (success): /home/runner/work/apolo-test-automation/apolo-test-automation/reports/screenshots/verify_ui_page_displayed_success_f922e7.png
INFO     [📘TEST_INFO]:reporting.py:51 ✅ STEP completed: Login via UI
INFO     [📘TEST_INFO]:reporting.py:225 📸 Screenshot captured and attached (success): /home/runner/work/apolo-test-automation/apolo-test-automation/reports/screenshots/ui_login_success_88e26d.png
INFO     [🔧TEST CONFIG]:conftest.py:388 Navigating to: https://console.dev.apolo.us/
WARNING  [🔧TEST CONFIG]:conftest.py:430 [HTTP 200] GET https://api.dev.apolo.us/api/v1/config
Request Body:
<not available>
Response Body (first 1000 chars):
{"authorized": false, "auth_url": "https://auth.dev.apolo.us/authorize", "token_url": "https://auth.dev.apolo.us/oauth/token", "logout_url": "https://auth.dev.apolo.us/v2/logout?returnTo=https://console.dev.apolo.us", "client_id": "q3I0OzzGnTDkhRmpeJ7WWgaTCucmVxTL", "audience": "https://api.dev.apolo.us", "callback_urls": ["http://127.0.0.1:54540", "http://127.0.0.1:54541", "http://127.0.0.1:54542"], "headless_callback_url": "https://api.dev.apolo.us/oauth/show-code", "success_redirect_url": "https://api.dev.apolo.us/oauth/login"}
INFO     [📘TEST_INFO]:reporting.py:37 ▶️ STEP started: <<User2>> :: Get second user
INFO     [📘TEST_INFO]:reporting.py:51 ✅ STEP completed: <<User2>> :: Get second user
INFO     [📘TEST_INFO]:reporting.py:225 📸 Screenshot captured and attached (success): /home/runner/work/apolo-test-automation/apolo-test-automation/reports/screenshots/ui_get_second_user_success_26e221.png
INFO     [📘TEST_INFO]:reporting.py:37 ▶️ STEP started: <<User2>> :: Login via UI
INFO     [📘TEST_INFO]:reporting.py:37 ▶️ STEP started: <<User2>> :: Click login button
INFO     [🎭 Playwright]:base_page.py:16 <AuthPage>: Click log in button
INFO     [📘TEST_INFO]:reporting.py:51 ✅ STEP completed: <<User2>> :: Click login button
INFO     [📘TEST_INFO]:reporting.py:225 📸 Screenshot captured and attached (success): /home/runner/work/apolo-test-automation/apolo-test-automation/reports/screenshots/ui_click_login_button_success_6db47a.png
INFO     [📘TEST_INFO]:reporting.py:37 ▶️ STEP started: <<User2>> :: Enter email
INFO     [🎭 Playwright]:base_page.py:16 <LoginPage>: Enter regression-zu4yw4i018@apolo.us email
INFO     [📘TEST_INFO]:reporting.py:51 ✅ STEP completed: <<User2>> :: Enter email
INFO     [📘TEST_INFO]:reporting.py:225 📸 Screenshot captured and attached (success): /home/runner/work/apolo-test-automation/apolo-test-automation/reports/screenshots/ui_enter_email_success_ef595e.png
INFO     [📘TEST_INFO]:reporting.py:37 ▶️ STEP started: <<User2>> :: Enter password
INFO     [🎭 Playwright]:base_page.py:16 <LoginPage>: Enter ********* password
INFO     [📘TEST_INFO]:reporting.py:51 ✅ STEP completed: <<User2>> :: Enter password
INFO     [📘TEST_INFO]:reporting.py:225 📸 Screenshot captured and attached (success): /home/runner/work/apolo-test-automation/apolo-test-automation/reports/screenshots/ui_enter_password_success_d8c1b5.png
INFO     [📘TEST_INFO]:reporting.py:37 ▶️ STEP started: <<User2>> :: Click Continue button
INFO     [🎭 Playwright]:base_page.py:16 <LoginPage>: Click continue button
INFO     [🎭 Playwright]:base_page.py:16 <LoginPage>: Waiting for spinner
WARNING  [🔧TEST CONFIG]:conftest.py:430 [HTTP 200] GET https://api.dev.apolo.us/api/v1/config
Request Body:
<not available>
Response Body (first 1000 chars):
{"authorized": true, "orgs": [], "clusters": [], "projects": [], "admin_url": "https://api.dev.apolo.us/apis/admin/v1", "auth_url": "https://auth.dev.apolo.us/authorize", "token_url": "https://auth.dev.apolo.us/oauth/token", "logout_url": "https://auth.dev.apolo.us/v2/logout?returnTo=https://console.dev.apolo.us", "client_id": "q3I0OzzGnTDkhRmpeJ7WWgaTCucmVxTL", "audience": "https://api.dev.apolo.us", "callback_urls": ["http://127.0.0.1:54540", "http://127.0.0.1:54541", "http://127.0.0.1:54542"], "headless_callback_url": "https://api.dev.apolo.us/oauth/show-code", "success_redirect_url": "https://api.dev.apolo.us/oauth/login"}
INFO     [🎭 Playwright]:base_page.py:16 <LoginPage>: Waiting for spinner to disappear
WARNING  [🔧TEST CONFIG]:conftest.py:430 [HTTP 200] GET https://api.dev.apolo.us/api/v1/users/regression-zu4yw4i018/permissions?uri=blob:
Request Body:
<not available>
Response Body (first 1000 chars):
[]
WARNING  [🔧TEST CONFIG]:conftest.py:430 [HTTP 200] GET https://api.dev.apolo.us/apis/admin/v1/invites/incoming
Request Body:
<not available>
Response Body (first 1000 chars):
[]
WARNING  [🔧TEST CONFIG]:conftest.py:430 [HTTP 200] GET https://api.dev.apolo.us/apis/admin/v1/users/regression-zu4yw4i018?include=clusters&include=system_role
Request Body:
<not available>
Response Body (first 1000 chars):
{"name": "regression-zu4yw4i018", "email": "regression-zu4yw4i018@apolo.us", "first_name": null, "last_name": null, "created_at": "2025-09-27T01:33:34.667284+00:00", "terms_accepted": true, "clusters": []}
WARNING  [🔧TEST CONFIG]:conftest.py:430 [HTTP 200] GET https://api.dev.apolo.us/apis/admin/v1/users/regression-zu4yw4i018?include=orgs
Request Body:
<not available>
Response Body (first 1000 chars):
{"name": "regression-zu4yw4i018", "email": "regression-zu4yw4i018@apolo.us", "first_name": null, "last_name": null, "created_at": "2025-09-27T01:33:34.667284+00:00", "terms_accepted": true, "orgs": []}
INFO     [📘TEST_INFO]:reporting.py:51 ✅ STEP completed: <<User2>> :: Click Continue button
INFO     [📘TEST_INFO]:reporting.py:225 📸 Screenshot captured and attached (success): /home/runner/work/apolo-test-automation/apolo-test-automation/reports/screenshots/ui_click_continue_button_success_948636.png
INFO     [📘TEST_INFO]:reporting.py:37 ▶️ STEP started: <<User2>> :: Verify that Welcome new user page displayed
INFO     [🎭 Playwright]:base_page.py:16 <WelcomeNewUserPage>: Check if page loaded
INFO     [📘TEST_INFO]:reporting.py:51 ✅ STEP completed: <<User2>> :: Verify that Welcome new user page displayed
INFO     [📘TEST_INFO]:reporting.py:225 📸 Screenshot captured and attached (success): /home/runner/work/apolo-test-automation/apolo-test-automation/reports/screenshots/verify_ui_page_displayed_success_cb951b.png
INFO     [📘TEST_INFO]:reporting.py:51 ✅ STEP completed: <<User2>> :: Login via UI
INFO     [📘TEST_INFO]:reporting.py:225 📸 Screenshot captured and attached (success): /home/runner/work/apolo-test-automation/apolo-test-automation/reports/screenshots/ui_login_success_586c81.png
INFO     [🔧TEST CONFIG]:conftest.py:388 Navigating to: https://console.dev.apolo.us/
WARNING  [🔧TEST CONFIG]:conftest.py:430 [HTTP 200] GET https://api.dev.apolo.us/api/v1/config
Request Body:
<not available>
Response Body (first 1000 chars):
{"authorized": false, "auth_url": "https://auth.dev.apolo.us/authorize", "token_url": "https://auth.dev.apolo.us/oauth/token", "logout_url": "https://auth.dev.apolo.us/v2/logout?returnTo=https://console.dev.apolo.us", "client_id": "q3I0OzzGnTDkhRmpeJ7WWgaTCucmVxTL", "audience": "https://api.dev.apolo.us", "callback_urls": ["http://127.0.0.1:54540", "http://127.0.0.1:54541", "http://127.0.0.1:54542"], "headless_callback_url": "https://api.dev.apolo.us/oauth/show-code", "success_redirect_url": "https://api.dev.apolo.us/oauth/login"}
INFO     [📘TEST_INFO]:reporting.py:37 ▶️ STEP started: <<User3>> :: Get third user
INFO     [📘TEST_INFO]:reporting.py:51 ✅ STEP completed: <<User3>> :: Get third user
INFO     [📘TEST_INFO]:reporting.py:225 📸 Screenshot captured and attached (success): /home/runner/work/apolo-test-automation/apolo-test-automation/reports/screenshots/ui_get_third_user_success_2d57ed.png
INFO     [📘TEST_INFO]:reporting.py:37 ▶️ STEP started: <<User3>> :: Login via UI
INFO     [📘TEST_INFO]:reporting.py:37 ▶️ STEP started: <<User3>> :: Click login button
INFO     [🎭 Playwright]:base_page.py:16 <AuthPage>: Click log in button
INFO     [📘TEST_INFO]:reporting.py:51 ✅ STEP completed: <<User3>> :: Click login button
INFO     [📘TEST_INFO]:reporting.py:225 📸 Screenshot captured and attached (success): /home/runner/work/apolo-test-automation/apolo-test-automation/reports/screenshots/ui_click_login_button_success_d5fac1.png
INFO     [📘TEST_INFO]:reporting.py:37 ▶️ STEP started: <<User3>> :: Enter email
INFO     [🎭 Playwright]:base_page.py:16 <LoginPage>: Enter regression-6o1k484xah@apolo.us email
INFO     [📘TEST_INFO]:reporting.py:51 ✅ STEP completed: <<User3>> :: Enter email
INFO     [📘TEST_INFO]:reporting.py:225 📸 Screenshot captured and attached (success): /home/runner/work/apolo-test-automation/apolo-test-automation/reports/screenshots/ui_enter_email_success_49a78a.png
INFO     [📘TEST_INFO]:reporting.py:37 ▶️ STEP started: <<User3>> :: Enter password
INFO     [🎭 Playwright]:base_page.py:16 <LoginPage>: Enter ********* password
INFO     [📘TEST_INFO]:reporting.py:51 ✅ STEP completed: <<User3>> :: Enter password
INFO     [📘TEST_INFO]:reporting.py:225 📸 Screenshot captured and attached (success): /home/runner/work/apolo-test-automation/apolo-test-automation/reports/screenshots/ui_enter_password_success_f4bbf5.png
INFO     [📘TEST_INFO]:reporting.py:37 ▶️ STEP started: <<User3>> :: Click Continue button
INFO     [🎭 Playwright]:base_page.py:16 <LoginPage>: Click continue button
WARNING  [🔧TEST CONFIG]:conftest.py:430 [HTTP 200] GET https://api.dev.apolo.us/api/v1/config
Request Body:
<not available>
Response Body (first 1000 chars):
{"authorized": true, "orgs": [], "clusters": [], "projects": [], "admin_url": "https://api.dev.apolo.us/apis/admin/v1", "auth_url": "https://auth.dev.apolo.us/authorize", "token_url": "https://auth.dev.apolo.us/oauth/token", "logout_url": "https://auth.dev.apolo.us/v2/logout?returnTo=https://console.dev.apolo.us", "client_id": "q3I0OzzGnTDkhRmpeJ7WWgaTCucmVxTL", "audience": "https://api.dev.apolo.us", "callback_urls": ["http://127.0.0.1:54540", "http://127.0.0.1:54541", "http://127.0.0.1:54542"], "headless_callback_url": "https://api.dev.apolo.us/oauth/show-code", "success_redirect_url": "https://api.dev.apolo.us/oauth/login"}
WARNING  [🔧TEST CONFIG]:conftest.py:430 [HTTP 200] GET https://api.dev.apolo.us/api/v1/users/regression-6o1k484xah/permissions?uri=blob:
Request Body:
<not available>
Response Body (first 1000 chars):
[]
WARNING  [🔧TEST CONFIG]:conftest.py:430 [HTTP 200] GET https://api.dev.apolo.us/apis/admin/v1/users/regression-6o1k484xah?include=orgs
Request Body:
<not available>
Response Body (first 1000 chars):
{"name": "regression-6o1k484xah", "email": "regression-6o1k484xah@apolo.us", "first_name": null, "last_name": null, "created_at": "2025-09-27T01:45:18.602308+00:00", "terms_accepted": true, "orgs": []}
INFO     [🎭 Playwright]:base_page.py:16 <LoginPage>: Waiting for spinner
INFO     [🎭 Playwright]:base_page.py:16 <LoginPage>: Waiting for spinner to disappear
WARNING  [🔧TEST CONFIG]:conftest.py:430 [HTTP 200] GET https://api.dev.apolo.us/apis/admin/v1/invites/incoming
Request Body:
<not available>
Response Body (first 1000 chars):
[]
WARNING  [🔧TEST CONFIG]:conftest.py:430 [HTTP 200] GET https://api.dev.apolo.us/apis/admin/v1/users/regression-6o1k484xah?include=clusters&include=system_role
Request Body:
<not available>
Response Body (first 1000 chars):
{"name": "regression-6o1k484xah", "email": "regression-6o1k484xah@apolo.us", "first_name": null, "last_name": null, "created_at": "2025-09-27T01:45:18.602308+00:00", "terms_accepted": true, "clusters": []}
INFO     [📘TEST_INFO]:reporting.py:51 ✅ STEP completed: <<User3>> :: Click Continue button
INFO     [📘TEST_INFO]:reporting.py:225 📸 Screenshot captured and attached (success): /home/runner/work/apolo-test-automation/apolo-test-automation/reports/screenshots/ui_click_continue_button_success_9cf8e9.png
INFO     [📘TEST_INFO]:reporting.py:37 ▶️ STEP started: <<User3>> :: Verify that Welcome new user page displayed
INFO     [🎭 Playwright]:base_page.py:16 <WelcomeNewUserPage>: Check if page loaded
INFO     [📘TEST_INFO]:reporting.py:51 ✅ STEP completed: <<User3>> :: Verify that Welcome new user page displayed
INFO     [📘TEST_INFO]:reporting.py:225 📸 Screenshot captured and attached (success): /home/runner/work/apolo-test-automation/apolo-test-automation/reports/screenshots/verify_ui_page_displayed_success_e1ea5d.png
INFO     [📘TEST_INFO]:reporting.py:51 ✅ STEP completed: <<User3>> :: Login via UI
INFO     [📘TEST_INFO]:reporting.py:225 📸 Screenshot captured and attached (success): /home/runner/work/apolo-test-automation/apolo-test-automation/reports/screenshots/ui_login_success_70ef13.png
INFO     [📘TEST_INFO]:reporting.py:37 ▶️ STEP started: Add organization via API and reload page
INFO     [🔧DATA MANAGER]:test_data.py:56 Added organization: org_name=regression-org-0vvkcbp1pnix, gherkin_name=Default-organization
INFO     [🌐API_helper]:api_helper.py:86 POST https://api.dev.apolo.us/apis/admin/v1/orgs?skip_auto_add_to_clusters=false with data: {'name': 'regression-org-0vvkcbp1pnix'}
INFO     [🌐API_helper]:api_helper.py:214 Add org regression-org-0vvkcbp1pnix response: {'name': 'regression-org-0vvkcbp1pnix', 'balance': {'credits': '500', 'spent_credits': '0'}, 'user_default_credits': None, 'notification_intervals': {'balance_projection_seconds': [604800, 259200, 86400], 'balance_amount': [0], 'balance_depletion_seconds': [86400, 604800]}}
INFO     [📘TEST_INFO]:reporting.py:37 ▶️ STEP started: Reload page
WARNING  [🔧TEST CONFIG]:conftest.py:430 [HTTP 200] GET https://api.dev.apolo.us/api/v1/config
Request Body:
<not available>
Response Body (first 1000 chars):
{"authorized": true, "orgs": [{"name": "regression-org-0vvkcbp1pnix", "role": "admin"}], "clusters": [{"name": "default", "registry_url": "https://registry.api.dev.apolo.us", "storage_url": "https://api.dev.apolo.us/api/v1/storage", "monitoring_url": "https://monitoring.api.dev.apolo.us/api/v1/jobs", "secrets_url": "https://api.dev.apolo.us/api/v1/secrets", "metrics_url": "https://grafana.dev.apolo.us", "disks_url": "https://api.dev.apolo.us/api/v1/disk", "buckets_url": "https://api.dev.apolo.us/api/v1/buckets", "resource_pool_types": [{"name": "a2-highgpu-1g", "min_size": 0, "max_size": 10, "cpu": 12.0, "available_cpu": 11.101, "memory": 89629032448, "available_memory": 80898240256, "disk_size": 523982073856, "available_disk_size": 364209683290, "nvidia_gpu": {"count": 1, "model": "NVIDIA-A100-SXM4-40GB", "memory": 42949672960}}, {"name": "a2-highgpu-2g", "min_size": 0, "max_size": 3, "cpu": 24.0, "available_cpu": 23.73, "memory": 179367243776, "available_memory": 168094003200, "disk_
WARNING  [🔧TEST CONFIG]:conftest.py:430 [HTTP 200] GET https://api.dev.apolo.us/apis/admin/v1/users/regression-6mca5fse0t?include=orgs
Request Body:
<not available>
Response Body (first 1000 chars):
{"name": "regression-6mca5fse0t", "email": "regression-6mca5fse0t@apolo.us", "first_name": null, "last_name": null, "created_at": "2025-09-27T01:31:25.387141+00:00", "terms_accepted": true, "orgs": [{"org_name": "regression-org-0vvkcbp1pnix", "role": "admin", "balance": {"spent_credits": "0"}}]}
WARNING  [🔧TEST CONFIG]:conftest.py:430 [HTTP 200] GET https://api.dev.apolo.us/apis/admin/v1/users/regression-6mca5fse0t?include=clusters&include=system_role
Request Body:
<not available>
Response Body (first 1000 chars):
{"name": "regression-6mca5fse0t", "email": "regression-6mca5fse0t@apolo.us", "first_name": null, "last_name": null, "created_at": "2025-09-27T01:31:25.387141+00:00", "terms_accepted": true, "clusters": [{"cluster_name": "default", "role": "admin", "org_name": "regression-org-0vvkcbp1pnix", "balance": {"spent_credits": "0"}}]}
INFO     [🎭 Playwright]:base_page.py:16 <MainPage>: Waiting for spinner
INFO     [🎭 Playwright]:base_page.py:16 <MainPage>: Waiting for spinner to disappear
WARNING  [🔧TEST CONFIG]:conftest.py:430 [HTTP 200] GET https://api.dev.apolo.us/api/v1/users/regression-6mca5fse0t/permissions?uri=blob:
Request Body:
<not available>
Response Body (first 1000 chars):
[{"uri": "blob://default/regression-org-0vvkcbp1pnix", "action": "manage"}]
WARNING  [🔧TEST CONFIG]:conftest.py:430 [HTTP 200] GET https://api.dev.apolo.us/apis/admin/v1/invites/incoming
Request Body:
<not available>
Response Body (first 1000 chars):
[]
WARNING  [🔧TEST CONFIG]:conftest.py:430 [HTTP 200] GET https://api.dev.apolo.us/apis/admin/v1/orgs/regression-org-0vvkcbp1pnix
Request Body:
<not available>
Response Body (first 1000 chars):
{"name": "regression-org-0vvkcbp1pnix", "balance": {"credits": "500", "spent_credits": "0"}, "user_default_credits": null, "notification_intervals": {"balance_projection_seconds": [604800, 259200, 86400], "balance_amount": [0], "balance_depletion_seconds": [86400, 604800]}}
INFO     [📘TEST_INFO]:reporting.py:51 ✅ STEP completed: Reload page
INFO     [📘TEST_INFO]:reporting.py:225 📸 Screenshot captured and attached (success): /home/runner/work/apolo-test-automation/apolo-test-automation/reports/screenshots/ui_reload_page_success_a76d7e.png
INFO     [📘TEST_INFO]:reporting.py:51 ✅ STEP completed: Add organization via API and reload page
INFO     [📘TEST_INFO]:reporting.py:225 📸 Screenshot captured and attached (success): /home/runner/work/apolo-test-automation/apolo-test-automation/reports/screenshots/ui_add_org_api_success_8bcd19.png
INFO     [📘TEST_INFO]:reporting.py:37 ▶️ STEP started: Click User Organization settings button
INFO     [🎭 Playwright]:base_page.py:16 <MainPage>: Click organization settings button
INFO     [📘TEST_INFO]:reporting.py:51 ✅ STEP completed: Click User Organization settings button
INFO     [📘TEST_INFO]:reporting.py:225 📸 Screenshot captured and attached (success): /home/runner/work/apolo-test-automation/apolo-test-automation/reports/screenshots/ui_click_organization_settings_button_success_206b48.png
INFO     [📘TEST_INFO]:reporting.py:37 ▶️ STEP started: Click Settings button
INFO     [🎭 Playwright]:base_page.py:16 <OrganizationSettingsPopup>: Click settings button
INFO     [📘TEST_INFO]:reporting.py:51 ✅ STEP completed: Click Settings button
WARNING  [🔧TEST CONFIG]:conftest.py:430 [HTTP 200] GET https://api.dev.apolo.us/apis/admin/v1/orgs/regression-org-0vvkcbp1pnix
Request Body:
<not available>
Response Body (first 1000 chars):
{"name": "regression-org-0vvkcbp1pnix", "balance": {"credits": "500", "spent_credits": "0"}, "user_default_credits": null, "notification_intervals": {"balance_projection_seconds": [604800, 259200, 86400], "balance_amount": [0], "balance_depletion_seconds": [86400, 604800]}}
INFO     [📘TEST_INFO]:reporting.py:225 📸 Screenshot captured and attached (success): /home/runner/work/apolo-test-automation/apolo-test-automation/reports/screenshots/ui_click_settings_btn_success_05dc83.png
INFO     [📘TEST_INFO]:reporting.py:37 ▶️ STEP started: Verify that Organization settings page displayed
INFO     [🎭 Playwright]:base_page.py:16 <OrganizationSettingsPage>: Check if page loaded
INFO     [📘TEST_INFO]:reporting.py:51 ✅ STEP completed: Verify that Organization settings page displayed
INFO     [📘TEST_INFO]:reporting.py:225 📸 Screenshot captured and attached (success): /home/runner/work/apolo-test-automation/apolo-test-automation/reports/screenshots/verify_ui_page_displayed_success_b27a52.png
INFO     [📘TEST_INFO]:reporting.py:37 ▶️ STEP started: Enter credits amount
INFO     [🎭 Playwright]:base_page.py:16 <OrganizationSettingsPage>: Enter credits amount 126
INFO     [📘TEST_INFO]:reporting.py:51 ✅ STEP completed: Enter credits amount
INFO     [📘TEST_INFO]:reporting.py:225 📸 Screenshot captured and attached (success): /home/runner/work/apolo-test-automation/apolo-test-automation/reports/screenshots/ui_enter_credits_amount_success_833e65.png
INFO     [📘TEST_INFO]:reporting.py:37 ▶️ STEP started: Click Save button
INFO     [🎭 Playwright]:base_page.py:16 <OrganizationSettingsPage>: Click Save button
INFO     [📘TEST_INFO]:reporting.py:51 ✅ STEP completed: Click Save button
WARNING  [🔧TEST CONFIG]:conftest.py:430 [HTTP 200] PATCH https://api.dev.apolo.us/apis/admin/v1/orgs/regression-org-0vvkcbp1pnix/defaults
Request Body:
<not available>
Response Body (first 1000 chars):
{"name": "regression-org-0vvkcbp1pnix", "balance": {"credits": "500", "spent_credits": "0"}, "user_default_credits": "126", "notification_intervals": {"balance_projection_seconds": [604800, 259200, 86400], "balance_amount": [0], "balance_depletion_seconds": [86400, 604800]}}
INFO     [📘TEST_INFO]:reporting.py:225 📸 Screenshot captured and attached (success): /home/runner/work/apolo-test-automation/apolo-test-automation/reports/screenshots/ui_click_save_button_success_94160f.png
INFO     [📘TEST_INFO]:reporting.py:37 ▶️ STEP started: <<User2>> :: Click the let's do it button on Welcome page
INFO     [🎭 Playwright]:base_page.py:16 <WelcomeNewUserPage>: Click lets do it button
INFO     [📘TEST_INFO]:reporting.py:51 ✅ STEP completed: <<User2>> :: Click the let's do it button on Welcome page
INFO     [📘TEST_INFO]:reporting.py:225 📸 Screenshot captured and attached (success): /home/runner/work/apolo-test-automation/apolo-test-automation/reports/screenshots/ui_click_lets_do_it_button_success_1ec44d.png
INFO     [📘TEST_INFO]:reporting.py:37 ▶️ STEP started: <<User3>> :: Click the let's do it button on Welcome page
INFO     [🎭 Playwright]:base_page.py:16 <WelcomeNewUserPage>: Click lets do it button
INFO     [📘TEST_INFO]:reporting.py:51 ✅ STEP completed: <<User3>> :: Click the let's do it button on Welcome page
INFO     [📘TEST_INFO]:reporting.py:225 📸 Screenshot captured and attached (success): /home/runner/work/apolo-test-automation/apolo-test-automation/reports/screenshots/ui_click_lets_do_it_button_success_fe2ab7.png
INFO     [📘TEST_INFO]:reporting.py:37 ▶️ STEP started: Invite user to organization via UI
INFO     [📘TEST_INFO]:reporting.py:37 ▶️ STEP started: Click User Organization settings button
INFO     [🎭 Playwright]:base_page.py:16 <MainPage>: Click organization settings button
INFO     [📘TEST_INFO]:reporting.py:51 ✅ STEP completed: Click User Organization settings button
INFO     [📘TEST_INFO]:reporting.py:225 📸 Screenshot captured and attached (success): /home/runner/work/apolo-test-automation/apolo-test-automation/reports/screenshots/ui_click_organization_settings_button_success_393c45.png
INFO     [📘TEST_INFO]:reporting.py:37 ▶️ STEP started: Verify that Organization settings pop up displayed
INFO     [🎭 Playwright]:base_page.py:16 <OrganizationSettingsPopup>: Check if page loaded
INFO     [📘TEST_INFO]:reporting.py:51 ✅ STEP completed: Verify that Organization settings pop up displayed
INFO     [📘TEST_INFO]:reporting.py:225 📸 Screenshot captured and attached (success): /home/runner/work/apolo-test-automation/apolo-test-automation/reports/screenshots/verify_ui_popup_displayed_success_ff3f2d.png
INFO     [📘TEST_INFO]:reporting.py:37 ▶️ STEP started: Click People button
INFO     [🎭 Playwright]:base_page.py:16 <OrganizationSettingsPopup>: Click People button
INFO     [🎭 Playwright]:base_page.py:16 <OrganizationSettingsPopup>: Waiting for spinner
INFO     [🎭 Playwright]:base_page.py:16 <OrganizationSettingsPopup>: Waiting for spinner to disappear
WARNING  [🔧TEST CONFIG]:conftest.py:430 [HTTP 200] GET https://api.dev.apolo.us/apis/admin/v1/orgs/regression-org-0vvkcbp1pnix/users/regression-6mca5fse0t
Request Body:
<not available>
Response Body (first 1000 chars):
{"user_name": "regression-6mca5fse0t", "role": "admin", "balance": {"spent_credits": "0"}}
WARNING  [🔧TEST CONFIG]:conftest.py:430 [HTTP 200] GET https://api.dev.apolo.us/apis/admin/v1/invites
Request Body:
<not available>
Response Body (first 1000 chars):
[]
WARNING  [🔧TEST CONFIG]:conftest.py:430 [HTTP 200] GET https://api.dev.apolo.us/apis/admin/v1/orgs/regression-org-0vvkcbp1pnix/users?with_user_info=true
Request Body:
<not available>
Response Body (first 1000 chars):
[{"user_name": "regression-6mca5fse0t", "role": "admin", "balance": {"spent_credits": "0"}, "user_info": {"email": "regression-6mca5fse0t@apolo.us", "first_name": null, "last_name": null, "created_at": "2025-09-27T01:31:25.387141+00:00"}}]
INFO     [📘TEST_INFO]:reporting.py:51 ✅ STEP completed: Click People button
INFO     [📘TEST_INFO]:reporting.py:225 📸 Screenshot captured and attached (success): /home/runner/work/apolo-test-automation/apolo-test-automation/reports/screenshots/ui_click_people_button_success_cdf23e.png
INFO     [📘TEST_INFO]:reporting.py:37 ▶️ STEP started: Verify that Organization people page displayed
INFO     [🎭 Playwright]:base_page.py:16 <OrganizationPeoplePage>: Check if page loaded
INFO     [📘TEST_INFO]:reporting.py:51 ✅ STEP completed: Verify that Organization people page displayed
INFO     [📘TEST_INFO]:reporting.py:225 📸 Screenshot captured and attached (success): /home/runner/work/apolo-test-automation/apolo-test-automation/reports/screenshots/verify_ui_page_displayed_success_d0ce3b.png
INFO     [📘TEST_INFO]:reporting.py:37 ▶️ STEP started: Click Invite people button
INFO     [🎭 Playwright]:base_page.py:16 <OrganizationPeoplePage>: Click Invite people button
INFO     [📘TEST_INFO]:reporting.py:51 ✅ STEP completed: Click Invite people button
INFO     [📘TEST_INFO]:reporting.py:225 📸 Screenshot captured and attached (success): /home/runner/work/apolo-test-automation/apolo-test-automation/reports/screenshots/ui_click_invite_people_button_success_5838bc.png
INFO     [📘TEST_INFO]:reporting.py:37 ▶️ STEP started: Verify that Invite member popup displayed
INFO     [🎭 Playwright]:base_page.py:16 <InviteOrgMemberPopup>: Check if page loaded
INFO     [📘TEST_INFO]:reporting.py:51 ✅ STEP completed: Verify that Invite member popup displayed
INFO     [📘TEST_INFO]:reporting.py:225 📸 Screenshot captured and attached (success): /home/runner/work/apolo-test-automation/apolo-test-automation/reports/screenshots/verify_ui_popup_displayed_success_6e79da.png
INFO     [📘TEST_INFO]:reporting.py:37 ▶️ STEP started: Enter email
INFO     [🎭 Playwright]:base_page.py:16 <InviteOrgMemberPopup>: Enter regression-zu4yw4i018@apolo.us
INFO     [📘TEST_INFO]:reporting.py:51 ✅ STEP completed: Enter email
INFO     [📘TEST_INFO]:reporting.py:225 📸 Screenshot captured and attached (success): /home/runner/work/apolo-test-automation/apolo-test-automation/reports/screenshots/ui_enter_invite_email_success_3a2c22.png
INFO     [📘TEST_INFO]:reporting.py:37 ▶️ STEP started: Select User role in organization
INFO     [🎭 Playwright]:base_page.py:16 <InviteOrgMemberPopup>: Select User role
INFO     [📘TEST_INFO]:reporting.py:51 ✅ STEP completed: Select User role in organization
INFO     [📘TEST_INFO]:reporting.py:225 📸 Screenshot captured and attached (success): /home/runner/work/apolo-test-automation/apolo-test-automation/reports/screenshots/ui_select_user_role_success_c95b00.png
INFO     [📘TEST_INFO]:reporting.py:37 ▶️ STEP started: Verify that Invite user button appeared
INFO     [🎭 Playwright]:base_page.py:16 <InviteOrgMemberPopup>: Check if Invite user regression-zu4yw4i018@apolo.us button displayed
INFO     [📘TEST_INFO]:reporting.py:51 ✅ STEP completed: Verify that Invite user button appeared
INFO     [📘TEST_INFO]:reporting.py:225 📸 Screenshot captured and attached (success): /home/runner/work/apolo-test-automation/apolo-test-automation/reports/screenshots/verify_ui_invite_user_button_displayed_success_f8ff03.png
INFO     [📘TEST_INFO]:reporting.py:37 ▶️ STEP started: Click Invite user button
INFO     [🎭 Playwright]:base_page.py:16 <InviteOrgMemberPopup>: Click Invite user regression-zu4yw4i018@apolo.us
INFO     [📘TEST_INFO]:reporting.py:51 ✅ STEP completed: Click Invite user button
INFO     [📘TEST_INFO]:reporting.py:225 📸 Screenshot captured and attached (success): /home/runner/work/apolo-test-automation/apolo-test-automation/reports/screenshots/ui_click_invite_user_button_success_e0c93d.png
INFO     [📘TEST_INFO]:reporting.py:37 ▶️ STEP started: Click Send invite button
INFO     [🎭 Playwright]:base_page.py:16 <InviteOrgMemberPopup>: Click Send invite button
WARNING  [🔧TEST CONFIG]:conftest.py:430 [HTTP 200] GET https://api.dev.apolo.us/apis/admin/v1/users?lookup=true
Request Body:
<not available>
Response Body (first 1000 chars):
[{"name": "regression-mbobymm206", "email": "regression-mbobymm206@apolo.us"}, {"name": "regression-0mex0aohuq", "email": "regression-0mex0aohuq@apolo.us"}, {"name": "regression-bhdzaiz03o", "email": "regression-bhdzaiz03o@apolo.us"}, {"name": "regression-lty6yyd3l2", "email": "regression-lty6yyd3l2@apolo.us"}, {"name": "ihorsosnovskyie1", "email": "ihor.sosnovskyi+e1@sandbx.co"}, {"name": "regression-gkqg0p0s6q", "email": "regression-gkqg0p0s6q@apolo.us"}, {"name": "regression-5wi1zufj9q", "email": "regression-5wi1zufj9q@apolo.us"}, {"name": "regression-yf6yslw27i", "email": "regression-yf6yslw27i@apolo.us"}, {"name": "regression-7hztlr4240", "email": "regression-7hztlr4240@apolo.us"}, {"name": "regression-d8jvb2a4vr", "email": "regression-d8jvb2a4vr@apolo.us"}, {"name": "regression-k96stzzxw2", "email": "regression-k96stzzxw2@apolo.us"}, {"name": "regression-f45yikn2kc", "email": "regression-f45yikn2kc@apolo.us"}, {"name": "regression-pz4wto7mm9", "email": "regression-pz4wto7mm9@apol
WARNING  [🔧TEST CONFIG]:conftest.py:430 [HTTP 201] POST https://api.dev.apolo.us/apis/admin/v1/invites
Request Body:
<not available>
Response Body (first 1000 chars):
{"email": "regression-zu4yw4i018@apolo.us", "org_name": "regression-org-0vvkcbp1pnix", "status": "pending", "role_name": "user", "created_at": "2025-09-27T03:04:31.811945", "expired_at": "2025-10-04T03:04:31.811945", "id": "ec79645962f64cb592097c64f2d3c796"}
WARNING  [🔧TEST CONFIG]:conftest.py:430 [HTTP 200] GET https://api.dev.apolo.us/apis/admin/v1/invites
Request Body:
<not available>
Response Body (first 1000 chars):
[{"email": "regression-zu4yw4i018@apolo.us", "org_name": "regression-org-0vvkcbp1pnix", "status": "pending", "role_name": "user", "created_at": "2025-09-27T03:04:31.811945+00:00", "expired_at": "2025-10-04T03:04:31.811945+00:00", "id": "ec79645962f64cb592097c64f2d3c796"}]
INFO     [📘TEST_INFO]:reporting.py:51 ✅ STEP completed: Click Send invite button
INFO     [📘TEST_INFO]:reporting.py:225 📸 Screenshot captured and attached (success): /home/runner/work/apolo-test-automation/apolo-test-automation/reports/screenshots/ui_click_send_invite_button_success_8fe77c.png
INFO     [📘TEST_INFO]:reporting.py:37 ▶️ STEP started: Wait for Invite organization member popup to disappear
INFO     [🎭 Playwright]:base_page.py:16 <InviteOrgMemberPopup>: Wait for Invite organization member popup to disappear
INFO     [📘TEST_INFO]:reporting.py:51 ✅ STEP completed: Wait for Invite organization member popup to disappear
INFO     [📘TEST_INFO]:reporting.py:225 📸 Screenshot captured and attached (success): /home/runner/work/apolo-test-automation/apolo-test-automation/reports/screenshots/ui_wait_to_disappear_success_54ece1.png
INFO     [📘TEST_INFO]:reporting.py:51 ✅ STEP completed: Invite user to organization via UI
INFO     [📘TEST_INFO]:reporting.py:225 📸 Screenshot captured and attached (success): /home/runner/work/apolo-test-automation/apolo-test-automation/reports/screenshots/ui_invite_user_to_org_success_d88128.png
INFO     [📘TEST_INFO]:reporting.py:37 ▶️ STEP started: Invite user to organization via UI
INFO     [📘TEST_INFO]:reporting.py:37 ▶️ STEP started: Click User Organization settings button
INFO     [🎭 Playwright]:base_page.py:16 <MainPage>: Click organization settings button
INFO     [📘TEST_INFO]:reporting.py:51 ✅ STEP completed: Click User Organization settings button
INFO     [📘TEST_INFO]:reporting.py:225 📸 Screenshot captured and attached (success): /home/runner/work/apolo-test-automation/apolo-test-automation/reports/screenshots/ui_click_organization_settings_button_success_607846.png
INFO     [📘TEST_INFO]:reporting.py:37 ▶️ STEP started: Verify that Organization settings pop up displayed
INFO     [🎭 Playwright]:base_page.py:16 <OrganizationSettingsPopup>: Check if page loaded
INFO     [📘TEST_INFO]:reporting.py:51 ✅ STEP completed: Verify that Organization settings pop up displayed
INFO     [📘TEST_INFO]:reporting.py:225 📸 Screenshot captured and attached (success): /home/runner/work/apolo-test-automation/apolo-test-automation/reports/screenshots/verify_ui_popup_displayed_success_acf3ff.png
INFO     [📘TEST_INFO]:reporting.py:37 ▶️ STEP started: Click People button
INFO     [🎭 Playwright]:base_page.py:16 <OrganizationSettingsPopup>: Click People button
INFO     [🎭 Playwright]:base_page.py:16 <OrganizationSettingsPopup>: Waiting for spinner
INFO     [🎭 Playwright]:base_page.py:16 <OrganizationSettingsPopup>: Timeout error for spinner
INFO     [📘TEST_INFO]:reporting.py:51 ✅ STEP completed: Click People button
INFO     [📘TEST_INFO]:reporting.py:225 📸 Screenshot captured and attached (success): /home/runner/work/apolo-test-automation/apolo-test-automation/reports/screenshots/ui_click_people_button_success_3fc1bf.png
INFO     [📘TEST_INFO]:reporting.py:37 ▶️ STEP started: Verify that Organization people page displayed
INFO     [🎭 Playwright]:base_page.py:16 <OrganizationPeoplePage>: Check if page loaded
INFO     [📘TEST_INFO]:reporting.py:51 ✅ STEP completed: Verify that Organization people page displayed
INFO     [📘TEST_INFO]:reporting.py:225 📸 Screenshot captured and attached (success): /home/runner/work/apolo-test-automation/apolo-test-automation/reports/screenshots/verify_ui_page_displayed_success_445e71.png
INFO     [📘TEST_INFO]:reporting.py:37 ▶️ STEP started: Click Invite people button
INFO     [🎭 Playwright]:base_page.py:16 <OrganizationPeoplePage>: Click Invite people button
INFO     [📘TEST_INFO]:reporting.py:51 ✅ STEP completed: Click Invite people button
INFO     [📘TEST_INFO]:reporting.py:225 📸 Screenshot captured and attached (success): /home/runner/work/apolo-test-automation/apolo-test-automation/reports/screenshots/ui_click_invite_people_button_success_603ee4.png
INFO     [📘TEST_INFO]:reporting.py:37 ▶️ STEP started: Verify that Invite member popup displayed
INFO     [🎭 Playwright]:base_page.py:16 <InviteOrgMemberPopup>: Check if page loaded
INFO     [📘TEST_INFO]:reporting.py:51 ✅ STEP completed: Verify that Invite member popup displayed
INFO     [📘TEST_INFO]:reporting.py:225 📸 Screenshot captured and attached (success): /home/runner/work/apolo-test-automation/apolo-test-automation/reports/screenshots/verify_ui_popup_displayed_success_32a123.png
INFO     [📘TEST_INFO]:reporting.py:37 ▶️ STEP started: Enter email
INFO     [🎭 Playwright]:base_page.py:16 <InviteOrgMemberPopup>: Enter regression-6o1k484xah@apolo.us
INFO     [📘TEST_INFO]:reporting.py:51 ✅ STEP completed: Enter email
INFO     [📘TEST_INFO]:reporting.py:225 📸 Screenshot captured and attached (success): /home/runner/work/apolo-test-automation/apolo-test-automation/reports/screenshots/ui_enter_invite_email_success_d1cbbd.png
INFO     [📘TEST_INFO]:reporting.py:37 ▶️ STEP started: Select User role in organization
INFO     [🎭 Playwright]:base_page.py:16 <InviteOrgMemberPopup>: Select User role
INFO     [📘TEST_INFO]:reporting.py:51 ✅ STEP completed: Select User role in organization
INFO     [📘TEST_INFO]:reporting.py:225 📸 Screenshot captured and attached (success): /home/runner/work/apolo-test-automation/apolo-test-automation/reports/screenshots/ui_select_user_role_success_49a4b6.png
INFO     [📘TEST_INFO]:reporting.py:37 ▶️ STEP started: Verify that Invite user button appeared
INFO     [🎭 Playwright]:base_page.py:16 <InviteOrgMemberPopup>: Check if Invite user regression-6o1k484xah@apolo.us button displayed
INFO     [📘TEST_INFO]:reporting.py:51 ✅ STEP completed: Verify that Invite user button appeared
INFO     [📘TEST_INFO]:reporting.py:225 📸 Screenshot captured and attached (success): /home/runner/work/apolo-test-automation/apolo-test-automation/reports/screenshots/verify_ui_invite_user_button_displayed_success_add23d.png
INFO     [📘TEST_INFO]:reporting.py:37 ▶️ STEP started: Click Invite user button
INFO     [🎭 Playwright]:base_page.py:16 <InviteOrgMemberPopup>: Click Invite user regression-6o1k484xah@apolo.us
INFO     [📘TEST_INFO]:reporting.py:51 ✅ STEP completed: Click Invite user button
INFO     [📘TEST_INFO]:reporting.py:225 📸 Screenshot captured and attached (success): /home/runner/work/apolo-test-automation/apolo-test-automation/reports/screenshots/ui_click_invite_user_button_success_172686.png
INFO     [📘TEST_INFO]:reporting.py:37 ▶️ STEP started: Click Send invite button
INFO     [🎭 Playwright]:base_page.py:16 <InviteOrgMemberPopup>: Click Send invite button
WARNING  [🔧TEST CONFIG]:conftest.py:430 [HTTP 200] GET https://api.dev.apolo.us/apis/admin/v1/users?lookup=true
Request Body:
<not available>
Response Body (first 1000 chars):
[{"name": "regression-mbobymm206", "email": "regression-mbobymm206@apolo.us"}, {"name": "regression-0mex0aohuq", "email": "regression-0mex0aohuq@apolo.us"}, {"name": "regression-bhdzaiz03o", "email": "regression-bhdzaiz03o@apolo.us"}, {"name": "regression-lty6yyd3l2", "email": "regression-lty6yyd3l2@apolo.us"}, {"name": "ihorsosnovskyie1", "email": "ihor.sosnovskyi+e1@sandbx.co"}, {"name": "regression-gkqg0p0s6q", "email": "regression-gkqg0p0s6q@apolo.us"}, {"name": "regression-5wi1zufj9q", "email": "regression-5wi1zufj9q@apolo.us"}, {"name": "regression-yf6yslw27i", "email": "regression-yf6yslw27i@apolo.us"}, {"name": "regression-7hztlr4240", "email": "regression-7hztlr4240@apolo.us"}, {"name": "regression-d8jvb2a4vr", "email": "regression-d8jvb2a4vr@apolo.us"}, {"name": "regression-k96stzzxw2", "email": "regression-k96stzzxw2@apolo.us"}, {"name": "regression-f45yikn2kc", "email": "regression-f45yikn2kc@apolo.us"}, {"name": "regression-pz4wto7mm9", "email": "regression-pz4wto7mm9@apol
WARNING  [🔧TEST CONFIG]:conftest.py:430 [HTTP 201] POST https://api.dev.apolo.us/apis/admin/v1/invites
Request Body:
<not available>
Response Body (first 1000 chars):
{"email": "regression-6o1k484xah@apolo.us", "org_name": "regression-org-0vvkcbp1pnix", "status": "pending", "role_name": "user", "created_at": "2025-09-27T03:04:51.700060", "expired_at": "2025-10-04T03:04:51.700060", "id": "efdeea366c1342bdacd05f46e725bbc3"}
WARNING  [🔧TEST CONFIG]:conftest.py:430 [HTTP 200] GET https://api.dev.apolo.us/apis/admin/v1/invites
Request Body:
<not available>
Response Body (first 1000 chars):
[{"email": "regression-zu4yw4i018@apolo.us", "org_name": "regression-org-0vvkcbp1pnix", "status": "pending", "role_name": "user", "created_at": "2025-09-27T03:04:31.811945+00:00", "expired_at": "2025-10-04T03:04:31.811945+00:00", "id": "ec79645962f64cb592097c64f2d3c796"}, {"email": "regression-6o1k484xah@apolo.us", "org_name": "regression-org-0vvkcbp1pnix", "status": "pending", "role_name": "user", "created_at": "2025-09-27T03:04:51.700060+00:00", "expired_at": "2025-10-04T03:04:51.700060+00:00", "id": "efdeea366c1342bdacd05f46e725bbc3"}]
INFO     [📘TEST_INFO]:reporting.py:51 ✅ STEP completed: Click Send invite button
INFO     [📘TEST_INFO]:reporting.py:225 📸 Screenshot captured and attached (success): /home/runner/work/apolo-test-automation/apolo-test-automation/reports/screenshots/ui_click_send_invite_button_success_68cabe.png
INFO     [📘TEST_INFO]:reporting.py:37 ▶️ STEP started: Wait for Invite organization member popup to disappear
INFO     [🎭 Playwright]:base_page.py:16 <InviteOrgMemberPopup>: Wait for Invite organization member popup to disappear
INFO     [📘TEST_INFO]:reporting.py:51 ✅ STEP completed: Wait for Invite organization member popup to disappear
INFO     [📘TEST_INFO]:reporting.py:225 📸 Screenshot captured and attached (success): /home/runner/work/apolo-test-automation/apolo-test-automation/reports/screenshots/ui_wait_to_disappear_success_561187.png
INFO     [📘TEST_INFO]:reporting.py:51 ✅ STEP completed: Invite user to organization via UI
INFO     [📘TEST_INFO]:reporting.py:225 📸 Screenshot captured and attached (success): /home/runner/work/apolo-test-automation/apolo-test-automation/reports/screenshots/ui_invite_user_to_org_success_99e9f3.png
INFO     [📘TEST_INFO]:reporting.py:37 ▶️ STEP started: <<User2>> :: Reload page
WARNING  [🔧TEST CONFIG]:conftest.py:430 [HTTP 200] GET https://api.dev.apolo.us/api/v1/config
Request Body:
<not available>
Response Body (first 1000 chars):
{"authorized": true, "orgs": [], "clusters": [], "projects": [], "admin_url": "https://api.dev.apolo.us/apis/admin/v1", "auth_url": "https://auth.dev.apolo.us/authorize", "token_url": "https://auth.dev.apolo.us/oauth/token", "logout_url": "https://auth.dev.apolo.us/v2/logout?returnTo=https://console.dev.apolo.us", "client_id": "q3I0OzzGnTDkhRmpeJ7WWgaTCucmVxTL", "audience": "https://api.dev.apolo.us", "callback_urls": ["http://127.0.0.1:54540", "http://127.0.0.1:54541", "http://127.0.0.1:54542"], "headless_callback_url": "https://api.dev.apolo.us/oauth/show-code", "success_redirect_url": "https://api.dev.apolo.us/oauth/login"}
WARNING  [🔧TEST CONFIG]:conftest.py:430 [HTTP 200] GET https://api.dev.apolo.us/api/v1/users/regression-zu4yw4i018/permissions?uri=blob:
Request Body:
<not available>
Response Body (first 1000 chars):
[]
WARNING  [🔧TEST CONFIG]:conftest.py:430 [HTTP 200] GET https://api.dev.apolo.us/apis/admin/v1/invites/incoming
Request Body:
<not available>
Response Body (first 1000 chars):
[{"email": "regression-zu4yw4i018@apolo.us", "org_name": "regression-org-0vvkcbp1pnix", "status": "pending", "role_name": "user", "created_at": "2025-09-27T03:04:31.811945+00:00", "expired_at": "2025-10-04T03:04:31.811945+00:00", "id": "ec79645962f64cb592097c64f2d3c796"}]
WARNING  [🔧TEST CONFIG]:conftest.py:430 [HTTP 200] GET https://api.dev.apolo.us/apis/admin/v1/users/regression-zu4yw4i018?include=orgs
Request Body:
<not available>
Response Body (first 1000 chars):
{"name": "regression-zu4yw4i018", "email": "regression-zu4yw4i018@apolo.us", "first_name": null, "last_name": null, "created_at": "2025-09-27T01:33:34.667284+00:00", "terms_accepted": true, "orgs": []}
WARNING  [🔧TEST CONFIG]:conftest.py:430 [HTTP 200] GET https://api.dev.apolo.us/apis/admin/v1/users/regression-zu4yw4i018?include=clusters&include=system_role
Request Body:
<not available>
Response Body (first 1000 chars):
{"name": "regression-zu4yw4i018", "email": "regression-zu4yw4i018@apolo.us", "first_name": null, "last_name": null, "created_at": "2025-09-27T01:33:34.667284+00:00", "terms_accepted": true, "clusters": []}
INFO     [🎭 Playwright]:base_page.py:16 <MainPage>: Waiting for spinner
INFO     [🎭 Playwright]:base_page.py:16 <MainPage>: Timeout error for spinner
INFO     [📘TEST_INFO]:reporting.py:51 ✅ STEP completed: <<User2>> :: Reload page
INFO     [📘TEST_INFO]:reporting.py:225 📸 Screenshot captured and attached (success): /home/runner/work/apolo-test-automation/apolo-test-automation/reports/screenshots/ui_reload_page_success_7d2b82.png
INFO     [📘TEST_INFO]:reporting.py:37 ▶️ STEP started: <<User2>> :: Verify that Invited to organization page displayed
INFO     [🎭 Playwright]:base_page.py:16 <InvitedToOrgPage>: Check if page loaded
INFO     [📘TEST_INFO]:reporting.py:51 ✅ STEP completed: <<User2>> :: Verify that Invited to organization page displayed
INFO     [📘TEST_INFO]:reporting.py:225 📸 Screenshot captured and attached (success): /home/runner/work/apolo-test-automation/apolo-test-automation/reports/screenshots/verify_ui_page_displayed_success_6e2574.png
INFO     [📘TEST_INFO]:reporting.py:37 ▶️ STEP started: <<User2>> :: Click Accept and Go button
INFO     [🎭 Playwright]:base_page.py:16 <InvitedToOrgPage>: Click accept and Go button
WARNING  [🔧TEST CONFIG]:conftest.py:430 [HTTP 204] POST https://api.dev.apolo.us/apis/admin/v1/invites/ec79645962f64cb592097c64f2d3c796/accept
Request Body:
<not available>
Response Body (first 1000 chars):

WARNING  [🔧TEST CONFIG]:conftest.py:430 [HTTP 200] GET https://api.dev.apolo.us/api/v1/config
Request Body:
<not available>
Response Body (first 1000 chars):
{"authorized": true, "orgs": [{"name": "regression-org-0vvkcbp1pnix", "role": "user"}], "clusters": [{"name": "default", "registry_url": "https://registry.api.dev.apolo.us", "storage_url": "https://api.dev.apolo.us/api/v1/storage", "monitoring_url": "https://monitoring.api.dev.apolo.us/api/v1/jobs", "secrets_url": "https://api.dev.apolo.us/api/v1/secrets", "metrics_url": "https://grafana.dev.apolo.us", "disks_url": "https://api.dev.apolo.us/api/v1/disk", "buckets_url": "https://api.dev.apolo.us/api/v1/buckets", "resource_pool_types": [{"name": "a2-highgpu-1g", "min_size": 0, "max_size": 10, "cpu": 12.0, "available_cpu": 11.101, "memory": 89629032448, "available_memory": 80898240256, "disk_size": 523982073856, "available_disk_size": 364209683290, "nvidia_gpu": {"count": 1, "model": "NVIDIA-A100-SXM4-40GB", "memory": 42949672960}}, {"name": "a2-highgpu-2g", "min_size": 0, "max_size": 3, "cpu": 24.0, "available_cpu": 23.73, "memory": 179367243776, "available_memory": 168094003200, "disk_s
INFO     [🎭 Playwright]:base_page.py:16 <InvitedToOrgPage>: Wait for network idle
INFO     [🎭 Playwright]:base_page.py:16 <InvitedToOrgPage>: Network idle done
WARNING  [🔧TEST CONFIG]:conftest.py:430 [HTTP 200] GET https://api.dev.apolo.us/api/v1/config
Request Body:
<not available>
Response Body (first 1000 chars):
{"authorized": true, "orgs": [{"name": "regression-org-0vvkcbp1pnix", "role": "user"}], "clusters": [{"name": "default", "registry_url": "https://registry.api.dev.apolo.us", "storage_url": "https://api.dev.apolo.us/api/v1/storage", "monitoring_url": "https://monitoring.api.dev.apolo.us/api/v1/jobs", "secrets_url": "https://api.dev.apolo.us/api/v1/secrets", "metrics_url": "https://grafana.dev.apolo.us", "disks_url": "https://api.dev.apolo.us/api/v1/disk", "buckets_url": "https://api.dev.apolo.us/api/v1/buckets", "resource_pool_types": [{"name": "a2-highgpu-1g", "min_size": 0, "max_size": 10, "cpu": 12.0, "available_cpu": 11.101, "memory": 89629032448, "available_memory": 80898240256, "disk_size": 523982073856, "available_disk_size": 364209683290, "nvidia_gpu": {"count": 1, "model": "NVIDIA-A100-SXM4-40GB", "memory": 42949672960}}, {"name": "a2-highgpu-2g", "min_size": 0, "max_size": 3, "cpu": 24.0, "available_cpu": 23.73, "memory": 179367243776, "available_memory": 168094003200, "disk_s
WARNING  [🔧TEST CONFIG]:conftest.py:430 [HTTP 200] GET https://api.dev.apolo.us/api/v1/users/regression-zu4yw4i018/permissions?uri=blob:
Request Body:
<not available>
Response Body (first 1000 chars):
[]
INFO     [🎭 Playwright]:base_page.py:16 <InvitedToOrgPage>: Waiting for spinner
WARNING  [🔧TEST CONFIG]:conftest.py:430 [HTTP 200] GET https://api.dev.apolo.us/apis/admin/v1/invites/incoming
Request Body:
<not available>
Response Body (first 1000 chars):
[]
INFO     [🎭 Playwright]:base_page.py:16 <InvitedToOrgPage>: Waiting for spinner to disappear
WARNING  [🔧TEST CONFIG]:conftest.py:430 [HTTP 200] GET https://api.dev.apolo.us/apis/admin/v1/orgs/regression-org-0vvkcbp1pnix
Request Body:
<not available>
Response Body (first 1000 chars):
{"name": "regression-org-0vvkcbp1pnix", "balance": {"credits": "500", "spent_credits": "0"}, "user_default_credits": "126", "notification_intervals": {"balance_projection_seconds": [604800, 259200, 86400], "balance_amount": [0], "balance_depletion_seconds": [86400, 604800]}}
WARNING  [🔧TEST CONFIG]:conftest.py:430 [HTTP 200] GET https://api.dev.apolo.us/apis/admin/v1/users/regression-zu4yw4i018?include=orgs
Request Body:
<not available>
Response Body (first 1000 chars):
{"name": "regression-zu4yw4i018", "email": "regression-zu4yw4i018@apolo.us", "first_name": null, "last_name": null, "created_at": "2025-09-27T01:33:34.667284+00:00", "terms_accepted": true, "orgs": [{"org_name": "regression-org-0vvkcbp1pnix", "role": "user", "balance": {"credits": "126", "spent_credits": "0"}}]}
WARNING  [🔧TEST CONFIG]:conftest.py:430 [HTTP 200] GET https://api.dev.apolo.us/apis/admin/v1/users/regression-zu4yw4i018?include=clusters&include=system_role
Request Body:
<not available>
Response Body (first 1000 chars):
{"name": "regression-zu4yw4i018", "email": "regression-zu4yw4i018@apolo.us", "first_name": null, "last_name": null, "created_at": "2025-09-27T01:33:34.667284+00:00", "terms_accepted": true, "clusters": [{"cluster_name": "default", "role": "user", "org_name": "regression-org-0vvkcbp1pnix", "balance": {"spent_credits": "0"}}]}
INFO     [📘TEST_INFO]:reporting.py:51 ✅ STEP completed: <<User2>> :: Click Accept and Go button
INFO     [📘TEST_INFO]:reporting.py:225 📸 Screenshot captured and attached (success): /home/runner/work/apolo-test-automation/apolo-test-automation/reports/screenshots/ui_click_accept_and_go_button_success_2e3ef7.png
INFO     [📘TEST_INFO]:reporting.py:37 ▶️ STEP started: <<User2>> :: Verify project creation message is displayed
INFO     [🎭 Playwright]:base_page.py:16 <MainPage>: Check if create project text field displayed
INFO     [📘TEST_INFO]:reporting.py:51 ✅ STEP completed: <<User2>> :: Verify project creation message is displayed
INFO     [📘TEST_INFO]:reporting.py:225 📸 Screenshot captured and attached (success): /home/runner/work/apolo-test-automation/apolo-test-automation/reports/screenshots/verify_ui_create_project_message_displayed_success_b7dd45.png
INFO     [📘TEST_INFO]:reporting.py:37 ▶️ STEP started: <<User3>> :: Reload page
WARNING  [🔧TEST CONFIG]:conftest.py:430 [HTTP 200] GET https://api.dev.apolo.us/api/v1/config
Request Body:
<not available>
Response Body (first 1000 chars):
{"authorized": true, "orgs": [], "clusters": [], "projects": [], "admin_url": "https://api.dev.apolo.us/apis/admin/v1", "auth_url": "https://auth.dev.apolo.us/authorize", "token_url": "https://auth.dev.apolo.us/oauth/token", "logout_url": "https://auth.dev.apolo.us/v2/logout?returnTo=https://console.dev.apolo.us", "client_id": "q3I0OzzGnTDkhRmpeJ7WWgaTCucmVxTL", "audience": "https://api.dev.apolo.us", "callback_urls": ["http://127.0.0.1:54540", "http://127.0.0.1:54541", "http://127.0.0.1:54542"], "headless_callback_url": "https://api.dev.apolo.us/oauth/show-code", "success_redirect_url": "https://api.dev.apolo.us/oauth/login"}
WARNING  [🔧TEST CONFIG]:conftest.py:430 [HTTP 200] GET https://api.dev.apolo.us/api/v1/users/regression-6o1k484xah/permissions?uri=blob:
Request Body:
<not available>
Response Body (first 1000 chars):
[]
WARNING  [🔧TEST CONFIG]:conftest.py:430 [HTTP 200] GET https://api.dev.apolo.us/apis/admin/v1/invites/incoming
Request Body:
<not available>
Response Body (first 1000 chars):
[{"email": "regression-6o1k484xah@apolo.us", "org_name": "regression-org-0vvkcbp1pnix", "status": "pending", "role_name": "user", "created_at": "2025-09-27T03:04:51.700060+00:00", "expired_at": "2025-10-04T03:04:51.700060+00:00", "id": "efdeea366c1342bdacd05f46e725bbc3"}]
WARNING  [🔧TEST CONFIG]:conftest.py:430 [HTTP 200] GET https://api.dev.apolo.us/apis/admin/v1/users/regression-6o1k484xah?include=orgs
Request Body:
<not available>
Response Body (first 1000 chars):
{"name": "regression-6o1k484xah", "email": "regression-6o1k484xah@apolo.us", "first_name": null, "last_name": null, "created_at": "2025-09-27T01:45:18.602308+00:00", "terms_accepted": true, "orgs": []}
WARNING  [🔧TEST CONFIG]:conftest.py:430 [HTTP 200] GET https://api.dev.apolo.us/apis/admin/v1/users/regression-6o1k484xah?include=clusters&include=system_role
Request Body:
<not available>
Response Body (first 1000 chars):
{"name": "regression-6o1k484xah", "email": "regression-6o1k484xah@apolo.us", "first_name": null, "last_name": null, "created_at": "2025-09-27T01:45:18.602308+00:00", "terms_accepted": true, "clusters": []}
INFO     [🎭 Playwright]:base_page.py:16 <MainPage>: Waiting for spinner
INFO     [🎭 Playwright]:base_page.py:16 <MainPage>: Timeout error for spinner
INFO     [📘TEST_INFO]:reporting.py:51 ✅ STEP completed: <<User3>> :: Reload page
INFO     [📘TEST_INFO]:reporting.py:225 📸 Screenshot captured and attached (success): /home/runner/work/apolo-test-automation/apolo-test-automation/reports/screenshots/ui_reload_page_success_87ca72.png
INFO     [📘TEST_INFO]:reporting.py:37 ▶️ STEP started: <<User3>> :: Verify that Invited to organization page displayed
INFO     [🎭 Playwright]:base_page.py:16 <InvitedToOrgPage>: Check if page loaded
INFO     [📘TEST_INFO]:reporting.py:51 ✅ STEP completed: <<User3>> :: Verify that Invited to organization page displayed
INFO     [📘TEST_INFO]:reporting.py:225 📸 Screenshot captured and attached (success): /home/runner/work/apolo-test-automation/apolo-test-automation/reports/screenshots/verify_ui_page_displayed_success_3b2186.png
INFO     [📘TEST_INFO]:reporting.py:37 ▶️ STEP started: <<User3>> :: Click Accept and Go button
INFO     [🎭 Playwright]:base_page.py:16 <InvitedToOrgPage>: Click accept and Go button
INFO     [🎭 Playwright]:base_page.py:16 <InvitedToOrgPage>: Wait for network idle
INFO     [🎭 Playwright]:base_page.py:16 <InvitedToOrgPage>: Network idle done
INFO     [🎭 Playwright]:base_page.py:16 <InvitedToOrgPage>: Waiting for spinner
WARNING  [🔧TEST CONFIG]:conftest.py:430 [HTTP 200] GET https://api.dev.apolo.us/api/v1/config
Request Body:
<not available>
Response Body (first 1000 chars):
{"authorized": true, "orgs": [], "clusters": [], "projects": [], "admin_url": "https://api.dev.apolo.us/apis/admin/v1", "auth_url": "https://auth.dev.apolo.us/authorize", "token_url": "https://auth.dev.apolo.us/oauth/token", "logout_url": "https://auth.dev.apolo.us/v2/logout?returnTo=https://console.dev.apolo.us", "client_id": "q3I0OzzGnTDkhRmpeJ7WWgaTCucmVxTL", "audience": "https://api.dev.apolo.us", "callback_urls": ["http://127.0.0.1:54540", "http://127.0.0.1:54541", "http://127.0.0.1:54542"], "headless_callback_url": "https://api.dev.apolo.us/oauth/show-code", "success_redirect_url": "https://api.dev.apolo.us/oauth/login"}
INFO     [🎭 Playwright]:base_page.py:16 <InvitedToOrgPage>: Waiting for spinner to disappear
WARNING  [🔧TEST CONFIG]:conftest.py:430 [HTTP 200] GET https://api.dev.apolo.us/api/v1/users/regression-6o1k484xah/permissions?uri=blob:
Request Body:
<not available>
Response Body (first 1000 chars):
[]
WARNING  [🔧TEST CONFIG]:conftest.py:430 [HTTP 200] GET https://api.dev.apolo.us/apis/admin/v1/users/regression-6o1k484xah?include=orgs
Request Body:
<not available>
Response Body (first 1000 chars):
{"name": "regression-6o1k484xah", "email": "regression-6o1k484xah@apolo.us", "first_name": null, "last_name": null, "created_at": "2025-09-27T01:45:18.602308+00:00", "terms_accepted": true, "orgs": [{"org_name": "regression-org-0vvkcbp1pnix", "role": "user", "balance": {"credits": "126", "spent_credits": "0"}}]}
WARNING  [🔧TEST CONFIG]:conftest.py:430 [HTTP 200] GET https://api.dev.apolo.us/apis/admin/v1/invites/incoming
Request Body:
<not available>
Response Body (first 1000 chars):
[]
WARNING  [🔧TEST CONFIG]:conftest.py:430 [HTTP 200] GET https://api.dev.apolo.us/apis/admin/v1/users/regression-6o1k484xah?include=clusters&include=system_role
Request Body:
<not available>
Response Body (first 1000 chars):
{"name": "regression-6o1k484xah", "email": "regression-6o1k484xah@apolo.us", "first_name": null, "last_name": null, "created_at": "2025-09-27T01:45:18.602308+00:00", "terms_accepted": true, "clusters": [{"cluster_name": "default", "role": "user", "org_name": "regression-org-0vvkcbp1pnix", "balance": {"spent_credits": "0"}}]}
INFO     [📘TEST_INFO]:reporting.py:51 ✅ STEP completed: <<User3>> :: Click Accept and Go button
INFO     [📘TEST_INFO]:reporting.py:225 📸 Screenshot captured and attached (success): /home/runner/work/apolo-test-automation/apolo-test-automation/reports/screenshots/ui_click_accept_and_go_button_success_6a3628.png
INFO     [📘TEST_INFO]:reporting.py:37 ▶️ STEP started: <<User3>> :: Verify project creation message is displayed
INFO     [🎭 Playwright]:base_page.py:16 <MainPage>: Check if create project text field displayed
ERROR    [📘TEST_INFO]:reporting.py:56 ❌ STEP failed: <<User3>> :: Verify project creation message is displayed
INFO     [📘TEST_INFO]:reporting.py:225 📸 Screenshot captured and attached (fail): /home/runner/work/apolo-test-automation/apolo-test-automation/reports/screenshots/verify_ui_create_project_message_displayed_fail_bc0335.png
ERROR    [📘TEST_INFO]:reporting.py:95 ❌ TEST failed: Search Member of organization via UI
Exception: [AssertionError] during step: <<User3>> :: Verify project creation message is displayed
Message: Organization regression-org-0vvkcbp1pnix does not have a project creation message
INFO     [📘TEST_INFO]:reporting.py:98 ------------------------------------------------------------
INFO     [🌐API_helper]:api_helper.py:54 GET https://api.dev.apolo.us/apis/admin/v1/orgs
INFO     [🌐API_helper]:api_helper.py:175 Status: 200. Response: [{'name': 'regression-org-0vvkcbp1pnix', 'balance': {'credits': '500', 'spent_credits': '0'}, 'user_default_credits': '126', 'notification_intervals': {'balance_projection_seconds': [604800, 259200, 86400], 'balance_amount': [0], 'balance_depletion_seconds': [86400, 604800]}}]
INFO     [🔧TEST CONFIG]:conftest.py:291 Cleaning up 1 organisations
INFO     [🌐API_helper]:api_helper.py:54 GET https://api.dev.apolo.us/apis/admin/v1/clusters/default/orgs/regression-org-0vvkcbp1pnix/projects
INFO     [🌐API_helper]:api_helper.py:182 Status: 200. Response: []
INFO     [🔧TEST CONFIG]:conftest.py:308 Cleaning up 0 projects
INFO     [🌐API_helper]:api_helper.py:189 Delete organization response: <ClientResponse(https://api.dev.apolo.us/apis/admin/v1/orgs/regression-org-0vvkcbp1pnix) [200 OK]>
<CIMultiDictProxy('Access-Control-Allow-Credentials': 'true', 'Content-Length': '275', 'Content-Type': 'application/json; charset=utf-8', 'Date': 'Sat, 27 Sep 2025 03:05:29 GMT', 'Server': 'Python/3.13 aiohttp/3.12.15', 'Vary': 'Origin', 'x-service-version': 'platform-admin/0.0.0.post1.dev0+4cdab15', 'Via': '1.1 google', 'Alt-Svc': 'h3=":443"; ma=2592000,h3-29=":443"; ma=2592000')>

INFO     [🔧TEST CONFIG]:conftest.py:326 Removed organisation: regression-org-0vvkcbp1pnix
INFO     [🔧TEST CONFIG]:conftest.py:331 Closing all browser sessions
INFO     [🔧TEST CONFIG]:conftest.py:337 Stopped Playwright
WARNING  [🔧TEST CONFIG]:conftest.py:347 Failed to close context: BrowserContext.close: Target page, context or browser has been closed
INFO     [🔧TEST CONFIG]:conftest.py:352 Closed browser (post-stop)
INFO     [🔧TEST CONFIG]:conftest.py:337 Stopped Playwright
WARNING  [🔧TEST CONFIG]:conftest.py:347 Failed to close context: BrowserContext.close: Target page, context or browser has been closed
INFO     [🔧TEST CONFIG]:conftest.py:352 Closed browser (post-stop)
INFO     [🔧TEST CONFIG]:conftest.py:337 Stopped Playwright
WARNING  [🔧TEST CONFIG]:conftest.py:347 Failed to close context: BrowserContext.close: Target page, context or browser has been closed
INFO     [🔧TEST CONFIG]:conftest.py:352 Closed browser (post-stop)
INFO     [🔧TEST CONFIG]:conftest.py:357 Browser cleanup finished