INFO     [🔧TEST CONFIG]:conftest.py:87 Loading test configuration
INFO     [🔧TEST CONFIG]:conftest.py:396 Navigating to: https://console.dev.apolo.us/
WARNING  [🔧TEST CONFIG]:conftest.py:438 [HTTP 200] GET https://api.dev.apolo.us/api/v1/config
Request Body (first 2000 chars):
<not available>
Response Body (first 2000 chars):
{"authorized": false, "auth_url": "https://auth.dev.apolo.us/authorize", "token_url": "https://auth.dev.apolo.us/oauth/token", "logout_url": "https://auth.dev.apolo.us/v2/logout?returnTo=https://console.dev.apolo.us", "client_id": "q3I0OzzGnTDkhRmpeJ7WWgaTCucmVxTL", "audience": "https://api.dev.apolo.us", "callback_urls": ["http://127.0.0.1:54540", "http://127.0.0.1:54541", "http://127.0.0.1:54542"], "headless_callback_url": "https://api.dev.apolo.us/oauth/show-code", "success_redirect_url": "https://api.dev.apolo.us/oauth/login"}
INFO     [🔧TEST CONFIG]:conftest.py:93 Creating data manager
INFO     [🔧TEST CONFIG]:conftest.py:123 Creating users manager
INFO     [🔧TEST CONFIG]:conftest.py:109 Creating API helper
INFO     [🔧TEST CONFIG]:conftest.py:117 Creating Apolo CLI instance
INFO     [👤UsersManager]:users_manager.py:73 Setting main user to UserData(email='regression-67p1t5y1i1@apolo.us', username='regression-67p1t5y1i1', password='@T*wc2Y&l#Yf')
INFO     [👤UsersManager]:users_manager.py:82 Setting second user to UserData(email='regression-r0yjo40ra8@apolo.us', username='regression-r0yjo40ra8', password='r%ucui*9sy$S')
INFO     [👤UsersManager]:users_manager.py:91 Setting third user to None
INFO     [📘TEST_INFO]:reporting.py:86 ------------------------------------------------------------
INFO     [📘TEST_INFO]:reporting.py:87 📝 TEST started: Export Service Deployment app config via UI
INFO     [📘TEST_INFO]:reporting.py:88 ------------------------------------------------------------
INFO     [📘TEST_INFO]:reporting.py:37 ▶️ STEP started: Login via UI
INFO     [📘TEST_INFO]:reporting.py:37 ▶️ STEP started: Click login button
INFO     [🎭 Playwright]:base_page.py:16 <AuthPage>: Click log in button
INFO     [📘TEST_INFO]:reporting.py:51 ✅ STEP completed: Click login button
INFO     [📘TEST_INFO]:reporting.py:225 📸 Screenshot captured and attached (success): /home/runner/work/apolo-test-automation/apolo-test-automation/reports/screenshots/ui_click_login_button_success_65d3ad.png
INFO     [📘TEST_INFO]:reporting.py:37 ▶️ STEP started: Enter email
INFO     [🎭 Playwright]:base_page.py:16 <LoginPage>: Enter regression-67p1t5y1i1@apolo.us email
INFO     [📘TEST_INFO]:reporting.py:51 ✅ STEP completed: Enter email
INFO     [📘TEST_INFO]:reporting.py:225 📸 Screenshot captured and attached (success): /home/runner/work/apolo-test-automation/apolo-test-automation/reports/screenshots/ui_enter_email_success_3d28ee.png
INFO     [📘TEST_INFO]:reporting.py:37 ▶️ STEP started: Enter password
INFO     [🎭 Playwright]:base_page.py:16 <LoginPage>: Enter ********* password
INFO     [📘TEST_INFO]:reporting.py:51 ✅ STEP completed: Enter password
INFO     [📘TEST_INFO]:reporting.py:225 📸 Screenshot captured and attached (success): /home/runner/work/apolo-test-automation/apolo-test-automation/reports/screenshots/ui_enter_password_success_95d627.png
INFO     [📘TEST_INFO]:reporting.py:37 ▶️ STEP started: Click Continue button
INFO     [🎭 Playwright]:base_page.py:16 <LoginPage>: Click continue button
INFO     [🎭 Playwright]:base_page.py:16 <LoginPage>: Waiting for spinner
WARNING  [🔧TEST CONFIG]:conftest.py:438 [HTTP 200] GET https://api.dev.apolo.us/api/v1/config
Request Body (first 2000 chars):
<not available>
Response Body (first 2000 chars):
{"authorized": true, "orgs": [{"name": "regression-org-4qhd5tzll416", "role": "admin"}], "clusters": [{"name": "default", "registry_url": "https://registry.api.dev.apolo.us", "storage_url": "https://api.dev.apolo.us/api/v1/storage", "monitoring_url": "https://monitoring.api.dev.apolo.us/api/v1/jobs", "secrets_url": "https://api.dev.apolo.us/api/v1/secrets", "metrics_url": "https://grafana.dev.apolo.us", "disks_url": "https://api.dev.apolo.us/api/v1/disk", "buckets_url": "https://api.dev.apolo.us/api/v1/buckets", "resource_pool_types": [{"name": "a2-highgpu-1g", "min_size": 0, "max_size": 10, "cpu": 12.0, "available_cpu": 11.101, "memory": 89629032448, "available_memory": 80898240256, "disk_size": 523982073856, "available_disk_size": 364209683290, "nvidia_gpu": {"count": 1, "model": "NVIDIA-A100-SXM4-40GB", "memory": 42949672960}}, {"name": "a2-highgpu-2g", "min_size": 0, "max_size": 3, "cpu": 24.0, "available_cpu": 23.73, "memory": 179367243776, "available_memory": 168094003200, "disk_size": 523982073856, "available_disk_size": 364209683290, "nvidia_gpu": {"count": 1, "model": "NVIDIA-A100-SXM4-40GB", "memory": 42949672960}}, {"name": "a3-highgpu-1g", "min_size": 0, "max_size": 1, "cpu": 26.0, "available_cpu": 25, "memory": 234000000000, "available_memory": 210600000000, "disk_size": 750000000000, "available_disk_size": 750000000000, "nvidia_gpu": {"count": 1, "model": "NVIDIA-A100-SXM4-80GB", "memory": 85899345920}}, {"name": "default", "min_size": 1, "max_size": 10, "cpu": 4.0, "available_cpu": 3.021, "memory": 16776040448, "available_memory": 12439842560, "disk_size": 101203873792, "available_disk_size": 47060071478}, {"name": "g2-standard-4", "min_size": 0, "max_size": 10, "cpu": 4.0, "available_cpu": 3.121, "memory": 16776052736, "available_memory": 12490174208, "disk_size": 312594247680, "available_disk_size": 173960640047, "nvidia_gpu": {"count": 1, "model": "NVIDIA-L4", "memory": 24152899584}}], "resource_presets": [{"name": "cpu-micro", "credits_per_hour": 
INFO     [🎭 Playwright]:base_page.py:16 <LoginPage>: Waiting for spinner to disappear
WARNING  [🔧TEST CONFIG]:conftest.py:438 [HTTP 200] GET https://api.dev.apolo.us/api/v1/users/regression-67p1t5y1i1/permissions?uri=blob:
Request Body (first 2000 chars):
<not available>
Response Body (first 2000 chars):
[{"uri": "blob://default/regression-org-4qhd5tzll416", "action": "manage"}]
WARNING  [🔧TEST CONFIG]:conftest.py:438 [HTTP 200] GET https://api.dev.apolo.us/apis/admin/v1/invites/incoming
Request Body (first 2000 chars):
<not available>
Response Body (first 2000 chars):
[]
WARNING  [🔧TEST CONFIG]:conftest.py:438 [HTTP 200] GET https://api.dev.apolo.us/apis/admin/v1/orgs/regression-org-4qhd5tzll416
Request Body (first 2000 chars):
<not available>
Response Body (first 2000 chars):
{"name": "regression-org-4qhd5tzll416", "balance": {"credits": "499.96", "spent_credits": "0.04"}, "user_default_credits": null, "notification_intervals": {"balance_projection_seconds": [604800, 259200, 86400], "balance_amount": [0], "balance_depletion_seconds": [86400, 604800]}}
WARNING  [🔧TEST CONFIG]:conftest.py:438 [HTTP 200] GET https://api.dev.apolo.us/apis/apps/v2/instances?org=regression-org-4qhd5tzll416&project=regression-proj-cl2etqi0j7&cluster=default&size=100
Request Body (first 2000 chars):
<not available>
Response Body (first 2000 chars):
{"items":[{"id":"2b6e9ef7-dfc4-40b5-8945-869b714b7fd4","name":"regression-org-4qhd5tzll416-regression-proj--2b6e9ef7","created_at":"2025-10-11T02:43:52.677191Z","updated_at":"2025-10-11T02:48:37.401870Z","creator":"regression-67p1t5y1i1","display_name":"service-deployment-regression-53s3xnzd","template_name":"service-deployment-argocd","template_version":"v25.8.0","project_name":"regression-proj-cl2etqi0j7","org_name":"regression-org-4qhd5tzll416","cluster_name":"default","namespace":"platform--regression-or--regression-p--24f45eaa411a9c5af3d257a4","state":"uninstalled","app_type":"mlops","endpoints":[{"path":"$.app_url.external_url.host","friendly_name":"App Url","url":"https://custom-deployment--2b6e9ef7dfc440b58945869b714b7fd4.apps.dev.apolo.us"}]}],"total":1,"page":1,"size":100,"pages":1}
WARNING  [🔧TEST CONFIG]:conftest.py:438 [HTTP 200] GET https://api.dev.apolo.us/apis/admin/v1/users/regression-67p1t5y1i1?include=clusters&include=system_role
Request Body (first 2000 chars):
<not available>
Response Body (first 2000 chars):
{"name": "regression-67p1t5y1i1", "email": "regression-67p1t5y1i1@apolo.us", "first_name": null, "last_name": null, "created_at": "2025-10-11T01:33:23.090098+00:00", "terms_accepted": true, "clusters": [{"cluster_name": "default", "role": "admin", "org_name": "regression-org-4qhd5tzll416", "balance": {"spent_credits": "0"}}]}
WARNING  [🔧TEST CONFIG]:conftest.py:438 [HTTP 200] GET https://api.dev.apolo.us/apis/apps/v2/templates
Request Body (first 2000 chars):
<not available>
Response Body (first 2000 chars):
{"items":[{"name":"aws-s3","title":"AWS S3","pub_date":"2025-01-01T00:00:00Z","description":"AWS S3 Storage","short_description":"","schema_version":1,"version":"HEAD","input":{"$defs":{"ApoloSecret":{"properties":{"key":{"title":"Key","type":"string"}},"required":["key"],"title":"ApoloSecret","type":"object","x-description":"Apolo Secret Configuration.","x-is-advanced-field":false,"x-meta-type":"inline","x-title":"Secret","x-type":"ApoloSecret"},"S3Params":{"properties":{"port":{"title":"Port","type":"integer"},"host":{"anyOf":[{"type":"string"},{"type":"null"}],"default":null,"title":"Host"},"bucket":{"anyOf":[{"type":"string"},{"type":"null"}],"default":null,"title":"Bucket"},"access_key":{"anyOf":[{"type":"string"},{"type":"null"}],"default":null,"title":"Access Key"},"secret_key":{"anyOf":[{"$ref":"#/$defs/ApoloSecret"},{"type":"null"}],"default":null}},"required":["port"],"title":"S3Params","type":"object"}},"properties":{"s3":{"$ref":"#/$defs/S3Params"}},"required":["s3"],"title":"AwsS3Input","type":"object"},"output":{"$defs":{"ApoloSecret":{"properties":{"key":{"title":"Key","type":"string"}},"required":["key"],"title":"ApoloSecret","type":"object","x-description":"Apolo Secret Configuration.","x-is-advanced-field":false,"x-meta-type":"inline","x-title":"Secret","x-type":"ApoloSecret"},"S3Params":{"properties":{"port":{"title":"Port","type":"integer"},"host":{"anyOf":[{"type":"string"},{"type":"null"}],"default":null,"title":"Host"},"bucket":{"anyOf":[{"type":"string"},{"type":"null"}],"default":null,"title":"Bucket"},"access_key":{"anyOf":[{"type":"string"},{"type":"null"}],"default":null,"title":"Access Key"},"secret_key":{"anyOf":[{"$ref":"#/$defs/ApoloSecret"},{"type":"null"}],"default":null}},"required":["port"],"title":"S3Params","type":"object"}},"properties":{"s3":{"$ref":"#/$defs/S3Params"}},"required":["s3"],"title":"AwsS3Output","type":"object"},"tags":[],"git_url":"","helm_path":"helm","type":"appless","logo":"","changelog":"","assets":[],"docum
WARNING  [🔧TEST CONFIG]:conftest.py:438 [HTTP 200] GET https://api.dev.apolo.us/apis/admin/v1/users/regression-67p1t5y1i1?include=orgs
Request Body (first 2000 chars):
<not available>
Response Body (first 2000 chars):
{"name": "regression-67p1t5y1i1", "email": "regression-67p1t5y1i1@apolo.us", "first_name": null, "last_name": null, "created_at": "2025-10-11T01:33:23.090098+00:00", "terms_accepted": true, "orgs": [{"org_name": "regression-org-4qhd5tzll416", "role": "admin", "balance": {"spent_credits": "0.04"}}]}
WARNING  [🔧TEST CONFIG]:conftest.py:438 [HTTP 200] GET https://api.dev.apolo.us/apis/apps/v2/templates/tags
Request Body (first 2000 chars):
<not available>
Response Body (first 2000 chars):
["AI","Agent","Apache","Apolo","Apolo Files","BI","Big data","Bundle","Business Intelligence","CLI","Chat","Container","Container registry","Data","Data processing","DeepSeek","Development","Diffusion","Dify","DockerHub","Document Processing","EDA","ELT","ETL","Easy Deploy","Embeddings","GPT","GptOSS","Graph","Hugging Face","IDE","Image generation","Inference","Jupyter","Knowledge Graph","LLM","LLMops","LLaMA","LightRAG","MLOps","Meta","Mistral","NLP","Notebooks","OpenAI","PostgreSQL","Postgres","RAG","RDBMS","Shell","Spark","Stable Diffusion","Storage","Superset","Text","VSCode","Vector Search","Vector search","Vector store","Visualization","Weaviate","experiment tracking","mlflow","model registry","vLLM"]
WARNING  [🔧TEST CONFIG]:conftest.py:438 [HTTP 200] GET https://api.dev.apolo.us/apis/apps/v2/templates?page=1&size=50
Request Body (first 2000 chars):
<not available>
Response Body (first 2000 chars):
{"items":[{"name":"aws-s3","title":"AWS S3","pub_date":"2025-01-01T00:00:00Z","description":"AWS S3 Storage","short_description":"","schema_version":1,"version":"HEAD","input":{"$defs":{"ApoloSecret":{"properties":{"key":{"title":"Key","type":"string"}},"required":["key"],"title":"ApoloSecret","type":"object","x-description":"Apolo Secret Configuration.","x-is-advanced-field":false,"x-meta-type":"inline","x-title":"Secret","x-type":"ApoloSecret"},"S3Params":{"properties":{"port":{"title":"Port","type":"integer"},"host":{"anyOf":[{"type":"string"},{"type":"null"}],"default":null,"title":"Host"},"bucket":{"anyOf":[{"type":"string"},{"type":"null"}],"default":null,"title":"Bucket"},"access_key":{"anyOf":[{"type":"string"},{"type":"null"}],"default":null,"title":"Access Key"},"secret_key":{"anyOf":[{"$ref":"#/$defs/ApoloSecret"},{"type":"null"}],"default":null}},"required":["port"],"title":"S3Params","type":"object"}},"properties":{"s3":{"$ref":"#/$defs/S3Params"}},"required":["s3"],"title":"AwsS3Input","type":"object"},"output":{"$defs":{"ApoloSecret":{"properties":{"key":{"title":"Key","type":"string"}},"required":["key"],"title":"ApoloSecret","type":"object","x-description":"Apolo Secret Configuration.","x-is-advanced-field":false,"x-meta-type":"inline","x-title":"Secret","x-type":"ApoloSecret"},"S3Params":{"properties":{"port":{"title":"Port","type":"integer"},"host":{"anyOf":[{"type":"string"},{"type":"null"}],"default":null,"title":"Host"},"bucket":{"anyOf":[{"type":"string"},{"type":"null"}],"default":null,"title":"Bucket"},"access_key":{"anyOf":[{"type":"string"},{"type":"null"}],"default":null,"title":"Access Key"},"secret_key":{"anyOf":[{"$ref":"#/$defs/ApoloSecret"},{"type":"null"}],"default":null}},"required":["port"],"title":"S3Params","type":"object"}},"properties":{"s3":{"$ref":"#/$defs/S3Params"}},"required":["s3"],"title":"AwsS3Output","type":"object"},"tags":[],"git_url":"","helm_path":"helm","type":"appless","logo":"","changelog":"","assets":[],"docum
INFO     [📘TEST_INFO]:reporting.py:51 ✅ STEP completed: Click Continue button
WARNING  [🔧TEST CONFIG]:conftest.py:438 [HTTP 200] GET https://api.dev.apolo.us/apis/apps/v2/templates?page=1&size=50
Request Body (first 2000 chars):
<not available>
Response Body (first 2000 chars):
{"items":[{"name":"aws-s3","title":"AWS S3","pub_date":"2025-01-01T00:00:00Z","description":"AWS S3 Storage","short_description":"","schema_version":1,"version":"HEAD","input":{"$defs":{"ApoloSecret":{"properties":{"key":{"title":"Key","type":"string"}},"required":["key"],"title":"ApoloSecret","type":"object","x-description":"Apolo Secret Configuration.","x-is-advanced-field":false,"x-meta-type":"inline","x-title":"Secret","x-type":"ApoloSecret"},"S3Params":{"properties":{"port":{"title":"Port","type":"integer"},"host":{"anyOf":[{"type":"string"},{"type":"null"}],"default":null,"title":"Host"},"bucket":{"anyOf":[{"type":"string"},{"type":"null"}],"default":null,"title":"Bucket"},"access_key":{"anyOf":[{"type":"string"},{"type":"null"}],"default":null,"title":"Access Key"},"secret_key":{"anyOf":[{"$ref":"#/$defs/ApoloSecret"},{"type":"null"}],"default":null}},"required":["port"],"title":"S3Params","type":"object"}},"properties":{"s3":{"$ref":"#/$defs/S3Params"}},"required":["s3"],"title":"AwsS3Input","type":"object"},"output":{"$defs":{"ApoloSecret":{"properties":{"key":{"title":"Key","type":"string"}},"required":["key"],"title":"ApoloSecret","type":"object","x-description":"Apolo Secret Configuration.","x-is-advanced-field":false,"x-meta-type":"inline","x-title":"Secret","x-type":"ApoloSecret"},"S3Params":{"properties":{"port":{"title":"Port","type":"integer"},"host":{"anyOf":[{"type":"string"},{"type":"null"}],"default":null,"title":"Host"},"bucket":{"anyOf":[{"type":"string"},{"type":"null"}],"default":null,"title":"Bucket"},"access_key":{"anyOf":[{"type":"string"},{"type":"null"}],"default":null,"title":"Access Key"},"secret_key":{"anyOf":[{"$ref":"#/$defs/ApoloSecret"},{"type":"null"}],"default":null}},"required":["port"],"title":"S3Params","type":"object"}},"properties":{"s3":{"$ref":"#/$defs/S3Params"}},"required":["s3"],"title":"AwsS3Output","type":"object"},"tags":[],"git_url":"","helm_path":"helm","type":"appless","logo":"","changelog":"","assets":[],"docum
INFO     [📘TEST_INFO]:reporting.py:225 📸 Screenshot captured and attached (success): /home/runner/work/apolo-test-automation/apolo-test-automation/reports/screenshots/ui_click_continue_button_success_287765.png
INFO     [📘TEST_INFO]:reporting.py:37 ▶️ STEP started: Verify Apps page displayed
INFO     [🎭 Playwright]:base_page.py:16 <AppsPage>: Check if page loaded
INFO     [📘TEST_INFO]:reporting.py:51 ✅ STEP completed: Verify Apps page displayed
INFO     [📘TEST_INFO]:reporting.py:225 📸 Screenshot captured and attached (success): /home/runner/work/apolo-test-automation/apolo-test-automation/reports/screenshots/verify_ui_page_displayed_success_cc7a79.png
INFO     [📘TEST_INFO]:reporting.py:51 ✅ STEP completed: Login via UI
INFO     [📘TEST_INFO]:reporting.py:225 📸 Screenshot captured and attached (success): /home/runner/work/apolo-test-automation/apolo-test-automation/reports/screenshots/ui_login_success_7ae0b5.png
INFO     [📘TEST_INFO]:reporting.py:37 ▶️ STEP started: Verify Service Deployment app container displayed on the main page
INFO     [🎭 Playwright]:base_page.py:16 <MainPage>: Verify app container Service Deployment displayed
INFO     [🎭 Playwright]:base_page.py:16 <MainPage>: Scroll to Service Deployment container...
WARNING  [🔧TEST CONFIG]:conftest.py:438 [HTTP 200] GET https://api.dev.apolo.us/apis/apps/v2/instances?org=regression-org-4qhd5tzll416&project=regression-proj-cl2etqi0j7&cluster=default&size=100
Request Body (first 2000 chars):
<not available>
Response Body (first 2000 chars):
{"items":[{"id":"2b6e9ef7-dfc4-40b5-8945-869b714b7fd4","name":"regression-org-4qhd5tzll416-regression-proj--2b6e9ef7","created_at":"2025-10-11T02:43:52.677191Z","updated_at":"2025-10-11T02:48:37.401870Z","creator":"regression-67p1t5y1i1","display_name":"service-deployment-regression-53s3xnzd","template_name":"service-deployment-argocd","template_version":"v25.8.0","project_name":"regression-proj-cl2etqi0j7","org_name":"regression-org-4qhd5tzll416","cluster_name":"default","namespace":"platform--regression-or--regression-p--24f45eaa411a9c5af3d257a4","state":"uninstalled","app_type":"mlops","endpoints":[{"path":"$.app_url.external_url.host","friendly_name":"App Url","url":"https://custom-deployment--2b6e9ef7dfc440b58945869b714b7fd4.apps.dev.apolo.us"}]}],"total":1,"page":1,"size":100,"pages":1}
INFO     [🎭 Playwright]:base_page.py:16 <MainPage>: Scroll to Service Deployment container...
WARNING  [🔧TEST CONFIG]:conftest.py:438 [HTTP 200] GET https://api.dev.apolo.us/apis/apps/v2/instances?org=regression-org-4qhd5tzll416&project=regression-proj-cl2etqi0j7&cluster=default&size=100
Request Body (first 2000 chars):
<not available>
Response Body (first 2000 chars):
{"items":[{"id":"2b6e9ef7-dfc4-40b5-8945-869b714b7fd4","name":"regression-org-4qhd5tzll416-regression-proj--2b6e9ef7","created_at":"2025-10-11T02:43:52.677191Z","updated_at":"2025-10-11T02:48:37.401870Z","creator":"regression-67p1t5y1i1","display_name":"service-deployment-regression-53s3xnzd","template_name":"service-deployment-argocd","template_version":"v25.8.0","project_name":"regression-proj-cl2etqi0j7","org_name":"regression-org-4qhd5tzll416","cluster_name":"default","namespace":"platform--regression-or--regression-p--24f45eaa411a9c5af3d257a4","state":"uninstalled","app_type":"mlops","endpoints":[{"path":"$.app_url.external_url.host","friendly_name":"App Url","url":"https://custom-deployment--2b6e9ef7dfc440b58945869b714b7fd4.apps.dev.apolo.us"}]}],"total":1,"page":1,"size":100,"pages":1}
INFO     [🎭 Playwright]:base_page.py:16 <MainPage>: Scroll to Service Deployment container...
INFO     [🎭 Playwright]:base_page.py:16 <MainPage>: Scroll to Service Deployment container...
INFO     [📘TEST_INFO]:reporting.py:51 ✅ STEP completed: Verify Service Deployment app container displayed on the main page
INFO     [📘TEST_INFO]:reporting.py:225 📸 Screenshot captured and attached (success): /home/runner/work/apolo-test-automation/apolo-test-automation/reports/screenshots/verify_ui_serv_depl_container_displayed_success_543a82.png
INFO     [📘TEST_INFO]:reporting.py:37 ▶️ STEP started: Click Install button on the Service Deployment container
WARNING  [🔧TEST CONFIG]:conftest.py:438 [HTTP 200] GET https://api.dev.apolo.us/apis/apps/v1/cluster/default/org/regression-org-4qhd5tzll416/project/regression-proj-cl2etqi0j7/templates/service-deployment-argocd
Request Body (first 2000 chars):
<not available>
Response Body (first 2000 chars):
[{"name":"service-deployment-argocd","title":"Service Deployment","pub_date":"2025-01-01T00:00:00Z","description":"Service Deployment lets you deploy any containerized application as a scalable, production-ready web service. Bring your own Docker image and configure resources, scaling, and networking with ease—no complex DevOps required.","short_description":"Deploy scalable applications","schema_version":1,"version":"v25.8.0","input":{"$defs":{"ApoloAuth":{"properties":{"type":{"const":"apolo_auth","default":"apolo_auth","description":"Authentication type identifier","title":"Type","type":"string"}},"title":"ApoloAuth","type":"object","x-description":"Use Apolo platform's built-in authentication and authorization. Requires authenticated user credentials with appropriate permissions.","x-is-advanced-field":false,"x-meta-type":"inline","x-title":"Apolo Platform Authentication","x-type":"ApoloAuth"},"ApoloFilesMount":{"properties":{"storage_uri":{"$ref":"#/$defs/ApoloFilesPath"},"mount_path":{"$ref":"#/$defs/MountPath"},"mode":{"$ref":"#/$defs/ApoloMountMode","default":{"mode":"rw","__type__":"ApoloMountMode"}}},"required":["storage_uri","mount_path"],"title":"ApoloFilesMount","type":"object","x-description":"Configure Apolo Files mount within the application workloads.","x-is-advanced-field":false,"x-meta-type":"inline","x-title":"Apolo Files Mount","x-type":"ApoloFilesMount"},"ApoloFilesPath":{"properties":{"path":{"title":"Path","type":"string","x-description":"Provide the Apolo Storage path starting with `storage:` to locate your files.","x-is-advanced-field":false,"x-meta-type":"inline","x-title":"Storage Path"}},"required":["path"],"title":"ApoloFilesPath","type":"object","x-description":"Specify the path within the Apolo Files application to read from or write to.","x-is-advanced-field":false,"x-meta-type":"inline","x-title":"Apolo Files Path","x-type":"ApoloFilesFile"},"ApoloMountMode":{"properties":{"mode":{"$ref":"#/$defs/ApoloMountModes","default":"rw","x-d
INFO     [📘TEST_INFO]:reporting.py:51 ✅ STEP completed: Click Install button on the Service Deployment container
INFO     [📘TEST_INFO]:reporting.py:225 📸 Screenshot captured and attached (success): /home/runner/work/apolo-test-automation/apolo-test-automation/reports/screenshots/ui_serv_depl_container_click_install_btn_success_1dec1d.png
INFO     [📘TEST_INFO]:reporting.py:37 ▶️ STEP started: Verify that Service Deployment install page displayed
INFO     [🎭 Playwright]:base_page.py:16 <ServiceDeploymentInstallPage>: Check if page loaded
INFO     [📘TEST_INFO]:reporting.py:51 ✅ STEP completed: Verify that Service Deployment install page displayed
INFO     [📘TEST_INFO]:reporting.py:225 📸 Screenshot captured and attached (success): /home/runner/work/apolo-test-automation/apolo-test-automation/reports/screenshots/verify_ui_page_displayed_success_d7b154.png
INFO     [📘TEST_INFO]:reporting.py:37 ▶️ STEP started: Click Resource preset button
INFO     [🎭 Playwright]:base_page.py:16 <ServiceDeploymentInstallPage>: Click Resource Preset button
WARNING  [🔧TEST CONFIG]:conftest.py:438 [HTTP 200] GET https://api.dev.apolo.us/apis/apps/v2/instances?org=regression-org-4qhd5tzll416&project=regression-proj-cl2etqi0j7&cluster=default&size=100
Request Body (first 2000 chars):
<not available>
Response Body (first 2000 chars):
{"items":[{"id":"2b6e9ef7-dfc4-40b5-8945-869b714b7fd4","name":"regression-org-4qhd5tzll416-regression-proj--2b6e9ef7","created_at":"2025-10-11T02:43:52.677191Z","updated_at":"2025-10-11T02:48:37.401870Z","creator":"regression-67p1t5y1i1","display_name":"service-deployment-regression-53s3xnzd","template_name":"service-deployment-argocd","template_version":"v25.8.0","project_name":"regression-proj-cl2etqi0j7","org_name":"regression-org-4qhd5tzll416","cluster_name":"default","namespace":"platform--regression-or--regression-p--24f45eaa411a9c5af3d257a4","state":"uninstalled","app_type":"mlops","endpoints":[{"path":"$.app_url.external_url.host","friendly_name":"App Url","url":"https://custom-deployment--2b6e9ef7dfc440b58945869b714b7fd4.apps.dev.apolo.us"}]}],"total":1,"page":1,"size":100,"pages":1}
INFO     [📘TEST_INFO]:reporting.py:51 ✅ STEP completed: Click Resource preset button
INFO     [📘TEST_INFO]:reporting.py:225 📸 Screenshot captured and attached (success): /home/runner/work/apolo-test-automation/apolo-test-automation/reports/screenshots/ui_click_resource_preset_btn_success_ef2e77.png
INFO     [📘TEST_INFO]:reporting.py:37 ▶️ STEP started: Verify Resource Preset popup displayed
INFO     [🎭 Playwright]:base_page.py:16 <ResourcePresetPopup>: Check if popup loaded
INFO     [📘TEST_INFO]:reporting.py:51 ✅ STEP completed: Verify Resource Preset popup displayed
INFO     [📘TEST_INFO]:reporting.py:225 📸 Screenshot captured and attached (success): /home/runner/work/apolo-test-automation/apolo-test-automation/reports/screenshots/verify_ui_popup_displayed_success_7d40a8.png
INFO     [📘TEST_INFO]:reporting.py:37 ▶️ STEP started: Select cpu-micro preset
INFO     [🎭 Playwright]:base_page.py:16 <ResourcePresetPopup>: Click cpu-micro preset
INFO     [📘TEST_INFO]:reporting.py:51 ✅ STEP completed: Select cpu-micro preset
INFO     [📘TEST_INFO]:reporting.py:225 📸 Screenshot captured and attached (success): /home/runner/work/apolo-test-automation/apolo-test-automation/reports/screenshots/ui_select_cpu_micro_preset_success_b67e89.png
INFO     [📘TEST_INFO]:reporting.py:37 ▶️ STEP started: Click Apply button
INFO     [🎭 Playwright]:base_page.py:16 <ResourcePresetPopup>: Click Apply button
INFO     [📘TEST_INFO]:reporting.py:51 ✅ STEP completed: Click Apply button
INFO     [📘TEST_INFO]:reporting.py:225 📸 Screenshot captured and attached (success): /home/runner/work/apolo-test-automation/apolo-test-automation/reports/screenshots/ui_click_apply_button_success_f60a7c.png
INFO     [📘TEST_INFO]:reporting.py:37 ▶️ STEP started: Wait for Resource Preset popup disappear
INFO     [🎭 Playwright]:base_page.py:16 <ResourcePresetPopup>: Wait for Create New Secret popup to disappear
INFO     [📘TEST_INFO]:reporting.py:51 ✅ STEP completed: Wait for Resource Preset popup disappear
INFO     [📘TEST_INFO]:reporting.py:225 📸 Screenshot captured and attached (success): /home/runner/work/apolo-test-automation/apolo-test-automation/reports/screenshots/ui_wait_to_disappear_success_f92d03.png
INFO     [📘TEST_INFO]:reporting.py:37 ▶️ STEP started: Enter Container image repository value
INFO     [🎭 Playwright]:base_page.py:16 <ServiceDeploymentInstallPage>: Entering image repository value: hashicorp/http-echo
INFO     [📘TEST_INFO]:reporting.py:51 ✅ STEP completed: Enter Container image repository value
INFO     [📘TEST_INFO]:reporting.py:225 📸 Screenshot captured and attached (success): /home/runner/work/apolo-test-automation/apolo-test-automation/reports/screenshots/ui_enter_container_image_repository_value_success_6ac483.png
INFO     [📘TEST_INFO]:reporting.py:37 ▶️ STEP started: Click Container Image Tag checkbox
INFO     [🎭 Playwright]:base_page.py:16 <ServiceDeploymentInstallPage>: Click Container Image Tag checkbox
WARNING  [🔧TEST CONFIG]:conftest.py:438 [HTTP 200] GET https://api.dev.apolo.us/apis/apps/v2/instances?org=regression-org-4qhd5tzll416&project=regression-proj-cl2etqi0j7&cluster=default&size=100
Request Body (first 2000 chars):
<not available>
Response Body (first 2000 chars):
{"items":[{"id":"2b6e9ef7-dfc4-40b5-8945-869b714b7fd4","name":"regression-org-4qhd5tzll416-regression-proj--2b6e9ef7","created_at":"2025-10-11T02:43:52.677191Z","updated_at":"2025-10-11T02:48:37.401870Z","creator":"regression-67p1t5y1i1","display_name":"service-deployment-regression-53s3xnzd","template_name":"service-deployment-argocd","template_version":"v25.8.0","project_name":"regression-proj-cl2etqi0j7","org_name":"regression-org-4qhd5tzll416","cluster_name":"default","namespace":"platform--regression-or--regression-p--24f45eaa411a9c5af3d257a4","state":"uninstalled","app_type":"mlops","endpoints":[{"path":"$.app_url.external_url.host","friendly_name":"App Url","url":"https://custom-deployment--2b6e9ef7dfc440b58945869b714b7fd4.apps.dev.apolo.us"}]}],"total":1,"page":1,"size":100,"pages":1}
WARNING  [🔧TEST CONFIG]:conftest.py:438 [HTTP 200] GET https://api.dev.apolo.us/apis/apps/v2/instances?org=regression-org-4qhd5tzll416&project=regression-proj-cl2etqi0j7&cluster=default&size=100
Request Body (first 2000 chars):
<not available>
Response Body (first 2000 chars):
{"items":[{"id":"2b6e9ef7-dfc4-40b5-8945-869b714b7fd4","name":"regression-org-4qhd5tzll416-regression-proj--2b6e9ef7","created_at":"2025-10-11T02:43:52.677191Z","updated_at":"2025-10-11T02:48:37.401870Z","creator":"regression-67p1t5y1i1","display_name":"service-deployment-regression-53s3xnzd","template_name":"service-deployment-argocd","template_version":"v25.8.0","project_name":"regression-proj-cl2etqi0j7","org_name":"regression-org-4qhd5tzll416","cluster_name":"default","namespace":"platform--regression-or--regression-p--24f45eaa411a9c5af3d257a4","state":"uninstalled","app_type":"mlops","endpoints":[{"path":"$.app_url.external_url.host","friendly_name":"App Url","url":"https://custom-deployment--2b6e9ef7dfc440b58945869b714b7fd4.apps.dev.apolo.us"}]}],"total":1,"page":1,"size":100,"pages":1}
INFO     [📘TEST_INFO]:reporting.py:51 ✅ STEP completed: Click Container Image Tag checkbox
INFO     [📘TEST_INFO]:reporting.py:225 📸 Screenshot captured and attached (success): /home/runner/work/apolo-test-automation/apolo-test-automation/reports/screenshots/ui_click_container_image_checkbox_success_fe3cdb.png
INFO     [📘TEST_INFO]:reporting.py:37 ▶️ STEP started: Verify Container Image Tag input is displayed
INFO     [🎭 Playwright]:base_page.py:16 <ServiceDeploymentInstallPage>: Check if Container Image Tag input displayed
INFO     [📘TEST_INFO]:reporting.py:51 ✅ STEP completed: Verify Container Image Tag input is displayed
INFO     [📘TEST_INFO]:reporting.py:225 📸 Screenshot captured and attached (success): /home/runner/work/apolo-test-automation/apolo-test-automation/reports/screenshots/verify_ui_container_image_input_is_displayed_success_f97955.png
INFO     [📘TEST_INFO]:reporting.py:37 ▶️ STEP started: Enter Container image Tag input value
INFO     [🎭 Playwright]:base_page.py:16 <ServiceDeploymentInstallPage>: Entering Image Tag input value: 1.0.0
INFO     [📘TEST_INFO]:reporting.py:51 ✅ STEP completed: Enter Container image Tag input value
INFO     [📘TEST_INFO]:reporting.py:225 📸 Screenshot captured and attached (success): /home/runner/work/apolo-test-automation/apolo-test-automation/reports/screenshots/ui_enter_container_image_input_value_success_b60838.png
INFO     [📘TEST_INFO]:reporting.py:37 ▶️ STEP started: Select Container Image pull policy
INFO     [🎭 Playwright]:base_page.py:16 <ServiceDeploymentInstallPage>: Select Image Pull Policy dropdown value: IfNotPresent
INFO     [📘TEST_INFO]:reporting.py:51 ✅ STEP completed: Select Container Image pull policy
INFO     [📘TEST_INFO]:reporting.py:225 📸 Screenshot captured and attached (success): /home/runner/work/apolo-test-automation/apolo-test-automation/reports/screenshots/ui_select_container_image_pull_policy_success_abb56b.png
INFO     [📘TEST_INFO]:reporting.py:37 ▶️ STEP started: Click Container checkbox
INFO     [🎭 Playwright]:base_page.py:16 <ServiceDeploymentInstallPage>: Click Container checkbox
INFO     [📘TEST_INFO]:reporting.py:51 ✅ STEP completed: Click Container checkbox
INFO     [📘TEST_INFO]:reporting.py:225 📸 Screenshot captured and attached (success): /home/runner/work/apolo-test-automation/apolo-test-automation/reports/screenshots/ui_click_container_checkbox_success_7c0a5d.png
INFO     [📘TEST_INFO]:reporting.py:37 ▶️ STEP started: Verify that Container Command checkbox displayed
INFO     [🎭 Playwright]:base_page.py:16 <ServiceDeploymentInstallPage>: Check if Container Configuration checkbox displayed
INFO     [📘TEST_INFO]:reporting.py:51 ✅ STEP completed: Verify that Container Command checkbox displayed
INFO     [📘TEST_INFO]:reporting.py:225 📸 Screenshot captured and attached (success): /home/runner/work/apolo-test-automation/apolo-test-automation/reports/screenshots/verify_ui_container_command_checkbox_displayed_success_830164.png
INFO     [📘TEST_INFO]:reporting.py:37 ▶️ STEP started: Verify that Container Arguments checkbox displayed
INFO     [🎭 Playwright]:base_page.py:16 <ServiceDeploymentInstallPage>: Check if Container Arguments checkbox displayed
INFO     [📘TEST_INFO]:reporting.py:51 ✅ STEP completed: Verify that Container Arguments checkbox displayed
INFO     [📘TEST_INFO]:reporting.py:225 📸 Screenshot captured and attached (success): /home/runner/work/apolo-test-automation/apolo-test-automation/reports/screenshots/verify_ui_container_args_checkbox_displayed_success_f66a83.png
INFO     [📘TEST_INFO]:reporting.py:37 ▶️ STEP started: Click Container Arguments checkbox
INFO     [🎭 Playwright]:base_page.py:16 <ServiceDeploymentInstallPage>: Click Container Arguments checkbox
INFO     [📘TEST_INFO]:reporting.py:51 ✅ STEP completed: Click Container Arguments checkbox
INFO     [📘TEST_INFO]:reporting.py:225 📸 Screenshot captured and attached (success): /home/runner/work/apolo-test-automation/apolo-test-automation/reports/screenshots/ui_click_container_args_checkbox_success_a364d9.png
INFO     [📘TEST_INFO]:reporting.py:37 ▶️ STEP started: Verify that Add Entry button for Container Arguments displayed
INFO     [🎭 Playwright]:base_page.py:16 <ServiceDeploymentInstallPage>: Check if Add Container Argument button displayed
INFO     [📘TEST_INFO]:reporting.py:51 ✅ STEP completed: Verify that Add Entry button for Container Arguments displayed
INFO     [📘TEST_INFO]:reporting.py:225 📸 Screenshot captured and attached (success): /home/runner/work/apolo-test-automation/apolo-test-automation/reports/screenshots/verify_ui_cnt_args_add_entry_btn_displayed_success_35d4b5.png
INFO     [📘TEST_INFO]:reporting.py:37 ▶️ STEP started: Click Add Entry button for Container Arguments
INFO     [🎭 Playwright]:base_page.py:16 <ServiceDeploymentInstallPage>: Click Add Container Argument button
INFO     [📘TEST_INFO]:reporting.py:51 ✅ STEP completed: Click Add Entry button for Container Arguments
INFO     [📘TEST_INFO]:reporting.py:225 📸 Screenshot captured and attached (success): /home/runner/work/apolo-test-automation/apolo-test-automation/reports/screenshots/ui_click_cnt_args_add_entry_button_success_da7b5a.png
INFO     [📘TEST_INFO]:reporting.py:37 ▶️ STEP started: Verify that Container Argument input displayed
INFO     [📘TEST_INFO]:reporting.py:51 ✅ STEP completed: Verify that Container Argument input displayed
INFO     [📘TEST_INFO]:reporting.py:225 📸 Screenshot captured and attached (success): /home/runner/work/apolo-test-automation/apolo-test-automation/reports/screenshots/verify_ui_container_argument_input_displayed_success_9fc62c.png
INFO     [📘TEST_INFO]:reporting.py:37 ▶️ STEP started: Enter Container Argument input value
INFO     [🎭 Playwright]:base_page.py:16 <ServiceDeploymentInstallPage>: Enter Container Argument input: -text='hello apolo'
INFO     [📘TEST_INFO]:reporting.py:51 ✅ STEP completed: Enter Container Argument input value
INFO     [📘TEST_INFO]:reporting.py:225 📸 Screenshot captured and attached (success): /home/runner/work/apolo-test-automation/apolo-test-automation/reports/screenshots/ui_enter_container_argument_value_success_8cb6e1.png
INFO     [📘TEST_INFO]:reporting.py:37 ▶️ STEP started: Click Add Entry button for Container Arguments
INFO     [🎭 Playwright]:base_page.py:16 <ServiceDeploymentInstallPage>: Click Add Container Argument button
INFO     [📘TEST_INFO]:reporting.py:51 ✅ STEP completed: Click Add Entry button for Container Arguments
INFO     [📘TEST_INFO]:reporting.py:225 📸 Screenshot captured and attached (success): /home/runner/work/apolo-test-automation/apolo-test-automation/reports/screenshots/ui_click_cnt_args_add_entry_button_success_0a695b.png
INFO     [📘TEST_INFO]:reporting.py:37 ▶️ STEP started: Verify that Container Argument input displayed
INFO     [📘TEST_INFO]:reporting.py:51 ✅ STEP completed: Verify that Container Argument input displayed
INFO     [📘TEST_INFO]:reporting.py:225 📸 Screenshot captured and attached (success): /home/runner/work/apolo-test-automation/apolo-test-automation/reports/screenshots/verify_ui_container_argument_input_displayed_success_807672.png
INFO     [📘TEST_INFO]:reporting.py:37 ▶️ STEP started: Enter Container Argument input value
INFO     [🎭 Playwright]:base_page.py:16 <ServiceDeploymentInstallPage>: Enter Container Argument input: -listen=:8080
INFO     [📘TEST_INFO]:reporting.py:51 ✅ STEP completed: Enter Container Argument input value
INFO     [📘TEST_INFO]:reporting.py:225 📸 Screenshot captured and attached (success): /home/runner/work/apolo-test-automation/apolo-test-automation/reports/screenshots/ui_enter_container_argument_value_success_fe5f65.png
INFO     [📘TEST_INFO]:reporting.py:37 ▶️ STEP started: Click Network Configuration button
INFO     [🎭 Playwright]:base_page.py:16 <ServiceDeploymentInstallPage>: Click Network Configuration Button
INFO     [📘TEST_INFO]:reporting.py:51 ✅ STEP completed: Click Network Configuration button
INFO     [📘TEST_INFO]:reporting.py:225 📸 Screenshot captured and attached (success): /home/runner/work/apolo-test-automation/apolo-test-automation/reports/screenshots/ui_click_network_configuration_button_success_0c937f.png
INFO     [📘TEST_INFO]:reporting.py:37 ▶️ STEP started: Click Enable Authorization and Authentication checkbox
INFO     [🎭 Playwright]:base_page.py:16 <ServiceDeploymentInstallPage>: Click Enable Authentication and Authorization Checkbox
WARNING  [🔧TEST CONFIG]:conftest.py:438 [HTTP 200] GET https://api.dev.apolo.us/apis/apps/v2/instances?org=regression-org-4qhd5tzll416&project=regression-proj-cl2etqi0j7&cluster=default&size=100
Request Body (first 2000 chars):
<not available>
Response Body (first 2000 chars):
{"items":[{"id":"2b6e9ef7-dfc4-40b5-8945-869b714b7fd4","name":"regression-org-4qhd5tzll416-regression-proj--2b6e9ef7","created_at":"2025-10-11T02:43:52.677191Z","updated_at":"2025-10-11T02:48:37.401870Z","creator":"regression-67p1t5y1i1","display_name":"service-deployment-regression-53s3xnzd","template_name":"service-deployment-argocd","template_version":"v25.8.0","project_name":"regression-proj-cl2etqi0j7","org_name":"regression-org-4qhd5tzll416","cluster_name":"default","namespace":"platform--regression-or--regression-p--24f45eaa411a9c5af3d257a4","state":"uninstalled","app_type":"mlops","endpoints":[{"path":"$.app_url.external_url.host","friendly_name":"App Url","url":"https://custom-deployment--2b6e9ef7dfc440b58945869b714b7fd4.apps.dev.apolo.us"}]}],"total":1,"page":1,"size":100,"pages":1}
WARNING  [🎭 Playwright]:base_page.py:16 <ServiceDeploymentInstallPage>: Enable Authentication and Authorization Checkbox is missing. Older design. Continue...
INFO     [📘TEST_INFO]:reporting.py:51 ✅ STEP completed: Click Enable Authorization and Authentication checkbox
INFO     [📘TEST_INFO]:reporting.py:225 📸 Screenshot captured and attached (success): /home/runner/work/apolo-test-automation/apolo-test-automation/reports/screenshots/ui_click_enable_authorization_checkbox_success_120f3a.png
INFO     [📘TEST_INFO]:reporting.py:37 ▶️ STEP started: Click Add Entry button for Exposed ports
INFO     [🎭 Playwright]:base_page.py:16 <ServiceDeploymentInstallPage>: Click Exposed Port Add Entry Button
INFO     [📘TEST_INFO]:reporting.py:51 ✅ STEP completed: Click Add Entry button for Exposed ports
INFO     [📘TEST_INFO]:reporting.py:225 📸 Screenshot captured and attached (success): /home/runner/work/apolo-test-automation/apolo-test-automation/reports/screenshots/ui_click_exp_ports_add_entry_button_success_be237f.png
INFO     [📘TEST_INFO]:reporting.py:37 ▶️ STEP started: Enter Exposed Port name
INFO     [🎭 Playwright]:base_page.py:16 <ServiceDeploymentInstallPage>: Enter Exposed Port Name Input: http
INFO     [📘TEST_INFO]:reporting.py:51 ✅ STEP completed: Enter Exposed Port name
INFO     [📘TEST_INFO]:reporting.py:225 📸 Screenshot captured and attached (success): /home/runner/work/apolo-test-automation/apolo-test-automation/reports/screenshots/ui_enter_exposed_port_name_success_94e2b9.png
INFO     [📘TEST_INFO]:reporting.py:37 ▶️ STEP started: Enter Exposed Port number
INFO     [🎭 Playwright]:base_page.py:16 <ServiceDeploymentInstallPage>: Enter Exposed Port Number Input: 8080
INFO     [📘TEST_INFO]:reporting.py:51 ✅ STEP completed: Enter Exposed Port number
INFO     [📘TEST_INFO]:reporting.py:225 📸 Screenshot captured and attached (success): /home/runner/work/apolo-test-automation/apolo-test-automation/reports/screenshots/ui_enter_exposed_port_number_success_01f887.png
INFO     [📘TEST_INFO]:reporting.py:37 ▶️ STEP started: Select Exposed Port path type
INFO     [🎭 Playwright]:base_page.py:16 <ServiceDeploymentInstallPage>: Select Exposed Port Path Type: Prefix
INFO     [📘TEST_INFO]:reporting.py:51 ✅ STEP completed: Select Exposed Port path type
INFO     [📘TEST_INFO]:reporting.py:225 📸 Screenshot captured and attached (success): /home/runner/work/apolo-test-automation/apolo-test-automation/reports/screenshots/ui_select_exposed_port_path_type_success_73cc6e.png
INFO     [📘TEST_INFO]:reporting.py:37 ▶️ STEP started: Enter Exposed Port path
INFO     [🎭 Playwright]:base_page.py:16 <ServiceDeploymentInstallPage>: Enter Exposed Port Path Input: /
INFO     [📘TEST_INFO]:reporting.py:51 ✅ STEP completed: Enter Exposed Port path
INFO     [📘TEST_INFO]:reporting.py:225 📸 Screenshot captured and attached (success): /home/runner/work/apolo-test-automation/apolo-test-automation/reports/screenshots/ui_enter_exposed_port_path_success_4adc11.png
INFO     [📘TEST_INFO]:reporting.py:37 ▶️ STEP started: Click Health Check Probes checkbox
INFO     [🎭 Playwright]:base_page.py:16 <ServiceDeploymentInstallPage>: Click Health Check Probes Checkbox
INFO     [📘TEST_INFO]:reporting.py:51 ✅ STEP completed: Click Health Check Probes checkbox
INFO     [📘TEST_INFO]:reporting.py:225 📸 Screenshot captured and attached (success): /home/runner/work/apolo-test-automation/apolo-test-automation/reports/screenshots/ui_click_health_check_probes_checkbox_success_0d4c1e.png
INFO     [📘TEST_INFO]:reporting.py:37 ▶️ STEP started: Click Startup Probe checkbox
INFO     [🎭 Playwright]:base_page.py:16 <ServiceDeploymentInstallPage>: Click Startup Probe Checkbox
INFO     [📘TEST_INFO]:reporting.py:51 ✅ STEP completed: Click Startup Probe checkbox
INFO     [📘TEST_INFO]:reporting.py:225 📸 Screenshot captured and attached (success): /home/runner/work/apolo-test-automation/apolo-test-automation/reports/screenshots/ui_click_startup_probe_checkbox_success_59b785.png
INFO     [📘TEST_INFO]:reporting.py:37 ▶️ STEP started: Enter Startup Probe Initial Delay value
INFO     [🎭 Playwright]:base_page.py:16 <ServiceDeploymentInstallPage>: Enter Start up Delay Input: 30
INFO     [📘TEST_INFO]:reporting.py:51 ✅ STEP completed: Enter Startup Probe Initial Delay value
INFO     [📘TEST_INFO]:reporting.py:225 📸 Screenshot captured and attached (success): /home/runner/work/apolo-test-automation/apolo-test-automation/reports/screenshots/ui_enter_startup_probe_delay_value_success_fb8537.png
INFO     [📘TEST_INFO]:reporting.py:37 ▶️ STEP started: Enter Startup Probe Period value
INFO     [🎭 Playwright]:base_page.py:16 <ServiceDeploymentInstallPage>: Enter Start up Period Input: 10
INFO     [📘TEST_INFO]:reporting.py:51 ✅ STEP completed: Enter Startup Probe Period value
INFO     [📘TEST_INFO]:reporting.py:225 📸 Screenshot captured and attached (success): /home/runner/work/apolo-test-automation/apolo-test-automation/reports/screenshots/ui_enter_startup_probe_period_value_success_56f4c6.png
INFO     [📘TEST_INFO]:reporting.py:37 ▶️ STEP started: Enter Startup Probe Failure Threshold value
INFO     [🎭 Playwright]:base_page.py:16 <ServiceDeploymentInstallPage>: Enter Start up Failure Threshold Input: 5
INFO     [📘TEST_INFO]:reporting.py:51 ✅ STEP completed: Enter Startup Probe Failure Threshold value
INFO     [📘TEST_INFO]:reporting.py:225 📸 Screenshot captured and attached (success): /home/runner/work/apolo-test-automation/apolo-test-automation/reports/screenshots/ui_enter_startup_probe_failure_threshold_value_success_2a19e6.png
INFO     [📘TEST_INFO]:reporting.py:37 ▶️ STEP started: Enter Startup Probe Timeout value
INFO     [🎭 Playwright]:base_page.py:16 <ServiceDeploymentInstallPage>: Enter Start up Timeout Input: 5
INFO     [📘TEST_INFO]:reporting.py:51 ✅ STEP completed: Enter Startup Probe Timeout value
INFO     [📘TEST_INFO]:reporting.py:225 📸 Screenshot captured and attached (success): /home/runner/work/apolo-test-automation/apolo-test-automation/reports/screenshots/ui_enter_startup_probe_timeout_value_success_1ce5b4.png
INFO     [📘TEST_INFO]:reporting.py:37 ▶️ STEP started: Enter Startup Probe Health Check port number
INFO     [🎭 Playwright]:base_page.py:16 <ServiceDeploymentInstallPage>: Enter Startup Health Check HTTP Port: 8080
INFO     [📘TEST_INFO]:reporting.py:51 ✅ STEP completed: Enter Startup Probe Health Check port number
INFO     [📘TEST_INFO]:reporting.py:225 📸 Screenshot captured and attached (success): /home/runner/work/apolo-test-automation/apolo-test-automation/reports/screenshots/ui_enter_startup_probe_port_number_success_381d6c.png
INFO     [📘TEST_INFO]:reporting.py:37 ▶️ STEP started: Enter Startup Probe Health Check HTTP Path
INFO     [🎭 Playwright]:base_page.py:16 <ServiceDeploymentInstallPage>: Enter Startup Health Check HTTP Path: /
INFO     [📘TEST_INFO]:reporting.py:51 ✅ STEP completed: Enter Startup Probe Health Check HTTP Path
INFO     [📘TEST_INFO]:reporting.py:225 📸 Screenshot captured and attached (success): /home/runner/work/apolo-test-automation/apolo-test-automation/reports/screenshots/ui_enter_startup_probe_http_path_success_f549ec.png
INFO     [📘TEST_INFO]:reporting.py:37 ▶️ STEP started: Click Readiness Probe Checkbox
INFO     [🎭 Playwright]:base_page.py:16 <ServiceDeploymentInstallPage>: Click Readiness Probe Checkbox
INFO     [📘TEST_INFO]:reporting.py:51 ✅ STEP completed: Click Readiness Probe Checkbox
INFO     [📘TEST_INFO]:reporting.py:225 📸 Screenshot captured and attached (success): /home/runner/work/apolo-test-automation/apolo-test-automation/reports/screenshots/ui_click_readiness_probe_checkbox_success_e15787.png
INFO     [📘TEST_INFO]:reporting.py:37 ▶️ STEP started: Enter Readiness Probe Initial Delay value
INFO     [🎭 Playwright]:base_page.py:16 <ServiceDeploymentInstallPage>: Enter Readiness Probe Initial Delay: 30
INFO     [📘TEST_INFO]:reporting.py:51 ✅ STEP completed: Enter Readiness Probe Initial Delay value
INFO     [📘TEST_INFO]:reporting.py:225 📸 Screenshot captured and attached (success): /home/runner/work/apolo-test-automation/apolo-test-automation/reports/screenshots/ui_enter_readiness_probe_delay_value_success_af48c6.png
INFO     [📘TEST_INFO]:reporting.py:37 ▶️ STEP started: Enter Readiness Probe Period value
INFO     [🎭 Playwright]:base_page.py:16 <ServiceDeploymentInstallPage>: Enter Readiness Probe Period: 10
INFO     [📘TEST_INFO]:reporting.py:51 ✅ STEP completed: Enter Readiness Probe Period value
INFO     [📘TEST_INFO]:reporting.py:225 📸 Screenshot captured and attached (success): /home/runner/work/apolo-test-automation/apolo-test-automation/reports/screenshots/ui_enter_readiness_probe_period_value_success_fb2a07.png
INFO     [📘TEST_INFO]:reporting.py:37 ▶️ STEP started: Enter Readiness Probe Failure Threshold value
INFO     [🎭 Playwright]:base_page.py:16 <ServiceDeploymentInstallPage>: Enter Readiness Probe Failure Threshold: 5
INFO     [📘TEST_INFO]:reporting.py:51 ✅ STEP completed: Enter Readiness Probe Failure Threshold value
INFO     [📘TEST_INFO]:reporting.py:225 📸 Screenshot captured and attached (success): /home/runner/work/apolo-test-automation/apolo-test-automation/reports/screenshots/ui_enter_readiness_probe_failure_threshold_value_success_246e5d.png
INFO     [📘TEST_INFO]:reporting.py:37 ▶️ STEP started: Enter Readiness Probe Timeout value
INFO     [🎭 Playwright]:base_page.py:16 <ServiceDeploymentInstallPage>: Enter Readiness Probe Timeout: 5
INFO     [📘TEST_INFO]:reporting.py:51 ✅ STEP completed: Enter Readiness Probe Timeout value
INFO     [📘TEST_INFO]:reporting.py:225 📸 Screenshot captured and attached (success): /home/runner/work/apolo-test-automation/apolo-test-automation/reports/screenshots/ui_enter_readiness_probe_timeout_value_success_85dc2c.png
INFO     [📘TEST_INFO]:reporting.py:37 ▶️ STEP started: Enter Readiness Probe Health Check port number
INFO     [🎭 Playwright]:base_page.py:16 <ServiceDeploymentInstallPage>: Enter Readiness Probe HTTP Health Check Port: 8080
WARNING  [🔧TEST CONFIG]:conftest.py:438 [HTTP 200] GET https://api.dev.apolo.us/apis/apps/v2/instances?org=regression-org-4qhd5tzll416&project=regression-proj-cl2etqi0j7&cluster=default&size=100
Request Body (first 2000 chars):
<not available>
Response Body (first 2000 chars):
{"items":[{"id":"2b6e9ef7-dfc4-40b5-8945-869b714b7fd4","name":"regression-org-4qhd5tzll416-regression-proj--2b6e9ef7","created_at":"2025-10-11T02:43:52.677191Z","updated_at":"2025-10-11T02:48:37.401870Z","creator":"regression-67p1t5y1i1","display_name":"service-deployment-regression-53s3xnzd","template_name":"service-deployment-argocd","template_version":"v25.8.0","project_name":"regression-proj-cl2etqi0j7","org_name":"regression-org-4qhd5tzll416","cluster_name":"default","namespace":"platform--regression-or--regression-p--24f45eaa411a9c5af3d257a4","state":"uninstalled","app_type":"mlops","endpoints":[{"path":"$.app_url.external_url.host","friendly_name":"App Url","url":"https://custom-deployment--2b6e9ef7dfc440b58945869b714b7fd4.apps.dev.apolo.us"}]}],"total":1,"page":1,"size":100,"pages":1}
INFO     [📘TEST_INFO]:reporting.py:51 ✅ STEP completed: Enter Readiness Probe Health Check port number
INFO     [📘TEST_INFO]:reporting.py:225 📸 Screenshot captured and attached (success): /home/runner/work/apolo-test-automation/apolo-test-automation/reports/screenshots/ui_enter_readiness_probe_port_number_success_0395e2.png
INFO     [📘TEST_INFO]:reporting.py:37 ▶️ STEP started: Enter Readiness Probe Health Check HTTP Path
INFO     [🎭 Playwright]:base_page.py:16 <ServiceDeploymentInstallPage>: Enter Readiness Probe HTTP Path: /
INFO     [📘TEST_INFO]:reporting.py:51 ✅ STEP completed: Enter Readiness Probe Health Check HTTP Path
INFO     [📘TEST_INFO]:reporting.py:225 📸 Screenshot captured and attached (success): /home/runner/work/apolo-test-automation/apolo-test-automation/reports/screenshots/ui_enter_readiness_probe_http_path_success_2a4855.png
INFO     [📘TEST_INFO]:reporting.py:37 ▶️ STEP started: Enter Service Deployment instance display name
INFO     [🎭 Playwright]:base_page.py:16 <ServiceDeploymentInstallPage>: Entering service-deployment-regression-iuh90n9j app name
INFO     [📘TEST_INFO]:reporting.py:51 ✅ STEP completed: Enter Service Deployment instance display name
INFO     [📘TEST_INFO]:reporting.py:225 📸 Screenshot captured and attached (success): /home/runner/work/apolo-test-automation/apolo-test-automation/reports/screenshots/ui_enter_serv_depl_app_name_success_f26c60.png
INFO     [📘TEST_INFO]:reporting.py:37 ▶️ STEP started: Verify Export config button enabled
INFO     [📘TEST_INFO]:reporting.py:51 ✅ STEP completed: Verify Export config button enabled
INFO     [📘TEST_INFO]:reporting.py:225 📸 Screenshot captured and attached (success): /home/runner/work/apolo-test-automation/apolo-test-automation/reports/screenshots/verify_ui_export_config_btn_enabled_success_5cdd94.png
INFO     [📘TEST_INFO]:reporting.py:37 ▶️ STEP started: Export app config
INFO     [🎭 Playwright]:base_page.py:16 <ServiceDeploymentInstallPage>: Click Export config button
INFO     [📘TEST_INFO]:reporting.py:51 ✅ STEP completed: Export app config
INFO     [📘TEST_INFO]:reporting.py:225 📸 Screenshot captured and attached (success): /home/runner/work/apolo-test-automation/apolo-test-automation/reports/screenshots/ui_export_config_success_2d712f.png
INFO     [📘TEST_INFO]:reporting.py:37 ▶️ STEP started: Verify exported config file schema
INFO     [📘TEST_INFO]:reporting.py:51 ✅ STEP completed: Verify exported config file schema
INFO     [📘TEST_INFO]:reporting.py:92 ✅ TEST completed: Export Service Deployment app config via UI
INFO     [📘TEST_INFO]:reporting.py:98 ------------------------------------------------------------
INFO     [📘TEST_INFO]:reporting.py:155 ============================================================
INFO     [📘TEST_INFO]:reporting.py:156 📊 SUITE SUMMARY: 10 passed, 2 failed
INFO     [📘TEST_INFO]:reporting.py:159 ============================================================
INFO     [🌐API_helper]:api_helper.py:54 GET https://api.dev.apolo.us/apis/admin/v1/orgs
INFO     [🌐API_helper]:api_helper.py:175 Status: 200. Response: [{'name': 'regression-org-4qhd5tzll416', 'balance': {'credits': '499.96', 'spent_credits': '0.04'}, 'user_default_credits': None, 'notification_intervals': {'balance_projection_seconds': [604800, 259200, 86400], 'balance_amount': [0], 'balance_depletion_seconds': [86400, 604800]}}]
INFO     [🔧TEST CONFIG]:conftest.py:291 Cleaning up 1 organisations
INFO     [🌐API_helper]:api_helper.py:54 GET https://api.dev.apolo.us/apis/admin/v1/clusters/default/orgs/regression-org-4qhd5tzll416/projects
INFO     [🌐API_helper]:api_helper.py:182 Status: 200. Response: [{'name': 'regression-proj-cl2etqi0j7', 'cluster_name': 'default', 'org_name': 'regression-org-4qhd5tzll416', 'is_default': False, 'default_role': 'reader', 'has_virtual_kube': False}]
INFO     [🔧TEST CONFIG]:conftest.py:308 Cleaning up 1 projects
INFO     [🌐API_helper]:api_helper.py:196 Delete project response: <ClientResponse(https://api.dev.apolo.us/apis/admin/v1/clusters/default/orgs/regression-org-4qhd5tzll416/projects/regression-proj-cl2etqi0j7) [204 No Content]>
<CIMultiDictProxy('Access-Control-Allow-Credentials': 'true', 'Date': 'Sat, 11 Oct 2025 02:50:51 GMT', 'Server': 'Python/3.13 aiohttp/3.12.15', 'Vary': 'Origin', 'x-service-version': 'platform-admin/0.0.0.post1.dev0+4cdab15', 'Via': '1.1 google', 'Alt-Svc': 'h3=":443"; ma=2592000,h3-29=":443"; ma=2592000')>

INFO     [🔧TEST CONFIG]:conftest.py:314 Deleted project: regression-proj-cl2etqi0j7
INFO     [🌐API_helper]:api_helper.py:189 Delete organization response: <ClientResponse(https://api.dev.apolo.us/apis/admin/v1/orgs/regression-org-4qhd5tzll416) [200 OK]>
<CIMultiDictProxy('Access-Control-Allow-Credentials': 'true', 'Content-Length': '280', 'Content-Type': 'application/json; charset=utf-8', 'Date': 'Sat, 11 Oct 2025 02:50:52 GMT', 'Server': 'Python/3.13 aiohttp/3.12.15', 'Vary': 'Origin', 'x-service-version': 'platform-admin/0.0.0.post1.dev0+4cdab15', 'Via': '1.1 google', 'Alt-Svc': 'h3=":443"; ma=2592000,h3-29=":443"; ma=2592000')>

INFO     [🔧TEST CONFIG]:conftest.py:327 Deleted organisation: regression-org-4qhd5tzll416
INFO     [🔧TEST CONFIG]:conftest.py:332 Closing all browser sessions
WARNING  [🔧TEST CONFIG]:conftest.py:348 Failed to stop Playwright: Event loop is closed
WARNING  [🔧TEST CONFIG]:conftest.py:355 Failed to close context: 
WARNING  [🔧TEST CONFIG]:conftest.py:362 Failed to close browser: 
WARNING  [🔧TEST CONFIG]:conftest.py:348 Failed to stop Playwright: Event loop is closed
WARNING  [🔧TEST CONFIG]:conftest.py:438 [HTTP 401] GET https://api.dev.apolo.us/apis/apps/v2/instances?org=regression-org-4qhd5tzll416&project=regression-proj-cl2etqi0j7&cluster=default&size=100
Request Body (first 2000 chars):
<not available>
Response Body (first 2000 chars):
{"detail":{"missing":[{"uri":"app://default/regression-org-4qhd5tzll416/regression-proj-cl2etqi0j7","action":"read"}]}}
WARNING  [🔧TEST CONFIG]:conftest.py:355 Failed to close context: 
WARNING  [🔧TEST CONFIG]:conftest.py:362 Failed to close browser: 
WARNING  [🔧TEST CONFIG]:conftest.py:348 Failed to stop Playwright: Event loop is closed
WARNING  [🔧TEST CONFIG]:conftest.py:355 Failed to close context: 
WARNING  [🔧TEST CONFIG]:conftest.py:362 Failed to close browser: 
WARNING  [🔧TEST CONFIG]:conftest.py:348 Failed to stop Playwright: Event loop is closed
WARNING  [🔧TEST CONFIG]:conftest.py:355 Failed to close context: 
WARNING  [🔧TEST CONFIG]:conftest.py:438 [HTTP 401] GET https://api.dev.apolo.us/apis/apps/v2/instances?org=regression-org-4qhd5tzll416&project=regression-proj-cl2etqi0j7&cluster=default&size=100
Request Body (first 2000 chars):
<not available>
Response Body (first 2000 chars):
{"detail":{"missing":[{"uri":"app://default/regression-org-4qhd5tzll416/regression-proj-cl2etqi0j7","action":"read"}]}}
WARNING  [🔧TEST CONFIG]:conftest.py:362 Failed to close browser: 
WARNING  [🔧TEST CONFIG]:conftest.py:348 Failed to stop Playwright: Event loop is closed
WARNING  [🔧TEST CONFIG]:conftest.py:355 Failed to close context: 
WARNING  [🔧TEST CONFIG]:conftest.py:362 Failed to close browser: 
WARNING  [🔧TEST CONFIG]:conftest.py:348 Failed to stop Playwright: Event loop is closed
WARNING  [🔧TEST CONFIG]:conftest.py:355 Failed to close context: 
WARNING  [🔧TEST CONFIG]:conftest.py:362 Failed to close browser: 
WARNING  [🔧TEST CONFIG]:conftest.py:348 Failed to stop Playwright: Event loop is closed
WARNING  [🔧TEST CONFIG]:conftest.py:438 [HTTP 401] GET https://api.dev.apolo.us/apis/apps/v2/instances?org=regression-org-4qhd5tzll416&project=regression-proj-cl2etqi0j7&cluster=default&size=100
Request Body (first 2000 chars):
<not available>
Response Body (first 2000 chars):
{"detail":{"missing":[{"uri":"app://default/regression-org-4qhd5tzll416/regression-proj-cl2etqi0j7","action":"read"}]}}
WARNING  [🔧TEST CONFIG]:conftest.py:355 Failed to close context: 
WARNING  [🔧TEST CONFIG]:conftest.py:362 Failed to close browser: 
WARNING  [🔧TEST CONFIG]:conftest.py:348 Failed to stop Playwright: Event loop is closed
WARNING  [🔧TEST CONFIG]:conftest.py:355 Failed to close context: 
WARNING  [🔧TEST CONFIG]:conftest.py:362 Failed to close browser: 
WARNING  [🔧TEST CONFIG]:conftest.py:348 Failed to stop Playwright: Event loop is closed
WARNING  [🔧TEST CONFIG]:conftest.py:355 Failed to close context: 
WARNING  [🔧TEST CONFIG]:conftest.py:438 [HTTP 401] GET https://api.dev.apolo.us/apis/apps/v2/instances?org=regression-org-4qhd5tzll416&project=regression-proj-cl2etqi0j7&cluster=default&size=100
Request Body (first 2000 chars):
<not available>
Response Body (first 2000 chars):
{"detail":{"missing":[{"uri":"app://default/regression-org-4qhd5tzll416/regression-proj-cl2etqi0j7","action":"read"}]}}
WARNING  [🔧TEST CONFIG]:conftest.py:362 Failed to close browser: 
WARNING  [🔧TEST CONFIG]:conftest.py:348 Failed to stop Playwright: Event loop is closed
WARNING  [🔧TEST CONFIG]:conftest.py:355 Failed to close context: 
ERROR    asyncio:base_events.py:1879 Exception in callback ProtocolCallback.__init__.<locals>.cb() at /home/runner/work/apolo-test-automation/apolo-test-automation/.venv/lib/python3.13/site-packages/playwright/_impl/_connection.py:228
handle: <Handle ProtocolCallback.__init__.<locals>.cb() at /home/runner/work/apolo-test-automation/apolo-test-automation/.venv/lib/python3.13/site-packages/playwright/_impl/_connection.py:228>
Traceback (most recent call last):
  File "/opt/hostedtoolcache/Python/3.13.7/x64/lib/python3.13/asyncio/events.py", line 89, in _run
    self._context.run(self._callback, *self._args)
    ~~~~~~~~~~~~~~~~~^^^^^^^^^^^^^^^^^^^^^^^^^^^^^
  File "/home/runner/work/apolo-test-automation/apolo-test-automation/.venv/lib/python3.13/site-packages/playwright/_impl/_connection.py", line 232, in cb
    self.future.cancel()
    ~~~~~~~~~~~~~~~~~~^^
  File "/opt/hostedtoolcache/Python/3.13.7/x64/lib/python3.13/asyncio/base_events.py", line 833, in call_soon
    self._check_closed()
    ~~~~~~~~~~~~~~~~~~^^
  File "/opt/hostedtoolcache/Python/3.13.7/x64/lib/python3.13/asyncio/base_events.py", line 556, in _check_closed
    raise RuntimeError('Event loop is closed')
RuntimeError: Event loop is closed
ERROR    asyncio:base_events.py:1879 Exception in callback ProtocolCallback.__init__.<locals>.cb() at /home/runner/work/apolo-test-automation/apolo-test-automation/.venv/lib/python3.13/site-packages/playwright/_impl/_connection.py:228
handle: <Handle ProtocolCallback.__init__.<locals>.cb() at /home/runner/work/apolo-test-automation/apolo-test-automation/.venv/lib/python3.13/site-packages/playwright/_impl/_connection.py:228>
Traceback (most recent call last):
  File "/opt/hostedtoolcache/Python/3.13.7/x64/lib/python3.13/asyncio/events.py", line 89, in _run
    self._context.run(self._callback, *self._args)
    ~~~~~~~~~~~~~~~~~^^^^^^^^^^^^^^^^^^^^^^^^^^^^^
  File "/home/runner/work/apolo-test-automation/apolo-test-automation/.venv/lib/python3.13/site-packages/playwright/_impl/_connection.py", line 232, in cb
    self.future.cancel()
    ~~~~~~~~~~~~~~~~~~^^
  File "/opt/hostedtoolcache/Python/3.13.7/x64/lib/python3.13/asyncio/base_events.py", line 833, in call_soon
    self._check_closed()
    ~~~~~~~~~~~~~~~~~~^^
  File "/opt/hostedtoolcache/Python/3.13.7/x64/lib/python3.13/asyncio/base_events.py", line 556, in _check_closed
    raise RuntimeError('Event loop is closed')
RuntimeError: Event loop is closed
ERROR    asyncio:base_events.py:1879 Exception in callback ProtocolCallback.__init__.<locals>.cb() at /home/runner/work/apolo-test-automation/apolo-test-automation/.venv/lib/python3.13/site-packages/playwright/_impl/_connection.py:228
handle: <Handle ProtocolCallback.__init__.<locals>.cb() at /home/runner/work/apolo-test-automation/apolo-test-automation/.venv/lib/python3.13/site-packages/playwright/_impl/_connection.py:228>
Traceback (most recent call last):
  File "/opt/hostedtoolcache/Python/3.13.7/x64/lib/python3.13/asyncio/events.py", line 89, in _run
    self._context.run(self._callback, *self._args)
    ~~~~~~~~~~~~~~~~~^^^^^^^^^^^^^^^^^^^^^^^^^^^^^
  File "/home/runner/work/apolo-test-automation/apolo-test-automation/.venv/lib/python3.13/site-packages/playwright/_impl/_connection.py", line 232, in cb
    self.future.cancel()
    ~~~~~~~~~~~~~~~~~~^^
  File "/opt/hostedtoolcache/Python/3.13.7/x64/lib/python3.13/asyncio/base_events.py", line 833, in call_soon
    self._check_closed()
    ~~~~~~~~~~~~~~~~~~^^
  File "/opt/hostedtoolcache/Python/3.13.7/x64/lib/python3.13/asyncio/base_events.py", line 556, in _check_closed
    raise RuntimeError('Event loop is closed')
RuntimeError: Event loop is closed
ERROR    asyncio:base_events.py:1879 Exception in callback ProtocolCallback.__init__.<locals>.cb() at /home/runner/work/apolo-test-automation/apolo-test-automation/.venv/lib/python3.13/site-packages/playwright/_impl/_connection.py:228
handle: <Handle ProtocolCallback.__init__.<locals>.cb() at /home/runner/work/apolo-test-automation/apolo-test-automation/.venv/lib/python3.13/site-packages/playwright/_impl/_connection.py:228>
Traceback (most recent call last):
  File "/opt/hostedtoolcache/Python/3.13.7/x64/lib/python3.13/asyncio/events.py", line 89, in _run
    self._context.run(self._callback, *self._args)
    ~~~~~~~~~~~~~~~~~^^^^^^^^^^^^^^^^^^^^^^^^^^^^^
  File "/home/runner/work/apolo-test-automation/apolo-test-automation/.venv/lib/python3.13/site-packages/playwright/_impl/_connection.py", line 232, in cb
    self.future.cancel()
    ~~~~~~~~~~~~~~~~~~^^
  File "/opt/hostedtoolcache/Python/3.13.7/x64/lib/python3.13/asyncio/base_events.py", line 833, in call_soon
    self._check_closed()
    ~~~~~~~~~~~~~~~~~~^^
  File "/opt/hostedtoolcache/Python/3.13.7/x64/lib/python3.13/asyncio/base_events.py", line 556, in _check_closed
    raise RuntimeError('Event loop is closed')
RuntimeError: Event loop is closed
ERROR    asyncio:base_events.py:1879 Exception in callback ProtocolCallback.__init__.<locals>.cb() at /home/runner/work/apolo-test-automation/apolo-test-automation/.venv/lib/python3.13/site-packages/playwright/_impl/_connection.py:228
handle: <Handle ProtocolCallback.__init__.<locals>.cb() at /home/runner/work/apolo-test-automation/apolo-test-automation/.venv/lib/python3.13/site-packages/playwright/_impl/_connection.py:228>
Traceback (most recent call last):
  File "/opt/hostedtoolcache/Python/3.13.7/x64/lib/python3.13/asyncio/events.py", line 89, in _run
    self._context.run(self._callback, *self._args)
    ~~~~~~~~~~~~~~~~~^^^^^^^^^^^^^^^^^^^^^^^^^^^^^
  File "/home/runner/work/apolo-test-automation/apolo-test-automation/.venv/lib/python3.13/site-packages/playwright/_impl/_connection.py", line 232, in cb
    self.future.cancel()
    ~~~~~~~~~~~~~~~~~~^^
  File "/opt/hostedtoolcache/Python/3.13.7/x64/lib/python3.13/asyncio/base_events.py", line 833, in call_soon
    self._check_closed()
    ~~~~~~~~~~~~~~~~~~^^
  File "/opt/hostedtoolcache/Python/3.13.7/x64/lib/python3.13/asyncio/base_events.py", line 556, in _check_closed
    raise RuntimeError('Event loop is closed')
RuntimeError: Event loop is closed
ERROR    asyncio:base_events.py:1879 Exception in callback ProtocolCallback.__init__.<locals>.cb() at /home/runner/work/apolo-test-automation/apolo-test-automation/.venv/lib/python3.13/site-packages/playwright/_impl/_connection.py:228
handle: <Handle ProtocolCallback.__init__.<locals>.cb() at /home/runner/work/apolo-test-automation/apolo-test-automation/.venv/lib/python3.13/site-packages/playwright/_impl/_connection.py:228>
Traceback (most recent call last):
  File "/opt/hostedtoolcache/Python/3.13.7/x64/lib/python3.13/asyncio/events.py", line 89, in _run
    self._context.run(self._callback, *self._args)
    ~~~~~~~~~~~~~~~~~^^^^^^^^^^^^^^^^^^^^^^^^^^^^^
  File "/home/runner/work/apolo-test-automation/apolo-test-automation/.venv/lib/python3.13/site-packages/playwright/_impl/_connection.py", line 232, in cb
    self.future.cancel()
    ~~~~~~~~~~~~~~~~~~^^
  File "/opt/hostedtoolcache/Python/3.13.7/x64/lib/python3.13/asyncio/base_events.py", line 833, in call_soon
    self._check_closed()
    ~~~~~~~~~~~~~~~~~~^^
  File "/opt/hostedtoolcache/Python/3.13.7/x64/lib/python3.13/asyncio/base_events.py", line 556, in _check_closed
    raise RuntimeError('Event loop is closed')
RuntimeError: Event loop is closed
ERROR    asyncio:base_events.py:1879 Exception in callback ProtocolCallback.__init__.<locals>.cb() at /home/runner/work/apolo-test-automation/apolo-test-automation/.venv/lib/python3.13/site-packages/playwright/_impl/_connection.py:228
handle: <Handle ProtocolCallback.__init__.<locals>.cb() at /home/runner/work/apolo-test-automation/apolo-test-automation/.venv/lib/python3.13/site-packages/playwright/_impl/_connection.py:228>
Traceback (most recent call last):
  File "/opt/hostedtoolcache/Python/3.13.7/x64/lib/python3.13/asyncio/events.py", line 89, in _run
    self._context.run(self._callback, *self._args)
    ~~~~~~~~~~~~~~~~~^^^^^^^^^^^^^^^^^^^^^^^^^^^^^
  File "/home/runner/work/apolo-test-automation/apolo-test-automation/.venv/lib/python3.13/site-packages/playwright/_impl/_connection.py", line 232, in cb
    self.future.cancel()
    ~~~~~~~~~~~~~~~~~~^^
  File "/opt/hostedtoolcache/Python/3.13.7/x64/lib/python3.13/asyncio/base_events.py", line 833, in call_soon
    self._check_closed()
    ~~~~~~~~~~~~~~~~~~^^
  File "/opt/hostedtoolcache/Python/3.13.7/x64/lib/python3.13/asyncio/base_events.py", line 556, in _check_closed
    raise RuntimeError('Event loop is closed')
RuntimeError: Event loop is closed
ERROR    asyncio:base_events.py:1879 Exception in callback ProtocolCallback.__init__.<locals>.cb() at /home/runner/work/apolo-test-automation/apolo-test-automation/.venv/lib/python3.13/site-packages/playwright/_impl/_connection.py:228
handle: <Handle ProtocolCallback.__init__.<locals>.cb() at /home/runner/work/apolo-test-automation/apolo-test-automation/.venv/lib/python3.13/site-packages/playwright/_impl/_connection.py:228>
Traceback (most recent call last):
  File "/opt/hostedtoolcache/Python/3.13.7/x64/lib/python3.13/asyncio/events.py", line 89, in _run
    self._context.run(self._callback, *self._args)
    ~~~~~~~~~~~~~~~~~^^^^^^^^^^^^^^^^^^^^^^^^^^^^^
  File "/home/runner/work/apolo-test-automation/apolo-test-automation/.venv/lib/python3.13/site-packages/playwright/_impl/_connection.py", line 232, in cb
    self.future.cancel()
    ~~~~~~~~~~~~~~~~~~^^
  File "/opt/hostedtoolcache/Python/3.13.7/x64/lib/python3.13/asyncio/base_events.py", line 833, in call_soon
    self._check_closed()
    ~~~~~~~~~~~~~~~~~~^^
  File "/opt/hostedtoolcache/Python/3.13.7/x64/lib/python3.13/asyncio/base_events.py", line 556, in _check_closed
    raise RuntimeError('Event loop is closed')
RuntimeError: Event loop is closed
ERROR    asyncio:base_events.py:1879 Exception in callback ProtocolCallback.__init__.<locals>.cb() at /home/runner/work/apolo-test-automation/apolo-test-automation/.venv/lib/python3.13/site-packages/playwright/_impl/_connection.py:228
handle: <Handle ProtocolCallback.__init__.<locals>.cb() at /home/runner/work/apolo-test-automation/apolo-test-automation/.venv/lib/python3.13/site-packages/playwright/_impl/_connection.py:228>
Traceback (most recent call last):
  File "/opt/hostedtoolcache/Python/3.13.7/x64/lib/python3.13/asyncio/events.py", line 89, in _run
    self._context.run(self._callback, *self._args)
    ~~~~~~~~~~~~~~~~~^^^^^^^^^^^^^^^^^^^^^^^^^^^^^
  File "/home/runner/work/apolo-test-automation/apolo-test-automation/.venv/lib/python3.13/site-packages/playwright/_impl/_connection.py", line 232, in cb
    self.future.cancel()
    ~~~~~~~~~~~~~~~~~~^^
  File "/opt/hostedtoolcache/Python/3.13.7/x64/lib/python3.13/asyncio/base_events.py", line 833, in call_soon
    self._check_closed()
    ~~~~~~~~~~~~~~~~~~^^
  File "/opt/hostedtoolcache/Python/3.13.7/x64/lib/python3.13/asyncio/base_events.py", line 556, in _check_closed
    raise RuntimeError('Event loop is closed')
RuntimeError: Event loop is closed
ERROR    asyncio:base_events.py:1879 Exception in callback ProtocolCallback.__init__.<locals>.cb() at /home/runner/work/apolo-test-automation/apolo-test-automation/.venv/lib/python3.13/site-packages/playwright/_impl/_connection.py:228
handle: <Handle ProtocolCallback.__init__.<locals>.cb() at /home/runner/work/apolo-test-automation/apolo-test-automation/.venv/lib/python3.13/site-packages/playwright/_impl/_connection.py:228>
Traceback (most recent call last):
  File "/opt/hostedtoolcache/Python/3.13.7/x64/lib/python3.13/asyncio/events.py", line 89, in _run
    self._context.run(self._callback, *self._args)
    ~~~~~~~~~~~~~~~~~^^^^^^^^^^^^^^^^^^^^^^^^^^^^^
  File "/home/runner/work/apolo-test-automation/apolo-test-automation/.venv/lib/python3.13/site-packages/playwright/_impl/_connection.py", line 232, in cb
    self.future.cancel()
    ~~~~~~~~~~~~~~~~~~^^
  File "/opt/hostedtoolcache/Python/3.13.7/x64/lib/python3.13/asyncio/base_events.py", line 833, in call_soon
    self._check_closed()
    ~~~~~~~~~~~~~~~~~~^^
  File "/opt/hostedtoolcache/Python/3.13.7/x64/lib/python3.13/asyncio/base_events.py", line 556, in _check_closed
    raise RuntimeError('Event loop is closed')
RuntimeError: Event loop is closed
ERROR    asyncio:base_events.py:1879 Exception in callback ProtocolCallback.__init__.<locals>.cb() at /home/runner/work/apolo-test-automation/apolo-test-automation/.venv/lib/python3.13/site-packages/playwright/_impl/_connection.py:228
handle: <Handle ProtocolCallback.__init__.<locals>.cb() at /home/runner/work/apolo-test-automation/apolo-test-automation/.venv/lib/python3.13/site-packages/playwright/_impl/_connection.py:228>
Traceback (most recent call last):
  File "/opt/hostedtoolcache/Python/3.13.7/x64/lib/python3.13/asyncio/events.py", line 89, in _run
    self._context.run(self._callback, *self._args)
    ~~~~~~~~~~~~~~~~~^^^^^^^^^^^^^^^^^^^^^^^^^^^^^
  File "/home/runner/work/apolo-test-automation/apolo-test-automation/.venv/lib/python3.13/site-packages/playwright/_impl/_connection.py", line 232, in cb
    self.future.cancel()
    ~~~~~~~~~~~~~~~~~~^^
  File "/opt/hostedtoolcache/Python/3.13.7/x64/lib/python3.13/asyncio/base_events.py", line 833, in call_soon
    self._check_closed()
    ~~~~~~~~~~~~~~~~~~^^
  File "/opt/hostedtoolcache/Python/3.13.7/x64/lib/python3.13/asyncio/base_events.py", line 556, in _check_closed
    raise RuntimeError('Event loop is closed')
RuntimeError: Event loop is closed
ERROR    asyncio:base_events.py:1879 Exception in callback ProtocolCallback.__init__.<locals>.cb() at /home/runner/work/apolo-test-automation/apolo-test-automation/.venv/lib/python3.13/site-packages/playwright/_impl/_connection.py:228
handle: <Handle ProtocolCallback.__init__.<locals>.cb() at /home/runner/work/apolo-test-automation/apolo-test-automation/.venv/lib/python3.13/site-packages/playwright/_impl/_connection.py:228>
Traceback (most recent call last):
  File "/opt/hostedtoolcache/Python/3.13.7/x64/lib/python3.13/asyncio/events.py", line 89, in _run
    self._context.run(self._callback, *self._args)
    ~~~~~~~~~~~~~~~~~^^^^^^^^^^^^^^^^^^^^^^^^^^^^^
  File "/home/runner/work/apolo-test-automation/apolo-test-automation/.venv/lib/python3.13/site-packages/playwright/_impl/_connection.py", line 232, in cb
    self.future.cancel()
    ~~~~~~~~~~~~~~~~~~^^
  File "/opt/hostedtoolcache/Python/3.13.7/x64/lib/python3.13/asyncio/base_events.py", line 833, in call_soon
    self._check_closed()
    ~~~~~~~~~~~~~~~~~~^^
  File "/opt/hostedtoolcache/Python/3.13.7/x64/lib/python3.13/asyncio/base_events.py", line 556, in _check_closed
    raise RuntimeError('Event loop is closed')
RuntimeError: Event loop is closed
ERROR    asyncio:base_events.py:1879 Exception in callback ProtocolCallback.__init__.<locals>.cb() at /home/runner/work/apolo-test-automation/apolo-test-automation/.venv/lib/python3.13/site-packages/playwright/_impl/_connection.py:228
handle: <Handle ProtocolCallback.__init__.<locals>.cb() at /home/runner/work/apolo-test-automation/apolo-test-automation/.venv/lib/python3.13/site-packages/playwright/_impl/_connection.py:228>
Traceback (most recent call last):
  File "/opt/hostedtoolcache/Python/3.13.7/x64/lib/python3.13/asyncio/events.py", line 89, in _run
    self._context.run(self._callback, *self._args)
    ~~~~~~~~~~~~~~~~~^^^^^^^^^^^^^^^^^^^^^^^^^^^^^
  File "/home/runner/work/apolo-test-automation/apolo-test-automation/.venv/lib/python3.13/site-packages/playwright/_impl/_connection.py", line 232, in cb
    self.future.cancel()
    ~~~~~~~~~~~~~~~~~~^^
  File "/opt/hostedtoolcache/Python/3.13.7/x64/lib/python3.13/asyncio/base_events.py", line 833, in call_soon
    self._check_closed()
    ~~~~~~~~~~~~~~~~~~^^
  File "/opt/hostedtoolcache/Python/3.13.7/x64/lib/python3.13/asyncio/base_events.py", line 556, in _check_closed
    raise RuntimeError('Event loop is closed')
RuntimeError: Event loop is closed
ERROR    asyncio:base_events.py:1879 Exception in callback ProtocolCallback.__init__.<locals>.cb() at /home/runner/work/apolo-test-automation/apolo-test-automation/.venv/lib/python3.13/site-packages/playwright/_impl/_connection.py:228
handle: <Handle ProtocolCallback.__init__.<locals>.cb() at /home/runner/work/apolo-test-automation/apolo-test-automation/.venv/lib/python3.13/site-packages/playwright/_impl/_connection.py:228>
Traceback (most recent call last):
  File "/opt/hostedtoolcache/Python/3.13.7/x64/lib/python3.13/asyncio/events.py", line 89, in _run
    self._context.run(self._callback, *self._args)
    ~~~~~~~~~~~~~~~~~^^^^^^^^^^^^^^^^^^^^^^^^^^^^^
  File "/home/runner/work/apolo-test-automation/apolo-test-automation/.venv/lib/python3.13/site-packages/playwright/_impl/_connection.py", line 232, in cb
    self.future.cancel()
    ~~~~~~~~~~~~~~~~~~^^
  File "/opt/hostedtoolcache/Python/3.13.7/x64/lib/python3.13/asyncio/base_events.py", line 833, in call_soon
    self._check_closed()
    ~~~~~~~~~~~~~~~~~~^^
  File "/opt/hostedtoolcache/Python/3.13.7/x64/lib/python3.13/asyncio/base_events.py", line 556, in _check_closed
    raise RuntimeError('Event loop is closed')
RuntimeError: Event loop is closed
ERROR    asyncio:base_events.py:1879 Exception in callback ProtocolCallback.__init__.<locals>.cb() at /home/runner/work/apolo-test-automation/apolo-test-automation/.venv/lib/python3.13/site-packages/playwright/_impl/_connection.py:228
handle: <Handle ProtocolCallback.__init__.<locals>.cb() at /home/runner/work/apolo-test-automation/apolo-test-automation/.venv/lib/python3.13/site-packages/playwright/_impl/_connection.py:228>
Traceback (most recent call last):
  File "/opt/hostedtoolcache/Python/3.13.7/x64/lib/python3.13/asyncio/events.py", line 89, in _run
    self._context.run(self._callback, *self._args)
    ~~~~~~~~~~~~~~~~~^^^^^^^^^^^^^^^^^^^^^^^^^^^^^
  File "/home/runner/work/apolo-test-automation/apolo-test-automation/.venv/lib/python3.13/site-packages/playwright/_impl/_connection.py", line 232, in cb
    self.future.cancel()
    ~~~~~~~~~~~~~~~~~~^^
  File "/opt/hostedtoolcache/Python/3.13.7/x64/lib/python3.13/asyncio/base_events.py", line 833, in call_soon
    self._check_closed()
    ~~~~~~~~~~~~~~~~~~^^
  File "/opt/hostedtoolcache/Python/3.13.7/x64/lib/python3.13/asyncio/base_events.py", line 556, in _check_closed
    raise RuntimeError('Event loop is closed')
RuntimeError: Event loop is closed
ERROR    asyncio:base_events.py:1879 Exception in callback ProtocolCallback.__init__.<locals>.cb() at /home/runner/work/apolo-test-automation/apolo-test-automation/.venv/lib/python3.13/site-packages/playwright/_impl/_connection.py:228
handle: <Handle ProtocolCallback.__init__.<locals>.cb() at /home/runner/work/apolo-test-automation/apolo-test-automation/.venv/lib/python3.13/site-packages/playwright/_impl/_connection.py:228>
Traceback (most recent call last):
  File "/opt/hostedtoolcache/Python/3.13.7/x64/lib/python3.13/asyncio/events.py", line 89, in _run
    self._context.run(self._callback, *self._args)
    ~~~~~~~~~~~~~~~~~^^^^^^^^^^^^^^^^^^^^^^^^^^^^^
  File "/home/runner/work/apolo-test-automation/apolo-test-automation/.venv/lib/python3.13/site-packages/playwright/_impl/_connection.py", line 232, in cb
    self.future.cancel()
    ~~~~~~~~~~~~~~~~~~^^
  File "/opt/hostedtoolcache/Python/3.13.7/x64/lib/python3.13/asyncio/base_events.py", line 833, in call_soon
    self._check_closed()
    ~~~~~~~~~~~~~~~~~~^^
  File "/opt/hostedtoolcache/Python/3.13.7/x64/lib/python3.13/asyncio/base_events.py", line 556, in _check_closed
    raise RuntimeError('Event loop is closed')
RuntimeError: Event loop is closed
ERROR    asyncio:base_events.py:1879 Exception in callback ProtocolCallback.__init__.<locals>.cb() at /home/runner/work/apolo-test-automation/apolo-test-automation/.venv/lib/python3.13/site-packages/playwright/_impl/_connection.py:228
handle: <Handle ProtocolCallback.__init__.<locals>.cb() at /home/runner/work/apolo-test-automation/apolo-test-automation/.venv/lib/python3.13/site-packages/playwright/_impl/_connection.py:228>
Traceback (most recent call last):
  File "/opt/hostedtoolcache/Python/3.13.7/x64/lib/python3.13/asyncio/events.py", line 89, in _run
    self._context.run(self._callback, *self._args)
    ~~~~~~~~~~~~~~~~~^^^^^^^^^^^^^^^^^^^^^^^^^^^^^
  File "/home/runner/work/apolo-test-automation/apolo-test-automation/.venv/lib/python3.13/site-packages/playwright/_impl/_connection.py", line 232, in cb
    self.future.cancel()
    ~~~~~~~~~~~~~~~~~~^^
  File "/opt/hostedtoolcache/Python/3.13.7/x64/lib/python3.13/asyncio/base_events.py", line 833, in call_soon
    self._check_closed()
    ~~~~~~~~~~~~~~~~~~^^
  File "/opt/hostedtoolcache/Python/3.13.7/x64/lib/python3.13/asyncio/base_events.py", line 556, in _check_closed
    raise RuntimeError('Event loop is closed')
RuntimeError: Event loop is closed
ERROR    asyncio:base_events.py:1879 Exception in callback ProtocolCallback.__init__.<locals>.cb() at /home/runner/work/apolo-test-automation/apolo-test-automation/.venv/lib/python3.13/site-packages/playwright/_impl/_connection.py:228
handle: <Handle ProtocolCallback.__init__.<locals>.cb() at /home/runner/work/apolo-test-automation/apolo-test-automation/.venv/lib/python3.13/site-packages/playwright/_impl/_connection.py:228>
Traceback (most recent call last):
  File "/opt/hostedtoolcache/Python/3.13.7/x64/lib/python3.13/asyncio/events.py", line 89, in _run
    self._context.run(self._callback, *self._args)
    ~~~~~~~~~~~~~~~~~^^^^^^^^^^^^^^^^^^^^^^^^^^^^^
  File "/home/runner/work/apolo-test-automation/apolo-test-automation/.venv/lib/python3.13/site-packages/playwright/_impl/_connection.py", line 232, in cb
    self.future.cancel()
    ~~~~~~~~~~~~~~~~~~^^
  File "/opt/hostedtoolcache/Python/3.13.7/x64/lib/python3.13/asyncio/base_events.py", line 833, in call_soon
    self._check_closed()
    ~~~~~~~~~~~~~~~~~~^^
  File "/opt/hostedtoolcache/Python/3.13.7/x64/lib/python3.13/asyncio/base_events.py", line 556, in _check_closed
    raise RuntimeError('Event loop is closed')
RuntimeError: Event loop is closed
ERROR    asyncio:base_events.py:1879 Exception in callback ProtocolCallback.__init__.<locals>.cb() at /home/runner/work/apolo-test-automation/apolo-test-automation/.venv/lib/python3.13/site-packages/playwright/_impl/_connection.py:228
handle: <Handle ProtocolCallback.__init__.<locals>.cb() at /home/runner/work/apolo-test-automation/apolo-test-automation/.venv/lib/python3.13/site-packages/playwright/_impl/_connection.py:228>
Traceback (most recent call last):
  File "/opt/hostedtoolcache/Python/3.13.7/x64/lib/python3.13/asyncio/events.py", line 89, in _run
    self._context.run(self._callback, *self._args)
    ~~~~~~~~~~~~~~~~~^^^^^^^^^^^^^^^^^^^^^^^^^^^^^
  File "/home/runner/work/apolo-test-automation/apolo-test-automation/.venv/lib/python3.13/site-packages/playwright/_impl/_connection.py", line 232, in cb
    self.future.cancel()
    ~~~~~~~~~~~~~~~~~~^^
  File "/opt/hostedtoolcache/Python/3.13.7/x64/lib/python3.13/asyncio/base_events.py", line 833, in call_soon
    self._check_closed()
    ~~~~~~~~~~~~~~~~~~^^
  File "/opt/hostedtoolcache/Python/3.13.7/x64/lib/python3.13/asyncio/base_events.py", line 556, in _check_closed
    raise RuntimeError('Event loop is closed')
RuntimeError: Event loop is closed
ERROR    asyncio:base_events.py:1879 Exception in callback ProtocolCallback.__init__.<locals>.cb() at /home/runner/work/apolo-test-automation/apolo-test-automation/.venv/lib/python3.13/site-packages/playwright/_impl/_connection.py:228
handle: <Handle ProtocolCallback.__init__.<locals>.cb() at /home/runner/work/apolo-test-automation/apolo-test-automation/.venv/lib/python3.13/site-packages/playwright/_impl/_connection.py:228>
Traceback (most recent call last):
  File "/opt/hostedtoolcache/Python/3.13.7/x64/lib/python3.13/asyncio/events.py", line 89, in _run
    self._context.run(self._callback, *self._args)
    ~~~~~~~~~~~~~~~~~^^^^^^^^^^^^^^^^^^^^^^^^^^^^^
  File "/home/runner/work/apolo-test-automation/apolo-test-automation/.venv/lib/python3.13/site-packages/playwright/_impl/_connection.py", line 232, in cb
    self.future.cancel()
    ~~~~~~~~~~~~~~~~~~^^
  File "/opt/hostedtoolcache/Python/3.13.7/x64/lib/python3.13/asyncio/base_events.py", line 833, in call_soon
    self._check_closed()
    ~~~~~~~~~~~~~~~~~~^^
  File "/opt/hostedtoolcache/Python/3.13.7/x64/lib/python3.13/asyncio/base_events.py", line 556, in _check_closed
    raise RuntimeError('Event loop is closed')
RuntimeError: Event loop is closed