INFO     [🔧TEST CONFIG]:conftest.py:83 Loading test configuration
INFO     [🔧TEST CONFIG]:conftest.py:363 Navigating to: https://console.dev.apolo.us/
WARNING  [🔧TEST CONFIG]:conftest.py:405 [HTTP 200] GET https://api.dev.apolo.us/api/v1/config
Request Body:
<not available>
Response Body (first 1000 chars):
{"authorized": false, "auth_url": "https://auth.dev.apolo.us/authorize", "token_url": "https://auth.dev.apolo.us/oauth/token", "logout_url": "https://auth.dev.apolo.us/v2/logout?returnTo=https://console.dev.apolo.us", "client_id": "q3I0OzzGnTDkhRmpeJ7WWgaTCucmVxTL", "audience": "https://api.dev.apolo.us", "callback_urls": ["http://127.0.0.1:54540", "http://127.0.0.1:54541", "http://127.0.0.1:54542"], "headless_callback_url": "https://api.dev.apolo.us/oauth/show-code", "success_redirect_url": "https://api.dev.apolo.us/oauth/login"}
INFO     [🔧TEST CONFIG]:conftest.py:89 Creating data manager
INFO     [🔧TEST CONFIG]:conftest.py:115 Creating users manager
INFO     [🔧TEST CONFIG]:conftest.py:101 Creating API helper
INFO     [🔧TEST CONFIG]:conftest.py:109 Creating Apolo CLI instance
INFO     [🔧TEST CONFIG]:conftest.py:190 Continue using UserData(email='regression-t1k8movgbj@apolo.us', username='regression-t1k8movgbj', password='8IzKUq%MNoJk') as main test user...
INFO     [👤UsersManager]:users_manager.py:73 Setting main user to UserData(email='regression-t1k8movgbj@apolo.us', username='regression-t1k8movgbj', password='8IzKUq%MNoJk')
INFO     [🔧TEST CONFIG]:conftest.py:220 Continue using UserData(email='regression-1w5rh01mec@apolo.us', username='regression-1w5rh01mec', password='WZAH^tjYdY*c') as second test user...
INFO     [👤UsersManager]:users_manager.py:82 Setting second user to UserData(email='regression-1w5rh01mec@apolo.us', username='regression-1w5rh01mec', password='WZAH^tjYdY*c')
INFO     [🔧TEST CONFIG]:conftest.py:225 Continue using UserData(email='regression-9iz634g5zr@apolo.us', username='regression-9iz634g5zr', password='c%4L^j!42e#m') as third test user...
INFO     [👤UsersManager]:users_manager.py:91 Setting third user to UserData(email='regression-9iz634g5zr@apolo.us', username='regression-9iz634g5zr', password='c%4L^j!42e#m')
INFO     [📘TEST_INFO]:reporting.py:141 ============================================================
INFO     [📘TEST_INFO]:reporting.py:142 📁 SUITE STARTED: UI Signup
INFO     [📘TEST_INFO]:reporting.py:143 ============================================================
INFO     [📘TEST_INFO]:reporting.py:86 ------------------------------------------------------------
INFO     [📘TEST_INFO]:reporting.py:87 📝 TEST started: New user successful signup
INFO     [📘TEST_INFO]:reporting.py:88 ------------------------------------------------------------
INFO     [👤UsersManager]:users_manager.py:59 Generated new user: UserData(email='regression-cf6a6zl1ks@apolo.us', username='regression-cf6a6zl1ks', password='O2L85GfBo!K1')
INFO     [👤UsersManager]:users_manager.py:73 Setting main user to UserData(email='regression-cf6a6zl1ks@apolo.us', username='regression-cf6a6zl1ks', password='O2L85GfBo!K1')
INFO     [📘TEST_INFO]:reporting.py:37 ▶️ STEP started: Click signup button
INFO     [🎭 Playwright]:base_page.py:16 <AuthPage>: Click sign up button
INFO     [📘TEST_INFO]:reporting.py:51 ✅ STEP completed: Click signup button
INFO     [📘TEST_INFO]:reporting.py:225 📸 Screenshot captured and attached (success): /home/runner/work/apolo-test-automation/apolo-test-automation/reports/screenshots/ui_click_signup_button_success_e96189.png
INFO     [📘TEST_INFO]:reporting.py:37 ▶️ STEP started: Enter email
INFO     [🎭 Playwright]:base_page.py:16 <SignupPage>: Enter regression-cf6a6zl1ks@apolo.us email
INFO     [📘TEST_INFO]:reporting.py:51 ✅ STEP completed: Enter email
INFO     [📘TEST_INFO]:reporting.py:225 📸 Screenshot captured and attached (success): /home/runner/work/apolo-test-automation/apolo-test-automation/reports/screenshots/ui_enter_email_success_eff213.png
INFO     [📘TEST_INFO]:reporting.py:37 ▶️ STEP started: Enter password
INFO     [🎭 Playwright]:base_page.py:16 <SignupPage>: Enter ********* password
INFO     [📘TEST_INFO]:reporting.py:51 ✅ STEP completed: Enter password
INFO     [📘TEST_INFO]:reporting.py:225 📸 Screenshot captured and attached (success): /home/runner/work/apolo-test-automation/apolo-test-automation/reports/screenshots/ui_enter_password_success_a9f595.png
INFO     [📘TEST_INFO]:reporting.py:37 ▶️ STEP started: Click continue button
INFO     [🎭 Playwright]:base_page.py:16 <SignupPage>: Click continue button
INFO     [📘TEST_INFO]:reporting.py:51 ✅ STEP completed: Click continue button
INFO     [📘TEST_INFO]:reporting.py:225 📸 Screenshot captured and attached (success): /home/runner/work/apolo-test-automation/apolo-test-automation/reports/screenshots/ui_click_continue_button_success_a80563.png
INFO     [📘TEST_INFO]:reporting.py:37 ▶️ STEP started: Verify that Verify email message displayed
INFO     [🎭 Playwright]:base_page.py:16 <MainPage>: Check if verify email message displayed
WARNING  [🔧TEST CONFIG]:conftest.py:405 [HTTP 200] GET https://api.dev.apolo.us/api/v1/config
Request Body:
<not available>
Response Body (first 1000 chars):
{"authorized": false, "auth_url": "https://auth.dev.apolo.us/authorize", "token_url": "https://auth.dev.apolo.us/oauth/token", "logout_url": "https://auth.dev.apolo.us/v2/logout?returnTo=https://console.dev.apolo.us", "client_id": "q3I0OzzGnTDkhRmpeJ7WWgaTCucmVxTL", "audience": "https://api.dev.apolo.us", "callback_urls": ["http://127.0.0.1:54540", "http://127.0.0.1:54541", "http://127.0.0.1:54542"], "headless_callback_url": "https://api.dev.apolo.us/oauth/show-code", "success_redirect_url": "https://api.dev.apolo.us/oauth/login"}
INFO     [📘TEST_INFO]:reporting.py:51 ✅ STEP completed: Verify that Verify email message displayed
INFO     [📘TEST_INFO]:reporting.py:225 📸 Screenshot captured and attached (success): /home/runner/work/apolo-test-automation/apolo-test-automation/reports/screenshots/verify_ui_email_message_displayed_success_c0e26f.png
INFO     [📘TEST_INFO]:reporting.py:37 ▶️ STEP started: Verify user email with the activation link
INFO     [🌐API_helper]:api_helper.py:104 Checking if user regression-cf6a6zl1ks@apolo.us needs verification...
INFO     [🌐API_helper]:api_helper.py:44 GET https://api.dev.apolo.us/apis/admin/v1/users/auth0-email-verify-ticket?email=regression-cf6a6zl1ks@apolo.us
INFO     [🌐API_helper]:api_helper.py:106 Status: 200. Response: {'ticket': 'https://auth.dev.apolo.us/u/email-verification?ticket=xPtdM3WM2YZbkRrbSXDwleI1sEkTRHkG#'}
INFO     [📘TEST_INFO]:reporting.py:37 ▶️ STEP started: Navigate to URL
INFO     [🎭 Playwright]:base_page.py:16 <MainPage>: Navigated to: https://auth.dev.apolo.us/u/email-verification?ticket=xPtdM3WM2YZbkRrbSXDwleI1sEkTRHkG#
INFO     [🎭 Playwright]:base_page.py:16 <MainPage>: Waiting for network idle...
INFO     [🎭 Playwright]:base_page.py:16 <MainPage>: Page is idle (networkidle state reached)
INFO     [📘TEST_INFO]:reporting.py:51 ✅ STEP completed: Navigate to URL
INFO     [📘TEST_INFO]:reporting.py:225 📸 Screenshot captured and attached (success): /home/runner/work/apolo-test-automation/apolo-test-automation/reports/screenshots/ui_open_url_in_browser_success_1cb250.png
INFO     [🌐API_helper]:api_helper.py:104 Checking if user regression-cf6a6zl1ks@apolo.us needs verification...
INFO     [🌐API_helper]:api_helper.py:44 GET https://api.dev.apolo.us/apis/admin/v1/users/auth0-email-verify-ticket?email=regression-cf6a6zl1ks@apolo.us
INFO     [🌐API_helper]:api_helper.py:106 Status: 200. Response: {'detail': 'Email already verified'}
INFO     [📘TEST_INFO]:reporting.py:51 ✅ STEP completed: Verify user email with the activation link
INFO     [📘TEST_INFO]:reporting.py:37 ▶️ STEP started: Open product base page
INFO     [📘TEST_INFO]:reporting.py:37 ▶️ STEP started: Navigate to URL
INFO     [🎭 Playwright]:base_page.py:16 <MainPage>: Navigated to: https://console.dev.apolo.us/
INFO     [🎭 Playwright]:base_page.py:16 <MainPage>: Waiting for network idle...
WARNING  [🔧TEST CONFIG]:conftest.py:405 [HTTP 200] GET https://api.dev.apolo.us/api/v1/config
Request Body:
<not available>
Response Body (first 1000 chars):
{"authorized": false, "auth_url": "https://auth.dev.apolo.us/authorize", "token_url": "https://auth.dev.apolo.us/oauth/token", "logout_url": "https://auth.dev.apolo.us/v2/logout?returnTo=https://console.dev.apolo.us", "client_id": "q3I0OzzGnTDkhRmpeJ7WWgaTCucmVxTL", "audience": "https://api.dev.apolo.us", "callback_urls": ["http://127.0.0.1:54540", "http://127.0.0.1:54541", "http://127.0.0.1:54542"], "headless_callback_url": "https://api.dev.apolo.us/oauth/show-code", "success_redirect_url": "https://api.dev.apolo.us/oauth/login"}
INFO     [🎭 Playwright]:base_page.py:16 <MainPage>: Page is idle (networkidle state reached)
INFO     [📘TEST_INFO]:reporting.py:51 ✅ STEP completed: Navigate to URL
INFO     [📘TEST_INFO]:reporting.py:225 📸 Screenshot captured and attached (success): /home/runner/work/apolo-test-automation/apolo-test-automation/reports/screenshots/ui_open_url_in_browser_success_ccc4b0.png
INFO     [📘TEST_INFO]:reporting.py:51 ✅ STEP completed: Open product base page
INFO     [📘TEST_INFO]:reporting.py:225 📸 Screenshot captured and attached (success): /home/runner/work/apolo-test-automation/apolo-test-automation/reports/screenshots/ui_open_product_base_page_success_afdb6c.png
INFO     [📘TEST_INFO]:reporting.py:37 ▶️ STEP started: Verify that Auth page displayed
INFO     [🎭 Playwright]:base_page.py:16 <AuthPage>: Check if page loaded
INFO     [📘TEST_INFO]:reporting.py:51 ✅ STEP completed: Verify that Auth page displayed
INFO     [📘TEST_INFO]:reporting.py:225 📸 Screenshot captured and attached (success): /home/runner/work/apolo-test-automation/apolo-test-automation/reports/screenshots/verify_ui_page_displayed_success_cd11d9.png
INFO     [📘TEST_INFO]:reporting.py:37 ▶️ STEP started: Click login button
INFO     [🎭 Playwright]:base_page.py:16 <AuthPage>: Click log in button
INFO     [📘TEST_INFO]:reporting.py:51 ✅ STEP completed: Click login button
INFO     [📘TEST_INFO]:reporting.py:225 📸 Screenshot captured and attached (success): /home/runner/work/apolo-test-automation/apolo-test-automation/reports/screenshots/ui_click_login_button_success_8a6061.png
INFO     [📘TEST_INFO]:reporting.py:37 ▶️ STEP started: Verify that Signup username page displayed
INFO     [🎭 Playwright]:base_page.py:16 <SignupUsernamePage>: Check if page is loaded
INFO     [📘TEST_INFO]:reporting.py:51 ✅ STEP completed: Verify that Signup username page displayed
INFO     [📘TEST_INFO]:reporting.py:225 📸 Screenshot captured and attached (success): /home/runner/work/apolo-test-automation/apolo-test-automation/reports/screenshots/verify_ui_page_displayed_success_1156da.png
INFO     [📘TEST_INFO]:reporting.py:37 ▶️ STEP started: Enter username
INFO     [🎭 Playwright]:base_page.py:16 <SignupUsernamePage>: Enter regression-cf6a6zl1ks username
INFO     [🎭 Playwright]:base_page.py:16 <SignupUsernamePage>: Wait for network idle
WARNING  [🔧TEST CONFIG]:conftest.py:405 [HTTP 404] HEAD https://api.dev.apolo.us/apis/admin/v1/users/
Request Body:
<not available>
Response Body (first 1000 chars):
<unavailable>
WARNING  [🔧TEST CONFIG]:conftest.py:405 [HTTP 404] HEAD https://api.dev.apolo.us/apis/admin/v1/users/regression-cf6a6zl1ks
Request Body:
<not available>
Response Body (first 1000 chars):
<unavailable>
WARNING  [🔧TEST CONFIG]:conftest.py:405 [HTTP 404] HEAD https://api.dev.apolo.us/apis/admin/v1/users/regression-cf6a6zl1ks
Request Body:
<not available>
Response Body (first 1000 chars):
<unavailable>
INFO     [🎭 Playwright]:base_page.py:16 <SignupUsernamePage>: Network idle done
INFO     [📘TEST_INFO]:reporting.py:51 ✅ STEP completed: Enter username
INFO     [📘TEST_INFO]:reporting.py:225 📸 Screenshot captured and attached (success): /home/runner/work/apolo-test-automation/apolo-test-automation/reports/screenshots/ui_enter_username_success_bb2151.png
INFO     [📘TEST_INFO]:reporting.py:37 ▶️ STEP started: Click signup button on Signup username page
INFO     [🎭 Playwright]:base_page.py:16 <SignupUsernamePage>: Click signup button
INFO     [🎭 Playwright]:base_page.py:16 <SignupUsernamePage>: Waiting for spinner
INFO     [🎭 Playwright]:base_page.py:16 <SignupUsernamePage>: Timeout error for spinner
INFO     [📘TEST_INFO]:reporting.py:51 ✅ STEP completed: Click signup button on Signup username page
INFO     [📘TEST_INFO]:reporting.py:225 📸 Screenshot captured and attached (success): /home/runner/work/apolo-test-automation/apolo-test-automation/reports/screenshots/ui_click_signup_button_success_bc3dec.png
INFO     [📘TEST_INFO]:reporting.py:37 ▶️ STEP started: Verify that User agreement pop up displayed
INFO     [🎭 Playwright]:base_page.py:16 <MainPage>: Check if user_agreement pop up displayed
WARNING  [🔧TEST CONFIG]:conftest.py:405 [HTTP 200] GET https://api.dev.apolo.us/api/v1/config
Request Body:
<not available>
Response Body (first 1000 chars):
{"authorized": true, "orgs": [], "clusters": [], "projects": [], "admin_url": "https://api.dev.apolo.us/apis/admin/v1", "auth_url": "https://auth.dev.apolo.us/authorize", "token_url": "https://auth.dev.apolo.us/oauth/token", "logout_url": "https://auth.dev.apolo.us/v2/logout?returnTo=https://console.dev.apolo.us", "client_id": "q3I0OzzGnTDkhRmpeJ7WWgaTCucmVxTL", "audience": "https://api.dev.apolo.us", "callback_urls": ["http://127.0.0.1:54540", "http://127.0.0.1:54541", "http://127.0.0.1:54542"], "headless_callback_url": "https://api.dev.apolo.us/oauth/show-code", "success_redirect_url": "https://api.dev.apolo.us/oauth/login"}
WARNING  [🔧TEST CONFIG]:conftest.py:405 [HTTP 200] GET https://api.dev.apolo.us/api/v1/users/regression-cf6a6zl1ks/permissions?uri=blob:
Request Body:
<not available>
Response Body (first 1000 chars):
[]
WARNING  [🔧TEST CONFIG]:conftest.py:405 [HTTP 200] GET https://api.dev.apolo.us/apis/admin/v1/users/regression-cf6a6zl1ks?include=clusters&include=system_role
Request Body:
<not available>
Response Body (first 1000 chars):
{"name": "regression-cf6a6zl1ks", "email": "regression-cf6a6zl1ks@apolo.us", "first_name": null, "last_name": null, "created_at": "2025-09-06T03:07:36.836333+00:00", "terms_accepted": false, "clusters": []}
WARNING  [🔧TEST CONFIG]:conftest.py:405 [HTTP 200] GET https://api.dev.apolo.us/apis/admin/v1/users/regression-cf6a6zl1ks?include=orgs
Request Body:
<not available>
Response Body (first 1000 chars):
{"name": "regression-cf6a6zl1ks", "email": "regression-cf6a6zl1ks@apolo.us", "first_name": null, "last_name": null, "created_at": "2025-09-06T03:07:36.836333+00:00", "terms_accepted": false, "orgs": []}
INFO     [📘TEST_INFO]:reporting.py:51 ✅ STEP completed: Verify that User agreement pop up displayed
WARNING  [🔧TEST CONFIG]:conftest.py:405 [HTTP 200] GET https://api.dev.apolo.us/apis/admin/v1/invites/incoming
Request Body:
<not available>
Response Body (first 1000 chars):
[]
INFO     [📘TEST_INFO]:reporting.py:225 📸 Screenshot captured and attached (success): /home/runner/work/apolo-test-automation/apolo-test-automation/reports/screenshots/verify_ui_terms_of_agreement_displayed_success_c29d4e.png
INFO     [📘TEST_INFO]:reporting.py:37 ▶️ STEP started: Check agreement checkbox
INFO     [🎭 Playwright]:base_page.py:16 <MainPage>: Check user agreement checkbox
INFO     [📘TEST_INFO]:reporting.py:51 ✅ STEP completed: Check agreement checkbox
INFO     [📘TEST_INFO]:reporting.py:225 📸 Screenshot captured and attached (success): /home/runner/work/apolo-test-automation/apolo-test-automation/reports/screenshots/ui_check_agreement_checkbox_success_b77384.png
INFO     [📘TEST_INFO]:reporting.py:37 ▶️ STEP started: Click I Agree button
INFO     [🎭 Playwright]:base_page.py:16 <MainPage>: Click user agreement I Agree button
INFO     [📘TEST_INFO]:reporting.py:51 ✅ STEP completed: Click I Agree button
INFO     [📘TEST_INFO]:reporting.py:225 📸 Screenshot captured and attached (success): /home/runner/work/apolo-test-automation/apolo-test-automation/reports/screenshots/ui_click_i_agree_button_success_ab81dd.png
INFO     [📘TEST_INFO]:reporting.py:37 ▶️ STEP started: Verify that Welcome new user page displayed
INFO     [🎭 Playwright]:base_page.py:16 <WelcomeNewUserPage>: Check if page loaded
ERROR    [📘TEST_INFO]:reporting.py:56 ❌ STEP failed: Verify that Welcome new user page displayed
INFO     [📘TEST_INFO]:reporting.py:225 📸 Screenshot captured and attached (fail): /home/runner/work/apolo-test-automation/apolo-test-automation/reports/screenshots/verify_ui_page_displayed_fail_bfd4aa.png
ERROR    [📘TEST_INFO]:reporting.py:95 ❌ TEST failed: New user successful signup
Exception: [AssertionError] during step: Verify that Welcome new user page displayed
Message: Locator expected to be visible
Actual value: <element(s) not found> 
Call log:
  - Expect "to_be_visible" with timeout 5000ms
  - waiting for locator("h3.truncate.text-h3").filter(has_text="Welcome, regression-cf6a6zl1ks@apolo.us")

INFO     [📘TEST_INFO]:reporting.py:98 ------------------------------------------------------------
INFO     [🌐API_helper]:api_helper.py:44 GET https://api.dev.apolo.us/apis/admin/v1/orgs
WARNING  [🔧TEST CONFIG]:conftest.py:405 [HTTP 204] PUT https://api.dev.apolo.us/apis/admin/v1/users/regression-cf6a6zl1ks/profile
Request Body:
<not available>
Response Body (first 1000 chars):

INFO     [🌐API_helper]:api_helper.py:135 Status: 200. Response: []
INFO     [🔧TEST CONFIG]:conftest.py:276 Cleaning up 0 organisations
INFO     [🔧TEST CONFIG]:conftest.py:306 Closing all browser sessions
INFO     [🔧TEST CONFIG]:conftest.py:312 Stopped Playwright
WARNING  [🔧TEST CONFIG]:conftest.py:322 Failed to close context: BrowserContext.close: Target page, context or browser has been closed
INFO     [🔧TEST CONFIG]:conftest.py:327 Closed browser (post-stop)
INFO     [🔧TEST CONFIG]:conftest.py:332 Browser cleanup finished