INFO     [🔧TEST CONFIG]:conftest.py:82 Loading test configuration
INFO     [🔧TEST CONFIG]:conftest.py:273 Starting browser in a headless mode...
INFO     [🔧TEST CONFIG]:conftest.py:286 Initializing new browser context
INFO     [🔧TEST CONFIG]:conftest.py:294 Navigating to: https://console.dev.apolo.us/
WARNING  [🔧TEST CONFIG]:conftest.py:342 [HTTP 200] GET https://api.dev.apolo.us/api/v1/config
Request Body:
<not available>
Response Body (first 1000 chars):
{"authorized": false, "auth_url": "https://auth.dev.apolo.us/authorize", "token_url": "https://auth.dev.apolo.us/oauth/token", "logout_url": "https://auth.dev.apolo.us/v2/logout?returnTo=https://console.dev.apolo.us", "client_id": "q3I0OzzGnTDkhRmpeJ7WWgaTCucmVxTL", "audience": "https://api.dev.apolo.us", "callback_urls": ["http://127.0.0.1:54540", "http://127.0.0.1:54541", "http://127.0.0.1:54542"], "headless_callback_url": "https://api.dev.apolo.us/oauth/show-code", "success_redirect_url": "https://api.dev.apolo.us/oauth/login"}
INFO     [🔧TEST CONFIG]:conftest.py:88 Creating data manager
INFO     [🔧TEST CONFIG]:conftest.py:114 Creating users manager
INFO     [🔧TEST CONFIG]:conftest.py:100 Creating API helper
INFO     [🔧TEST CONFIG]:conftest.py:108 Creating Apolo CLI instance
INFO     [🔧TEST CONFIG]:conftest.py:136 Continue using UserData(email='regression-o340tgvpt1@apolo.us', username='regression-o340tgvpt1', password='G0sUL@^7BP*z') as main test user...
INFO     [👤UsersManager]:users_manager.py:73 Setting main user to UserData(email='regression-o340tgvpt1@apolo.us', username='regression-o340tgvpt1', password='G0sUL@^7BP*z')
INFO     [🔧TEST CONFIG]:conftest.py:169 Continue using UserData(email='regression-s6dbc1wl23@apolo.us', username='regression-s6dbc1wl23', password='#bPIk9B0!u01') as second test user...
INFO     [👤UsersManager]:users_manager.py:82 Setting second user to UserData(email='regression-s6dbc1wl23@apolo.us', username='regression-s6dbc1wl23', password='#bPIk9B0!u01')
INFO     [🔧TEST CONFIG]:conftest.py:173 Continue using UserData(email='regression-5fuceonhct@apolo.us', username='regression-5fuceonhct', password='k!9%DS3Jh5FB') as third test user...
INFO     [👤UsersManager]:users_manager.py:91 Setting third user to UserData(email='regression-5fuceonhct@apolo.us', username='regression-5fuceonhct', password='k!9%DS3Jh5FB')
INFO     [📘TEST_INFO]:reporting.py:37 ▶️ STEP started: Verify Apolo CLI client is installed
INFO     [🖥apolo_CLI]:apolo_runner.py:25 check CLI version. Running command via cli:

apolo --version

INFO     [🖥apolo_CLI]:apolo_runner.py:86 check CLI version succeeded:

Apolo Platform Client 25.7.2

INFO     [📘TEST_INFO]:reporting.py:51 ✅ STEP completed: Verify Apolo CLI client is installed
INFO     [📘TEST_INFO]:reporting.py:86 ------------------------------------------------------------
INFO     [📘TEST_INFO]:reporting.py:87 📝 TEST started: Add user not in organization to project via CLI
INFO     [📘TEST_INFO]:reporting.py:88 ------------------------------------------------------------
INFO     [📘TEST_INFO]:reporting.py:37 ▶️ STEP started: Login via UI
INFO     [📘TEST_INFO]:reporting.py:37 ▶️ STEP started: Click login button
INFO     [🎭 Playwright]:base_page.py:16 <AuthPage>: Click log in button
INFO     [📘TEST_INFO]:reporting.py:51 ✅ STEP completed: Click login button
INFO     [📘TEST_INFO]:reporting.py:225 📸 Screenshot captured and attached (success): /home/runner/work/apolo-test-automation/apolo-test-automation/reports/screenshots/ui_click_login_button_success_8fd7dd.png
INFO     [📘TEST_INFO]:reporting.py:37 ▶️ STEP started: Enter email
INFO     [🎭 Playwright]:base_page.py:16 <LoginPage>: Enter regression-o340tgvpt1@apolo.us email
INFO     [📘TEST_INFO]:reporting.py:51 ✅ STEP completed: Enter email
INFO     [📘TEST_INFO]:reporting.py:225 📸 Screenshot captured and attached (success): /home/runner/work/apolo-test-automation/apolo-test-automation/reports/screenshots/ui_enter_email_success_7a93d4.png
INFO     [📘TEST_INFO]:reporting.py:37 ▶️ STEP started: Enter password
INFO     [🎭 Playwright]:base_page.py:16 <LoginPage>: Enter ********* password
INFO     [📘TEST_INFO]:reporting.py:51 ✅ STEP completed: Enter password
INFO     [📘TEST_INFO]:reporting.py:225 📸 Screenshot captured and attached (success): /home/runner/work/apolo-test-automation/apolo-test-automation/reports/screenshots/ui_enter_password_success_44c1b3.png
INFO     [📘TEST_INFO]:reporting.py:37 ▶️ STEP started: Click Continue button
INFO     [🎭 Playwright]:base_page.py:16 <LoginPage>: Click continue button
WARNING  [🔧TEST CONFIG]:conftest.py:342 [HTTP 200] GET https://api.dev.apolo.us/api/v1/config
Request Body:
<not available>
Response Body (first 1000 chars):
{"authorized": true, "orgs": [], "clusters": [], "projects": [], "admin_url": "https://api.dev.apolo.us/apis/admin/v1", "auth_url": "https://auth.dev.apolo.us/authorize", "token_url": "https://auth.dev.apolo.us/oauth/token", "logout_url": "https://auth.dev.apolo.us/v2/logout?returnTo=https://console.dev.apolo.us", "client_id": "q3I0OzzGnTDkhRmpeJ7WWgaTCucmVxTL", "audience": "https://api.dev.apolo.us", "callback_urls": ["http://127.0.0.1:54540", "http://127.0.0.1:54541", "http://127.0.0.1:54542"], "headless_callback_url": "https://api.dev.apolo.us/oauth/show-code", "success_redirect_url": "https://api.dev.apolo.us/oauth/login"}
WARNING  [🔧TEST CONFIG]:conftest.py:342 [HTTP 200] GET https://api.dev.apolo.us/api/v1/users/regression-o340tgvpt1/permissions?uri=blob:
Request Body:
<not available>
Response Body (first 1000 chars):
[]
WARNING  [🔧TEST CONFIG]:conftest.py:342 [HTTP 200] GET https://api.dev.apolo.us/apis/admin/v1/invites/incoming
Request Body:
<not available>
Response Body (first 1000 chars):
[]
INFO     [🎭 Playwright]:base_page.py:16 <LoginPage>: Waiting for spinner
INFO     [🎭 Playwright]:base_page.py:16 <LoginPage>: Waiting for spinner to disappear
WARNING  [🔧TEST CONFIG]:conftest.py:342 [HTTP 200] GET https://api.dev.apolo.us/apis/admin/v1/users/regression-o340tgvpt1?include=orgs
Request Body:
<not available>
Response Body (first 1000 chars):
{"name": "regression-o340tgvpt1", "email": "regression-o340tgvpt1@apolo.us", "first_name": null, "last_name": null, "created_at": "2025-08-21T01:33:38.348889+00:00", "terms_accepted": true, "orgs": []}
WARNING  [🔧TEST CONFIG]:conftest.py:342 [HTTP 200] GET https://api.dev.apolo.us/apis/admin/v1/users/regression-o340tgvpt1?include=clusters&include=system_role
Request Body:
<not available>
Response Body (first 1000 chars):
{"name": "regression-o340tgvpt1", "email": "regression-o340tgvpt1@apolo.us", "first_name": null, "last_name": null, "created_at": "2025-08-21T01:33:38.348889+00:00", "terms_accepted": true, "clusters": []}
INFO     [📘TEST_INFO]:reporting.py:51 ✅ STEP completed: Click Continue button
INFO     [📘TEST_INFO]:reporting.py:225 📸 Screenshot captured and attached (success): /home/runner/work/apolo-test-automation/apolo-test-automation/reports/screenshots/ui_click_continue_button_success_732204.png
INFO     [📘TEST_INFO]:reporting.py:37 ▶️ STEP started: Verify that Welcome new user page displayed
INFO     [🎭 Playwright]:base_page.py:16 <WelcomeNewUserPage>: Check if page loaded
INFO     [📘TEST_INFO]:reporting.py:51 ✅ STEP completed: Verify that Welcome new user page displayed
INFO     [📘TEST_INFO]:reporting.py:225 📸 Screenshot captured and attached (success): /home/runner/work/apolo-test-automation/apolo-test-automation/reports/screenshots/verify_ui_page_displayed_success_826ec8.png
INFO     [📘TEST_INFO]:reporting.py:51 ✅ STEP completed: Login via UI
INFO     [📘TEST_INFO]:reporting.py:225 📸 Screenshot captured and attached (success): /home/runner/work/apolo-test-automation/apolo-test-automation/reports/screenshots/ui_login_success_e76d51.png
INFO     [📘TEST_INFO]:reporting.py:37 ▶️ STEP started: Add organization via API and reload page
INFO     [🔧DATA MANAGER]:test_data.py:48 Added organization: org_name=regression-org-7nhg3dg9z5ez, gherkin_name=My-organization
INFO     [🌐API_helper]:api_helper.py:160 Add org regression-org-7nhg3dg9z5ez response: <ClientResponse(https://api.dev.apolo.us/apis/admin/v1/orgs?skip_auto_add_to_clusters=false) [201 Created]>
<CIMultiDictProxy('Access-Control-Allow-Credentials': 'true', 'Content-Length': '274', 'Content-Type': 'application/json; charset=utf-8', 'Date': 'Thu, 21 Aug 2025 02:43:56 GMT', 'Server': 'Python/3.13 aiohttp/3.12.15', 'Vary': 'Origin', 'x-service-version': 'platform-admin/0.0.0.post1.dev0+422381d', 'Via': '1.1 google', 'Alt-Svc': 'h3=":443"; ma=2592000,h3-29=":443"; ma=2592000')>

INFO     [📘TEST_INFO]:reporting.py:37 ▶️ STEP started: Reload page
WARNING  [🔧TEST CONFIG]:conftest.py:342 [HTTP 200] GET https://api.dev.apolo.us/api/v1/config
Request Body:
<not available>
Response Body (first 1000 chars):
{"authorized": true, "orgs": [{"name": "regression-org-7nhg3dg9z5ez", "role": "admin"}], "clusters": [{"name": "default", "registry_url": "https://registry.api.dev.apolo.us", "storage_url": "https://api.dev.apolo.us/api/v1/storage", "monitoring_url": "https://monitoring.api.dev.apolo.us/api/v1/jobs", "secrets_url": "https://api.dev.apolo.us/api/v1/secrets", "metrics_url": "https://grafana.dev.apolo.us", "disks_url": "https://api.dev.apolo.us/api/v1/disk", "buckets_url": "https://api.dev.apolo.us/api/v1/buckets", "resource_pool_types": [{"name": "default", "min_size": 1, "max_size": 20, "cpu": 4, "available_cpu": 3.3, "memory": 16106127360, "available_memory": 11813676647, "disk_size": 161061273600, "available_disk_size": 150000000000}, {"name": "g2-standard-4", "min_size": 0, "max_size": 5, "cpu": 4, "available_cpu": 3, "memory": 17179869184, "available_memory": 16106127360, "disk_size": 322122547200, "available_disk_size": 150000000000, "nvidia_gpu": 1, "nvidia_gpu_model": "nvidia-l4"
WARNING  [🔧TEST CONFIG]:conftest.py:342 [HTTP 200] GET https://api.dev.apolo.us/api/v1/users/regression-o340tgvpt1/permissions?uri=blob:
Request Body:
<not available>
Response Body (first 1000 chars):
[{"uri": "blob://default/regression-org-7nhg3dg9z5ez", "action": "manage"}]
WARNING  [🔧TEST CONFIG]:conftest.py:342 [HTTP 200] GET https://api.dev.apolo.us/apis/admin/v1/invites/incoming
Request Body:
<not available>
Response Body (first 1000 chars):
[]
WARNING  [🔧TEST CONFIG]:conftest.py:342 [HTTP 200] GET https://api.dev.apolo.us/apis/admin/v1/users/regression-o340tgvpt1?include=orgs
Request Body:
<not available>
Response Body (first 1000 chars):
{"name": "regression-o340tgvpt1", "email": "regression-o340tgvpt1@apolo.us", "first_name": null, "last_name": null, "created_at": "2025-08-21T01:33:38.348889+00:00", "terms_accepted": true, "orgs": [{"org_name": "regression-org-7nhg3dg9z5ez", "role": "admin", "balance": {"spent_credits": "0"}}]}
INFO     [🎭 Playwright]:base_page.py:16 <MainPage>: Waiting for spinner
INFO     [🎭 Playwright]:base_page.py:16 <MainPage>: Waiting for spinner to disappear
WARNING  [🔧TEST CONFIG]:conftest.py:342 [HTTP 200] GET https://api.dev.apolo.us/apis/admin/v1/orgs/regression-org-7nhg3dg9z5ez
Request Body:
<not available>
Response Body (first 1000 chars):
{"name": "regression-org-7nhg3dg9z5ez", "balance": {"credits": "500", "spent_credits": "0"}, "user_default_credits": null, "notification_intervals": {"balance_projection_seconds": [604800, 259200, 86400], "balance_amount": [0], "balance_depletion_seconds": [86400, 604800]}}
WARNING  [🔧TEST CONFIG]:conftest.py:342 [HTTP 200] GET https://api.dev.apolo.us/apis/admin/v1/users/regression-o340tgvpt1?include=clusters&include=system_role
Request Body:
<not available>
Response Body (first 1000 chars):
{"name": "regression-o340tgvpt1", "email": "regression-o340tgvpt1@apolo.us", "first_name": null, "last_name": null, "created_at": "2025-08-21T01:33:38.348889+00:00", "terms_accepted": true, "clusters": [{"cluster_name": "default", "role": "admin", "org_name": "regression-org-7nhg3dg9z5ez", "balance": {"spent_credits": "0"}}]}
INFO     [📘TEST_INFO]:reporting.py:51 ✅ STEP completed: Reload page
INFO     [📘TEST_INFO]:reporting.py:225 📸 Screenshot captured and attached (success): /home/runner/work/apolo-test-automation/apolo-test-automation/reports/screenshots/ui_reload_page_success_3592b3.png
INFO     [📘TEST_INFO]:reporting.py:51 ✅ STEP completed: Add organization via API and reload page
INFO     [📘TEST_INFO]:reporting.py:225 📸 Screenshot captured and attached (success): /home/runner/work/apolo-test-automation/apolo-test-automation/reports/screenshots/ui_add_org_api_success_85bef6.png
INFO     [🔧TEST CONFIG]:conftest.py:273 Starting browser in a headless mode...
INFO     [🔧TEST CONFIG]:conftest.py:286 Initializing new browser context
INFO     [🔧TEST CONFIG]:conftest.py:294 Navigating to: https://console.dev.apolo.us/
WARNING  [🔧TEST CONFIG]:conftest.py:342 [HTTP 200] GET https://api.dev.apolo.us/api/v1/config
Request Body:
<not available>
Response Body (first 1000 chars):
{"authorized": false, "auth_url": "https://auth.dev.apolo.us/authorize", "token_url": "https://auth.dev.apolo.us/oauth/token", "logout_url": "https://auth.dev.apolo.us/v2/logout?returnTo=https://console.dev.apolo.us", "client_id": "q3I0OzzGnTDkhRmpeJ7WWgaTCucmVxTL", "audience": "https://api.dev.apolo.us", "callback_urls": ["http://127.0.0.1:54540", "http://127.0.0.1:54541", "http://127.0.0.1:54542"], "headless_callback_url": "https://api.dev.apolo.us/oauth/show-code", "success_redirect_url": "https://api.dev.apolo.us/oauth/login"}
INFO     [📘TEST_INFO]:reporting.py:37 ▶️ STEP started: <<User2>> :: Get second user
INFO     [📘TEST_INFO]:reporting.py:51 ✅ STEP completed: <<User2>> :: Get second user
INFO     [📘TEST_INFO]:reporting.py:225 📸 Screenshot captured and attached (success): /home/runner/work/apolo-test-automation/apolo-test-automation/reports/screenshots/ui_get_second_user_success_2a9904.png
INFO     [📘TEST_INFO]:reporting.py:37 ▶️ STEP started: <<User2>> :: Login via UI
INFO     [📘TEST_INFO]:reporting.py:37 ▶️ STEP started: <<User2>> :: Click login button
INFO     [🎭 Playwright]:base_page.py:16 <AuthPage>: Click log in button
INFO     [📘TEST_INFO]:reporting.py:51 ✅ STEP completed: <<User2>> :: Click login button
INFO     [📘TEST_INFO]:reporting.py:225 📸 Screenshot captured and attached (success): /home/runner/work/apolo-test-automation/apolo-test-automation/reports/screenshots/ui_click_login_button_success_875fcc.png
INFO     [📘TEST_INFO]:reporting.py:37 ▶️ STEP started: <<User2>> :: Enter email
INFO     [🎭 Playwright]:base_page.py:16 <LoginPage>: Enter regression-s6dbc1wl23@apolo.us email
INFO     [📘TEST_INFO]:reporting.py:51 ✅ STEP completed: <<User2>> :: Enter email
INFO     [📘TEST_INFO]:reporting.py:225 📸 Screenshot captured and attached (success): /home/runner/work/apolo-test-automation/apolo-test-automation/reports/screenshots/ui_enter_email_success_568e6b.png
INFO     [📘TEST_INFO]:reporting.py:37 ▶️ STEP started: <<User2>> :: Enter password
INFO     [🎭 Playwright]:base_page.py:16 <LoginPage>: Enter ********* password
INFO     [📘TEST_INFO]:reporting.py:51 ✅ STEP completed: <<User2>> :: Enter password
INFO     [📘TEST_INFO]:reporting.py:225 📸 Screenshot captured and attached (success): /home/runner/work/apolo-test-automation/apolo-test-automation/reports/screenshots/ui_enter_password_success_bbeb67.png
INFO     [📘TEST_INFO]:reporting.py:37 ▶️ STEP started: <<User2>> :: Click Continue button
INFO     [🎭 Playwright]:base_page.py:16 <LoginPage>: Click continue button
WARNING  [🔧TEST CONFIG]:conftest.py:342 [HTTP 200] GET https://api.dev.apolo.us/api/v1/config
Request Body:
<not available>
Response Body (first 1000 chars):
{"authorized": true, "orgs": [], "clusters": [], "projects": [], "admin_url": "https://api.dev.apolo.us/apis/admin/v1", "auth_url": "https://auth.dev.apolo.us/authorize", "token_url": "https://auth.dev.apolo.us/oauth/token", "logout_url": "https://auth.dev.apolo.us/v2/logout?returnTo=https://console.dev.apolo.us", "client_id": "q3I0OzzGnTDkhRmpeJ7WWgaTCucmVxTL", "audience": "https://api.dev.apolo.us", "callback_urls": ["http://127.0.0.1:54540", "http://127.0.0.1:54541", "http://127.0.0.1:54542"], "headless_callback_url": "https://api.dev.apolo.us/oauth/show-code", "success_redirect_url": "https://api.dev.apolo.us/oauth/login"}
WARNING  [🔧TEST CONFIG]:conftest.py:342 [HTTP 200] GET https://api.dev.apolo.us/apis/admin/v1/users/regression-s6dbc1wl23?include=orgs
Request Body:
<not available>
Response Body (first 1000 chars):
{"name": "regression-s6dbc1wl23", "email": "regression-s6dbc1wl23@apolo.us", "first_name": null, "last_name": null, "created_at": "2025-08-21T01:34:11.664030+00:00", "terms_accepted": true, "orgs": []}
WARNING  [🔧TEST CONFIG]:conftest.py:342 [HTTP 200] GET https://api.dev.apolo.us/apis/admin/v1/users/regression-s6dbc1wl23?include=clusters&include=system_role
Request Body:
<not available>
Response Body (first 1000 chars):
{"name": "regression-s6dbc1wl23", "email": "regression-s6dbc1wl23@apolo.us", "first_name": null, "last_name": null, "created_at": "2025-08-21T01:34:11.664030+00:00", "terms_accepted": true, "clusters": []}
WARNING  [🔧TEST CONFIG]:conftest.py:342 [HTTP 200] GET https://api.dev.apolo.us/api/v1/users/regression-s6dbc1wl23/permissions?uri=blob:
Request Body:
<not available>
Response Body (first 1000 chars):
[]
WARNING  [🔧TEST CONFIG]:conftest.py:342 [HTTP 200] GET https://api.dev.apolo.us/apis/admin/v1/invites/incoming
Request Body:
<not available>
Response Body (first 1000 chars):
[]
INFO     [🎭 Playwright]:base_page.py:16 <LoginPage>: Waiting for spinner
INFO     [🎭 Playwright]:base_page.py:16 <LoginPage>: Timeout error for spinner
INFO     [📘TEST_INFO]:reporting.py:51 ✅ STEP completed: <<User2>> :: Click Continue button
INFO     [📘TEST_INFO]:reporting.py:225 📸 Screenshot captured and attached (success): /home/runner/work/apolo-test-automation/apolo-test-automation/reports/screenshots/ui_click_continue_button_success_0d1ebb.png
INFO     [📘TEST_INFO]:reporting.py:37 ▶️ STEP started: <<User2>> :: Verify that Welcome new user page displayed
INFO     [🎭 Playwright]:base_page.py:16 <WelcomeNewUserPage>: Check if page loaded
INFO     [📘TEST_INFO]:reporting.py:51 ✅ STEP completed: <<User2>> :: Verify that Welcome new user page displayed
INFO     [📘TEST_INFO]:reporting.py:225 📸 Screenshot captured and attached (success): /home/runner/work/apolo-test-automation/apolo-test-automation/reports/screenshots/verify_ui_page_displayed_success_63449c.png
INFO     [📘TEST_INFO]:reporting.py:51 ✅ STEP completed: <<User2>> :: Login via UI
INFO     [📘TEST_INFO]:reporting.py:225 📸 Screenshot captured and attached (success): /home/runner/work/apolo-test-automation/apolo-test-automation/reports/screenshots/ui_login_success_8c967b.png
INFO     [📘TEST_INFO]:reporting.py:37 ▶️ STEP started: Login to apolo CLI with access token
INFO     [🖥apolo_CLI]:apolo_runner.py:25 login-with-token. Running command via cli:

apolo config login-with-token eyJhbGciOiJSUzI1NiIsInR5cCI6IkpXVCIsImtpZCI6IjhyNXZCR0E4ZXNuc1IzbXJ0NUFSViJ9.eyJodHRwczovL3BsYXRmb3JtLm5ldXJvbWF0aW9uLmlvL3VzZXIiOiJyZWdyZXNzaW9uLW8zNDB0Z3ZwdDEiLCJodHRwczovL3BsYXRmb3JtLm5ldXJvbWF0aW9uLmlvL2xvZ2luX3JlZGlyZWN0X3VybCI6Imh0dHBzOi8vY29uc29sZS5kZXYuYXBvbG8udXMiLCJodHRwczovL3BsYXRmb3JtLmFwb2xvLnVzL29yaWdpbiI6Imh0dHBzOi8vY29uc29sZS5kZXYuYXBvbG8udXMiLCJpc3MiOiJodHRwczovL2F1dGguZGV2LmFwb2xvLnVzLyIsInN1YiI6ImF1dGgwfDY4YTY3NzY3YzY4MjBmNzlhNWUxMTZiYiIsImF1ZCI6WyJodHRwczovL2FwaS5kZXYuYXBvbG8udXMiLCJodHRwczovL2Rldi1hcG9sby11cy51cy5hdXRoMC5jb20vdXNlcmluZm8iXSwiaWF0IjoxNzU1NzQ0MjI1LCJleHAiOjE3NTU4MzA2MjUsInNjb3BlIjoib3BlbmlkIHByb2ZpbGUgZW1haWwiLCJhenAiOiJxM0kwT3p6R25URGtoUm1wZUo3V1dnYVRDdWNtVnhUTCJ9.dTt_COnK4b5sAzI23_0bdeJS6-sFVEIpbv-01alcv2FM9ZmI-oD_cXN-BDyZlfqWajNVc5sKXfNdRsFA6hc2M9wJoepcjyXiq4RT_48i_McwjWO07xbTF3FoVnTIp4-O77824E_kHRMNVklWNQkotsLDAtfa-peWlkeWeXdXTggkesSSbScjngkkRV10w8_PEW_ZvBko7QCHXVoepe_GXdO9UtI8t7Jo2KrzKZ9CILODyXNrM-p2vP9BibqA3Qf5ua97lehBqIYmZmvLz2gPhl6Pwg_0k8WyoeLmMnlgBmap8aRUdfmIZFSqRe5XOP70jUA3CU_WB0LqB1e_wY6Tvw https://api.dev.apolo.us/api/v1

INFO     [🖥apolo_CLI]:apolo_runner.py:86 login-with-token succeeded:

You were successfully logged out.
Logged into https://api.dev.apolo.us/api/v1 as regression-o340tgvpt1, current cluster is default, org is regression-org-7nhg3dg9z5ez project is None
Read the docs at https://docs.apolo.us or run `apolo --help` to see the reference

INFO     [📘TEST_INFO]:reporting.py:51 ✅ STEP completed: Login to apolo CLI with access token
INFO     [📘TEST_INFO]:reporting.py:37 ▶️ STEP started: Add new project via apolo CLI
INFO     [🖥apolo_CLI]:apolo_runner.py:25 create project regression-proj-81f9zemrme under regression-org-7nhg3dg9z5ez. Running command via cli:

apolo admin add-project --default-role reader --org regression-org-7nhg3dg9z5ez default regression-proj-81f9zemrme

INFO     [🖥apolo_CLI]:apolo_runner.py:86 create project regression-proj-81f9zemrme under regression-org-7nhg3dg9z5ez succeeded:

Added project regression-proj-81f9zemrme to cluster default to org regression-org-7nhg3dg9z5ez. Info:
 Name                regression-proj-81f9zemrme 
 Default role        reader                     
 Is default project  False                      
Selected regression-proj-81f9zemrme as current project.

INFO     [📘TEST_INFO]:reporting.py:51 ✅ STEP completed: Add new project via apolo CLI
INFO     [📘TEST_INFO]:reporting.py:37 ▶️ STEP started: Add user not in organization to project via CLI
INFO     [🖥apolo_CLI]:apolo_runner.py:25 add user regression-s6dbc1wl23 to project regression-proj-81f9zemrme. Running command via cli:

apolo admin add-project-user --org regression-org-7nhg3dg9z5ez default regression-proj-81f9zemrme regression-s6dbc1wl23 reader

ERROR    [🖥apolo_CLI]:apolo_runner.py:82 add user regression-s6dbc1wl23 to project regression-proj-81f9zemrme failed:

Your root certificates are out of date.
You are using certifi 2025.7.14, however 2025.8.3 is available.
Please consider upgrading certifi package, e.g.:
    python -m pip install --upgrade certifi
or
    conda update certifi

ERROR: User 'regression-org-7nhg3dg9z5ez/regression-s6dbc1wl23' not found in cluster 'default'


ERROR    [📘TEST_INFO]:reporting.py:56 ❌ STEP failed: Add user not in organization to project via CLI
ERROR    [📘TEST_INFO]:reporting.py:95 ❌ TEST failed: Add user not in organization to project via CLI
Exception: [AssertionError] during step: Add user not in organization to project via CLI
Message: Expected: 
ERROR: User 'regression-org-7nhg3dg9z5ez/regression-s6dbc1wl23' not found in cluster 'default' 
but got 
Your root certificates are out of date.
You are using certifi 2025.7.14, however 2025.8.3 is available.
Please consider upgrading certifi package, e.g.:
    python -m pip install --upgrade certifi
or
    conda update certifi

ERROR: User 'regression-org-7nhg3dg9z5ez/regression-s6dbc1wl23' not found in cluster 'default'
INFO     [📘TEST_INFO]:reporting.py:98 ------------------------------------------------------------
INFO     [📘TEST_INFO]:reporting.py:155 ============================================================
INFO     [📘TEST_INFO]:reporting.py:156 📊 SUITE SUMMARY: 5 passed, 1 failed
INFO     [📘TEST_INFO]:reporting.py:159 ============================================================
INFO     [🌐API_helper]:api_helper.py:44 GET https://api.dev.apolo.us/apis/admin/v1/orgs
INFO     [🌐API_helper]:api_helper.py:135 Status: 200. Response: [{'name': 'regression-org-7nhg3dg9z5ez', 'balance': {'credits': '500', 'spent_credits': '0'}, 'user_default_credits': None, 'notification_intervals': {'balance_projection_seconds': [604800, 259200, 86400], 'balance_amount': [0], 'balance_depletion_seconds': [86400, 604800]}}]
INFO     [🔧TEST CONFIG]:conftest.py:218 Cleaning up 1 organisations
INFO     [🌐API_helper]:api_helper.py:142 Delete organization response: <ClientResponse(https://api.dev.apolo.us/apis/admin/v1/orgs/regression-org-7nhg3dg9z5ez) [200 OK]>
<CIMultiDictProxy('Access-Control-Allow-Credentials': 'true', 'Content-Length': '274', 'Content-Type': 'application/json; charset=utf-8', 'Date': 'Thu, 21 Aug 2025 02:44:20 GMT', 'Server': 'Python/3.13 aiohttp/3.12.15', 'Vary': 'Origin', 'x-service-version': 'platform-admin/0.0.0.post1.dev0+422381d', 'Via': '1.1 google', 'Alt-Svc': 'h3=":443"; ma=2592000,h3-29=":443"; ma=2592000')>

INFO     [🔧TEST CONFIG]:conftest.py:244 Removed organisation: regression-org-7nhg3dg9z5ez
INFO     [🔧TEST CONFIG]:conftest.py:248 Closing all browser sessions
INFO     [🔧TEST CONFIG]:conftest.py:252 Closed context
INFO     [🔧TEST CONFIG]:conftest.py:259 Closed browser
INFO     [🔧TEST CONFIG]:conftest.py:252 Closed context
INFO     [🔧TEST CONFIG]:conftest.py:259 Closed browser
INFO     [🔧TEST CONFIG]:conftest.py:264 Closed all browser sessions
INFO     [🔧TEST CONFIG]:conftest.py:82 Loading test configuration
INFO     [🔧TEST CONFIG]:conftest.py:273 Starting browser in a headless mode...
INFO     [🔧TEST CONFIG]:conftest.py:286 Initializing new browser context
INFO     [🔧TEST CONFIG]:conftest.py:294 Navigating to: https://console.dev.apolo.us/
WARNING  [🔧TEST CONFIG]:conftest.py:342 [HTTP 200] GET https://api.dev.apolo.us/api/v1/config
Request Body:
<not available>
Response Body (first 1000 chars):
{"authorized": false, "auth_url": "https://auth.dev.apolo.us/authorize", "token_url": "https://auth.dev.apolo.us/oauth/token", "logout_url": "https://auth.dev.apolo.us/v2/logout?returnTo=https://console.dev.apolo.us", "client_id": "q3I0OzzGnTDkhRmpeJ7WWgaTCucmVxTL", "audience": "https://api.dev.apolo.us", "callback_urls": ["http://127.0.0.1:54540", "http://127.0.0.1:54541", "http://127.0.0.1:54542"], "headless_callback_url": "https://api.dev.apolo.us/oauth/show-code", "success_redirect_url": "https://api.dev.apolo.us/oauth/login"}
INFO     [🔧TEST CONFIG]:conftest.py:88 Creating data manager
INFO     [🔧TEST CONFIG]:conftest.py:114 Creating users manager
INFO     [🔧TEST CONFIG]:conftest.py:100 Creating API helper
INFO     [🔧TEST CONFIG]:conftest.py:108 Creating Apolo CLI instance
INFO     [🔧TEST CONFIG]:conftest.py:136 Continue using UserData(email='regression-o340tgvpt1@apolo.us', username='regression-o340tgvpt1', password='G0sUL@^7BP*z') as main test user...
INFO     [👤UsersManager]:users_manager.py:73 Setting main user to UserData(email='regression-o340tgvpt1@apolo.us', username='regression-o340tgvpt1', password='G0sUL@^7BP*z')
INFO     [🔧TEST CONFIG]:conftest.py:169 Continue using UserData(email='regression-s6dbc1wl23@apolo.us', username='regression-s6dbc1wl23', password='#bPIk9B0!u01') as second test user...
INFO     [👤UsersManager]:users_manager.py:82 Setting second user to UserData(email='regression-s6dbc1wl23@apolo.us', username='regression-s6dbc1wl23', password='#bPIk9B0!u01')
INFO     [🔧TEST CONFIG]:conftest.py:173 Continue using UserData(email='regression-5fuceonhct@apolo.us', username='regression-5fuceonhct', password='k!9%DS3Jh5FB') as third test user...
INFO     [👤UsersManager]:users_manager.py:91 Setting third user to UserData(email='regression-5fuceonhct@apolo.us', username='regression-5fuceonhct', password='k!9%DS3Jh5FB')
INFO     [📘TEST_INFO]:reporting.py:37 ▶️ STEP started: Verify Apolo CLI client is installed
INFO     [🖥apolo_CLI]:apolo_runner.py:25 check CLI version. Running command via cli:

apolo --version

INFO     [🖥apolo_CLI]:apolo_runner.py:86 check CLI version succeeded:

Apolo Platform Client 25.7.2

INFO     [📘TEST_INFO]:reporting.py:51 ✅ STEP completed: Verify Apolo CLI client is installed
INFO     [📘TEST_INFO]:reporting.py:86 ------------------------------------------------------------
INFO     [📘TEST_INFO]:reporting.py:87 📝 TEST started: Add user not in organization to project via CLI
INFO     [📘TEST_INFO]:reporting.py:88 ------------------------------------------------------------
INFO     [📘TEST_INFO]:reporting.py:37 ▶️ STEP started: Login via UI
INFO     [📘TEST_INFO]:reporting.py:37 ▶️ STEP started: Click login button
INFO     [🎭 Playwright]:base_page.py:16 <AuthPage>: Click log in button
INFO     [📘TEST_INFO]:reporting.py:51 ✅ STEP completed: Click login button
INFO     [📘TEST_INFO]:reporting.py:225 📸 Screenshot captured and attached (success): /home/runner/work/apolo-test-automation/apolo-test-automation/reports/screenshots/ui_click_login_button_success_5dbeb1.png
INFO     [📘TEST_INFO]:reporting.py:37 ▶️ STEP started: Enter email
INFO     [🎭 Playwright]:base_page.py:16 <LoginPage>: Enter regression-o340tgvpt1@apolo.us email
INFO     [📘TEST_INFO]:reporting.py:51 ✅ STEP completed: Enter email
INFO     [📘TEST_INFO]:reporting.py:225 📸 Screenshot captured and attached (success): /home/runner/work/apolo-test-automation/apolo-test-automation/reports/screenshots/ui_enter_email_success_2707c8.png
INFO     [📘TEST_INFO]:reporting.py:37 ▶️ STEP started: Enter password
INFO     [🎭 Playwright]:base_page.py:16 <LoginPage>: Enter ********* password
INFO     [📘TEST_INFO]:reporting.py:51 ✅ STEP completed: Enter password
INFO     [📘TEST_INFO]:reporting.py:225 📸 Screenshot captured and attached (success): /home/runner/work/apolo-test-automation/apolo-test-automation/reports/screenshots/ui_enter_password_success_936719.png
INFO     [📘TEST_INFO]:reporting.py:37 ▶️ STEP started: Click Continue button
INFO     [🎭 Playwright]:base_page.py:16 <LoginPage>: Click continue button
WARNING  [🔧TEST CONFIG]:conftest.py:342 [HTTP 200] GET https://api.dev.apolo.us/api/v1/config
Request Body:
<not available>
Response Body (first 1000 chars):
{"authorized": true, "orgs": [], "clusters": [], "projects": [], "admin_url": "https://api.dev.apolo.us/apis/admin/v1", "auth_url": "https://auth.dev.apolo.us/authorize", "token_url": "https://auth.dev.apolo.us/oauth/token", "logout_url": "https://auth.dev.apolo.us/v2/logout?returnTo=https://console.dev.apolo.us", "client_id": "q3I0OzzGnTDkhRmpeJ7WWgaTCucmVxTL", "audience": "https://api.dev.apolo.us", "callback_urls": ["http://127.0.0.1:54540", "http://127.0.0.1:54541", "http://127.0.0.1:54542"], "headless_callback_url": "https://api.dev.apolo.us/oauth/show-code", "success_redirect_url": "https://api.dev.apolo.us/oauth/login"}
WARNING  [🔧TEST CONFIG]:conftest.py:342 [HTTP 200] GET https://api.dev.apolo.us/apis/admin/v1/users/regression-o340tgvpt1?include=orgs
Request Body:
<not available>
Response Body (first 1000 chars):
{"name": "regression-o340tgvpt1", "email": "regression-o340tgvpt1@apolo.us", "first_name": null, "last_name": null, "created_at": "2025-08-21T01:33:38.348889+00:00", "terms_accepted": true, "orgs": []}
WARNING  [🔧TEST CONFIG]:conftest.py:342 [HTTP 200] GET https://api.dev.apolo.us/api/v1/users/regression-o340tgvpt1/permissions?uri=blob:
Request Body:
<not available>
Response Body (first 1000 chars):
[]
INFO     [🎭 Playwright]:base_page.py:16 <LoginPage>: Waiting for spinner
WARNING  [🔧TEST CONFIG]:conftest.py:342 [HTTP 200] GET https://api.dev.apolo.us/apis/admin/v1/invites/incoming
Request Body:
<not available>
Response Body (first 1000 chars):
[]
INFO     [🎭 Playwright]:base_page.py:16 <LoginPage>: Waiting for spinner to disappear
WARNING  [🔧TEST CONFIG]:conftest.py:342 [HTTP 200] GET https://api.dev.apolo.us/apis/admin/v1/users/regression-o340tgvpt1?include=clusters&include=system_role
Request Body:
<not available>
Response Body (first 1000 chars):
{"name": "regression-o340tgvpt1", "email": "regression-o340tgvpt1@apolo.us", "first_name": null, "last_name": null, "created_at": "2025-08-21T01:33:38.348889+00:00", "terms_accepted": true, "clusters": []}
INFO     [📘TEST_INFO]:reporting.py:51 ✅ STEP completed: Click Continue button
INFO     [📘TEST_INFO]:reporting.py:225 📸 Screenshot captured and attached (success): /home/runner/work/apolo-test-automation/apolo-test-automation/reports/screenshots/ui_click_continue_button_success_8c8bcd.png
INFO     [📘TEST_INFO]:reporting.py:37 ▶️ STEP started: Verify that Welcome new user page displayed
INFO     [🎭 Playwright]:base_page.py:16 <WelcomeNewUserPage>: Check if page loaded
INFO     [📘TEST_INFO]:reporting.py:51 ✅ STEP completed: Verify that Welcome new user page displayed
INFO     [📘TEST_INFO]:reporting.py:225 📸 Screenshot captured and attached (success): /home/runner/work/apolo-test-automation/apolo-test-automation/reports/screenshots/verify_ui_page_displayed_success_e9786d.png
INFO     [📘TEST_INFO]:reporting.py:51 ✅ STEP completed: Login via UI
INFO     [📘TEST_INFO]:reporting.py:225 📸 Screenshot captured and attached (success): /home/runner/work/apolo-test-automation/apolo-test-automation/reports/screenshots/ui_login_success_929176.png
INFO     [📘TEST_INFO]:reporting.py:37 ▶️ STEP started: Add organization via API and reload page
INFO     [🔧DATA MANAGER]:test_data.py:48 Added organization: org_name=regression-org-u1jyhcblhn09, gherkin_name=My-organization
INFO     [🌐API_helper]:api_helper.py:160 Add org regression-org-u1jyhcblhn09 response: <ClientResponse(https://api.dev.apolo.us/apis/admin/v1/orgs?skip_auto_add_to_clusters=false) [201 Created]>
<CIMultiDictProxy('Access-Control-Allow-Credentials': 'true', 'Content-Length': '274', 'Content-Type': 'application/json; charset=utf-8', 'Date': 'Thu, 21 Aug 2025 02:44:48 GMT', 'Server': 'Python/3.13 aiohttp/3.12.15', 'Vary': 'Origin', 'x-service-version': 'platform-admin/0.0.0.post1.dev0+422381d', 'Via': '1.1 google', 'Alt-Svc': 'h3=":443"; ma=2592000,h3-29=":443"; ma=2592000')>

INFO     [📘TEST_INFO]:reporting.py:37 ▶️ STEP started: Reload page
WARNING  [🔧TEST CONFIG]:conftest.py:342 [HTTP 200] GET https://api.dev.apolo.us/api/v1/config
Request Body:
<not available>
Response Body (first 1000 chars):
{"authorized": true, "orgs": [{"name": "regression-org-u1jyhcblhn09", "role": "admin"}], "clusters": [{"name": "default", "registry_url": "https://registry.api.dev.apolo.us", "storage_url": "https://api.dev.apolo.us/api/v1/storage", "monitoring_url": "https://monitoring.api.dev.apolo.us/api/v1/jobs", "secrets_url": "https://api.dev.apolo.us/api/v1/secrets", "metrics_url": "https://grafana.dev.apolo.us", "disks_url": "https://api.dev.apolo.us/api/v1/disk", "buckets_url": "https://api.dev.apolo.us/api/v1/buckets", "resource_pool_types": [{"name": "default", "min_size": 1, "max_size": 20, "cpu": 4, "available_cpu": 3.3, "memory": 16106127360, "available_memory": 11813676647, "disk_size": 161061273600, "available_disk_size": 150000000000}, {"name": "g2-standard-4", "min_size": 0, "max_size": 5, "cpu": 4, "available_cpu": 3, "memory": 17179869184, "available_memory": 16106127360, "disk_size": 322122547200, "available_disk_size": 150000000000, "nvidia_gpu": 1, "nvidia_gpu_model": "nvidia-l4"
INFO     [🎭 Playwright]:base_page.py:16 <MainPage>: Waiting for spinner
INFO     [🎭 Playwright]:base_page.py:16 <MainPage>: Waiting for spinner to disappear
WARNING  [🔧TEST CONFIG]:conftest.py:342 [HTTP 200] GET https://api.dev.apolo.us/api/v1/users/regression-o340tgvpt1/permissions?uri=blob:
Request Body:
<not available>
Response Body (first 1000 chars):
[{"uri": "blob://default/regression-org-u1jyhcblhn09", "action": "manage"}]
WARNING  [🔧TEST CONFIG]:conftest.py:342 [HTTP 200] GET https://api.dev.apolo.us/apis/admin/v1/users/regression-o340tgvpt1?include=clusters&include=system_role
Request Body:
<not available>
Response Body (first 1000 chars):
{"name": "regression-o340tgvpt1", "email": "regression-o340tgvpt1@apolo.us", "first_name": null, "last_name": null, "created_at": "2025-08-21T01:33:38.348889+00:00", "terms_accepted": true, "clusters": [{"cluster_name": "default", "role": "admin", "org_name": "regression-org-u1jyhcblhn09", "balance": {"spent_credits": "0"}}]}
WARNING  [🔧TEST CONFIG]:conftest.py:342 [HTTP 200] GET https://api.dev.apolo.us/apis/admin/v1/invites/incoming
Request Body:
<not available>
Response Body (first 1000 chars):
[]
WARNING  [🔧TEST CONFIG]:conftest.py:342 [HTTP 200] GET https://api.dev.apolo.us/apis/admin/v1/orgs/regression-org-u1jyhcblhn09
Request Body:
<not available>
Response Body (first 1000 chars):
{"name": "regression-org-u1jyhcblhn09", "balance": {"credits": "500", "spent_credits": "0"}, "user_default_credits": null, "notification_intervals": {"balance_projection_seconds": [604800, 259200, 86400], "balance_amount": [0], "balance_depletion_seconds": [86400, 604800]}}
WARNING  [🔧TEST CONFIG]:conftest.py:342 [HTTP 200] GET https://api.dev.apolo.us/apis/admin/v1/users/regression-o340tgvpt1?include=orgs
Request Body:
<not available>
Response Body (first 1000 chars):
{"name": "regression-o340tgvpt1", "email": "regression-o340tgvpt1@apolo.us", "first_name": null, "last_name": null, "created_at": "2025-08-21T01:33:38.348889+00:00", "terms_accepted": true, "orgs": [{"org_name": "regression-org-u1jyhcblhn09", "role": "admin", "balance": {"spent_credits": "0"}}]}
INFO     [📘TEST_INFO]:reporting.py:51 ✅ STEP completed: Reload page
INFO     [📘TEST_INFO]:reporting.py:225 📸 Screenshot captured and attached (success): /home/runner/work/apolo-test-automation/apolo-test-automation/reports/screenshots/ui_reload_page_success_4efb83.png
INFO     [📘TEST_INFO]:reporting.py:51 ✅ STEP completed: Add organization via API and reload page
INFO     [📘TEST_INFO]:reporting.py:225 📸 Screenshot captured and attached (success): /home/runner/work/apolo-test-automation/apolo-test-automation/reports/screenshots/ui_add_org_api_success_c10a15.png
INFO     [🔧TEST CONFIG]:conftest.py:273 Starting browser in a headless mode...
INFO     [🔧TEST CONFIG]:conftest.py:286 Initializing new browser context
INFO     [🔧TEST CONFIG]:conftest.py:294 Navigating to: https://console.dev.apolo.us/
WARNING  [🔧TEST CONFIG]:conftest.py:342 [HTTP 200] GET https://api.dev.apolo.us/api/v1/config
Request Body:
<not available>
Response Body (first 1000 chars):
{"authorized": false, "auth_url": "https://auth.dev.apolo.us/authorize", "token_url": "https://auth.dev.apolo.us/oauth/token", "logout_url": "https://auth.dev.apolo.us/v2/logout?returnTo=https://console.dev.apolo.us", "client_id": "q3I0OzzGnTDkhRmpeJ7WWgaTCucmVxTL", "audience": "https://api.dev.apolo.us", "callback_urls": ["http://127.0.0.1:54540", "http://127.0.0.1:54541", "http://127.0.0.1:54542"], "headless_callback_url": "https://api.dev.apolo.us/oauth/show-code", "success_redirect_url": "https://api.dev.apolo.us/oauth/login"}
INFO     [📘TEST_INFO]:reporting.py:37 ▶️ STEP started: <<User2>> :: Get second user
INFO     [📘TEST_INFO]:reporting.py:51 ✅ STEP completed: <<User2>> :: Get second user
INFO     [📘TEST_INFO]:reporting.py:225 📸 Screenshot captured and attached (success): /home/runner/work/apolo-test-automation/apolo-test-automation/reports/screenshots/ui_get_second_user_success_9e802f.png
INFO     [📘TEST_INFO]:reporting.py:37 ▶️ STEP started: <<User2>> :: Login via UI
INFO     [📘TEST_INFO]:reporting.py:37 ▶️ STEP started: <<User2>> :: Click login button
INFO     [🎭 Playwright]:base_page.py:16 <AuthPage>: Click log in button
INFO     [📘TEST_INFO]:reporting.py:51 ✅ STEP completed: <<User2>> :: Click login button
INFO     [📘TEST_INFO]:reporting.py:225 📸 Screenshot captured and attached (success): /home/runner/work/apolo-test-automation/apolo-test-automation/reports/screenshots/ui_click_login_button_success_163cb5.png
INFO     [📘TEST_INFO]:reporting.py:37 ▶️ STEP started: <<User2>> :: Enter email
INFO     [🎭 Playwright]:base_page.py:16 <LoginPage>: Enter regression-s6dbc1wl23@apolo.us email
INFO     [📘TEST_INFO]:reporting.py:51 ✅ STEP completed: <<User2>> :: Enter email
INFO     [📘TEST_INFO]:reporting.py:225 📸 Screenshot captured and attached (success): /home/runner/work/apolo-test-automation/apolo-test-automation/reports/screenshots/ui_enter_email_success_694974.png
INFO     [📘TEST_INFO]:reporting.py:37 ▶️ STEP started: <<User2>> :: Enter password
INFO     [🎭 Playwright]:base_page.py:16 <LoginPage>: Enter ********* password
INFO     [📘TEST_INFO]:reporting.py:51 ✅ STEP completed: <<User2>> :: Enter password
INFO     [📘TEST_INFO]:reporting.py:225 📸 Screenshot captured and attached (success): /home/runner/work/apolo-test-automation/apolo-test-automation/reports/screenshots/ui_enter_password_success_9d92fc.png
INFO     [📘TEST_INFO]:reporting.py:37 ▶️ STEP started: <<User2>> :: Click Continue button
INFO     [🎭 Playwright]:base_page.py:16 <LoginPage>: Click continue button
WARNING  [🔧TEST CONFIG]:conftest.py:342 [HTTP 200] GET https://api.dev.apolo.us/api/v1/config
Request Body:
<not available>
Response Body (first 1000 chars):
{"authorized": true, "orgs": [], "clusters": [], "projects": [], "admin_url": "https://api.dev.apolo.us/apis/admin/v1", "auth_url": "https://auth.dev.apolo.us/authorize", "token_url": "https://auth.dev.apolo.us/oauth/token", "logout_url": "https://auth.dev.apolo.us/v2/logout?returnTo=https://console.dev.apolo.us", "client_id": "q3I0OzzGnTDkhRmpeJ7WWgaTCucmVxTL", "audience": "https://api.dev.apolo.us", "callback_urls": ["http://127.0.0.1:54540", "http://127.0.0.1:54541", "http://127.0.0.1:54542"], "headless_callback_url": "https://api.dev.apolo.us/oauth/show-code", "success_redirect_url": "https://api.dev.apolo.us/oauth/login"}
WARNING  [🔧TEST CONFIG]:conftest.py:342 [HTTP 200] GET https://api.dev.apolo.us/api/v1/users/regression-s6dbc1wl23/permissions?uri=blob:
Request Body:
<not available>
Response Body (first 1000 chars):
[]
WARNING  [🔧TEST CONFIG]:conftest.py:342 [HTTP 200] GET https://api.dev.apolo.us/apis/admin/v1/invites/incoming
Request Body:
<not available>
Response Body (first 1000 chars):
[]
WARNING  [🔧TEST CONFIG]:conftest.py:342 [HTTP 200] GET https://api.dev.apolo.us/apis/admin/v1/users/regression-s6dbc1wl23?include=orgs
Request Body:
<not available>
Response Body (first 1000 chars):
{"name": "regression-s6dbc1wl23", "email": "regression-s6dbc1wl23@apolo.us", "first_name": null, "last_name": null, "created_at": "2025-08-21T01:34:11.664030+00:00", "terms_accepted": true, "orgs": []}
INFO     [🎭 Playwright]:base_page.py:16 <LoginPage>: Waiting for spinner
WARNING  [🔧TEST CONFIG]:conftest.py:342 [HTTP 200] GET https://api.dev.apolo.us/apis/admin/v1/users/regression-s6dbc1wl23?include=clusters&include=system_role
Request Body:
<not available>
Response Body (first 1000 chars):
{"name": "regression-s6dbc1wl23", "email": "regression-s6dbc1wl23@apolo.us", "first_name": null, "last_name": null, "created_at": "2025-08-21T01:34:11.664030+00:00", "terms_accepted": true, "clusters": []}
INFO     [🎭 Playwright]:base_page.py:16 <LoginPage>: Timeout error for spinner
INFO     [📘TEST_INFO]:reporting.py:51 ✅ STEP completed: <<User2>> :: Click Continue button
INFO     [📘TEST_INFO]:reporting.py:225 📸 Screenshot captured and attached (success): /home/runner/work/apolo-test-automation/apolo-test-automation/reports/screenshots/ui_click_continue_button_success_3800b4.png
INFO     [📘TEST_INFO]:reporting.py:37 ▶️ STEP started: <<User2>> :: Verify that Welcome new user page displayed
INFO     [🎭 Playwright]:base_page.py:16 <WelcomeNewUserPage>: Check if page loaded
INFO     [📘TEST_INFO]:reporting.py:51 ✅ STEP completed: <<User2>> :: Verify that Welcome new user page displayed
INFO     [📘TEST_INFO]:reporting.py:225 📸 Screenshot captured and attached (success): /home/runner/work/apolo-test-automation/apolo-test-automation/reports/screenshots/verify_ui_page_displayed_success_7e47db.png
INFO     [📘TEST_INFO]:reporting.py:51 ✅ STEP completed: <<User2>> :: Login via UI
INFO     [📘TEST_INFO]:reporting.py:225 📸 Screenshot captured and attached (success): /home/runner/work/apolo-test-automation/apolo-test-automation/reports/screenshots/ui_login_success_1e4ef1.png
INFO     [📘TEST_INFO]:reporting.py:37 ▶️ STEP started: Login to apolo CLI with access token
INFO     [🖥apolo_CLI]:apolo_runner.py:25 login-with-token. Running command via cli:

apolo config login-with-token eyJhbGciOiJSUzI1NiIsInR5cCI6IkpXVCIsImtpZCI6IjhyNXZCR0E4ZXNuc1IzbXJ0NUFSViJ9.eyJodHRwczovL3BsYXRmb3JtLm5ldXJvbWF0aW9uLmlvL3VzZXIiOiJyZWdyZXNzaW9uLW8zNDB0Z3ZwdDEiLCJodHRwczovL3BsYXRmb3JtLm5ldXJvbWF0aW9uLmlvL2xvZ2luX3JlZGlyZWN0X3VybCI6Imh0dHBzOi8vY29uc29sZS5kZXYuYXBvbG8udXMiLCJodHRwczovL3BsYXRmb3JtLmFwb2xvLnVzL29yaWdpbiI6Imh0dHBzOi8vY29uc29sZS5kZXYuYXBvbG8udXMiLCJpc3MiOiJodHRwczovL2F1dGguZGV2LmFwb2xvLnVzLyIsInN1YiI6ImF1dGgwfDY4YTY3NzY3YzY4MjBmNzlhNWUxMTZiYiIsImF1ZCI6WyJodHRwczovL2FwaS5kZXYuYXBvbG8udXMiLCJodHRwczovL2Rldi1hcG9sby11cy51cy5hdXRoMC5jb20vdXNlcmluZm8iXSwiaWF0IjoxNzU1NzQ0Mjc1LCJleHAiOjE3NTU4MzA2NzUsInNjb3BlIjoib3BlbmlkIHByb2ZpbGUgZW1haWwiLCJhenAiOiJxM0kwT3p6R25URGtoUm1wZUo3V1dnYVRDdWNtVnhUTCJ9.MkVj3T6l10OMD4RwJ4CFM44ow6WMBRMsJYMs4AlyuwFSkZmjNxD1pydfvi_HJNM_7K60JahzbYktkpV7Ob6QES63khp1If13cidn-aueOgdas81z6iknMYvHVikoPktQegWnJzP--ZS_GTeMVvtm8WoKX6ZEPhopI-_YQpiQAJOB6ltZQStgAJMTFSZTn9GZnDhklm0bmDW0smp2y966CGA1cUMnALbrQ9I2xSbei-uT4ek5LvshScTRTS968NYKs8T2_sC8SY6vLobxnmgvqvnO4MF1TS4I0GGs_NLxiIiUuMpnfpJBPawonmXM4ay8zPEVeGa-gU7q6QB6givaHw https://api.dev.apolo.us/api/v1

INFO     [🖥apolo_CLI]:apolo_runner.py:86 login-with-token succeeded:

You were successfully logged out.
Logged into https://api.dev.apolo.us/api/v1 as regression-o340tgvpt1, current cluster is default, org is regression-org-u1jyhcblhn09 project is None
Read the docs at https://docs.apolo.us or run `apolo --help` to see the reference

INFO     [📘TEST_INFO]:reporting.py:51 ✅ STEP completed: Login to apolo CLI with access token
INFO     [📘TEST_INFO]:reporting.py:37 ▶️ STEP started: Add new project via apolo CLI
INFO     [🖥apolo_CLI]:apolo_runner.py:25 create project regression-proj-n4oui208w6 under regression-org-u1jyhcblhn09. Running command via cli:

apolo admin add-project --default-role reader --org regression-org-u1jyhcblhn09 default regression-proj-n4oui208w6

INFO     [🖥apolo_CLI]:apolo_runner.py:86 create project regression-proj-n4oui208w6 under regression-org-u1jyhcblhn09 succeeded:

Added project regression-proj-n4oui208w6 to cluster default to org regression-org-u1jyhcblhn09. Info:
 Name                regression-proj-n4oui208w6 
 Default role        reader                     
 Is default project  False                      
Selected regression-proj-n4oui208w6 as current project.

INFO     [📘TEST_INFO]:reporting.py:51 ✅ STEP completed: Add new project via apolo CLI
INFO     [📘TEST_INFO]:reporting.py:37 ▶️ STEP started: Add user not in organization to project via CLI
INFO     [🖥apolo_CLI]:apolo_runner.py:25 add user regression-s6dbc1wl23 to project regression-proj-n4oui208w6. Running command via cli:

apolo admin add-project-user --org regression-org-u1jyhcblhn09 default regression-proj-n4oui208w6 regression-s6dbc1wl23 reader

ERROR    [🖥apolo_CLI]:apolo_runner.py:82 add user regression-s6dbc1wl23 to project regression-proj-n4oui208w6 failed:

Your root certificates are out of date.
You are using certifi 2025.7.14, however 2025.8.3 is available.
Please consider upgrading certifi package, e.g.:
    python -m pip install --upgrade certifi
or
    conda update certifi

ERROR: User 'regression-org-u1jyhcblhn09/regression-s6dbc1wl23' not found in cluster 'default'


ERROR    [📘TEST_INFO]:reporting.py:56 ❌ STEP failed: Add user not in organization to project via CLI
ERROR    [📘TEST_INFO]:reporting.py:95 ❌ TEST failed: Add user not in organization to project via CLI
Exception: [AssertionError] during step: Add user not in organization to project via CLI
Message: Expected: 
ERROR: User 'regression-org-u1jyhcblhn09/regression-s6dbc1wl23' not found in cluster 'default' 
but got 
Your root certificates are out of date.
You are using certifi 2025.7.14, however 2025.8.3 is available.
Please consider upgrading certifi package, e.g.:
    python -m pip install --upgrade certifi
or
    conda update certifi

ERROR: User 'regression-org-u1jyhcblhn09/regression-s6dbc1wl23' not found in cluster 'default'
INFO     [📘TEST_INFO]:reporting.py:98 ------------------------------------------------------------
INFO     [🌐API_helper]:api_helper.py:44 GET https://api.dev.apolo.us/apis/admin/v1/orgs
INFO     [🌐API_helper]:api_helper.py:135 Status: 200. Response: [{'name': 'regression-org-u1jyhcblhn09', 'balance': {'credits': '500', 'spent_credits': '0'}, 'user_default_credits': None, 'notification_intervals': {'balance_projection_seconds': [604800, 259200, 86400], 'balance_amount': [0], 'balance_depletion_seconds': [86400, 604800]}}]
INFO     [🔧TEST CONFIG]:conftest.py:218 Cleaning up 1 organisations
INFO     [🌐API_helper]:api_helper.py:142 Delete organization response: <ClientResponse(https://api.dev.apolo.us/apis/admin/v1/orgs/regression-org-u1jyhcblhn09) [200 OK]>
<CIMultiDictProxy('Access-Control-Allow-Credentials': 'true', 'Content-Length': '274', 'Content-Type': 'application/json; charset=utf-8', 'Date': 'Thu, 21 Aug 2025 02:45:19 GMT', 'Server': 'Python/3.13 aiohttp/3.12.15', 'Vary': 'Origin', 'x-service-version': 'platform-admin/0.0.0.post1.dev0+422381d', 'Via': '1.1 google', 'Alt-Svc': 'h3=":443"; ma=2592000,h3-29=":443"; ma=2592000')>

INFO     [🔧TEST CONFIG]:conftest.py:244 Removed organisation: regression-org-u1jyhcblhn09
INFO     [🔧TEST CONFIG]:conftest.py:248 Closing all browser sessions
INFO     [🔧TEST CONFIG]:conftest.py:252 Closed context
INFO     [🔧TEST CONFIG]:conftest.py:259 Closed browser
INFO     [🔧TEST CONFIG]:conftest.py:252 Closed context
INFO     [🔧TEST CONFIG]:conftest.py:259 Closed browser
INFO     [🔧TEST CONFIG]:conftest.py:264 Closed all browser sessions