INFO     root:conftest.py:173 [gw2] ⏳ Delaying test start by 30s
INFO     [🔧TEST CONFIG]:conftest.py:87 Loading test configuration
INFO     [🔧TEST CONFIG]:conftest.py:378 Navigating to: https://console.dev.apolo.us/
WARNING  [🔧TEST CONFIG]:conftest.py:420 [HTTP 200] GET https://api.dev.apolo.us/api/v1/config
Request Body:
<not available>
Response Body (first 1000 chars):
{"authorized": false, "auth_url": "https://auth.dev.apolo.us/authorize", "token_url": "https://auth.dev.apolo.us/oauth/token", "logout_url": "https://auth.dev.apolo.us/v2/logout?returnTo=https://console.dev.apolo.us", "client_id": "q3I0OzzGnTDkhRmpeJ7WWgaTCucmVxTL", "audience": "https://api.dev.apolo.us", "callback_urls": ["http://127.0.0.1:54540", "http://127.0.0.1:54541", "http://127.0.0.1:54542"], "headless_callback_url": "https://api.dev.apolo.us/oauth/show-code", "success_redirect_url": "https://api.dev.apolo.us/oauth/login"}
INFO     [🔧TEST CONFIG]:conftest.py:93 Creating data manager
INFO     [🔧TEST CONFIG]:conftest.py:123 Creating users manager
INFO     [🔧TEST CONFIG]:conftest.py:109 Creating API helper
INFO     [🔧TEST CONFIG]:conftest.py:117 Creating Apolo CLI instance
INFO     [🔧TEST CONFIG]:conftest.py:209 Setup new main test user...
INFO     [🔧TEST CONFIG]:conftest.py:212 Signup attempt 1...
INFO     [🔧TEST CONFIG]:conftest.py:378 Navigating to: https://console.dev.apolo.us/
WARNING  [🔧TEST CONFIG]:conftest.py:420 [HTTP 200] GET https://api.dev.apolo.us/api/v1/config
Request Body:
<not available>
Response Body (first 1000 chars):
{"authorized": false, "auth_url": "https://auth.dev.apolo.us/authorize", "token_url": "https://auth.dev.apolo.us/oauth/token", "logout_url": "https://auth.dev.apolo.us/v2/logout?returnTo=https://console.dev.apolo.us", "client_id": "q3I0OzzGnTDkhRmpeJ7WWgaTCucmVxTL", "audience": "https://api.dev.apolo.us", "callback_urls": ["http://127.0.0.1:54540", "http://127.0.0.1:54541", "http://127.0.0.1:54542"], "headless_callback_url": "https://api.dev.apolo.us/oauth/show-code", "success_redirect_url": "https://api.dev.apolo.us/oauth/login"}
INFO     [📘TEST_INFO]:reporting.py:37 ▶️ STEP started: Signup new user via UI and activate email verification link
INFO     [👤UsersManager]:users_manager.py:59 Generated new user: UserData(email='regression-cwv95ip4o2@apolo.us', username='regression-cwv95ip4o2', password='SZs8BlvK!Cu4')
INFO     [👤UsersManager]:users_manager.py:73 Setting main user to UserData(email='regression-cwv95ip4o2@apolo.us', username='regression-cwv95ip4o2', password='SZs8BlvK!Cu4')
INFO     [📘TEST_INFO]:reporting.py:37 ▶️ STEP started: Click signup button
INFO     [🎭 Playwright]:base_page.py:16 <AuthPage>: Click sign up button
INFO     [📘TEST_INFO]:reporting.py:51 ✅ STEP completed: Click signup button
INFO     [📘TEST_INFO]:reporting.py:225 📸 Screenshot captured and attached (success): /home/runner/work/apolo-test-automation/apolo-test-automation/reports/screenshots/ui_click_signup_button_success_811ff4.png
INFO     [📘TEST_INFO]:reporting.py:37 ▶️ STEP started: Enter email
INFO     [🎭 Playwright]:base_page.py:16 <SignupPage>: Enter regression-cwv95ip4o2@apolo.us email
INFO     [📘TEST_INFO]:reporting.py:51 ✅ STEP completed: Enter email
INFO     [📘TEST_INFO]:reporting.py:225 📸 Screenshot captured and attached (success): /home/runner/work/apolo-test-automation/apolo-test-automation/reports/screenshots/ui_enter_email_success_77f678.png
INFO     [📘TEST_INFO]:reporting.py:37 ▶️ STEP started: Enter password
INFO     [🎭 Playwright]:base_page.py:16 <SignupPage>: Enter ********* password
INFO     [📘TEST_INFO]:reporting.py:51 ✅ STEP completed: Enter password
INFO     [📘TEST_INFO]:reporting.py:225 📸 Screenshot captured and attached (success): /home/runner/work/apolo-test-automation/apolo-test-automation/reports/screenshots/ui_enter_password_success_ed8b7c.png
INFO     [📘TEST_INFO]:reporting.py:37 ▶️ STEP started: Click continue button
INFO     [🎭 Playwright]:base_page.py:16 <SignupPage>: Click continue button
INFO     [📘TEST_INFO]:reporting.py:51 ✅ STEP completed: Click continue button
INFO     [📘TEST_INFO]:reporting.py:225 📸 Screenshot captured and attached (success): /home/runner/work/apolo-test-automation/apolo-test-automation/reports/screenshots/ui_click_continue_button_success_92bd7c.png
INFO     [📘TEST_INFO]:reporting.py:37 ▶️ STEP started: Verify that Verify email message displayed
INFO     [🎭 Playwright]:base_page.py:16 <MainPage>: Check if verify email message displayed
WARNING  [🔧TEST CONFIG]:conftest.py:420 [HTTP 200] GET https://api.dev.apolo.us/api/v1/config
Request Body:
<not available>
Response Body (first 1000 chars):
{"authorized": false, "auth_url": "https://auth.dev.apolo.us/authorize", "token_url": "https://auth.dev.apolo.us/oauth/token", "logout_url": "https://auth.dev.apolo.us/v2/logout?returnTo=https://console.dev.apolo.us", "client_id": "q3I0OzzGnTDkhRmpeJ7WWgaTCucmVxTL", "audience": "https://api.dev.apolo.us", "callback_urls": ["http://127.0.0.1:54540", "http://127.0.0.1:54541", "http://127.0.0.1:54542"], "headless_callback_url": "https://api.dev.apolo.us/oauth/show-code", "success_redirect_url": "https://api.dev.apolo.us/oauth/login"}
INFO     [📘TEST_INFO]:reporting.py:51 ✅ STEP completed: Verify that Verify email message displayed
INFO     [📘TEST_INFO]:reporting.py:225 📸 Screenshot captured and attached (success): /home/runner/work/apolo-test-automation/apolo-test-automation/reports/screenshots/verify_ui_email_message_displayed_success_78295f.png
INFO     [📘TEST_INFO]:reporting.py:37 ▶️ STEP started: Verify user email with the activation link
INFO     [🌐API_helper]:api_helper.py:134 Checking if user regression-cwv95ip4o2@apolo.us needs verification...
INFO     [🌐API_helper]:api_helper.py:54 GET https://api.dev.apolo.us/apis/admin/v1/users/auth0-email-verify-ticket?email=regression-cwv95ip4o2@apolo.us
INFO     [🌐API_helper]:api_helper.py:136 Status: 200. Response: {'ticket': 'https://auth.dev.apolo.us/u/email-verification?ticket=7DwyyWkSUa8VdFoCXxLEUFTHQa9qEKmV#'}
INFO     [📘TEST_INFO]:reporting.py:37 ▶️ STEP started: Navigate to URL
INFO     [🎭 Playwright]:base_page.py:16 <MainPage>: Navigated to: https://auth.dev.apolo.us/u/email-verification?ticket=7DwyyWkSUa8VdFoCXxLEUFTHQa9qEKmV#
INFO     [🎭 Playwright]:base_page.py:16 <MainPage>: Waiting for network idle...
INFO     [🎭 Playwright]:base_page.py:16 <MainPage>: Page is idle (networkidle state reached)
INFO     [📘TEST_INFO]:reporting.py:51 ✅ STEP completed: Navigate to URL
INFO     [📘TEST_INFO]:reporting.py:225 📸 Screenshot captured and attached (success): /home/runner/work/apolo-test-automation/apolo-test-automation/reports/screenshots/ui_open_url_in_browser_success_dfb899.png
INFO     [🌐API_helper]:api_helper.py:134 Checking if user regression-cwv95ip4o2@apolo.us needs verification...
INFO     [🌐API_helper]:api_helper.py:54 GET https://api.dev.apolo.us/apis/admin/v1/users/auth0-email-verify-ticket?email=regression-cwv95ip4o2@apolo.us
INFO     [🌐API_helper]:api_helper.py:136 Status: 200. Response: {'detail': 'Email already verified'}
INFO     [📘TEST_INFO]:reporting.py:51 ✅ STEP completed: Verify user email with the activation link
INFO     [📘TEST_INFO]:reporting.py:37 ▶️ STEP started: Navigate to URL
INFO     [🎭 Playwright]:base_page.py:16 <MainPage>: Navigated to: https://console.dev.apolo.us/
INFO     [🎭 Playwright]:base_page.py:16 <MainPage>: Waiting for network idle...
WARNING  [🔧TEST CONFIG]:conftest.py:420 [HTTP 200] GET https://api.dev.apolo.us/api/v1/config
Request Body:
<not available>
Response Body (first 1000 chars):
{"authorized": false, "auth_url": "https://auth.dev.apolo.us/authorize", "token_url": "https://auth.dev.apolo.us/oauth/token", "logout_url": "https://auth.dev.apolo.us/v2/logout?returnTo=https://console.dev.apolo.us", "client_id": "q3I0OzzGnTDkhRmpeJ7WWgaTCucmVxTL", "audience": "https://api.dev.apolo.us", "callback_urls": ["http://127.0.0.1:54540", "http://127.0.0.1:54541", "http://127.0.0.1:54542"], "headless_callback_url": "https://api.dev.apolo.us/oauth/show-code", "success_redirect_url": "https://api.dev.apolo.us/oauth/login"}
INFO     [🎭 Playwright]:base_page.py:16 <MainPage>: Page is idle (networkidle state reached)
INFO     [📘TEST_INFO]:reporting.py:51 ✅ STEP completed: Navigate to URL
INFO     [📘TEST_INFO]:reporting.py:225 📸 Screenshot captured and attached (success): /home/runner/work/apolo-test-automation/apolo-test-automation/reports/screenshots/ui_open_url_in_browser_success_3c187e.png
INFO     [📘TEST_INFO]:reporting.py:37 ▶️ STEP started: Verify that Auth page displayed
INFO     [🎭 Playwright]:base_page.py:16 <AuthPage>: Check if page loaded
INFO     [📘TEST_INFO]:reporting.py:51 ✅ STEP completed: Verify that Auth page displayed
INFO     [📘TEST_INFO]:reporting.py:225 📸 Screenshot captured and attached (success): /home/runner/work/apolo-test-automation/apolo-test-automation/reports/screenshots/verify_ui_page_displayed_success_093d21.png
INFO     [📘TEST_INFO]:reporting.py:37 ▶️ STEP started: Click login button
INFO     [🎭 Playwright]:base_page.py:16 <AuthPage>: Click log in button
INFO     [📘TEST_INFO]:reporting.py:51 ✅ STEP completed: Click login button
INFO     [📘TEST_INFO]:reporting.py:225 📸 Screenshot captured and attached (success): /home/runner/work/apolo-test-automation/apolo-test-automation/reports/screenshots/ui_click_login_button_success_fc5c23.png
INFO     [📘TEST_INFO]:reporting.py:37 ▶️ STEP started: Verify that Signup username page displayed
INFO     [🎭 Playwright]:base_page.py:16 <SignupUsernamePage>: Check if page is loaded
WARNING  [🔧TEST CONFIG]:conftest.py:420 [HTTP 404] HEAD https://api.dev.apolo.us/apis/admin/v1/users/regression-cwv95ip4o2
Request Body:
<not available>
Response Body (first 1000 chars):
<unavailable>
INFO     [📘TEST_INFO]:reporting.py:51 ✅ STEP completed: Verify that Signup username page displayed
INFO     [📘TEST_INFO]:reporting.py:225 📸 Screenshot captured and attached (success): /home/runner/work/apolo-test-automation/apolo-test-automation/reports/screenshots/verify_ui_page_displayed_success_0ff726.png
INFO     [📘TEST_INFO]:reporting.py:37 ▶️ STEP started: Enter username
INFO     [🎭 Playwright]:base_page.py:16 <SignupUsernamePage>: Enter regression-cwv95ip4o2 username
WARNING  [🔧TEST CONFIG]:conftest.py:420 [HTTP 404] HEAD https://api.dev.apolo.us/apis/admin/v1/users/regression-cwv95ip4o2
Request Body:
<not available>
Response Body (first 1000 chars):
<unavailable>
WARNING  [🔧TEST CONFIG]:conftest.py:420 [HTTP 404] HEAD https://api.dev.apolo.us/apis/admin/v1/users/
Request Body:
<not available>
Response Body (first 1000 chars):
<unavailable>
INFO     [🎭 Playwright]:base_page.py:16 <SignupUsernamePage>: Wait for network idle
INFO     [🎭 Playwright]:base_page.py:16 <SignupUsernamePage>: Network idle done
INFO     [📘TEST_INFO]:reporting.py:51 ✅ STEP completed: Enter username
INFO     [📘TEST_INFO]:reporting.py:225 📸 Screenshot captured and attached (success): /home/runner/work/apolo-test-automation/apolo-test-automation/reports/screenshots/ui_enter_username_success_36068b.png
INFO     [📘TEST_INFO]:reporting.py:37 ▶️ STEP started: Click signup button on Signup username page
INFO     [🎭 Playwright]:base_page.py:16 <SignupUsernamePage>: Click signup button
INFO     [🎭 Playwright]:base_page.py:16 <SignupUsernamePage>: Waiting for spinner
WARNING  [🔧TEST CONFIG]:conftest.py:420 [HTTP 200] GET https://api.dev.apolo.us/api/v1/config
Request Body:
<not available>
Response Body (first 1000 chars):
{"authorized": false, "auth_url": "https://auth.dev.apolo.us/authorize", "token_url": "https://auth.dev.apolo.us/oauth/token", "logout_url": "https://auth.dev.apolo.us/v2/logout?returnTo=https://console.dev.apolo.us", "client_id": "q3I0OzzGnTDkhRmpeJ7WWgaTCucmVxTL", "audience": "https://api.dev.apolo.us", "callback_urls": ["http://127.0.0.1:54540", "http://127.0.0.1:54541", "http://127.0.0.1:54542"], "headless_callback_url": "https://api.dev.apolo.us/oauth/show-code", "success_redirect_url": "https://api.dev.apolo.us/oauth/login"}
INFO     [🎭 Playwright]:base_page.py:16 <SignupUsernamePage>: Timeout error for spinner
INFO     [📘TEST_INFO]:reporting.py:51 ✅ STEP completed: Click signup button on Signup username page
INFO     [📘TEST_INFO]:reporting.py:225 📸 Screenshot captured and attached (success): /home/runner/work/apolo-test-automation/apolo-test-automation/reports/screenshots/ui_click_signup_button_success_2de30d.png
INFO     [📘TEST_INFO]:reporting.py:37 ▶️ STEP started: Verify that User agreement pop up displayed
INFO     [🎭 Playwright]:base_page.py:16 <MainPage>: Check if user_agreement pop up displayed
ERROR    [📘TEST_INFO]:reporting.py:56 ❌ STEP failed: Verify that User agreement pop up displayed
INFO     [📘TEST_INFO]:reporting.py:225 📸 Screenshot captured and attached (fail): /home/runner/work/apolo-test-automation/apolo-test-automation/reports/screenshots/verify_ui_terms_of_agreement_displayed_fail_6f8d6b.png
ERROR    [📘TEST_INFO]:reporting.py:56 ❌ STEP failed: Signup new user via UI and activate email verification link
INFO     [📘TEST_INFO]:reporting.py:225 📸 Screenshot captured and attached (fail): /home/runner/work/apolo-test-automation/apolo-test-automation/reports/screenshots/ui_signup_new_user_ver_link_fail_aa4966.png
WARNING  [🔧TEST CONFIG]:conftest.py:223 ⚠️ Signup attempt 1 failed: [AssertionError] during step: Signup new user via UI and activate email verification link
Message: [AssertionError] during step: Verify that User agreement pop up displayed
Message: User agreement popup should be displayed!
INFO     [🔧TEST CONFIG]:conftest.py:321 Closing all browser sessions
INFO     [🔧TEST CONFIG]:conftest.py:327 Stopped Playwright
WARNING  [🔧TEST CONFIG]:conftest.py:337 Failed to close context: BrowserContext.close: Target page, context or browser has been closed
INFO     [🔧TEST CONFIG]:conftest.py:342 Closed browser (post-stop)
INFO     [🔧TEST CONFIG]:conftest.py:327 Stopped Playwright
WARNING  [🔧TEST CONFIG]:conftest.py:337 Failed to close context: BrowserContext.close: Target page, context or browser has been closed
INFO     [🔧TEST CONFIG]:conftest.py:342 Closed browser (post-stop)
INFO     [🔧TEST CONFIG]:conftest.py:347 Browser cleanup finished
INFO     [🔧TEST CONFIG]:conftest.py:232 🔁 Retrying with fresh browser context...
INFO     [🔧TEST CONFIG]:conftest.py:212 Signup attempt 2...
INFO     [🔧TEST CONFIG]:conftest.py:378 Navigating to: https://console.dev.apolo.us/
WARNING  [🔧TEST CONFIG]:conftest.py:420 [HTTP 200] GET https://api.dev.apolo.us/api/v1/config
Request Body:
<not available>
Response Body (first 1000 chars):
{"authorized": false, "auth_url": "https://auth.dev.apolo.us/authorize", "token_url": "https://auth.dev.apolo.us/oauth/token", "logout_url": "https://auth.dev.apolo.us/v2/logout?returnTo=https://console.dev.apolo.us", "client_id": "q3I0OzzGnTDkhRmpeJ7WWgaTCucmVxTL", "audience": "https://api.dev.apolo.us", "callback_urls": ["http://127.0.0.1:54540", "http://127.0.0.1:54541", "http://127.0.0.1:54542"], "headless_callback_url": "https://api.dev.apolo.us/oauth/show-code", "success_redirect_url": "https://api.dev.apolo.us/oauth/login"}
INFO     [📘TEST_INFO]:reporting.py:37 ▶️ STEP started: Signup new user via UI and activate email verification link
INFO     [👤UsersManager]:users_manager.py:59 Generated new user: UserData(email='regression-td03g0w1ur@apolo.us', username='regression-td03g0w1ur', password='puU@4@4FcHNr')
INFO     [📘TEST_INFO]:reporting.py:37 ▶️ STEP started: Click signup button
INFO     [🎭 Playwright]:base_page.py:16 <AuthPage>: Click sign up button
INFO     [📘TEST_INFO]:reporting.py:51 ✅ STEP completed: Click signup button
INFO     [📘TEST_INFO]:reporting.py:225 📸 Screenshot captured and attached (success): /home/runner/work/apolo-test-automation/apolo-test-automation/reports/screenshots/ui_click_signup_button_success_c1430d.png
INFO     [📘TEST_INFO]:reporting.py:37 ▶️ STEP started: Enter email
INFO     [🎭 Playwright]:base_page.py:16 <SignupPage>: Enter regression-td03g0w1ur@apolo.us email
INFO     [📘TEST_INFO]:reporting.py:51 ✅ STEP completed: Enter email
INFO     [📘TEST_INFO]:reporting.py:225 📸 Screenshot captured and attached (success): /home/runner/work/apolo-test-automation/apolo-test-automation/reports/screenshots/ui_enter_email_success_d3c872.png
INFO     [📘TEST_INFO]:reporting.py:37 ▶️ STEP started: Enter password
INFO     [🎭 Playwright]:base_page.py:16 <SignupPage>: Enter ********* password
INFO     [📘TEST_INFO]:reporting.py:51 ✅ STEP completed: Enter password
INFO     [📘TEST_INFO]:reporting.py:225 📸 Screenshot captured and attached (success): /home/runner/work/apolo-test-automation/apolo-test-automation/reports/screenshots/ui_enter_password_success_b882b5.png
INFO     [📘TEST_INFO]:reporting.py:37 ▶️ STEP started: Click continue button
INFO     [🎭 Playwright]:base_page.py:16 <SignupPage>: Click continue button
INFO     [📘TEST_INFO]:reporting.py:51 ✅ STEP completed: Click continue button
INFO     [📘TEST_INFO]:reporting.py:225 📸 Screenshot captured and attached (success): /home/runner/work/apolo-test-automation/apolo-test-automation/reports/screenshots/ui_click_continue_button_success_cd847d.png
INFO     [📘TEST_INFO]:reporting.py:37 ▶️ STEP started: Verify that Verify email message displayed
INFO     [🎭 Playwright]:base_page.py:16 <MainPage>: Check if verify email message displayed
WARNING  [🔧TEST CONFIG]:conftest.py:420 [HTTP 200] GET https://api.dev.apolo.us/api/v1/config
Request Body:
<not available>
Response Body (first 1000 chars):
{"authorized": false, "auth_url": "https://auth.dev.apolo.us/authorize", "token_url": "https://auth.dev.apolo.us/oauth/token", "logout_url": "https://auth.dev.apolo.us/v2/logout?returnTo=https://console.dev.apolo.us", "client_id": "q3I0OzzGnTDkhRmpeJ7WWgaTCucmVxTL", "audience": "https://api.dev.apolo.us", "callback_urls": ["http://127.0.0.1:54540", "http://127.0.0.1:54541", "http://127.0.0.1:54542"], "headless_callback_url": "https://api.dev.apolo.us/oauth/show-code", "success_redirect_url": "https://api.dev.apolo.us/oauth/login"}
INFO     [📘TEST_INFO]:reporting.py:51 ✅ STEP completed: Verify that Verify email message displayed
INFO     [📘TEST_INFO]:reporting.py:225 📸 Screenshot captured and attached (success): /home/runner/work/apolo-test-automation/apolo-test-automation/reports/screenshots/verify_ui_email_message_displayed_success_923857.png
INFO     [📘TEST_INFO]:reporting.py:37 ▶️ STEP started: Verify user email with the activation link
INFO     [🌐API_helper]:api_helper.py:134 Checking if user regression-td03g0w1ur@apolo.us needs verification...
INFO     [🌐API_helper]:api_helper.py:54 GET https://api.dev.apolo.us/apis/admin/v1/users/auth0-email-verify-ticket?email=regression-td03g0w1ur@apolo.us
INFO     [🌐API_helper]:api_helper.py:136 Status: 200. Response: {'ticket': 'https://auth.dev.apolo.us/u/email-verification?ticket=Qfdo4R9kYaJLQxUBBjmcZPBXQoZTiSKS#'}
INFO     [📘TEST_INFO]:reporting.py:37 ▶️ STEP started: Navigate to URL
INFO     [🎭 Playwright]:base_page.py:16 <MainPage>: Navigated to: https://auth.dev.apolo.us/u/email-verification?ticket=Qfdo4R9kYaJLQxUBBjmcZPBXQoZTiSKS#
INFO     [🎭 Playwright]:base_page.py:16 <MainPage>: Waiting for network idle...
INFO     [🎭 Playwright]:base_page.py:16 <MainPage>: Page is idle (networkidle state reached)
INFO     [📘TEST_INFO]:reporting.py:51 ✅ STEP completed: Navigate to URL
INFO     [📘TEST_INFO]:reporting.py:225 📸 Screenshot captured and attached (success): /home/runner/work/apolo-test-automation/apolo-test-automation/reports/screenshots/ui_open_url_in_browser_success_864cbe.png
INFO     [🌐API_helper]:api_helper.py:134 Checking if user regression-td03g0w1ur@apolo.us needs verification...
INFO     [🌐API_helper]:api_helper.py:54 GET https://api.dev.apolo.us/apis/admin/v1/users/auth0-email-verify-ticket?email=regression-td03g0w1ur@apolo.us
INFO     [🌐API_helper]:api_helper.py:136 Status: 200. Response: {'detail': 'Email already verified'}
INFO     [📘TEST_INFO]:reporting.py:51 ✅ STEP completed: Verify user email with the activation link
INFO     [📘TEST_INFO]:reporting.py:37 ▶️ STEP started: Navigate to URL
INFO     [🎭 Playwright]:base_page.py:16 <MainPage>: Navigated to: https://console.dev.apolo.us/
INFO     [🎭 Playwright]:base_page.py:16 <MainPage>: Waiting for network idle...
WARNING  [🔧TEST CONFIG]:conftest.py:420 [HTTP 200] GET https://api.dev.apolo.us/api/v1/config
Request Body:
<not available>
Response Body (first 1000 chars):
{"authorized": false, "auth_url": "https://auth.dev.apolo.us/authorize", "token_url": "https://auth.dev.apolo.us/oauth/token", "logout_url": "https://auth.dev.apolo.us/v2/logout?returnTo=https://console.dev.apolo.us", "client_id": "q3I0OzzGnTDkhRmpeJ7WWgaTCucmVxTL", "audience": "https://api.dev.apolo.us", "callback_urls": ["http://127.0.0.1:54540", "http://127.0.0.1:54541", "http://127.0.0.1:54542"], "headless_callback_url": "https://api.dev.apolo.us/oauth/show-code", "success_redirect_url": "https://api.dev.apolo.us/oauth/login"}
INFO     [🎭 Playwright]:base_page.py:16 <MainPage>: Page is idle (networkidle state reached)
INFO     [📘TEST_INFO]:reporting.py:51 ✅ STEP completed: Navigate to URL
INFO     [📘TEST_INFO]:reporting.py:225 📸 Screenshot captured and attached (success): /home/runner/work/apolo-test-automation/apolo-test-automation/reports/screenshots/ui_open_url_in_browser_success_6d213e.png
INFO     [📘TEST_INFO]:reporting.py:37 ▶️ STEP started: Verify that Auth page displayed
INFO     [🎭 Playwright]:base_page.py:16 <AuthPage>: Check if page loaded
INFO     [📘TEST_INFO]:reporting.py:51 ✅ STEP completed: Verify that Auth page displayed
INFO     [📘TEST_INFO]:reporting.py:225 📸 Screenshot captured and attached (success): /home/runner/work/apolo-test-automation/apolo-test-automation/reports/screenshots/verify_ui_page_displayed_success_c46c23.png
INFO     [📘TEST_INFO]:reporting.py:37 ▶️ STEP started: Click login button
INFO     [🎭 Playwright]:base_page.py:16 <AuthPage>: Click log in button
INFO     [📘TEST_INFO]:reporting.py:51 ✅ STEP completed: Click login button
INFO     [📘TEST_INFO]:reporting.py:225 📸 Screenshot captured and attached (success): /home/runner/work/apolo-test-automation/apolo-test-automation/reports/screenshots/ui_click_login_button_success_0920bd.png
INFO     [📘TEST_INFO]:reporting.py:37 ▶️ STEP started: Verify that Signup username page displayed
INFO     [🎭 Playwright]:base_page.py:16 <SignupUsernamePage>: Check if page is loaded
WARNING  [🔧TEST CONFIG]:conftest.py:420 [HTTP 404] HEAD https://api.dev.apolo.us/apis/admin/v1/users/regression-td03g0w1ur
Request Body:
<not available>
Response Body (first 1000 chars):
<unavailable>
INFO     [📘TEST_INFO]:reporting.py:51 ✅ STEP completed: Verify that Signup username page displayed
INFO     [📘TEST_INFO]:reporting.py:225 📸 Screenshot captured and attached (success): /home/runner/work/apolo-test-automation/apolo-test-automation/reports/screenshots/verify_ui_page_displayed_success_b8d7c3.png
INFO     [📘TEST_INFO]:reporting.py:37 ▶️ STEP started: Enter username
INFO     [🎭 Playwright]:base_page.py:16 <SignupUsernamePage>: Enter regression-td03g0w1ur username
WARNING  [🔧TEST CONFIG]:conftest.py:420 [HTTP 404] HEAD https://api.dev.apolo.us/apis/admin/v1/users/regression-td03g0w1ur
Request Body:
<not available>
Response Body (first 1000 chars):
<unavailable>
WARNING  [🔧TEST CONFIG]:conftest.py:420 [HTTP 404] HEAD https://api.dev.apolo.us/apis/admin/v1/users/
Request Body:
<not available>
Response Body (first 1000 chars):
<unavailable>
INFO     [🎭 Playwright]:base_page.py:16 <SignupUsernamePage>: Wait for network idle
INFO     [🎭 Playwright]:base_page.py:16 <SignupUsernamePage>: Network idle done
INFO     [📘TEST_INFO]:reporting.py:51 ✅ STEP completed: Enter username
INFO     [📘TEST_INFO]:reporting.py:225 📸 Screenshot captured and attached (success): /home/runner/work/apolo-test-automation/apolo-test-automation/reports/screenshots/ui_enter_username_success_26d583.png
INFO     [📘TEST_INFO]:reporting.py:37 ▶️ STEP started: Click signup button on Signup username page
INFO     [🎭 Playwright]:base_page.py:16 <SignupUsernamePage>: Click signup button
WARNING  [🔧TEST CONFIG]:conftest.py:420 [HTTP 200] GET https://api.dev.apolo.us/api/v1/config
Request Body:
<not available>
Response Body (first 1000 chars):
{"authorized": true, "orgs": [], "clusters": [], "projects": [], "admin_url": "https://api.dev.apolo.us/apis/admin/v1", "auth_url": "https://auth.dev.apolo.us/authorize", "token_url": "https://auth.dev.apolo.us/oauth/token", "logout_url": "https://auth.dev.apolo.us/v2/logout?returnTo=https://console.dev.apolo.us", "client_id": "q3I0OzzGnTDkhRmpeJ7WWgaTCucmVxTL", "audience": "https://api.dev.apolo.us", "callback_urls": ["http://127.0.0.1:54540", "http://127.0.0.1:54541", "http://127.0.0.1:54542"], "headless_callback_url": "https://api.dev.apolo.us/oauth/show-code", "success_redirect_url": "https://api.dev.apolo.us/oauth/login"}
WARNING  [🔧TEST CONFIG]:conftest.py:420 [HTTP 200] GET https://api.dev.apolo.us/api/v1/users/regression-td03g0w1ur/permissions?uri=blob:
Request Body:
<not available>
Response Body (first 1000 chars):
[]
WARNING  [🔧TEST CONFIG]:conftest.py:420 [HTTP 200] GET https://api.dev.apolo.us/apis/admin/v1/users/regression-td03g0w1ur?include=orgs
Request Body:
<not available>
Response Body (first 1000 chars):
{"name": "regression-td03g0w1ur", "email": "regression-td03g0w1ur@apolo.us", "first_name": null, "last_name": null, "created_at": "2025-09-17T01:33:04.420503+00:00", "terms_accepted": false, "orgs": []}
WARNING  [🔧TEST CONFIG]:conftest.py:420 [HTTP 200] GET https://api.dev.apolo.us/apis/admin/v1/invites/incoming
Request Body:
<not available>
Response Body (first 1000 chars):
[]
INFO     [🎭 Playwright]:base_page.py:16 <SignupUsernamePage>: Waiting for spinner
WARNING  [🔧TEST CONFIG]:conftest.py:420 [HTTP 200] GET https://api.dev.apolo.us/api/v1/config
Request Body:
<not available>
Response Body (first 1000 chars):
{"authorized": true, "orgs": [], "clusters": [], "projects": [], "admin_url": "https://api.dev.apolo.us/apis/admin/v1", "auth_url": "https://auth.dev.apolo.us/authorize", "token_url": "https://auth.dev.apolo.us/oauth/token", "logout_url": "https://auth.dev.apolo.us/v2/logout?returnTo=https://console.dev.apolo.us", "client_id": "q3I0OzzGnTDkhRmpeJ7WWgaTCucmVxTL", "audience": "https://api.dev.apolo.us", "callback_urls": ["http://127.0.0.1:54540", "http://127.0.0.1:54541", "http://127.0.0.1:54542"], "headless_callback_url": "https://api.dev.apolo.us/oauth/show-code", "success_redirect_url": "https://api.dev.apolo.us/oauth/login"}
WARNING  [🔧TEST CONFIG]:conftest.py:420 [HTTP 200] GET https://api.dev.apolo.us/api/v1/users/regression-td03g0w1ur/permissions?uri=blob:
Request Body:
<not available>
Response Body (first 1000 chars):
[]
WARNING  [🔧TEST CONFIG]:conftest.py:420 [HTTP 200] GET https://api.dev.apolo.us/apis/admin/v1/users/regression-td03g0w1ur?include=clusters&include=system_role
Request Body:
<not available>
Response Body (first 1000 chars):
{"name": "regression-td03g0w1ur", "email": "regression-td03g0w1ur@apolo.us", "first_name": null, "last_name": null, "created_at": "2025-09-17T01:33:04.420503+00:00", "terms_accepted": false, "clusters": []}
WARNING  [🔧TEST CONFIG]:conftest.py:420 [HTTP 200] GET https://api.dev.apolo.us/apis/admin/v1/invites/incoming
Request Body:
<not available>
Response Body (first 1000 chars):
[]
WARNING  [🔧TEST CONFIG]:conftest.py:420 [HTTP 200] GET https://api.dev.apolo.us/apis/admin/v1/users/regression-td03g0w1ur?include=orgs
Request Body:
<not available>
Response Body (first 1000 chars):
{"name": "regression-td03g0w1ur", "email": "regression-td03g0w1ur@apolo.us", "first_name": null, "last_name": null, "created_at": "2025-09-17T01:33:04.420503+00:00", "terms_accepted": false, "orgs": []}
INFO     [🎭 Playwright]:base_page.py:16 <SignupUsernamePage>: Timeout error for spinner
INFO     [📘TEST_INFO]:reporting.py:51 ✅ STEP completed: Click signup button on Signup username page
INFO     [📘TEST_INFO]:reporting.py:225 📸 Screenshot captured and attached (success): /home/runner/work/apolo-test-automation/apolo-test-automation/reports/screenshots/ui_click_signup_button_success_29efd5.png
INFO     [📘TEST_INFO]:reporting.py:37 ▶️ STEP started: Verify that User agreement pop up displayed
INFO     [🎭 Playwright]:base_page.py:16 <MainPage>: Check if user_agreement pop up displayed
INFO     [📘TEST_INFO]:reporting.py:51 ✅ STEP completed: Verify that User agreement pop up displayed
INFO     [📘TEST_INFO]:reporting.py:225 📸 Screenshot captured and attached (success): /home/runner/work/apolo-test-automation/apolo-test-automation/reports/screenshots/verify_ui_terms_of_agreement_displayed_success_098ae5.png
INFO     [📘TEST_INFO]:reporting.py:37 ▶️ STEP started: Check agreement checkbox
INFO     [🎭 Playwright]:base_page.py:16 <MainPage>: Check user agreement checkbox
INFO     [📘TEST_INFO]:reporting.py:51 ✅ STEP completed: Check agreement checkbox
INFO     [📘TEST_INFO]:reporting.py:225 📸 Screenshot captured and attached (success): /home/runner/work/apolo-test-automation/apolo-test-automation/reports/screenshots/ui_check_agreement_checkbox_success_b36e9c.png
INFO     [📘TEST_INFO]:reporting.py:37 ▶️ STEP started: Click I Agree button
INFO     [🎭 Playwright]:base_page.py:16 <MainPage>: Click user agreement I Agree button
INFO     [📘TEST_INFO]:reporting.py:51 ✅ STEP completed: Click I Agree button
INFO     [📘TEST_INFO]:reporting.py:225 📸 Screenshot captured and attached (success): /home/runner/work/apolo-test-automation/apolo-test-automation/reports/screenshots/ui_click_i_agree_button_success_be9f72.png
INFO     [📘TEST_INFO]:reporting.py:37 ▶️ STEP started: Wait for User Agreement popup to disappear
WARNING  [🔧TEST CONFIG]:conftest.py:420 [HTTP 204] PUT https://api.dev.apolo.us/apis/admin/v1/users/regression-td03g0w1ur/profile
Request Body:
<not available>
Response Body (first 1000 chars):

INFO     [📘TEST_INFO]:reporting.py:51 ✅ STEP completed: Wait for User Agreement popup to disappear
INFO     [📘TEST_INFO]:reporting.py:225 📸 Screenshot captured and attached (success): /home/runner/work/apolo-test-automation/apolo-test-automation/reports/screenshots/ui_wait_user_agreement_disappear_success_37975e.png
INFO     [📘TEST_INFO]:reporting.py:37 ▶️ STEP started: Wait for timeout
INFO     [📘TEST_INFO]:reporting.py:51 ✅ STEP completed: Wait for timeout
INFO     [📘TEST_INFO]:reporting.py:225 📸 Screenshot captured and attached (success): /home/runner/work/apolo-test-automation/apolo-test-automation/reports/screenshots/ui_wait_for_timeout_success_5be96f.png
INFO     [📘TEST_INFO]:reporting.py:37 ▶️ STEP started: Verify that Welcome new user page displayed
INFO     [🎭 Playwright]:base_page.py:16 <WelcomeNewUserPage>: Check if page loaded
INFO     [📘TEST_INFO]:reporting.py:51 ✅ STEP completed: Verify that Welcome new user page displayed
INFO     [📘TEST_INFO]:reporting.py:225 📸 Screenshot captured and attached (success): /home/runner/work/apolo-test-automation/apolo-test-automation/reports/screenshots/verify_ui_page_displayed_success_0b20fe.png
INFO     [📘TEST_INFO]:reporting.py:51 ✅ STEP completed: Signup new user via UI and activate email verification link
INFO     [📘TEST_INFO]:reporting.py:225 📸 Screenshot captured and attached (success): /home/runner/work/apolo-test-automation/apolo-test-automation/reports/screenshots/ui_signup_new_user_ver_link_success_0b1981.png
INFO     [👤UsersManager]:users_manager.py:73 Setting main user to UserData(email='regression-td03g0w1ur@apolo.us', username='regression-td03g0w1ur', password='puU@4@4FcHNr')
INFO     [📘TEST_INFO]:reporting.py:37 ▶️ STEP started: Verify Apolo CLI client is installed
INFO     [🖥apolo_CLI]:apolo_runner.py:25 check CLI version. Running command via cli:

apolo --version

INFO     [🖥apolo_CLI]:apolo_runner.py:86 check CLI version succeeded:

Apolo Platform Client 25.8.1

INFO     [📘TEST_INFO]:reporting.py:51 ✅ STEP completed: Verify Apolo CLI client is installed
INFO     [📘TEST_INFO]:reporting.py:141 ============================================================
INFO     [📘TEST_INFO]:reporting.py:142 📁 SUITE STARTED: CLI Project Remove Members
INFO     [📘TEST_INFO]:reporting.py:143 ============================================================
INFO     [📘TEST_INFO]:reporting.py:86 ------------------------------------------------------------
INFO     [📘TEST_INFO]:reporting.py:87 📝 TEST started: Admin change member role from Reader to Writer in project via CLI
INFO     [📘TEST_INFO]:reporting.py:88 ------------------------------------------------------------
INFO     [📘TEST_INFO]:reporting.py:37 ▶️ STEP started: Login via UI
INFO     [📘TEST_INFO]:reporting.py:37 ▶️ STEP started: Click login button
INFO     [🎭 Playwright]:base_page.py:16 <AuthPage>: Click log in button
ERROR    [📘TEST_INFO]:reporting.py:56 ❌ STEP failed: Click login button
WARNING  [📘TEST_INFO]:reporting.py:229 ⚠️ Could not capture screenshot (fail): Page.screenshot: Target page, context or browser has been closed
ERROR    [📘TEST_INFO]:reporting.py:56 ❌ STEP failed: Login via UI
WARNING  [📘TEST_INFO]:reporting.py:229 ⚠️ Could not capture screenshot (fail): Page.screenshot: Target page, context or browser has been closed
ERROR    [📘TEST_INFO]:reporting.py:95 ❌ TEST failed: Admin change member role from Reader to Writer in project via CLI
Exception: [AssertionError] during step: Login via UI
Message: [TargetClosedError] during step: Click login button
Message: Page.wait_for_timeout: Target page, context or browser has been closed
INFO     [📘TEST_INFO]:reporting.py:98 ------------------------------------------------------------
INFO     [🌐API_helper]:api_helper.py:54 GET https://api.dev.apolo.us/apis/admin/v1/orgs
INFO     [🌐API_helper]:api_helper.py:165 Status: 200. Response: []
INFO     [🔧TEST CONFIG]:conftest.py:291 Cleaning up 0 organisations
INFO     [🔧TEST CONFIG]:conftest.py:321 Closing all browser sessions
INFO     [🔧TEST CONFIG]:conftest.py:327 Stopped Playwright
WARNING  [🔧TEST CONFIG]:conftest.py:337 Failed to close context: BrowserContext.close: Target page, context or browser has been closed
INFO     [🔧TEST CONFIG]:conftest.py:342 Closed browser (post-stop)
INFO     [🔧TEST CONFIG]:conftest.py:347 Browser cleanup finished
INFO     [🔧TEST CONFIG]:conftest.py:87 Loading test configuration
INFO     [🔧TEST CONFIG]:conftest.py:378 Navigating to: https://console.dev.apolo.us/
WARNING  [🔧TEST CONFIG]:conftest.py:420 [HTTP 200] GET https://api.dev.apolo.us/api/v1/config
Request Body:
<not available>
Response Body (first 1000 chars):
{"authorized": false, "auth_url": "https://auth.dev.apolo.us/authorize", "token_url": "https://auth.dev.apolo.us/oauth/token", "logout_url": "https://auth.dev.apolo.us/v2/logout?returnTo=https://console.dev.apolo.us", "client_id": "q3I0OzzGnTDkhRmpeJ7WWgaTCucmVxTL", "audience": "https://api.dev.apolo.us", "callback_urls": ["http://127.0.0.1:54540", "http://127.0.0.1:54541", "http://127.0.0.1:54542"], "headless_callback_url": "https://api.dev.apolo.us/oauth/show-code", "success_redirect_url": "https://api.dev.apolo.us/oauth/login"}
INFO     [🔧TEST CONFIG]:conftest.py:93 Creating data manager
INFO     [🔧TEST CONFIG]:conftest.py:123 Creating users manager
INFO     [🔧TEST CONFIG]:conftest.py:109 Creating API helper
INFO     [🔧TEST CONFIG]:conftest.py:117 Creating Apolo CLI instance
INFO     [🔧TEST CONFIG]:conftest.py:205 Continue using UserData(email='regression-td03g0w1ur@apolo.us', username='regression-td03g0w1ur', password='puU@4@4FcHNr') as main test user...
INFO     [👤UsersManager]:users_manager.py:73 Setting main user to UserData(email='regression-td03g0w1ur@apolo.us', username='regression-td03g0w1ur', password='puU@4@4FcHNr')
INFO     [📘TEST_INFO]:reporting.py:37 ▶️ STEP started: Verify Apolo CLI client is installed
INFO     [🖥apolo_CLI]:apolo_runner.py:25 check CLI version. Running command via cli:

apolo --version

INFO     [🖥apolo_CLI]:apolo_runner.py:86 check CLI version succeeded:

Apolo Platform Client 25.8.1

INFO     [📘TEST_INFO]:reporting.py:51 ✅ STEP completed: Verify Apolo CLI client is installed
INFO     [📘TEST_INFO]:reporting.py:86 ------------------------------------------------------------
INFO     [📘TEST_INFO]:reporting.py:87 📝 TEST started: Admin change member role from Reader to Writer in project via CLI
INFO     [📘TEST_INFO]:reporting.py:88 ------------------------------------------------------------
INFO     [📘TEST_INFO]:reporting.py:37 ▶️ STEP started: Login via UI
INFO     [📘TEST_INFO]:reporting.py:37 ▶️ STEP started: Click login button
INFO     [🎭 Playwright]:base_page.py:16 <AuthPage>: Click log in button
INFO     [📘TEST_INFO]:reporting.py:51 ✅ STEP completed: Click login button
INFO     [📘TEST_INFO]:reporting.py:225 📸 Screenshot captured and attached (success): /home/runner/work/apolo-test-automation/apolo-test-automation/reports/screenshots/ui_click_login_button_success_ec6c28.png
INFO     [📘TEST_INFO]:reporting.py:37 ▶️ STEP started: Enter email
INFO     [🎭 Playwright]:base_page.py:16 <LoginPage>: Enter regression-td03g0w1ur@apolo.us email
INFO     [📘TEST_INFO]:reporting.py:51 ✅ STEP completed: Enter email
INFO     [📘TEST_INFO]:reporting.py:225 📸 Screenshot captured and attached (success): /home/runner/work/apolo-test-automation/apolo-test-automation/reports/screenshots/ui_enter_email_success_b97922.png
INFO     [📘TEST_INFO]:reporting.py:37 ▶️ STEP started: Enter password
INFO     [🎭 Playwright]:base_page.py:16 <LoginPage>: Enter ********* password
INFO     [📘TEST_INFO]:reporting.py:51 ✅ STEP completed: Enter password
INFO     [📘TEST_INFO]:reporting.py:225 📸 Screenshot captured and attached (success): /home/runner/work/apolo-test-automation/apolo-test-automation/reports/screenshots/ui_enter_password_success_7bf3b6.png
INFO     [📘TEST_INFO]:reporting.py:37 ▶️ STEP started: Click Continue button
INFO     [🎭 Playwright]:base_page.py:16 <LoginPage>: Click continue button
WARNING  [🔧TEST CONFIG]:conftest.py:420 [HTTP 200] GET https://api.dev.apolo.us/api/v1/config
Request Body:
<not available>
Response Body (first 1000 chars):
{"authorized": true, "orgs": [], "clusters": [], "projects": [], "admin_url": "https://api.dev.apolo.us/apis/admin/v1", "auth_url": "https://auth.dev.apolo.us/authorize", "token_url": "https://auth.dev.apolo.us/oauth/token", "logout_url": "https://auth.dev.apolo.us/v2/logout?returnTo=https://console.dev.apolo.us", "client_id": "q3I0OzzGnTDkhRmpeJ7WWgaTCucmVxTL", "audience": "https://api.dev.apolo.us", "callback_urls": ["http://127.0.0.1:54540", "http://127.0.0.1:54541", "http://127.0.0.1:54542"], "headless_callback_url": "https://api.dev.apolo.us/oauth/show-code", "success_redirect_url": "https://api.dev.apolo.us/oauth/login"}
WARNING  [🔧TEST CONFIG]:conftest.py:420 [HTTP 200] GET https://api.dev.apolo.us/api/v1/users/regression-td03g0w1ur/permissions?uri=blob:
Request Body:
<not available>
Response Body (first 1000 chars):
[]
WARNING  [🔧TEST CONFIG]:conftest.py:420 [HTTP 200] GET https://api.dev.apolo.us/apis/admin/v1/invites/incoming
Request Body:
<not available>
Response Body (first 1000 chars):
[]
WARNING  [🔧TEST CONFIG]:conftest.py:420 [HTTP 200] GET https://api.dev.apolo.us/apis/admin/v1/users/regression-td03g0w1ur?include=orgs
Request Body:
<not available>
Response Body (first 1000 chars):
{"name": "regression-td03g0w1ur", "email": "regression-td03g0w1ur@apolo.us", "first_name": null, "last_name": null, "created_at": "2025-09-17T01:33:04.420503+00:00", "terms_accepted": true, "orgs": []}
WARNING  [🔧TEST CONFIG]:conftest.py:420 [HTTP 200] GET https://api.dev.apolo.us/apis/admin/v1/users/regression-td03g0w1ur?include=clusters&include=system_role
Request Body:
<not available>
Response Body (first 1000 chars):
{"name": "regression-td03g0w1ur", "email": "regression-td03g0w1ur@apolo.us", "first_name": null, "last_name": null, "created_at": "2025-09-17T01:33:04.420503+00:00", "terms_accepted": true, "clusters": []}
INFO     [🎭 Playwright]:base_page.py:16 <LoginPage>: Waiting for spinner
INFO     [🎭 Playwright]:base_page.py:16 <LoginPage>: Timeout error for spinner
INFO     [📘TEST_INFO]:reporting.py:51 ✅ STEP completed: Click Continue button
INFO     [📘TEST_INFO]:reporting.py:225 📸 Screenshot captured and attached (success): /home/runner/work/apolo-test-automation/apolo-test-automation/reports/screenshots/ui_click_continue_button_success_c9e538.png
INFO     [📘TEST_INFO]:reporting.py:37 ▶️ STEP started: Verify that Welcome new user page displayed
INFO     [🎭 Playwright]:base_page.py:16 <WelcomeNewUserPage>: Check if page loaded
INFO     [📘TEST_INFO]:reporting.py:51 ✅ STEP completed: Verify that Welcome new user page displayed
INFO     [📘TEST_INFO]:reporting.py:225 📸 Screenshot captured and attached (success): /home/runner/work/apolo-test-automation/apolo-test-automation/reports/screenshots/verify_ui_page_displayed_success_5d2bd7.png
INFO     [📘TEST_INFO]:reporting.py:51 ✅ STEP completed: Login via UI
INFO     [📘TEST_INFO]:reporting.py:225 📸 Screenshot captured and attached (success): /home/runner/work/apolo-test-automation/apolo-test-automation/reports/screenshots/ui_login_success_27fcf2.png
INFO     [📘TEST_INFO]:reporting.py:37 ▶️ STEP started: Add organization via API and reload page
INFO     [🔧DATA MANAGER]:test_data.py:56 Added organization: org_name=regression-org-uhzp3c9ewwxv, gherkin_name=My-organization
INFO     [🌐API_helper]:api_helper.py:86 POST https://api.dev.apolo.us/apis/admin/v1/orgs?skip_auto_add_to_clusters=false with data: {'name': 'regression-org-uhzp3c9ewwxv'}
INFO     [🌐API_helper]:api_helper.py:190 Add org regression-org-uhzp3c9ewwxv response: {'name': 'regression-org-uhzp3c9ewwxv', 'balance': {'credits': '500', 'spent_credits': '0'}, 'user_default_credits': None, 'notification_intervals': {'balance_projection_seconds': [604800, 259200, 86400], 'balance_amount': [0], 'balance_depletion_seconds': [86400, 604800]}}
INFO     [📘TEST_INFO]:reporting.py:37 ▶️ STEP started: Reload page
WARNING  [🔧TEST CONFIG]:conftest.py:420 [HTTP 200] GET https://api.dev.apolo.us/api/v1/config
Request Body:
<not available>
Response Body (first 1000 chars):
{"authorized": true, "orgs": [{"name": "regression-org-uhzp3c9ewwxv", "role": "admin"}], "clusters": [{"name": "default", "registry_url": "https://registry.api.dev.apolo.us", "storage_url": "https://api.dev.apolo.us/api/v1/storage", "monitoring_url": "https://monitoring.api.dev.apolo.us/api/v1/jobs", "secrets_url": "https://api.dev.apolo.us/api/v1/secrets", "metrics_url": "https://grafana.dev.apolo.us", "disks_url": "https://api.dev.apolo.us/api/v1/disk", "buckets_url": "https://api.dev.apolo.us/api/v1/buckets", "resource_pool_types": [{"name": "a2-highgpu-1g", "min_size": 0, "max_size": 10, "cpu": 12.0, "available_cpu": 11.081, "memory": 89629032448, "available_memory": 80898240256, "disk_size": 523982073856, "available_disk_size": 364209683290, "nvidia_gpu": {"count": 1, "model": "NVIDIA-A100-SXM4-40GB", "memory": 42949672960}}, {"name": "a2-highgpu-2g", "min_size": 0, "max_size": 3, "cpu": 24.0, "available_cpu": 23.765, "memory": 179367243776, "available_memory": 168282746880, "disk
WARNING  [🔧TEST CONFIG]:conftest.py:420 [HTTP 200] GET https://api.dev.apolo.us/api/v1/users/regression-td03g0w1ur/permissions?uri=blob:
Request Body:
<not available>
Response Body (first 1000 chars):
[{"uri": "blob://default/regression-org-uhzp3c9ewwxv", "action": "manage"}]
WARNING  [🔧TEST CONFIG]:conftest.py:420 [HTTP 200] GET https://api.dev.apolo.us/apis/admin/v1/users/regression-td03g0w1ur?include=orgs
Request Body:
<not available>
Response Body (first 1000 chars):
{"name": "regression-td03g0w1ur", "email": "regression-td03g0w1ur@apolo.us", "first_name": null, "last_name": null, "created_at": "2025-09-17T01:33:04.420503+00:00", "terms_accepted": true, "orgs": [{"org_name": "regression-org-uhzp3c9ewwxv", "role": "admin", "balance": {"spent_credits": "0"}}]}
WARNING  [🔧TEST CONFIG]:conftest.py:420 [HTTP 200] GET https://api.dev.apolo.us/apis/admin/v1/invites/incoming
Request Body:
<not available>
Response Body (first 1000 chars):
[]
WARNING  [🔧TEST CONFIG]:conftest.py:420 [HTTP 200] GET https://api.dev.apolo.us/apis/admin/v1/orgs/regression-org-uhzp3c9ewwxv
Request Body:
<not available>
Response Body (first 1000 chars):
{"name": "regression-org-uhzp3c9ewwxv", "balance": {"credits": "500", "spent_credits": "0"}, "user_default_credits": null, "notification_intervals": {"balance_projection_seconds": [604800, 259200, 86400], "balance_amount": [0], "balance_depletion_seconds": [86400, 604800]}}
WARNING  [🔧TEST CONFIG]:conftest.py:420 [HTTP 200] GET https://api.dev.apolo.us/apis/admin/v1/users/regression-td03g0w1ur?include=clusters&include=system_role
Request Body:
<not available>
Response Body (first 1000 chars):
{"name": "regression-td03g0w1ur", "email": "regression-td03g0w1ur@apolo.us", "first_name": null, "last_name": null, "created_at": "2025-09-17T01:33:04.420503+00:00", "terms_accepted": true, "clusters": [{"cluster_name": "default", "role": "admin", "org_name": "regression-org-uhzp3c9ewwxv", "balance": {"spent_credits": "0"}}]}
INFO     [🎭 Playwright]:base_page.py:16 <MainPage>: Waiting for spinner
INFO     [🎭 Playwright]:base_page.py:16 <MainPage>: Timeout error for spinner
INFO     [📘TEST_INFO]:reporting.py:51 ✅ STEP completed: Reload page
INFO     [📘TEST_INFO]:reporting.py:225 📸 Screenshot captured and attached (success): /home/runner/work/apolo-test-automation/apolo-test-automation/reports/screenshots/ui_reload_page_success_1a83ac.png
INFO     [📘TEST_INFO]:reporting.py:51 ✅ STEP completed: Add organization via API and reload page
INFO     [📘TEST_INFO]:reporting.py:225 📸 Screenshot captured and attached (success): /home/runner/work/apolo-test-automation/apolo-test-automation/reports/screenshots/ui_add_org_api_success_90618a.png
INFO     [🔧TEST CONFIG]:conftest.py:378 Navigating to: https://console.dev.apolo.us/
WARNING  [🔧TEST CONFIG]:conftest.py:420 [HTTP 200] GET https://api.dev.apolo.us/api/v1/config
Request Body:
<not available>
Response Body (first 1000 chars):
{"authorized": false, "auth_url": "https://auth.dev.apolo.us/authorize", "token_url": "https://auth.dev.apolo.us/oauth/token", "logout_url": "https://auth.dev.apolo.us/v2/logout?returnTo=https://console.dev.apolo.us", "client_id": "q3I0OzzGnTDkhRmpeJ7WWgaTCucmVxTL", "audience": "https://api.dev.apolo.us", "callback_urls": ["http://127.0.0.1:54540", "http://127.0.0.1:54541", "http://127.0.0.1:54542"], "headless_callback_url": "https://api.dev.apolo.us/oauth/show-code", "success_redirect_url": "https://api.dev.apolo.us/oauth/login"}
INFO     [📘TEST_INFO]:reporting.py:37 ▶️ STEP started: <<User2>> :: Get second user
INFO     [📘TEST_INFO]:reporting.py:37 ▶️ STEP started: <<User2>> :: Signup new user via UI and activate email verification link
INFO     [👤UsersManager]:users_manager.py:59 Generated new user: UserData(email='regression-53g06awklb@apolo.us', username='regression-53g06awklb', password='Z@SBvAD2U$9g')
INFO     [👤UsersManager]:users_manager.py:73 Setting main user to UserData(email='regression-53g06awklb@apolo.us', username='regression-53g06awklb', password='Z@SBvAD2U$9g')
INFO     [📘TEST_INFO]:reporting.py:37 ▶️ STEP started: <<User2>> :: Click signup button
INFO     [🎭 Playwright]:base_page.py:16 <AuthPage>: Click sign up button
INFO     [📘TEST_INFO]:reporting.py:51 ✅ STEP completed: <<User2>> :: Click signup button
INFO     [📘TEST_INFO]:reporting.py:225 📸 Screenshot captured and attached (success): /home/runner/work/apolo-test-automation/apolo-test-automation/reports/screenshots/ui_click_signup_button_success_b46eb5.png
INFO     [📘TEST_INFO]:reporting.py:37 ▶️ STEP started: <<User2>> :: Enter email
INFO     [🎭 Playwright]:base_page.py:16 <SignupPage>: Enter regression-53g06awklb@apolo.us email
INFO     [📘TEST_INFO]:reporting.py:51 ✅ STEP completed: <<User2>> :: Enter email
INFO     [📘TEST_INFO]:reporting.py:225 📸 Screenshot captured and attached (success): /home/runner/work/apolo-test-automation/apolo-test-automation/reports/screenshots/ui_enter_email_success_cec54c.png
INFO     [📘TEST_INFO]:reporting.py:37 ▶️ STEP started: <<User2>> :: Enter password
INFO     [🎭 Playwright]:base_page.py:16 <SignupPage>: Enter ********* password
INFO     [📘TEST_INFO]:reporting.py:51 ✅ STEP completed: <<User2>> :: Enter password
INFO     [📘TEST_INFO]:reporting.py:225 📸 Screenshot captured and attached (success): /home/runner/work/apolo-test-automation/apolo-test-automation/reports/screenshots/ui_enter_password_success_ecd3fd.png
INFO     [📘TEST_INFO]:reporting.py:37 ▶️ STEP started: <<User2>> :: Click continue button
INFO     [🎭 Playwright]:base_page.py:16 <SignupPage>: Click continue button
INFO     [📘TEST_INFO]:reporting.py:51 ✅ STEP completed: <<User2>> :: Click continue button
INFO     [📘TEST_INFO]:reporting.py:225 📸 Screenshot captured and attached (success): /home/runner/work/apolo-test-automation/apolo-test-automation/reports/screenshots/ui_click_continue_button_success_7ad0c8.png
INFO     [📘TEST_INFO]:reporting.py:37 ▶️ STEP started: <<User2>> :: Verify that Verify email message displayed
INFO     [🎭 Playwright]:base_page.py:16 <MainPage>: Check if verify email message displayed
WARNING  [🔧TEST CONFIG]:conftest.py:420 [HTTP 200] GET https://api.dev.apolo.us/api/v1/config
Request Body:
<not available>
Response Body (first 1000 chars):
{"authorized": false, "auth_url": "https://auth.dev.apolo.us/authorize", "token_url": "https://auth.dev.apolo.us/oauth/token", "logout_url": "https://auth.dev.apolo.us/v2/logout?returnTo=https://console.dev.apolo.us", "client_id": "q3I0OzzGnTDkhRmpeJ7WWgaTCucmVxTL", "audience": "https://api.dev.apolo.us", "callback_urls": ["http://127.0.0.1:54540", "http://127.0.0.1:54541", "http://127.0.0.1:54542"], "headless_callback_url": "https://api.dev.apolo.us/oauth/show-code", "success_redirect_url": "https://api.dev.apolo.us/oauth/login"}
INFO     [📘TEST_INFO]:reporting.py:51 ✅ STEP completed: <<User2>> :: Verify that Verify email message displayed
INFO     [📘TEST_INFO]:reporting.py:225 📸 Screenshot captured and attached (success): /home/runner/work/apolo-test-automation/apolo-test-automation/reports/screenshots/verify_ui_email_message_displayed_success_0e250f.png
INFO     [📘TEST_INFO]:reporting.py:37 ▶️ STEP started: Verify user email with the activation link
INFO     [🌐API_helper]:api_helper.py:134 Checking if user regression-53g06awklb@apolo.us needs verification...
INFO     [🌐API_helper]:api_helper.py:54 GET https://api.dev.apolo.us/apis/admin/v1/users/auth0-email-verify-ticket?email=regression-53g06awklb@apolo.us
INFO     [🌐API_helper]:api_helper.py:136 Status: 200. Response: {'ticket': 'https://auth.dev.apolo.us/u/email-verification?ticket=KdOWx7aLa073evTY8e1ytK6XZJgKC2xJ#'}
INFO     [📘TEST_INFO]:reporting.py:37 ▶️ STEP started: <<User2>> :: Navigate to URL
INFO     [🎭 Playwright]:base_page.py:16 <MainPage>: Navigated to: https://auth.dev.apolo.us/u/email-verification?ticket=KdOWx7aLa073evTY8e1ytK6XZJgKC2xJ#
INFO     [🎭 Playwright]:base_page.py:16 <MainPage>: Waiting for network idle...
INFO     [🎭 Playwright]:base_page.py:16 <MainPage>: Page is idle (networkidle state reached)
INFO     [📘TEST_INFO]:reporting.py:51 ✅ STEP completed: <<User2>> :: Navigate to URL
INFO     [📘TEST_INFO]:reporting.py:225 📸 Screenshot captured and attached (success): /home/runner/work/apolo-test-automation/apolo-test-automation/reports/screenshots/ui_open_url_in_browser_success_3da29e.png
INFO     [🌐API_helper]:api_helper.py:134 Checking if user regression-53g06awklb@apolo.us needs verification...
INFO     [🌐API_helper]:api_helper.py:54 GET https://api.dev.apolo.us/apis/admin/v1/users/auth0-email-verify-ticket?email=regression-53g06awklb@apolo.us
INFO     [🌐API_helper]:api_helper.py:136 Status: 200. Response: {'detail': 'Email already verified'}
INFO     [📘TEST_INFO]:reporting.py:51 ✅ STEP completed: Verify user email with the activation link
INFO     [📘TEST_INFO]:reporting.py:37 ▶️ STEP started: <<User2>> :: Navigate to URL
INFO     [🎭 Playwright]:base_page.py:16 <MainPage>: Navigated to: https://console.dev.apolo.us/
INFO     [🎭 Playwright]:base_page.py:16 <MainPage>: Waiting for network idle...
WARNING  [🔧TEST CONFIG]:conftest.py:420 [HTTP 200] GET https://api.dev.apolo.us/api/v1/config
Request Body:
<not available>
Response Body (first 1000 chars):
{"authorized": false, "auth_url": "https://auth.dev.apolo.us/authorize", "token_url": "https://auth.dev.apolo.us/oauth/token", "logout_url": "https://auth.dev.apolo.us/v2/logout?returnTo=https://console.dev.apolo.us", "client_id": "q3I0OzzGnTDkhRmpeJ7WWgaTCucmVxTL", "audience": "https://api.dev.apolo.us", "callback_urls": ["http://127.0.0.1:54540", "http://127.0.0.1:54541", "http://127.0.0.1:54542"], "headless_callback_url": "https://api.dev.apolo.us/oauth/show-code", "success_redirect_url": "https://api.dev.apolo.us/oauth/login"}
INFO     [🎭 Playwright]:base_page.py:16 <MainPage>: Page is idle (networkidle state reached)
INFO     [📘TEST_INFO]:reporting.py:51 ✅ STEP completed: <<User2>> :: Navigate to URL
INFO     [📘TEST_INFO]:reporting.py:225 📸 Screenshot captured and attached (success): /home/runner/work/apolo-test-automation/apolo-test-automation/reports/screenshots/ui_open_url_in_browser_success_69260d.png
INFO     [📘TEST_INFO]:reporting.py:37 ▶️ STEP started: <<User2>> :: Verify that Auth page displayed
INFO     [🎭 Playwright]:base_page.py:16 <AuthPage>: Check if page loaded
INFO     [📘TEST_INFO]:reporting.py:51 ✅ STEP completed: <<User2>> :: Verify that Auth page displayed
INFO     [📘TEST_INFO]:reporting.py:225 📸 Screenshot captured and attached (success): /home/runner/work/apolo-test-automation/apolo-test-automation/reports/screenshots/verify_ui_page_displayed_success_ed522a.png
INFO     [📘TEST_INFO]:reporting.py:37 ▶️ STEP started: <<User2>> :: Click login button
INFO     [🎭 Playwright]:base_page.py:16 <AuthPage>: Click log in button
INFO     [📘TEST_INFO]:reporting.py:51 ✅ STEP completed: <<User2>> :: Click login button
INFO     [📘TEST_INFO]:reporting.py:225 📸 Screenshot captured and attached (success): /home/runner/work/apolo-test-automation/apolo-test-automation/reports/screenshots/ui_click_login_button_success_7816d6.png
INFO     [📘TEST_INFO]:reporting.py:37 ▶️ STEP started: <<User2>> :: Verify that Signup username page displayed
INFO     [🎭 Playwright]:base_page.py:16 <SignupUsernamePage>: Check if page is loaded
WARNING  [🔧TEST CONFIG]:conftest.py:420 [HTTP 404] HEAD https://api.dev.apolo.us/apis/admin/v1/users/regression-53g06awklb
Request Body:
<not available>
Response Body (first 1000 chars):
<unavailable>
INFO     [📘TEST_INFO]:reporting.py:51 ✅ STEP completed: <<User2>> :: Verify that Signup username page displayed
INFO     [📘TEST_INFO]:reporting.py:225 📸 Screenshot captured and attached (success): /home/runner/work/apolo-test-automation/apolo-test-automation/reports/screenshots/verify_ui_page_displayed_success_27de42.png
INFO     [📘TEST_INFO]:reporting.py:37 ▶️ STEP started: <<User2>> :: Enter username
INFO     [🎭 Playwright]:base_page.py:16 <SignupUsernamePage>: Enter regression-53g06awklb username
WARNING  [🔧TEST CONFIG]:conftest.py:420 [HTTP 404] HEAD https://api.dev.apolo.us/apis/admin/v1/users/
Request Body:
<not available>
Response Body (first 1000 chars):
<unavailable>
WARNING  [🔧TEST CONFIG]:conftest.py:420 [HTTP 404] HEAD https://api.dev.apolo.us/apis/admin/v1/users/regression-53g06awklb
Request Body:
<not available>
Response Body (first 1000 chars):
<unavailable>
INFO     [🎭 Playwright]:base_page.py:16 <SignupUsernamePage>: Wait for network idle
INFO     [🎭 Playwright]:base_page.py:16 <SignupUsernamePage>: Network idle done
INFO     [📘TEST_INFO]:reporting.py:51 ✅ STEP completed: <<User2>> :: Enter username
INFO     [📘TEST_INFO]:reporting.py:225 📸 Screenshot captured and attached (success): /home/runner/work/apolo-test-automation/apolo-test-automation/reports/screenshots/ui_enter_username_success_6dba33.png
INFO     [📘TEST_INFO]:reporting.py:37 ▶️ STEP started: <<User2>> :: Click signup button on Signup username page
INFO     [🎭 Playwright]:base_page.py:16 <SignupUsernamePage>: Click signup button
WARNING  [🔧TEST CONFIG]:conftest.py:420 [HTTP 200] GET https://api.dev.apolo.us/api/v1/config
Request Body:
<not available>
Response Body (first 1000 chars):
{"authorized": true, "orgs": [], "clusters": [], "projects": [], "admin_url": "https://api.dev.apolo.us/apis/admin/v1", "auth_url": "https://auth.dev.apolo.us/authorize", "token_url": "https://auth.dev.apolo.us/oauth/token", "logout_url": "https://auth.dev.apolo.us/v2/logout?returnTo=https://console.dev.apolo.us", "client_id": "q3I0OzzGnTDkhRmpeJ7WWgaTCucmVxTL", "audience": "https://api.dev.apolo.us", "callback_urls": ["http://127.0.0.1:54540", "http://127.0.0.1:54541", "http://127.0.0.1:54542"], "headless_callback_url": "https://api.dev.apolo.us/oauth/show-code", "success_redirect_url": "https://api.dev.apolo.us/oauth/login"}
INFO     [🎭 Playwright]:base_page.py:16 <SignupUsernamePage>: Waiting for spinner
WARNING  [🔧TEST CONFIG]:conftest.py:420 [HTTP 200] GET https://api.dev.apolo.us/api/v1/config
Request Body:
<not available>
Response Body (first 1000 chars):
{"authorized": true, "orgs": [], "clusters": [], "projects": [], "admin_url": "https://api.dev.apolo.us/apis/admin/v1", "auth_url": "https://auth.dev.apolo.us/authorize", "token_url": "https://auth.dev.apolo.us/oauth/token", "logout_url": "https://auth.dev.apolo.us/v2/logout?returnTo=https://console.dev.apolo.us", "client_id": "q3I0OzzGnTDkhRmpeJ7WWgaTCucmVxTL", "audience": "https://api.dev.apolo.us", "callback_urls": ["http://127.0.0.1:54540", "http://127.0.0.1:54541", "http://127.0.0.1:54542"], "headless_callback_url": "https://api.dev.apolo.us/oauth/show-code", "success_redirect_url": "https://api.dev.apolo.us/oauth/login"}
WARNING  [🔧TEST CONFIG]:conftest.py:420 [HTTP 200] GET https://api.dev.apolo.us/api/v1/users/regression-53g06awklb/permissions?uri=blob:
Request Body:
<not available>
Response Body (first 1000 chars):
[]
WARNING  [🔧TEST CONFIG]:conftest.py:420 [HTTP 200] GET https://api.dev.apolo.us/apis/admin/v1/users/regression-53g06awklb?include=clusters&include=system_role
Request Body:
<not available>
Response Body (first 1000 chars):
{"name": "regression-53g06awklb", "email": "regression-53g06awklb@apolo.us", "first_name": null, "last_name": null, "created_at": "2025-09-17T01:34:20.358811+00:00", "terms_accepted": false, "clusters": []}
WARNING  [🔧TEST CONFIG]:conftest.py:420 [HTTP 200] GET https://api.dev.apolo.us/apis/admin/v1/users/regression-53g06awklb?include=orgs
Request Body:
<not available>
Response Body (first 1000 chars):
{"name": "regression-53g06awklb", "email": "regression-53g06awklb@apolo.us", "first_name": null, "last_name": null, "created_at": "2025-09-17T01:34:20.358811+00:00", "terms_accepted": false, "orgs": []}
WARNING  [🔧TEST CONFIG]:conftest.py:420 [HTTP 200] GET https://api.dev.apolo.us/apis/admin/v1/invites/incoming
Request Body:
<not available>
Response Body (first 1000 chars):
[]
INFO     [🎭 Playwright]:base_page.py:16 <SignupUsernamePage>: Timeout error for spinner
INFO     [📘TEST_INFO]:reporting.py:51 ✅ STEP completed: <<User2>> :: Click signup button on Signup username page
INFO     [📘TEST_INFO]:reporting.py:225 📸 Screenshot captured and attached (success): /home/runner/work/apolo-test-automation/apolo-test-automation/reports/screenshots/ui_click_signup_button_success_95d6e2.png
INFO     [📘TEST_INFO]:reporting.py:37 ▶️ STEP started: <<User2>> :: Verify that User agreement pop up displayed
INFO     [🎭 Playwright]:base_page.py:16 <MainPage>: Check if user_agreement pop up displayed
INFO     [📘TEST_INFO]:reporting.py:51 ✅ STEP completed: <<User2>> :: Verify that User agreement pop up displayed
INFO     [📘TEST_INFO]:reporting.py:225 📸 Screenshot captured and attached (success): /home/runner/work/apolo-test-automation/apolo-test-automation/reports/screenshots/verify_ui_terms_of_agreement_displayed_success_f667f1.png
INFO     [📘TEST_INFO]:reporting.py:37 ▶️ STEP started: <<User2>> :: Check agreement checkbox
INFO     [🎭 Playwright]:base_page.py:16 <MainPage>: Check user agreement checkbox
INFO     [📘TEST_INFO]:reporting.py:51 ✅ STEP completed: <<User2>> :: Check agreement checkbox
INFO     [📘TEST_INFO]:reporting.py:225 📸 Screenshot captured and attached (success): /home/runner/work/apolo-test-automation/apolo-test-automation/reports/screenshots/ui_check_agreement_checkbox_success_1f60cc.png
INFO     [📘TEST_INFO]:reporting.py:37 ▶️ STEP started: <<User2>> :: Click I Agree button
INFO     [🎭 Playwright]:base_page.py:16 <MainPage>: Click user agreement I Agree button
INFO     [📘TEST_INFO]:reporting.py:51 ✅ STEP completed: <<User2>> :: Click I Agree button
INFO     [📘TEST_INFO]:reporting.py:225 📸 Screenshot captured and attached (success): /home/runner/work/apolo-test-automation/apolo-test-automation/reports/screenshots/ui_click_i_agree_button_success_75063e.png
INFO     [📘TEST_INFO]:reporting.py:37 ▶️ STEP started: <<User2>> :: Wait for User Agreement popup to disappear
WARNING  [🔧TEST CONFIG]:conftest.py:420 [HTTP 204] PUT https://api.dev.apolo.us/apis/admin/v1/users/regression-53g06awklb/profile
Request Body:
<not available>
Response Body (first 1000 chars):

INFO     [📘TEST_INFO]:reporting.py:51 ✅ STEP completed: <<User2>> :: Wait for User Agreement popup to disappear
INFO     [📘TEST_INFO]:reporting.py:225 📸 Screenshot captured and attached (success): /home/runner/work/apolo-test-automation/apolo-test-automation/reports/screenshots/ui_wait_user_agreement_disappear_success_472023.png
INFO     [📘TEST_INFO]:reporting.py:37 ▶️ STEP started: <<User2>> :: Wait for timeout
INFO     [📘TEST_INFO]:reporting.py:51 ✅ STEP completed: <<User2>> :: Wait for timeout
INFO     [📘TEST_INFO]:reporting.py:225 📸 Screenshot captured and attached (success): /home/runner/work/apolo-test-automation/apolo-test-automation/reports/screenshots/ui_wait_for_timeout_success_411e37.png
INFO     [📘TEST_INFO]:reporting.py:37 ▶️ STEP started: <<User2>> :: Verify that Welcome new user page displayed
INFO     [🎭 Playwright]:base_page.py:16 <WelcomeNewUserPage>: Check if page loaded
INFO     [📘TEST_INFO]:reporting.py:51 ✅ STEP completed: <<User2>> :: Verify that Welcome new user page displayed
INFO     [📘TEST_INFO]:reporting.py:225 📸 Screenshot captured and attached (success): /home/runner/work/apolo-test-automation/apolo-test-automation/reports/screenshots/verify_ui_page_displayed_success_45a230.png
INFO     [📘TEST_INFO]:reporting.py:51 ✅ STEP completed: <<User2>> :: Signup new user via UI and activate email verification link
INFO     [📘TEST_INFO]:reporting.py:225 📸 Screenshot captured and attached (success): /home/runner/work/apolo-test-automation/apolo-test-automation/reports/screenshots/ui_signup_new_user_ver_link_success_3a25be.png
INFO     [👤UsersManager]:users_manager.py:82 Setting second user to UserData(email='regression-53g06awklb@apolo.us', username='regression-53g06awklb', password='Z@SBvAD2U$9g')
INFO     [📘TEST_INFO]:reporting.py:51 ✅ STEP completed: <<User2>> :: Get second user
INFO     [📘TEST_INFO]:reporting.py:225 📸 Screenshot captured and attached (success): /home/runner/work/apolo-test-automation/apolo-test-automation/reports/screenshots/ui_get_second_user_success_be5546.png
INFO     [📘TEST_INFO]:reporting.py:37 ▶️ STEP started: <<User2>> :: Login via UI
INFO     [📘TEST_INFO]:reporting.py:51 ✅ STEP completed: <<User2>> :: Login via UI
INFO     [📘TEST_INFO]:reporting.py:225 📸 Screenshot captured and attached (success): /home/runner/work/apolo-test-automation/apolo-test-automation/reports/screenshots/ui_login_success_611e75.png
INFO     [📘TEST_INFO]:reporting.py:37 ▶️ STEP started: Login to apolo CLI with access token
INFO     [🖥apolo_CLI]:apolo_runner.py:25 login-with-token. Running command via cli:

apolo config login-with-token eyJhbGciOiJSUzI1NiIsInR5cCI6IkpXVCIsImtpZCI6IjhyNXZCR0E4ZXNuc1IzbXJ0NUFSViJ9.eyJodHRwczovL3BsYXRmb3JtLm5ldXJvbWF0aW9uLmlvL3VzZXIiOiJyZWdyZXNzaW9uLXRkMDNnMHcxdXIiLCJodHRwczovL3BsYXRmb3JtLm5ldXJvbWF0aW9uLmlvL2xvZ2luX3JlZGlyZWN0X3VybCI6Imh0dHBzOi8vY29uc29sZS5kZXYuYXBvbG8udXMiLCJodHRwczovL3BsYXRmb3JtLmFwb2xvLnVzL29yaWdpbiI6Imh0dHBzOi8vY29uc29sZS5kZXYuYXBvbG8udXMiLCJpc3MiOiJodHRwczovL2F1dGguZGV2LmFwb2xvLnVzLyIsInN1YiI6ImF1dGgwfDY4Y2EwZmM2NjljOTEzNTEwMGI4MzQ5NSIsImF1ZCI6WyJodHRwczovL2FwaS5kZXYuYXBvbG8udXMiLCJodHRwczovL2Rldi1hcG9sby11cy51cy5hdXRoMC5jb20vdXNlcmluZm8iXSwiaWF0IjoxNzU4MDcyODE5LCJleHAiOjE3NTgxNTkyMTksInNjb3BlIjoib3BlbmlkIHByb2ZpbGUgZW1haWwiLCJhenAiOiJxM0kwT3p6R25URGtoUm1wZUo3V1dnYVRDdWNtVnhUTCJ9.BGOQsUVBL7Xi6EgKFNitBP_69i4WNse8-Aiky3FUNZHHHsoBh9Bb3Bkz9B4yK_dY5lF5NpW1vV_wlv6lrP-48rh8Y4mVT5CPFKrrSgNABSjblAiXBuszJIvbTFyDU4_betmn72Nv_kJgWabBn6E2gNyF2xcbIRVFHqHE42uSG0wjTWJkXrRgtn5pYD83Fuq9UU2RCxHRLN_-K6n2YsJlI8qoVNKIbTQD_ndKHs9aYAQKDwwOBvb5utmKIHsYdyU0XjOv1iQiymB6rgGz3d8PGvGO367iRiLTbv7WuuV8gprNBnvvsdCiFsLFN-WLFfe-Nk0BDHEmYenJ9r4R0l3Rxg https://api.dev.apolo.us/api/v1

INFO     [🖥apolo_CLI]:apolo_runner.py:86 login-with-token succeeded:

Logged into https://api.dev.apolo.us/api/v1 as regression-td03g0w1ur, current cluster is default, org is regression-org-uhzp3c9ewwxv project is None
Read the docs at https://docs.apolo.us or run `apolo --help` to see the reference

INFO     [📘TEST_INFO]:reporting.py:51 ✅ STEP completed: Login to apolo CLI with access token
INFO     [📘TEST_INFO]:reporting.py:37 ▶️ STEP started: Add user to organization via CLI
INFO     [🖥apolo_CLI]:apolo_runner.py:25 add user regression-53g06awklb to organization regression-org-uhzp3c9ewwxv as user. Running command via cli:

apolo admin add-org-user regression-org-uhzp3c9ewwxv regression-53g06awklb user

INFO     [🖥apolo_CLI]:apolo_runner.py:86 add user regression-53g06awklb to organization regression-org-uhzp3c9ewwxv as user succeeded:

Added regression-53g06awklb to org regression-org-uhzp3c9ewwxv as user
Credits: unlimited
Credits spent: 0.00

INFO     [📘TEST_INFO]:reporting.py:51 ✅ STEP completed: Add user to organization via CLI
INFO     [📘TEST_INFO]:reporting.py:37 ▶️ STEP started: Add new project via apolo CLI
INFO     [🖥apolo_CLI]:apolo_runner.py:25 create project regression-proj-imm2n9rq6a under regression-org-uhzp3c9ewwxv. Running command via cli:

apolo admin add-project --default-role reader --org regression-org-uhzp3c9ewwxv default regression-proj-imm2n9rq6a

ERROR    [🖥apolo_CLI]:apolo_runner.py:82 create project regression-proj-imm2n9rq6a under regression-org-uhzp3c9ewwxv failed:

ERROR: Illegal argument(s) (upstream request timeout)


ERROR    [📘TEST_INFO]:reporting.py:56 ❌ STEP failed: Add new project via apolo CLI
ERROR    [📘TEST_INFO]:reporting.py:95 ❌ TEST failed: Admin change member role from Reader to Writer in project via CLI
Exception: [AssertionError] during step: Add new project via apolo CLI
Message: ERROR: Illegal argument(s) (upstream request timeout)
INFO     [📘TEST_INFO]:reporting.py:98 ------------------------------------------------------------
INFO     [🌐API_helper]:api_helper.py:54 GET https://api.dev.apolo.us/apis/admin/v1/orgs
INFO     [🌐API_helper]:api_helper.py:165 Status: 200. Response: [{'name': 'regression-org-uhzp3c9ewwxv', 'balance': {'credits': '500', 'spent_credits': '0'}, 'user_default_credits': None, 'notification_intervals': {'balance_projection_seconds': [604800, 259200, 86400], 'balance_amount': [0], 'balance_depletion_seconds': [86400, 604800]}}]
INFO     [🔧TEST CONFIG]:conftest.py:291 Cleaning up 1 organisations
INFO     [🌐API_helper]:api_helper.py:172 Delete organization response: <ClientResponse(https://api.dev.apolo.us/apis/admin/v1/orgs/regression-org-uhzp3c9ewwxv) [504 Gateway Timeout]>
<CIMultiDictProxy('Content-Length': '14', 'Content-Type': 'text/plain', 'Via': '1.1 google', 'Date': 'Wed, 17 Sep 2025 01:35:42 GMT', 'Alt-Svc': 'h3=":443"; ma=2592000,h3-29=":443"; ma=2592000')>

INFO     [🔧TEST CONFIG]:conftest.py:316 Removed organisation: regression-org-uhzp3c9ewwxv
INFO     [🔧TEST CONFIG]:conftest.py:321 Closing all browser sessions
INFO     [🔧TEST CONFIG]:conftest.py:327 Stopped Playwright
WARNING  [🔧TEST CONFIG]:conftest.py:337 Failed to close context: BrowserContext.close: Target page, context or browser has been closed
INFO     [🔧TEST CONFIG]:conftest.py:342 Closed browser (post-stop)
INFO     [🔧TEST CONFIG]:conftest.py:327 Stopped Playwright
WARNING  [🔧TEST CONFIG]:conftest.py:337 Failed to close context: BrowserContext.close: Target page, context or browser has been closed
INFO     [🔧TEST CONFIG]:conftest.py:342 Closed browser (post-stop)
INFO     [🔧TEST CONFIG]:conftest.py:347 Browser cleanup finished