INFO     [🔧TEST CONFIG]:conftest.py:84 Loading test configuration
INFO     [🔧TEST CONFIG]:conftest.py:371 Navigating to: https://console.dev.apolo.us/
WARNING  [🔧TEST CONFIG]:conftest.py:413 [HTTP 200] GET https://api.dev.apolo.us/api/v1/config
Request Body:
<not available>
Response Body (first 1000 chars):
{"authorized": false, "auth_url": "https://auth.dev.apolo.us/authorize", "token_url": "https://auth.dev.apolo.us/oauth/token", "logout_url": "https://auth.dev.apolo.us/v2/logout?returnTo=https://console.dev.apolo.us", "client_id": "q3I0OzzGnTDkhRmpeJ7WWgaTCucmVxTL", "audience": "https://api.dev.apolo.us", "callback_urls": ["http://127.0.0.1:54540", "http://127.0.0.1:54541", "http://127.0.0.1:54542"], "headless_callback_url": "https://api.dev.apolo.us/oauth/show-code", "success_redirect_url": "https://api.dev.apolo.us/oauth/login"}
INFO     [🔧TEST CONFIG]:conftest.py:90 Creating data manager
INFO     [🔧TEST CONFIG]:conftest.py:116 Creating users manager
INFO     [🔧TEST CONFIG]:conftest.py:102 Creating API helper
INFO     [🔧TEST CONFIG]:conftest.py:110 Creating Apolo CLI instance
INFO     [🔧TEST CONFIG]:conftest.py:198 Continue using UserData(email='regression-vvaeevq9as@apolo.us', username='regression-vvaeevq9as', password='mKts#iVh$N*!') as main test user...
INFO     [👤UsersManager]:users_manager.py:73 Setting main user to UserData(email='regression-vvaeevq9as@apolo.us', username='regression-vvaeevq9as', password='mKts#iVh$N*!')
INFO     [🔧TEST CONFIG]:conftest.py:228 Continue using UserData(email='regression-nc08cxaaek@apolo.us', username='regression-nc08cxaaek', password='x@&v*%42escS') as second test user...
INFO     [👤UsersManager]:users_manager.py:82 Setting second user to UserData(email='regression-nc08cxaaek@apolo.us', username='regression-nc08cxaaek', password='x@&v*%42escS')
INFO     [🔧TEST CONFIG]:conftest.py:233 Continue using UserData(email='regression-76tydaci7g@apolo.us', username='regression-76tydaci7g', password='iWK%%cz%h&1o') as third test user...
INFO     [👤UsersManager]:users_manager.py:91 Setting third user to UserData(email='regression-76tydaci7g@apolo.us', username='regression-76tydaci7g', password='iWK%%cz%h&1o')
INFO     [📘TEST_INFO]:reporting.py:86 ------------------------------------------------------------
INFO     [📘TEST_INFO]:reporting.py:87 📝 TEST started: User rename Folder
INFO     [📘TEST_INFO]:reporting.py:88 ------------------------------------------------------------
INFO     [📘TEST_INFO]:reporting.py:37 ▶️ STEP started: Login via UI
INFO     [📘TEST_INFO]:reporting.py:37 ▶️ STEP started: Click login button
INFO     [🎭 Playwright]:base_page.py:16 <AuthPage>: Click log in button
INFO     [📘TEST_INFO]:reporting.py:51 ✅ STEP completed: Click login button
INFO     [📘TEST_INFO]:reporting.py:225 📸 Screenshot captured and attached (success): /home/runner/work/apolo-test-automation/apolo-test-automation/reports/screenshots/ui_click_login_button_success_331116.png
INFO     [📘TEST_INFO]:reporting.py:37 ▶️ STEP started: Enter email
INFO     [🎭 Playwright]:base_page.py:16 <LoginPage>: Enter regression-vvaeevq9as@apolo.us email
INFO     [📘TEST_INFO]:reporting.py:51 ✅ STEP completed: Enter email
INFO     [📘TEST_INFO]:reporting.py:225 📸 Screenshot captured and attached (success): /home/runner/work/apolo-test-automation/apolo-test-automation/reports/screenshots/ui_enter_email_success_beb941.png
INFO     [📘TEST_INFO]:reporting.py:37 ▶️ STEP started: Enter password
INFO     [🎭 Playwright]:base_page.py:16 <LoginPage>: Enter ********* password
INFO     [📘TEST_INFO]:reporting.py:51 ✅ STEP completed: Enter password
INFO     [📘TEST_INFO]:reporting.py:225 📸 Screenshot captured and attached (success): /home/runner/work/apolo-test-automation/apolo-test-automation/reports/screenshots/ui_enter_password_success_5b635d.png
INFO     [📘TEST_INFO]:reporting.py:37 ▶️ STEP started: Click Continue button
INFO     [🎭 Playwright]:base_page.py:16 <LoginPage>: Click continue button
WARNING  [🔧TEST CONFIG]:conftest.py:413 [HTTP 200] GET https://api.dev.apolo.us/api/v1/config
Request Body:
<not available>
Response Body (first 1000 chars):
{"authorized": true, "orgs": [], "clusters": [], "projects": [], "admin_url": "https://api.dev.apolo.us/apis/admin/v1", "auth_url": "https://auth.dev.apolo.us/authorize", "token_url": "https://auth.dev.apolo.us/oauth/token", "logout_url": "https://auth.dev.apolo.us/v2/logout?returnTo=https://console.dev.apolo.us", "client_id": "q3I0OzzGnTDkhRmpeJ7WWgaTCucmVxTL", "audience": "https://api.dev.apolo.us", "callback_urls": ["http://127.0.0.1:54540", "http://127.0.0.1:54541", "http://127.0.0.1:54542"], "headless_callback_url": "https://api.dev.apolo.us/oauth/show-code", "success_redirect_url": "https://api.dev.apolo.us/oauth/login"}
WARNING  [🔧TEST CONFIG]:conftest.py:413 [HTTP 200] GET https://api.dev.apolo.us/api/v1/users/regression-vvaeevq9as/permissions?uri=blob:
Request Body:
<not available>
Response Body (first 1000 chars):
[]
WARNING  [🔧TEST CONFIG]:conftest.py:413 [HTTP 200] GET https://api.dev.apolo.us/apis/admin/v1/invites/incoming
Request Body:
<not available>
Response Body (first 1000 chars):
[]
INFO     [🎭 Playwright]:base_page.py:16 <LoginPage>: Waiting for spinner
INFO     [🎭 Playwright]:base_page.py:16 <LoginPage>: Waiting for spinner to disappear
WARNING  [🔧TEST CONFIG]:conftest.py:413 [HTTP 200] GET https://api.dev.apolo.us/apis/admin/v1/users/regression-vvaeevq9as?include=orgs
Request Body:
<not available>
Response Body (first 1000 chars):
{"name": "regression-vvaeevq9as", "email": "regression-vvaeevq9as@apolo.us", "first_name": null, "last_name": null, "created_at": "2025-09-13T01:31:00.016385+00:00", "terms_accepted": true, "orgs": []}
WARNING  [🔧TEST CONFIG]:conftest.py:413 [HTTP 200] GET https://api.dev.apolo.us/apis/admin/v1/users/regression-vvaeevq9as?include=clusters&include=system_role
Request Body:
<not available>
Response Body (first 1000 chars):
{"name": "regression-vvaeevq9as", "email": "regression-vvaeevq9as@apolo.us", "first_name": null, "last_name": null, "created_at": "2025-09-13T01:31:00.016385+00:00", "terms_accepted": true, "clusters": []}
INFO     [📘TEST_INFO]:reporting.py:51 ✅ STEP completed: Click Continue button
INFO     [📘TEST_INFO]:reporting.py:225 📸 Screenshot captured and attached (success): /home/runner/work/apolo-test-automation/apolo-test-automation/reports/screenshots/ui_click_continue_button_success_5ce482.png
INFO     [📘TEST_INFO]:reporting.py:37 ▶️ STEP started: Verify that Welcome new user page displayed
INFO     [🎭 Playwright]:base_page.py:16 <WelcomeNewUserPage>: Check if page loaded
INFO     [📘TEST_INFO]:reporting.py:51 ✅ STEP completed: Verify that Welcome new user page displayed
INFO     [📘TEST_INFO]:reporting.py:225 📸 Screenshot captured and attached (success): /home/runner/work/apolo-test-automation/apolo-test-automation/reports/screenshots/verify_ui_page_displayed_success_b47078.png
INFO     [📘TEST_INFO]:reporting.py:51 ✅ STEP completed: Login via UI
INFO     [📘TEST_INFO]:reporting.py:225 📸 Screenshot captured and attached (success): /home/runner/work/apolo-test-automation/apolo-test-automation/reports/screenshots/ui_login_success_21d606.png
INFO     [📘TEST_INFO]:reporting.py:37 ▶️ STEP started: Add organization via API and reload page
INFO     [🔧DATA MANAGER]:test_data.py:48 Added organization: org_name=regression-org-7tm9435u2obk, gherkin_name=Default-organization
INFO     [🌐API_helper]:api_helper.py:60 POST https://api.dev.apolo.us/apis/admin/v1/orgs?skip_auto_add_to_clusters=false with data: {'name': 'regression-org-7tm9435u2obk'}
INFO     [🌐API_helper]:api_helper.py:162 Add org regression-org-7tm9435u2obk response: <ClientResponse(https://api.dev.apolo.us/apis/admin/v1/orgs?skip_auto_add_to_clusters=false) [201 Created]>
<CIMultiDictProxy('Access-Control-Allow-Credentials': 'true', 'Content-Length': '274', 'Content-Type': 'application/json; charset=utf-8', 'Date': 'Sat, 13 Sep 2025 02:15:45 GMT', 'Server': 'Python/3.13 aiohttp/3.12.15', 'Vary': 'Origin', 'x-service-version': 'platform-admin/0.0.0.post1.dev0+ee87add', 'Via': '1.1 google', 'Alt-Svc': 'h3=":443"; ma=2592000,h3-29=":443"; ma=2592000')>

INFO     [📘TEST_INFO]:reporting.py:37 ▶️ STEP started: Reload page
WARNING  [🔧TEST CONFIG]:conftest.py:413 [HTTP 200] GET https://api.dev.apolo.us/api/v1/config
Request Body:
<not available>
Response Body (first 1000 chars):
{"authorized": true, "orgs": [{"name": "regression-org-7tm9435u2obk", "role": "admin"}], "clusters": [{"name": "default", "registry_url": "https://registry.api.dev.apolo.us", "storage_url": "https://api.dev.apolo.us/api/v1/storage", "monitoring_url": "https://monitoring.api.dev.apolo.us/api/v1/jobs", "secrets_url": "https://api.dev.apolo.us/api/v1/secrets", "metrics_url": "https://grafana.dev.apolo.us", "disks_url": "https://api.dev.apolo.us/api/v1/disk", "buckets_url": "https://api.dev.apolo.us/api/v1/buckets", "resource_pool_types": [{"name": "a2-highgpu-1g", "min_size": 0, "max_size": 10, "cpu": 12.0, "available_cpu": 11.176, "memory": 89629032448, "available_memory": 80898240256, "disk_size": 161061273600, "available_disk_size": 161061273600, "nvidia_gpu": {"count": 1, "model": "NVIDIA-A100-SXM4-40GB", "memory": 42949672960}}, {"name": "default", "min_size": 1, "max_size": 10, "cpu": 4.0, "available_cpu": 2.751, "memory": 16776048640, "available_memory": 12037189376, "disk_size": 1
WARNING  [🔧TEST CONFIG]:conftest.py:413 [HTTP 200] GET https://api.dev.apolo.us/apis/admin/v1/invites/incoming
Request Body:
<not available>
Response Body (first 1000 chars):
[]
WARNING  [🔧TEST CONFIG]:conftest.py:413 [HTTP 200] GET https://api.dev.apolo.us/apis/admin/v1/users/regression-vvaeevq9as?include=clusters&include=system_role
Request Body:
<not available>
Response Body (first 1000 chars):
{"name": "regression-vvaeevq9as", "email": "regression-vvaeevq9as@apolo.us", "first_name": null, "last_name": null, "created_at": "2025-09-13T01:31:00.016385+00:00", "terms_accepted": true, "clusters": [{"cluster_name": "default", "role": "admin", "org_name": "regression-org-7tm9435u2obk", "balance": {"spent_credits": "0"}}]}
INFO     [🎭 Playwright]:base_page.py:16 <MainPage>: Waiting for spinner
INFO     [🎭 Playwright]:base_page.py:16 <MainPage>: Waiting for spinner to disappear
WARNING  [🔧TEST CONFIG]:conftest.py:413 [HTTP 200] GET https://api.dev.apolo.us/api/v1/users/regression-vvaeevq9as/permissions?uri=blob:
Request Body:
<not available>
Response Body (first 1000 chars):
[{"uri": "blob://default/regression-org-7tm9435u2obk", "action": "manage"}]
WARNING  [🔧TEST CONFIG]:conftest.py:413 [HTTP 200] GET https://api.dev.apolo.us/apis/admin/v1/orgs/regression-org-7tm9435u2obk
Request Body:
<not available>
Response Body (first 1000 chars):
{"name": "regression-org-7tm9435u2obk", "balance": {"credits": "500", "spent_credits": "0"}, "user_default_credits": null, "notification_intervals": {"balance_projection_seconds": [604800, 259200, 86400], "balance_amount": [0], "balance_depletion_seconds": [86400, 604800]}}
WARNING  [🔧TEST CONFIG]:conftest.py:413 [HTTP 200] GET https://api.dev.apolo.us/apis/admin/v1/users/regression-vvaeevq9as?include=orgs
Request Body:
<not available>
Response Body (first 1000 chars):
{"name": "regression-vvaeevq9as", "email": "regression-vvaeevq9as@apolo.us", "first_name": null, "last_name": null, "created_at": "2025-09-13T01:31:00.016385+00:00", "terms_accepted": true, "orgs": [{"org_name": "regression-org-7tm9435u2obk", "role": "admin", "balance": {"spent_credits": "0"}}]}
INFO     [📘TEST_INFO]:reporting.py:51 ✅ STEP completed: Reload page
INFO     [📘TEST_INFO]:reporting.py:225 📸 Screenshot captured and attached (success): /home/runner/work/apolo-test-automation/apolo-test-automation/reports/screenshots/ui_reload_page_success_321778.png
INFO     [📘TEST_INFO]:reporting.py:51 ✅ STEP completed: Add organization via API and reload page
INFO     [📘TEST_INFO]:reporting.py:225 📸 Screenshot captured and attached (success): /home/runner/work/apolo-test-automation/apolo-test-automation/reports/screenshots/ui_add_org_api_success_3909da.png
INFO     [📘TEST_INFO]:reporting.py:37 ▶️ STEP started: Create first project from the top pane on main page
INFO     [📘TEST_INFO]:reporting.py:37 ▶️ STEP started: Click Project button on the top pane of the main page
INFO     [🎭 Playwright]:base_page.py:16 <MainPage>: Click create project button on the top pane
INFO     [📘TEST_INFO]:reporting.py:51 ✅ STEP completed: Click Project button on the top pane of the main page
INFO     [📘TEST_INFO]:reporting.py:225 📸 Screenshot captured and attached (success): /home/runner/work/apolo-test-automation/apolo-test-automation/reports/screenshots/ui_click_proj_button_top_pane_success_cd4a9f.png
INFO     [📘TEST_INFO]:reporting.py:37 ▶️ STEP started: Verify No project popup displayed
INFO     [🎭 Playwright]:base_page.py:16 <NoProjectPopup>: Check if page loaded
INFO     [📘TEST_INFO]:reporting.py:51 ✅ STEP completed: Verify No project popup displayed
INFO     [📘TEST_INFO]:reporting.py:225 📸 Screenshot captured and attached (success): /home/runner/work/apolo-test-automation/apolo-test-automation/reports/screenshots/verify_ui_popup_displayed_success_f7cf52.png
INFO     [📘TEST_INFO]:reporting.py:37 ▶️ STEP started: Click Create new project button
INFO     [🎭 Playwright]:base_page.py:16 <NoProjectPopup>: Click create project button
INFO     [📘TEST_INFO]:reporting.py:51 ✅ STEP completed: Click Create new project button
INFO     [📘TEST_INFO]:reporting.py:225 📸 Screenshot captured and attached (success): /home/runner/work/apolo-test-automation/apolo-test-automation/reports/screenshots/ui_click_create_new_proj_button_success_65e811.png
INFO     [📘TEST_INFO]:reporting.py:37 ▶️ STEP started: Verify Create project popup displayed
INFO     [🎭 Playwright]:base_page.py:16 <CreateProjectPopup>: Check if page loaded
INFO     [📘TEST_INFO]:reporting.py:51 ✅ STEP completed: Verify Create project popup displayed
INFO     [📘TEST_INFO]:reporting.py:225 📸 Screenshot captured and attached (success): /home/runner/work/apolo-test-automation/apolo-test-automation/reports/screenshots/verify_ui_popup_displayed_success_5cea63.png
INFO     [📘TEST_INFO]:reporting.py:37 ▶️ STEP started: Enter project name
INFO     [🎭 Playwright]:base_page.py:16 <CreateProjectPopup>: Enter new project name regression-proj-qf2zbxxbeo
INFO     [📘TEST_INFO]:reporting.py:51 ✅ STEP completed: Enter project name
INFO     [📘TEST_INFO]:reporting.py:225 📸 Screenshot captured and attached (success): /home/runner/work/apolo-test-automation/apolo-test-automation/reports/screenshots/ui_enter_proj_name_success_d76730.png
INFO     [📘TEST_INFO]:reporting.py:37 ▶️ STEP started: Select user role
INFO     [🎭 Playwright]:base_page.py:16 <CreateProjectPopup>: Select default role Reader
INFO     [📘TEST_INFO]:reporting.py:51 ✅ STEP completed: Select user role
INFO     [📘TEST_INFO]:reporting.py:225 📸 Screenshot captured and attached (success): /home/runner/work/apolo-test-automation/apolo-test-automation/reports/screenshots/ui_select_role_success_5fdea0.png
INFO     [📘TEST_INFO]:reporting.py:37 ▶️ STEP started: Click Create button
INFO     [🎭 Playwright]:base_page.py:16 <CreateProjectPopup>: Click create button
WARNING  [🔧TEST CONFIG]:conftest.py:413 [HTTP 404] GET https://api.dev.apolo.us/apis/admin/v1/clusters/default/orgs/regression-org-7tm9435u2obk/projects/regression-proj-qf2zbxxbeo
Request Body:
<not available>
Response Body (first 1000 chars):
{"error": "Project 'regression-proj-qf2zbxxbeo' not found in cluster 'default' in org 'regression-org-7tm9435u2obk'"}
INFO     [📘TEST_INFO]:reporting.py:51 ✅ STEP completed: Click Create button
INFO     [📘TEST_INFO]:reporting.py:225 📸 Screenshot captured and attached (success): /home/runner/work/apolo-test-automation/apolo-test-automation/reports/screenshots/ui_click_create_button_success_4300b4.png
INFO     [📘TEST_INFO]:reporting.py:37 ▶️ STEP started: Wait for Create project popup disappear
INFO     [🎭 Playwright]:base_page.py:16 <CreateProjectPopup>: Wait for Create project popup to disappear
WARNING  [🔧TEST CONFIG]:conftest.py:413 [HTTP 201] POST https://api.dev.apolo.us/apis/admin/v1/clusters/default/orgs/regression-org-7tm9435u2obk/projects
Request Body:
<not available>
Response Body (first 1000 chars):
{"name": "regression-proj-qf2zbxxbeo", "cluster_name": "default", "org_name": "regression-org-7tm9435u2obk", "is_default": false, "default_role": "reader"}
WARNING  [🔧TEST CONFIG]:conftest.py:413 [HTTP 200] GET https://api.dev.apolo.us/apis/apps/v1/cluster/default/org/regression-org-7tm9435u2obk/project/regression-proj-qf2zbxxbeo/templates
Request Body:
<not available>
Response Body (first 1000 chars):
[{"name":"aws-s3","title":"AWS S3","pub_date":"2025-01-01T00:00:00Z","description":"AWS S3 Storage","short_description":"","schema_version":1,"version":"HEAD","input":{"$defs":{"ApoloSecret":{"properties":{"key":{"title":"Key","type":"string"}},"required":["key"],"title":"ApoloSecret","type":"object","x-description":"Apolo Secret Configuration.","x-is-advanced-field":false,"x-meta-type":"inline","x-title":"Secret","x-type":"ApoloSecret"},"S3Params":{"properties":{"port":{"title":"Port","type":"integer"},"host":{"anyOf":[{"type":"string"},{"type":"null"}],"default":null,"title":"Host"},"bucket":{"anyOf":[{"type":"string"},{"type":"null"}],"default":null,"title":"Bucket"},"access_key":{"anyOf":[{"type":"string"},{"type":"null"}],"default":null,"title":"Access Key"},"secret_key":{"anyOf":[{"$ref":"#/$defs/ApoloSecret"},{"type":"null"}],"default":null}},"required":["port"],"title":"S3Params","type":"object"}},"properties":{"s3":{"$ref":"#/$defs/S3Params"}},"required":["s3"],"title":"AwsS3I
WARNING  [🔧TEST CONFIG]:conftest.py:413 [HTTP 200] GET https://api.dev.apolo.us/api/v1/config
Request Body:
<not available>
Response Body (first 1000 chars):
{"authorized": true, "orgs": [{"name": "regression-org-7tm9435u2obk", "role": "admin"}], "clusters": [{"name": "default", "registry_url": "https://registry.api.dev.apolo.us", "storage_url": "https://api.dev.apolo.us/api/v1/storage", "monitoring_url": "https://monitoring.api.dev.apolo.us/api/v1/jobs", "secrets_url": "https://api.dev.apolo.us/api/v1/secrets", "metrics_url": "https://grafana.dev.apolo.us", "disks_url": "https://api.dev.apolo.us/api/v1/disk", "buckets_url": "https://api.dev.apolo.us/api/v1/buckets", "resource_pool_types": [{"name": "a2-highgpu-1g", "min_size": 0, "max_size": 10, "cpu": 12.0, "available_cpu": 11.176, "memory": 89629032448, "available_memory": 80898240256, "disk_size": 161061273600, "available_disk_size": 161061273600, "nvidia_gpu": {"count": 1, "model": "NVIDIA-A100-SXM4-40GB", "memory": 42949672960}}, {"name": "default", "min_size": 1, "max_size": 10, "cpu": 4.0, "available_cpu": 2.751, "memory": 16776048640, "available_memory": 12037189376, "disk_size": 1
WARNING  [🔧TEST CONFIG]:conftest.py:413 [HTTP 200] GET https://api.dev.apolo.us/apis/apps/v1/cluster/default/org/regression-org-7tm9435u2obk/project/regression-proj-qf2zbxxbeo/instances?size=100
Request Body:
<not available>
Response Body (first 1000 chars):
{"items":[],"total":0,"page":1,"size":100,"pages":0}
WARNING  [🔧TEST CONFIG]:conftest.py:413 [HTTP 200] GET https://api.dev.apolo.us/apis/apps/v1/cluster/default/org/regression-org-7tm9435u2obk/project/regression-proj-qf2zbxxbeo/templates?limit=50&offset=0
Request Body:
<not available>
Response Body (first 1000 chars):
[{"name":"aws-s3","title":"AWS S3","pub_date":"2025-01-01T00:00:00Z","description":"AWS S3 Storage","short_description":"","schema_version":1,"version":"HEAD","input":{"$defs":{"ApoloSecret":{"properties":{"key":{"title":"Key","type":"string"}},"required":["key"],"title":"ApoloSecret","type":"object","x-description":"Apolo Secret Configuration.","x-is-advanced-field":false,"x-meta-type":"inline","x-title":"Secret","x-type":"ApoloSecret"},"S3Params":{"properties":{"port":{"title":"Port","type":"integer"},"host":{"anyOf":[{"type":"string"},{"type":"null"}],"default":null,"title":"Host"},"bucket":{"anyOf":[{"type":"string"},{"type":"null"}],"default":null,"title":"Bucket"},"access_key":{"anyOf":[{"type":"string"},{"type":"null"}],"default":null,"title":"Access Key"},"secret_key":{"anyOf":[{"$ref":"#/$defs/ApoloSecret"},{"type":"null"}],"default":null}},"required":["port"],"title":"S3Params","type":"object"}},"properties":{"s3":{"$ref":"#/$defs/S3Params"}},"required":["s3"],"title":"AwsS3I
INFO     [📘TEST_INFO]:reporting.py:51 ✅ STEP completed: Wait for Create project popup disappear
INFO     [📘TEST_INFO]:reporting.py:225 📸 Screenshot captured and attached (success): /home/runner/work/apolo-test-automation/apolo-test-automation/reports/screenshots/ui_wait_to_disappear_success_c12a9e.png
INFO     [📘TEST_INFO]:reporting.py:37 ▶️ STEP started: Verify Main page is displayed
INFO     [🎭 Playwright]:base_page.py:16 <MainPage>: Check if page loaded
INFO     [🎭 Playwright]:base_page.py:16 <MainPage>: Waiting for spinner
INFO     [🎭 Playwright]:base_page.py:16 <MainPage>: Timeout error for spinner
INFO     [📘TEST_INFO]:reporting.py:51 ✅ STEP completed: Verify Main page is displayed
INFO     [📘TEST_INFO]:reporting.py:225 📸 Screenshot captured and attached (success): /home/runner/work/apolo-test-automation/apolo-test-automation/reports/screenshots/verify_ui_page_displayed_success_b506e8.png
INFO     [📘TEST_INFO]:reporting.py:51 ✅ STEP completed: Create first project from the top pane on main page
INFO     [📘TEST_INFO]:reporting.py:225 📸 Screenshot captured and attached (success): /home/runner/work/apolo-test-automation/apolo-test-automation/reports/screenshots/ui_create_first_proj_from_top_pane_success_98853c.png
INFO     [📘TEST_INFO]:reporting.py:37 ▶️ STEP started: Click Files button on the left pane on the main page
INFO     [🎭 Playwright]:base_page.py:16 <MainPage>: Click Files button
INFO     [📘TEST_INFO]:reporting.py:51 ✅ STEP completed: Click Files button on the left pane on the main page
WARNING  [🔧TEST CONFIG]:conftest.py:413 [HTTP 200] GET https://api.dev.apolo.us/api/v1/storage/regression-org-7tm9435u2obk/regression-proj-qf2zbxxbeo?op=GETFILESTATUS
Request Body:
<not available>
Response Body (first 1000 chars):
{"FileStatus": {"path": "/var/storage/regression-org-7tm9435u2obk/regression-proj-qf2zbxxbeo", "length": 0, "modificationTime": 1757729752, "permission": "manage", "type": "DIRECTORY"}}
WARNING  [🔧TEST CONFIG]:conftest.py:413 [HTTP 200] GET https://api.dev.apolo.us/api/v1/storage/regression-org-7tm9435u2obk/regression-proj-qf2zbxxbeo?op=LISTSTATUS
Request Body:
<not available>
Response Body (first 1000 chars):
{"FileStatuses": {"FileStatus": []}}
INFO     [📘TEST_INFO]:reporting.py:225 📸 Screenshot captured and attached (success): /home/runner/work/apolo-test-automation/apolo-test-automation/reports/screenshots/ui_click_files_btn_success_f88956.png
INFO     [📘TEST_INFO]:reporting.py:37 ▶️ STEP started: Verify that Files page displayed
INFO     [🎭 Playwright]:base_page.py:16 <FilesPage>: Check if page loaded
INFO     [📘TEST_INFO]:reporting.py:51 ✅ STEP completed: Verify that Files page displayed
INFO     [📘TEST_INFO]:reporting.py:225 📸 Screenshot captured and attached (success): /home/runner/work/apolo-test-automation/apolo-test-automation/reports/screenshots/verify_ui_page_displayed_success_f00d1f.png
INFO     [📘TEST_INFO]:reporting.py:37 ▶️ STEP started: Verify Add folder button is enabled
INFO     [🎭 Playwright]:base_page.py:16 <FilesPage>: Check if Add folder button is enabled
INFO     [📘TEST_INFO]:reporting.py:51 ✅ STEP completed: Verify Add folder button is enabled
INFO     [📘TEST_INFO]:reporting.py:225 📸 Screenshot captured and attached (success): /home/runner/work/apolo-test-automation/apolo-test-automation/reports/screenshots/verify_ui_add_folder_btn_enabled_success_ba9799.png
INFO     [📘TEST_INFO]:reporting.py:37 ▶️ STEP started: Click Add Folder button
INFO     [🎭 Playwright]:base_page.py:16 <FilesPage>: Click Add Folder button
INFO     [📘TEST_INFO]:reporting.py:51 ✅ STEP completed: Click Add Folder button
INFO     [📘TEST_INFO]:reporting.py:225 📸 Screenshot captured and attached (success): /home/runner/work/apolo-test-automation/apolo-test-automation/reports/screenshots/ui_click_add_folder_btn_success_461c7d.png
INFO     [📘TEST_INFO]:reporting.py:37 ▶️ STEP started: Enter folder name
INFO     [🎭 Playwright]:base_page.py:16 <NewFolderPopup>: Enter New Folder 1 folder name
INFO     [📘TEST_INFO]:reporting.py:51 ✅ STEP completed: Enter folder name
INFO     [📘TEST_INFO]:reporting.py:225 📸 Screenshot captured and attached (success): /home/runner/work/apolo-test-automation/apolo-test-automation/reports/screenshots/ui_enter_folder_name_success_016570.png
INFO     [📘TEST_INFO]:reporting.py:37 ▶️ STEP started: Click Create button
INFO     [🎭 Playwright]:base_page.py:16 <NewFolderPopup>: Click Create button
ERROR    [📘TEST_INFO]:reporting.py:56 ❌ STEP failed: Click Create button
INFO     [📘TEST_INFO]:reporting.py:225 📸 Screenshot captured and attached (fail): /home/runner/work/apolo-test-automation/apolo-test-automation/reports/screenshots/ui_click_create_btn_fail_067087.png
ERROR    [📘TEST_INFO]:reporting.py:95 ❌ TEST failed: User rename Folder
Exception: [Error] during step: Click Create button
Message: Locator.wait_for: Error: strict mode violation: locator("button").filter(has_text="Create") resolved to 2 elements:
    1) <button type="button" class="rounded-lg border border-[#85D3D6] px-5 py-3 text-left text-neural-06 transition-colors hover:bg-neural-01">How do I create a new project?</button> aka get_by_text("How do I create a new project?")
    2) <button type="button" class="relative inline-flex cursor-pointer items-center justify-center rounded-xl py-1 transition-colors text-button h-12 gap-2 bg-primary text-white hover:bg-primary-medium active:bg-primary-dark disabled:bg-neural-01 disabled:text-neural-03 px-14">Create</button> aka get_by_role("button", name="Create")

Call log:
  - waiting for locator("button").filter(has_text="Create")

INFO     [📘TEST_INFO]:reporting.py:98 ------------------------------------------------------------
INFO     [🌐API_helper]:api_helper.py:45 GET https://api.dev.apolo.us/apis/admin/v1/orgs
INFO     [🌐API_helper]:api_helper.py:137 Status: 200. Response: [{'name': 'regression-org-7tm9435u2obk', 'balance': {'credits': '500', 'spent_credits': '0'}, 'user_default_credits': None, 'notification_intervals': {'balance_projection_seconds': [604800, 259200, 86400], 'balance_amount': [0], 'balance_depletion_seconds': [86400, 604800]}}]
INFO     [🔧TEST CONFIG]:conftest.py:284 Cleaning up 1 organisations
INFO     [🌐API_helper]:api_helper.py:144 Delete organization response: <ClientResponse(https://api.dev.apolo.us/apis/admin/v1/orgs/regression-org-7tm9435u2obk) [200 OK]>
<CIMultiDictProxy('Access-Control-Allow-Credentials': 'true', 'Content-Length': '274', 'Content-Type': 'application/json; charset=utf-8', 'Date': 'Sat, 13 Sep 2025 02:16:06 GMT', 'Server': 'Python/3.13 aiohttp/3.12.15', 'Vary': 'Origin', 'x-service-version': 'platform-admin/0.0.0.post1.dev0+ee87add', 'Via': '1.1 google', 'Alt-Svc': 'h3=":443"; ma=2592000,h3-29=":443"; ma=2592000')>

INFO     [🔧TEST CONFIG]:conftest.py:309 Removed organisation: regression-org-7tm9435u2obk
INFO     [🔧TEST CONFIG]:conftest.py:314 Closing all browser sessions
INFO     [🔧TEST CONFIG]:conftest.py:320 Stopped Playwright
WARNING  [🔧TEST CONFIG]:conftest.py:330 Failed to close context: BrowserContext.close: Target page, context or browser has been closed
INFO     [🔧TEST CONFIG]:conftest.py:335 Closed browser (post-stop)
INFO     [🔧TEST CONFIG]:conftest.py:340 Browser cleanup finished
INFO     [🔧TEST CONFIG]:conftest.py:84 Loading test configuration
INFO     [🔧TEST CONFIG]:conftest.py:371 Navigating to: https://console.dev.apolo.us/
WARNING  [🔧TEST CONFIG]:conftest.py:413 [HTTP 200] GET https://api.dev.apolo.us/api/v1/config
Request Body:
<not available>
Response Body (first 1000 chars):
{"authorized": false, "auth_url": "https://auth.dev.apolo.us/authorize", "token_url": "https://auth.dev.apolo.us/oauth/token", "logout_url": "https://auth.dev.apolo.us/v2/logout?returnTo=https://console.dev.apolo.us", "client_id": "q3I0OzzGnTDkhRmpeJ7WWgaTCucmVxTL", "audience": "https://api.dev.apolo.us", "callback_urls": ["http://127.0.0.1:54540", "http://127.0.0.1:54541", "http://127.0.0.1:54542"], "headless_callback_url": "https://api.dev.apolo.us/oauth/show-code", "success_redirect_url": "https://api.dev.apolo.us/oauth/login"}
INFO     [🔧TEST CONFIG]:conftest.py:90 Creating data manager
INFO     [🔧TEST CONFIG]:conftest.py:116 Creating users manager
INFO     [🔧TEST CONFIG]:conftest.py:102 Creating API helper
INFO     [🔧TEST CONFIG]:conftest.py:110 Creating Apolo CLI instance
INFO     [🔧TEST CONFIG]:conftest.py:198 Continue using UserData(email='regression-vvaeevq9as@apolo.us', username='regression-vvaeevq9as', password='mKts#iVh$N*!') as main test user...
INFO     [👤UsersManager]:users_manager.py:73 Setting main user to UserData(email='regression-vvaeevq9as@apolo.us', username='regression-vvaeevq9as', password='mKts#iVh$N*!')
INFO     [🔧TEST CONFIG]:conftest.py:228 Continue using UserData(email='regression-nc08cxaaek@apolo.us', username='regression-nc08cxaaek', password='x@&v*%42escS') as second test user...
INFO     [👤UsersManager]:users_manager.py:82 Setting second user to UserData(email='regression-nc08cxaaek@apolo.us', username='regression-nc08cxaaek', password='x@&v*%42escS')
INFO     [🔧TEST CONFIG]:conftest.py:233 Continue using UserData(email='regression-76tydaci7g@apolo.us', username='regression-76tydaci7g', password='iWK%%cz%h&1o') as third test user...
INFO     [👤UsersManager]:users_manager.py:91 Setting third user to UserData(email='regression-76tydaci7g@apolo.us', username='regression-76tydaci7g', password='iWK%%cz%h&1o')
INFO     [📘TEST_INFO]:reporting.py:86 ------------------------------------------------------------
INFO     [📘TEST_INFO]:reporting.py:87 📝 TEST started: User rename Folder
INFO     [📘TEST_INFO]:reporting.py:88 ------------------------------------------------------------
INFO     [📘TEST_INFO]:reporting.py:37 ▶️ STEP started: Login via UI
INFO     [📘TEST_INFO]:reporting.py:37 ▶️ STEP started: Click login button
INFO     [🎭 Playwright]:base_page.py:16 <AuthPage>: Click log in button
INFO     [📘TEST_INFO]:reporting.py:51 ✅ STEP completed: Click login button
INFO     [📘TEST_INFO]:reporting.py:225 📸 Screenshot captured and attached (success): /home/runner/work/apolo-test-automation/apolo-test-automation/reports/screenshots/ui_click_login_button_success_39d537.png
INFO     [📘TEST_INFO]:reporting.py:37 ▶️ STEP started: Enter email
INFO     [🎭 Playwright]:base_page.py:16 <LoginPage>: Enter regression-vvaeevq9as@apolo.us email
INFO     [📘TEST_INFO]:reporting.py:51 ✅ STEP completed: Enter email
INFO     [📘TEST_INFO]:reporting.py:225 📸 Screenshot captured and attached (success): /home/runner/work/apolo-test-automation/apolo-test-automation/reports/screenshots/ui_enter_email_success_4d0009.png
INFO     [📘TEST_INFO]:reporting.py:37 ▶️ STEP started: Enter password
INFO     [🎭 Playwright]:base_page.py:16 <LoginPage>: Enter ********* password
INFO     [📘TEST_INFO]:reporting.py:51 ✅ STEP completed: Enter password
INFO     [📘TEST_INFO]:reporting.py:225 📸 Screenshot captured and attached (success): /home/runner/work/apolo-test-automation/apolo-test-automation/reports/screenshots/ui_enter_password_success_688697.png
INFO     [📘TEST_INFO]:reporting.py:37 ▶️ STEP started: Click Continue button
INFO     [🎭 Playwright]:base_page.py:16 <LoginPage>: Click continue button
WARNING  [🔧TEST CONFIG]:conftest.py:413 [HTTP 200] GET https://api.dev.apolo.us/api/v1/config
Request Body:
<not available>
Response Body (first 1000 chars):
{"authorized": true, "orgs": [], "clusters": [], "projects": [], "admin_url": "https://api.dev.apolo.us/apis/admin/v1", "auth_url": "https://auth.dev.apolo.us/authorize", "token_url": "https://auth.dev.apolo.us/oauth/token", "logout_url": "https://auth.dev.apolo.us/v2/logout?returnTo=https://console.dev.apolo.us", "client_id": "q3I0OzzGnTDkhRmpeJ7WWgaTCucmVxTL", "audience": "https://api.dev.apolo.us", "callback_urls": ["http://127.0.0.1:54540", "http://127.0.0.1:54541", "http://127.0.0.1:54542"], "headless_callback_url": "https://api.dev.apolo.us/oauth/show-code", "success_redirect_url": "https://api.dev.apolo.us/oauth/login"}
WARNING  [🔧TEST CONFIG]:conftest.py:413 [HTTP 200] GET https://api.dev.apolo.us/apis/admin/v1/users/regression-vvaeevq9as?include=orgs
Request Body:
<not available>
Response Body (first 1000 chars):
{"name": "regression-vvaeevq9as", "email": "regression-vvaeevq9as@apolo.us", "first_name": null, "last_name": null, "created_at": "2025-09-13T01:31:00.016385+00:00", "terms_accepted": true, "orgs": []}
WARNING  [🔧TEST CONFIG]:conftest.py:413 [HTTP 200] GET https://api.dev.apolo.us/apis/admin/v1/invites/incoming
Request Body:
<not available>
Response Body (first 1000 chars):
[]
WARNING  [🔧TEST CONFIG]:conftest.py:413 [HTTP 200] GET https://api.dev.apolo.us/api/v1/users/regression-vvaeevq9as/permissions?uri=blob:
Request Body:
<not available>
Response Body (first 1000 chars):
[]
INFO     [🎭 Playwright]:base_page.py:16 <LoginPage>: Waiting for spinner
WARNING  [🔧TEST CONFIG]:conftest.py:413 [HTTP 200] GET https://api.dev.apolo.us/apis/admin/v1/users/regression-vvaeevq9as?include=clusters&include=system_role
Request Body:
<not available>
Response Body (first 1000 chars):
{"name": "regression-vvaeevq9as", "email": "regression-vvaeevq9as@apolo.us", "first_name": null, "last_name": null, "created_at": "2025-09-13T01:31:00.016385+00:00", "terms_accepted": true, "clusters": []}
INFO     [🎭 Playwright]:base_page.py:16 <LoginPage>: Timeout error for spinner
INFO     [📘TEST_INFO]:reporting.py:51 ✅ STEP completed: Click Continue button
INFO     [📘TEST_INFO]:reporting.py:225 📸 Screenshot captured and attached (success): /home/runner/work/apolo-test-automation/apolo-test-automation/reports/screenshots/ui_click_continue_button_success_708e1f.png
INFO     [📘TEST_INFO]:reporting.py:37 ▶️ STEP started: Verify that Welcome new user page displayed
INFO     [🎭 Playwright]:base_page.py:16 <WelcomeNewUserPage>: Check if page loaded
INFO     [📘TEST_INFO]:reporting.py:51 ✅ STEP completed: Verify that Welcome new user page displayed
INFO     [📘TEST_INFO]:reporting.py:225 📸 Screenshot captured and attached (success): /home/runner/work/apolo-test-automation/apolo-test-automation/reports/screenshots/verify_ui_page_displayed_success_235097.png
INFO     [📘TEST_INFO]:reporting.py:51 ✅ STEP completed: Login via UI
INFO     [📘TEST_INFO]:reporting.py:225 📸 Screenshot captured and attached (success): /home/runner/work/apolo-test-automation/apolo-test-automation/reports/screenshots/ui_login_success_5a96bb.png
INFO     [📘TEST_INFO]:reporting.py:37 ▶️ STEP started: Add organization via API and reload page
INFO     [🔧DATA MANAGER]:test_data.py:48 Added organization: org_name=regression-org-ipewi9k5ktlf, gherkin_name=Default-organization
INFO     [🌐API_helper]:api_helper.py:60 POST https://api.dev.apolo.us/apis/admin/v1/orgs?skip_auto_add_to_clusters=false with data: {'name': 'regression-org-ipewi9k5ktlf'}
INFO     [🌐API_helper]:api_helper.py:162 Add org regression-org-ipewi9k5ktlf response: <ClientResponse(https://api.dev.apolo.us/apis/admin/v1/orgs?skip_auto_add_to_clusters=false) [201 Created]>
<CIMultiDictProxy('Access-Control-Allow-Credentials': 'true', 'Content-Length': '274', 'Content-Type': 'application/json; charset=utf-8', 'Date': 'Sat, 13 Sep 2025 02:16:40 GMT', 'Server': 'Python/3.13 aiohttp/3.12.15', 'Vary': 'Origin', 'x-service-version': 'platform-admin/0.0.0.post1.dev0+ee87add', 'Via': '1.1 google', 'Alt-Svc': 'h3=":443"; ma=2592000,h3-29=":443"; ma=2592000')>

INFO     [📘TEST_INFO]:reporting.py:37 ▶️ STEP started: Reload page
WARNING  [🔧TEST CONFIG]:conftest.py:413 [HTTP 200] GET https://api.dev.apolo.us/api/v1/config
Request Body:
<not available>
Response Body (first 1000 chars):
{"authorized": true, "orgs": [{"name": "regression-org-ipewi9k5ktlf", "role": "admin"}], "clusters": [{"name": "default", "registry_url": "https://registry.api.dev.apolo.us", "storage_url": "https://api.dev.apolo.us/api/v1/storage", "monitoring_url": "https://monitoring.api.dev.apolo.us/api/v1/jobs", "secrets_url": "https://api.dev.apolo.us/api/v1/secrets", "metrics_url": "https://grafana.dev.apolo.us", "disks_url": "https://api.dev.apolo.us/api/v1/disk", "buckets_url": "https://api.dev.apolo.us/api/v1/buckets", "resource_pool_types": [{"name": "a2-highgpu-1g", "min_size": 0, "max_size": 10, "cpu": 12.0, "available_cpu": 11.176, "memory": 89629032448, "available_memory": 80898240256, "disk_size": 161061273600, "available_disk_size": 161061273600, "nvidia_gpu": {"count": 1, "model": "NVIDIA-A100-SXM4-40GB", "memory": 42949672960}}, {"name": "default", "min_size": 1, "max_size": 10, "cpu": 4.0, "available_cpu": 2.751, "memory": 16776048640, "available_memory": 12037189376, "disk_size": 1
WARNING  [🔧TEST CONFIG]:conftest.py:413 [HTTP 200] GET https://api.dev.apolo.us/apis/admin/v1/users/regression-vvaeevq9as?include=orgs
Request Body:
<not available>
Response Body (first 1000 chars):
{"name": "regression-vvaeevq9as", "email": "regression-vvaeevq9as@apolo.us", "first_name": null, "last_name": null, "created_at": "2025-09-13T01:31:00.016385+00:00", "terms_accepted": true, "orgs": [{"org_name": "regression-org-ipewi9k5ktlf", "role": "admin", "balance": {"spent_credits": "0"}}]}
WARNING  [🔧TEST CONFIG]:conftest.py:413 [HTTP 200] GET https://api.dev.apolo.us/apis/admin/v1/invites/incoming
Request Body:
<not available>
Response Body (first 1000 chars):
[]
WARNING  [🔧TEST CONFIG]:conftest.py:413 [HTTP 200] GET https://api.dev.apolo.us/api/v1/users/regression-vvaeevq9as/permissions?uri=blob:
Request Body:
<not available>
Response Body (first 1000 chars):
[{"uri": "blob://default/regression-org-ipewi9k5ktlf", "action": "manage"}]
WARNING  [🔧TEST CONFIG]:conftest.py:413 [HTTP 200] GET https://api.dev.apolo.us/apis/admin/v1/orgs/regression-org-ipewi9k5ktlf
Request Body:
<not available>
Response Body (first 1000 chars):
{"name": "regression-org-ipewi9k5ktlf", "balance": {"credits": "500", "spent_credits": "0"}, "user_default_credits": null, "notification_intervals": {"balance_projection_seconds": [604800, 259200, 86400], "balance_amount": [0], "balance_depletion_seconds": [86400, 604800]}}
WARNING  [🔧TEST CONFIG]:conftest.py:413 [HTTP 200] GET https://api.dev.apolo.us/apis/admin/v1/users/regression-vvaeevq9as?include=clusters&include=system_role
Request Body:
<not available>
Response Body (first 1000 chars):
{"name": "regression-vvaeevq9as", "email": "regression-vvaeevq9as@apolo.us", "first_name": null, "last_name": null, "created_at": "2025-09-13T01:31:00.016385+00:00", "terms_accepted": true, "clusters": [{"cluster_name": "default", "role": "admin", "org_name": "regression-org-ipewi9k5ktlf", "balance": {"spent_credits": "0"}}]}
INFO     [🎭 Playwright]:base_page.py:16 <MainPage>: Waiting for spinner
INFO     [🎭 Playwright]:base_page.py:16 <MainPage>: Timeout error for spinner
INFO     [📘TEST_INFO]:reporting.py:51 ✅ STEP completed: Reload page
INFO     [📘TEST_INFO]:reporting.py:225 📸 Screenshot captured and attached (success): /home/runner/work/apolo-test-automation/apolo-test-automation/reports/screenshots/ui_reload_page_success_0232d1.png
INFO     [📘TEST_INFO]:reporting.py:51 ✅ STEP completed: Add organization via API and reload page
INFO     [📘TEST_INFO]:reporting.py:225 📸 Screenshot captured and attached (success): /home/runner/work/apolo-test-automation/apolo-test-automation/reports/screenshots/ui_add_org_api_success_558f63.png
INFO     [📘TEST_INFO]:reporting.py:37 ▶️ STEP started: Create first project from the top pane on main page
INFO     [📘TEST_INFO]:reporting.py:37 ▶️ STEP started: Click Project button on the top pane of the main page
INFO     [🎭 Playwright]:base_page.py:16 <MainPage>: Click create project button on the top pane
INFO     [📘TEST_INFO]:reporting.py:51 ✅ STEP completed: Click Project button on the top pane of the main page
INFO     [📘TEST_INFO]:reporting.py:225 📸 Screenshot captured and attached (success): /home/runner/work/apolo-test-automation/apolo-test-automation/reports/screenshots/ui_click_proj_button_top_pane_success_061956.png
INFO     [📘TEST_INFO]:reporting.py:37 ▶️ STEP started: Verify No project popup displayed
INFO     [🎭 Playwright]:base_page.py:16 <NoProjectPopup>: Check if page loaded
INFO     [📘TEST_INFO]:reporting.py:51 ✅ STEP completed: Verify No project popup displayed
INFO     [📘TEST_INFO]:reporting.py:225 📸 Screenshot captured and attached (success): /home/runner/work/apolo-test-automation/apolo-test-automation/reports/screenshots/verify_ui_popup_displayed_success_4c3ef4.png
INFO     [📘TEST_INFO]:reporting.py:37 ▶️ STEP started: Click Create new project button
INFO     [🎭 Playwright]:base_page.py:16 <NoProjectPopup>: Click create project button
INFO     [📘TEST_INFO]:reporting.py:51 ✅ STEP completed: Click Create new project button
INFO     [📘TEST_INFO]:reporting.py:225 📸 Screenshot captured and attached (success): /home/runner/work/apolo-test-automation/apolo-test-automation/reports/screenshots/ui_click_create_new_proj_button_success_536b4d.png
INFO     [📘TEST_INFO]:reporting.py:37 ▶️ STEP started: Verify Create project popup displayed
INFO     [🎭 Playwright]:base_page.py:16 <CreateProjectPopup>: Check if page loaded
INFO     [📘TEST_INFO]:reporting.py:51 ✅ STEP completed: Verify Create project popup displayed
INFO     [📘TEST_INFO]:reporting.py:225 📸 Screenshot captured and attached (success): /home/runner/work/apolo-test-automation/apolo-test-automation/reports/screenshots/verify_ui_popup_displayed_success_b8cbd9.png
INFO     [📘TEST_INFO]:reporting.py:37 ▶️ STEP started: Enter project name
INFO     [🎭 Playwright]:base_page.py:16 <CreateProjectPopup>: Enter new project name regression-proj-9t0l5pgclu
INFO     [📘TEST_INFO]:reporting.py:51 ✅ STEP completed: Enter project name
INFO     [📘TEST_INFO]:reporting.py:225 📸 Screenshot captured and attached (success): /home/runner/work/apolo-test-automation/apolo-test-automation/reports/screenshots/ui_enter_proj_name_success_821308.png
INFO     [📘TEST_INFO]:reporting.py:37 ▶️ STEP started: Select user role
INFO     [🎭 Playwright]:base_page.py:16 <CreateProjectPopup>: Select default role Reader
INFO     [📘TEST_INFO]:reporting.py:51 ✅ STEP completed: Select user role
INFO     [📘TEST_INFO]:reporting.py:225 📸 Screenshot captured and attached (success): /home/runner/work/apolo-test-automation/apolo-test-automation/reports/screenshots/ui_select_role_success_70f4f8.png
INFO     [📘TEST_INFO]:reporting.py:37 ▶️ STEP started: Click Create button
INFO     [🎭 Playwright]:base_page.py:16 <CreateProjectPopup>: Click create button
WARNING  [🔧TEST CONFIG]:conftest.py:413 [HTTP 404] GET https://api.dev.apolo.us/apis/admin/v1/clusters/default/orgs/regression-org-ipewi9k5ktlf/projects/regression-proj-9t0l5pgclu
Request Body:
<not available>
Response Body (first 1000 chars):
{"error": "Project 'regression-proj-9t0l5pgclu' not found in cluster 'default' in org 'regression-org-ipewi9k5ktlf'"}
INFO     [📘TEST_INFO]:reporting.py:51 ✅ STEP completed: Click Create button
INFO     [📘TEST_INFO]:reporting.py:225 📸 Screenshot captured and attached (success): /home/runner/work/apolo-test-automation/apolo-test-automation/reports/screenshots/ui_click_create_button_success_1afda5.png
INFO     [📘TEST_INFO]:reporting.py:37 ▶️ STEP started: Wait for Create project popup disappear
INFO     [🎭 Playwright]:base_page.py:16 <CreateProjectPopup>: Wait for Create project popup to disappear
WARNING  [🔧TEST CONFIG]:conftest.py:413 [HTTP 201] POST https://api.dev.apolo.us/apis/admin/v1/clusters/default/orgs/regression-org-ipewi9k5ktlf/projects
Request Body:
<not available>
Response Body (first 1000 chars):
{"name": "regression-proj-9t0l5pgclu", "cluster_name": "default", "org_name": "regression-org-ipewi9k5ktlf", "is_default": false, "default_role": "reader"}
WARNING  [🔧TEST CONFIG]:conftest.py:413 [HTTP 200] GET https://api.dev.apolo.us/apis/apps/v1/cluster/default/org/regression-org-ipewi9k5ktlf/project/regression-proj-9t0l5pgclu/instances?size=100
Request Body:
<not available>
Response Body (first 1000 chars):
{"items":[],"total":0,"page":1,"size":100,"pages":0}
WARNING  [🔧TEST CONFIG]:conftest.py:413 [HTTP 200] GET https://api.dev.apolo.us/api/v1/config
Request Body:
<not available>
Response Body (first 1000 chars):
{"authorized": true, "orgs": [{"name": "regression-org-ipewi9k5ktlf", "role": "admin"}], "clusters": [{"name": "default", "registry_url": "https://registry.api.dev.apolo.us", "storage_url": "https://api.dev.apolo.us/api/v1/storage", "monitoring_url": "https://monitoring.api.dev.apolo.us/api/v1/jobs", "secrets_url": "https://api.dev.apolo.us/api/v1/secrets", "metrics_url": "https://grafana.dev.apolo.us", "disks_url": "https://api.dev.apolo.us/api/v1/disk", "buckets_url": "https://api.dev.apolo.us/api/v1/buckets", "resource_pool_types": [{"name": "a2-highgpu-1g", "min_size": 0, "max_size": 10, "cpu": 12.0, "available_cpu": 11.176, "memory": 89629032448, "available_memory": 80898240256, "disk_size": 161061273600, "available_disk_size": 161061273600, "nvidia_gpu": {"count": 1, "model": "NVIDIA-A100-SXM4-40GB", "memory": 42949672960}}, {"name": "default", "min_size": 1, "max_size": 10, "cpu": 4.0, "available_cpu": 2.751, "memory": 16776048640, "available_memory": 12037189376, "disk_size": 1
WARNING  [🔧TEST CONFIG]:conftest.py:413 [HTTP 200] GET https://api.dev.apolo.us/apis/apps/v1/cluster/default/org/regression-org-ipewi9k5ktlf/project/regression-proj-9t0l5pgclu/templates
Request Body:
<not available>
Response Body (first 1000 chars):
[{"name":"aws-s3","title":"AWS S3","pub_date":"2025-01-01T00:00:00Z","description":"AWS S3 Storage","short_description":"","schema_version":1,"version":"HEAD","input":{"$defs":{"ApoloSecret":{"properties":{"key":{"title":"Key","type":"string"}},"required":["key"],"title":"ApoloSecret","type":"object","x-description":"Apolo Secret Configuration.","x-is-advanced-field":false,"x-meta-type":"inline","x-title":"Secret","x-type":"ApoloSecret"},"S3Params":{"properties":{"port":{"title":"Port","type":"integer"},"host":{"anyOf":[{"type":"string"},{"type":"null"}],"default":null,"title":"Host"},"bucket":{"anyOf":[{"type":"string"},{"type":"null"}],"default":null,"title":"Bucket"},"access_key":{"anyOf":[{"type":"string"},{"type":"null"}],"default":null,"title":"Access Key"},"secret_key":{"anyOf":[{"$ref":"#/$defs/ApoloSecret"},{"type":"null"}],"default":null}},"required":["port"],"title":"S3Params","type":"object"}},"properties":{"s3":{"$ref":"#/$defs/S3Params"}},"required":["s3"],"title":"AwsS3I
WARNING  [🔧TEST CONFIG]:conftest.py:413 [HTTP 200] GET https://api.dev.apolo.us/apis/apps/v1/cluster/default/org/regression-org-ipewi9k5ktlf/project/regression-proj-9t0l5pgclu/templates?limit=50&offset=0
Request Body:
<not available>
Response Body (first 1000 chars):
[{"name":"aws-s3","title":"AWS S3","pub_date":"2025-01-01T00:00:00Z","description":"AWS S3 Storage","short_description":"","schema_version":1,"version":"HEAD","input":{"$defs":{"ApoloSecret":{"properties":{"key":{"title":"Key","type":"string"}},"required":["key"],"title":"ApoloSecret","type":"object","x-description":"Apolo Secret Configuration.","x-is-advanced-field":false,"x-meta-type":"inline","x-title":"Secret","x-type":"ApoloSecret"},"S3Params":{"properties":{"port":{"title":"Port","type":"integer"},"host":{"anyOf":[{"type":"string"},{"type":"null"}],"default":null,"title":"Host"},"bucket":{"anyOf":[{"type":"string"},{"type":"null"}],"default":null,"title":"Bucket"},"access_key":{"anyOf":[{"type":"string"},{"type":"null"}],"default":null,"title":"Access Key"},"secret_key":{"anyOf":[{"$ref":"#/$defs/ApoloSecret"},{"type":"null"}],"default":null}},"required":["port"],"title":"S3Params","type":"object"}},"properties":{"s3":{"$ref":"#/$defs/S3Params"}},"required":["s3"],"title":"AwsS3I
INFO     [📘TEST_INFO]:reporting.py:51 ✅ STEP completed: Wait for Create project popup disappear
INFO     [📘TEST_INFO]:reporting.py:225 📸 Screenshot captured and attached (success): /home/runner/work/apolo-test-automation/apolo-test-automation/reports/screenshots/ui_wait_to_disappear_success_0d27ac.png
INFO     [📘TEST_INFO]:reporting.py:37 ▶️ STEP started: Verify Main page is displayed
INFO     [🎭 Playwright]:base_page.py:16 <MainPage>: Check if page loaded
INFO     [🎭 Playwright]:base_page.py:16 <MainPage>: Waiting for spinner
INFO     [🎭 Playwright]:base_page.py:16 <MainPage>: Timeout error for spinner
INFO     [📘TEST_INFO]:reporting.py:51 ✅ STEP completed: Verify Main page is displayed
INFO     [📘TEST_INFO]:reporting.py:225 📸 Screenshot captured and attached (success): /home/runner/work/apolo-test-automation/apolo-test-automation/reports/screenshots/verify_ui_page_displayed_success_502482.png
INFO     [📘TEST_INFO]:reporting.py:51 ✅ STEP completed: Create first project from the top pane on main page
INFO     [📘TEST_INFO]:reporting.py:225 📸 Screenshot captured and attached (success): /home/runner/work/apolo-test-automation/apolo-test-automation/reports/screenshots/ui_create_first_proj_from_top_pane_success_7dd061.png
INFO     [📘TEST_INFO]:reporting.py:37 ▶️ STEP started: Click Files button on the left pane on the main page
INFO     [🎭 Playwright]:base_page.py:16 <MainPage>: Click Files button
INFO     [📘TEST_INFO]:reporting.py:51 ✅ STEP completed: Click Files button on the left pane on the main page
WARNING  [🔧TEST CONFIG]:conftest.py:413 [HTTP 200] GET https://api.dev.apolo.us/api/v1/storage/regression-org-ipewi9k5ktlf/regression-proj-9t0l5pgclu?op=GETFILESTATUS
Request Body:
<not available>
Response Body (first 1000 chars):
{"FileStatus": {"path": "/var/storage/regression-org-ipewi9k5ktlf/regression-proj-9t0l5pgclu", "length": 0, "modificationTime": 1757729813, "permission": "manage", "type": "DIRECTORY"}}
INFO     [📘TEST_INFO]:reporting.py:225 📸 Screenshot captured and attached (success): /home/runner/work/apolo-test-automation/apolo-test-automation/reports/screenshots/ui_click_files_btn_success_21b5dc.png
INFO     [📘TEST_INFO]:reporting.py:37 ▶️ STEP started: Verify that Files page displayed
INFO     [🎭 Playwright]:base_page.py:16 <FilesPage>: Check if page loaded
WARNING  [🔧TEST CONFIG]:conftest.py:413 [HTTP 200] GET https://api.dev.apolo.us/api/v1/storage/regression-org-ipewi9k5ktlf/regression-proj-9t0l5pgclu?op=LISTSTATUS
Request Body:
<not available>
Response Body (first 1000 chars):
{"FileStatuses": {"FileStatus": []}}
INFO     [📘TEST_INFO]:reporting.py:51 ✅ STEP completed: Verify that Files page displayed
INFO     [📘TEST_INFO]:reporting.py:225 📸 Screenshot captured and attached (success): /home/runner/work/apolo-test-automation/apolo-test-automation/reports/screenshots/verify_ui_page_displayed_success_5fe8f9.png
INFO     [📘TEST_INFO]:reporting.py:37 ▶️ STEP started: Verify Add folder button is enabled
INFO     [🎭 Playwright]:base_page.py:16 <FilesPage>: Check if Add folder button is enabled
INFO     [📘TEST_INFO]:reporting.py:51 ✅ STEP completed: Verify Add folder button is enabled
INFO     [📘TEST_INFO]:reporting.py:225 📸 Screenshot captured and attached (success): /home/runner/work/apolo-test-automation/apolo-test-automation/reports/screenshots/verify_ui_add_folder_btn_enabled_success_34d2b4.png
INFO     [📘TEST_INFO]:reporting.py:37 ▶️ STEP started: Click Add Folder button
INFO     [🎭 Playwright]:base_page.py:16 <FilesPage>: Click Add Folder button
INFO     [📘TEST_INFO]:reporting.py:51 ✅ STEP completed: Click Add Folder button
INFO     [📘TEST_INFO]:reporting.py:225 📸 Screenshot captured and attached (success): /home/runner/work/apolo-test-automation/apolo-test-automation/reports/screenshots/ui_click_add_folder_btn_success_58fa10.png
INFO     [📘TEST_INFO]:reporting.py:37 ▶️ STEP started: Enter folder name
INFO     [🎭 Playwright]:base_page.py:16 <NewFolderPopup>: Enter New Folder 1 folder name
INFO     [📘TEST_INFO]:reporting.py:51 ✅ STEP completed: Enter folder name
INFO     [📘TEST_INFO]:reporting.py:225 📸 Screenshot captured and attached (success): /home/runner/work/apolo-test-automation/apolo-test-automation/reports/screenshots/ui_enter_folder_name_success_3c496b.png
INFO     [📘TEST_INFO]:reporting.py:37 ▶️ STEP started: Click Create button
INFO     [🎭 Playwright]:base_page.py:16 <NewFolderPopup>: Click Create button
ERROR    [📘TEST_INFO]:reporting.py:56 ❌ STEP failed: Click Create button
INFO     [📘TEST_INFO]:reporting.py:225 📸 Screenshot captured and attached (fail): /home/runner/work/apolo-test-automation/apolo-test-automation/reports/screenshots/ui_click_create_btn_fail_0fe478.png
ERROR    [📘TEST_INFO]:reporting.py:95 ❌ TEST failed: User rename Folder
Exception: [Error] during step: Click Create button
Message: Locator.wait_for: Error: strict mode violation: locator("button").filter(has_text="Create") resolved to 2 elements:
    1) <button type="button" class="rounded-lg border border-[#85D3D6] px-5 py-3 text-left text-neural-06 transition-colors hover:bg-neural-01">How do I create a new project?</button> aka get_by_text("How do I create a new project?")
    2) <button type="button" class="relative inline-flex cursor-pointer items-center justify-center rounded-xl py-1 transition-colors text-button h-12 gap-2 bg-primary text-white hover:bg-primary-medium active:bg-primary-dark disabled:bg-neural-01 disabled:text-neural-03 px-14">Create</button> aka get_by_role("button", name="Create")

Call log:
  - waiting for locator("button").filter(has_text="Create")

INFO     [📘TEST_INFO]:reporting.py:98 ------------------------------------------------------------
INFO     [🌐API_helper]:api_helper.py:45 GET https://api.dev.apolo.us/apis/admin/v1/orgs
INFO     [🌐API_helper]:api_helper.py:137 Status: 200. Response: [{'name': 'regression-org-ipewi9k5ktlf', 'balance': {'credits': '500', 'spent_credits': '0'}, 'user_default_credits': None, 'notification_intervals': {'balance_projection_seconds': [604800, 259200, 86400], 'balance_amount': [0], 'balance_depletion_seconds': [86400, 604800]}}]
INFO     [🔧TEST CONFIG]:conftest.py:284 Cleaning up 1 organisations
INFO     [🌐API_helper]:api_helper.py:144 Delete organization response: <ClientResponse(https://api.dev.apolo.us/apis/admin/v1/orgs/regression-org-ipewi9k5ktlf) [200 OK]>
<CIMultiDictProxy('Access-Control-Allow-Credentials': 'true', 'Content-Length': '274', 'Content-Type': 'application/json; charset=utf-8', 'Date': 'Sat, 13 Sep 2025 02:17:07 GMT', 'Server': 'Python/3.13 aiohttp/3.12.15', 'Vary': 'Origin', 'x-service-version': 'platform-admin/0.0.0.post1.dev0+ee87add', 'Via': '1.1 google', 'Alt-Svc': 'h3=":443"; ma=2592000,h3-29=":443"; ma=2592000')>

INFO     [🔧TEST CONFIG]:conftest.py:309 Removed organisation: regression-org-ipewi9k5ktlf
INFO     [🔧TEST CONFIG]:conftest.py:314 Closing all browser sessions
INFO     [🔧TEST CONFIG]:conftest.py:320 Stopped Playwright
WARNING  [🔧TEST CONFIG]:conftest.py:330 Failed to close context: BrowserContext.close: Target page, context or browser has been closed
INFO     [🔧TEST CONFIG]:conftest.py:335 Closed browser (post-stop)
INFO     [🔧TEST CONFIG]:conftest.py:340 Browser cleanup finished
INFO     [🔧TEST CONFIG]:conftest.py:84 Loading test configuration
INFO     [🔧TEST CONFIG]:conftest.py:371 Navigating to: https://console.dev.apolo.us/
WARNING  [🔧TEST CONFIG]:conftest.py:413 [HTTP 200] GET https://api.dev.apolo.us/api/v1/config
Request Body:
<not available>
Response Body (first 1000 chars):
{"authorized": false, "auth_url": "https://auth.dev.apolo.us/authorize", "token_url": "https://auth.dev.apolo.us/oauth/token", "logout_url": "https://auth.dev.apolo.us/v2/logout?returnTo=https://console.dev.apolo.us", "client_id": "q3I0OzzGnTDkhRmpeJ7WWgaTCucmVxTL", "audience": "https://api.dev.apolo.us", "callback_urls": ["http://127.0.0.1:54540", "http://127.0.0.1:54541", "http://127.0.0.1:54542"], "headless_callback_url": "https://api.dev.apolo.us/oauth/show-code", "success_redirect_url": "https://api.dev.apolo.us/oauth/login"}
INFO     [🔧TEST CONFIG]:conftest.py:90 Creating data manager
INFO     [🔧TEST CONFIG]:conftest.py:116 Creating users manager
INFO     [🔧TEST CONFIG]:conftest.py:102 Creating API helper
INFO     [🔧TEST CONFIG]:conftest.py:110 Creating Apolo CLI instance
INFO     [🔧TEST CONFIG]:conftest.py:198 Continue using UserData(email='regression-vvaeevq9as@apolo.us', username='regression-vvaeevq9as', password='mKts#iVh$N*!') as main test user...
INFO     [👤UsersManager]:users_manager.py:73 Setting main user to UserData(email='regression-vvaeevq9as@apolo.us', username='regression-vvaeevq9as', password='mKts#iVh$N*!')
INFO     [🔧TEST CONFIG]:conftest.py:228 Continue using UserData(email='regression-nc08cxaaek@apolo.us', username='regression-nc08cxaaek', password='x@&v*%42escS') as second test user...
INFO     [👤UsersManager]:users_manager.py:82 Setting second user to UserData(email='regression-nc08cxaaek@apolo.us', username='regression-nc08cxaaek', password='x@&v*%42escS')
INFO     [🔧TEST CONFIG]:conftest.py:233 Continue using UserData(email='regression-76tydaci7g@apolo.us', username='regression-76tydaci7g', password='iWK%%cz%h&1o') as third test user...
INFO     [👤UsersManager]:users_manager.py:91 Setting third user to UserData(email='regression-76tydaci7g@apolo.us', username='regression-76tydaci7g', password='iWK%%cz%h&1o')
INFO     [📘TEST_INFO]:reporting.py:86 ------------------------------------------------------------
INFO     [📘TEST_INFO]:reporting.py:87 📝 TEST started: User rename Folder
INFO     [📘TEST_INFO]:reporting.py:88 ------------------------------------------------------------
INFO     [📘TEST_INFO]:reporting.py:37 ▶️ STEP started: Login via UI
INFO     [📘TEST_INFO]:reporting.py:37 ▶️ STEP started: Click login button
INFO     [🎭 Playwright]:base_page.py:16 <AuthPage>: Click log in button
INFO     [📘TEST_INFO]:reporting.py:51 ✅ STEP completed: Click login button
INFO     [📘TEST_INFO]:reporting.py:225 📸 Screenshot captured and attached (success): /home/runner/work/apolo-test-automation/apolo-test-automation/reports/screenshots/ui_click_login_button_success_9206a0.png
INFO     [📘TEST_INFO]:reporting.py:37 ▶️ STEP started: Enter email
INFO     [🎭 Playwright]:base_page.py:16 <LoginPage>: Enter regression-vvaeevq9as@apolo.us email
INFO     [📘TEST_INFO]:reporting.py:51 ✅ STEP completed: Enter email
INFO     [📘TEST_INFO]:reporting.py:225 📸 Screenshot captured and attached (success): /home/runner/work/apolo-test-automation/apolo-test-automation/reports/screenshots/ui_enter_email_success_d4a758.png
INFO     [📘TEST_INFO]:reporting.py:37 ▶️ STEP started: Enter password
INFO     [🎭 Playwright]:base_page.py:16 <LoginPage>: Enter ********* password
INFO     [📘TEST_INFO]:reporting.py:51 ✅ STEP completed: Enter password
INFO     [📘TEST_INFO]:reporting.py:225 📸 Screenshot captured and attached (success): /home/runner/work/apolo-test-automation/apolo-test-automation/reports/screenshots/ui_enter_password_success_b2e150.png
INFO     [📘TEST_INFO]:reporting.py:37 ▶️ STEP started: Click Continue button
INFO     [🎭 Playwright]:base_page.py:16 <LoginPage>: Click continue button
WARNING  [🔧TEST CONFIG]:conftest.py:413 [HTTP 200] GET https://api.dev.apolo.us/api/v1/config
Request Body:
<not available>
Response Body (first 1000 chars):
{"authorized": true, "orgs": [], "clusters": [], "projects": [], "admin_url": "https://api.dev.apolo.us/apis/admin/v1", "auth_url": "https://auth.dev.apolo.us/authorize", "token_url": "https://auth.dev.apolo.us/oauth/token", "logout_url": "https://auth.dev.apolo.us/v2/logout?returnTo=https://console.dev.apolo.us", "client_id": "q3I0OzzGnTDkhRmpeJ7WWgaTCucmVxTL", "audience": "https://api.dev.apolo.us", "callback_urls": ["http://127.0.0.1:54540", "http://127.0.0.1:54541", "http://127.0.0.1:54542"], "headless_callback_url": "https://api.dev.apolo.us/oauth/show-code", "success_redirect_url": "https://api.dev.apolo.us/oauth/login"}
WARNING  [🔧TEST CONFIG]:conftest.py:413 [HTTP 200] GET https://api.dev.apolo.us/api/v1/users/regression-vvaeevq9as/permissions?uri=blob:
Request Body:
<not available>
Response Body (first 1000 chars):
[]
WARNING  [🔧TEST CONFIG]:conftest.py:413 [HTTP 200] GET https://api.dev.apolo.us/apis/admin/v1/users/regression-vvaeevq9as?include=orgs
Request Body:
<not available>
Response Body (first 1000 chars):
{"name": "regression-vvaeevq9as", "email": "regression-vvaeevq9as@apolo.us", "first_name": null, "last_name": null, "created_at": "2025-09-13T01:31:00.016385+00:00", "terms_accepted": true, "orgs": []}
INFO     [🎭 Playwright]:base_page.py:16 <LoginPage>: Waiting for spinner
INFO     [🎭 Playwright]:base_page.py:16 <LoginPage>: Waiting for spinner to disappear
WARNING  [🔧TEST CONFIG]:conftest.py:413 [HTTP 200] GET https://api.dev.apolo.us/apis/admin/v1/invites/incoming
Request Body:
<not available>
Response Body (first 1000 chars):
[]
WARNING  [🔧TEST CONFIG]:conftest.py:413 [HTTP 200] GET https://api.dev.apolo.us/apis/admin/v1/users/regression-vvaeevq9as?include=clusters&include=system_role
Request Body:
<not available>
Response Body (first 1000 chars):
{"name": "regression-vvaeevq9as", "email": "regression-vvaeevq9as@apolo.us", "first_name": null, "last_name": null, "created_at": "2025-09-13T01:31:00.016385+00:00", "terms_accepted": true, "clusters": []}
INFO     [📘TEST_INFO]:reporting.py:51 ✅ STEP completed: Click Continue button
INFO     [📘TEST_INFO]:reporting.py:225 📸 Screenshot captured and attached (success): /home/runner/work/apolo-test-automation/apolo-test-automation/reports/screenshots/ui_click_continue_button_success_b8227e.png
INFO     [📘TEST_INFO]:reporting.py:37 ▶️ STEP started: Verify that Welcome new user page displayed
INFO     [🎭 Playwright]:base_page.py:16 <WelcomeNewUserPage>: Check if page loaded
INFO     [📘TEST_INFO]:reporting.py:51 ✅ STEP completed: Verify that Welcome new user page displayed
INFO     [📘TEST_INFO]:reporting.py:225 📸 Screenshot captured and attached (success): /home/runner/work/apolo-test-automation/apolo-test-automation/reports/screenshots/verify_ui_page_displayed_success_0bb6ae.png
INFO     [📘TEST_INFO]:reporting.py:51 ✅ STEP completed: Login via UI
INFO     [📘TEST_INFO]:reporting.py:225 📸 Screenshot captured and attached (success): /home/runner/work/apolo-test-automation/apolo-test-automation/reports/screenshots/ui_login_success_c61b1e.png
INFO     [📘TEST_INFO]:reporting.py:37 ▶️ STEP started: Add organization via API and reload page
INFO     [🔧DATA MANAGER]:test_data.py:48 Added organization: org_name=regression-org-5j1itdqcvc2y, gherkin_name=Default-organization
INFO     [🌐API_helper]:api_helper.py:60 POST https://api.dev.apolo.us/apis/admin/v1/orgs?skip_auto_add_to_clusters=false with data: {'name': 'regression-org-5j1itdqcvc2y'}
INFO     [🌐API_helper]:api_helper.py:162 Add org regression-org-5j1itdqcvc2y response: <ClientResponse(https://api.dev.apolo.us/apis/admin/v1/orgs?skip_auto_add_to_clusters=false) [201 Created]>
<CIMultiDictProxy('Access-Control-Allow-Credentials': 'true', 'Content-Length': '274', 'Content-Type': 'application/json; charset=utf-8', 'Date': 'Sat, 13 Sep 2025 02:17:32 GMT', 'Server': 'Python/3.13 aiohttp/3.12.15', 'Vary': 'Origin', 'x-service-version': 'platform-admin/0.0.0.post1.dev0+ee87add', 'Via': '1.1 google', 'Alt-Svc': 'h3=":443"; ma=2592000,h3-29=":443"; ma=2592000')>

INFO     [📘TEST_INFO]:reporting.py:37 ▶️ STEP started: Reload page
WARNING  [🔧TEST CONFIG]:conftest.py:413 [HTTP 200] GET https://api.dev.apolo.us/api/v1/config
Request Body:
<not available>
Response Body (first 1000 chars):
{"authorized": true, "orgs": [{"name": "regression-org-5j1itdqcvc2y", "role": "admin"}], "clusters": [{"name": "default", "registry_url": "https://registry.api.dev.apolo.us", "storage_url": "https://api.dev.apolo.us/api/v1/storage", "monitoring_url": "https://monitoring.api.dev.apolo.us/api/v1/jobs", "secrets_url": "https://api.dev.apolo.us/api/v1/secrets", "metrics_url": "https://grafana.dev.apolo.us", "disks_url": "https://api.dev.apolo.us/api/v1/disk", "buckets_url": "https://api.dev.apolo.us/api/v1/buckets", "resource_pool_types": [{"name": "a2-highgpu-1g", "min_size": 0, "max_size": 10, "cpu": 12.0, "available_cpu": 11.176, "memory": 89629032448, "available_memory": 80898240256, "disk_size": 161061273600, "available_disk_size": 161061273600, "nvidia_gpu": {"count": 1, "model": "NVIDIA-A100-SXM4-40GB", "memory": 42949672960}}, {"name": "default", "min_size": 1, "max_size": 10, "cpu": 4.0, "available_cpu": 2.751, "memory": 16776048640, "available_memory": 12037189376, "disk_size": 1
WARNING  [🔧TEST CONFIG]:conftest.py:413 [HTTP 200] GET https://api.dev.apolo.us/apis/admin/v1/orgs/regression-org-5j1itdqcvc2y
Request Body:
<not available>
Response Body (first 1000 chars):
{"name": "regression-org-5j1itdqcvc2y", "balance": {"credits": "500", "spent_credits": "0"}, "user_default_credits": null, "notification_intervals": {"balance_projection_seconds": [604800, 259200, 86400], "balance_amount": [0], "balance_depletion_seconds": [86400, 604800]}}
WARNING  [🔧TEST CONFIG]:conftest.py:413 [HTTP 200] GET https://api.dev.apolo.us/apis/admin/v1/invites/incoming
Request Body:
<not available>
Response Body (first 1000 chars):
[]
WARNING  [🔧TEST CONFIG]:conftest.py:413 [HTTP 200] GET https://api.dev.apolo.us/api/v1/users/regression-vvaeevq9as/permissions?uri=blob:
Request Body:
<not available>
Response Body (first 1000 chars):
[{"uri": "blob://default/regression-org-5j1itdqcvc2y", "action": "manage"}]
WARNING  [🔧TEST CONFIG]:conftest.py:413 [HTTP 200] GET https://api.dev.apolo.us/apis/admin/v1/users/regression-vvaeevq9as?include=clusters&include=system_role
Request Body:
<not available>
Response Body (first 1000 chars):
{"name": "regression-vvaeevq9as", "email": "regression-vvaeevq9as@apolo.us", "first_name": null, "last_name": null, "created_at": "2025-09-13T01:31:00.016385+00:00", "terms_accepted": true, "clusters": [{"cluster_name": "default", "role": "admin", "org_name": "regression-org-5j1itdqcvc2y", "balance": {"spent_credits": "0"}}]}
WARNING  [🔧TEST CONFIG]:conftest.py:413 [HTTP 200] GET https://api.dev.apolo.us/apis/admin/v1/users/regression-vvaeevq9as?include=orgs
Request Body:
<not available>
Response Body (first 1000 chars):
{"name": "regression-vvaeevq9as", "email": "regression-vvaeevq9as@apolo.us", "first_name": null, "last_name": null, "created_at": "2025-09-13T01:31:00.016385+00:00", "terms_accepted": true, "orgs": [{"org_name": "regression-org-5j1itdqcvc2y", "role": "admin", "balance": {"spent_credits": "0"}}]}
INFO     [🎭 Playwright]:base_page.py:16 <MainPage>: Waiting for spinner
INFO     [🎭 Playwright]:base_page.py:16 <MainPage>: Timeout error for spinner
INFO     [📘TEST_INFO]:reporting.py:51 ✅ STEP completed: Reload page
INFO     [📘TEST_INFO]:reporting.py:225 📸 Screenshot captured and attached (success): /home/runner/work/apolo-test-automation/apolo-test-automation/reports/screenshots/ui_reload_page_success_326429.png
INFO     [📘TEST_INFO]:reporting.py:51 ✅ STEP completed: Add organization via API and reload page
INFO     [📘TEST_INFO]:reporting.py:225 📸 Screenshot captured and attached (success): /home/runner/work/apolo-test-automation/apolo-test-automation/reports/screenshots/ui_add_org_api_success_5ab84f.png
INFO     [📘TEST_INFO]:reporting.py:37 ▶️ STEP started: Create first project from the top pane on main page
INFO     [📘TEST_INFO]:reporting.py:37 ▶️ STEP started: Click Project button on the top pane of the main page
INFO     [🎭 Playwright]:base_page.py:16 <MainPage>: Click create project button on the top pane
INFO     [📘TEST_INFO]:reporting.py:51 ✅ STEP completed: Click Project button on the top pane of the main page
INFO     [📘TEST_INFO]:reporting.py:225 📸 Screenshot captured and attached (success): /home/runner/work/apolo-test-automation/apolo-test-automation/reports/screenshots/ui_click_proj_button_top_pane_success_5c3f3a.png
INFO     [📘TEST_INFO]:reporting.py:37 ▶️ STEP started: Verify No project popup displayed
INFO     [🎭 Playwright]:base_page.py:16 <NoProjectPopup>: Check if page loaded
INFO     [📘TEST_INFO]:reporting.py:51 ✅ STEP completed: Verify No project popup displayed
INFO     [📘TEST_INFO]:reporting.py:225 📸 Screenshot captured and attached (success): /home/runner/work/apolo-test-automation/apolo-test-automation/reports/screenshots/verify_ui_popup_displayed_success_ca9655.png
INFO     [📘TEST_INFO]:reporting.py:37 ▶️ STEP started: Click Create new project button
INFO     [🎭 Playwright]:base_page.py:16 <NoProjectPopup>: Click create project button
INFO     [📘TEST_INFO]:reporting.py:51 ✅ STEP completed: Click Create new project button
INFO     [📘TEST_INFO]:reporting.py:225 📸 Screenshot captured and attached (success): /home/runner/work/apolo-test-automation/apolo-test-automation/reports/screenshots/ui_click_create_new_proj_button_success_60d02e.png
INFO     [📘TEST_INFO]:reporting.py:37 ▶️ STEP started: Verify Create project popup displayed
INFO     [🎭 Playwright]:base_page.py:16 <CreateProjectPopup>: Check if page loaded
INFO     [📘TEST_INFO]:reporting.py:51 ✅ STEP completed: Verify Create project popup displayed
INFO     [📘TEST_INFO]:reporting.py:225 📸 Screenshot captured and attached (success): /home/runner/work/apolo-test-automation/apolo-test-automation/reports/screenshots/verify_ui_popup_displayed_success_4aa9a9.png
INFO     [📘TEST_INFO]:reporting.py:37 ▶️ STEP started: Enter project name
INFO     [🎭 Playwright]:base_page.py:16 <CreateProjectPopup>: Enter new project name regression-proj-3j7odyus4y
INFO     [📘TEST_INFO]:reporting.py:51 ✅ STEP completed: Enter project name
INFO     [📘TEST_INFO]:reporting.py:225 📸 Screenshot captured and attached (success): /home/runner/work/apolo-test-automation/apolo-test-automation/reports/screenshots/ui_enter_proj_name_success_a4744e.png
INFO     [📘TEST_INFO]:reporting.py:37 ▶️ STEP started: Select user role
INFO     [🎭 Playwright]:base_page.py:16 <CreateProjectPopup>: Select default role Reader
INFO     [📘TEST_INFO]:reporting.py:51 ✅ STEP completed: Select user role
INFO     [📘TEST_INFO]:reporting.py:225 📸 Screenshot captured and attached (success): /home/runner/work/apolo-test-automation/apolo-test-automation/reports/screenshots/ui_select_role_success_13a4b7.png
INFO     [📘TEST_INFO]:reporting.py:37 ▶️ STEP started: Click Create button
INFO     [🎭 Playwright]:base_page.py:16 <CreateProjectPopup>: Click create button
WARNING  [🔧TEST CONFIG]:conftest.py:413 [HTTP 404] GET https://api.dev.apolo.us/apis/admin/v1/clusters/default/orgs/regression-org-5j1itdqcvc2y/projects/regression-proj-3j7odyus4y
Request Body:
<not available>
Response Body (first 1000 chars):
{"error": "Project 'regression-proj-3j7odyus4y' not found in cluster 'default' in org 'regression-org-5j1itdqcvc2y'"}
INFO     [📘TEST_INFO]:reporting.py:51 ✅ STEP completed: Click Create button
INFO     [📘TEST_INFO]:reporting.py:225 📸 Screenshot captured and attached (success): /home/runner/work/apolo-test-automation/apolo-test-automation/reports/screenshots/ui_click_create_button_success_aa0b02.png
INFO     [📘TEST_INFO]:reporting.py:37 ▶️ STEP started: Wait for Create project popup disappear
INFO     [🎭 Playwright]:base_page.py:16 <CreateProjectPopup>: Wait for Create project popup to disappear
WARNING  [🔧TEST CONFIG]:conftest.py:413 [HTTP 201] POST https://api.dev.apolo.us/apis/admin/v1/clusters/default/orgs/regression-org-5j1itdqcvc2y/projects
Request Body:
<not available>
Response Body (first 1000 chars):
{"name": "regression-proj-3j7odyus4y", "cluster_name": "default", "org_name": "regression-org-5j1itdqcvc2y", "is_default": false, "default_role": "reader"}
WARNING  [🔧TEST CONFIG]:conftest.py:413 [HTTP 200] GET https://api.dev.apolo.us/apis/apps/v1/cluster/default/org/regression-org-5j1itdqcvc2y/project/regression-proj-3j7odyus4y/instances?size=100
Request Body:
<not available>
Response Body (first 1000 chars):
{"items":[],"total":0,"page":1,"size":100,"pages":0}
WARNING  [🔧TEST CONFIG]:conftest.py:413 [HTTP 200] GET https://api.dev.apolo.us/api/v1/config
Request Body:
<not available>
Response Body (first 1000 chars):
{"authorized": true, "orgs": [{"name": "regression-org-5j1itdqcvc2y", "role": "admin"}], "clusters": [{"name": "default", "registry_url": "https://registry.api.dev.apolo.us", "storage_url": "https://api.dev.apolo.us/api/v1/storage", "monitoring_url": "https://monitoring.api.dev.apolo.us/api/v1/jobs", "secrets_url": "https://api.dev.apolo.us/api/v1/secrets", "metrics_url": "https://grafana.dev.apolo.us", "disks_url": "https://api.dev.apolo.us/api/v1/disk", "buckets_url": "https://api.dev.apolo.us/api/v1/buckets", "resource_pool_types": [{"name": "a2-highgpu-1g", "min_size": 0, "max_size": 10, "cpu": 12.0, "available_cpu": 11.176, "memory": 89629032448, "available_memory": 80898240256, "disk_size": 161061273600, "available_disk_size": 161061273600, "nvidia_gpu": {"count": 1, "model": "NVIDIA-A100-SXM4-40GB", "memory": 42949672960}}, {"name": "default", "min_size": 1, "max_size": 10, "cpu": 4.0, "available_cpu": 2.751, "memory": 16776048640, "available_memory": 12037189376, "disk_size": 1
WARNING  [🔧TEST CONFIG]:conftest.py:413 [HTTP 200] GET https://api.dev.apolo.us/apis/apps/v1/cluster/default/org/regression-org-5j1itdqcvc2y/project/regression-proj-3j7odyus4y/templates
Request Body:
<not available>
Response Body (first 1000 chars):
[{"name":"aws-s3","title":"AWS S3","pub_date":"2025-01-01T00:00:00Z","description":"AWS S3 Storage","short_description":"","schema_version":1,"version":"HEAD","input":{"$defs":{"ApoloSecret":{"properties":{"key":{"title":"Key","type":"string"}},"required":["key"],"title":"ApoloSecret","type":"object","x-description":"Apolo Secret Configuration.","x-is-advanced-field":false,"x-meta-type":"inline","x-title":"Secret","x-type":"ApoloSecret"},"S3Params":{"properties":{"port":{"title":"Port","type":"integer"},"host":{"anyOf":[{"type":"string"},{"type":"null"}],"default":null,"title":"Host"},"bucket":{"anyOf":[{"type":"string"},{"type":"null"}],"default":null,"title":"Bucket"},"access_key":{"anyOf":[{"type":"string"},{"type":"null"}],"default":null,"title":"Access Key"},"secret_key":{"anyOf":[{"$ref":"#/$defs/ApoloSecret"},{"type":"null"}],"default":null}},"required":["port"],"title":"S3Params","type":"object"}},"properties":{"s3":{"$ref":"#/$defs/S3Params"}},"required":["s3"],"title":"AwsS3I
WARNING  [🔧TEST CONFIG]:conftest.py:413 [HTTP 200] GET https://api.dev.apolo.us/apis/apps/v1/cluster/default/org/regression-org-5j1itdqcvc2y/project/regression-proj-3j7odyus4y/templates?limit=50&offset=0
Request Body:
<not available>
Response Body (first 1000 chars):
[{"name":"aws-s3","title":"AWS S3","pub_date":"2025-01-01T00:00:00Z","description":"AWS S3 Storage","short_description":"","schema_version":1,"version":"HEAD","input":{"$defs":{"ApoloSecret":{"properties":{"key":{"title":"Key","type":"string"}},"required":["key"],"title":"ApoloSecret","type":"object","x-description":"Apolo Secret Configuration.","x-is-advanced-field":false,"x-meta-type":"inline","x-title":"Secret","x-type":"ApoloSecret"},"S3Params":{"properties":{"port":{"title":"Port","type":"integer"},"host":{"anyOf":[{"type":"string"},{"type":"null"}],"default":null,"title":"Host"},"bucket":{"anyOf":[{"type":"string"},{"type":"null"}],"default":null,"title":"Bucket"},"access_key":{"anyOf":[{"type":"string"},{"type":"null"}],"default":null,"title":"Access Key"},"secret_key":{"anyOf":[{"$ref":"#/$defs/ApoloSecret"},{"type":"null"}],"default":null}},"required":["port"],"title":"S3Params","type":"object"}},"properties":{"s3":{"$ref":"#/$defs/S3Params"}},"required":["s3"],"title":"AwsS3I
INFO     [📘TEST_INFO]:reporting.py:51 ✅ STEP completed: Wait for Create project popup disappear
INFO     [📘TEST_INFO]:reporting.py:225 📸 Screenshot captured and attached (success): /home/runner/work/apolo-test-automation/apolo-test-automation/reports/screenshots/ui_wait_to_disappear_success_d1c3cc.png
INFO     [📘TEST_INFO]:reporting.py:37 ▶️ STEP started: Verify Main page is displayed
INFO     [🎭 Playwright]:base_page.py:16 <MainPage>: Check if page loaded
INFO     [🎭 Playwright]:base_page.py:16 <MainPage>: Waiting for spinner
INFO     [🎭 Playwright]:base_page.py:16 <MainPage>: Timeout error for spinner
INFO     [📘TEST_INFO]:reporting.py:51 ✅ STEP completed: Verify Main page is displayed
INFO     [📘TEST_INFO]:reporting.py:225 📸 Screenshot captured and attached (success): /home/runner/work/apolo-test-automation/apolo-test-automation/reports/screenshots/verify_ui_page_displayed_success_b3a916.png
INFO     [📘TEST_INFO]:reporting.py:51 ✅ STEP completed: Create first project from the top pane on main page
INFO     [📘TEST_INFO]:reporting.py:225 📸 Screenshot captured and attached (success): /home/runner/work/apolo-test-automation/apolo-test-automation/reports/screenshots/ui_create_first_proj_from_top_pane_success_77aee2.png
INFO     [📘TEST_INFO]:reporting.py:37 ▶️ STEP started: Click Files button on the left pane on the main page
INFO     [🎭 Playwright]:base_page.py:16 <MainPage>: Click Files button
INFO     [📘TEST_INFO]:reporting.py:51 ✅ STEP completed: Click Files button on the left pane on the main page
WARNING  [🔧TEST CONFIG]:conftest.py:413 [HTTP 200] GET https://api.dev.apolo.us/api/v1/storage/regression-org-5j1itdqcvc2y/regression-proj-3j7odyus4y?op=GETFILESTATUS
Request Body:
<not available>
Response Body (first 1000 chars):
{"FileStatus": {"path": "/var/storage/regression-org-5j1itdqcvc2y/regression-proj-3j7odyus4y", "length": 0, "modificationTime": 1757729873, "permission": "manage", "type": "DIRECTORY"}}
WARNING  [🔧TEST CONFIG]:conftest.py:413 [HTTP 200] GET https://api.dev.apolo.us/api/v1/storage/regression-org-5j1itdqcvc2y/regression-proj-3j7odyus4y?op=LISTSTATUS
Request Body:
<not available>
Response Body (first 1000 chars):
{"FileStatuses": {"FileStatus": []}}
INFO     [📘TEST_INFO]:reporting.py:225 📸 Screenshot captured and attached (success): /home/runner/work/apolo-test-automation/apolo-test-automation/reports/screenshots/ui_click_files_btn_success_cb0c8e.png
INFO     [📘TEST_INFO]:reporting.py:37 ▶️ STEP started: Verify that Files page displayed
INFO     [🎭 Playwright]:base_page.py:16 <FilesPage>: Check if page loaded
INFO     [📘TEST_INFO]:reporting.py:51 ✅ STEP completed: Verify that Files page displayed
INFO     [📘TEST_INFO]:reporting.py:225 📸 Screenshot captured and attached (success): /home/runner/work/apolo-test-automation/apolo-test-automation/reports/screenshots/verify_ui_page_displayed_success_3c9122.png
INFO     [📘TEST_INFO]:reporting.py:37 ▶️ STEP started: Verify Add folder button is enabled
INFO     [🎭 Playwright]:base_page.py:16 <FilesPage>: Check if Add folder button is enabled
INFO     [📘TEST_INFO]:reporting.py:51 ✅ STEP completed: Verify Add folder button is enabled
INFO     [📘TEST_INFO]:reporting.py:225 📸 Screenshot captured and attached (success): /home/runner/work/apolo-test-automation/apolo-test-automation/reports/screenshots/verify_ui_add_folder_btn_enabled_success_a94691.png
INFO     [📘TEST_INFO]:reporting.py:37 ▶️ STEP started: Click Add Folder button
INFO     [🎭 Playwright]:base_page.py:16 <FilesPage>: Click Add Folder button
INFO     [📘TEST_INFO]:reporting.py:51 ✅ STEP completed: Click Add Folder button
INFO     [📘TEST_INFO]:reporting.py:225 📸 Screenshot captured and attached (success): /home/runner/work/apolo-test-automation/apolo-test-automation/reports/screenshots/ui_click_add_folder_btn_success_91ef3c.png
INFO     [📘TEST_INFO]:reporting.py:37 ▶️ STEP started: Enter folder name
INFO     [🎭 Playwright]:base_page.py:16 <NewFolderPopup>: Enter New Folder 1 folder name
INFO     [📘TEST_INFO]:reporting.py:51 ✅ STEP completed: Enter folder name
INFO     [📘TEST_INFO]:reporting.py:225 📸 Screenshot captured and attached (success): /home/runner/work/apolo-test-automation/apolo-test-automation/reports/screenshots/ui_enter_folder_name_success_803801.png
INFO     [📘TEST_INFO]:reporting.py:37 ▶️ STEP started: Click Create button
INFO     [🎭 Playwright]:base_page.py:16 <NewFolderPopup>: Click Create button
ERROR    [📘TEST_INFO]:reporting.py:56 ❌ STEP failed: Click Create button
INFO     [📘TEST_INFO]:reporting.py:225 📸 Screenshot captured and attached (fail): /home/runner/work/apolo-test-automation/apolo-test-automation/reports/screenshots/ui_click_create_btn_fail_9cda34.png
ERROR    [📘TEST_INFO]:reporting.py:95 ❌ TEST failed: User rename Folder
Exception: [Error] during step: Click Create button
Message: Locator.wait_for: Error: strict mode violation: locator("button").filter(has_text="Create") resolved to 2 elements:
    1) <button type="button" class="rounded-lg border border-[#85D3D6] px-5 py-3 text-left text-neural-06 transition-colors hover:bg-neural-01">How do I create a new project?</button> aka get_by_text("How do I create a new project?")
    2) <button type="button" class="relative inline-flex cursor-pointer items-center justify-center rounded-xl py-1 transition-colors text-button h-12 gap-2 bg-primary text-white hover:bg-primary-medium active:bg-primary-dark disabled:bg-neural-01 disabled:text-neural-03 px-14">Create</button> aka get_by_role("button", name="Create")

Call log:
  - waiting for locator("button").filter(has_text="Create")

INFO     [📘TEST_INFO]:reporting.py:98 ------------------------------------------------------------
INFO     [🌐API_helper]:api_helper.py:45 GET https://api.dev.apolo.us/apis/admin/v1/orgs
INFO     [🌐API_helper]:api_helper.py:137 Status: 200. Response: [{'name': 'regression-org-5j1itdqcvc2y', 'balance': {'credits': '500', 'spent_credits': '0'}, 'user_default_credits': None, 'notification_intervals': {'balance_projection_seconds': [604800, 259200, 86400], 'balance_amount': [0], 'balance_depletion_seconds': [86400, 604800]}}]
INFO     [🔧TEST CONFIG]:conftest.py:284 Cleaning up 1 organisations
INFO     [🌐API_helper]:api_helper.py:144 Delete organization response: <ClientResponse(https://api.dev.apolo.us/apis/admin/v1/orgs/regression-org-5j1itdqcvc2y) [200 OK]>
<CIMultiDictProxy('Access-Control-Allow-Credentials': 'true', 'Content-Length': '274', 'Content-Type': 'application/json; charset=utf-8', 'Date': 'Sat, 13 Sep 2025 02:18:06 GMT', 'Server': 'Python/3.13 aiohttp/3.12.15', 'Vary': 'Origin', 'x-service-version': 'platform-admin/0.0.0.post1.dev0+ee87add', 'Via': '1.1 google', 'Alt-Svc': 'h3=":443"; ma=2592000,h3-29=":443"; ma=2592000')>

INFO     [🔧TEST CONFIG]:conftest.py:309 Removed organisation: regression-org-5j1itdqcvc2y
INFO     [🔧TEST CONFIG]:conftest.py:314 Closing all browser sessions
INFO     [🔧TEST CONFIG]:conftest.py:320 Stopped Playwright
WARNING  [🔧TEST CONFIG]:conftest.py:330 Failed to close context: BrowserContext.close: Target page, context or browser has been closed
INFO     [🔧TEST CONFIG]:conftest.py:335 Closed browser (post-stop)
INFO     [🔧TEST CONFIG]:conftest.py:340 Browser cleanup finished