INFO     [🔧TEST CONFIG]:conftest.py:87 Loading test configuration
INFO     [🔧TEST CONFIG]:conftest.py:378 Navigating to: https://console.dev.apolo.us/
WARNING  [🔧TEST CONFIG]:conftest.py:420 [HTTP 200] GET https://api.dev.apolo.us/api/v1/config
Request Body:
<not available>
Response Body (first 1000 chars):
{"authorized": false, "auth_url": "https://auth.dev.apolo.us/authorize", "token_url": "https://auth.dev.apolo.us/oauth/token", "logout_url": "https://auth.dev.apolo.us/v2/logout?returnTo=https://console.dev.apolo.us", "client_id": "q3I0OzzGnTDkhRmpeJ7WWgaTCucmVxTL", "audience": "https://api.dev.apolo.us", "callback_urls": ["http://127.0.0.1:54540", "http://127.0.0.1:54541", "http://127.0.0.1:54542"], "headless_callback_url": "https://api.dev.apolo.us/oauth/show-code", "success_redirect_url": "https://api.dev.apolo.us/oauth/login"}
INFO     [🔧TEST CONFIG]:conftest.py:93 Creating data manager
INFO     [🔧TEST CONFIG]:conftest.py:123 Creating users manager
INFO     [🔧TEST CONFIG]:conftest.py:109 Creating API helper
INFO     [🔧TEST CONFIG]:conftest.py:117 Creating Apolo CLI instance
INFO     [🔧TEST CONFIG]:conftest.py:205 Continue using UserData(email='regression-48yfr6qpek@apolo.us', username='regression-48yfr6qpek', password='see6DzX#H@n$') as main test user...
INFO     [👤UsersManager]:users_manager.py:73 Setting main user to UserData(email='regression-48yfr6qpek@apolo.us', username='regression-48yfr6qpek', password='see6DzX#H@n$')
INFO     [🔧TEST CONFIG]:conftest.py:235 Continue using UserData(email='regression-tyvim1oqmr@apolo.us', username='regression-tyvim1oqmr', password='C#6K#HB32JJ3') as second test user...
INFO     [👤UsersManager]:users_manager.py:82 Setting second user to UserData(email='regression-tyvim1oqmr@apolo.us', username='regression-tyvim1oqmr', password='C#6K#HB32JJ3')
INFO     [🔧TEST CONFIG]:conftest.py:240 Continue using UserData(email='regression-iiyx6fr6o5@apolo.us', username='regression-iiyx6fr6o5', password='K^Smfc2ZlWA!') as third test user...
INFO     [👤UsersManager]:users_manager.py:91 Setting third user to UserData(email='regression-iiyx6fr6o5@apolo.us', username='regression-iiyx6fr6o5', password='K^Smfc2ZlWA!')
INFO     [📘TEST_INFO]:reporting.py:86 ------------------------------------------------------------
INFO     [📘TEST_INFO]:reporting.py:87 📝 TEST started: User rename File
INFO     [📘TEST_INFO]:reporting.py:88 ------------------------------------------------------------
INFO     [📘TEST_INFO]:reporting.py:37 ▶️ STEP started: Login via UI
INFO     [📘TEST_INFO]:reporting.py:37 ▶️ STEP started: Click login button
INFO     [🎭 Playwright]:base_page.py:16 <AuthPage>: Click log in button
INFO     [📘TEST_INFO]:reporting.py:51 ✅ STEP completed: Click login button
INFO     [📘TEST_INFO]:reporting.py:225 📸 Screenshot captured and attached (success): /home/runner/work/apolo-test-automation/apolo-test-automation/reports/screenshots/ui_click_login_button_success_fe97aa.png
INFO     [📘TEST_INFO]:reporting.py:37 ▶️ STEP started: Enter email
INFO     [🎭 Playwright]:base_page.py:16 <LoginPage>: Enter regression-48yfr6qpek@apolo.us email
INFO     [📘TEST_INFO]:reporting.py:51 ✅ STEP completed: Enter email
INFO     [📘TEST_INFO]:reporting.py:225 📸 Screenshot captured and attached (success): /home/runner/work/apolo-test-automation/apolo-test-automation/reports/screenshots/ui_enter_email_success_e28d6f.png
INFO     [📘TEST_INFO]:reporting.py:37 ▶️ STEP started: Enter password
INFO     [🎭 Playwright]:base_page.py:16 <LoginPage>: Enter ********* password
INFO     [📘TEST_INFO]:reporting.py:51 ✅ STEP completed: Enter password
INFO     [📘TEST_INFO]:reporting.py:225 📸 Screenshot captured and attached (success): /home/runner/work/apolo-test-automation/apolo-test-automation/reports/screenshots/ui_enter_password_success_eb4731.png
INFO     [📘TEST_INFO]:reporting.py:37 ▶️ STEP started: Click Continue button
INFO     [🎭 Playwright]:base_page.py:16 <LoginPage>: Click continue button
WARNING  [🔧TEST CONFIG]:conftest.py:420 [HTTP 200] GET https://api.dev.apolo.us/api/v1/config
Request Body:
<not available>
Response Body (first 1000 chars):
{"authorized": true, "orgs": [], "clusters": [], "projects": [], "admin_url": "https://api.dev.apolo.us/apis/admin/v1", "auth_url": "https://auth.dev.apolo.us/authorize", "token_url": "https://auth.dev.apolo.us/oauth/token", "logout_url": "https://auth.dev.apolo.us/v2/logout?returnTo=https://console.dev.apolo.us", "client_id": "q3I0OzzGnTDkhRmpeJ7WWgaTCucmVxTL", "audience": "https://api.dev.apolo.us", "callback_urls": ["http://127.0.0.1:54540", "http://127.0.0.1:54541", "http://127.0.0.1:54542"], "headless_callback_url": "https://api.dev.apolo.us/oauth/show-code", "success_redirect_url": "https://api.dev.apolo.us/oauth/login"}
INFO     [🎭 Playwright]:base_page.py:16 <LoginPage>: Waiting for spinner
INFO     [🎭 Playwright]:base_page.py:16 <LoginPage>: Waiting for spinner to disappear
WARNING  [🔧TEST CONFIG]:conftest.py:420 [HTTP 200] GET https://api.dev.apolo.us/api/v1/users/regression-48yfr6qpek/permissions?uri=blob:
Request Body:
<not available>
Response Body (first 1000 chars):
[]
WARNING  [🔧TEST CONFIG]:conftest.py:420 [HTTP 200] GET https://api.dev.apolo.us/apis/admin/v1/users/regression-48yfr6qpek?include=orgs
Request Body:
<not available>
Response Body (first 1000 chars):
{"name": "regression-48yfr6qpek", "email": "regression-48yfr6qpek@apolo.us", "first_name": null, "last_name": null, "created_at": "2025-09-17T01:32:15.121269+00:00", "terms_accepted": true, "orgs": []}
WARNING  [🔧TEST CONFIG]:conftest.py:420 [HTTP 200] GET https://api.dev.apolo.us/apis/admin/v1/invites/incoming
Request Body:
<not available>
Response Body (first 1000 chars):
[]
WARNING  [🔧TEST CONFIG]:conftest.py:420 [HTTP 200] GET https://api.dev.apolo.us/apis/admin/v1/users/regression-48yfr6qpek?include=clusters&include=system_role
Request Body:
<not available>
Response Body (first 1000 chars):
{"name": "regression-48yfr6qpek", "email": "regression-48yfr6qpek@apolo.us", "first_name": null, "last_name": null, "created_at": "2025-09-17T01:32:15.121269+00:00", "terms_accepted": true, "clusters": []}
INFO     [📘TEST_INFO]:reporting.py:51 ✅ STEP completed: Click Continue button
INFO     [📘TEST_INFO]:reporting.py:225 📸 Screenshot captured and attached (success): /home/runner/work/apolo-test-automation/apolo-test-automation/reports/screenshots/ui_click_continue_button_success_098c14.png
INFO     [📘TEST_INFO]:reporting.py:37 ▶️ STEP started: Verify that Welcome new user page displayed
INFO     [🎭 Playwright]:base_page.py:16 <WelcomeNewUserPage>: Check if page loaded
INFO     [📘TEST_INFO]:reporting.py:51 ✅ STEP completed: Verify that Welcome new user page displayed
INFO     [📘TEST_INFO]:reporting.py:225 📸 Screenshot captured and attached (success): /home/runner/work/apolo-test-automation/apolo-test-automation/reports/screenshots/verify_ui_page_displayed_success_79bb7a.png
INFO     [📘TEST_INFO]:reporting.py:51 ✅ STEP completed: Login via UI
INFO     [📘TEST_INFO]:reporting.py:225 📸 Screenshot captured and attached (success): /home/runner/work/apolo-test-automation/apolo-test-automation/reports/screenshots/ui_login_success_d0e4ca.png
INFO     [📘TEST_INFO]:reporting.py:37 ▶️ STEP started: Add organization via API and reload page
INFO     [🔧DATA MANAGER]:test_data.py:56 Added organization: org_name=regression-org-weyt3dgvr01w, gherkin_name=Default-organization
INFO     [🌐API_helper]:api_helper.py:86 POST https://api.dev.apolo.us/apis/admin/v1/orgs?skip_auto_add_to_clusters=false with data: {'name': 'regression-org-weyt3dgvr01w'}
INFO     [🌐API_helper]:api_helper.py:190 Add org regression-org-weyt3dgvr01w response: {'name': 'regression-org-weyt3dgvr01w', 'balance': {'credits': '500', 'spent_credits': '0'}, 'user_default_credits': None, 'notification_intervals': {'balance_projection_seconds': [604800, 259200, 86400], 'balance_amount': [0], 'balance_depletion_seconds': [86400, 604800]}}
INFO     [📘TEST_INFO]:reporting.py:37 ▶️ STEP started: Reload page
WARNING  [🔧TEST CONFIG]:conftest.py:420 [HTTP 200] GET https://api.dev.apolo.us/api/v1/config
Request Body:
<not available>
Response Body (first 1000 chars):
{"authorized": true, "orgs": [{"name": "regression-org-weyt3dgvr01w", "role": "admin"}], "clusters": [{"name": "default", "registry_url": "https://registry.api.dev.apolo.us", "storage_url": "https://api.dev.apolo.us/api/v1/storage", "monitoring_url": "https://monitoring.api.dev.apolo.us/api/v1/jobs", "secrets_url": "https://api.dev.apolo.us/api/v1/secrets", "metrics_url": "https://grafana.dev.apolo.us", "disks_url": "https://api.dev.apolo.us/api/v1/disk", "buckets_url": "https://api.dev.apolo.us/api/v1/buckets", "resource_pool_types": [{"name": "a2-highgpu-1g", "min_size": 0, "max_size": 10, "cpu": 12.0, "available_cpu": 11.081, "memory": 89629032448, "available_memory": 80898240256, "disk_size": 523982073856, "available_disk_size": 364209683290, "nvidia_gpu": {"count": 1, "model": "NVIDIA-A100-SXM4-40GB", "memory": 42949672960}}, {"name": "a2-highgpu-2g", "min_size": 0, "max_size": 3, "cpu": 24.0, "available_cpu": 23.765, "memory": 179367243776, "available_memory": 168282746880, "disk
WARNING  [🔧TEST CONFIG]:conftest.py:420 [HTTP 200] GET https://api.dev.apolo.us/api/v1/users/regression-48yfr6qpek/permissions?uri=blob:
Request Body:
<not available>
Response Body (first 1000 chars):
[{"uri": "blob://default/regression-org-weyt3dgvr01w", "action": "manage"}]
WARNING  [🔧TEST CONFIG]:conftest.py:420 [HTTP 200] GET https://api.dev.apolo.us/apis/admin/v1/users/regression-48yfr6qpek?include=clusters&include=system_role
Request Body:
<not available>
Response Body (first 1000 chars):
{"name": "regression-48yfr6qpek", "email": "regression-48yfr6qpek@apolo.us", "first_name": null, "last_name": null, "created_at": "2025-09-17T01:32:15.121269+00:00", "terms_accepted": true, "clusters": [{"cluster_name": "default", "role": "admin", "org_name": "regression-org-weyt3dgvr01w", "balance": {"spent_credits": "0"}}]}
WARNING  [🔧TEST CONFIG]:conftest.py:420 [HTTP 200] GET https://api.dev.apolo.us/apis/admin/v1/users/regression-48yfr6qpek?include=orgs
Request Body:
<not available>
Response Body (first 1000 chars):
{"name": "regression-48yfr6qpek", "email": "regression-48yfr6qpek@apolo.us", "first_name": null, "last_name": null, "created_at": "2025-09-17T01:32:15.121269+00:00", "terms_accepted": true, "orgs": [{"org_name": "regression-org-weyt3dgvr01w", "role": "admin", "balance": {"spent_credits": "0"}}]}
WARNING  [🔧TEST CONFIG]:conftest.py:420 [HTTP 200] GET https://api.dev.apolo.us/apis/admin/v1/invites/incoming
Request Body:
<not available>
Response Body (first 1000 chars):
[]
INFO     [🎭 Playwright]:base_page.py:16 <MainPage>: Waiting for spinner
WARNING  [🔧TEST CONFIG]:conftest.py:420 [HTTP 200] GET https://api.dev.apolo.us/apis/admin/v1/orgs/regression-org-weyt3dgvr01w
Request Body:
<not available>
Response Body (first 1000 chars):
{"name": "regression-org-weyt3dgvr01w", "balance": {"credits": "500", "spent_credits": "0"}, "user_default_credits": null, "notification_intervals": {"balance_projection_seconds": [604800, 259200, 86400], "balance_amount": [0], "balance_depletion_seconds": [86400, 604800]}}
INFO     [🎭 Playwright]:base_page.py:16 <MainPage>: Timeout error for spinner
INFO     [📘TEST_INFO]:reporting.py:51 ✅ STEP completed: Reload page
INFO     [📘TEST_INFO]:reporting.py:225 📸 Screenshot captured and attached (success): /home/runner/work/apolo-test-automation/apolo-test-automation/reports/screenshots/ui_reload_page_success_8c4906.png
INFO     [📘TEST_INFO]:reporting.py:51 ✅ STEP completed: Add organization via API and reload page
INFO     [📘TEST_INFO]:reporting.py:225 📸 Screenshot captured and attached (success): /home/runner/work/apolo-test-automation/apolo-test-automation/reports/screenshots/ui_add_org_api_success_3e1c95.png
INFO     [📘TEST_INFO]:reporting.py:37 ▶️ STEP started: Create first project from the top pane on main page
INFO     [📘TEST_INFO]:reporting.py:37 ▶️ STEP started: Click Project button on the top pane of the main page
INFO     [🎭 Playwright]:base_page.py:16 <MainPage>: Click create project button on the top pane
INFO     [📘TEST_INFO]:reporting.py:51 ✅ STEP completed: Click Project button on the top pane of the main page
INFO     [📘TEST_INFO]:reporting.py:225 📸 Screenshot captured and attached (success): /home/runner/work/apolo-test-automation/apolo-test-automation/reports/screenshots/ui_click_proj_button_top_pane_success_1011ce.png
INFO     [📘TEST_INFO]:reporting.py:37 ▶️ STEP started: Verify No project popup displayed
INFO     [🎭 Playwright]:base_page.py:16 <NoProjectPopup>: Check if page loaded
INFO     [📘TEST_INFO]:reporting.py:51 ✅ STEP completed: Verify No project popup displayed
INFO     [📘TEST_INFO]:reporting.py:225 📸 Screenshot captured and attached (success): /home/runner/work/apolo-test-automation/apolo-test-automation/reports/screenshots/verify_ui_popup_displayed_success_e8aa7a.png
INFO     [📘TEST_INFO]:reporting.py:37 ▶️ STEP started: Click Create new project button
INFO     [🎭 Playwright]:base_page.py:16 <NoProjectPopup>: Click create project button
INFO     [📘TEST_INFO]:reporting.py:51 ✅ STEP completed: Click Create new project button
INFO     [📘TEST_INFO]:reporting.py:225 📸 Screenshot captured and attached (success): /home/runner/work/apolo-test-automation/apolo-test-automation/reports/screenshots/ui_click_create_new_proj_button_success_3dae8c.png
INFO     [📘TEST_INFO]:reporting.py:37 ▶️ STEP started: Verify Create project popup displayed
INFO     [🎭 Playwright]:base_page.py:16 <CreateProjectPopup>: Check if page loaded
INFO     [📘TEST_INFO]:reporting.py:51 ✅ STEP completed: Verify Create project popup displayed
INFO     [📘TEST_INFO]:reporting.py:225 📸 Screenshot captured and attached (success): /home/runner/work/apolo-test-automation/apolo-test-automation/reports/screenshots/verify_ui_popup_displayed_success_b68489.png
INFO     [📘TEST_INFO]:reporting.py:37 ▶️ STEP started: Enter project name
INFO     [🎭 Playwright]:base_page.py:16 <CreateProjectPopup>: Enter new project name regression-proj-g7gyzcyztf
INFO     [📘TEST_INFO]:reporting.py:51 ✅ STEP completed: Enter project name
INFO     [📘TEST_INFO]:reporting.py:225 📸 Screenshot captured and attached (success): /home/runner/work/apolo-test-automation/apolo-test-automation/reports/screenshots/ui_enter_proj_name_success_2a7d77.png
INFO     [📘TEST_INFO]:reporting.py:37 ▶️ STEP started: Select user role
INFO     [🎭 Playwright]:base_page.py:16 <CreateProjectPopup>: Select default role Reader
INFO     [📘TEST_INFO]:reporting.py:51 ✅ STEP completed: Select user role
INFO     [📘TEST_INFO]:reporting.py:225 📸 Screenshot captured and attached (success): /home/runner/work/apolo-test-automation/apolo-test-automation/reports/screenshots/ui_select_role_success_5df7be.png
INFO     [📘TEST_INFO]:reporting.py:37 ▶️ STEP started: Click Create button
INFO     [🎭 Playwright]:base_page.py:16 <CreateProjectPopup>: Click create button
WARNING  [🔧TEST CONFIG]:conftest.py:420 [HTTP 404] GET https://api.dev.apolo.us/apis/admin/v1/clusters/default/orgs/regression-org-weyt3dgvr01w/projects/regression-proj-g7gyzcyztf
Request Body:
<not available>
Response Body (first 1000 chars):
{"error": "Project 'regression-proj-g7gyzcyztf' not found in cluster 'default' in org 'regression-org-weyt3dgvr01w'"}
INFO     [📘TEST_INFO]:reporting.py:51 ✅ STEP completed: Click Create button
INFO     [📘TEST_INFO]:reporting.py:225 📸 Screenshot captured and attached (success): /home/runner/work/apolo-test-automation/apolo-test-automation/reports/screenshots/ui_click_create_button_success_fd21ae.png
INFO     [📘TEST_INFO]:reporting.py:37 ▶️ STEP started: Wait for Create project popup disappear
INFO     [🎭 Playwright]:base_page.py:16 <CreateProjectPopup>: Wait for Create project popup to disappear
ERROR    [📘TEST_INFO]:reporting.py:56 ❌ STEP failed: Wait for Create project popup disappear
INFO     [📘TEST_INFO]:reporting.py:225 📸 Screenshot captured and attached (fail): /home/runner/work/apolo-test-automation/apolo-test-automation/reports/screenshots/ui_wait_to_disappear_fail_614116.png
ERROR    [📘TEST_INFO]:reporting.py:56 ❌ STEP failed: Create first project from the top pane on main page
INFO     [📘TEST_INFO]:reporting.py:225 📸 Screenshot captured and attached (fail): /home/runner/work/apolo-test-automation/apolo-test-automation/reports/screenshots/ui_create_first_proj_from_top_pane_fail_0790df.png
ERROR    [📘TEST_INFO]:reporting.py:95 ❌ TEST failed: User rename File
Exception: [AssertionError] during step: Create first project from the top pane on main page
Message: [TimeoutError] during step: Wait for Create project popup disappear
Message: Locator.wait_for: Timeout 30000ms exceeded.
Call log:
  - waiting for locator("h2").filter(has_text="Create Project") to be detached
    65 × locator resolved to visible <h2 class="p-8 text-h4">Create Project</h2>

Note: Playwright Timeout. Element not found or action took too long.
INFO     [📘TEST_INFO]:reporting.py:98 ------------------------------------------------------------
INFO     [🌐API_helper]:api_helper.py:54 GET https://api.dev.apolo.us/apis/admin/v1/orgs
INFO     [🌐API_helper]:api_helper.py:165 Status: 200. Response: [{'name': 'regression-org-weyt3dgvr01w', 'balance': {'credits': '500', 'spent_credits': '0'}, 'user_default_credits': None, 'notification_intervals': {'balance_projection_seconds': [604800, 259200, 86400], 'balance_amount': [0], 'balance_depletion_seconds': [86400, 604800]}}]
INFO     [🔧TEST CONFIG]:conftest.py:291 Cleaning up 1 organisations
INFO     [🌐API_helper]:api_helper.py:172 Delete organization response: <ClientResponse(https://api.dev.apolo.us/apis/admin/v1/orgs/regression-org-weyt3dgvr01w) [504 Gateway Timeout]>
<CIMultiDictProxy('Content-Length': '24', 'Content-Type': 'text/plain', 'Via': '1.1 google', 'Date': 'Wed, 17 Sep 2025 03:08:22 GMT', 'Alt-Svc': 'h3=":443"; ma=2592000,h3-29=":443"; ma=2592000')>

INFO     [🔧TEST CONFIG]:conftest.py:316 Removed organisation: regression-org-weyt3dgvr01w
INFO     [🔧TEST CONFIG]:conftest.py:321 Closing all browser sessions
INFO     [🔧TEST CONFIG]:conftest.py:327 Stopped Playwright
WARNING  [🔧TEST CONFIG]:conftest.py:337 Failed to close context: BrowserContext.close: Target page, context or browser has been closed
INFO     [🔧TEST CONFIG]:conftest.py:342 Closed browser (post-stop)
INFO     [🔧TEST CONFIG]:conftest.py:347 Browser cleanup finished
INFO     [🔧TEST CONFIG]:conftest.py:87 Loading test configuration
INFO     [🔧TEST CONFIG]:conftest.py:378 Navigating to: https://console.dev.apolo.us/
WARNING  [🔧TEST CONFIG]:conftest.py:420 [HTTP 200] GET https://api.dev.apolo.us/api/v1/config
Request Body:
<not available>
Response Body (first 1000 chars):
{"authorized": false, "auth_url": "https://auth.dev.apolo.us/authorize", "token_url": "https://auth.dev.apolo.us/oauth/token", "logout_url": "https://auth.dev.apolo.us/v2/logout?returnTo=https://console.dev.apolo.us", "client_id": "q3I0OzzGnTDkhRmpeJ7WWgaTCucmVxTL", "audience": "https://api.dev.apolo.us", "callback_urls": ["http://127.0.0.1:54540", "http://127.0.0.1:54541", "http://127.0.0.1:54542"], "headless_callback_url": "https://api.dev.apolo.us/oauth/show-code", "success_redirect_url": "https://api.dev.apolo.us/oauth/login"}
INFO     [🔧TEST CONFIG]:conftest.py:93 Creating data manager
INFO     [🔧TEST CONFIG]:conftest.py:123 Creating users manager
INFO     [🔧TEST CONFIG]:conftest.py:109 Creating API helper
INFO     [🔧TEST CONFIG]:conftest.py:117 Creating Apolo CLI instance
INFO     [🔧TEST CONFIG]:conftest.py:205 Continue using UserData(email='regression-48yfr6qpek@apolo.us', username='regression-48yfr6qpek', password='see6DzX#H@n$') as main test user...
INFO     [👤UsersManager]:users_manager.py:73 Setting main user to UserData(email='regression-48yfr6qpek@apolo.us', username='regression-48yfr6qpek', password='see6DzX#H@n$')
INFO     [🔧TEST CONFIG]:conftest.py:235 Continue using UserData(email='regression-tyvim1oqmr@apolo.us', username='regression-tyvim1oqmr', password='C#6K#HB32JJ3') as second test user...
INFO     [👤UsersManager]:users_manager.py:82 Setting second user to UserData(email='regression-tyvim1oqmr@apolo.us', username='regression-tyvim1oqmr', password='C#6K#HB32JJ3')
INFO     [🔧TEST CONFIG]:conftest.py:240 Continue using UserData(email='regression-iiyx6fr6o5@apolo.us', username='regression-iiyx6fr6o5', password='K^Smfc2ZlWA!') as third test user...
INFO     [👤UsersManager]:users_manager.py:91 Setting third user to UserData(email='regression-iiyx6fr6o5@apolo.us', username='regression-iiyx6fr6o5', password='K^Smfc2ZlWA!')
INFO     [📘TEST_INFO]:reporting.py:86 ------------------------------------------------------------
INFO     [📘TEST_INFO]:reporting.py:87 📝 TEST started: User rename File
INFO     [📘TEST_INFO]:reporting.py:88 ------------------------------------------------------------
INFO     [📘TEST_INFO]:reporting.py:37 ▶️ STEP started: Login via UI
INFO     [📘TEST_INFO]:reporting.py:37 ▶️ STEP started: Click login button
INFO     [🎭 Playwright]:base_page.py:16 <AuthPage>: Click log in button
INFO     [📘TEST_INFO]:reporting.py:51 ✅ STEP completed: Click login button
INFO     [📘TEST_INFO]:reporting.py:225 📸 Screenshot captured and attached (success): /home/runner/work/apolo-test-automation/apolo-test-automation/reports/screenshots/ui_click_login_button_success_e68c23.png
INFO     [📘TEST_INFO]:reporting.py:37 ▶️ STEP started: Enter email
INFO     [🎭 Playwright]:base_page.py:16 <LoginPage>: Enter regression-48yfr6qpek@apolo.us email
INFO     [📘TEST_INFO]:reporting.py:51 ✅ STEP completed: Enter email
INFO     [📘TEST_INFO]:reporting.py:225 📸 Screenshot captured and attached (success): /home/runner/work/apolo-test-automation/apolo-test-automation/reports/screenshots/ui_enter_email_success_ebca39.png
INFO     [📘TEST_INFO]:reporting.py:37 ▶️ STEP started: Enter password
INFO     [🎭 Playwright]:base_page.py:16 <LoginPage>: Enter ********* password
INFO     [📘TEST_INFO]:reporting.py:51 ✅ STEP completed: Enter password
INFO     [📘TEST_INFO]:reporting.py:225 📸 Screenshot captured and attached (success): /home/runner/work/apolo-test-automation/apolo-test-automation/reports/screenshots/ui_enter_password_success_65fc48.png
INFO     [📘TEST_INFO]:reporting.py:37 ▶️ STEP started: Click Continue button
INFO     [🎭 Playwright]:base_page.py:16 <LoginPage>: Click continue button
INFO     [🎭 Playwright]:base_page.py:16 <LoginPage>: Waiting for spinner
WARNING  [🔧TEST CONFIG]:conftest.py:420 [HTTP 200] GET https://api.dev.apolo.us/api/v1/config
Request Body:
<not available>
Response Body (first 1000 chars):
{"authorized": true, "orgs": [], "clusters": [], "projects": [], "admin_url": "https://api.dev.apolo.us/apis/admin/v1", "auth_url": "https://auth.dev.apolo.us/authorize", "token_url": "https://auth.dev.apolo.us/oauth/token", "logout_url": "https://auth.dev.apolo.us/v2/logout?returnTo=https://console.dev.apolo.us", "client_id": "q3I0OzzGnTDkhRmpeJ7WWgaTCucmVxTL", "audience": "https://api.dev.apolo.us", "callback_urls": ["http://127.0.0.1:54540", "http://127.0.0.1:54541", "http://127.0.0.1:54542"], "headless_callback_url": "https://api.dev.apolo.us/oauth/show-code", "success_redirect_url": "https://api.dev.apolo.us/oauth/login"}
INFO     [🎭 Playwright]:base_page.py:16 <LoginPage>: Waiting for spinner to disappear
WARNING  [🔧TEST CONFIG]:conftest.py:420 [HTTP 200] GET https://api.dev.apolo.us/api/v1/users/regression-48yfr6qpek/permissions?uri=blob:
Request Body:
<not available>
Response Body (first 1000 chars):
[]
WARNING  [🔧TEST CONFIG]:conftest.py:420 [HTTP 200] GET https://api.dev.apolo.us/apis/admin/v1/invites/incoming
Request Body:
<not available>
Response Body (first 1000 chars):
[]
WARNING  [🔧TEST CONFIG]:conftest.py:420 [HTTP 200] GET https://api.dev.apolo.us/apis/admin/v1/users/regression-48yfr6qpek?include=orgs
Request Body:
<not available>
Response Body (first 1000 chars):
{"name": "regression-48yfr6qpek", "email": "regression-48yfr6qpek@apolo.us", "first_name": null, "last_name": null, "created_at": "2025-09-17T01:32:15.121269+00:00", "terms_accepted": true, "orgs": []}
WARNING  [🔧TEST CONFIG]:conftest.py:420 [HTTP 200] GET https://api.dev.apolo.us/apis/admin/v1/users/regression-48yfr6qpek?include=clusters&include=system_role
Request Body:
<not available>
Response Body (first 1000 chars):
{"name": "regression-48yfr6qpek", "email": "regression-48yfr6qpek@apolo.us", "first_name": null, "last_name": null, "created_at": "2025-09-17T01:32:15.121269+00:00", "terms_accepted": true, "clusters": []}
INFO     [📘TEST_INFO]:reporting.py:51 ✅ STEP completed: Click Continue button
INFO     [📘TEST_INFO]:reporting.py:225 📸 Screenshot captured and attached (success): /home/runner/work/apolo-test-automation/apolo-test-automation/reports/screenshots/ui_click_continue_button_success_e2330b.png
INFO     [📘TEST_INFO]:reporting.py:37 ▶️ STEP started: Verify that Welcome new user page displayed
INFO     [🎭 Playwright]:base_page.py:16 <WelcomeNewUserPage>: Check if page loaded
INFO     [📘TEST_INFO]:reporting.py:51 ✅ STEP completed: Verify that Welcome new user page displayed
INFO     [📘TEST_INFO]:reporting.py:225 📸 Screenshot captured and attached (success): /home/runner/work/apolo-test-automation/apolo-test-automation/reports/screenshots/verify_ui_page_displayed_success_4d102f.png
INFO     [📘TEST_INFO]:reporting.py:51 ✅ STEP completed: Login via UI
INFO     [📘TEST_INFO]:reporting.py:225 📸 Screenshot captured and attached (success): /home/runner/work/apolo-test-automation/apolo-test-automation/reports/screenshots/ui_login_success_e47569.png
INFO     [📘TEST_INFO]:reporting.py:37 ▶️ STEP started: Add organization via API and reload page
INFO     [🔧DATA MANAGER]:test_data.py:56 Added organization: org_name=regression-org-113ojwfwlbvp, gherkin_name=Default-organization
INFO     [🌐API_helper]:api_helper.py:86 POST https://api.dev.apolo.us/apis/admin/v1/orgs?skip_auto_add_to_clusters=false with data: {'name': 'regression-org-113ojwfwlbvp'}
INFO     [🌐API_helper]:api_helper.py:190 Add org regression-org-113ojwfwlbvp response: {'name': 'regression-org-113ojwfwlbvp', 'balance': {'credits': '500', 'spent_credits': '0'}, 'user_default_credits': None, 'notification_intervals': {'balance_projection_seconds': [604800, 259200, 86400], 'balance_amount': [0], 'balance_depletion_seconds': [86400, 604800]}}
INFO     [📘TEST_INFO]:reporting.py:37 ▶️ STEP started: Reload page
WARNING  [🔧TEST CONFIG]:conftest.py:420 [HTTP 200] GET https://api.dev.apolo.us/api/v1/config
Request Body:
<not available>
Response Body (first 1000 chars):
{"authorized": true, "orgs": [{"name": "regression-org-113ojwfwlbvp", "role": "admin"}], "clusters": [{"name": "default", "registry_url": "https://registry.api.dev.apolo.us", "storage_url": "https://api.dev.apolo.us/api/v1/storage", "monitoring_url": "https://monitoring.api.dev.apolo.us/api/v1/jobs", "secrets_url": "https://api.dev.apolo.us/api/v1/secrets", "metrics_url": "https://grafana.dev.apolo.us", "disks_url": "https://api.dev.apolo.us/api/v1/disk", "buckets_url": "https://api.dev.apolo.us/api/v1/buckets", "resource_pool_types": [{"name": "a2-highgpu-1g", "min_size": 0, "max_size": 10, "cpu": 12.0, "available_cpu": 11.081, "memory": 89629032448, "available_memory": 80898240256, "disk_size": 523982073856, "available_disk_size": 364209683290, "nvidia_gpu": {"count": 1, "model": "NVIDIA-A100-SXM4-40GB", "memory": 42949672960}}, {"name": "a2-highgpu-2g", "min_size": 0, "max_size": 3, "cpu": 24.0, "available_cpu": 23.765, "memory": 179367243776, "available_memory": 168282746880, "disk
WARNING  [🔧TEST CONFIG]:conftest.py:420 [HTTP 200] GET https://api.dev.apolo.us/api/v1/users/regression-48yfr6qpek/permissions?uri=blob:
Request Body:
<not available>
Response Body (first 1000 chars):
[{"uri": "blob://default/regression-org-113ojwfwlbvp", "action": "manage"}]
WARNING  [🔧TEST CONFIG]:conftest.py:420 [HTTP 200] GET https://api.dev.apolo.us/apis/admin/v1/invites/incoming
Request Body:
<not available>
Response Body (first 1000 chars):
[]
WARNING  [🔧TEST CONFIG]:conftest.py:420 [HTTP 200] GET https://api.dev.apolo.us/apis/admin/v1/users/regression-48yfr6qpek?include=orgs
Request Body:
<not available>
Response Body (first 1000 chars):
{"name": "regression-48yfr6qpek", "email": "regression-48yfr6qpek@apolo.us", "first_name": null, "last_name": null, "created_at": "2025-09-17T01:32:15.121269+00:00", "terms_accepted": true, "orgs": [{"org_name": "regression-org-113ojwfwlbvp", "role": "admin", "balance": {"spent_credits": "0"}}]}
INFO     [🎭 Playwright]:base_page.py:16 <MainPage>: Waiting for spinner
INFO     [🎭 Playwright]:base_page.py:16 <MainPage>: Waiting for spinner to disappear
WARNING  [🔧TEST CONFIG]:conftest.py:420 [HTTP 200] GET https://api.dev.apolo.us/apis/admin/v1/orgs/regression-org-113ojwfwlbvp
Request Body:
<not available>
Response Body (first 1000 chars):
{"name": "regression-org-113ojwfwlbvp", "balance": {"credits": "500", "spent_credits": "0"}, "user_default_credits": null, "notification_intervals": {"balance_projection_seconds": [604800, 259200, 86400], "balance_amount": [0], "balance_depletion_seconds": [86400, 604800]}}
WARNING  [🔧TEST CONFIG]:conftest.py:420 [HTTP 200] GET https://api.dev.apolo.us/apis/admin/v1/users/regression-48yfr6qpek?include=clusters&include=system_role
Request Body:
<not available>
Response Body (first 1000 chars):
{"name": "regression-48yfr6qpek", "email": "regression-48yfr6qpek@apolo.us", "first_name": null, "last_name": null, "created_at": "2025-09-17T01:32:15.121269+00:00", "terms_accepted": true, "clusters": [{"cluster_name": "default", "role": "admin", "org_name": "regression-org-113ojwfwlbvp", "balance": {"spent_credits": "0"}}]}
INFO     [📘TEST_INFO]:reporting.py:51 ✅ STEP completed: Reload page
INFO     [📘TEST_INFO]:reporting.py:225 📸 Screenshot captured and attached (success): /home/runner/work/apolo-test-automation/apolo-test-automation/reports/screenshots/ui_reload_page_success_e52f42.png
INFO     [📘TEST_INFO]:reporting.py:51 ✅ STEP completed: Add organization via API and reload page
INFO     [📘TEST_INFO]:reporting.py:225 📸 Screenshot captured and attached (success): /home/runner/work/apolo-test-automation/apolo-test-automation/reports/screenshots/ui_add_org_api_success_690a0c.png
INFO     [📘TEST_INFO]:reporting.py:37 ▶️ STEP started: Create first project from the top pane on main page
INFO     [📘TEST_INFO]:reporting.py:37 ▶️ STEP started: Click Project button on the top pane of the main page
INFO     [🎭 Playwright]:base_page.py:16 <MainPage>: Click create project button on the top pane
INFO     [📘TEST_INFO]:reporting.py:51 ✅ STEP completed: Click Project button on the top pane of the main page
INFO     [📘TEST_INFO]:reporting.py:225 📸 Screenshot captured and attached (success): /home/runner/work/apolo-test-automation/apolo-test-automation/reports/screenshots/ui_click_proj_button_top_pane_success_531f4a.png
INFO     [📘TEST_INFO]:reporting.py:37 ▶️ STEP started: Verify No project popup displayed
INFO     [🎭 Playwright]:base_page.py:16 <NoProjectPopup>: Check if page loaded
INFO     [📘TEST_INFO]:reporting.py:51 ✅ STEP completed: Verify No project popup displayed
INFO     [📘TEST_INFO]:reporting.py:225 📸 Screenshot captured and attached (success): /home/runner/work/apolo-test-automation/apolo-test-automation/reports/screenshots/verify_ui_popup_displayed_success_c63641.png
INFO     [📘TEST_INFO]:reporting.py:37 ▶️ STEP started: Click Create new project button
INFO     [🎭 Playwright]:base_page.py:16 <NoProjectPopup>: Click create project button
INFO     [📘TEST_INFO]:reporting.py:51 ✅ STEP completed: Click Create new project button
INFO     [📘TEST_INFO]:reporting.py:225 📸 Screenshot captured and attached (success): /home/runner/work/apolo-test-automation/apolo-test-automation/reports/screenshots/ui_click_create_new_proj_button_success_f15ebb.png
INFO     [📘TEST_INFO]:reporting.py:37 ▶️ STEP started: Verify Create project popup displayed
INFO     [🎭 Playwright]:base_page.py:16 <CreateProjectPopup>: Check if page loaded
INFO     [📘TEST_INFO]:reporting.py:51 ✅ STEP completed: Verify Create project popup displayed
INFO     [📘TEST_INFO]:reporting.py:225 📸 Screenshot captured and attached (success): /home/runner/work/apolo-test-automation/apolo-test-automation/reports/screenshots/verify_ui_popup_displayed_success_f7ac1b.png
INFO     [📘TEST_INFO]:reporting.py:37 ▶️ STEP started: Enter project name
INFO     [🎭 Playwright]:base_page.py:16 <CreateProjectPopup>: Enter new project name regression-proj-6hlq5kgxe2
INFO     [📘TEST_INFO]:reporting.py:51 ✅ STEP completed: Enter project name
INFO     [📘TEST_INFO]:reporting.py:225 📸 Screenshot captured and attached (success): /home/runner/work/apolo-test-automation/apolo-test-automation/reports/screenshots/ui_enter_proj_name_success_60ced1.png
INFO     [📘TEST_INFO]:reporting.py:37 ▶️ STEP started: Select user role
INFO     [🎭 Playwright]:base_page.py:16 <CreateProjectPopup>: Select default role Reader
INFO     [📘TEST_INFO]:reporting.py:51 ✅ STEP completed: Select user role
INFO     [📘TEST_INFO]:reporting.py:225 📸 Screenshot captured and attached (success): /home/runner/work/apolo-test-automation/apolo-test-automation/reports/screenshots/ui_select_role_success_fccc0b.png
INFO     [📘TEST_INFO]:reporting.py:37 ▶️ STEP started: Click Create button
INFO     [🎭 Playwright]:base_page.py:16 <CreateProjectPopup>: Click create button
WARNING  [🔧TEST CONFIG]:conftest.py:420 [HTTP 404] GET https://api.dev.apolo.us/apis/admin/v1/clusters/default/orgs/regression-org-113ojwfwlbvp/projects/regression-proj-6hlq5kgxe2
Request Body:
<not available>
Response Body (first 1000 chars):
{"error": "Project 'regression-proj-6hlq5kgxe2' not found in cluster 'default' in org 'regression-org-113ojwfwlbvp'"}
INFO     [📘TEST_INFO]:reporting.py:51 ✅ STEP completed: Click Create button
INFO     [📘TEST_INFO]:reporting.py:225 📸 Screenshot captured and attached (success): /home/runner/work/apolo-test-automation/apolo-test-automation/reports/screenshots/ui_click_create_button_success_0ea7c5.png
INFO     [📘TEST_INFO]:reporting.py:37 ▶️ STEP started: Wait for Create project popup disappear
INFO     [🎭 Playwright]:base_page.py:16 <CreateProjectPopup>: Wait for Create project popup to disappear
ERROR    [📘TEST_INFO]:reporting.py:56 ❌ STEP failed: Wait for Create project popup disappear
INFO     [📘TEST_INFO]:reporting.py:225 📸 Screenshot captured and attached (fail): /home/runner/work/apolo-test-automation/apolo-test-automation/reports/screenshots/ui_wait_to_disappear_fail_98857a.png
ERROR    [📘TEST_INFO]:reporting.py:56 ❌ STEP failed: Create first project from the top pane on main page
INFO     [📘TEST_INFO]:reporting.py:225 📸 Screenshot captured and attached (fail): /home/runner/work/apolo-test-automation/apolo-test-automation/reports/screenshots/ui_create_first_proj_from_top_pane_fail_79281a.png
ERROR    [📘TEST_INFO]:reporting.py:95 ❌ TEST failed: User rename File
Exception: [AssertionError] during step: Create first project from the top pane on main page
Message: [TimeoutError] during step: Wait for Create project popup disappear
Message: Locator.wait_for: Timeout 30000ms exceeded.
Call log:
  - waiting for locator("h2").filter(has_text="Create Project") to be detached
    65 × locator resolved to visible <h2 class="p-8 text-h4">Create Project</h2>

Note: Playwright Timeout. Element not found or action took too long.
INFO     [📘TEST_INFO]:reporting.py:98 ------------------------------------------------------------
INFO     [🌐API_helper]:api_helper.py:54 GET https://api.dev.apolo.us/apis/admin/v1/orgs
INFO     [🌐API_helper]:api_helper.py:165 Status: 200. Response: [{'name': 'regression-org-113ojwfwlbvp', 'balance': {'credits': '500', 'spent_credits': '0'}, 'user_default_credits': None, 'notification_intervals': {'balance_projection_seconds': [604800, 259200, 86400], 'balance_amount': [0], 'balance_depletion_seconds': [86400, 604800]}}]
INFO     [🔧TEST CONFIG]:conftest.py:291 Cleaning up 1 organisations
INFO     [🌐API_helper]:api_helper.py:172 Delete organization response: <ClientResponse(https://api.dev.apolo.us/apis/admin/v1/orgs/regression-org-113ojwfwlbvp) [504 Gateway Timeout]>
<CIMultiDictProxy('Content-Length': '24', 'Content-Type': 'text/plain', 'Via': '1.1 google', 'Date': 'Wed, 17 Sep 2025 03:10:03 GMT', 'Alt-Svc': 'h3=":443"; ma=2592000,h3-29=":443"; ma=2592000')>

INFO     [🔧TEST CONFIG]:conftest.py:316 Removed organisation: regression-org-113ojwfwlbvp
INFO     [🔧TEST CONFIG]:conftest.py:321 Closing all browser sessions
INFO     [🔧TEST CONFIG]:conftest.py:327 Stopped Playwright
WARNING  [🔧TEST CONFIG]:conftest.py:337 Failed to close context: BrowserContext.close: Target page, context or browser has been closed
INFO     [🔧TEST CONFIG]:conftest.py:342 Closed browser (post-stop)
INFO     [🔧TEST CONFIG]:conftest.py:347 Browser cleanup finished
INFO     [🔧TEST CONFIG]:conftest.py:87 Loading test configuration
INFO     [🔧TEST CONFIG]:conftest.py:378 Navigating to: https://console.dev.apolo.us/
WARNING  [🔧TEST CONFIG]:conftest.py:420 [HTTP 200] GET https://api.dev.apolo.us/api/v1/config
Request Body:
<not available>
Response Body (first 1000 chars):
{"authorized": false, "auth_url": "https://auth.dev.apolo.us/authorize", "token_url": "https://auth.dev.apolo.us/oauth/token", "logout_url": "https://auth.dev.apolo.us/v2/logout?returnTo=https://console.dev.apolo.us", "client_id": "q3I0OzzGnTDkhRmpeJ7WWgaTCucmVxTL", "audience": "https://api.dev.apolo.us", "callback_urls": ["http://127.0.0.1:54540", "http://127.0.0.1:54541", "http://127.0.0.1:54542"], "headless_callback_url": "https://api.dev.apolo.us/oauth/show-code", "success_redirect_url": "https://api.dev.apolo.us/oauth/login"}
INFO     [🔧TEST CONFIG]:conftest.py:93 Creating data manager
INFO     [🔧TEST CONFIG]:conftest.py:123 Creating users manager
INFO     [🔧TEST CONFIG]:conftest.py:109 Creating API helper
INFO     [🔧TEST CONFIG]:conftest.py:117 Creating Apolo CLI instance
INFO     [🔧TEST CONFIG]:conftest.py:205 Continue using UserData(email='regression-48yfr6qpek@apolo.us', username='regression-48yfr6qpek', password='see6DzX#H@n$') as main test user...
INFO     [👤UsersManager]:users_manager.py:73 Setting main user to UserData(email='regression-48yfr6qpek@apolo.us', username='regression-48yfr6qpek', password='see6DzX#H@n$')
INFO     [🔧TEST CONFIG]:conftest.py:235 Continue using UserData(email='regression-tyvim1oqmr@apolo.us', username='regression-tyvim1oqmr', password='C#6K#HB32JJ3') as second test user...
INFO     [👤UsersManager]:users_manager.py:82 Setting second user to UserData(email='regression-tyvim1oqmr@apolo.us', username='regression-tyvim1oqmr', password='C#6K#HB32JJ3')
INFO     [🔧TEST CONFIG]:conftest.py:240 Continue using UserData(email='regression-iiyx6fr6o5@apolo.us', username='regression-iiyx6fr6o5', password='K^Smfc2ZlWA!') as third test user...
INFO     [👤UsersManager]:users_manager.py:91 Setting third user to UserData(email='regression-iiyx6fr6o5@apolo.us', username='regression-iiyx6fr6o5', password='K^Smfc2ZlWA!')
INFO     [📘TEST_INFO]:reporting.py:86 ------------------------------------------------------------
INFO     [📘TEST_INFO]:reporting.py:87 📝 TEST started: User rename File
INFO     [📘TEST_INFO]:reporting.py:88 ------------------------------------------------------------
INFO     [📘TEST_INFO]:reporting.py:37 ▶️ STEP started: Login via UI
INFO     [📘TEST_INFO]:reporting.py:37 ▶️ STEP started: Click login button
INFO     [🎭 Playwright]:base_page.py:16 <AuthPage>: Click log in button
INFO     [📘TEST_INFO]:reporting.py:51 ✅ STEP completed: Click login button
INFO     [📘TEST_INFO]:reporting.py:225 📸 Screenshot captured and attached (success): /home/runner/work/apolo-test-automation/apolo-test-automation/reports/screenshots/ui_click_login_button_success_ab87e1.png
INFO     [📘TEST_INFO]:reporting.py:37 ▶️ STEP started: Enter email
INFO     [🎭 Playwright]:base_page.py:16 <LoginPage>: Enter regression-48yfr6qpek@apolo.us email
INFO     [📘TEST_INFO]:reporting.py:51 ✅ STEP completed: Enter email
INFO     [📘TEST_INFO]:reporting.py:225 📸 Screenshot captured and attached (success): /home/runner/work/apolo-test-automation/apolo-test-automation/reports/screenshots/ui_enter_email_success_e45955.png
INFO     [📘TEST_INFO]:reporting.py:37 ▶️ STEP started: Enter password
INFO     [🎭 Playwright]:base_page.py:16 <LoginPage>: Enter ********* password
INFO     [📘TEST_INFO]:reporting.py:51 ✅ STEP completed: Enter password
INFO     [📘TEST_INFO]:reporting.py:225 📸 Screenshot captured and attached (success): /home/runner/work/apolo-test-automation/apolo-test-automation/reports/screenshots/ui_enter_password_success_7a3b04.png
INFO     [📘TEST_INFO]:reporting.py:37 ▶️ STEP started: Click Continue button
INFO     [🎭 Playwright]:base_page.py:16 <LoginPage>: Click continue button
INFO     [🎭 Playwright]:base_page.py:16 <LoginPage>: Waiting for spinner
WARNING  [🔧TEST CONFIG]:conftest.py:420 [HTTP 200] GET https://api.dev.apolo.us/api/v1/config
Request Body:
<not available>
Response Body (first 1000 chars):
{"authorized": true, "orgs": [], "clusters": [], "projects": [], "admin_url": "https://api.dev.apolo.us/apis/admin/v1", "auth_url": "https://auth.dev.apolo.us/authorize", "token_url": "https://auth.dev.apolo.us/oauth/token", "logout_url": "https://auth.dev.apolo.us/v2/logout?returnTo=https://console.dev.apolo.us", "client_id": "q3I0OzzGnTDkhRmpeJ7WWgaTCucmVxTL", "audience": "https://api.dev.apolo.us", "callback_urls": ["http://127.0.0.1:54540", "http://127.0.0.1:54541", "http://127.0.0.1:54542"], "headless_callback_url": "https://api.dev.apolo.us/oauth/show-code", "success_redirect_url": "https://api.dev.apolo.us/oauth/login"}
INFO     [🎭 Playwright]:base_page.py:16 <LoginPage>: Waiting for spinner to disappear
WARNING  [🔧TEST CONFIG]:conftest.py:420 [HTTP 200] GET https://api.dev.apolo.us/apis/admin/v1/invites/incoming
Request Body:
<not available>
Response Body (first 1000 chars):
[]
WARNING  [🔧TEST CONFIG]:conftest.py:420 [HTTP 200] GET https://api.dev.apolo.us/api/v1/users/regression-48yfr6qpek/permissions?uri=blob:
Request Body:
<not available>
Response Body (first 1000 chars):
[]
WARNING  [🔧TEST CONFIG]:conftest.py:420 [HTTP 200] GET https://api.dev.apolo.us/apis/admin/v1/users/regression-48yfr6qpek?include=clusters&include=system_role
Request Body:
<not available>
Response Body (first 1000 chars):
{"name": "regression-48yfr6qpek", "email": "regression-48yfr6qpek@apolo.us", "first_name": null, "last_name": null, "created_at": "2025-09-17T01:32:15.121269+00:00", "terms_accepted": true, "clusters": []}
WARNING  [🔧TEST CONFIG]:conftest.py:420 [HTTP 200] GET https://api.dev.apolo.us/apis/admin/v1/users/regression-48yfr6qpek?include=orgs
Request Body:
<not available>
Response Body (first 1000 chars):
{"name": "regression-48yfr6qpek", "email": "regression-48yfr6qpek@apolo.us", "first_name": null, "last_name": null, "created_at": "2025-09-17T01:32:15.121269+00:00", "terms_accepted": true, "orgs": []}
INFO     [📘TEST_INFO]:reporting.py:51 ✅ STEP completed: Click Continue button
INFO     [📘TEST_INFO]:reporting.py:225 📸 Screenshot captured and attached (success): /home/runner/work/apolo-test-automation/apolo-test-automation/reports/screenshots/ui_click_continue_button_success_faacb7.png
INFO     [📘TEST_INFO]:reporting.py:37 ▶️ STEP started: Verify that Welcome new user page displayed
INFO     [🎭 Playwright]:base_page.py:16 <WelcomeNewUserPage>: Check if page loaded
INFO     [📘TEST_INFO]:reporting.py:51 ✅ STEP completed: Verify that Welcome new user page displayed
INFO     [📘TEST_INFO]:reporting.py:225 📸 Screenshot captured and attached (success): /home/runner/work/apolo-test-automation/apolo-test-automation/reports/screenshots/verify_ui_page_displayed_success_11f51c.png
INFO     [📘TEST_INFO]:reporting.py:51 ✅ STEP completed: Login via UI
INFO     [📘TEST_INFO]:reporting.py:225 📸 Screenshot captured and attached (success): /home/runner/work/apolo-test-automation/apolo-test-automation/reports/screenshots/ui_login_success_3ce4cf.png
INFO     [📘TEST_INFO]:reporting.py:37 ▶️ STEP started: Add organization via API and reload page
INFO     [🔧DATA MANAGER]:test_data.py:56 Added organization: org_name=regression-org-u9jb8pvlc0v2, gherkin_name=Default-organization
INFO     [🌐API_helper]:api_helper.py:86 POST https://api.dev.apolo.us/apis/admin/v1/orgs?skip_auto_add_to_clusters=false with data: {'name': 'regression-org-u9jb8pvlc0v2'}
INFO     [🌐API_helper]:api_helper.py:190 Add org regression-org-u9jb8pvlc0v2 response: {'name': 'regression-org-u9jb8pvlc0v2', 'balance': {'credits': '500', 'spent_credits': '0'}, 'user_default_credits': None, 'notification_intervals': {'balance_projection_seconds': [604800, 259200, 86400], 'balance_amount': [0], 'balance_depletion_seconds': [86400, 604800]}}
INFO     [📘TEST_INFO]:reporting.py:37 ▶️ STEP started: Reload page
WARNING  [🔧TEST CONFIG]:conftest.py:420 [HTTP 200] GET https://api.dev.apolo.us/api/v1/config
Request Body:
<not available>
Response Body (first 1000 chars):
{"authorized": true, "orgs": [{"name": "regression-org-u9jb8pvlc0v2", "role": "admin"}], "clusters": [{"name": "default", "registry_url": "https://registry.api.dev.apolo.us", "storage_url": "https://api.dev.apolo.us/api/v1/storage", "monitoring_url": "https://monitoring.api.dev.apolo.us/api/v1/jobs", "secrets_url": "https://api.dev.apolo.us/api/v1/secrets", "metrics_url": "https://grafana.dev.apolo.us", "disks_url": "https://api.dev.apolo.us/api/v1/disk", "buckets_url": "https://api.dev.apolo.us/api/v1/buckets", "resource_pool_types": [{"name": "a2-highgpu-1g", "min_size": 0, "max_size": 10, "cpu": 12.0, "available_cpu": 11.081, "memory": 89629032448, "available_memory": 80898240256, "disk_size": 523982073856, "available_disk_size": 364209683290, "nvidia_gpu": {"count": 1, "model": "NVIDIA-A100-SXM4-40GB", "memory": 42949672960}}, {"name": "a2-highgpu-2g", "min_size": 0, "max_size": 3, "cpu": 24.0, "available_cpu": 23.765, "memory": 179367243776, "available_memory": 168282746880, "disk
WARNING  [🔧TEST CONFIG]:conftest.py:420 [HTTP 200] GET https://api.dev.apolo.us/api/v1/users/regression-48yfr6qpek/permissions?uri=blob:
Request Body:
<not available>
Response Body (first 1000 chars):
[{"uri": "blob://default/regression-org-u9jb8pvlc0v2", "action": "manage"}]
WARNING  [🔧TEST CONFIG]:conftest.py:420 [HTTP 200] GET https://api.dev.apolo.us/apis/admin/v1/invites/incoming
Request Body:
<not available>
Response Body (first 1000 chars):
[]
WARNING  [🔧TEST CONFIG]:conftest.py:420 [HTTP 200] GET https://api.dev.apolo.us/apis/admin/v1/users/regression-48yfr6qpek?include=clusters&include=system_role
Request Body:
<not available>
Response Body (first 1000 chars):
{"name": "regression-48yfr6qpek", "email": "regression-48yfr6qpek@apolo.us", "first_name": null, "last_name": null, "created_at": "2025-09-17T01:32:15.121269+00:00", "terms_accepted": true, "clusters": [{"cluster_name": "default", "role": "admin", "org_name": "regression-org-u9jb8pvlc0v2", "balance": {"spent_credits": "0"}}]}
WARNING  [🔧TEST CONFIG]:conftest.py:420 [HTTP 200] GET https://api.dev.apolo.us/apis/admin/v1/orgs/regression-org-u9jb8pvlc0v2
Request Body:
<not available>
Response Body (first 1000 chars):
{"name": "regression-org-u9jb8pvlc0v2", "balance": {"credits": "500", "spent_credits": "0"}, "user_default_credits": null, "notification_intervals": {"balance_projection_seconds": [604800, 259200, 86400], "balance_amount": [0], "balance_depletion_seconds": [86400, 604800]}}
INFO     [🎭 Playwright]:base_page.py:16 <MainPage>: Waiting for spinner
WARNING  [🔧TEST CONFIG]:conftest.py:420 [HTTP 200] GET https://api.dev.apolo.us/apis/admin/v1/users/regression-48yfr6qpek?include=orgs
Request Body:
<not available>
Response Body (first 1000 chars):
{"name": "regression-48yfr6qpek", "email": "regression-48yfr6qpek@apolo.us", "first_name": null, "last_name": null, "created_at": "2025-09-17T01:32:15.121269+00:00", "terms_accepted": true, "orgs": [{"org_name": "regression-org-u9jb8pvlc0v2", "role": "admin", "balance": {"spent_credits": "0"}}]}
INFO     [🎭 Playwright]:base_page.py:16 <MainPage>: Timeout error for spinner
INFO     [📘TEST_INFO]:reporting.py:51 ✅ STEP completed: Reload page
INFO     [📘TEST_INFO]:reporting.py:225 📸 Screenshot captured and attached (success): /home/runner/work/apolo-test-automation/apolo-test-automation/reports/screenshots/ui_reload_page_success_971591.png
INFO     [📘TEST_INFO]:reporting.py:51 ✅ STEP completed: Add organization via API and reload page
INFO     [📘TEST_INFO]:reporting.py:225 📸 Screenshot captured and attached (success): /home/runner/work/apolo-test-automation/apolo-test-automation/reports/screenshots/ui_add_org_api_success_759279.png
INFO     [📘TEST_INFO]:reporting.py:37 ▶️ STEP started: Create first project from the top pane on main page
INFO     [📘TEST_INFO]:reporting.py:37 ▶️ STEP started: Click Project button on the top pane of the main page
INFO     [🎭 Playwright]:base_page.py:16 <MainPage>: Click create project button on the top pane
INFO     [📘TEST_INFO]:reporting.py:51 ✅ STEP completed: Click Project button on the top pane of the main page
INFO     [📘TEST_INFO]:reporting.py:225 📸 Screenshot captured and attached (success): /home/runner/work/apolo-test-automation/apolo-test-automation/reports/screenshots/ui_click_proj_button_top_pane_success_afff82.png
INFO     [📘TEST_INFO]:reporting.py:37 ▶️ STEP started: Verify No project popup displayed
INFO     [🎭 Playwright]:base_page.py:16 <NoProjectPopup>: Check if page loaded
INFO     [📘TEST_INFO]:reporting.py:51 ✅ STEP completed: Verify No project popup displayed
INFO     [📘TEST_INFO]:reporting.py:225 📸 Screenshot captured and attached (success): /home/runner/work/apolo-test-automation/apolo-test-automation/reports/screenshots/verify_ui_popup_displayed_success_429eee.png
INFO     [📘TEST_INFO]:reporting.py:37 ▶️ STEP started: Click Create new project button
INFO     [🎭 Playwright]:base_page.py:16 <NoProjectPopup>: Click create project button
INFO     [📘TEST_INFO]:reporting.py:51 ✅ STEP completed: Click Create new project button
INFO     [📘TEST_INFO]:reporting.py:225 📸 Screenshot captured and attached (success): /home/runner/work/apolo-test-automation/apolo-test-automation/reports/screenshots/ui_click_create_new_proj_button_success_edab2d.png
INFO     [📘TEST_INFO]:reporting.py:37 ▶️ STEP started: Verify Create project popup displayed
INFO     [🎭 Playwright]:base_page.py:16 <CreateProjectPopup>: Check if page loaded
INFO     [📘TEST_INFO]:reporting.py:51 ✅ STEP completed: Verify Create project popup displayed
INFO     [📘TEST_INFO]:reporting.py:225 📸 Screenshot captured and attached (success): /home/runner/work/apolo-test-automation/apolo-test-automation/reports/screenshots/verify_ui_popup_displayed_success_933be4.png
INFO     [📘TEST_INFO]:reporting.py:37 ▶️ STEP started: Enter project name
INFO     [🎭 Playwright]:base_page.py:16 <CreateProjectPopup>: Enter new project name regression-proj-3pq7rskv2i
INFO     [📘TEST_INFO]:reporting.py:51 ✅ STEP completed: Enter project name
INFO     [📘TEST_INFO]:reporting.py:225 📸 Screenshot captured and attached (success): /home/runner/work/apolo-test-automation/apolo-test-automation/reports/screenshots/ui_enter_proj_name_success_9c6e42.png
INFO     [📘TEST_INFO]:reporting.py:37 ▶️ STEP started: Select user role
INFO     [🎭 Playwright]:base_page.py:16 <CreateProjectPopup>: Select default role Reader
INFO     [📘TEST_INFO]:reporting.py:51 ✅ STEP completed: Select user role
INFO     [📘TEST_INFO]:reporting.py:225 📸 Screenshot captured and attached (success): /home/runner/work/apolo-test-automation/apolo-test-automation/reports/screenshots/ui_select_role_success_62acbb.png
INFO     [📘TEST_INFO]:reporting.py:37 ▶️ STEP started: Click Create button
INFO     [🎭 Playwright]:base_page.py:16 <CreateProjectPopup>: Click create button
WARNING  [🔧TEST CONFIG]:conftest.py:420 [HTTP 404] GET https://api.dev.apolo.us/apis/admin/v1/clusters/default/orgs/regression-org-u9jb8pvlc0v2/projects/regression-proj-3pq7rskv2i
Request Body:
<not available>
Response Body (first 1000 chars):
{"error": "Project 'regression-proj-3pq7rskv2i' not found in cluster 'default' in org 'regression-org-u9jb8pvlc0v2'"}
INFO     [📘TEST_INFO]:reporting.py:51 ✅ STEP completed: Click Create button
INFO     [📘TEST_INFO]:reporting.py:225 📸 Screenshot captured and attached (success): /home/runner/work/apolo-test-automation/apolo-test-automation/reports/screenshots/ui_click_create_button_success_760b33.png
INFO     [📘TEST_INFO]:reporting.py:37 ▶️ STEP started: Wait for Create project popup disappear
INFO     [🎭 Playwright]:base_page.py:16 <CreateProjectPopup>: Wait for Create project popup to disappear
ERROR    [📘TEST_INFO]:reporting.py:56 ❌ STEP failed: Wait for Create project popup disappear
INFO     [📘TEST_INFO]:reporting.py:225 📸 Screenshot captured and attached (fail): /home/runner/work/apolo-test-automation/apolo-test-automation/reports/screenshots/ui_wait_to_disappear_fail_5d9578.png
ERROR    [📘TEST_INFO]:reporting.py:56 ❌ STEP failed: Create first project from the top pane on main page
INFO     [📘TEST_INFO]:reporting.py:225 📸 Screenshot captured and attached (fail): /home/runner/work/apolo-test-automation/apolo-test-automation/reports/screenshots/ui_create_first_proj_from_top_pane_fail_ddc3a9.png
ERROR    [📘TEST_INFO]:reporting.py:95 ❌ TEST failed: User rename File
Exception: [AssertionError] during step: Create first project from the top pane on main page
Message: [TimeoutError] during step: Wait for Create project popup disappear
Message: Locator.wait_for: Timeout 30000ms exceeded.
Call log:
  - waiting for locator("h2").filter(has_text="Create Project") to be detached
    65 × locator resolved to visible <h2 class="p-8 text-h4">Create Project</h2>

Note: Playwright Timeout. Element not found or action took too long.
INFO     [📘TEST_INFO]:reporting.py:98 ------------------------------------------------------------
INFO     [🌐API_helper]:api_helper.py:54 GET https://api.dev.apolo.us/apis/admin/v1/orgs
INFO     [🌐API_helper]:api_helper.py:165 Status: 200. Response: [{'name': 'regression-org-u9jb8pvlc0v2', 'balance': {'credits': '500', 'spent_credits': '0'}, 'user_default_credits': None, 'notification_intervals': {'balance_projection_seconds': [604800, 259200, 86400], 'balance_amount': [0], 'balance_depletion_seconds': [86400, 604800]}}]
INFO     [🔧TEST CONFIG]:conftest.py:291 Cleaning up 1 organisations
INFO     [🌐API_helper]:api_helper.py:172 Delete organization response: <ClientResponse(https://api.dev.apolo.us/apis/admin/v1/orgs/regression-org-u9jb8pvlc0v2) [504 Gateway Timeout]>
<CIMultiDictProxy('Content-Length': '24', 'Content-Type': 'text/plain', 'Via': '1.1 google', 'Date': 'Wed, 17 Sep 2025 03:11:47 GMT', 'Alt-Svc': 'h3=":443"; ma=2592000,h3-29=":443"; ma=2592000')>

INFO     [🔧TEST CONFIG]:conftest.py:316 Removed organisation: regression-org-u9jb8pvlc0v2
INFO     [🔧TEST CONFIG]:conftest.py:321 Closing all browser sessions
INFO     [🔧TEST CONFIG]:conftest.py:327 Stopped Playwright
WARNING  [🔧TEST CONFIG]:conftest.py:337 Failed to close context: BrowserContext.close: Target page, context or browser has been closed
INFO     [🔧TEST CONFIG]:conftest.py:342 Closed browser (post-stop)
INFO     [🔧TEST CONFIG]:conftest.py:347 Browser cleanup finished