INFO     [🔧TEST CONFIG]:conftest.py:83 Loading test configuration
INFO     [🔧TEST CONFIG]:conftest.py:363 Navigating to: https://console.dev.apolo.us/
WARNING  [🔧TEST CONFIG]:conftest.py:405 [HTTP 200] GET https://api.dev.apolo.us/api/v1/config
Request Body:
<not available>
Response Body (first 1000 chars):
{"authorized": false, "auth_url": "https://auth.dev.apolo.us/authorize", "token_url": "https://auth.dev.apolo.us/oauth/token", "logout_url": "https://auth.dev.apolo.us/v2/logout?returnTo=https://console.dev.apolo.us", "client_id": "q3I0OzzGnTDkhRmpeJ7WWgaTCucmVxTL", "audience": "https://api.dev.apolo.us", "callback_urls": ["http://127.0.0.1:54540", "http://127.0.0.1:54541", "http://127.0.0.1:54542"], "headless_callback_url": "https://api.dev.apolo.us/oauth/show-code", "success_redirect_url": "https://api.dev.apolo.us/oauth/login"}
INFO     [🔧TEST CONFIG]:conftest.py:89 Creating data manager
INFO     [🔧TEST CONFIG]:conftest.py:115 Creating users manager
INFO     [🔧TEST CONFIG]:conftest.py:101 Creating API helper
INFO     [🔧TEST CONFIG]:conftest.py:109 Creating Apolo CLI instance
INFO     [🔧TEST CONFIG]:conftest.py:190 Continue using UserData(email='regression-i9cbcivv52@apolo.us', username='regression-i9cbcivv52', password='ib$NaBw3n!Qs') as main test user...
INFO     [👤UsersManager]:users_manager.py:73 Setting main user to UserData(email='regression-i9cbcivv52@apolo.us', username='regression-i9cbcivv52', password='ib$NaBw3n!Qs')
INFO     [🔧TEST CONFIG]:conftest.py:220 Continue using UserData(email='regression-rrkti6f1yh@apolo.us', username='regression-rrkti6f1yh', password='3lZ!7ZG12Rwo') as second test user...
INFO     [👤UsersManager]:users_manager.py:82 Setting second user to UserData(email='regression-rrkti6f1yh@apolo.us', username='regression-rrkti6f1yh', password='3lZ!7ZG12Rwo')
INFO     [🔧TEST CONFIG]:conftest.py:225 Continue using UserData(email='regression-s60mvjcgvm@apolo.us', username='regression-s60mvjcgvm', password='A4lrcDLnmr%o') as third test user...
INFO     [👤UsersManager]:users_manager.py:91 Setting third user to UserData(email='regression-s60mvjcgvm@apolo.us', username='regression-s60mvjcgvm', password='A4lrcDLnmr%o')
INFO     [📘TEST_INFO]:reporting.py:141 ============================================================
INFO     [📘TEST_INFO]:reporting.py:142 📁 SUITE STARTED: UI Files
INFO     [📘TEST_INFO]:reporting.py:143 ============================================================
INFO     [📘TEST_INFO]:reporting.py:86 ------------------------------------------------------------
INFO     [📘TEST_INFO]:reporting.py:87 📝 TEST started: Verify Writer can create new folder
INFO     [📘TEST_INFO]:reporting.py:88 ------------------------------------------------------------
INFO     [📘TEST_INFO]:reporting.py:37 ▶️ STEP started: Login via UI
INFO     [📘TEST_INFO]:reporting.py:37 ▶️ STEP started: Click login button
INFO     [🎭 Playwright]:base_page.py:16 <AuthPage>: Click log in button
INFO     [📘TEST_INFO]:reporting.py:51 ✅ STEP completed: Click login button
INFO     [📘TEST_INFO]:reporting.py:225 📸 Screenshot captured and attached (success): /home/runner/work/apolo-test-automation/apolo-test-automation/reports/screenshots/ui_click_login_button_success_75d271.png
INFO     [📘TEST_INFO]:reporting.py:37 ▶️ STEP started: Enter email
INFO     [🎭 Playwright]:base_page.py:16 <LoginPage>: Enter regression-i9cbcivv52@apolo.us email
INFO     [📘TEST_INFO]:reporting.py:51 ✅ STEP completed: Enter email
INFO     [📘TEST_INFO]:reporting.py:225 📸 Screenshot captured and attached (success): /home/runner/work/apolo-test-automation/apolo-test-automation/reports/screenshots/ui_enter_email_success_764ea5.png
INFO     [📘TEST_INFO]:reporting.py:37 ▶️ STEP started: Enter password
INFO     [🎭 Playwright]:base_page.py:16 <LoginPage>: Enter ********* password
INFO     [📘TEST_INFO]:reporting.py:51 ✅ STEP completed: Enter password
INFO     [📘TEST_INFO]:reporting.py:225 📸 Screenshot captured and attached (success): /home/runner/work/apolo-test-automation/apolo-test-automation/reports/screenshots/ui_enter_password_success_58fec2.png
INFO     [📘TEST_INFO]:reporting.py:37 ▶️ STEP started: Click Continue button
INFO     [🎭 Playwright]:base_page.py:16 <LoginPage>: Click continue button
INFO     [🎭 Playwright]:base_page.py:16 <LoginPage>: Waiting for spinner
WARNING  [🔧TEST CONFIG]:conftest.py:405 [HTTP 200] GET https://api.dev.apolo.us/api/v1/config
Request Body:
<not available>
Response Body (first 1000 chars):
{"authorized": true, "orgs": [], "clusters": [], "projects": [], "admin_url": "https://api.dev.apolo.us/apis/admin/v1", "auth_url": "https://auth.dev.apolo.us/authorize", "token_url": "https://auth.dev.apolo.us/oauth/token", "logout_url": "https://auth.dev.apolo.us/v2/logout?returnTo=https://console.dev.apolo.us", "client_id": "q3I0OzzGnTDkhRmpeJ7WWgaTCucmVxTL", "audience": "https://api.dev.apolo.us", "callback_urls": ["http://127.0.0.1:54540", "http://127.0.0.1:54541", "http://127.0.0.1:54542"], "headless_callback_url": "https://api.dev.apolo.us/oauth/show-code", "success_redirect_url": "https://api.dev.apolo.us/oauth/login"}
WARNING  [🔧TEST CONFIG]:conftest.py:405 [HTTP 200] GET https://api.dev.apolo.us/api/v1/users/regression-i9cbcivv52/permissions?uri=blob:
Request Body:
<not available>
Response Body (first 1000 chars):
[]
INFO     [🎭 Playwright]:base_page.py:16 <LoginPage>: Waiting for spinner to disappear
WARNING  [🔧TEST CONFIG]:conftest.py:405 [HTTP 200] GET https://api.dev.apolo.us/apis/admin/v1/users/regression-i9cbcivv52?include=orgs
Request Body:
<not available>
Response Body (first 1000 chars):
{"name": "regression-i9cbcivv52", "email": "regression-i9cbcivv52@apolo.us", "first_name": null, "last_name": null, "created_at": "2025-09-09T01:33:47.479959+00:00", "terms_accepted": true, "orgs": []}
WARNING  [🔧TEST CONFIG]:conftest.py:405 [HTTP 200] GET https://api.dev.apolo.us/apis/admin/v1/users/regression-i9cbcivv52?include=clusters&include=system_role
Request Body:
<not available>
Response Body (first 1000 chars):
{"name": "regression-i9cbcivv52", "email": "regression-i9cbcivv52@apolo.us", "first_name": null, "last_name": null, "created_at": "2025-09-09T01:33:47.479959+00:00", "terms_accepted": true, "clusters": []}
INFO     [📘TEST_INFO]:reporting.py:51 ✅ STEP completed: Click Continue button
INFO     [📘TEST_INFO]:reporting.py:225 📸 Screenshot captured and attached (success): /home/runner/work/apolo-test-automation/apolo-test-automation/reports/screenshots/ui_click_continue_button_success_65e446.png
INFO     [📘TEST_INFO]:reporting.py:37 ▶️ STEP started: Verify that Welcome new user page displayed
INFO     [🎭 Playwright]:base_page.py:16 <WelcomeNewUserPage>: Check if page loaded
INFO     [📘TEST_INFO]:reporting.py:51 ✅ STEP completed: Verify that Welcome new user page displayed
INFO     [📘TEST_INFO]:reporting.py:225 📸 Screenshot captured and attached (success): /home/runner/work/apolo-test-automation/apolo-test-automation/reports/screenshots/verify_ui_page_displayed_success_e11c85.png
INFO     [📘TEST_INFO]:reporting.py:51 ✅ STEP completed: Login via UI
INFO     [📘TEST_INFO]:reporting.py:225 📸 Screenshot captured and attached (success): /home/runner/work/apolo-test-automation/apolo-test-automation/reports/screenshots/ui_login_success_ea6af8.png
INFO     [🔧TEST CONFIG]:conftest.py:363 Navigating to: https://console.dev.apolo.us/
WARNING  [🔧TEST CONFIG]:conftest.py:405 [HTTP 200] GET https://api.dev.apolo.us/apis/admin/v1/invites/incoming
Request Body:
<not available>
Response Body (first 1000 chars):
[]
WARNING  [🔧TEST CONFIG]:conftest.py:405 [HTTP 200] GET https://api.dev.apolo.us/api/v1/config
Request Body:
<not available>
Response Body (first 1000 chars):
{"authorized": false, "auth_url": "https://auth.dev.apolo.us/authorize", "token_url": "https://auth.dev.apolo.us/oauth/token", "logout_url": "https://auth.dev.apolo.us/v2/logout?returnTo=https://console.dev.apolo.us", "client_id": "q3I0OzzGnTDkhRmpeJ7WWgaTCucmVxTL", "audience": "https://api.dev.apolo.us", "callback_urls": ["http://127.0.0.1:54540", "http://127.0.0.1:54541", "http://127.0.0.1:54542"], "headless_callback_url": "https://api.dev.apolo.us/oauth/show-code", "success_redirect_url": "https://api.dev.apolo.us/oauth/login"}
INFO     [📘TEST_INFO]:reporting.py:37 ▶️ STEP started: <<User2>> :: Get second user
INFO     [📘TEST_INFO]:reporting.py:51 ✅ STEP completed: <<User2>> :: Get second user
INFO     [📘TEST_INFO]:reporting.py:225 📸 Screenshot captured and attached (success): /home/runner/work/apolo-test-automation/apolo-test-automation/reports/screenshots/ui_get_second_user_success_ca5b7d.png
INFO     [📘TEST_INFO]:reporting.py:37 ▶️ STEP started: <<User2>> :: Login via UI
INFO     [📘TEST_INFO]:reporting.py:37 ▶️ STEP started: <<User2>> :: Click login button
INFO     [🎭 Playwright]:base_page.py:16 <AuthPage>: Click log in button
INFO     [📘TEST_INFO]:reporting.py:51 ✅ STEP completed: <<User2>> :: Click login button
INFO     [📘TEST_INFO]:reporting.py:225 📸 Screenshot captured and attached (success): /home/runner/work/apolo-test-automation/apolo-test-automation/reports/screenshots/ui_click_login_button_success_3d713e.png
INFO     [📘TEST_INFO]:reporting.py:37 ▶️ STEP started: <<User2>> :: Enter email
INFO     [🎭 Playwright]:base_page.py:16 <LoginPage>: Enter regression-rrkti6f1yh@apolo.us email
INFO     [📘TEST_INFO]:reporting.py:51 ✅ STEP completed: <<User2>> :: Enter email
INFO     [📘TEST_INFO]:reporting.py:225 📸 Screenshot captured and attached (success): /home/runner/work/apolo-test-automation/apolo-test-automation/reports/screenshots/ui_enter_email_success_d30072.png
INFO     [📘TEST_INFO]:reporting.py:37 ▶️ STEP started: <<User2>> :: Enter password
INFO     [🎭 Playwright]:base_page.py:16 <LoginPage>: Enter ********* password
INFO     [📘TEST_INFO]:reporting.py:51 ✅ STEP completed: <<User2>> :: Enter password
INFO     [📘TEST_INFO]:reporting.py:225 📸 Screenshot captured and attached (success): /home/runner/work/apolo-test-automation/apolo-test-automation/reports/screenshots/ui_enter_password_success_5b2e4d.png
INFO     [📘TEST_INFO]:reporting.py:37 ▶️ STEP started: <<User2>> :: Click Continue button
INFO     [🎭 Playwright]:base_page.py:16 <LoginPage>: Click continue button
INFO     [🎭 Playwright]:base_page.py:16 <LoginPage>: Waiting for spinner
INFO     [🎭 Playwright]:base_page.py:16 <LoginPage>: Timeout error for spinner
INFO     [📘TEST_INFO]:reporting.py:51 ✅ STEP completed: <<User2>> :: Click Continue button
INFO     [📘TEST_INFO]:reporting.py:225 📸 Screenshot captured and attached (success): /home/runner/work/apolo-test-automation/apolo-test-automation/reports/screenshots/ui_click_continue_button_success_13911b.png
INFO     [📘TEST_INFO]:reporting.py:37 ▶️ STEP started: <<User2>> :: Verify that Welcome new user page displayed
INFO     [🎭 Playwright]:base_page.py:16 <WelcomeNewUserPage>: Check if page loaded
WARNING  [🔧TEST CONFIG]:conftest.py:405 [HTTP 200] GET https://api.dev.apolo.us/api/v1/config
Request Body:
<not available>
Response Body (first 1000 chars):
{"authorized": true, "orgs": [], "clusters": [], "projects": [], "admin_url": "https://api.dev.apolo.us/apis/admin/v1", "auth_url": "https://auth.dev.apolo.us/authorize", "token_url": "https://auth.dev.apolo.us/oauth/token", "logout_url": "https://auth.dev.apolo.us/v2/logout?returnTo=https://console.dev.apolo.us", "client_id": "q3I0OzzGnTDkhRmpeJ7WWgaTCucmVxTL", "audience": "https://api.dev.apolo.us", "callback_urls": ["http://127.0.0.1:54540", "http://127.0.0.1:54541", "http://127.0.0.1:54542"], "headless_callback_url": "https://api.dev.apolo.us/oauth/show-code", "success_redirect_url": "https://api.dev.apolo.us/oauth/login"}
WARNING  [🔧TEST CONFIG]:conftest.py:405 [HTTP 200] GET https://api.dev.apolo.us/api/v1/users/regression-rrkti6f1yh/permissions?uri=blob:
Request Body:
<not available>
Response Body (first 1000 chars):
[]
WARNING  [🔧TEST CONFIG]:conftest.py:405 [HTTP 200] GET https://api.dev.apolo.us/apis/admin/v1/users/regression-rrkti6f1yh?include=clusters&include=system_role
Request Body:
<not available>
Response Body (first 1000 chars):
{"name": "regression-rrkti6f1yh", "email": "regression-rrkti6f1yh@apolo.us", "first_name": null, "last_name": null, "created_at": "2025-09-09T01:34:32.903062+00:00", "terms_accepted": true, "clusters": []}
ERROR    [📘TEST_INFO]:reporting.py:56 ❌ STEP failed: <<User2>> :: Verify that Welcome new user page displayed
WARNING  [🔧TEST CONFIG]:conftest.py:405 [HTTP 200] GET https://api.dev.apolo.us/apis/admin/v1/users/regression-rrkti6f1yh?include=orgs
Request Body:
<not available>
Response Body (first 1000 chars):
{"name": "regression-rrkti6f1yh", "email": "regression-rrkti6f1yh@apolo.us", "first_name": null, "last_name": null, "created_at": "2025-09-09T01:34:32.903062+00:00", "terms_accepted": true, "orgs": []}
WARNING  [🔧TEST CONFIG]:conftest.py:405 [HTTP 200] GET https://api.dev.apolo.us/apis/admin/v1/invites/incoming
Request Body:
<not available>
Response Body (first 1000 chars):
[]
INFO     [📘TEST_INFO]:reporting.py:225 📸 Screenshot captured and attached (fail): /home/runner/work/apolo-test-automation/apolo-test-automation/reports/screenshots/verify_ui_page_displayed_fail_6262f9.png
ERROR    [📘TEST_INFO]:reporting.py:56 ❌ STEP failed: <<User2>> :: Login via UI
INFO     [📘TEST_INFO]:reporting.py:225 📸 Screenshot captured and attached (fail): /home/runner/work/apolo-test-automation/apolo-test-automation/reports/screenshots/ui_login_fail_7f1b07.png
ERROR    [📘TEST_INFO]:reporting.py:95 ❌ TEST failed: Verify Writer can create new folder
Exception: [AssertionError] during step: <<User2>> :: Login via UI
Message: [AssertionError] during step: <<User2>> :: Verify that Welcome new user page displayed
Message: Locator expected to be visible
Actual value: <element(s) not found> 
Call log:
  - Expect "to_be_visible" with timeout 5000ms
  - waiting for locator("h3.truncate.text-h3").filter(has_text="Welcome, regression-rrkti6f1yh@apolo.us")

INFO     [📘TEST_INFO]:reporting.py:98 ------------------------------------------------------------
INFO     [🌐API_helper]:api_helper.py:44 GET https://api.dev.apolo.us/apis/admin/v1/orgs
INFO     [🌐API_helper]:api_helper.py:135 Status: 200. Response: []
INFO     [🔧TEST CONFIG]:conftest.py:276 Cleaning up 0 organisations
INFO     [🔧TEST CONFIG]:conftest.py:306 Closing all browser sessions
INFO     [🔧TEST CONFIG]:conftest.py:312 Stopped Playwright
WARNING  [🔧TEST CONFIG]:conftest.py:322 Failed to close context: BrowserContext.close: Target page, context or browser has been closed
INFO     [🔧TEST CONFIG]:conftest.py:327 Closed browser (post-stop)
INFO     [🔧TEST CONFIG]:conftest.py:312 Stopped Playwright
WARNING  [🔧TEST CONFIG]:conftest.py:322 Failed to close context: BrowserContext.close: Target page, context or browser has been closed
INFO     [🔧TEST CONFIG]:conftest.py:327 Closed browser (post-stop)
INFO     [🔧TEST CONFIG]:conftest.py:332 Browser cleanup finished
INFO     [🔧TEST CONFIG]:conftest.py:83 Loading test configuration
INFO     [🔧TEST CONFIG]:conftest.py:363 Navigating to: https://console.dev.apolo.us/
WARNING  [🔧TEST CONFIG]:conftest.py:405 [HTTP 200] GET https://api.dev.apolo.us/api/v1/config
Request Body:
<not available>
Response Body (first 1000 chars):
{"authorized": false, "auth_url": "https://auth.dev.apolo.us/authorize", "token_url": "https://auth.dev.apolo.us/oauth/token", "logout_url": "https://auth.dev.apolo.us/v2/logout?returnTo=https://console.dev.apolo.us", "client_id": "q3I0OzzGnTDkhRmpeJ7WWgaTCucmVxTL", "audience": "https://api.dev.apolo.us", "callback_urls": ["http://127.0.0.1:54540", "http://127.0.0.1:54541", "http://127.0.0.1:54542"], "headless_callback_url": "https://api.dev.apolo.us/oauth/show-code", "success_redirect_url": "https://api.dev.apolo.us/oauth/login"}
INFO     [🔧TEST CONFIG]:conftest.py:89 Creating data manager
INFO     [🔧TEST CONFIG]:conftest.py:115 Creating users manager
INFO     [🔧TEST CONFIG]:conftest.py:101 Creating API helper
INFO     [🔧TEST CONFIG]:conftest.py:109 Creating Apolo CLI instance
INFO     [🔧TEST CONFIG]:conftest.py:190 Continue using UserData(email='regression-i9cbcivv52@apolo.us', username='regression-i9cbcivv52', password='ib$NaBw3n!Qs') as main test user...
INFO     [👤UsersManager]:users_manager.py:73 Setting main user to UserData(email='regression-i9cbcivv52@apolo.us', username='regression-i9cbcivv52', password='ib$NaBw3n!Qs')
INFO     [🔧TEST CONFIG]:conftest.py:220 Continue using UserData(email='regression-rrkti6f1yh@apolo.us', username='regression-rrkti6f1yh', password='3lZ!7ZG12Rwo') as second test user...
INFO     [👤UsersManager]:users_manager.py:82 Setting second user to UserData(email='regression-rrkti6f1yh@apolo.us', username='regression-rrkti6f1yh', password='3lZ!7ZG12Rwo')
INFO     [🔧TEST CONFIG]:conftest.py:225 Continue using UserData(email='regression-s60mvjcgvm@apolo.us', username='regression-s60mvjcgvm', password='A4lrcDLnmr%o') as third test user...
INFO     [👤UsersManager]:users_manager.py:91 Setting third user to UserData(email='regression-s60mvjcgvm@apolo.us', username='regression-s60mvjcgvm', password='A4lrcDLnmr%o')
INFO     [📘TEST_INFO]:reporting.py:86 ------------------------------------------------------------
INFO     [📘TEST_INFO]:reporting.py:87 📝 TEST started: Verify Writer can create new folder
INFO     [📘TEST_INFO]:reporting.py:88 ------------------------------------------------------------
INFO     [📘TEST_INFO]:reporting.py:37 ▶️ STEP started: Login via UI
INFO     [📘TEST_INFO]:reporting.py:37 ▶️ STEP started: Click login button
INFO     [🎭 Playwright]:base_page.py:16 <AuthPage>: Click log in button
INFO     [📘TEST_INFO]:reporting.py:51 ✅ STEP completed: Click login button
INFO     [📘TEST_INFO]:reporting.py:225 📸 Screenshot captured and attached (success): /home/runner/work/apolo-test-automation/apolo-test-automation/reports/screenshots/ui_click_login_button_success_68811e.png
INFO     [📘TEST_INFO]:reporting.py:37 ▶️ STEP started: Enter email
INFO     [🎭 Playwright]:base_page.py:16 <LoginPage>: Enter regression-i9cbcivv52@apolo.us email
INFO     [📘TEST_INFO]:reporting.py:51 ✅ STEP completed: Enter email
INFO     [📘TEST_INFO]:reporting.py:225 📸 Screenshot captured and attached (success): /home/runner/work/apolo-test-automation/apolo-test-automation/reports/screenshots/ui_enter_email_success_4a7890.png
INFO     [📘TEST_INFO]:reporting.py:37 ▶️ STEP started: Enter password
INFO     [🎭 Playwright]:base_page.py:16 <LoginPage>: Enter ********* password
INFO     [📘TEST_INFO]:reporting.py:51 ✅ STEP completed: Enter password
INFO     [📘TEST_INFO]:reporting.py:225 📸 Screenshot captured and attached (success): /home/runner/work/apolo-test-automation/apolo-test-automation/reports/screenshots/ui_enter_password_success_bb30ef.png
INFO     [📘TEST_INFO]:reporting.py:37 ▶️ STEP started: Click Continue button
INFO     [🎭 Playwright]:base_page.py:16 <LoginPage>: Click continue button
WARNING  [🔧TEST CONFIG]:conftest.py:405 [HTTP 200] GET https://api.dev.apolo.us/api/v1/config
Request Body:
<not available>
Response Body (first 1000 chars):
{"authorized": true, "orgs": [], "clusters": [], "projects": [], "admin_url": "https://api.dev.apolo.us/apis/admin/v1", "auth_url": "https://auth.dev.apolo.us/authorize", "token_url": "https://auth.dev.apolo.us/oauth/token", "logout_url": "https://auth.dev.apolo.us/v2/logout?returnTo=https://console.dev.apolo.us", "client_id": "q3I0OzzGnTDkhRmpeJ7WWgaTCucmVxTL", "audience": "https://api.dev.apolo.us", "callback_urls": ["http://127.0.0.1:54540", "http://127.0.0.1:54541", "http://127.0.0.1:54542"], "headless_callback_url": "https://api.dev.apolo.us/oauth/show-code", "success_redirect_url": "https://api.dev.apolo.us/oauth/login"}
WARNING  [🔧TEST CONFIG]:conftest.py:405 [HTTP 200] GET https://api.dev.apolo.us/api/v1/users/regression-i9cbcivv52/permissions?uri=blob:
Request Body:
<not available>
Response Body (first 1000 chars):
[]
WARNING  [🔧TEST CONFIG]:conftest.py:405 [HTTP 200] GET https://api.dev.apolo.us/apis/admin/v1/users/regression-i9cbcivv52?include=clusters&include=system_role
Request Body:
<not available>
Response Body (first 1000 chars):
{"name": "regression-i9cbcivv52", "email": "regression-i9cbcivv52@apolo.us", "first_name": null, "last_name": null, "created_at": "2025-09-09T01:33:47.479959+00:00", "terms_accepted": true, "clusters": []}
INFO     [🎭 Playwright]:base_page.py:16 <LoginPage>: Waiting for spinner
INFO     [🎭 Playwright]:base_page.py:16 <LoginPage>: Waiting for spinner to disappear
WARNING  [🔧TEST CONFIG]:conftest.py:405 [HTTP 200] GET https://api.dev.apolo.us/apis/admin/v1/users/regression-i9cbcivv52?include=orgs
Request Body:
<not available>
Response Body (first 1000 chars):
{"name": "regression-i9cbcivv52", "email": "regression-i9cbcivv52@apolo.us", "first_name": null, "last_name": null, "created_at": "2025-09-09T01:33:47.479959+00:00", "terms_accepted": true, "orgs": []}
INFO     [📘TEST_INFO]:reporting.py:51 ✅ STEP completed: Click Continue button
WARNING  [🔧TEST CONFIG]:conftest.py:405 [HTTP 200] GET https://api.dev.apolo.us/apis/admin/v1/invites/incoming
Request Body:
<not available>
Response Body (first 1000 chars):
[]
INFO     [📘TEST_INFO]:reporting.py:225 📸 Screenshot captured and attached (success): /home/runner/work/apolo-test-automation/apolo-test-automation/reports/screenshots/ui_click_continue_button_success_b471d9.png
INFO     [📘TEST_INFO]:reporting.py:37 ▶️ STEP started: Verify that Welcome new user page displayed
INFO     [🎭 Playwright]:base_page.py:16 <WelcomeNewUserPage>: Check if page loaded
INFO     [📘TEST_INFO]:reporting.py:51 ✅ STEP completed: Verify that Welcome new user page displayed
INFO     [📘TEST_INFO]:reporting.py:225 📸 Screenshot captured and attached (success): /home/runner/work/apolo-test-automation/apolo-test-automation/reports/screenshots/verify_ui_page_displayed_success_0554ec.png
INFO     [📘TEST_INFO]:reporting.py:51 ✅ STEP completed: Login via UI
INFO     [📘TEST_INFO]:reporting.py:225 📸 Screenshot captured and attached (success): /home/runner/work/apolo-test-automation/apolo-test-automation/reports/screenshots/ui_login_success_1dbe78.png
INFO     [🔧TEST CONFIG]:conftest.py:363 Navigating to: https://console.dev.apolo.us/
WARNING  [🔧TEST CONFIG]:conftest.py:405 [HTTP 200] GET https://api.dev.apolo.us/api/v1/config
Request Body:
<not available>
Response Body (first 1000 chars):
{"authorized": false, "auth_url": "https://auth.dev.apolo.us/authorize", "token_url": "https://auth.dev.apolo.us/oauth/token", "logout_url": "https://auth.dev.apolo.us/v2/logout?returnTo=https://console.dev.apolo.us", "client_id": "q3I0OzzGnTDkhRmpeJ7WWgaTCucmVxTL", "audience": "https://api.dev.apolo.us", "callback_urls": ["http://127.0.0.1:54540", "http://127.0.0.1:54541", "http://127.0.0.1:54542"], "headless_callback_url": "https://api.dev.apolo.us/oauth/show-code", "success_redirect_url": "https://api.dev.apolo.us/oauth/login"}
INFO     [📘TEST_INFO]:reporting.py:37 ▶️ STEP started: <<User2>> :: Get second user
INFO     [📘TEST_INFO]:reporting.py:51 ✅ STEP completed: <<User2>> :: Get second user
INFO     [📘TEST_INFO]:reporting.py:225 📸 Screenshot captured and attached (success): /home/runner/work/apolo-test-automation/apolo-test-automation/reports/screenshots/ui_get_second_user_success_4a266b.png
INFO     [📘TEST_INFO]:reporting.py:37 ▶️ STEP started: <<User2>> :: Login via UI
INFO     [📘TEST_INFO]:reporting.py:37 ▶️ STEP started: <<User2>> :: Click login button
INFO     [🎭 Playwright]:base_page.py:16 <AuthPage>: Click log in button
INFO     [📘TEST_INFO]:reporting.py:51 ✅ STEP completed: <<User2>> :: Click login button
INFO     [📘TEST_INFO]:reporting.py:225 📸 Screenshot captured and attached (success): /home/runner/work/apolo-test-automation/apolo-test-automation/reports/screenshots/ui_click_login_button_success_9e2200.png
INFO     [📘TEST_INFO]:reporting.py:37 ▶️ STEP started: <<User2>> :: Enter email
INFO     [🎭 Playwright]:base_page.py:16 <LoginPage>: Enter regression-rrkti6f1yh@apolo.us email
INFO     [📘TEST_INFO]:reporting.py:51 ✅ STEP completed: <<User2>> :: Enter email
INFO     [📘TEST_INFO]:reporting.py:225 📸 Screenshot captured and attached (success): /home/runner/work/apolo-test-automation/apolo-test-automation/reports/screenshots/ui_enter_email_success_c50d3e.png
INFO     [📘TEST_INFO]:reporting.py:37 ▶️ STEP started: <<User2>> :: Enter password
INFO     [🎭 Playwright]:base_page.py:16 <LoginPage>: Enter ********* password
INFO     [📘TEST_INFO]:reporting.py:51 ✅ STEP completed: <<User2>> :: Enter password
INFO     [📘TEST_INFO]:reporting.py:225 📸 Screenshot captured and attached (success): /home/runner/work/apolo-test-automation/apolo-test-automation/reports/screenshots/ui_enter_password_success_bb7469.png
INFO     [📘TEST_INFO]:reporting.py:37 ▶️ STEP started: <<User2>> :: Click Continue button
INFO     [🎭 Playwright]:base_page.py:16 <LoginPage>: Click continue button
WARNING  [🔧TEST CONFIG]:conftest.py:405 [HTTP 200] GET https://api.dev.apolo.us/api/v1/config
Request Body:
<not available>
Response Body (first 1000 chars):
{"authorized": true, "orgs": [], "clusters": [], "projects": [], "admin_url": "https://api.dev.apolo.us/apis/admin/v1", "auth_url": "https://auth.dev.apolo.us/authorize", "token_url": "https://auth.dev.apolo.us/oauth/token", "logout_url": "https://auth.dev.apolo.us/v2/logout?returnTo=https://console.dev.apolo.us", "client_id": "q3I0OzzGnTDkhRmpeJ7WWgaTCucmVxTL", "audience": "https://api.dev.apolo.us", "callback_urls": ["http://127.0.0.1:54540", "http://127.0.0.1:54541", "http://127.0.0.1:54542"], "headless_callback_url": "https://api.dev.apolo.us/oauth/show-code", "success_redirect_url": "https://api.dev.apolo.us/oauth/login"}
WARNING  [🔧TEST CONFIG]:conftest.py:405 [HTTP 200] GET https://api.dev.apolo.us/api/v1/users/regression-rrkti6f1yh/permissions?uri=blob:
Request Body:
<not available>
Response Body (first 1000 chars):
[]
WARNING  [🔧TEST CONFIG]:conftest.py:405 [HTTP 200] GET https://api.dev.apolo.us/apis/admin/v1/users/regression-rrkti6f1yh?include=orgs
Request Body:
<not available>
Response Body (first 1000 chars):
{"name": "regression-rrkti6f1yh", "email": "regression-rrkti6f1yh@apolo.us", "first_name": null, "last_name": null, "created_at": "2025-09-09T01:34:32.903062+00:00", "terms_accepted": true, "orgs": []}
WARNING  [🔧TEST CONFIG]:conftest.py:405 [HTTP 200] GET https://api.dev.apolo.us/apis/admin/v1/invites/incoming
Request Body:
<not available>
Response Body (first 1000 chars):
[]
INFO     [🎭 Playwright]:base_page.py:16 <LoginPage>: Waiting for spinner
WARNING  [🔧TEST CONFIG]:conftest.py:405 [HTTP 200] GET https://api.dev.apolo.us/apis/admin/v1/users/regression-rrkti6f1yh?include=clusters&include=system_role
Request Body:
<not available>
Response Body (first 1000 chars):
{"name": "regression-rrkti6f1yh", "email": "regression-rrkti6f1yh@apolo.us", "first_name": null, "last_name": null, "created_at": "2025-09-09T01:34:32.903062+00:00", "terms_accepted": true, "clusters": []}
INFO     [🎭 Playwright]:base_page.py:16 <LoginPage>: Timeout error for spinner
INFO     [📘TEST_INFO]:reporting.py:51 ✅ STEP completed: <<User2>> :: Click Continue button
INFO     [📘TEST_INFO]:reporting.py:225 📸 Screenshot captured and attached (success): /home/runner/work/apolo-test-automation/apolo-test-automation/reports/screenshots/ui_click_continue_button_success_6452f7.png
INFO     [📘TEST_INFO]:reporting.py:37 ▶️ STEP started: <<User2>> :: Verify that Welcome new user page displayed
INFO     [🎭 Playwright]:base_page.py:16 <WelcomeNewUserPage>: Check if page loaded
INFO     [📘TEST_INFO]:reporting.py:51 ✅ STEP completed: <<User2>> :: Verify that Welcome new user page displayed
INFO     [📘TEST_INFO]:reporting.py:225 📸 Screenshot captured and attached (success): /home/runner/work/apolo-test-automation/apolo-test-automation/reports/screenshots/verify_ui_page_displayed_success_1b99ac.png
INFO     [📘TEST_INFO]:reporting.py:51 ✅ STEP completed: <<User2>> :: Login via UI
INFO     [📘TEST_INFO]:reporting.py:225 📸 Screenshot captured and attached (success): /home/runner/work/apolo-test-automation/apolo-test-automation/reports/screenshots/ui_login_success_9a9bca.png
INFO     [📘TEST_INFO]:reporting.py:37 ▶️ STEP started: Add organization via API and reload page
INFO     [🔧DATA MANAGER]:test_data.py:48 Added organization: org_name=regression-org-di5nw6ihjsg6, gherkin_name=Default-organization
INFO     [🌐API_helper]:api_helper.py:160 Add org regression-org-di5nw6ihjsg6 response: <ClientResponse(https://api.dev.apolo.us/apis/admin/v1/orgs?skip_auto_add_to_clusters=false) [201 Created]>
<CIMultiDictProxy('Access-Control-Allow-Credentials': 'true', 'Content-Length': '274', 'Content-Type': 'application/json; charset=utf-8', 'Date': 'Tue, 09 Sep 2025 02:03:09 GMT', 'Server': 'Python/3.13 aiohttp/3.12.15', 'Vary': 'Origin', 'x-service-version': 'platform-admin/0.0.0.post1.dev0+6d79a26', 'Via': '1.1 google', 'Alt-Svc': 'h3=":443"; ma=2592000,h3-29=":443"; ma=2592000')>

INFO     [📘TEST_INFO]:reporting.py:37 ▶️ STEP started: Reload page
WARNING  [🔧TEST CONFIG]:conftest.py:405 [HTTP 200] GET https://api.dev.apolo.us/api/v1/config
Request Body:
<not available>
Response Body (first 1000 chars):
{"authorized": true, "orgs": [{"name": "regression-org-di5nw6ihjsg6", "role": "admin"}], "clusters": [{"name": "default", "registry_url": "https://registry.api.dev.apolo.us", "storage_url": "https://api.dev.apolo.us/api/v1/storage", "monitoring_url": "https://monitoring.api.dev.apolo.us/api/v1/jobs", "secrets_url": "https://api.dev.apolo.us/api/v1/secrets", "metrics_url": "https://grafana.dev.apolo.us", "disks_url": "https://api.dev.apolo.us/api/v1/disk", "buckets_url": "https://api.dev.apolo.us/api/v1/buckets", "resource_pool_types": [{"name": "default", "min_size": 1, "max_size": 20, "cpu": 4, "available_cpu": 3.3, "memory": 16106127360, "available_memory": 11813676647, "disk_size": 161061273600, "available_disk_size": 150000000000}, {"name": "g2-standard-4", "min_size": 0, "max_size": 10, "cpu": 4, "available_cpu": 3, "memory": 17179869184, "available_memory": 16106127360, "disk_size": 322122547200, "available_disk_size": 150000000000, "nvidia_gpu": 1, "nvidia_gpu_model": "nvidia-l4
WARNING  [🔧TEST CONFIG]:conftest.py:405 [HTTP 200] GET https://api.dev.apolo.us/api/v1/users/regression-i9cbcivv52/permissions?uri=blob:
Request Body:
<not available>
Response Body (first 1000 chars):
[{"uri": "blob://default/regression-org-di5nw6ihjsg6", "action": "manage"}]
WARNING  [🔧TEST CONFIG]:conftest.py:405 [HTTP 200] GET https://api.dev.apolo.us/apis/admin/v1/invites/incoming
Request Body:
<not available>
Response Body (first 1000 chars):
[]
WARNING  [🔧TEST CONFIG]:conftest.py:405 [HTTP 200] GET https://api.dev.apolo.us/apis/admin/v1/orgs/regression-org-di5nw6ihjsg6
Request Body:
<not available>
Response Body (first 1000 chars):
{"name": "regression-org-di5nw6ihjsg6", "balance": {"credits": "500", "spent_credits": "0"}, "user_default_credits": null, "notification_intervals": {"balance_projection_seconds": [604800, 259200, 86400], "balance_amount": [0], "balance_depletion_seconds": [86400, 604800]}}
WARNING  [🔧TEST CONFIG]:conftest.py:405 [HTTP 200] GET https://api.dev.apolo.us/apis/admin/v1/users/regression-i9cbcivv52?include=orgs
Request Body:
<not available>
Response Body (first 1000 chars):
{"name": "regression-i9cbcivv52", "email": "regression-i9cbcivv52@apolo.us", "first_name": null, "last_name": null, "created_at": "2025-09-09T01:33:47.479959+00:00", "terms_accepted": true, "orgs": [{"org_name": "regression-org-di5nw6ihjsg6", "role": "admin", "balance": {"spent_credits": "0"}}]}
INFO     [🎭 Playwright]:base_page.py:16 <MainPage>: Waiting for spinner
INFO     [🎭 Playwright]:base_page.py:16 <MainPage>: Waiting for spinner to disappear
WARNING  [🔧TEST CONFIG]:conftest.py:405 [HTTP 200] GET https://api.dev.apolo.us/apis/admin/v1/users/regression-i9cbcivv52?include=clusters&include=system_role
Request Body:
<not available>
Response Body (first 1000 chars):
{"name": "regression-i9cbcivv52", "email": "regression-i9cbcivv52@apolo.us", "first_name": null, "last_name": null, "created_at": "2025-09-09T01:33:47.479959+00:00", "terms_accepted": true, "clusters": [{"cluster_name": "default", "role": "admin", "org_name": "regression-org-di5nw6ihjsg6", "balance": {"spent_credits": "0"}}]}
INFO     [📘TEST_INFO]:reporting.py:51 ✅ STEP completed: Reload page
INFO     [📘TEST_INFO]:reporting.py:225 📸 Screenshot captured and attached (success): /home/runner/work/apolo-test-automation/apolo-test-automation/reports/screenshots/ui_reload_page_success_38e0e6.png
INFO     [📘TEST_INFO]:reporting.py:51 ✅ STEP completed: Add organization via API and reload page
INFO     [📘TEST_INFO]:reporting.py:225 📸 Screenshot captured and attached (success): /home/runner/work/apolo-test-automation/apolo-test-automation/reports/screenshots/ui_add_org_api_success_0cead0.png
INFO     [📘TEST_INFO]:reporting.py:37 ▶️ STEP started: <<User2>> :: Click the let's do it button on Welcome page
INFO     [🎭 Playwright]:base_page.py:16 <WelcomeNewUserPage>: Click lets do it button
INFO     [📘TEST_INFO]:reporting.py:51 ✅ STEP completed: <<User2>> :: Click the let's do it button on Welcome page
INFO     [📘TEST_INFO]:reporting.py:225 📸 Screenshot captured and attached (success): /home/runner/work/apolo-test-automation/apolo-test-automation/reports/screenshots/ui_click_lets_do_it_button_success_0d65c0.png
INFO     [📘TEST_INFO]:reporting.py:37 ▶️ STEP started: Add user to organization via API and reload page
INFO     [🌐API_helper]:api_helper.py:152 Add user regression-rrkti6f1yh to org response: <ClientResponse(https://api.dev.apolo.us/apis/admin/v1/orgs/regression-org-di5nw6ihjsg6/users?with_user_info=false) [201 Created]>
<CIMultiDictProxy('Access-Control-Allow-Credentials': 'true', 'Content-Length': '89', 'Content-Type': 'application/json; charset=utf-8', 'Date': 'Tue, 09 Sep 2025 02:03:12 GMT', 'Server': 'Python/3.13 aiohttp/3.12.15', 'Vary': 'Origin', 'x-service-version': 'platform-admin/0.0.0.post1.dev0+6d79a26', 'Via': '1.1 google', 'Alt-Svc': 'h3=":443"; ma=2592000,h3-29=":443"; ma=2592000')>

INFO     [📘TEST_INFO]:reporting.py:37 ▶️ STEP started: Reload page
WARNING  [🔧TEST CONFIG]:conftest.py:405 [HTTP 200] GET https://api.dev.apolo.us/api/v1/config
Request Body:
<not available>
Response Body (first 1000 chars):
{"authorized": true, "orgs": [{"name": "regression-org-di5nw6ihjsg6", "role": "admin"}], "clusters": [{"name": "default", "registry_url": "https://registry.api.dev.apolo.us", "storage_url": "https://api.dev.apolo.us/api/v1/storage", "monitoring_url": "https://monitoring.api.dev.apolo.us/api/v1/jobs", "secrets_url": "https://api.dev.apolo.us/api/v1/secrets", "metrics_url": "https://grafana.dev.apolo.us", "disks_url": "https://api.dev.apolo.us/api/v1/disk", "buckets_url": "https://api.dev.apolo.us/api/v1/buckets", "resource_pool_types": [{"name": "default", "min_size": 1, "max_size": 20, "cpu": 4, "available_cpu": 3.3, "memory": 16106127360, "available_memory": 11813676647, "disk_size": 161061273600, "available_disk_size": 150000000000}, {"name": "g2-standard-4", "min_size": 0, "max_size": 10, "cpu": 4, "available_cpu": 3, "memory": 17179869184, "available_memory": 16106127360, "disk_size": 322122547200, "available_disk_size": 150000000000, "nvidia_gpu": 1, "nvidia_gpu_model": "nvidia-l4
WARNING  [🔧TEST CONFIG]:conftest.py:405 [HTTP 200] GET https://api.dev.apolo.us/api/v1/users/regression-i9cbcivv52/permissions?uri=blob:
Request Body:
<not available>
Response Body (first 1000 chars):
[{"uri": "blob://default/regression-org-di5nw6ihjsg6", "action": "manage"}]
WARNING  [🔧TEST CONFIG]:conftest.py:405 [HTTP 200] GET https://api.dev.apolo.us/apis/admin/v1/invites/incoming
Request Body:
<not available>
Response Body (first 1000 chars):
[]
WARNING  [🔧TEST CONFIG]:conftest.py:405 [HTTP 200] GET https://api.dev.apolo.us/apis/admin/v1/users/regression-i9cbcivv52?include=orgs
Request Body:
<not available>
Response Body (first 1000 chars):
{"name": "regression-i9cbcivv52", "email": "regression-i9cbcivv52@apolo.us", "first_name": null, "last_name": null, "created_at": "2025-09-09T01:33:47.479959+00:00", "terms_accepted": true, "orgs": [{"org_name": "regression-org-di5nw6ihjsg6", "role": "admin", "balance": {"spent_credits": "0"}}]}
WARNING  [🔧TEST CONFIG]:conftest.py:405 [HTTP 200] GET https://api.dev.apolo.us/apis/admin/v1/orgs/regression-org-di5nw6ihjsg6
Request Body:
<not available>
Response Body (first 1000 chars):
{"name": "regression-org-di5nw6ihjsg6", "balance": {"credits": "500", "spent_credits": "0"}, "user_default_credits": null, "notification_intervals": {"balance_projection_seconds": [604800, 259200, 86400], "balance_amount": [0], "balance_depletion_seconds": [86400, 604800]}}
WARNING  [🔧TEST CONFIG]:conftest.py:405 [HTTP 200] GET https://api.dev.apolo.us/apis/admin/v1/users/regression-i9cbcivv52?include=clusters&include=system_role
Request Body:
<not available>
Response Body (first 1000 chars):
{"name": "regression-i9cbcivv52", "email": "regression-i9cbcivv52@apolo.us", "first_name": null, "last_name": null, "created_at": "2025-09-09T01:33:47.479959+00:00", "terms_accepted": true, "clusters": [{"cluster_name": "default", "role": "admin", "org_name": "regression-org-di5nw6ihjsg6", "balance": {"spent_credits": "0"}}]}
INFO     [🎭 Playwright]:base_page.py:16 <MainPage>: Waiting for spinner
INFO     [🎭 Playwright]:base_page.py:16 <MainPage>: Timeout error for spinner
INFO     [📘TEST_INFO]:reporting.py:51 ✅ STEP completed: Reload page
INFO     [📘TEST_INFO]:reporting.py:225 📸 Screenshot captured and attached (success): /home/runner/work/apolo-test-automation/apolo-test-automation/reports/screenshots/ui_reload_page_success_88a5ca.png
INFO     [📘TEST_INFO]:reporting.py:37 ▶️ STEP started: Click User Organization settings button
INFO     [🎭 Playwright]:base_page.py:16 <MainPage>: Click organization settings button
INFO     [📘TEST_INFO]:reporting.py:51 ✅ STEP completed: Click User Organization settings button
INFO     [📘TEST_INFO]:reporting.py:225 📸 Screenshot captured and attached (success): /home/runner/work/apolo-test-automation/apolo-test-automation/reports/screenshots/ui_click_organization_settings_button_success_225881.png
INFO     [📘TEST_INFO]:reporting.py:37 ▶️ STEP started: Verify that Organization settings pop up displayed
INFO     [🎭 Playwright]:base_page.py:16 <OrganizationSettingsPopup>: Check if page loaded
INFO     [📘TEST_INFO]:reporting.py:51 ✅ STEP completed: Verify that Organization settings pop up displayed
INFO     [📘TEST_INFO]:reporting.py:225 📸 Screenshot captured and attached (success): /home/runner/work/apolo-test-automation/apolo-test-automation/reports/screenshots/verify_ui_popup_displayed_success_5471da.png
INFO     [📘TEST_INFO]:reporting.py:37 ▶️ STEP started: Click People button
INFO     [🎭 Playwright]:base_page.py:16 <OrganizationSettingsPopup>: Click People button
INFO     [🎭 Playwright]:base_page.py:16 <OrganizationSettingsPopup>: Waiting for spinner
INFO     [🎭 Playwright]:base_page.py:16 <OrganizationSettingsPopup>: Waiting for spinner to disappear
WARNING  [🔧TEST CONFIG]:conftest.py:405 [HTTP 200] GET https://api.dev.apolo.us/apis/admin/v1/orgs/regression-org-di5nw6ihjsg6/users?with_user_info=true
Request Body:
<not available>
Response Body (first 1000 chars):
[{"user_name": "regression-i9cbcivv52", "role": "admin", "balance": {"spent_credits": "0"}, "user_info": {"email": "regression-i9cbcivv52@apolo.us", "first_name": null, "last_name": null, "created_at": "2025-09-09T01:33:47.479959+00:00"}}, {"user_name": "regression-rrkti6f1yh", "role": "user", "balance": {"spent_credits": "0"}, "user_info": {"email": "regression-rrkti6f1yh@apolo.us", "first_name": null, "last_name": null, "created_at": "2025-09-09T01:34:32.903062+00:00"}}]
WARNING  [🔧TEST CONFIG]:conftest.py:405 [HTTP 200] GET https://api.dev.apolo.us/apis/admin/v1/orgs/regression-org-di5nw6ihjsg6/users/regression-i9cbcivv52
Request Body:
<not available>
Response Body (first 1000 chars):
{"user_name": "regression-i9cbcivv52", "role": "admin", "balance": {"spent_credits": "0"}}
WARNING  [🔧TEST CONFIG]:conftest.py:405 [HTTP 200] GET https://api.dev.apolo.us/apis/admin/v1/invites
Request Body:
<not available>
Response Body (first 1000 chars):
[]
INFO     [📘TEST_INFO]:reporting.py:51 ✅ STEP completed: Click People button
INFO     [📘TEST_INFO]:reporting.py:225 📸 Screenshot captured and attached (success): /home/runner/work/apolo-test-automation/apolo-test-automation/reports/screenshots/ui_click_people_button_success_63d27a.png
INFO     [📘TEST_INFO]:reporting.py:37 ▶️ STEP started: Verify that Organization people page displayed
INFO     [🎭 Playwright]:base_page.py:16 <OrganizationPeoplePage>: Check if page loaded
INFO     [📘TEST_INFO]:reporting.py:51 ✅ STEP completed: Verify that Organization people page displayed
INFO     [📘TEST_INFO]:reporting.py:225 📸 Screenshot captured and attached (success): /home/runner/work/apolo-test-automation/apolo-test-automation/reports/screenshots/verify_ui_page_displayed_success_8ee84e.png
INFO     [📘TEST_INFO]:reporting.py:51 ✅ STEP completed: Add user to organization via API and reload page
INFO     [📘TEST_INFO]:reporting.py:225 📸 Screenshot captured and attached (success): /home/runner/work/apolo-test-automation/apolo-test-automation/reports/screenshots/ui_add_user_to_org_api_success_85c36f.png
INFO     [📘TEST_INFO]:reporting.py:37 ▶️ STEP started: <<User2>> :: Reload page
WARNING  [🔧TEST CONFIG]:conftest.py:405 [HTTP 200] GET https://api.dev.apolo.us/api/v1/config
Request Body:
<not available>
Response Body (first 1000 chars):
{"authorized": true, "orgs": [{"name": "regression-org-di5nw6ihjsg6", "role": "user"}], "clusters": [{"name": "default", "registry_url": "https://registry.api.dev.apolo.us", "storage_url": "https://api.dev.apolo.us/api/v1/storage", "monitoring_url": "https://monitoring.api.dev.apolo.us/api/v1/jobs", "secrets_url": "https://api.dev.apolo.us/api/v1/secrets", "metrics_url": "https://grafana.dev.apolo.us", "disks_url": "https://api.dev.apolo.us/api/v1/disk", "buckets_url": "https://api.dev.apolo.us/api/v1/buckets", "resource_pool_types": [{"name": "default", "min_size": 1, "max_size": 20, "cpu": 4, "available_cpu": 3.3, "memory": 16106127360, "available_memory": 11813676647, "disk_size": 161061273600, "available_disk_size": 150000000000}, {"name": "g2-standard-4", "min_size": 0, "max_size": 10, "cpu": 4, "available_cpu": 3, "memory": 17179869184, "available_memory": 16106127360, "disk_size": 322122547200, "available_disk_size": 150000000000, "nvidia_gpu": 1, "nvidia_gpu_model": "nvidia-l4"
WARNING  [🔧TEST CONFIG]:conftest.py:405 [HTTP 200] GET https://api.dev.apolo.us/api/v1/users/regression-rrkti6f1yh/permissions?uri=blob:
Request Body:
<not available>
Response Body (first 1000 chars):
[]
WARNING  [🔧TEST CONFIG]:conftest.py:405 [HTTP 200] GET https://api.dev.apolo.us/apis/admin/v1/invites/incoming
Request Body:
<not available>
Response Body (first 1000 chars):
[]
WARNING  [🔧TEST CONFIG]:conftest.py:405 [HTTP 200] GET https://api.dev.apolo.us/apis/admin/v1/users/regression-rrkti6f1yh?include=orgs
Request Body:
<not available>
Response Body (first 1000 chars):
{"name": "regression-rrkti6f1yh", "email": "regression-rrkti6f1yh@apolo.us", "first_name": null, "last_name": null, "created_at": "2025-09-09T01:34:32.903062+00:00", "terms_accepted": true, "orgs": [{"org_name": "regression-org-di5nw6ihjsg6", "role": "user", "balance": {"spent_credits": "0"}}]}
WARNING  [🔧TEST CONFIG]:conftest.py:405 [HTTP 200] GET https://api.dev.apolo.us/apis/admin/v1/orgs/regression-org-di5nw6ihjsg6
Request Body:
<not available>
Response Body (first 1000 chars):
{"name": "regression-org-di5nw6ihjsg6", "balance": {"credits": "500", "spent_credits": "0"}, "user_default_credits": null, "notification_intervals": {"balance_projection_seconds": [604800, 259200, 86400], "balance_amount": [0], "balance_depletion_seconds": [86400, 604800]}}
WARNING  [🔧TEST CONFIG]:conftest.py:405 [HTTP 200] GET https://api.dev.apolo.us/apis/admin/v1/users/regression-rrkti6f1yh?include=clusters&include=system_role
Request Body:
<not available>
Response Body (first 1000 chars):
{"name": "regression-rrkti6f1yh", "email": "regression-rrkti6f1yh@apolo.us", "first_name": null, "last_name": null, "created_at": "2025-09-09T01:34:32.903062+00:00", "terms_accepted": true, "clusters": [{"cluster_name": "default", "role": "user", "org_name": "regression-org-di5nw6ihjsg6", "balance": {"spent_credits": "0"}}]}
INFO     [🎭 Playwright]:base_page.py:16 <MainPage>: Waiting for spinner
INFO     [🎭 Playwright]:base_page.py:16 <MainPage>: Timeout error for spinner
INFO     [📘TEST_INFO]:reporting.py:51 ✅ STEP completed: <<User2>> :: Reload page
INFO     [📘TEST_INFO]:reporting.py:225 📸 Screenshot captured and attached (success): /home/runner/work/apolo-test-automation/apolo-test-automation/reports/screenshots/ui_reload_page_success_daaf65.png
INFO     [📘TEST_INFO]:reporting.py:37 ▶️ STEP started: <<User2>> :: Verify project creation message is displayed
INFO     [🎭 Playwright]:base_page.py:16 <MainPage>: Check if create project text field displayed
INFO     [📘TEST_INFO]:reporting.py:51 ✅ STEP completed: <<User2>> :: Verify project creation message is displayed
INFO     [📘TEST_INFO]:reporting.py:225 📸 Screenshot captured and attached (success): /home/runner/work/apolo-test-automation/apolo-test-automation/reports/screenshots/verify_ui_create_project_message_displayed_success_0e8fd3.png
INFO     [📘TEST_INFO]:reporting.py:37 ▶️ STEP started: Create first project from the top pane on main page
INFO     [📘TEST_INFO]:reporting.py:37 ▶️ STEP started: Click Project button on the top pane of the main page
INFO     [🎭 Playwright]:base_page.py:16 <MainPage>: Click create project button on the top pane
INFO     [📘TEST_INFO]:reporting.py:51 ✅ STEP completed: Click Project button on the top pane of the main page
INFO     [📘TEST_INFO]:reporting.py:225 📸 Screenshot captured and attached (success): /home/runner/work/apolo-test-automation/apolo-test-automation/reports/screenshots/ui_click_proj_button_top_pane_success_265cce.png
INFO     [📘TEST_INFO]:reporting.py:37 ▶️ STEP started: Verify No project popup displayed
INFO     [🎭 Playwright]:base_page.py:16 <NoProjectPopup>: Check if page loaded
INFO     [📘TEST_INFO]:reporting.py:51 ✅ STEP completed: Verify No project popup displayed
INFO     [📘TEST_INFO]:reporting.py:225 📸 Screenshot captured and attached (success): /home/runner/work/apolo-test-automation/apolo-test-automation/reports/screenshots/verify_ui_popup_displayed_success_7a5671.png
INFO     [📘TEST_INFO]:reporting.py:37 ▶️ STEP started: Click Create new project button
INFO     [🎭 Playwright]:base_page.py:16 <NoProjectPopup>: Click create project button
INFO     [📘TEST_INFO]:reporting.py:51 ✅ STEP completed: Click Create new project button
INFO     [📘TEST_INFO]:reporting.py:225 📸 Screenshot captured and attached (success): /home/runner/work/apolo-test-automation/apolo-test-automation/reports/screenshots/ui_click_create_new_proj_button_success_860a8a.png
INFO     [📘TEST_INFO]:reporting.py:37 ▶️ STEP started: Verify Create project popup displayed
INFO     [🎭 Playwright]:base_page.py:16 <CreateProjectPopup>: Check if page loaded
INFO     [📘TEST_INFO]:reporting.py:51 ✅ STEP completed: Verify Create project popup displayed
INFO     [📘TEST_INFO]:reporting.py:225 📸 Screenshot captured and attached (success): /home/runner/work/apolo-test-automation/apolo-test-automation/reports/screenshots/verify_ui_popup_displayed_success_a67fea.png
INFO     [📘TEST_INFO]:reporting.py:37 ▶️ STEP started: Enter project name
INFO     [🎭 Playwright]:base_page.py:16 <CreateProjectPopup>: Enter new project name regression-proj-13m6sfwnzq
INFO     [📘TEST_INFO]:reporting.py:51 ✅ STEP completed: Enter project name
INFO     [📘TEST_INFO]:reporting.py:225 📸 Screenshot captured and attached (success): /home/runner/work/apolo-test-automation/apolo-test-automation/reports/screenshots/ui_enter_proj_name_success_bbd75c.png
INFO     [📘TEST_INFO]:reporting.py:37 ▶️ STEP started: Select user role
INFO     [🎭 Playwright]:base_page.py:16 <CreateProjectPopup>: Select default role Reader
INFO     [📘TEST_INFO]:reporting.py:51 ✅ STEP completed: Select user role
INFO     [📘TEST_INFO]:reporting.py:225 📸 Screenshot captured and attached (success): /home/runner/work/apolo-test-automation/apolo-test-automation/reports/screenshots/ui_select_role_success_ef736a.png
INFO     [📘TEST_INFO]:reporting.py:37 ▶️ STEP started: Click Create button
INFO     [🎭 Playwright]:base_page.py:16 <CreateProjectPopup>: Click create button
WARNING  [🔧TEST CONFIG]:conftest.py:405 [HTTP 404] GET https://api.dev.apolo.us/apis/admin/v1/clusters/default/orgs/regression-org-di5nw6ihjsg6/projects/regression-proj-13m6sfwnzq
Request Body:
<not available>
Response Body (first 1000 chars):
{"error": "Project 'regression-proj-13m6sfwnzq' not found in cluster 'default' in org 'regression-org-di5nw6ihjsg6'"}
INFO     [📘TEST_INFO]:reporting.py:51 ✅ STEP completed: Click Create button
INFO     [📘TEST_INFO]:reporting.py:225 📸 Screenshot captured and attached (success): /home/runner/work/apolo-test-automation/apolo-test-automation/reports/screenshots/ui_click_create_button_success_48aa2b.png
INFO     [📘TEST_INFO]:reporting.py:37 ▶️ STEP started: Wait for Create project popup disappear
INFO     [🎭 Playwright]:base_page.py:16 <CreateProjectPopup>: Wait for Create project popup to disappear
WARNING  [🔧TEST CONFIG]:conftest.py:405 [HTTP 201] POST https://api.dev.apolo.us/apis/admin/v1/clusters/default/orgs/regression-org-di5nw6ihjsg6/projects
Request Body:
<not available>
Response Body (first 1000 chars):
{"name": "regression-proj-13m6sfwnzq", "cluster_name": "default", "org_name": "regression-org-di5nw6ihjsg6", "is_default": false, "default_role": "reader"}
WARNING  [🔧TEST CONFIG]:conftest.py:405 [HTTP 200] GET https://api.dev.apolo.us/api/v1/config
Request Body:
<not available>
Response Body (first 1000 chars):
{"authorized": true, "orgs": [{"name": "regression-org-di5nw6ihjsg6", "role": "admin"}], "clusters": [{"name": "default", "registry_url": "https://registry.api.dev.apolo.us", "storage_url": "https://api.dev.apolo.us/api/v1/storage", "monitoring_url": "https://monitoring.api.dev.apolo.us/api/v1/jobs", "secrets_url": "https://api.dev.apolo.us/api/v1/secrets", "metrics_url": "https://grafana.dev.apolo.us", "disks_url": "https://api.dev.apolo.us/api/v1/disk", "buckets_url": "https://api.dev.apolo.us/api/v1/buckets", "resource_pool_types": [{"name": "default", "min_size": 1, "max_size": 20, "cpu": 4, "available_cpu": 3.3, "memory": 16106127360, "available_memory": 11813676647, "disk_size": 161061273600, "available_disk_size": 150000000000}, {"name": "g2-standard-4", "min_size": 0, "max_size": 10, "cpu": 4, "available_cpu": 3, "memory": 17179869184, "available_memory": 16106127360, "disk_size": 322122547200, "available_disk_size": 150000000000, "nvidia_gpu": 1, "nvidia_gpu_model": "nvidia-l4
WARNING  [🔧TEST CONFIG]:conftest.py:405 [HTTP 200] GET https://api.dev.apolo.us/apis/apps/v1/cluster/default/org/regression-org-di5nw6ihjsg6/project/regression-proj-13m6sfwnzq/instances?size=100
Request Body:
<not available>
Response Body (first 1000 chars):
{"items":[],"total":0,"page":1,"size":100,"pages":0}
WARNING  [🔧TEST CONFIG]:conftest.py:405 [HTTP 200] GET https://api.dev.apolo.us/apis/apps/v1/cluster/default/org/regression-org-di5nw6ihjsg6/project/regression-proj-13m6sfwnzq/templates
Request Body:
<not available>
Response Body (first 1000 chars):
[{"name":"aws-s3","title":"AWS S3","pub_date":"2025-01-01T00:00:00Z","description":"AWS S3 Storage","short_description":"","schema_version":1,"version":"HEAD","input":{"$defs":{"ApoloSecret":{"properties":{"key":{"title":"Key","type":"string"}},"required":["key"],"title":"ApoloSecret","type":"object","x-description":"Apolo Secret Configuration.","x-is-advanced-field":false,"x-meta-type":"integration","x-title":"Secret"},"S3Params":{"properties":{"port":{"title":"Port","type":"integer"},"host":{"anyOf":[{"type":"string"},{"type":"null"}],"default":null,"title":"Host"},"bucket":{"anyOf":[{"type":"string"},{"type":"null"}],"default":null,"title":"Bucket"},"access_key":{"anyOf":[{"type":"string"},{"type":"null"}],"default":null,"title":"Access Key"},"secret_key":{"anyOf":[{"$ref":"#/$defs/ApoloSecret"},{"type":"null"}],"default":null}},"required":["port"],"title":"S3Params","type":"object"}},"properties":{"s3":{"$ref":"#/$defs/S3Params"}},"required":["s3"],"title":"AwsS3Input","type":"obje
INFO     [📘TEST_INFO]:reporting.py:51 ✅ STEP completed: Wait for Create project popup disappear
INFO     [📘TEST_INFO]:reporting.py:225 📸 Screenshot captured and attached (success): /home/runner/work/apolo-test-automation/apolo-test-automation/reports/screenshots/ui_wait_to_disappear_success_3290d6.png
INFO     [📘TEST_INFO]:reporting.py:37 ▶️ STEP started: Verify Main page is displayed
INFO     [🎭 Playwright]:base_page.py:16 <MainPage>: Check if page loaded
INFO     [🎭 Playwright]:base_page.py:16 <MainPage>: Waiting for spinner
INFO     [🎭 Playwright]:base_page.py:16 <MainPage>: Timeout error for spinner
INFO     [📘TEST_INFO]:reporting.py:51 ✅ STEP completed: Verify Main page is displayed
INFO     [📘TEST_INFO]:reporting.py:225 📸 Screenshot captured and attached (success): /home/runner/work/apolo-test-automation/apolo-test-automation/reports/screenshots/verify_ui_page_displayed_success_8bf6d7.png
INFO     [📘TEST_INFO]:reporting.py:51 ✅ STEP completed: Create first project from the top pane on main page
INFO     [📘TEST_INFO]:reporting.py:225 📸 Screenshot captured and attached (success): /home/runner/work/apolo-test-automation/apolo-test-automation/reports/screenshots/ui_create_first_proj_from_top_pane_success_9511df.png
INFO     [📘TEST_INFO]:reporting.py:37 ▶️ STEP started: Invite member to project via UI
INFO     [📘TEST_INFO]:reporting.py:37 ▶️ STEP started: Click Project button on the top pane of the main page
INFO     [🎭 Playwright]:base_page.py:16 <MainPage>: Click create project button on the top pane
INFO     [📘TEST_INFO]:reporting.py:51 ✅ STEP completed: Click Project button on the top pane of the main page
INFO     [📘TEST_INFO]:reporting.py:225 📸 Screenshot captured and attached (success): /home/runner/work/apolo-test-automation/apolo-test-automation/reports/screenshots/ui_click_proj_button_top_pane_success_2c5b3d.png
INFO     [📘TEST_INFO]:reporting.py:37 ▶️ STEP started: Click People button on the Projects info popup
INFO     [🎭 Playwright]:base_page.py:16 <ProjectsInfoPopup>: Click People button
INFO     [📘TEST_INFO]:reporting.py:51 ✅ STEP completed: Click People button on the Projects info popup
INFO     [📘TEST_INFO]:reporting.py:225 📸 Screenshot captured and attached (success): /home/runner/work/apolo-test-automation/apolo-test-automation/reports/screenshots/ui_click_people_btn_success_e52394.png
INFO     [📘TEST_INFO]:reporting.py:37 ▶️ STEP started: Verify People page displayed
INFO     [🎭 Playwright]:base_page.py:16 <ProjectPeoplePage>: Check if page loaded
WARNING  [🔧TEST CONFIG]:conftest.py:405 [HTTP 200] GET https://api.dev.apolo.us/apis/admin/v1/clusters/default/orgs/regression-org-di5nw6ihjsg6/projects/regression-proj-13m6sfwnzq
Request Body:
<not available>
Response Body (first 1000 chars):
{"name": "regression-proj-13m6sfwnzq", "cluster_name": "default", "org_name": "regression-org-di5nw6ihjsg6", "is_default": false, "default_role": "reader"}
INFO     [📘TEST_INFO]:reporting.py:51 ✅ STEP completed: Verify People page displayed
WARNING  [🔧TEST CONFIG]:conftest.py:405 [HTTP 200] GET https://api.dev.apolo.us/apis/admin/v1/clusters/default/orgs/regression-org-di5nw6ihjsg6/projects/regression-proj-13m6sfwnzq/users?with_user_info=true
Request Body:
<not available>
Response Body (first 1000 chars):
[{"user_name": "regression-i9cbcivv52", "project_name": "regression-proj-13m6sfwnzq", "cluster_name": "default", "org_name": "regression-org-di5nw6ihjsg6", "role": "admin", "user_info": {"email": "regression-i9cbcivv52@apolo.us", "first_name": null, "last_name": null, "created_at": "2025-09-09T01:33:47.479959+00:00"}}]
INFO     [📘TEST_INFO]:reporting.py:225 📸 Screenshot captured and attached (success): /home/runner/work/apolo-test-automation/apolo-test-automation/reports/screenshots/verify_ui_page_displayed_success_472c44.png
INFO     [📘TEST_INFO]:reporting.py:37 ▶️ STEP started: Click Invite people button
INFO     [🎭 Playwright]:base_page.py:16 <ProjectPeoplePage>: Click Invite People button
WARNING  [🔧TEST CONFIG]:conftest.py:405 [HTTP 200] GET https://api.dev.apolo.us/apis/admin/v1/clusters/default/orgs/regression-org-di5nw6ihjsg6/users?with_user_info=true
Request Body:
<not available>
Response Body (first 1000 chars):
[{"user_name": "regression-i9cbcivv52", "role": "admin", "org_name": "regression-org-di5nw6ihjsg6", "balance": {"spent_credits": "0"}, "user_info": {"email": "regression-i9cbcivv52@apolo.us", "first_name": null, "last_name": null, "created_at": "2025-09-09T01:33:47.479959+00:00"}}, {"user_name": "regression-rrkti6f1yh", "role": "user", "org_name": "regression-org-di5nw6ihjsg6", "balance": {"spent_credits": "0"}, "user_info": {"email": "regression-rrkti6f1yh@apolo.us", "first_name": null, "last_name": null, "created_at": "2025-09-09T01:34:32.903062+00:00"}}]
INFO     [📘TEST_INFO]:reporting.py:51 ✅ STEP completed: Click Invite people button
INFO     [📘TEST_INFO]:reporting.py:225 📸 Screenshot captured and attached (success): /home/runner/work/apolo-test-automation/apolo-test-automation/reports/screenshots/ui_click_invite_people_proj_people_btn_success_1965ba.png
INFO     [📘TEST_INFO]:reporting.py:37 ▶️ STEP started: Verify Invite project member popup displayed
INFO     [🎭 Playwright]:base_page.py:16 <InviteProjMemberPopup>: Check if page loaded
INFO     [📘TEST_INFO]:reporting.py:51 ✅ STEP completed: Verify Invite project member popup displayed
INFO     [📘TEST_INFO]:reporting.py:225 📸 Screenshot captured and attached (success): /home/runner/work/apolo-test-automation/apolo-test-automation/reports/screenshots/verify_ui_popup_displayed_success_9d28cb.png
INFO     [📘TEST_INFO]:reporting.py:37 ▶️ STEP started: Enter user email/username
INFO     [🎭 Playwright]:base_page.py:16 <InviteProjMemberPopup>: Enter regression-rrkti6f1yh@apolo.us
INFO     [📘TEST_INFO]:reporting.py:51 ✅ STEP completed: Enter user email/username
INFO     [📘TEST_INFO]:reporting.py:225 📸 Screenshot captured and attached (success): /home/runner/work/apolo-test-automation/apolo-test-automation/reports/screenshots/ui_enter_user_data_success_19c70f.png
INFO     [📘TEST_INFO]:reporting.py:37 ▶️ STEP started: Select user role
INFO     [🎭 Playwright]:base_page.py:16 <InviteProjMemberPopup>: Select user role Writer
INFO     [📘TEST_INFO]:reporting.py:51 ✅ STEP completed: Select user role
INFO     [📘TEST_INFO]:reporting.py:225 📸 Screenshot captured and attached (success): /home/runner/work/apolo-test-automation/apolo-test-automation/reports/screenshots/ui_select_user_role_success_e52b34.png
INFO     [📘TEST_INFO]:reporting.py:37 ▶️ STEP started: Verify Invite user button displayed
INFO     [🎭 Playwright]:base_page.py:16 <InviteProjMemberPopup>: Check if invite user regression-rrkti6f1yh@apolo.us button displayed
INFO     [📘TEST_INFO]:reporting.py:51 ✅ STEP completed: Verify Invite user button displayed
INFO     [📘TEST_INFO]:reporting.py:225 📸 Screenshot captured and attached (success): /home/runner/work/apolo-test-automation/apolo-test-automation/reports/screenshots/verify_ui_invite_user_btn_displayed_success_6bb2e1.png
INFO     [📘TEST_INFO]:reporting.py:37 ▶️ STEP started: Verify Invite button disabled
INFO     [📘TEST_INFO]:reporting.py:51 ✅ STEP completed: Verify Invite button disabled
INFO     [📘TEST_INFO]:reporting.py:225 📸 Screenshot captured and attached (success): /home/runner/work/apolo-test-automation/apolo-test-automation/reports/screenshots/verify_ui_invite_bth_disabled_success_2a9ccf.png
INFO     [📘TEST_INFO]:reporting.py:37 ▶️ STEP started: Click invite user button
INFO     [🎭 Playwright]:base_page.py:16 <InviteProjMemberPopup>: Click invite user regression-rrkti6f1yh@apolo.us button
INFO     [📘TEST_INFO]:reporting.py:51 ✅ STEP completed: Click invite user button
INFO     [📘TEST_INFO]:reporting.py:225 📸 Screenshot captured and attached (success): /home/runner/work/apolo-test-automation/apolo-test-automation/reports/screenshots/ui_click_invite_user_btn_success_5f16f5.png
INFO     [📘TEST_INFO]:reporting.py:37 ▶️ STEP started: Verify Invite button enabled
INFO     [📘TEST_INFO]:reporting.py:51 ✅ STEP completed: Verify Invite button enabled
INFO     [📘TEST_INFO]:reporting.py:225 📸 Screenshot captured and attached (success): /home/runner/work/apolo-test-automation/apolo-test-automation/reports/screenshots/verify_ui_invite_bth_enabled_success_721d97.png
INFO     [📘TEST_INFO]:reporting.py:37 ▶️ STEP started: Click Invite button
INFO     [🎭 Playwright]:base_page.py:16 <InviteProjMemberPopup>: Click Invite button
WARNING  [🔧TEST CONFIG]:conftest.py:405 [HTTP 201] POST https://api.dev.apolo.us/apis/admin/v1/clusters/default/orgs/regression-org-di5nw6ihjsg6/projects/regression-proj-13m6sfwnzq/users
Request Body:
<not available>
Response Body (first 1000 chars):
{"user_name": "regression-rrkti6f1yh", "project_name": "regression-proj-13m6sfwnzq", "cluster_name": "default", "org_name": "regression-org-di5nw6ihjsg6", "role": "writer"}
WARNING  [🔧TEST CONFIG]:conftest.py:405 [HTTP 200] GET https://api.dev.apolo.us/apis/admin/v1/clusters/default/orgs/regression-org-di5nw6ihjsg6/projects/regression-proj-13m6sfwnzq/users?with_user_info=true
Request Body:
<not available>
Response Body (first 1000 chars):
[{"user_name": "regression-i9cbcivv52", "project_name": "regression-proj-13m6sfwnzq", "cluster_name": "default", "org_name": "regression-org-di5nw6ihjsg6", "role": "admin", "user_info": {"email": "regression-i9cbcivv52@apolo.us", "first_name": null, "last_name": null, "created_at": "2025-09-09T01:33:47.479959+00:00"}}, {"user_name": "regression-rrkti6f1yh", "project_name": "regression-proj-13m6sfwnzq", "cluster_name": "default", "org_name": "regression-org-di5nw6ihjsg6", "role": "writer", "user_info": {"email": "regression-rrkti6f1yh@apolo.us", "first_name": null, "last_name": null, "created_at": "2025-09-09T01:34:32.903062+00:00"}}]
INFO     [📘TEST_INFO]:reporting.py:51 ✅ STEP completed: Click Invite button
INFO     [📘TEST_INFO]:reporting.py:225 📸 Screenshot captured and attached (success): /home/runner/work/apolo-test-automation/apolo-test-automation/reports/screenshots/ui_click_invite_btn_success_f3acf5.png
INFO     [📘TEST_INFO]:reporting.py:37 ▶️ STEP started: Wait for Invite project member popup to disappear
INFO     [🎭 Playwright]:base_page.py:16 <InviteProjMemberPopup>: Wait for Remove organization user popup to disappear
INFO     [📘TEST_INFO]:reporting.py:51 ✅ STEP completed: Wait for Invite project member popup to disappear
INFO     [📘TEST_INFO]:reporting.py:225 📸 Screenshot captured and attached (success): /home/runner/work/apolo-test-automation/apolo-test-automation/reports/screenshots/ui_wait_to_disappear_success_2c7bb7.png
INFO     [📘TEST_INFO]:reporting.py:37 ▶️ STEP started: Verify People page displayed
INFO     [🎭 Playwright]:base_page.py:16 <ProjectPeoplePage>: Check if page loaded
INFO     [📘TEST_INFO]:reporting.py:51 ✅ STEP completed: Verify People page displayed
INFO     [📘TEST_INFO]:reporting.py:225 📸 Screenshot captured and attached (success): /home/runner/work/apolo-test-automation/apolo-test-automation/reports/screenshots/verify_ui_page_displayed_success_a2ee38.png
INFO     [📘TEST_INFO]:reporting.py:37 ▶️ STEP started: Verify user displayed in users list
INFO     [🎭 Playwright]:base_page.py:16 <ProjectPeoplePage>: Check if user regression-rrkti6f1yh row displayed
INFO     [📘TEST_INFO]:reporting.py:51 ✅ STEP completed: Verify user displayed in users list
INFO     [📘TEST_INFO]:reporting.py:225 📸 Screenshot captured and attached (success): /home/runner/work/apolo-test-automation/apolo-test-automation/reports/screenshots/verify_ui_user_displayed_in_users_list_success_963b1c.png
INFO     [📘TEST_INFO]:reporting.py:37 ▶️ STEP started: Verify user role is valid
INFO     [📘TEST_INFO]:reporting.py:51 ✅ STEP completed: Verify user role is valid
INFO     [📘TEST_INFO]:reporting.py:225 📸 Screenshot captured and attached (success): /home/runner/work/apolo-test-automation/apolo-test-automation/reports/screenshots/verify_ui_user_role_success_ce83e9.png
INFO     [📘TEST_INFO]:reporting.py:51 ✅ STEP completed: Invite member to project via UI
INFO     [📘TEST_INFO]:reporting.py:225 📸 Screenshot captured and attached (success): /home/runner/work/apolo-test-automation/apolo-test-automation/reports/screenshots/ui_invite_user_to_proj_success_b943fd.png
INFO     [📘TEST_INFO]:reporting.py:37 ▶️ STEP started: <<User2>> :: Reload page
WARNING  [🔧TEST CONFIG]:conftest.py:405 [HTTP 200] GET https://api.dev.apolo.us/api/v1/config
Request Body:
<not available>
Response Body (first 1000 chars):
{"authorized": true, "orgs": [{"name": "regression-org-di5nw6ihjsg6", "role": "user"}], "clusters": [{"name": "default", "registry_url": "https://registry.api.dev.apolo.us", "storage_url": "https://api.dev.apolo.us/api/v1/storage", "monitoring_url": "https://monitoring.api.dev.apolo.us/api/v1/jobs", "secrets_url": "https://api.dev.apolo.us/api/v1/secrets", "metrics_url": "https://grafana.dev.apolo.us", "disks_url": "https://api.dev.apolo.us/api/v1/disk", "buckets_url": "https://api.dev.apolo.us/api/v1/buckets", "resource_pool_types": [{"name": "default", "min_size": 1, "max_size": 20, "cpu": 4, "available_cpu": 3.3, "memory": 16106127360, "available_memory": 11813676647, "disk_size": 161061273600, "available_disk_size": 150000000000}, {"name": "g2-standard-4", "min_size": 0, "max_size": 10, "cpu": 4, "available_cpu": 3, "memory": 17179869184, "available_memory": 16106127360, "disk_size": 322122547200, "available_disk_size": 150000000000, "nvidia_gpu": 1, "nvidia_gpu_model": "nvidia-l4"
WARNING  [🔧TEST CONFIG]:conftest.py:405 [HTTP 200] GET https://api.dev.apolo.us/apis/admin/v1/users/regression-rrkti6f1yh?include=clusters&include=system_role
Request Body:
<not available>
Response Body (first 1000 chars):
{"name": "regression-rrkti6f1yh", "email": "regression-rrkti6f1yh@apolo.us", "first_name": null, "last_name": null, "created_at": "2025-09-09T01:34:32.903062+00:00", "terms_accepted": true, "clusters": [{"cluster_name": "default", "role": "user", "org_name": "regression-org-di5nw6ihjsg6", "balance": {"spent_credits": "0"}}]}
WARNING  [🔧TEST CONFIG]:conftest.py:405 [HTTP 200] GET https://api.dev.apolo.us/apis/apps/v1/cluster/default/org/regression-org-di5nw6ihjsg6/project/regression-proj-13m6sfwnzq/instances?size=100
Request Body:
<not available>
Response Body (first 1000 chars):
{"items":[],"total":0,"page":1,"size":100,"pages":0}
WARNING  [🔧TEST CONFIG]:conftest.py:405 [HTTP 200] GET https://api.dev.apolo.us/apis/admin/v1/invites/incoming
Request Body:
<not available>
Response Body (first 1000 chars):
[]
WARNING  [🔧TEST CONFIG]:conftest.py:405 [HTTP 200] GET https://api.dev.apolo.us/apis/admin/v1/users/regression-rrkti6f1yh?include=orgs
Request Body:
<not available>
Response Body (first 1000 chars):
{"name": "regression-rrkti6f1yh", "email": "regression-rrkti6f1yh@apolo.us", "first_name": null, "last_name": null, "created_at": "2025-09-09T01:34:32.903062+00:00", "terms_accepted": true, "orgs": [{"org_name": "regression-org-di5nw6ihjsg6", "role": "user", "balance": {"spent_credits": "0"}}]}
WARNING  [🔧TEST CONFIG]:conftest.py:405 [HTTP 200] GET https://api.dev.apolo.us/api/v1/users/regression-rrkti6f1yh/permissions?uri=blob:
Request Body:
<not available>
Response Body (first 1000 chars):
[{"uri": "blob://default/regression-org-di5nw6ihjsg6/regression-proj-13m6sfwnzq", "action": "manage"}]
WARNING  [🔧TEST CONFIG]:conftest.py:405 [HTTP 200] GET https://api.dev.apolo.us/apis/admin/v1/orgs/regression-org-di5nw6ihjsg6
Request Body:
<not available>
Response Body (first 1000 chars):
{"name": "regression-org-di5nw6ihjsg6", "balance": {"credits": "500", "spent_credits": "0"}, "user_default_credits": null, "notification_intervals": {"balance_projection_seconds": [604800, 259200, 86400], "balance_amount": [0], "balance_depletion_seconds": [86400, 604800]}}
WARNING  [🔧TEST CONFIG]:conftest.py:405 [HTTP 200] GET https://api.dev.apolo.us/apis/apps/v1/cluster/default/org/regression-org-di5nw6ihjsg6/project/regression-proj-13m6sfwnzq/templates?limit=50&offset=0
Request Body:
<not available>
Response Body (first 1000 chars):
[{"name":"aws-s3","title":"AWS S3","pub_date":"2025-01-01T00:00:00Z","description":"AWS S3 Storage","short_description":"","schema_version":1,"version":"HEAD","input":{"$defs":{"ApoloSecret":{"properties":{"key":{"title":"Key","type":"string"}},"required":["key"],"title":"ApoloSecret","type":"object","x-description":"Apolo Secret Configuration.","x-is-advanced-field":false,"x-meta-type":"integration","x-title":"Secret"},"S3Params":{"properties":{"port":{"title":"Port","type":"integer"},"host":{"anyOf":[{"type":"string"},{"type":"null"}],"default":null,"title":"Host"},"bucket":{"anyOf":[{"type":"string"},{"type":"null"}],"default":null,"title":"Bucket"},"access_key":{"anyOf":[{"type":"string"},{"type":"null"}],"default":null,"title":"Access Key"},"secret_key":{"anyOf":[{"$ref":"#/$defs/ApoloSecret"},{"type":"null"}],"default":null}},"required":["port"],"title":"S3Params","type":"object"}},"properties":{"s3":{"$ref":"#/$defs/S3Params"}},"required":["s3"],"title":"AwsS3Input","type":"obje
WARNING  [🔧TEST CONFIG]:conftest.py:405 [HTTP 200] GET https://api.dev.apolo.us/apis/apps/v1/cluster/default/org/regression-org-di5nw6ihjsg6/project/regression-proj-13m6sfwnzq/templates
Request Body:
<not available>
Response Body (first 1000 chars):
[{"name":"aws-s3","title":"AWS S3","pub_date":"2025-01-01T00:00:00Z","description":"AWS S3 Storage","short_description":"","schema_version":1,"version":"HEAD","input":{"$defs":{"ApoloSecret":{"properties":{"key":{"title":"Key","type":"string"}},"required":["key"],"title":"ApoloSecret","type":"object","x-description":"Apolo Secret Configuration.","x-is-advanced-field":false,"x-meta-type":"integration","x-title":"Secret"},"S3Params":{"properties":{"port":{"title":"Port","type":"integer"},"host":{"anyOf":[{"type":"string"},{"type":"null"}],"default":null,"title":"Host"},"bucket":{"anyOf":[{"type":"string"},{"type":"null"}],"default":null,"title":"Bucket"},"access_key":{"anyOf":[{"type":"string"},{"type":"null"}],"default":null,"title":"Access Key"},"secret_key":{"anyOf":[{"$ref":"#/$defs/ApoloSecret"},{"type":"null"}],"default":null}},"required":["port"],"title":"S3Params","type":"object"}},"properties":{"s3":{"$ref":"#/$defs/S3Params"}},"required":["s3"],"title":"AwsS3Input","type":"obje
INFO     [🎭 Playwright]:base_page.py:16 <MainPage>: Waiting for spinner
WARNING  [🔧TEST CONFIG]:conftest.py:405 [HTTP 200] GET https://api.dev.apolo.us/apis/apps/v1/cluster/default/org/regression-org-di5nw6ihjsg6/project/regression-proj-13m6sfwnzq/instances?size=100
Request Body:
<not available>
Response Body (first 1000 chars):
{"items":[],"total":0,"page":1,"size":100,"pages":0}
INFO     [🎭 Playwright]:base_page.py:16 <MainPage>: Timeout error for spinner
INFO     [📘TEST_INFO]:reporting.py:51 ✅ STEP completed: <<User2>> :: Reload page
INFO     [📘TEST_INFO]:reporting.py:225 📸 Screenshot captured and attached (success): /home/runner/work/apolo-test-automation/apolo-test-automation/reports/screenshots/ui_reload_page_success_9292b0.png
INFO     [📘TEST_INFO]:reporting.py:37 ▶️ STEP started: <<User2>> :: Verify Apps page displayed
INFO     [🎭 Playwright]:base_page.py:16 <AppsPage>: Check if page loaded
INFO     [📘TEST_INFO]:reporting.py:51 ✅ STEP completed: <<User2>> :: Verify Apps page displayed
INFO     [📘TEST_INFO]:reporting.py:225 📸 Screenshot captured and attached (success): /home/runner/work/apolo-test-automation/apolo-test-automation/reports/screenshots/verify_ui_page_displayed_success_46ba8c.png
INFO     [📘TEST_INFO]:reporting.py:37 ▶️ STEP started: <<User2>> :: Click Files button on the left pane on the main page
INFO     [🎭 Playwright]:base_page.py:16 <MainPage>: Click Files button
INFO     [📘TEST_INFO]:reporting.py:51 ✅ STEP completed: <<User2>> :: Click Files button on the left pane on the main page
WARNING  [🔧TEST CONFIG]:conftest.py:405 [HTTP 200] GET https://api.dev.apolo.us/api/v1/storage/regression-org-di5nw6ihjsg6/regression-proj-13m6sfwnzq?op=GETFILESTATUS
Request Body:
<not available>
Response Body (first 1000 chars):
{"FileStatus": {"path": "/var/storage/regression-org-di5nw6ihjsg6/regression-proj-13m6sfwnzq", "length": 0, "modificationTime": 1757383415, "permission": "manage", "type": "DIRECTORY"}}
INFO     [📘TEST_INFO]:reporting.py:225 📸 Screenshot captured and attached (success): /home/runner/work/apolo-test-automation/apolo-test-automation/reports/screenshots/ui_click_files_btn_success_27a73b.png
INFO     [📘TEST_INFO]:reporting.py:37 ▶️ STEP started: <<User2>> :: Verify that Files page displayed
INFO     [🎭 Playwright]:base_page.py:16 <FilesPage>: Check if page loaded
WARNING  [🔧TEST CONFIG]:conftest.py:405 [HTTP 200] GET https://api.dev.apolo.us/api/v1/storage/regression-org-di5nw6ihjsg6/regression-proj-13m6sfwnzq?op=LISTSTATUS
Request Body:
<not available>
Response Body (first 1000 chars):
{"FileStatuses": {"FileStatus": []}}
INFO     [📘TEST_INFO]:reporting.py:51 ✅ STEP completed: <<User2>> :: Verify that Files page displayed
INFO     [📘TEST_INFO]:reporting.py:225 📸 Screenshot captured and attached (success): /home/runner/work/apolo-test-automation/apolo-test-automation/reports/screenshots/verify_ui_page_displayed_success_35b9bf.png
INFO     [📘TEST_INFO]:reporting.py:37 ▶️ STEP started: <<User2>> :: Verify Add folder button is enabled
INFO     [🎭 Playwright]:base_page.py:16 <FilesPage>: Check if Add folder button is enabled
INFO     [📘TEST_INFO]:reporting.py:51 ✅ STEP completed: <<User2>> :: Verify Add folder button is enabled
INFO     [📘TEST_INFO]:reporting.py:225 📸 Screenshot captured and attached (success): /home/runner/work/apolo-test-automation/apolo-test-automation/reports/screenshots/verify_ui_add_folder_btn_enabled_success_292d27.png
INFO     [📘TEST_INFO]:reporting.py:37 ▶️ STEP started: <<User2>> :: Click Add Folder button
INFO     [🎭 Playwright]:base_page.py:16 <FilesPage>: Click Add Folder button
INFO     [📘TEST_INFO]:reporting.py:51 ✅ STEP completed: <<User2>> :: Click Add Folder button
INFO     [📘TEST_INFO]:reporting.py:225 📸 Screenshot captured and attached (success): /home/runner/work/apolo-test-automation/apolo-test-automation/reports/screenshots/ui_click_add_folder_btn_success_69586b.png
INFO     [📘TEST_INFO]:reporting.py:37 ▶️ STEP started: <<User2>> :: Verify New Folder popup displayed
INFO     [🎭 Playwright]:base_page.py:16 <NewFolderPopup>: Check if page loaded
INFO     [📘TEST_INFO]:reporting.py:51 ✅ STEP completed: <<User2>> :: Verify New Folder popup displayed
INFO     [📘TEST_INFO]:reporting.py:225 📸 Screenshot captured and attached (success): /home/runner/work/apolo-test-automation/apolo-test-automation/reports/screenshots/verify_ui_popup_displayed_success_e11d3a.png
INFO     [📘TEST_INFO]:reporting.py:37 ▶️ STEP started: <<User2>> :: Enter folder name
INFO     [🎭 Playwright]:base_page.py:16 <NewFolderPopup>: Enter New Folder 1 folder name
INFO     [📘TEST_INFO]:reporting.py:51 ✅ STEP completed: <<User2>> :: Enter folder name
INFO     [📘TEST_INFO]:reporting.py:225 📸 Screenshot captured and attached (success): /home/runner/work/apolo-test-automation/apolo-test-automation/reports/screenshots/ui_enter_folder_name_success_fd57ef.png
INFO     [📘TEST_INFO]:reporting.py:37 ▶️ STEP started: <<User2>> :: Click Create button
INFO     [🎭 Playwright]:base_page.py:16 <NewFolderPopup>: Click Create button
INFO     [📘TEST_INFO]:reporting.py:51 ✅ STEP completed: <<User2>> :: Click Create button
WARNING  [🔧TEST CONFIG]:conftest.py:405 [HTTP 201] PUT https://api.dev.apolo.us/api/v1/storage/regression-org-di5nw6ihjsg6/regression-proj-13m6sfwnzq/New%20Folder%201?op=MKDIRS
Request Body:
<not available>
Response Body (first 1000 chars):
201: Created
INFO     [📘TEST_INFO]:reporting.py:225 📸 Screenshot captured and attached (success): /home/runner/work/apolo-test-automation/apolo-test-automation/reports/screenshots/ui_click_create_btn_success_09cff1.png
INFO     [📘TEST_INFO]:reporting.py:37 ▶️ STEP started: <<User2>> :: Wait New Folder popup to disappear
INFO     [🎭 Playwright]:base_page.py:16 <NewFolderPopup>: Wait for New Folder popup to disappear
WARNING  [🔧TEST CONFIG]:conftest.py:405 [HTTP 200] GET https://api.dev.apolo.us/api/v1/storage/regression-org-di5nw6ihjsg6/regression-proj-13m6sfwnzq?op=GETFILESTATUS
Request Body:
<not available>
Response Body (first 1000 chars):
{"FileStatus": {"path": "/var/storage/regression-org-di5nw6ihjsg6/regression-proj-13m6sfwnzq", "length": 0, "modificationTime": 1757383438, "permission": "manage", "type": "DIRECTORY"}}
WARNING  [🔧TEST CONFIG]:conftest.py:405 [HTTP 200] GET https://api.dev.apolo.us/api/v1/storage/regression-org-di5nw6ihjsg6/regression-proj-13m6sfwnzq?op=LISTSTATUS
Request Body:
<not available>
Response Body (first 1000 chars):
{"FileStatuses": {"FileStatus": [{"path": "New Folder 1", "length": 0, "modificationTime": 1757383438, "permission": "manage", "type": "DIRECTORY"}]}}
INFO     [📘TEST_INFO]:reporting.py:51 ✅ STEP completed: <<User2>> :: Wait New Folder popup to disappear
INFO     [📘TEST_INFO]:reporting.py:225 📸 Screenshot captured and attached (success): /home/runner/work/apolo-test-automation/apolo-test-automation/reports/screenshots/ui_wait_to_disappear_success_d1b9e7.png
INFO     [📘TEST_INFO]:reporting.py:37 ▶️ STEP started: <<User2>> :: Verify File button is displayed
INFO     [🎭 Playwright]:base_page.py:16 <FilesPage>: Check if File New Folder 1 button is displayed
INFO     [📘TEST_INFO]:reporting.py:51 ✅ STEP completed: <<User2>> :: Verify File button is displayed
INFO     [📘TEST_INFO]:reporting.py:225 📸 Screenshot captured and attached (success): /home/runner/work/apolo-test-automation/apolo-test-automation/reports/screenshots/verify_ui_file_displayed_success_0df904.png
INFO     [📘TEST_INFO]:reporting.py:92 ✅ TEST completed: Verify Writer can create new folder
INFO     [📘TEST_INFO]:reporting.py:98 ------------------------------------------------------------
INFO     [🌐API_helper]:api_helper.py:44 GET https://api.dev.apolo.us/apis/admin/v1/orgs
INFO     [🌐API_helper]:api_helper.py:135 Status: 200. Response: [{'name': 'regression-org-di5nw6ihjsg6', 'balance': {'credits': '500', 'spent_credits': '0'}, 'user_default_credits': None, 'notification_intervals': {'balance_projection_seconds': [604800, 259200, 86400], 'balance_amount': [0], 'balance_depletion_seconds': [86400, 604800]}}]
INFO     [🔧TEST CONFIG]:conftest.py:276 Cleaning up 1 organisations
INFO     [🌐API_helper]:api_helper.py:142 Delete organization response: <ClientResponse(https://api.dev.apolo.us/apis/admin/v1/orgs/regression-org-di5nw6ihjsg6) [200 OK]>
<CIMultiDictProxy('Access-Control-Allow-Credentials': 'true', 'Content-Length': '274', 'Content-Type': 'application/json; charset=utf-8', 'Date': 'Tue, 09 Sep 2025 02:04:03 GMT', 'Server': 'Python/3.13 aiohttp/3.12.15', 'Vary': 'Origin', 'x-service-version': 'platform-admin/0.0.0.post1.dev0+6d79a26', 'Via': '1.1 google', 'Alt-Svc': 'h3=":443"; ma=2592000,h3-29=":443"; ma=2592000')>

INFO     [🔧TEST CONFIG]:conftest.py:301 Removed organisation: regression-org-di5nw6ihjsg6
INFO     [🔧TEST CONFIG]:conftest.py:306 Closing all browser sessions
INFO     [🔧TEST CONFIG]:conftest.py:312 Stopped Playwright
WARNING  [🔧TEST CONFIG]:conftest.py:322 Failed to close context: BrowserContext.close: Target page, context or browser has been closed
INFO     [🔧TEST CONFIG]:conftest.py:327 Closed browser (post-stop)
INFO     [🔧TEST CONFIG]:conftest.py:312 Stopped Playwright
WARNING  [🔧TEST CONFIG]:conftest.py:322 Failed to close context: BrowserContext.close: Target page, context or browser has been closed
INFO     [🔧TEST CONFIG]:conftest.py:327 Closed browser (post-stop)
INFO     [🔧TEST CONFIG]:conftest.py:332 Browser cleanup finished