INFO     [🔧TEST CONFIG]:conftest.py:82 Loading test configuration
INFO     [🔧TEST CONFIG]:conftest.py:273 Starting browser in a headless mode...
INFO     [🔧TEST CONFIG]:conftest.py:286 Initializing new browser context
INFO     [🔧TEST CONFIG]:conftest.py:294 Navigating to: https://console.dev.apolo.us/
WARNING  [🔧TEST CONFIG]:conftest.py:342 [HTTP 200] GET https://api.dev.apolo.us/api/v1/config
Request Body:
<not available>
Response Body (first 1000 chars):
{"authorized": false, "auth_url": "https://auth.dev.apolo.us/authorize", "token_url": "https://auth.dev.apolo.us/oauth/token", "logout_url": "https://auth.dev.apolo.us/v2/logout?returnTo=https://console.dev.apolo.us", "client_id": "q3I0OzzGnTDkhRmpeJ7WWgaTCucmVxTL", "audience": "https://api.dev.apolo.us", "callback_urls": ["http://127.0.0.1:54540", "http://127.0.0.1:54541", "http://127.0.0.1:54542"], "headless_callback_url": "https://api.dev.apolo.us/oauth/show-code", "success_redirect_url": "https://api.dev.apolo.us/oauth/login"}
INFO     [🔧TEST CONFIG]:conftest.py:88 Creating data manager
INFO     [🔧TEST CONFIG]:conftest.py:114 Creating users manager
INFO     [🔧TEST CONFIG]:conftest.py:100 Creating API helper
INFO     [🔧TEST CONFIG]:conftest.py:108 Creating Apolo CLI instance
INFO     [🔧TEST CONFIG]:conftest.py:136 Continue using UserData(email='regression-wd2xiwalca@apolo.us', username='regression-wd2xiwalca', password='xL7xv8zADVMT') as main test user...
INFO     [👤UsersManager]:users_manager.py:73 Setting main user to UserData(email='regression-wd2xiwalca@apolo.us', username='regression-wd2xiwalca', password='xL7xv8zADVMT')
INFO     [🔧TEST CONFIG]:conftest.py:169 Continue using UserData(email='regression-ybfuz16s7l@apolo.us', username='regression-ybfuz16s7l', password='te6KH%8PwyAi') as second test user...
INFO     [👤UsersManager]:users_manager.py:82 Setting second user to UserData(email='regression-ybfuz16s7l@apolo.us', username='regression-ybfuz16s7l', password='te6KH%8PwyAi')
INFO     [🔧TEST CONFIG]:conftest.py:173 Continue using UserData(email='regression-ueiilyvoei@apolo.us', username='regression-ueiilyvoei', password='6vOuZNjjjrZE') as third test user...
INFO     [👤UsersManager]:users_manager.py:91 Setting third user to UserData(email='regression-ueiilyvoei@apolo.us', username='regression-ueiilyvoei', password='6vOuZNjjjrZE')
INFO     [📘TEST_INFO]:reporting.py:37 ▶️ STEP started: Verify Apolo CLI client is installed
INFO     [🖥apolo_CLI]:apolo_runner.py:25 check CLI version. Running command via cli:

apolo --version

INFO     [🖥apolo_CLI]:apolo_runner.py:86 check CLI version succeeded:

Apolo Platform Client 25.7.2

INFO     [📘TEST_INFO]:reporting.py:51 ✅ STEP completed: Verify Apolo CLI client is installed
INFO     [📘TEST_INFO]:reporting.py:86 ------------------------------------------------------------
INFO     [📘TEST_INFO]:reporting.py:87 📝 TEST started: Add user not in organization to project via CLI
INFO     [📘TEST_INFO]:reporting.py:88 ------------------------------------------------------------
INFO     [📘TEST_INFO]:reporting.py:37 ▶️ STEP started: Login via UI
INFO     [📘TEST_INFO]:reporting.py:37 ▶️ STEP started: Click login button
INFO     [🎭 Playwright]:base_page.py:16 <AuthPage>: Click log in button
INFO     [📘TEST_INFO]:reporting.py:51 ✅ STEP completed: Click login button
INFO     [📘TEST_INFO]:reporting.py:225 📸 Screenshot captured and attached (success): /home/runner/work/apolo-test-automation/apolo-test-automation/reports/screenshots/ui_click_login_button_success_843b21.png
INFO     [📘TEST_INFO]:reporting.py:37 ▶️ STEP started: Enter email
INFO     [🎭 Playwright]:base_page.py:16 <LoginPage>: Enter regression-wd2xiwalca@apolo.us email
INFO     [📘TEST_INFO]:reporting.py:51 ✅ STEP completed: Enter email
INFO     [📘TEST_INFO]:reporting.py:225 📸 Screenshot captured and attached (success): /home/runner/work/apolo-test-automation/apolo-test-automation/reports/screenshots/ui_enter_email_success_5382e5.png
INFO     [📘TEST_INFO]:reporting.py:37 ▶️ STEP started: Enter password
INFO     [🎭 Playwright]:base_page.py:16 <LoginPage>: Enter ********* password
INFO     [📘TEST_INFO]:reporting.py:51 ✅ STEP completed: Enter password
INFO     [📘TEST_INFO]:reporting.py:225 📸 Screenshot captured and attached (success): /home/runner/work/apolo-test-automation/apolo-test-automation/reports/screenshots/ui_enter_password_success_bb8b68.png
INFO     [📘TEST_INFO]:reporting.py:37 ▶️ STEP started: Click Continue button
INFO     [🎭 Playwright]:base_page.py:16 <LoginPage>: Click continue button
WARNING  [🔧TEST CONFIG]:conftest.py:342 [HTTP 200] GET https://api.dev.apolo.us/api/v1/config
Request Body:
<not available>
Response Body (first 1000 chars):
{"authorized": true, "orgs": [], "clusters": [], "projects": [], "admin_url": "https://api.dev.apolo.us/apis/admin/v1", "auth_url": "https://auth.dev.apolo.us/authorize", "token_url": "https://auth.dev.apolo.us/oauth/token", "logout_url": "https://auth.dev.apolo.us/v2/logout?returnTo=https://console.dev.apolo.us", "client_id": "q3I0OzzGnTDkhRmpeJ7WWgaTCucmVxTL", "audience": "https://api.dev.apolo.us", "callback_urls": ["http://127.0.0.1:54540", "http://127.0.0.1:54541", "http://127.0.0.1:54542"], "headless_callback_url": "https://api.dev.apolo.us/oauth/show-code", "success_redirect_url": "https://api.dev.apolo.us/oauth/login"}
WARNING  [🔧TEST CONFIG]:conftest.py:342 [HTTP 200] GET https://api.dev.apolo.us/api/v1/users/regression-wd2xiwalca/permissions?uri=blob:
Request Body:
<not available>
Response Body (first 1000 chars):
[]
WARNING  [🔧TEST CONFIG]:conftest.py:342 [HTTP 200] GET https://api.dev.apolo.us/apis/admin/v1/users/regression-wd2xiwalca?include=clusters&include=system_role
Request Body:
<not available>
Response Body (first 1000 chars):
{"name": "regression-wd2xiwalca", "email": "regression-wd2xiwalca@apolo.us", "first_name": null, "last_name": null, "created_at": "2025-08-23T01:33:28.448890+00:00", "terms_accepted": true, "clusters": []}
WARNING  [🔧TEST CONFIG]:conftest.py:342 [HTTP 200] GET https://api.dev.apolo.us/apis/admin/v1/users/regression-wd2xiwalca?include=orgs
Request Body:
<not available>
Response Body (first 1000 chars):
{"name": "regression-wd2xiwalca", "email": "regression-wd2xiwalca@apolo.us", "first_name": null, "last_name": null, "created_at": "2025-08-23T01:33:28.448890+00:00", "terms_accepted": true, "orgs": []}
INFO     [🎭 Playwright]:base_page.py:16 <LoginPage>: Waiting for spinner
WARNING  [🔧TEST CONFIG]:conftest.py:342 [HTTP 200] GET https://api.dev.apolo.us/apis/admin/v1/invites/incoming
Request Body:
<not available>
Response Body (first 1000 chars):
[]
INFO     [🎭 Playwright]:base_page.py:16 <LoginPage>: Timeout error for spinner
INFO     [📘TEST_INFO]:reporting.py:51 ✅ STEP completed: Click Continue button
INFO     [📘TEST_INFO]:reporting.py:225 📸 Screenshot captured and attached (success): /home/runner/work/apolo-test-automation/apolo-test-automation/reports/screenshots/ui_click_continue_button_success_8404b8.png
INFO     [📘TEST_INFO]:reporting.py:37 ▶️ STEP started: Verify that Welcome new user page displayed
INFO     [🎭 Playwright]:base_page.py:16 <WelcomeNewUserPage>: Check if page loaded
INFO     [📘TEST_INFO]:reporting.py:51 ✅ STEP completed: Verify that Welcome new user page displayed
INFO     [📘TEST_INFO]:reporting.py:225 📸 Screenshot captured and attached (success): /home/runner/work/apolo-test-automation/apolo-test-automation/reports/screenshots/verify_ui_page_displayed_success_b26ab5.png
INFO     [📘TEST_INFO]:reporting.py:51 ✅ STEP completed: Login via UI
INFO     [📘TEST_INFO]:reporting.py:225 📸 Screenshot captured and attached (success): /home/runner/work/apolo-test-automation/apolo-test-automation/reports/screenshots/ui_login_success_7184ad.png
INFO     [📘TEST_INFO]:reporting.py:37 ▶️ STEP started: Add organization via API and reload page
INFO     [🔧DATA MANAGER]:test_data.py:48 Added organization: org_name=regression-org-19dg88kttj4x, gherkin_name=My-organization
INFO     [🌐API_helper]:api_helper.py:160 Add org regression-org-19dg88kttj4x response: <ClientResponse(https://api.dev.apolo.us/apis/admin/v1/orgs?skip_auto_add_to_clusters=false) [201 Created]>
<CIMultiDictProxy('Access-Control-Allow-Credentials': 'true', 'Content-Length': '274', 'Content-Type': 'application/json; charset=utf-8', 'Date': 'Sat, 23 Aug 2025 02:40:41 GMT', 'Server': 'Python/3.13 aiohttp/3.12.15', 'Vary': 'Origin', 'x-service-version': 'platform-admin/0.0.0.post1.dev0+422381d', 'Via': '1.1 google', 'Alt-Svc': 'h3=":443"; ma=2592000,h3-29=":443"; ma=2592000')>

INFO     [📘TEST_INFO]:reporting.py:37 ▶️ STEP started: Reload page
WARNING  [🔧TEST CONFIG]:conftest.py:342 [HTTP 200] GET https://api.dev.apolo.us/api/v1/config
Request Body:
<not available>
Response Body (first 1000 chars):
{"authorized": true, "orgs": [{"name": "regression-org-19dg88kttj4x", "role": "admin"}], "clusters": [{"name": "default", "registry_url": "https://registry.api.dev.apolo.us", "storage_url": "https://api.dev.apolo.us/api/v1/storage", "monitoring_url": "https://monitoring.api.dev.apolo.us/api/v1/jobs", "secrets_url": "https://api.dev.apolo.us/api/v1/secrets", "metrics_url": "https://grafana.dev.apolo.us", "disks_url": "https://api.dev.apolo.us/api/v1/disk", "buckets_url": "https://api.dev.apolo.us/api/v1/buckets", "resource_pool_types": [{"name": "default", "min_size": 1, "max_size": 20, "cpu": 4, "available_cpu": 3.3, "memory": 16106127360, "available_memory": 11813676647, "disk_size": 161061273600, "available_disk_size": 150000000000}, {"name": "g2-standard-4", "min_size": 0, "max_size": 5, "cpu": 4, "available_cpu": 3, "memory": 17179869184, "available_memory": 16106127360, "disk_size": 322122547200, "available_disk_size": 150000000000, "nvidia_gpu": 1, "nvidia_gpu_model": "nvidia-l4"
WARNING  [🔧TEST CONFIG]:conftest.py:342 [HTTP 200] GET https://api.dev.apolo.us/api/v1/users/regression-wd2xiwalca/permissions?uri=blob:
Request Body:
<not available>
Response Body (first 1000 chars):
[{"uri": "blob://default/regression-org-19dg88kttj4x", "action": "manage"}]
WARNING  [🔧TEST CONFIG]:conftest.py:342 [HTTP 200] GET https://api.dev.apolo.us/apis/admin/v1/invites/incoming
Request Body:
<not available>
Response Body (first 1000 chars):
[]
WARNING  [🔧TEST CONFIG]:conftest.py:342 [HTTP 200] GET https://api.dev.apolo.us/apis/admin/v1/orgs/regression-org-19dg88kttj4x
Request Body:
<not available>
Response Body (first 1000 chars):
{"name": "regression-org-19dg88kttj4x", "balance": {"credits": "500", "spent_credits": "0"}, "user_default_credits": null, "notification_intervals": {"balance_projection_seconds": [604800, 259200, 86400], "balance_amount": [0], "balance_depletion_seconds": [86400, 604800]}}
WARNING  [🔧TEST CONFIG]:conftest.py:342 [HTTP 200] GET https://api.dev.apolo.us/apis/admin/v1/users/regression-wd2xiwalca?include=orgs
Request Body:
<not available>
Response Body (first 1000 chars):
{"name": "regression-wd2xiwalca", "email": "regression-wd2xiwalca@apolo.us", "first_name": null, "last_name": null, "created_at": "2025-08-23T01:33:28.448890+00:00", "terms_accepted": true, "orgs": [{"org_name": "regression-org-19dg88kttj4x", "role": "admin", "balance": {"spent_credits": "0"}}]}
INFO     [🎭 Playwright]:base_page.py:16 <MainPage>: Waiting for spinner
WARNING  [🔧TEST CONFIG]:conftest.py:342 [HTTP 200] GET https://api.dev.apolo.us/apis/admin/v1/users/regression-wd2xiwalca?include=clusters&include=system_role
Request Body:
<not available>
Response Body (first 1000 chars):
{"name": "regression-wd2xiwalca", "email": "regression-wd2xiwalca@apolo.us", "first_name": null, "last_name": null, "created_at": "2025-08-23T01:33:28.448890+00:00", "terms_accepted": true, "clusters": [{"cluster_name": "default", "role": "admin", "org_name": "regression-org-19dg88kttj4x", "balance": {"spent_credits": "0"}}]}
INFO     [🎭 Playwright]:base_page.py:16 <MainPage>: Timeout error for spinner
INFO     [📘TEST_INFO]:reporting.py:51 ✅ STEP completed: Reload page
INFO     [📘TEST_INFO]:reporting.py:225 📸 Screenshot captured and attached (success): /home/runner/work/apolo-test-automation/apolo-test-automation/reports/screenshots/ui_reload_page_success_3b3b29.png
INFO     [📘TEST_INFO]:reporting.py:51 ✅ STEP completed: Add organization via API and reload page
INFO     [📘TEST_INFO]:reporting.py:225 📸 Screenshot captured and attached (success): /home/runner/work/apolo-test-automation/apolo-test-automation/reports/screenshots/ui_add_org_api_success_ae44fb.png
INFO     [🔧TEST CONFIG]:conftest.py:273 Starting browser in a headless mode...
INFO     [🔧TEST CONFIG]:conftest.py:286 Initializing new browser context
INFO     [🔧TEST CONFIG]:conftest.py:294 Navigating to: https://console.dev.apolo.us/
WARNING  [🔧TEST CONFIG]:conftest.py:342 [HTTP 200] GET https://api.dev.apolo.us/api/v1/config
Request Body:
<not available>
Response Body (first 1000 chars):
{"authorized": false, "auth_url": "https://auth.dev.apolo.us/authorize", "token_url": "https://auth.dev.apolo.us/oauth/token", "logout_url": "https://auth.dev.apolo.us/v2/logout?returnTo=https://console.dev.apolo.us", "client_id": "q3I0OzzGnTDkhRmpeJ7WWgaTCucmVxTL", "audience": "https://api.dev.apolo.us", "callback_urls": ["http://127.0.0.1:54540", "http://127.0.0.1:54541", "http://127.0.0.1:54542"], "headless_callback_url": "https://api.dev.apolo.us/oauth/show-code", "success_redirect_url": "https://api.dev.apolo.us/oauth/login"}
INFO     [📘TEST_INFO]:reporting.py:37 ▶️ STEP started: <<User2>> :: Get second user
INFO     [📘TEST_INFO]:reporting.py:51 ✅ STEP completed: <<User2>> :: Get second user
INFO     [📘TEST_INFO]:reporting.py:225 📸 Screenshot captured and attached (success): /home/runner/work/apolo-test-automation/apolo-test-automation/reports/screenshots/ui_get_second_user_success_a88422.png
INFO     [📘TEST_INFO]:reporting.py:37 ▶️ STEP started: <<User2>> :: Login via UI
INFO     [📘TEST_INFO]:reporting.py:37 ▶️ STEP started: <<User2>> :: Click login button
INFO     [🎭 Playwright]:base_page.py:16 <AuthPage>: Click log in button
INFO     [📘TEST_INFO]:reporting.py:51 ✅ STEP completed: <<User2>> :: Click login button
INFO     [📘TEST_INFO]:reporting.py:225 📸 Screenshot captured and attached (success): /home/runner/work/apolo-test-automation/apolo-test-automation/reports/screenshots/ui_click_login_button_success_4786dd.png
INFO     [📘TEST_INFO]:reporting.py:37 ▶️ STEP started: <<User2>> :: Enter email
INFO     [🎭 Playwright]:base_page.py:16 <LoginPage>: Enter regression-ybfuz16s7l@apolo.us email
INFO     [📘TEST_INFO]:reporting.py:51 ✅ STEP completed: <<User2>> :: Enter email
INFO     [📘TEST_INFO]:reporting.py:225 📸 Screenshot captured and attached (success): /home/runner/work/apolo-test-automation/apolo-test-automation/reports/screenshots/ui_enter_email_success_6cd841.png
INFO     [📘TEST_INFO]:reporting.py:37 ▶️ STEP started: <<User2>> :: Enter password
INFO     [🎭 Playwright]:base_page.py:16 <LoginPage>: Enter ********* password
INFO     [📘TEST_INFO]:reporting.py:51 ✅ STEP completed: <<User2>> :: Enter password
INFO     [📘TEST_INFO]:reporting.py:225 📸 Screenshot captured and attached (success): /home/runner/work/apolo-test-automation/apolo-test-automation/reports/screenshots/ui_enter_password_success_4fdd2b.png
INFO     [📘TEST_INFO]:reporting.py:37 ▶️ STEP started: <<User2>> :: Click Continue button
INFO     [🎭 Playwright]:base_page.py:16 <LoginPage>: Click continue button
INFO     [🎭 Playwright]:base_page.py:16 <LoginPage>: Waiting for spinner
WARNING  [🔧TEST CONFIG]:conftest.py:342 [HTTP 200] GET https://api.dev.apolo.us/api/v1/config
Request Body:
<not available>
Response Body (first 1000 chars):
{"authorized": true, "orgs": [], "clusters": [], "projects": [], "admin_url": "https://api.dev.apolo.us/apis/admin/v1", "auth_url": "https://auth.dev.apolo.us/authorize", "token_url": "https://auth.dev.apolo.us/oauth/token", "logout_url": "https://auth.dev.apolo.us/v2/logout?returnTo=https://console.dev.apolo.us", "client_id": "q3I0OzzGnTDkhRmpeJ7WWgaTCucmVxTL", "audience": "https://api.dev.apolo.us", "callback_urls": ["http://127.0.0.1:54540", "http://127.0.0.1:54541", "http://127.0.0.1:54542"], "headless_callback_url": "https://api.dev.apolo.us/oauth/show-code", "success_redirect_url": "https://api.dev.apolo.us/oauth/login"}
WARNING  [🔧TEST CONFIG]:conftest.py:342 [HTTP 200] GET https://api.dev.apolo.us/api/v1/users/regression-ybfuz16s7l/permissions?uri=blob:
Request Body:
<not available>
Response Body (first 1000 chars):
[]
WARNING  [🔧TEST CONFIG]:conftest.py:342 [HTTP 200] GET https://api.dev.apolo.us/apis/admin/v1/invites/incoming
Request Body:
<not available>
Response Body (first 1000 chars):
[]
WARNING  [🔧TEST CONFIG]:conftest.py:342 [HTTP 200] GET https://api.dev.apolo.us/apis/admin/v1/users/regression-ybfuz16s7l?include=orgs
Request Body:
<not available>
Response Body (first 1000 chars):
{"name": "regression-ybfuz16s7l", "email": "regression-ybfuz16s7l@apolo.us", "first_name": null, "last_name": null, "created_at": "2025-08-23T01:34:03.746828+00:00", "terms_accepted": true, "orgs": []}
WARNING  [🔧TEST CONFIG]:conftest.py:342 [HTTP 200] GET https://api.dev.apolo.us/apis/admin/v1/users/regression-ybfuz16s7l?include=clusters&include=system_role
Request Body:
<not available>
Response Body (first 1000 chars):
{"name": "regression-ybfuz16s7l", "email": "regression-ybfuz16s7l@apolo.us", "first_name": null, "last_name": null, "created_at": "2025-08-23T01:34:03.746828+00:00", "terms_accepted": true, "clusters": []}
INFO     [🎭 Playwright]:base_page.py:16 <LoginPage>: Timeout error for spinner
INFO     [📘TEST_INFO]:reporting.py:51 ✅ STEP completed: <<User2>> :: Click Continue button
INFO     [📘TEST_INFO]:reporting.py:225 📸 Screenshot captured and attached (success): /home/runner/work/apolo-test-automation/apolo-test-automation/reports/screenshots/ui_click_continue_button_success_83d91e.png
INFO     [📘TEST_INFO]:reporting.py:37 ▶️ STEP started: <<User2>> :: Verify that Welcome new user page displayed
INFO     [🎭 Playwright]:base_page.py:16 <WelcomeNewUserPage>: Check if page loaded
INFO     [📘TEST_INFO]:reporting.py:51 ✅ STEP completed: <<User2>> :: Verify that Welcome new user page displayed
INFO     [📘TEST_INFO]:reporting.py:225 📸 Screenshot captured and attached (success): /home/runner/work/apolo-test-automation/apolo-test-automation/reports/screenshots/verify_ui_page_displayed_success_14c19c.png
INFO     [📘TEST_INFO]:reporting.py:51 ✅ STEP completed: <<User2>> :: Login via UI
INFO     [📘TEST_INFO]:reporting.py:225 📸 Screenshot captured and attached (success): /home/runner/work/apolo-test-automation/apolo-test-automation/reports/screenshots/ui_login_success_8644b9.png
INFO     [📘TEST_INFO]:reporting.py:37 ▶️ STEP started: Login to apolo CLI with access token
INFO     [🖥apolo_CLI]:apolo_runner.py:25 login-with-token. Running command via cli:

apolo config login-with-token eyJhbGciOiJSUzI1NiIsInR5cCI6IkpXVCIsImtpZCI6IjhyNXZCR0E4ZXNuc1IzbXJ0NUFSViJ9.eyJodHRwczovL3BsYXRmb3JtLm5ldXJvbWF0aW9uLmlvL3VzZXIiOiJyZWdyZXNzaW9uLXdkMnhpd2FsY2EiLCJodHRwczovL3BsYXRmb3JtLm5ldXJvbWF0aW9uLmlvL2xvZ2luX3JlZGlyZWN0X3VybCI6Imh0dHBzOi8vY29uc29sZS5kZXYuYXBvbG8udXMiLCJodHRwczovL3BsYXRmb3JtLmFwb2xvLnVzL29yaWdpbiI6Imh0dHBzOi8vY29uc29sZS5kZXYuYXBvbG8udXMiLCJpc3MiOiJodHRwczovL2F1dGguZGV2LmFwb2xvLnVzLyIsInN1YiI6ImF1dGgwfDY4YTkxYTVlMTNjMzZhYWUyMzMyZjRlNyIsImF1ZCI6WyJodHRwczovL2FwaS5kZXYuYXBvbG8udXMiLCJodHRwczovL2Rldi1hcG9sby11cy51cy5hdXRoMC5jb20vdXNlcmluZm8iXSwiaWF0IjoxNzU1OTE2ODI2LCJleHAiOjE3NTYwMDMyMjYsInNjb3BlIjoib3BlbmlkIHByb2ZpbGUgZW1haWwiLCJhenAiOiJxM0kwT3p6R25URGtoUm1wZUo3V1dnYVRDdWNtVnhUTCJ9.lbXaLKF4_PkZJrqWbMM3dpOQ3rk98SNwGOnf8NY_7AYQuAkOBXV8M-tSn4yjm38AELyg2trBTxV3ib94smM_s5H2qRInwlIBu4qHiwXvmFtAC3_NLNcVIA5aZ-Z_YpN3Exxpi07mKQL0UZC0TQcVZYYbosAEMCjGF0XHMyR8rlv0rTXKfaEVoZMjdpsKkJlu8KwQ9ghiYvLCaIlAtf23ZhZ-3xu546d8XvtSAODnsXGLsVTPTdp73S_55nmB8UHvJvv188TSpjfjipw2_AgWnFehhewHggV79I2gPYD6TT7GSfM7urgoXb3cExrPwW5nBCQGWe97tS7O7cM-AyftSw https://api.dev.apolo.us/api/v1

INFO     [🖥apolo_CLI]:apolo_runner.py:86 login-with-token succeeded:

You were successfully logged out.
Logged into https://api.dev.apolo.us/api/v1 as regression-wd2xiwalca, current cluster is default, org is regression-org-19dg88kttj4x project is None
Read the docs at https://docs.apolo.us or run `apolo --help` to see the reference

INFO     [📘TEST_INFO]:reporting.py:51 ✅ STEP completed: Login to apolo CLI with access token
INFO     [📘TEST_INFO]:reporting.py:37 ▶️ STEP started: Add new project via apolo CLI
INFO     [🖥apolo_CLI]:apolo_runner.py:25 create project regression-proj-jhopqq0r92 under regression-org-19dg88kttj4x. Running command via cli:

apolo admin add-project --default-role reader --org regression-org-19dg88kttj4x default regression-proj-jhopqq0r92

INFO     [🖥apolo_CLI]:apolo_runner.py:86 create project regression-proj-jhopqq0r92 under regression-org-19dg88kttj4x succeeded:

Added project regression-proj-jhopqq0r92 to cluster default to org regression-org-19dg88kttj4x. Info:
 Name                regression-proj-jhopqq0r92 
 Default role        reader                     
 Is default project  False                      
Selected regression-proj-jhopqq0r92 as current project.

INFO     [📘TEST_INFO]:reporting.py:51 ✅ STEP completed: Add new project via apolo CLI
INFO     [📘TEST_INFO]:reporting.py:37 ▶️ STEP started: Add user not in organization to project via CLI
INFO     [🖥apolo_CLI]:apolo_runner.py:25 add user regression-ybfuz16s7l to project regression-proj-jhopqq0r92. Running command via cli:

apolo admin add-project-user --org regression-org-19dg88kttj4x default regression-proj-jhopqq0r92 regression-ybfuz16s7l reader

ERROR    [🖥apolo_CLI]:apolo_runner.py:82 add user regression-ybfuz16s7l to project regression-proj-jhopqq0r92 failed:

Your root certificates are out of date.
You are using certifi 2025.7.14, however 2025.8.3 is available.
Please consider upgrading certifi package, e.g.:
    python -m pip install --upgrade certifi
or
    conda update certifi

ERROR: User 'regression-org-19dg88kttj4x/regression-ybfuz16s7l' not found in cluster 'default'


ERROR    [📘TEST_INFO]:reporting.py:56 ❌ STEP failed: Add user not in organization to project via CLI
ERROR    [📘TEST_INFO]:reporting.py:95 ❌ TEST failed: Add user not in organization to project via CLI
Exception: [AssertionError] during step: Add user not in organization to project via CLI
Message: Expected: 
ERROR: User 'regression-org-19dg88kttj4x/regression-ybfuz16s7l' not found in cluster 'default' 
but got 
Your root certificates are out of date.
You are using certifi 2025.7.14, however 2025.8.3 is available.
Please consider upgrading certifi package, e.g.:
    python -m pip install --upgrade certifi
or
    conda update certifi

ERROR: User 'regression-org-19dg88kttj4x/regression-ybfuz16s7l' not found in cluster 'default'
INFO     [📘TEST_INFO]:reporting.py:98 ------------------------------------------------------------
INFO     [📘TEST_INFO]:reporting.py:155 ============================================================
INFO     [📘TEST_INFO]:reporting.py:156 📊 SUITE SUMMARY: 5 passed, 1 failed
INFO     [📘TEST_INFO]:reporting.py:159 ============================================================
INFO     [🌐API_helper]:api_helper.py:44 GET https://api.dev.apolo.us/apis/admin/v1/orgs
INFO     [🌐API_helper]:api_helper.py:135 Status: 200. Response: [{'name': 'regression-org-19dg88kttj4x', 'balance': {'credits': '500', 'spent_credits': '0'}, 'user_default_credits': None, 'notification_intervals': {'balance_projection_seconds': [604800, 259200, 86400], 'balance_amount': [0], 'balance_depletion_seconds': [86400, 604800]}}]
INFO     [🔧TEST CONFIG]:conftest.py:218 Cleaning up 1 organisations
INFO     [🌐API_helper]:api_helper.py:142 Delete organization response: <ClientResponse(https://api.dev.apolo.us/apis/admin/v1/orgs/regression-org-19dg88kttj4x) [200 OK]>
<CIMultiDictProxy('Access-Control-Allow-Credentials': 'true', 'Content-Length': '274', 'Content-Type': 'application/json; charset=utf-8', 'Date': 'Sat, 23 Aug 2025 02:41:12 GMT', 'Server': 'Python/3.13 aiohttp/3.12.15', 'Vary': 'Origin', 'x-service-version': 'platform-admin/0.0.0.post1.dev0+422381d', 'Via': '1.1 google', 'Alt-Svc': 'h3=":443"; ma=2592000,h3-29=":443"; ma=2592000')>

INFO     [🔧TEST CONFIG]:conftest.py:244 Removed organisation: regression-org-19dg88kttj4x
INFO     [🔧TEST CONFIG]:conftest.py:248 Closing all browser sessions
INFO     [🔧TEST CONFIG]:conftest.py:252 Closed context
INFO     [🔧TEST CONFIG]:conftest.py:259 Closed browser
INFO     [🔧TEST CONFIG]:conftest.py:252 Closed context
INFO     [🔧TEST CONFIG]:conftest.py:259 Closed browser
INFO     [🔧TEST CONFIG]:conftest.py:264 Closed all browser sessions
INFO     [🔧TEST CONFIG]:conftest.py:82 Loading test configuration
INFO     [🔧TEST CONFIG]:conftest.py:273 Starting browser in a headless mode...
INFO     [🔧TEST CONFIG]:conftest.py:286 Initializing new browser context
INFO     [🔧TEST CONFIG]:conftest.py:294 Navigating to: https://console.dev.apolo.us/
WARNING  [🔧TEST CONFIG]:conftest.py:342 [HTTP 200] GET https://api.dev.apolo.us/api/v1/config
Request Body:
<not available>
Response Body (first 1000 chars):
{"authorized": false, "auth_url": "https://auth.dev.apolo.us/authorize", "token_url": "https://auth.dev.apolo.us/oauth/token", "logout_url": "https://auth.dev.apolo.us/v2/logout?returnTo=https://console.dev.apolo.us", "client_id": "q3I0OzzGnTDkhRmpeJ7WWgaTCucmVxTL", "audience": "https://api.dev.apolo.us", "callback_urls": ["http://127.0.0.1:54540", "http://127.0.0.1:54541", "http://127.0.0.1:54542"], "headless_callback_url": "https://api.dev.apolo.us/oauth/show-code", "success_redirect_url": "https://api.dev.apolo.us/oauth/login"}
INFO     [🔧TEST CONFIG]:conftest.py:88 Creating data manager
INFO     [🔧TEST CONFIG]:conftest.py:114 Creating users manager
INFO     [🔧TEST CONFIG]:conftest.py:100 Creating API helper
INFO     [🔧TEST CONFIG]:conftest.py:108 Creating Apolo CLI instance
INFO     [🔧TEST CONFIG]:conftest.py:136 Continue using UserData(email='regression-wd2xiwalca@apolo.us', username='regression-wd2xiwalca', password='xL7xv8zADVMT') as main test user...
INFO     [👤UsersManager]:users_manager.py:73 Setting main user to UserData(email='regression-wd2xiwalca@apolo.us', username='regression-wd2xiwalca', password='xL7xv8zADVMT')
INFO     [🔧TEST CONFIG]:conftest.py:169 Continue using UserData(email='regression-ybfuz16s7l@apolo.us', username='regression-ybfuz16s7l', password='te6KH%8PwyAi') as second test user...
INFO     [👤UsersManager]:users_manager.py:82 Setting second user to UserData(email='regression-ybfuz16s7l@apolo.us', username='regression-ybfuz16s7l', password='te6KH%8PwyAi')
INFO     [🔧TEST CONFIG]:conftest.py:173 Continue using UserData(email='regression-ueiilyvoei@apolo.us', username='regression-ueiilyvoei', password='6vOuZNjjjrZE') as third test user...
INFO     [👤UsersManager]:users_manager.py:91 Setting third user to UserData(email='regression-ueiilyvoei@apolo.us', username='regression-ueiilyvoei', password='6vOuZNjjjrZE')
INFO     [📘TEST_INFO]:reporting.py:37 ▶️ STEP started: Verify Apolo CLI client is installed
INFO     [🖥apolo_CLI]:apolo_runner.py:25 check CLI version. Running command via cli:

apolo --version

INFO     [🖥apolo_CLI]:apolo_runner.py:86 check CLI version succeeded:

Apolo Platform Client 25.7.2

INFO     [📘TEST_INFO]:reporting.py:51 ✅ STEP completed: Verify Apolo CLI client is installed
INFO     [📘TEST_INFO]:reporting.py:86 ------------------------------------------------------------
INFO     [📘TEST_INFO]:reporting.py:87 📝 TEST started: Add user not in organization to project via CLI
INFO     [📘TEST_INFO]:reporting.py:88 ------------------------------------------------------------
INFO     [📘TEST_INFO]:reporting.py:37 ▶️ STEP started: Login via UI
INFO     [📘TEST_INFO]:reporting.py:37 ▶️ STEP started: Click login button
INFO     [🎭 Playwright]:base_page.py:16 <AuthPage>: Click log in button
INFO     [📘TEST_INFO]:reporting.py:51 ✅ STEP completed: Click login button
INFO     [📘TEST_INFO]:reporting.py:225 📸 Screenshot captured and attached (success): /home/runner/work/apolo-test-automation/apolo-test-automation/reports/screenshots/ui_click_login_button_success_f93b80.png
INFO     [📘TEST_INFO]:reporting.py:37 ▶️ STEP started: Enter email
INFO     [🎭 Playwright]:base_page.py:16 <LoginPage>: Enter regression-wd2xiwalca@apolo.us email
INFO     [📘TEST_INFO]:reporting.py:51 ✅ STEP completed: Enter email
INFO     [📘TEST_INFO]:reporting.py:225 📸 Screenshot captured and attached (success): /home/runner/work/apolo-test-automation/apolo-test-automation/reports/screenshots/ui_enter_email_success_7fecad.png
INFO     [📘TEST_INFO]:reporting.py:37 ▶️ STEP started: Enter password
INFO     [🎭 Playwright]:base_page.py:16 <LoginPage>: Enter ********* password
INFO     [📘TEST_INFO]:reporting.py:51 ✅ STEP completed: Enter password
INFO     [📘TEST_INFO]:reporting.py:225 📸 Screenshot captured and attached (success): /home/runner/work/apolo-test-automation/apolo-test-automation/reports/screenshots/ui_enter_password_success_cdbcf1.png
INFO     [📘TEST_INFO]:reporting.py:37 ▶️ STEP started: Click Continue button
INFO     [🎭 Playwright]:base_page.py:16 <LoginPage>: Click continue button
INFO     [🎭 Playwright]:base_page.py:16 <LoginPage>: Waiting for spinner
WARNING  [🔧TEST CONFIG]:conftest.py:342 [HTTP 200] GET https://api.dev.apolo.us/api/v1/config
Request Body:
<not available>
Response Body (first 1000 chars):
{"authorized": true, "orgs": [], "clusters": [], "projects": [], "admin_url": "https://api.dev.apolo.us/apis/admin/v1", "auth_url": "https://auth.dev.apolo.us/authorize", "token_url": "https://auth.dev.apolo.us/oauth/token", "logout_url": "https://auth.dev.apolo.us/v2/logout?returnTo=https://console.dev.apolo.us", "client_id": "q3I0OzzGnTDkhRmpeJ7WWgaTCucmVxTL", "audience": "https://api.dev.apolo.us", "callback_urls": ["http://127.0.0.1:54540", "http://127.0.0.1:54541", "http://127.0.0.1:54542"], "headless_callback_url": "https://api.dev.apolo.us/oauth/show-code", "success_redirect_url": "https://api.dev.apolo.us/oauth/login"}
WARNING  [🔧TEST CONFIG]:conftest.py:342 [HTTP 200] GET https://api.dev.apolo.us/api/v1/users/regression-wd2xiwalca/permissions?uri=blob:
Request Body:
<not available>
Response Body (first 1000 chars):
[]
INFO     [🎭 Playwright]:base_page.py:16 <LoginPage>: Waiting for spinner to disappear
WARNING  [🔧TEST CONFIG]:conftest.py:342 [HTTP 200] GET https://api.dev.apolo.us/apis/admin/v1/invites/incoming
Request Body:
<not available>
Response Body (first 1000 chars):
[]
WARNING  [🔧TEST CONFIG]:conftest.py:342 [HTTP 200] GET https://api.dev.apolo.us/apis/admin/v1/users/regression-wd2xiwalca?include=clusters&include=system_role
Request Body:
<not available>
Response Body (first 1000 chars):
{"name": "regression-wd2xiwalca", "email": "regression-wd2xiwalca@apolo.us", "first_name": null, "last_name": null, "created_at": "2025-08-23T01:33:28.448890+00:00", "terms_accepted": true, "clusters": []}
WARNING  [🔧TEST CONFIG]:conftest.py:342 [HTTP 200] GET https://api.dev.apolo.us/apis/admin/v1/users/regression-wd2xiwalca?include=orgs
Request Body:
<not available>
Response Body (first 1000 chars):
{"name": "regression-wd2xiwalca", "email": "regression-wd2xiwalca@apolo.us", "first_name": null, "last_name": null, "created_at": "2025-08-23T01:33:28.448890+00:00", "terms_accepted": true, "orgs": []}
INFO     [📘TEST_INFO]:reporting.py:51 ✅ STEP completed: Click Continue button
INFO     [📘TEST_INFO]:reporting.py:225 📸 Screenshot captured and attached (success): /home/runner/work/apolo-test-automation/apolo-test-automation/reports/screenshots/ui_click_continue_button_success_ea1f23.png
INFO     [📘TEST_INFO]:reporting.py:37 ▶️ STEP started: Verify that Welcome new user page displayed
INFO     [🎭 Playwright]:base_page.py:16 <WelcomeNewUserPage>: Check if page loaded
INFO     [📘TEST_INFO]:reporting.py:51 ✅ STEP completed: Verify that Welcome new user page displayed
INFO     [📘TEST_INFO]:reporting.py:225 📸 Screenshot captured and attached (success): /home/runner/work/apolo-test-automation/apolo-test-automation/reports/screenshots/verify_ui_page_displayed_success_a91584.png
INFO     [📘TEST_INFO]:reporting.py:51 ✅ STEP completed: Login via UI
INFO     [📘TEST_INFO]:reporting.py:225 📸 Screenshot captured and attached (success): /home/runner/work/apolo-test-automation/apolo-test-automation/reports/screenshots/ui_login_success_7dfa93.png
INFO     [📘TEST_INFO]:reporting.py:37 ▶️ STEP started: Add organization via API and reload page
INFO     [🔧DATA MANAGER]:test_data.py:48 Added organization: org_name=regression-org-bhu0owawlgk7, gherkin_name=My-organization
INFO     [🌐API_helper]:api_helper.py:160 Add org regression-org-bhu0owawlgk7 response: <ClientResponse(https://api.dev.apolo.us/apis/admin/v1/orgs?skip_auto_add_to_clusters=false) [201 Created]>
<CIMultiDictProxy('Access-Control-Allow-Credentials': 'true', 'Content-Length': '274', 'Content-Type': 'application/json; charset=utf-8', 'Date': 'Sat, 23 Aug 2025 02:41:50 GMT', 'Server': 'Python/3.13 aiohttp/3.12.15', 'Vary': 'Origin', 'x-service-version': 'platform-admin/0.0.0.post1.dev0+422381d', 'Via': '1.1 google', 'Alt-Svc': 'h3=":443"; ma=2592000,h3-29=":443"; ma=2592000')>

INFO     [📘TEST_INFO]:reporting.py:37 ▶️ STEP started: Reload page
INFO     [🎭 Playwright]:base_page.py:16 <MainPage>: Waiting for spinner
WARNING  [🔧TEST CONFIG]:conftest.py:342 [HTTP 200] GET https://api.dev.apolo.us/api/v1/config
Request Body:
<not available>
Response Body (first 1000 chars):
{"authorized": true, "orgs": [{"name": "regression-org-bhu0owawlgk7", "role": "admin"}], "clusters": [{"name": "default", "registry_url": "https://registry.api.dev.apolo.us", "storage_url": "https://api.dev.apolo.us/api/v1/storage", "monitoring_url": "https://monitoring.api.dev.apolo.us/api/v1/jobs", "secrets_url": "https://api.dev.apolo.us/api/v1/secrets", "metrics_url": "https://grafana.dev.apolo.us", "disks_url": "https://api.dev.apolo.us/api/v1/disk", "buckets_url": "https://api.dev.apolo.us/api/v1/buckets", "resource_pool_types": [{"name": "default", "min_size": 1, "max_size": 20, "cpu": 4, "available_cpu": 3.3, "memory": 16106127360, "available_memory": 11813676647, "disk_size": 161061273600, "available_disk_size": 150000000000}, {"name": "g2-standard-4", "min_size": 0, "max_size": 5, "cpu": 4, "available_cpu": 3, "memory": 17179869184, "available_memory": 16106127360, "disk_size": 322122547200, "available_disk_size": 150000000000, "nvidia_gpu": 1, "nvidia_gpu_model": "nvidia-l4"
INFO     [🎭 Playwright]:base_page.py:16 <MainPage>: Waiting for spinner to disappear
WARNING  [🔧TEST CONFIG]:conftest.py:342 [HTTP 200] GET https://api.dev.apolo.us/api/v1/users/regression-wd2xiwalca/permissions?uri=blob:
Request Body:
<not available>
Response Body (first 1000 chars):
[{"uri": "blob://default/regression-org-bhu0owawlgk7", "action": "manage"}]
WARNING  [🔧TEST CONFIG]:conftest.py:342 [HTTP 200] GET https://api.dev.apolo.us/apis/admin/v1/orgs/regression-org-bhu0owawlgk7
Request Body:
<not available>
Response Body (first 1000 chars):
{"name": "regression-org-bhu0owawlgk7", "balance": {"credits": "500", "spent_credits": "0"}, "user_default_credits": null, "notification_intervals": {"balance_projection_seconds": [604800, 259200, 86400], "balance_amount": [0], "balance_depletion_seconds": [86400, 604800]}}
WARNING  [🔧TEST CONFIG]:conftest.py:342 [HTTP 200] GET https://api.dev.apolo.us/apis/admin/v1/users/regression-wd2xiwalca?include=orgs
Request Body:
<not available>
Response Body (first 1000 chars):
{"name": "regression-wd2xiwalca", "email": "regression-wd2xiwalca@apolo.us", "first_name": null, "last_name": null, "created_at": "2025-08-23T01:33:28.448890+00:00", "terms_accepted": true, "orgs": [{"org_name": "regression-org-bhu0owawlgk7", "role": "admin", "balance": {"spent_credits": "0"}}]}
WARNING  [🔧TEST CONFIG]:conftest.py:342 [HTTP 200] GET https://api.dev.apolo.us/apis/admin/v1/users/regression-wd2xiwalca?include=clusters&include=system_role
Request Body:
<not available>
Response Body (first 1000 chars):
{"name": "regression-wd2xiwalca", "email": "regression-wd2xiwalca@apolo.us", "first_name": null, "last_name": null, "created_at": "2025-08-23T01:33:28.448890+00:00", "terms_accepted": true, "clusters": [{"cluster_name": "default", "role": "admin", "org_name": "regression-org-bhu0owawlgk7", "balance": {"spent_credits": "0"}}]}
INFO     [📘TEST_INFO]:reporting.py:51 ✅ STEP completed: Reload page
WARNING  [🔧TEST CONFIG]:conftest.py:342 [HTTP 200] GET https://api.dev.apolo.us/apis/admin/v1/invites/incoming
Request Body:
<not available>
Response Body (first 1000 chars):
[]
INFO     [📘TEST_INFO]:reporting.py:225 📸 Screenshot captured and attached (success): /home/runner/work/apolo-test-automation/apolo-test-automation/reports/screenshots/ui_reload_page_success_89f672.png
INFO     [📘TEST_INFO]:reporting.py:51 ✅ STEP completed: Add organization via API and reload page
INFO     [📘TEST_INFO]:reporting.py:225 📸 Screenshot captured and attached (success): /home/runner/work/apolo-test-automation/apolo-test-automation/reports/screenshots/ui_add_org_api_success_13fe93.png
INFO     [🔧TEST CONFIG]:conftest.py:273 Starting browser in a headless mode...
INFO     [🔧TEST CONFIG]:conftest.py:286 Initializing new browser context
INFO     [🔧TEST CONFIG]:conftest.py:294 Navigating to: https://console.dev.apolo.us/
WARNING  [🔧TEST CONFIG]:conftest.py:342 [HTTP 200] GET https://api.dev.apolo.us/api/v1/config
Request Body:
<not available>
Response Body (first 1000 chars):
{"authorized": false, "auth_url": "https://auth.dev.apolo.us/authorize", "token_url": "https://auth.dev.apolo.us/oauth/token", "logout_url": "https://auth.dev.apolo.us/v2/logout?returnTo=https://console.dev.apolo.us", "client_id": "q3I0OzzGnTDkhRmpeJ7WWgaTCucmVxTL", "audience": "https://api.dev.apolo.us", "callback_urls": ["http://127.0.0.1:54540", "http://127.0.0.1:54541", "http://127.0.0.1:54542"], "headless_callback_url": "https://api.dev.apolo.us/oauth/show-code", "success_redirect_url": "https://api.dev.apolo.us/oauth/login"}
INFO     [📘TEST_INFO]:reporting.py:37 ▶️ STEP started: <<User2>> :: Get second user
INFO     [📘TEST_INFO]:reporting.py:51 ✅ STEP completed: <<User2>> :: Get second user
INFO     [📘TEST_INFO]:reporting.py:225 📸 Screenshot captured and attached (success): /home/runner/work/apolo-test-automation/apolo-test-automation/reports/screenshots/ui_get_second_user_success_788450.png
INFO     [📘TEST_INFO]:reporting.py:37 ▶️ STEP started: <<User2>> :: Login via UI
INFO     [📘TEST_INFO]:reporting.py:37 ▶️ STEP started: <<User2>> :: Click login button
INFO     [🎭 Playwright]:base_page.py:16 <AuthPage>: Click log in button
INFO     [📘TEST_INFO]:reporting.py:51 ✅ STEP completed: <<User2>> :: Click login button
INFO     [📘TEST_INFO]:reporting.py:225 📸 Screenshot captured and attached (success): /home/runner/work/apolo-test-automation/apolo-test-automation/reports/screenshots/ui_click_login_button_success_a9c835.png
INFO     [📘TEST_INFO]:reporting.py:37 ▶️ STEP started: <<User2>> :: Enter email
INFO     [🎭 Playwright]:base_page.py:16 <LoginPage>: Enter regression-ybfuz16s7l@apolo.us email
INFO     [📘TEST_INFO]:reporting.py:51 ✅ STEP completed: <<User2>> :: Enter email
INFO     [📘TEST_INFO]:reporting.py:225 📸 Screenshot captured and attached (success): /home/runner/work/apolo-test-automation/apolo-test-automation/reports/screenshots/ui_enter_email_success_408880.png
INFO     [📘TEST_INFO]:reporting.py:37 ▶️ STEP started: <<User2>> :: Enter password
INFO     [🎭 Playwright]:base_page.py:16 <LoginPage>: Enter ********* password
INFO     [📘TEST_INFO]:reporting.py:51 ✅ STEP completed: <<User2>> :: Enter password
INFO     [📘TEST_INFO]:reporting.py:225 📸 Screenshot captured and attached (success): /home/runner/work/apolo-test-automation/apolo-test-automation/reports/screenshots/ui_enter_password_success_c11925.png
INFO     [📘TEST_INFO]:reporting.py:37 ▶️ STEP started: <<User2>> :: Click Continue button
INFO     [🎭 Playwright]:base_page.py:16 <LoginPage>: Click continue button
INFO     [🎭 Playwright]:base_page.py:16 <LoginPage>: Waiting for spinner
WARNING  [🔧TEST CONFIG]:conftest.py:342 [HTTP 200] GET https://api.dev.apolo.us/api/v1/config
Request Body:
<not available>
Response Body (first 1000 chars):
{"authorized": true, "orgs": [], "clusters": [], "projects": [], "admin_url": "https://api.dev.apolo.us/apis/admin/v1", "auth_url": "https://auth.dev.apolo.us/authorize", "token_url": "https://auth.dev.apolo.us/oauth/token", "logout_url": "https://auth.dev.apolo.us/v2/logout?returnTo=https://console.dev.apolo.us", "client_id": "q3I0OzzGnTDkhRmpeJ7WWgaTCucmVxTL", "audience": "https://api.dev.apolo.us", "callback_urls": ["http://127.0.0.1:54540", "http://127.0.0.1:54541", "http://127.0.0.1:54542"], "headless_callback_url": "https://api.dev.apolo.us/oauth/show-code", "success_redirect_url": "https://api.dev.apolo.us/oauth/login"}
WARNING  [🔧TEST CONFIG]:conftest.py:342 [HTTP 200] GET https://api.dev.apolo.us/api/v1/users/regression-ybfuz16s7l/permissions?uri=blob:
Request Body:
<not available>
Response Body (first 1000 chars):
[]
INFO     [🎭 Playwright]:base_page.py:16 <LoginPage>: Waiting for spinner to disappear
WARNING  [🔧TEST CONFIG]:conftest.py:342 [HTTP 200] GET https://api.dev.apolo.us/apis/admin/v1/invites/incoming
Request Body:
<not available>
Response Body (first 1000 chars):
[]
WARNING  [🔧TEST CONFIG]:conftest.py:342 [HTTP 200] GET https://api.dev.apolo.us/apis/admin/v1/users/regression-ybfuz16s7l?include=orgs
Request Body:
<not available>
Response Body (first 1000 chars):
{"name": "regression-ybfuz16s7l", "email": "regression-ybfuz16s7l@apolo.us", "first_name": null, "last_name": null, "created_at": "2025-08-23T01:34:03.746828+00:00", "terms_accepted": true, "orgs": []}
WARNING  [🔧TEST CONFIG]:conftest.py:342 [HTTP 200] GET https://api.dev.apolo.us/apis/admin/v1/users/regression-ybfuz16s7l?include=clusters&include=system_role
Request Body:
<not available>
Response Body (first 1000 chars):
{"name": "regression-ybfuz16s7l", "email": "regression-ybfuz16s7l@apolo.us", "first_name": null, "last_name": null, "created_at": "2025-08-23T01:34:03.746828+00:00", "terms_accepted": true, "clusters": []}
INFO     [🎭 Playwright]:base_page.py:16 <LoginPage>: Timeout error for spinner
INFO     [📘TEST_INFO]:reporting.py:51 ✅ STEP completed: <<User2>> :: Click Continue button
INFO     [📘TEST_INFO]:reporting.py:225 📸 Screenshot captured and attached (success): /home/runner/work/apolo-test-automation/apolo-test-automation/reports/screenshots/ui_click_continue_button_success_3a1ca6.png
INFO     [📘TEST_INFO]:reporting.py:37 ▶️ STEP started: <<User2>> :: Verify that Welcome new user page displayed
INFO     [🎭 Playwright]:base_page.py:16 <WelcomeNewUserPage>: Check if page loaded
INFO     [📘TEST_INFO]:reporting.py:51 ✅ STEP completed: <<User2>> :: Verify that Welcome new user page displayed
INFO     [📘TEST_INFO]:reporting.py:225 📸 Screenshot captured and attached (success): /home/runner/work/apolo-test-automation/apolo-test-automation/reports/screenshots/verify_ui_page_displayed_success_ee42ab.png
INFO     [📘TEST_INFO]:reporting.py:51 ✅ STEP completed: <<User2>> :: Login via UI
INFO     [📘TEST_INFO]:reporting.py:225 📸 Screenshot captured and attached (success): /home/runner/work/apolo-test-automation/apolo-test-automation/reports/screenshots/ui_login_success_ccc2dc.png
INFO     [📘TEST_INFO]:reporting.py:37 ▶️ STEP started: Login to apolo CLI with access token
INFO     [🖥apolo_CLI]:apolo_runner.py:25 login-with-token. Running command via cli:

apolo config login-with-token eyJhbGciOiJSUzI1NiIsInR5cCI6IkpXVCIsImtpZCI6IjhyNXZCR0E4ZXNuc1IzbXJ0NUFSViJ9.eyJodHRwczovL3BsYXRmb3JtLm5ldXJvbWF0aW9uLmlvL3VzZXIiOiJyZWdyZXNzaW9uLXdkMnhpd2FsY2EiLCJodHRwczovL3BsYXRmb3JtLm5ldXJvbWF0aW9uLmlvL2xvZ2luX3JlZGlyZWN0X3VybCI6Imh0dHBzOi8vY29uc29sZS5kZXYuYXBvbG8udXMiLCJodHRwczovL3BsYXRmb3JtLmFwb2xvLnVzL29yaWdpbiI6Imh0dHBzOi8vY29uc29sZS5kZXYuYXBvbG8udXMiLCJpc3MiOiJodHRwczovL2F1dGguZGV2LmFwb2xvLnVzLyIsInN1YiI6ImF1dGgwfDY4YTkxYTVlMTNjMzZhYWUyMzMyZjRlNyIsImF1ZCI6WyJodHRwczovL2FwaS5kZXYuYXBvbG8udXMiLCJodHRwczovL2Rldi1hcG9sby11cy51cy5hdXRoMC5jb20vdXNlcmluZm8iXSwiaWF0IjoxNzU1OTE2ODg4LCJleHAiOjE3NTYwMDMyODgsInNjb3BlIjoib3BlbmlkIHByb2ZpbGUgZW1haWwiLCJhenAiOiJxM0kwT3p6R25URGtoUm1wZUo3V1dnYVRDdWNtVnhUTCJ9.tAMtw5wLiuRn8KfW_Nx32J2v2Soe4I1QW14kDHP0PeBvForCvqVC5R1MY67MLJ4hZm2rfSId1aNfTfCRzhvDp2TTYwehcP_iWFG8Cin6JLScebBs-nPwCNTQMCu_uGTAE-fMpbt0UNIhWjj6078Rl-vqpm0b3qB0a8ub0TcLwS3ES9VJpu-6n3-aLw4-_yQE1QeexMro3iiI2RXrQZTKns7EK7fKg1jbC9YEzXAuJbRvudIKlWR5bUFkq-jp5D2QgoqvwAepR9TKjZGTb4hySg3JeuXNvAAWJd-oeb-YDKQ7-fJOYus5UVngS12-JlwzQ-nEax1Vo85m0Cqx2eNAQQ https://api.dev.apolo.us/api/v1

INFO     [🖥apolo_CLI]:apolo_runner.py:86 login-with-token succeeded:

You were successfully logged out.
Logged into https://api.dev.apolo.us/api/v1 as regression-wd2xiwalca, current cluster is default, org is regression-org-bhu0owawlgk7 project is None
Read the docs at https://docs.apolo.us or run `apolo --help` to see the reference

INFO     [📘TEST_INFO]:reporting.py:51 ✅ STEP completed: Login to apolo CLI with access token
INFO     [📘TEST_INFO]:reporting.py:37 ▶️ STEP started: Add new project via apolo CLI
INFO     [🖥apolo_CLI]:apolo_runner.py:25 create project regression-proj-0y1zihhoog under regression-org-bhu0owawlgk7. Running command via cli:

apolo admin add-project --default-role reader --org regression-org-bhu0owawlgk7 default regression-proj-0y1zihhoog

INFO     [🖥apolo_CLI]:apolo_runner.py:86 create project regression-proj-0y1zihhoog under regression-org-bhu0owawlgk7 succeeded:

Added project regression-proj-0y1zihhoog to cluster default to org regression-org-bhu0owawlgk7. Info:
 Name                regression-proj-0y1zihhoog 
 Default role        reader                     
 Is default project  False                      
Selected regression-proj-0y1zihhoog as current project.

INFO     [📘TEST_INFO]:reporting.py:51 ✅ STEP completed: Add new project via apolo CLI
INFO     [📘TEST_INFO]:reporting.py:37 ▶️ STEP started: Add user not in organization to project via CLI
INFO     [🖥apolo_CLI]:apolo_runner.py:25 add user regression-ybfuz16s7l to project regression-proj-0y1zihhoog. Running command via cli:

apolo admin add-project-user --org regression-org-bhu0owawlgk7 default regression-proj-0y1zihhoog regression-ybfuz16s7l reader

ERROR    [🖥apolo_CLI]:apolo_runner.py:82 add user regression-ybfuz16s7l to project regression-proj-0y1zihhoog failed:

Your root certificates are out of date.
You are using certifi 2025.7.14, however 2025.8.3 is available.
Please consider upgrading certifi package, e.g.:
    python -m pip install --upgrade certifi
or
    conda update certifi

ERROR: User 'regression-org-bhu0owawlgk7/regression-ybfuz16s7l' not found in cluster 'default'


ERROR    [📘TEST_INFO]:reporting.py:56 ❌ STEP failed: Add user not in organization to project via CLI
ERROR    [📘TEST_INFO]:reporting.py:95 ❌ TEST failed: Add user not in organization to project via CLI
Exception: [AssertionError] during step: Add user not in organization to project via CLI
Message: Expected: 
ERROR: User 'regression-org-bhu0owawlgk7/regression-ybfuz16s7l' not found in cluster 'default' 
but got 
Your root certificates are out of date.
You are using certifi 2025.7.14, however 2025.8.3 is available.
Please consider upgrading certifi package, e.g.:
    python -m pip install --upgrade certifi
or
    conda update certifi

ERROR: User 'regression-org-bhu0owawlgk7/regression-ybfuz16s7l' not found in cluster 'default'
INFO     [📘TEST_INFO]:reporting.py:98 ------------------------------------------------------------
INFO     [🌐API_helper]:api_helper.py:44 GET https://api.dev.apolo.us/apis/admin/v1/orgs
INFO     [🌐API_helper]:api_helper.py:135 Status: 200. Response: [{'name': 'regression-org-bhu0owawlgk7', 'balance': {'credits': '500', 'spent_credits': '0'}, 'user_default_credits': None, 'notification_intervals': {'balance_projection_seconds': [604800, 259200, 86400], 'balance_amount': [0], 'balance_depletion_seconds': [86400, 604800]}}]
INFO     [🔧TEST CONFIG]:conftest.py:218 Cleaning up 1 organisations
INFO     [🌐API_helper]:api_helper.py:142 Delete organization response: <ClientResponse(https://api.dev.apolo.us/apis/admin/v1/orgs/regression-org-bhu0owawlgk7) [200 OK]>
<CIMultiDictProxy('Access-Control-Allow-Credentials': 'true', 'Content-Length': '274', 'Content-Type': 'application/json; charset=utf-8', 'Date': 'Sat, 23 Aug 2025 02:42:28 GMT', 'Server': 'Python/3.13 aiohttp/3.12.15', 'Vary': 'Origin', 'x-service-version': 'platform-admin/0.0.0.post1.dev0+422381d', 'Via': '1.1 google', 'Alt-Svc': 'h3=":443"; ma=2592000,h3-29=":443"; ma=2592000')>

INFO     [🔧TEST CONFIG]:conftest.py:244 Removed organisation: regression-org-bhu0owawlgk7
INFO     [🔧TEST CONFIG]:conftest.py:248 Closing all browser sessions
INFO     [🔧TEST CONFIG]:conftest.py:252 Closed context
INFO     [🔧TEST CONFIG]:conftest.py:259 Closed browser
INFO     [🔧TEST CONFIG]:conftest.py:252 Closed context
INFO     [🔧TEST CONFIG]:conftest.py:259 Closed browser
INFO     [🔧TEST CONFIG]:conftest.py:264 Closed all browser sessions
INFO     [🔧TEST CONFIG]:conftest.py:82 Loading test configuration
INFO     [🔧TEST CONFIG]:conftest.py:273 Starting browser in a headless mode...
INFO     [🔧TEST CONFIG]:conftest.py:286 Initializing new browser context
INFO     [🔧TEST CONFIG]:conftest.py:294 Navigating to: https://console.dev.apolo.us/
WARNING  [🔧TEST CONFIG]:conftest.py:342 [HTTP 200] GET https://api.dev.apolo.us/api/v1/config
Request Body:
<not available>
Response Body (first 1000 chars):
{"authorized": false, "auth_url": "https://auth.dev.apolo.us/authorize", "token_url": "https://auth.dev.apolo.us/oauth/token", "logout_url": "https://auth.dev.apolo.us/v2/logout?returnTo=https://console.dev.apolo.us", "client_id": "q3I0OzzGnTDkhRmpeJ7WWgaTCucmVxTL", "audience": "https://api.dev.apolo.us", "callback_urls": ["http://127.0.0.1:54540", "http://127.0.0.1:54541", "http://127.0.0.1:54542"], "headless_callback_url": "https://api.dev.apolo.us/oauth/show-code", "success_redirect_url": "https://api.dev.apolo.us/oauth/login"}
INFO     [🔧TEST CONFIG]:conftest.py:88 Creating data manager
INFO     [🔧TEST CONFIG]:conftest.py:114 Creating users manager
INFO     [🔧TEST CONFIG]:conftest.py:100 Creating API helper
INFO     [🔧TEST CONFIG]:conftest.py:108 Creating Apolo CLI instance
INFO     [🔧TEST CONFIG]:conftest.py:136 Continue using UserData(email='regression-wd2xiwalca@apolo.us', username='regression-wd2xiwalca', password='xL7xv8zADVMT') as main test user...
INFO     [👤UsersManager]:users_manager.py:73 Setting main user to UserData(email='regression-wd2xiwalca@apolo.us', username='regression-wd2xiwalca', password='xL7xv8zADVMT')
INFO     [🔧TEST CONFIG]:conftest.py:169 Continue using UserData(email='regression-ybfuz16s7l@apolo.us', username='regression-ybfuz16s7l', password='te6KH%8PwyAi') as second test user...
INFO     [👤UsersManager]:users_manager.py:82 Setting second user to UserData(email='regression-ybfuz16s7l@apolo.us', username='regression-ybfuz16s7l', password='te6KH%8PwyAi')
INFO     [🔧TEST CONFIG]:conftest.py:173 Continue using UserData(email='regression-ueiilyvoei@apolo.us', username='regression-ueiilyvoei', password='6vOuZNjjjrZE') as third test user...
INFO     [👤UsersManager]:users_manager.py:91 Setting third user to UserData(email='regression-ueiilyvoei@apolo.us', username='regression-ueiilyvoei', password='6vOuZNjjjrZE')
INFO     [📘TEST_INFO]:reporting.py:37 ▶️ STEP started: Verify Apolo CLI client is installed
INFO     [🖥apolo_CLI]:apolo_runner.py:25 check CLI version. Running command via cli:

apolo --version

INFO     [🖥apolo_CLI]:apolo_runner.py:86 check CLI version succeeded:

Apolo Platform Client 25.7.2

INFO     [📘TEST_INFO]:reporting.py:51 ✅ STEP completed: Verify Apolo CLI client is installed
INFO     [📘TEST_INFO]:reporting.py:86 ------------------------------------------------------------
INFO     [📘TEST_INFO]:reporting.py:87 📝 TEST started: Add user not in organization to project via CLI
INFO     [📘TEST_INFO]:reporting.py:88 ------------------------------------------------------------
INFO     [📘TEST_INFO]:reporting.py:37 ▶️ STEP started: Login via UI
INFO     [📘TEST_INFO]:reporting.py:37 ▶️ STEP started: Click login button
INFO     [🎭 Playwright]:base_page.py:16 <AuthPage>: Click log in button
INFO     [📘TEST_INFO]:reporting.py:51 ✅ STEP completed: Click login button
INFO     [📘TEST_INFO]:reporting.py:225 📸 Screenshot captured and attached (success): /home/runner/work/apolo-test-automation/apolo-test-automation/reports/screenshots/ui_click_login_button_success_11f4bd.png
INFO     [📘TEST_INFO]:reporting.py:37 ▶️ STEP started: Enter email
INFO     [🎭 Playwright]:base_page.py:16 <LoginPage>: Enter regression-wd2xiwalca@apolo.us email
INFO     [📘TEST_INFO]:reporting.py:51 ✅ STEP completed: Enter email
INFO     [📘TEST_INFO]:reporting.py:225 📸 Screenshot captured and attached (success): /home/runner/work/apolo-test-automation/apolo-test-automation/reports/screenshots/ui_enter_email_success_e47234.png
INFO     [📘TEST_INFO]:reporting.py:37 ▶️ STEP started: Enter password
INFO     [🎭 Playwright]:base_page.py:16 <LoginPage>: Enter ********* password
INFO     [📘TEST_INFO]:reporting.py:51 ✅ STEP completed: Enter password
INFO     [📘TEST_INFO]:reporting.py:225 📸 Screenshot captured and attached (success): /home/runner/work/apolo-test-automation/apolo-test-automation/reports/screenshots/ui_enter_password_success_79813a.png
INFO     [📘TEST_INFO]:reporting.py:37 ▶️ STEP started: Click Continue button
INFO     [🎭 Playwright]:base_page.py:16 <LoginPage>: Click continue button
WARNING  [🔧TEST CONFIG]:conftest.py:342 [HTTP 200] GET https://api.dev.apolo.us/api/v1/config
Request Body:
<not available>
Response Body (first 1000 chars):
{"authorized": true, "orgs": [], "clusters": [], "projects": [], "admin_url": "https://api.dev.apolo.us/apis/admin/v1", "auth_url": "https://auth.dev.apolo.us/authorize", "token_url": "https://auth.dev.apolo.us/oauth/token", "logout_url": "https://auth.dev.apolo.us/v2/logout?returnTo=https://console.dev.apolo.us", "client_id": "q3I0OzzGnTDkhRmpeJ7WWgaTCucmVxTL", "audience": "https://api.dev.apolo.us", "callback_urls": ["http://127.0.0.1:54540", "http://127.0.0.1:54541", "http://127.0.0.1:54542"], "headless_callback_url": "https://api.dev.apolo.us/oauth/show-code", "success_redirect_url": "https://api.dev.apolo.us/oauth/login"}
WARNING  [🔧TEST CONFIG]:conftest.py:342 [HTTP 200] GET https://api.dev.apolo.us/api/v1/users/regression-wd2xiwalca/permissions?uri=blob:
Request Body:
<not available>
Response Body (first 1000 chars):
[]
WARNING  [🔧TEST CONFIG]:conftest.py:342 [HTTP 200] GET https://api.dev.apolo.us/apis/admin/v1/invites/incoming
Request Body:
<not available>
Response Body (first 1000 chars):
[]
WARNING  [🔧TEST CONFIG]:conftest.py:342 [HTTP 200] GET https://api.dev.apolo.us/apis/admin/v1/users/regression-wd2xiwalca?include=orgs
Request Body:
<not available>
Response Body (first 1000 chars):
{"name": "regression-wd2xiwalca", "email": "regression-wd2xiwalca@apolo.us", "first_name": null, "last_name": null, "created_at": "2025-08-23T01:33:28.448890+00:00", "terms_accepted": true, "orgs": []}
INFO     [🎭 Playwright]:base_page.py:16 <LoginPage>: Waiting for spinner
WARNING  [🔧TEST CONFIG]:conftest.py:342 [HTTP 200] GET https://api.dev.apolo.us/apis/admin/v1/users/regression-wd2xiwalca?include=clusters&include=system_role
Request Body:
<not available>
Response Body (first 1000 chars):
{"name": "regression-wd2xiwalca", "email": "regression-wd2xiwalca@apolo.us", "first_name": null, "last_name": null, "created_at": "2025-08-23T01:33:28.448890+00:00", "terms_accepted": true, "clusters": []}
INFO     [🎭 Playwright]:base_page.py:16 <LoginPage>: Timeout error for spinner
INFO     [📘TEST_INFO]:reporting.py:51 ✅ STEP completed: Click Continue button
INFO     [📘TEST_INFO]:reporting.py:225 📸 Screenshot captured and attached (success): /home/runner/work/apolo-test-automation/apolo-test-automation/reports/screenshots/ui_click_continue_button_success_23b850.png
INFO     [📘TEST_INFO]:reporting.py:37 ▶️ STEP started: Verify that Welcome new user page displayed
INFO     [🎭 Playwright]:base_page.py:16 <WelcomeNewUserPage>: Check if page loaded
INFO     [📘TEST_INFO]:reporting.py:51 ✅ STEP completed: Verify that Welcome new user page displayed
INFO     [📘TEST_INFO]:reporting.py:225 📸 Screenshot captured and attached (success): /home/runner/work/apolo-test-automation/apolo-test-automation/reports/screenshots/verify_ui_page_displayed_success_429e5a.png
INFO     [📘TEST_INFO]:reporting.py:51 ✅ STEP completed: Login via UI
INFO     [📘TEST_INFO]:reporting.py:225 📸 Screenshot captured and attached (success): /home/runner/work/apolo-test-automation/apolo-test-automation/reports/screenshots/ui_login_success_cceb96.png
INFO     [📘TEST_INFO]:reporting.py:37 ▶️ STEP started: Add organization via API and reload page
INFO     [🔧DATA MANAGER]:test_data.py:48 Added organization: org_name=regression-org-uo2afcl8uiko, gherkin_name=My-organization
INFO     [🌐API_helper]:api_helper.py:160 Add org regression-org-uo2afcl8uiko response: <ClientResponse(https://api.dev.apolo.us/apis/admin/v1/orgs?skip_auto_add_to_clusters=false) [201 Created]>
<CIMultiDictProxy('Access-Control-Allow-Credentials': 'true', 'Content-Length': '274', 'Content-Type': 'application/json; charset=utf-8', 'Date': 'Sat, 23 Aug 2025 02:43:00 GMT', 'Server': 'Python/3.13 aiohttp/3.12.15', 'Vary': 'Origin', 'x-service-version': 'platform-admin/0.0.0.post1.dev0+422381d', 'Via': '1.1 google', 'Alt-Svc': 'h3=":443"; ma=2592000,h3-29=":443"; ma=2592000')>

INFO     [📘TEST_INFO]:reporting.py:37 ▶️ STEP started: Reload page
WARNING  [🔧TEST CONFIG]:conftest.py:342 [HTTP 200] GET https://api.dev.apolo.us/api/v1/config
Request Body:
<not available>
Response Body (first 1000 chars):
{"authorized": true, "orgs": [{"name": "regression-org-uo2afcl8uiko", "role": "admin"}], "clusters": [{"name": "default", "registry_url": "https://registry.api.dev.apolo.us", "storage_url": "https://api.dev.apolo.us/api/v1/storage", "monitoring_url": "https://monitoring.api.dev.apolo.us/api/v1/jobs", "secrets_url": "https://api.dev.apolo.us/api/v1/secrets", "metrics_url": "https://grafana.dev.apolo.us", "disks_url": "https://api.dev.apolo.us/api/v1/disk", "buckets_url": "https://api.dev.apolo.us/api/v1/buckets", "resource_pool_types": [{"name": "default", "min_size": 1, "max_size": 20, "cpu": 4, "available_cpu": 3.3, "memory": 16106127360, "available_memory": 11813676647, "disk_size": 161061273600, "available_disk_size": 150000000000}, {"name": "g2-standard-4", "min_size": 0, "max_size": 5, "cpu": 4, "available_cpu": 3, "memory": 17179869184, "available_memory": 16106127360, "disk_size": 322122547200, "available_disk_size": 150000000000, "nvidia_gpu": 1, "nvidia_gpu_model": "nvidia-l4"
INFO     [🎭 Playwright]:base_page.py:16 <MainPage>: Waiting for spinner
INFO     [🎭 Playwright]:base_page.py:16 <MainPage>: Waiting for spinner to disappear
WARNING  [🔧TEST CONFIG]:conftest.py:342 [HTTP 200] GET https://api.dev.apolo.us/apis/admin/v1/users/regression-wd2xiwalca?include=orgs
Request Body:
<not available>
Response Body (first 1000 chars):
{"name": "regression-wd2xiwalca", "email": "regression-wd2xiwalca@apolo.us", "first_name": null, "last_name": null, "created_at": "2025-08-23T01:33:28.448890+00:00", "terms_accepted": true, "orgs": [{"org_name": "regression-org-uo2afcl8uiko", "role": "admin", "balance": {"spent_credits": "0"}}]}
WARNING  [🔧TEST CONFIG]:conftest.py:342 [HTTP 200] GET https://api.dev.apolo.us/api/v1/users/regression-wd2xiwalca/permissions?uri=blob:
Request Body:
<not available>
Response Body (first 1000 chars):
[{"uri": "blob://default/regression-org-uo2afcl8uiko", "action": "manage"}]
WARNING  [🔧TEST CONFIG]:conftest.py:342 [HTTP 200] GET https://api.dev.apolo.us/apis/admin/v1/invites/incoming
Request Body:
<not available>
Response Body (first 1000 chars):
[]
WARNING  [🔧TEST CONFIG]:conftest.py:342 [HTTP 200] GET https://api.dev.apolo.us/apis/admin/v1/users/regression-wd2xiwalca?include=clusters&include=system_role
Request Body:
<not available>
Response Body (first 1000 chars):
{"name": "regression-wd2xiwalca", "email": "regression-wd2xiwalca@apolo.us", "first_name": null, "last_name": null, "created_at": "2025-08-23T01:33:28.448890+00:00", "terms_accepted": true, "clusters": [{"cluster_name": "default", "role": "admin", "org_name": "regression-org-uo2afcl8uiko", "balance": {"spent_credits": "0"}}]}
WARNING  [🔧TEST CONFIG]:conftest.py:342 [HTTP 200] GET https://api.dev.apolo.us/apis/admin/v1/orgs/regression-org-uo2afcl8uiko
Request Body:
<not available>
Response Body (first 1000 chars):
{"name": "regression-org-uo2afcl8uiko", "balance": {"credits": "500", "spent_credits": "0"}, "user_default_credits": null, "notification_intervals": {"balance_projection_seconds": [604800, 259200, 86400], "balance_amount": [0], "balance_depletion_seconds": [86400, 604800]}}
INFO     [📘TEST_INFO]:reporting.py:51 ✅ STEP completed: Reload page
INFO     [📘TEST_INFO]:reporting.py:225 📸 Screenshot captured and attached (success): /home/runner/work/apolo-test-automation/apolo-test-automation/reports/screenshots/ui_reload_page_success_61bd7b.png
INFO     [📘TEST_INFO]:reporting.py:51 ✅ STEP completed: Add organization via API and reload page
INFO     [📘TEST_INFO]:reporting.py:225 📸 Screenshot captured and attached (success): /home/runner/work/apolo-test-automation/apolo-test-automation/reports/screenshots/ui_add_org_api_success_3fdf60.png
INFO     [🔧TEST CONFIG]:conftest.py:273 Starting browser in a headless mode...
INFO     [🔧TEST CONFIG]:conftest.py:286 Initializing new browser context
INFO     [🔧TEST CONFIG]:conftest.py:294 Navigating to: https://console.dev.apolo.us/
WARNING  [🔧TEST CONFIG]:conftest.py:342 [HTTP 200] GET https://api.dev.apolo.us/api/v1/config
Request Body:
<not available>
Response Body (first 1000 chars):
{"authorized": false, "auth_url": "https://auth.dev.apolo.us/authorize", "token_url": "https://auth.dev.apolo.us/oauth/token", "logout_url": "https://auth.dev.apolo.us/v2/logout?returnTo=https://console.dev.apolo.us", "client_id": "q3I0OzzGnTDkhRmpeJ7WWgaTCucmVxTL", "audience": "https://api.dev.apolo.us", "callback_urls": ["http://127.0.0.1:54540", "http://127.0.0.1:54541", "http://127.0.0.1:54542"], "headless_callback_url": "https://api.dev.apolo.us/oauth/show-code", "success_redirect_url": "https://api.dev.apolo.us/oauth/login"}
INFO     [📘TEST_INFO]:reporting.py:37 ▶️ STEP started: <<User2>> :: Get second user
INFO     [📘TEST_INFO]:reporting.py:51 ✅ STEP completed: <<User2>> :: Get second user
INFO     [📘TEST_INFO]:reporting.py:225 📸 Screenshot captured and attached (success): /home/runner/work/apolo-test-automation/apolo-test-automation/reports/screenshots/ui_get_second_user_success_206d7c.png
INFO     [📘TEST_INFO]:reporting.py:37 ▶️ STEP started: <<User2>> :: Login via UI
INFO     [📘TEST_INFO]:reporting.py:37 ▶️ STEP started: <<User2>> :: Click login button
INFO     [🎭 Playwright]:base_page.py:16 <AuthPage>: Click log in button
INFO     [📘TEST_INFO]:reporting.py:51 ✅ STEP completed: <<User2>> :: Click login button
INFO     [📘TEST_INFO]:reporting.py:225 📸 Screenshot captured and attached (success): /home/runner/work/apolo-test-automation/apolo-test-automation/reports/screenshots/ui_click_login_button_success_912d48.png
INFO     [📘TEST_INFO]:reporting.py:37 ▶️ STEP started: <<User2>> :: Enter email
INFO     [🎭 Playwright]:base_page.py:16 <LoginPage>: Enter regression-ybfuz16s7l@apolo.us email
INFO     [📘TEST_INFO]:reporting.py:51 ✅ STEP completed: <<User2>> :: Enter email
INFO     [📘TEST_INFO]:reporting.py:225 📸 Screenshot captured and attached (success): /home/runner/work/apolo-test-automation/apolo-test-automation/reports/screenshots/ui_enter_email_success_3aab1c.png
INFO     [📘TEST_INFO]:reporting.py:37 ▶️ STEP started: <<User2>> :: Enter password
INFO     [🎭 Playwright]:base_page.py:16 <LoginPage>: Enter ********* password
INFO     [📘TEST_INFO]:reporting.py:51 ✅ STEP completed: <<User2>> :: Enter password
INFO     [📘TEST_INFO]:reporting.py:225 📸 Screenshot captured and attached (success): /home/runner/work/apolo-test-automation/apolo-test-automation/reports/screenshots/ui_enter_password_success_3b4e2b.png
INFO     [📘TEST_INFO]:reporting.py:37 ▶️ STEP started: <<User2>> :: Click Continue button
INFO     [🎭 Playwright]:base_page.py:16 <LoginPage>: Click continue button
WARNING  [🔧TEST CONFIG]:conftest.py:342 [HTTP 200] GET https://api.dev.apolo.us/api/v1/config
Request Body:
<not available>
Response Body (first 1000 chars):
{"authorized": true, "orgs": [], "clusters": [], "projects": [], "admin_url": "https://api.dev.apolo.us/apis/admin/v1", "auth_url": "https://auth.dev.apolo.us/authorize", "token_url": "https://auth.dev.apolo.us/oauth/token", "logout_url": "https://auth.dev.apolo.us/v2/logout?returnTo=https://console.dev.apolo.us", "client_id": "q3I0OzzGnTDkhRmpeJ7WWgaTCucmVxTL", "audience": "https://api.dev.apolo.us", "callback_urls": ["http://127.0.0.1:54540", "http://127.0.0.1:54541", "http://127.0.0.1:54542"], "headless_callback_url": "https://api.dev.apolo.us/oauth/show-code", "success_redirect_url": "https://api.dev.apolo.us/oauth/login"}
WARNING  [🔧TEST CONFIG]:conftest.py:342 [HTTP 200] GET https://api.dev.apolo.us/api/v1/users/regression-ybfuz16s7l/permissions?uri=blob:
Request Body:
<not available>
Response Body (first 1000 chars):
[]
INFO     [🎭 Playwright]:base_page.py:16 <LoginPage>: Waiting for spinner
WARNING  [🔧TEST CONFIG]:conftest.py:342 [HTTP 200] GET https://api.dev.apolo.us/apis/admin/v1/users/regression-ybfuz16s7l?include=orgs
Request Body:
<not available>
Response Body (first 1000 chars):
{"name": "regression-ybfuz16s7l", "email": "regression-ybfuz16s7l@apolo.us", "first_name": null, "last_name": null, "created_at": "2025-08-23T01:34:03.746828+00:00", "terms_accepted": true, "orgs": []}
INFO     [🎭 Playwright]:base_page.py:16 <LoginPage>: Waiting for spinner to disappear
WARNING  [🔧TEST CONFIG]:conftest.py:342 [HTTP 200] GET https://api.dev.apolo.us/apis/admin/v1/invites/incoming
Request Body:
<not available>
Response Body (first 1000 chars):
[]
WARNING  [🔧TEST CONFIG]:conftest.py:342 [HTTP 200] GET https://api.dev.apolo.us/apis/admin/v1/users/regression-ybfuz16s7l?include=clusters&include=system_role
Request Body:
<not available>
Response Body (first 1000 chars):
{"name": "regression-ybfuz16s7l", "email": "regression-ybfuz16s7l@apolo.us", "first_name": null, "last_name": null, "created_at": "2025-08-23T01:34:03.746828+00:00", "terms_accepted": true, "clusters": []}
INFO     [📘TEST_INFO]:reporting.py:51 ✅ STEP completed: <<User2>> :: Click Continue button
INFO     [📘TEST_INFO]:reporting.py:225 📸 Screenshot captured and attached (success): /home/runner/work/apolo-test-automation/apolo-test-automation/reports/screenshots/ui_click_continue_button_success_73b03c.png
INFO     [📘TEST_INFO]:reporting.py:37 ▶️ STEP started: <<User2>> :: Verify that Welcome new user page displayed
INFO     [🎭 Playwright]:base_page.py:16 <WelcomeNewUserPage>: Check if page loaded
INFO     [📘TEST_INFO]:reporting.py:51 ✅ STEP completed: <<User2>> :: Verify that Welcome new user page displayed
INFO     [📘TEST_INFO]:reporting.py:225 📸 Screenshot captured and attached (success): /home/runner/work/apolo-test-automation/apolo-test-automation/reports/screenshots/verify_ui_page_displayed_success_3ecbb7.png
INFO     [📘TEST_INFO]:reporting.py:51 ✅ STEP completed: <<User2>> :: Login via UI
INFO     [📘TEST_INFO]:reporting.py:225 📸 Screenshot captured and attached (success): /home/runner/work/apolo-test-automation/apolo-test-automation/reports/screenshots/ui_login_success_5915e0.png
INFO     [📘TEST_INFO]:reporting.py:37 ▶️ STEP started: Login to apolo CLI with access token
INFO     [🖥apolo_CLI]:apolo_runner.py:25 login-with-token. Running command via cli:

apolo config login-with-token eyJhbGciOiJSUzI1NiIsInR5cCI6IkpXVCIsImtpZCI6IjhyNXZCR0E4ZXNuc1IzbXJ0NUFSViJ9.eyJodHRwczovL3BsYXRmb3JtLm5ldXJvbWF0aW9uLmlvL3VzZXIiOiJyZWdyZXNzaW9uLXdkMnhpd2FsY2EiLCJodHRwczovL3BsYXRmb3JtLm5ldXJvbWF0aW9uLmlvL2xvZ2luX3JlZGlyZWN0X3VybCI6Imh0dHBzOi8vY29uc29sZS5kZXYuYXBvbG8udXMiLCJodHRwczovL3BsYXRmb3JtLmFwb2xvLnVzL29yaWdpbiI6Imh0dHBzOi8vY29uc29sZS5kZXYuYXBvbG8udXMiLCJpc3MiOiJodHRwczovL2F1dGguZGV2LmFwb2xvLnVzLyIsInN1YiI6ImF1dGgwfDY4YTkxYTVlMTNjMzZhYWUyMzMyZjRlNyIsImF1ZCI6WyJodHRwczovL2FwaS5kZXYuYXBvbG8udXMiLCJodHRwczovL2Rldi1hcG9sby11cy51cy5hdXRoMC5jb20vdXNlcmluZm8iXSwiaWF0IjoxNzU1OTE2OTY0LCJleHAiOjE3NTYwMDMzNjQsInNjb3BlIjoib3BlbmlkIHByb2ZpbGUgZW1haWwiLCJhenAiOiJxM0kwT3p6R25URGtoUm1wZUo3V1dnYVRDdWNtVnhUTCJ9.mjuoc7vTpnuKc5S6BBjMyP17eJglW3cd90A2y-_uNzRDbgx6IzcZbl6QfipSGD2fntR55JAVcF9lST9y5JG9VUIILvmuuVpfhrIwXCcQ8gJqrK3j-OCvT1tjFQ9HZ3GDRC2lXxHH4yMPFGmPw0LT6sl3dyoJlOI64Kz6UbF9TYhKJ9nxu_K5vV5oHEQ295OvWx4lIdrlFKJppplay2l1VWzFh_5Y6RiRbp-02zTTv-xp4OcF-QiF60_U2X9gPTDq5KbDBbAvz3m8SCi3bfBknrcb-jh9oVGccZGvGilU-HHJ9SDjwQuFCKyA7yx3pMr9yZ36h9Ucggozxh0UrHwiUQ https://api.dev.apolo.us/api/v1

INFO     [🖥apolo_CLI]:apolo_runner.py:86 login-with-token succeeded:

You were successfully logged out.
Logged into https://api.dev.apolo.us/api/v1 as regression-wd2xiwalca, current cluster is default, org is regression-org-uo2afcl8uiko project is None
Read the docs at https://docs.apolo.us or run `apolo --help` to see the reference

INFO     [📘TEST_INFO]:reporting.py:51 ✅ STEP completed: Login to apolo CLI with access token
INFO     [📘TEST_INFO]:reporting.py:37 ▶️ STEP started: Add new project via apolo CLI
INFO     [🖥apolo_CLI]:apolo_runner.py:25 create project regression-proj-kvqxc963z2 under regression-org-uo2afcl8uiko. Running command via cli:

apolo admin add-project --default-role reader --org regression-org-uo2afcl8uiko default regression-proj-kvqxc963z2

INFO     [🖥apolo_CLI]:apolo_runner.py:86 create project regression-proj-kvqxc963z2 under regression-org-uo2afcl8uiko succeeded:

Added project regression-proj-kvqxc963z2 to cluster default to org regression-org-uo2afcl8uiko. Info:
 Name                regression-proj-kvqxc963z2 
 Default role        reader                     
 Is default project  False                      
Selected regression-proj-kvqxc963z2 as current project.

INFO     [📘TEST_INFO]:reporting.py:51 ✅ STEP completed: Add new project via apolo CLI
INFO     [📘TEST_INFO]:reporting.py:37 ▶️ STEP started: Add user not in organization to project via CLI
INFO     [🖥apolo_CLI]:apolo_runner.py:25 add user regression-ybfuz16s7l to project regression-proj-kvqxc963z2. Running command via cli:

apolo admin add-project-user --org regression-org-uo2afcl8uiko default regression-proj-kvqxc963z2 regression-ybfuz16s7l reader

ERROR    [🖥apolo_CLI]:apolo_runner.py:82 add user regression-ybfuz16s7l to project regression-proj-kvqxc963z2 failed:

Your root certificates are out of date.
You are using certifi 2025.7.14, however 2025.8.3 is available.
Please consider upgrading certifi package, e.g.:
    python -m pip install --upgrade certifi
or
    conda update certifi

ERROR: User 'regression-org-uo2afcl8uiko/regression-ybfuz16s7l' not found in cluster 'default'


ERROR    [📘TEST_INFO]:reporting.py:56 ❌ STEP failed: Add user not in organization to project via CLI
ERROR    [📘TEST_INFO]:reporting.py:95 ❌ TEST failed: Add user not in organization to project via CLI
Exception: [AssertionError] during step: Add user not in organization to project via CLI
Message: Expected: 
ERROR: User 'regression-org-uo2afcl8uiko/regression-ybfuz16s7l' not found in cluster 'default' 
but got 
Your root certificates are out of date.
You are using certifi 2025.7.14, however 2025.8.3 is available.
Please consider upgrading certifi package, e.g.:
    python -m pip install --upgrade certifi
or
    conda update certifi

ERROR: User 'regression-org-uo2afcl8uiko/regression-ybfuz16s7l' not found in cluster 'default'
INFO     [📘TEST_INFO]:reporting.py:98 ------------------------------------------------------------
INFO     [🌐API_helper]:api_helper.py:44 GET https://api.dev.apolo.us/apis/admin/v1/orgs
INFO     [🌐API_helper]:api_helper.py:135 Status: 200. Response: [{'name': 'regression-org-uo2afcl8uiko', 'balance': {'credits': '500', 'spent_credits': '0'}, 'user_default_credits': None, 'notification_intervals': {'balance_projection_seconds': [604800, 259200, 86400], 'balance_amount': [0], 'balance_depletion_seconds': [86400, 604800]}}]
INFO     [🔧TEST CONFIG]:conftest.py:218 Cleaning up 1 organisations
INFO     [🌐API_helper]:api_helper.py:142 Delete organization response: <ClientResponse(https://api.dev.apolo.us/apis/admin/v1/orgs/regression-org-uo2afcl8uiko) [200 OK]>
<CIMultiDictProxy('Access-Control-Allow-Credentials': 'true', 'Content-Length': '274', 'Content-Type': 'application/json; charset=utf-8', 'Date': 'Sat, 23 Aug 2025 02:43:17 GMT', 'Server': 'Python/3.13 aiohttp/3.12.15', 'Vary': 'Origin', 'x-service-version': 'platform-admin/0.0.0.post1.dev0+422381d', 'Via': '1.1 google', 'Alt-Svc': 'h3=":443"; ma=2592000,h3-29=":443"; ma=2592000')>

INFO     [🔧TEST CONFIG]:conftest.py:244 Removed organisation: regression-org-uo2afcl8uiko
INFO     [🔧TEST CONFIG]:conftest.py:248 Closing all browser sessions
INFO     [🔧TEST CONFIG]:conftest.py:252 Closed context
INFO     [🔧TEST CONFIG]:conftest.py:259 Closed browser
INFO     [🔧TEST CONFIG]:conftest.py:252 Closed context
INFO     [🔧TEST CONFIG]:conftest.py:259 Closed browser
INFO     [🔧TEST CONFIG]:conftest.py:264 Closed all browser sessions