INFO     root:conftest.py:168 [gw1] ⏳ Delaying test start by 15s
INFO     [🔧TEST CONFIG]:conftest.py:82 Loading test configuration
INFO     [🔧TEST CONFIG]:conftest.py:273 Starting browser in a headless mode...
INFO     [🔧TEST CONFIG]:conftest.py:286 Initializing new browser context
INFO     [🔧TEST CONFIG]:conftest.py:294 Navigating to: https://console.dev.apolo.us/
WARNING  [🔧TEST CONFIG]:conftest.py:342 [HTTP 200] GET https://api.dev.apolo.us/api/v1/config
Request Body:
<not available>
Response Body (first 1000 chars):
{"authorized": false, "auth_url": "https://auth.dev.apolo.us/authorize", "token_url": "https://auth.dev.apolo.us/oauth/token", "logout_url": "https://auth.dev.apolo.us/v2/logout?returnTo=https://console.dev.apolo.us", "client_id": "q3I0OzzGnTDkhRmpeJ7WWgaTCucmVxTL", "audience": "https://api.dev.apolo.us", "callback_urls": ["http://127.0.0.1:54540", "http://127.0.0.1:54541", "http://127.0.0.1:54542"], "headless_callback_url": "https://api.dev.apolo.us/oauth/show-code", "success_redirect_url": "https://api.dev.apolo.us/oauth/login"}
INFO     [🔧TEST CONFIG]:conftest.py:88 Creating data manager
INFO     [🔧TEST CONFIG]:conftest.py:114 Creating users manager
INFO     [🔧TEST CONFIG]:conftest.py:100 Creating API helper
INFO     [🔧TEST CONFIG]:conftest.py:108 Creating Apolo CLI instance
INFO     [🔧TEST CONFIG]:conftest.py:140 Setup new main test user...
INFO     [🔧TEST CONFIG]:conftest.py:143 Signup attempt 1...
INFO     [🔧TEST CONFIG]:conftest.py:273 Starting browser in a headless mode...
INFO     [🔧TEST CONFIG]:conftest.py:286 Initializing new browser context
INFO     [🔧TEST CONFIG]:conftest.py:294 Navigating to: https://console.dev.apolo.us/
WARNING  [🔧TEST CONFIG]:conftest.py:342 [HTTP 200] GET https://api.dev.apolo.us/api/v1/config
Request Body:
<not available>
Response Body (first 1000 chars):
{"authorized": false, "auth_url": "https://auth.dev.apolo.us/authorize", "token_url": "https://auth.dev.apolo.us/oauth/token", "logout_url": "https://auth.dev.apolo.us/v2/logout?returnTo=https://console.dev.apolo.us", "client_id": "q3I0OzzGnTDkhRmpeJ7WWgaTCucmVxTL", "audience": "https://api.dev.apolo.us", "callback_urls": ["http://127.0.0.1:54540", "http://127.0.0.1:54541", "http://127.0.0.1:54542"], "headless_callback_url": "https://api.dev.apolo.us/oauth/show-code", "success_redirect_url": "https://api.dev.apolo.us/oauth/login"}
INFO     [📘TEST_INFO]:reporting.py:34 ▶️ STEP started: Signup new user via UI and activate email verification link
INFO     [👤UsersManager]:users_manager.py:59 Generated new user: UserData(email='regression-98ikqq6pwx@apolo.us', username='regression-98ikqq6pwx', password='ibQ&1qz6lJCZ')
INFO     [👤UsersManager]:users_manager.py:73 Setting main user to UserData(email='regression-98ikqq6pwx@apolo.us', username='regression-98ikqq6pwx', password='ibQ&1qz6lJCZ')
INFO     [📘TEST_INFO]:reporting.py:34 ▶️ STEP started: Click signup button
INFO     [🎭 Playwright]:base_page.py:16 <AuthPage>: Click sign up button
INFO     [📘TEST_INFO]:reporting.py:48 ✅ STEP completed: Click signup button
INFO     [📘TEST_INFO]:reporting.py:208 📸 Screenshot captured and attached (success): /home/runner/work/apolo-test-automation/apolo-test-automation/reports/screenshots/ui_click_signup_button_success_918609.png
INFO     [📘TEST_INFO]:reporting.py:34 ▶️ STEP started: Enter email
INFO     [🎭 Playwright]:base_page.py:16 <SignupPage>: Enter regression-98ikqq6pwx@apolo.us email
INFO     [📘TEST_INFO]:reporting.py:48 ✅ STEP completed: Enter email
INFO     [📘TEST_INFO]:reporting.py:208 📸 Screenshot captured and attached (success): /home/runner/work/apolo-test-automation/apolo-test-automation/reports/screenshots/ui_enter_email_success_4a779b.png
INFO     [📘TEST_INFO]:reporting.py:34 ▶️ STEP started: Enter password
INFO     [🎭 Playwright]:base_page.py:16 <SignupPage>: Enter ********* password
INFO     [📘TEST_INFO]:reporting.py:48 ✅ STEP completed: Enter password
INFO     [📘TEST_INFO]:reporting.py:208 📸 Screenshot captured and attached (success): /home/runner/work/apolo-test-automation/apolo-test-automation/reports/screenshots/ui_enter_password_success_7b8a09.png
INFO     [📘TEST_INFO]:reporting.py:34 ▶️ STEP started: Click continue button
INFO     [🎭 Playwright]:base_page.py:16 <SignupPage>: Click continue button
INFO     [📘TEST_INFO]:reporting.py:48 ✅ STEP completed: Click continue button
INFO     [📘TEST_INFO]:reporting.py:208 📸 Screenshot captured and attached (success): /home/runner/work/apolo-test-automation/apolo-test-automation/reports/screenshots/ui_click_continue_button_success_0dbe08.png
INFO     [📘TEST_INFO]:reporting.py:34 ▶️ STEP started: Verify that Verify email message displayed
INFO     [🎭 Playwright]:base_page.py:16 <MainPage>: Check if verify email message displayed
WARNING  [🔧TEST CONFIG]:conftest.py:342 [HTTP 200] GET https://api.dev.apolo.us/api/v1/config
Request Body:
<not available>
Response Body (first 1000 chars):
{"authorized": false, "auth_url": "https://auth.dev.apolo.us/authorize", "token_url": "https://auth.dev.apolo.us/oauth/token", "logout_url": "https://auth.dev.apolo.us/v2/logout?returnTo=https://console.dev.apolo.us", "client_id": "q3I0OzzGnTDkhRmpeJ7WWgaTCucmVxTL", "audience": "https://api.dev.apolo.us", "callback_urls": ["http://127.0.0.1:54540", "http://127.0.0.1:54541", "http://127.0.0.1:54542"], "headless_callback_url": "https://api.dev.apolo.us/oauth/show-code", "success_redirect_url": "https://api.dev.apolo.us/oauth/login"}
INFO     [📘TEST_INFO]:reporting.py:48 ✅ STEP completed: Verify that Verify email message displayed
INFO     [📘TEST_INFO]:reporting.py:208 📸 Screenshot captured and attached (success): /home/runner/work/apolo-test-automation/apolo-test-automation/reports/screenshots/verify_ui_email_message_displayed_success_689104.png
INFO     [📘TEST_INFO]:reporting.py:34 ▶️ STEP started: Verify user email with the activation link
INFO     [🌐API_helper]:api_helper.py:104 Checking if user regression-98ikqq6pwx@apolo.us needs verification...
INFO     [🌐API_helper]:api_helper.py:44 GET https://api.dev.apolo.us/apis/admin/v1/users/auth0-email-verify-ticket?email=regression-98ikqq6pwx@apolo.us
INFO     [🌐API_helper]:api_helper.py:106 Status: 200. Response: {'ticket': 'https://auth.dev.apolo.us/u/email-verification?ticket=TxRJDYp1Mjgoxz1KIORryQlMjoC4vgRo#'}
INFO     [📘TEST_INFO]:reporting.py:34 ▶️ STEP started: Navigate to URL
INFO     [🎭 Playwright]:base_page.py:16 <MainPage>: Navigated to: https://auth.dev.apolo.us/u/email-verification?ticket=TxRJDYp1Mjgoxz1KIORryQlMjoC4vgRo#
INFO     [🎭 Playwright]:base_page.py:16 <MainPage>: Waiting for network idle...
INFO     [🎭 Playwright]:base_page.py:16 <MainPage>: Page is idle (networkidle state reached)
INFO     [📘TEST_INFO]:reporting.py:48 ✅ STEP completed: Navigate to URL
INFO     [📘TEST_INFO]:reporting.py:208 📸 Screenshot captured and attached (success): /home/runner/work/apolo-test-automation/apolo-test-automation/reports/screenshots/ui_open_url_in_browser_success_6ee314.png
INFO     [🌐API_helper]:api_helper.py:104 Checking if user regression-98ikqq6pwx@apolo.us needs verification...
INFO     [🌐API_helper]:api_helper.py:44 GET https://api.dev.apolo.us/apis/admin/v1/users/auth0-email-verify-ticket?email=regression-98ikqq6pwx@apolo.us
INFO     [🌐API_helper]:api_helper.py:106 Status: 200. Response: {'detail': 'Email already verified'}
INFO     [📘TEST_INFO]:reporting.py:48 ✅ STEP completed: Verify user email with the activation link
INFO     [📘TEST_INFO]:reporting.py:34 ▶️ STEP started: Navigate to URL
INFO     [🎭 Playwright]:base_page.py:16 <MainPage>: Navigated to: https://console.dev.apolo.us/
INFO     [🎭 Playwright]:base_page.py:16 <MainPage>: Waiting for network idle...
WARNING  [🔧TEST CONFIG]:conftest.py:342 [HTTP 200] GET https://api.dev.apolo.us/api/v1/config
Request Body:
<not available>
Response Body (first 1000 chars):
{"authorized": false, "auth_url": "https://auth.dev.apolo.us/authorize", "token_url": "https://auth.dev.apolo.us/oauth/token", "logout_url": "https://auth.dev.apolo.us/v2/logout?returnTo=https://console.dev.apolo.us", "client_id": "q3I0OzzGnTDkhRmpeJ7WWgaTCucmVxTL", "audience": "https://api.dev.apolo.us", "callback_urls": ["http://127.0.0.1:54540", "http://127.0.0.1:54541", "http://127.0.0.1:54542"], "headless_callback_url": "https://api.dev.apolo.us/oauth/show-code", "success_redirect_url": "https://api.dev.apolo.us/oauth/login"}
INFO     [🎭 Playwright]:base_page.py:16 <MainPage>: Page is idle (networkidle state reached)
INFO     [📘TEST_INFO]:reporting.py:48 ✅ STEP completed: Navigate to URL
INFO     [📘TEST_INFO]:reporting.py:208 📸 Screenshot captured and attached (success): /home/runner/work/apolo-test-automation/apolo-test-automation/reports/screenshots/ui_open_url_in_browser_success_a491e2.png
INFO     [📘TEST_INFO]:reporting.py:34 ▶️ STEP started: Verify that Auth page displayed
INFO     [🎭 Playwright]:base_page.py:16 <AuthPage>: Check if page loaded
INFO     [📘TEST_INFO]:reporting.py:48 ✅ STEP completed: Verify that Auth page displayed
INFO     [📘TEST_INFO]:reporting.py:208 📸 Screenshot captured and attached (success): /home/runner/work/apolo-test-automation/apolo-test-automation/reports/screenshots/verify_ui_page_displayed_success_d0efc6.png
INFO     [📘TEST_INFO]:reporting.py:34 ▶️ STEP started: Click login button
INFO     [🎭 Playwright]:base_page.py:16 <AuthPage>: Click log in button
INFO     [📘TEST_INFO]:reporting.py:48 ✅ STEP completed: Click login button
INFO     [📘TEST_INFO]:reporting.py:208 📸 Screenshot captured and attached (success): /home/runner/work/apolo-test-automation/apolo-test-automation/reports/screenshots/ui_click_login_button_success_76d9f2.png
INFO     [📘TEST_INFO]:reporting.py:34 ▶️ STEP started: Verify that Signup username page displayed
INFO     [🎭 Playwright]:base_page.py:16 <SignupUsernamePage>: Check if page is loaded
INFO     [📘TEST_INFO]:reporting.py:48 ✅ STEP completed: Verify that Signup username page displayed
INFO     [📘TEST_INFO]:reporting.py:208 📸 Screenshot captured and attached (success): /home/runner/work/apolo-test-automation/apolo-test-automation/reports/screenshots/verify_ui_page_displayed_success_9c38e4.png
INFO     [📘TEST_INFO]:reporting.py:34 ▶️ STEP started: Enter username
INFO     [🎭 Playwright]:base_page.py:16 <SignupUsernamePage>: Enter regression-98ikqq6pwx username
WARNING  [🔧TEST CONFIG]:conftest.py:342 [HTTP 404] HEAD https://api.dev.apolo.us/apis/admin/v1/users/
Request Body:
<not available>
Response Body (first 1000 chars):
<unavailable>
INFO     [🎭 Playwright]:base_page.py:16 <SignupUsernamePage>: Wait for network idle
WARNING  [🔧TEST CONFIG]:conftest.py:342 [HTTP 404] HEAD https://api.dev.apolo.us/apis/admin/v1/users/regression-98ikqq6pwx
Request Body:
<not available>
Response Body (first 1000 chars):
<unavailable>
WARNING  [🔧TEST CONFIG]:conftest.py:342 [HTTP 404] HEAD https://api.dev.apolo.us/apis/admin/v1/users/regression-98ikqq6pwx
Request Body:
<not available>
Response Body (first 1000 chars):
<unavailable>
INFO     [🎭 Playwright]:base_page.py:16 <SignupUsernamePage>: Network idle done
INFO     [📘TEST_INFO]:reporting.py:48 ✅ STEP completed: Enter username
INFO     [📘TEST_INFO]:reporting.py:208 📸 Screenshot captured and attached (success): /home/runner/work/apolo-test-automation/apolo-test-automation/reports/screenshots/ui_enter_username_success_2e5e88.png
INFO     [📘TEST_INFO]:reporting.py:34 ▶️ STEP started: Click signup button on Signup username page
INFO     [🎭 Playwright]:base_page.py:16 <SignupUsernamePage>: Click signup button
INFO     [🎭 Playwright]:base_page.py:16 <SignupUsernamePage>: Waiting for spinner
INFO     [🎭 Playwright]:base_page.py:16 <SignupUsernamePage>: Timeout error for spinner
INFO     [📘TEST_INFO]:reporting.py:48 ✅ STEP completed: Click signup button on Signup username page
INFO     [📘TEST_INFO]:reporting.py:208 📸 Screenshot captured and attached (success): /home/runner/work/apolo-test-automation/apolo-test-automation/reports/screenshots/ui_click_signup_button_success_52786f.png
INFO     [📘TEST_INFO]:reporting.py:34 ▶️ STEP started: Verify that User agreement pop up displayed
INFO     [🎭 Playwright]:base_page.py:16 <MainPage>: Check if user_agreement pop up displayed
WARNING  [🔧TEST CONFIG]:conftest.py:342 [HTTP 200] GET https://api.dev.apolo.us/api/v1/config
Request Body:
<not available>
Response Body (first 1000 chars):
{"authorized": true, "orgs": [], "clusters": [], "projects": [], "admin_url": "https://api.dev.apolo.us/apis/admin/v1", "auth_url": "https://auth.dev.apolo.us/authorize", "token_url": "https://auth.dev.apolo.us/oauth/token", "logout_url": "https://auth.dev.apolo.us/v2/logout?returnTo=https://console.dev.apolo.us", "client_id": "q3I0OzzGnTDkhRmpeJ7WWgaTCucmVxTL", "audience": "https://api.dev.apolo.us", "callback_urls": ["http://127.0.0.1:54540", "http://127.0.0.1:54541", "http://127.0.0.1:54542"], "headless_callback_url": "https://api.dev.apolo.us/oauth/show-code", "success_redirect_url": "https://api.dev.apolo.us/oauth/login"}
WARNING  [🔧TEST CONFIG]:conftest.py:342 [HTTP 200] GET https://api.dev.apolo.us/api/v1/users/regression-98ikqq6pwx/permissions?uri=blob:
Request Body:
<not available>
Response Body (first 1000 chars):
[]
WARNING  [🔧TEST CONFIG]:conftest.py:342 [HTTP 200] GET https://api.dev.apolo.us/apis/admin/v1/users/regression-98ikqq6pwx?include=orgs
Request Body:
<not available>
Response Body (first 1000 chars):
{"name": "regression-98ikqq6pwx", "email": "regression-98ikqq6pwx@apolo.us", "first_name": null, "last_name": null, "created_at": "2025-08-15T17:41:50.398092+00:00", "terms_accepted": false, "orgs": []}
WARNING  [🔧TEST CONFIG]:conftest.py:342 [HTTP 200] GET https://api.dev.apolo.us/apis/admin/v1/invites/incoming
Request Body:
<not available>
Response Body (first 1000 chars):
[]
WARNING  [🔧TEST CONFIG]:conftest.py:342 [HTTP 200] GET https://api.dev.apolo.us/apis/admin/v1/users/regression-98ikqq6pwx?include=clusters&include=system_role
Request Body:
<not available>
Response Body (first 1000 chars):
{"name": "regression-98ikqq6pwx", "email": "regression-98ikqq6pwx@apolo.us", "first_name": null, "last_name": null, "created_at": "2025-08-15T17:41:50.398092+00:00", "terms_accepted": false, "clusters": []}
INFO     [📘TEST_INFO]:reporting.py:48 ✅ STEP completed: Verify that User agreement pop up displayed
INFO     [📘TEST_INFO]:reporting.py:208 📸 Screenshot captured and attached (success): /home/runner/work/apolo-test-automation/apolo-test-automation/reports/screenshots/verify_ui_terms_of_agreement_displayed_success_a62f7f.png
INFO     [📘TEST_INFO]:reporting.py:34 ▶️ STEP started: Check agreement checkbox
INFO     [🎭 Playwright]:base_page.py:16 <MainPage>: Check user agreement checkbox
INFO     [📘TEST_INFO]:reporting.py:48 ✅ STEP completed: Check agreement checkbox
INFO     [📘TEST_INFO]:reporting.py:208 📸 Screenshot captured and attached (success): /home/runner/work/apolo-test-automation/apolo-test-automation/reports/screenshots/ui_check_agreement_checkbox_success_7f728b.png
INFO     [📘TEST_INFO]:reporting.py:34 ▶️ STEP started: Click I Agree button
INFO     [🎭 Playwright]:base_page.py:16 <MainPage>: Click user agreement I Agree button
INFO     [📘TEST_INFO]:reporting.py:48 ✅ STEP completed: Click I Agree button
INFO     [📘TEST_INFO]:reporting.py:208 📸 Screenshot captured and attached (success): /home/runner/work/apolo-test-automation/apolo-test-automation/reports/screenshots/ui_click_i_agree_button_success_1c7b4d.png
INFO     [📘TEST_INFO]:reporting.py:34 ▶️ STEP started: Wait for User Agreement popup to disappear
WARNING  [🔧TEST CONFIG]:conftest.py:342 [HTTP 204] PUT https://api.dev.apolo.us/apis/admin/v1/users/regression-98ikqq6pwx/profile
Request Body:
<not available>
Response Body (first 1000 chars):

INFO     [📘TEST_INFO]:reporting.py:48 ✅ STEP completed: Wait for User Agreement popup to disappear
INFO     [📘TEST_INFO]:reporting.py:208 📸 Screenshot captured and attached (success): /home/runner/work/apolo-test-automation/apolo-test-automation/reports/screenshots/ui_wait_user_agreement_disappear_success_065e11.png
INFO     [📘TEST_INFO]:reporting.py:34 ▶️ STEP started: Wait for timeout
INFO     [📘TEST_INFO]:reporting.py:48 ✅ STEP completed: Wait for timeout
INFO     [📘TEST_INFO]:reporting.py:208 📸 Screenshot captured and attached (success): /home/runner/work/apolo-test-automation/apolo-test-automation/reports/screenshots/ui_wait_for_timeout_success_dfab29.png
INFO     [📘TEST_INFO]:reporting.py:34 ▶️ STEP started: Verify that Welcome new user page displayed
INFO     [🎭 Playwright]:base_page.py:16 <WelcomeNewUserPage>: Check if page loaded
INFO     [📘TEST_INFO]:reporting.py:48 ✅ STEP completed: Verify that Welcome new user page displayed
INFO     [📘TEST_INFO]:reporting.py:208 📸 Screenshot captured and attached (success): /home/runner/work/apolo-test-automation/apolo-test-automation/reports/screenshots/verify_ui_page_displayed_success_4f7a97.png
INFO     [📘TEST_INFO]:reporting.py:48 ✅ STEP completed: Signup new user via UI and activate email verification link
INFO     [📘TEST_INFO]:reporting.py:208 📸 Screenshot captured and attached (success): /home/runner/work/apolo-test-automation/apolo-test-automation/reports/screenshots/ui_signup_new_user_ver_link_success_b90257.png
INFO     [👤UsersManager]:users_manager.py:73 Setting main user to UserData(email='regression-98ikqq6pwx@apolo.us', username='regression-98ikqq6pwx', password='ibQ&1qz6lJCZ')
INFO     [📘TEST_INFO]:reporting.py:124 ============================================================
INFO     [📘TEST_INFO]:reporting.py:125 📁 SUITE STARTED: UI Organization Change Member Roles
INFO     [📘TEST_INFO]:reporting.py:126 ============================================================
INFO     [📘TEST_INFO]:reporting.py:83 ------------------------------------------------------------
INFO     [📘TEST_INFO]:reporting.py:84 📝 TEST started: Verify Admin can change User role to Manager
INFO     [📘TEST_INFO]:reporting.py:85 ------------------------------------------------------------
INFO     [📘TEST_INFO]:reporting.py:34 ▶️ STEP started: Login via UI
INFO     [📘TEST_INFO]:reporting.py:34 ▶️ STEP started: Click login button
INFO     [🎭 Playwright]:base_page.py:16 <AuthPage>: Click log in button
INFO     [📘TEST_INFO]:reporting.py:48 ✅ STEP completed: Click login button
INFO     [📘TEST_INFO]:reporting.py:208 📸 Screenshot captured and attached (success): /home/runner/work/apolo-test-automation/apolo-test-automation/reports/screenshots/ui_click_login_button_success_88b151.png
INFO     [📘TEST_INFO]:reporting.py:34 ▶️ STEP started: Enter email
INFO     [🎭 Playwright]:base_page.py:16 <LoginPage>: Enter regression-98ikqq6pwx@apolo.us email
INFO     [📘TEST_INFO]:reporting.py:48 ✅ STEP completed: Enter email
INFO     [📘TEST_INFO]:reporting.py:208 📸 Screenshot captured and attached (success): /home/runner/work/apolo-test-automation/apolo-test-automation/reports/screenshots/ui_enter_email_success_c1ef70.png
INFO     [📘TEST_INFO]:reporting.py:34 ▶️ STEP started: Enter password
INFO     [🎭 Playwright]:base_page.py:16 <LoginPage>: Enter ********* password
INFO     [📘TEST_INFO]:reporting.py:48 ✅ STEP completed: Enter password
INFO     [📘TEST_INFO]:reporting.py:208 📸 Screenshot captured and attached (success): /home/runner/work/apolo-test-automation/apolo-test-automation/reports/screenshots/ui_enter_password_success_f01da1.png
INFO     [📘TEST_INFO]:reporting.py:34 ▶️ STEP started: Click Continue button
INFO     [🎭 Playwright]:base_page.py:16 <LoginPage>: Click continue button
INFO     [🎭 Playwright]:base_page.py:16 <LoginPage>: Waiting for spinner
WARNING  [🔧TEST CONFIG]:conftest.py:342 [HTTP 200] GET https://api.dev.apolo.us/api/v1/config
Request Body:
<not available>
Response Body (first 1000 chars):
{"authorized": true, "orgs": [], "clusters": [], "projects": [], "admin_url": "https://api.dev.apolo.us/apis/admin/v1", "auth_url": "https://auth.dev.apolo.us/authorize", "token_url": "https://auth.dev.apolo.us/oauth/token", "logout_url": "https://auth.dev.apolo.us/v2/logout?returnTo=https://console.dev.apolo.us", "client_id": "q3I0OzzGnTDkhRmpeJ7WWgaTCucmVxTL", "audience": "https://api.dev.apolo.us", "callback_urls": ["http://127.0.0.1:54540", "http://127.0.0.1:54541", "http://127.0.0.1:54542"], "headless_callback_url": "https://api.dev.apolo.us/oauth/show-code", "success_redirect_url": "https://api.dev.apolo.us/oauth/login"}
WARNING  [🔧TEST CONFIG]:conftest.py:342 [HTTP 200] GET https://api.dev.apolo.us/api/v1/users/regression-98ikqq6pwx/permissions?uri=blob:
Request Body:
<not available>
Response Body (first 1000 chars):
[]
INFO     [🎭 Playwright]:base_page.py:16 <LoginPage>: Waiting for spinner to disappear
WARNING  [🔧TEST CONFIG]:conftest.py:342 [HTTP 200] GET https://api.dev.apolo.us/apis/admin/v1/users/regression-98ikqq6pwx?include=clusters&include=system_role
Request Body:
<not available>
Response Body (first 1000 chars):
{"name": "regression-98ikqq6pwx", "email": "regression-98ikqq6pwx@apolo.us", "first_name": null, "last_name": null, "created_at": "2025-08-15T17:41:50.398092+00:00", "terms_accepted": true, "clusters": []}
WARNING  [🔧TEST CONFIG]:conftest.py:342 [HTTP 200] GET https://api.dev.apolo.us/apis/admin/v1/users/regression-98ikqq6pwx?include=orgs
Request Body:
<not available>
Response Body (first 1000 chars):
{"name": "regression-98ikqq6pwx", "email": "regression-98ikqq6pwx@apolo.us", "first_name": null, "last_name": null, "created_at": "2025-08-15T17:41:50.398092+00:00", "terms_accepted": true, "orgs": []}
INFO     [📘TEST_INFO]:reporting.py:48 ✅ STEP completed: Click Continue button
INFO     [📘TEST_INFO]:reporting.py:208 📸 Screenshot captured and attached (success): /home/runner/work/apolo-test-automation/apolo-test-automation/reports/screenshots/ui_click_continue_button_success_b0671c.png
INFO     [📘TEST_INFO]:reporting.py:34 ▶️ STEP started: Verify that Welcome new user page displayed
INFO     [🎭 Playwright]:base_page.py:16 <WelcomeNewUserPage>: Check if page loaded
WARNING  [🔧TEST CONFIG]:conftest.py:342 [HTTP 200] GET https://api.dev.apolo.us/apis/admin/v1/invites/incoming
Request Body:
<not available>
Response Body (first 1000 chars):
[]
INFO     [📘TEST_INFO]:reporting.py:48 ✅ STEP completed: Verify that Welcome new user page displayed
INFO     [📘TEST_INFO]:reporting.py:208 📸 Screenshot captured and attached (success): /home/runner/work/apolo-test-automation/apolo-test-automation/reports/screenshots/verify_ui_page_displayed_success_6576c0.png
INFO     [📘TEST_INFO]:reporting.py:48 ✅ STEP completed: Login via UI
INFO     [📘TEST_INFO]:reporting.py:208 📸 Screenshot captured and attached (success): /home/runner/work/apolo-test-automation/apolo-test-automation/reports/screenshots/ui_login_success_383772.png
INFO     [🔧TEST CONFIG]:conftest.py:273 Starting browser in a headless mode...
INFO     [🔧TEST CONFIG]:conftest.py:286 Initializing new browser context
INFO     [🔧TEST CONFIG]:conftest.py:294 Navigating to: https://console.dev.apolo.us/
WARNING  [🔧TEST CONFIG]:conftest.py:342 [HTTP 200] GET https://api.dev.apolo.us/api/v1/config
Request Body:
<not available>
Response Body (first 1000 chars):
{"authorized": false, "auth_url": "https://auth.dev.apolo.us/authorize", "token_url": "https://auth.dev.apolo.us/oauth/token", "logout_url": "https://auth.dev.apolo.us/v2/logout?returnTo=https://console.dev.apolo.us", "client_id": "q3I0OzzGnTDkhRmpeJ7WWgaTCucmVxTL", "audience": "https://api.dev.apolo.us", "callback_urls": ["http://127.0.0.1:54540", "http://127.0.0.1:54541", "http://127.0.0.1:54542"], "headless_callback_url": "https://api.dev.apolo.us/oauth/show-code", "success_redirect_url": "https://api.dev.apolo.us/oauth/login"}
INFO     [📘TEST_INFO]:reporting.py:34 ▶️ STEP started: <<User2>> :: Get second user
INFO     [📘TEST_INFO]:reporting.py:34 ▶️ STEP started: <<User2>> :: Signup new user via UI and activate email verification link
INFO     [👤UsersManager]:users_manager.py:59 Generated new user: UserData(email='regression-68rulfyoxl@apolo.us', username='regression-68rulfyoxl', password='vPl1LOV#XzdJ')
INFO     [📘TEST_INFO]:reporting.py:34 ▶️ STEP started: <<User2>> :: Click signup button
INFO     [🎭 Playwright]:base_page.py:16 <AuthPage>: Click sign up button
INFO     [📘TEST_INFO]:reporting.py:48 ✅ STEP completed: <<User2>> :: Click signup button
INFO     [📘TEST_INFO]:reporting.py:208 📸 Screenshot captured and attached (success): /home/runner/work/apolo-test-automation/apolo-test-automation/reports/screenshots/ui_click_signup_button_success_e569d6.png
INFO     [📘TEST_INFO]:reporting.py:34 ▶️ STEP started: <<User2>> :: Enter email
INFO     [🎭 Playwright]:base_page.py:16 <SignupPage>: Enter regression-68rulfyoxl@apolo.us email
INFO     [📘TEST_INFO]:reporting.py:48 ✅ STEP completed: <<User2>> :: Enter email
INFO     [📘TEST_INFO]:reporting.py:208 📸 Screenshot captured and attached (success): /home/runner/work/apolo-test-automation/apolo-test-automation/reports/screenshots/ui_enter_email_success_8a3a03.png
INFO     [📘TEST_INFO]:reporting.py:34 ▶️ STEP started: <<User2>> :: Enter password
INFO     [🎭 Playwright]:base_page.py:16 <SignupPage>: Enter ********* password
INFO     [📘TEST_INFO]:reporting.py:48 ✅ STEP completed: <<User2>> :: Enter password
INFO     [📘TEST_INFO]:reporting.py:208 📸 Screenshot captured and attached (success): /home/runner/work/apolo-test-automation/apolo-test-automation/reports/screenshots/ui_enter_password_success_beeeb3.png
INFO     [📘TEST_INFO]:reporting.py:34 ▶️ STEP started: <<User2>> :: Click continue button
INFO     [🎭 Playwright]:base_page.py:16 <SignupPage>: Click continue button
INFO     [📘TEST_INFO]:reporting.py:48 ✅ STEP completed: <<User2>> :: Click continue button
INFO     [📘TEST_INFO]:reporting.py:208 📸 Screenshot captured and attached (success): /home/runner/work/apolo-test-automation/apolo-test-automation/reports/screenshots/ui_click_continue_button_success_40c2fb.png
INFO     [📘TEST_INFO]:reporting.py:34 ▶️ STEP started: <<User2>> :: Verify that Verify email message displayed
INFO     [🎭 Playwright]:base_page.py:16 <MainPage>: Check if verify email message displayed
WARNING  [🔧TEST CONFIG]:conftest.py:342 [HTTP 200] GET https://api.dev.apolo.us/api/v1/config
Request Body:
<not available>
Response Body (first 1000 chars):
{"authorized": false, "auth_url": "https://auth.dev.apolo.us/authorize", "token_url": "https://auth.dev.apolo.us/oauth/token", "logout_url": "https://auth.dev.apolo.us/v2/logout?returnTo=https://console.dev.apolo.us", "client_id": "q3I0OzzGnTDkhRmpeJ7WWgaTCucmVxTL", "audience": "https://api.dev.apolo.us", "callback_urls": ["http://127.0.0.1:54540", "http://127.0.0.1:54541", "http://127.0.0.1:54542"], "headless_callback_url": "https://api.dev.apolo.us/oauth/show-code", "success_redirect_url": "https://api.dev.apolo.us/oauth/login"}
INFO     [📘TEST_INFO]:reporting.py:48 ✅ STEP completed: <<User2>> :: Verify that Verify email message displayed
INFO     [📘TEST_INFO]:reporting.py:208 📸 Screenshot captured and attached (success): /home/runner/work/apolo-test-automation/apolo-test-automation/reports/screenshots/verify_ui_email_message_displayed_success_2034ba.png
INFO     [📘TEST_INFO]:reporting.py:34 ▶️ STEP started: Verify user email with the activation link
INFO     [🌐API_helper]:api_helper.py:104 Checking if user regression-68rulfyoxl@apolo.us needs verification...
INFO     [🌐API_helper]:api_helper.py:44 GET https://api.dev.apolo.us/apis/admin/v1/users/auth0-email-verify-ticket?email=regression-68rulfyoxl@apolo.us
INFO     [🌐API_helper]:api_helper.py:106 Status: 200. Response: {'ticket': 'https://auth.dev.apolo.us/u/email-verification?ticket=68DWBmSWfnql3Hl3rSxKsMJd7hhLee35#'}
INFO     [📘TEST_INFO]:reporting.py:34 ▶️ STEP started: <<User2>> :: Navigate to URL
INFO     [🎭 Playwright]:base_page.py:16 <MainPage>: Navigated to: https://auth.dev.apolo.us/u/email-verification?ticket=68DWBmSWfnql3Hl3rSxKsMJd7hhLee35#
INFO     [🎭 Playwright]:base_page.py:16 <MainPage>: Waiting for network idle...
INFO     [🎭 Playwright]:base_page.py:16 <MainPage>: Page is idle (networkidle state reached)
INFO     [📘TEST_INFO]:reporting.py:48 ✅ STEP completed: <<User2>> :: Navigate to URL
INFO     [📘TEST_INFO]:reporting.py:208 📸 Screenshot captured and attached (success): /home/runner/work/apolo-test-automation/apolo-test-automation/reports/screenshots/ui_open_url_in_browser_success_8b232b.png
INFO     [🌐API_helper]:api_helper.py:104 Checking if user regression-68rulfyoxl@apolo.us needs verification...
INFO     [🌐API_helper]:api_helper.py:44 GET https://api.dev.apolo.us/apis/admin/v1/users/auth0-email-verify-ticket?email=regression-68rulfyoxl@apolo.us
INFO     [🌐API_helper]:api_helper.py:106 Status: 200. Response: {'detail': 'Email already verified'}
INFO     [📘TEST_INFO]:reporting.py:48 ✅ STEP completed: Verify user email with the activation link
INFO     [📘TEST_INFO]:reporting.py:34 ▶️ STEP started: <<User2>> :: Navigate to URL
INFO     [🎭 Playwright]:base_page.py:16 <MainPage>: Navigated to: https://console.dev.apolo.us/
INFO     [🎭 Playwright]:base_page.py:16 <MainPage>: Waiting for network idle...
WARNING  [🔧TEST CONFIG]:conftest.py:342 [HTTP 200] GET https://api.dev.apolo.us/api/v1/config
Request Body:
<not available>
Response Body (first 1000 chars):
{"authorized": false, "auth_url": "https://auth.dev.apolo.us/authorize", "token_url": "https://auth.dev.apolo.us/oauth/token", "logout_url": "https://auth.dev.apolo.us/v2/logout?returnTo=https://console.dev.apolo.us", "client_id": "q3I0OzzGnTDkhRmpeJ7WWgaTCucmVxTL", "audience": "https://api.dev.apolo.us", "callback_urls": ["http://127.0.0.1:54540", "http://127.0.0.1:54541", "http://127.0.0.1:54542"], "headless_callback_url": "https://api.dev.apolo.us/oauth/show-code", "success_redirect_url": "https://api.dev.apolo.us/oauth/login"}
INFO     [🎭 Playwright]:base_page.py:16 <MainPage>: Page is idle (networkidle state reached)
INFO     [📘TEST_INFO]:reporting.py:48 ✅ STEP completed: <<User2>> :: Navigate to URL
INFO     [📘TEST_INFO]:reporting.py:208 📸 Screenshot captured and attached (success): /home/runner/work/apolo-test-automation/apolo-test-automation/reports/screenshots/ui_open_url_in_browser_success_9faa1d.png
INFO     [📘TEST_INFO]:reporting.py:34 ▶️ STEP started: <<User2>> :: Verify that Auth page displayed
INFO     [🎭 Playwright]:base_page.py:16 <AuthPage>: Check if page loaded
INFO     [📘TEST_INFO]:reporting.py:48 ✅ STEP completed: <<User2>> :: Verify that Auth page displayed
INFO     [📘TEST_INFO]:reporting.py:208 📸 Screenshot captured and attached (success): /home/runner/work/apolo-test-automation/apolo-test-automation/reports/screenshots/verify_ui_page_displayed_success_d2a204.png
INFO     [📘TEST_INFO]:reporting.py:34 ▶️ STEP started: <<User2>> :: Click login button
INFO     [🎭 Playwright]:base_page.py:16 <AuthPage>: Click log in button
INFO     [📘TEST_INFO]:reporting.py:48 ✅ STEP completed: <<User2>> :: Click login button
INFO     [📘TEST_INFO]:reporting.py:208 📸 Screenshot captured and attached (success): /home/runner/work/apolo-test-automation/apolo-test-automation/reports/screenshots/ui_click_login_button_success_d16b18.png
INFO     [📘TEST_INFO]:reporting.py:34 ▶️ STEP started: <<User2>> :: Verify that Signup username page displayed
INFO     [🎭 Playwright]:base_page.py:16 <SignupUsernamePage>: Check if page is loaded
WARNING  [🔧TEST CONFIG]:conftest.py:342 [HTTP 404] HEAD https://api.dev.apolo.us/apis/admin/v1/users/regression-68rulfyoxl
Request Body:
<not available>
Response Body (first 1000 chars):
<unavailable>
INFO     [📘TEST_INFO]:reporting.py:48 ✅ STEP completed: <<User2>> :: Verify that Signup username page displayed
INFO     [📘TEST_INFO]:reporting.py:208 📸 Screenshot captured and attached (success): /home/runner/work/apolo-test-automation/apolo-test-automation/reports/screenshots/verify_ui_page_displayed_success_74c19f.png
INFO     [📘TEST_INFO]:reporting.py:34 ▶️ STEP started: <<User2>> :: Enter username
INFO     [🎭 Playwright]:base_page.py:16 <SignupUsernamePage>: Enter regression-68rulfyoxl username
WARNING  [🔧TEST CONFIG]:conftest.py:342 [HTTP 404] HEAD https://api.dev.apolo.us/apis/admin/v1/users/
Request Body:
<not available>
Response Body (first 1000 chars):
<unavailable>
WARNING  [🔧TEST CONFIG]:conftest.py:342 [HTTP 404] HEAD https://api.dev.apolo.us/apis/admin/v1/users/regression-68rulfyoxl
Request Body:
<not available>
Response Body (first 1000 chars):
<unavailable>
INFO     [🎭 Playwright]:base_page.py:16 <SignupUsernamePage>: Wait for network idle
INFO     [🎭 Playwright]:base_page.py:16 <SignupUsernamePage>: Network idle done
INFO     [📘TEST_INFO]:reporting.py:48 ✅ STEP completed: <<User2>> :: Enter username
INFO     [📘TEST_INFO]:reporting.py:208 📸 Screenshot captured and attached (success): /home/runner/work/apolo-test-automation/apolo-test-automation/reports/screenshots/ui_enter_username_success_149e9c.png
INFO     [📘TEST_INFO]:reporting.py:34 ▶️ STEP started: <<User2>> :: Click signup button on Signup username page
INFO     [🎭 Playwright]:base_page.py:16 <SignupUsernamePage>: Click signup button
INFO     [🎭 Playwright]:base_page.py:16 <SignupUsernamePage>: Waiting for spinner
WARNING  [🔧TEST CONFIG]:conftest.py:342 [HTTP 200] GET https://api.dev.apolo.us/api/v1/config
Request Body:
<not available>
Response Body (first 1000 chars):
{"authorized": false, "auth_url": "https://auth.dev.apolo.us/authorize", "token_url": "https://auth.dev.apolo.us/oauth/token", "logout_url": "https://auth.dev.apolo.us/v2/logout?returnTo=https://console.dev.apolo.us", "client_id": "q3I0OzzGnTDkhRmpeJ7WWgaTCucmVxTL", "audience": "https://api.dev.apolo.us", "callback_urls": ["http://127.0.0.1:54540", "http://127.0.0.1:54541", "http://127.0.0.1:54542"], "headless_callback_url": "https://api.dev.apolo.us/oauth/show-code", "success_redirect_url": "https://api.dev.apolo.us/oauth/login"}
INFO     [🎭 Playwright]:base_page.py:16 <SignupUsernamePage>: Timeout error for spinner
INFO     [📘TEST_INFO]:reporting.py:48 ✅ STEP completed: <<User2>> :: Click signup button on Signup username page
INFO     [📘TEST_INFO]:reporting.py:208 📸 Screenshot captured and attached (success): /home/runner/work/apolo-test-automation/apolo-test-automation/reports/screenshots/ui_click_signup_button_success_a20f91.png
INFO     [📘TEST_INFO]:reporting.py:34 ▶️ STEP started: <<User2>> :: Verify that User agreement pop up displayed
INFO     [🎭 Playwright]:base_page.py:16 <MainPage>: Check if user_agreement pop up displayed
ERROR    [📘TEST_INFO]:reporting.py:53 ❌ STEP failed: <<User2>> :: Verify that User agreement pop up displayed
INFO     [📘TEST_INFO]:reporting.py:208 📸 Screenshot captured and attached (fail): /home/runner/work/apolo-test-automation/apolo-test-automation/reports/screenshots/verify_ui_terms_of_agreement_displayed_fail_73da7e.png
ERROR    [📘TEST_INFO]:reporting.py:53 ❌ STEP failed: <<User2>> :: Signup new user via UI and activate email verification link
INFO     [📘TEST_INFO]:reporting.py:208 📸 Screenshot captured and attached (fail): /home/runner/work/apolo-test-automation/apolo-test-automation/reports/screenshots/ui_signup_new_user_ver_link_fail_f32333.png
ERROR    [📘TEST_INFO]:reporting.py:53 ❌ STEP failed: <<User2>> :: Get second user
INFO     [📘TEST_INFO]:reporting.py:208 📸 Screenshot captured and attached (fail): /home/runner/work/apolo-test-automation/apolo-test-automation/reports/screenshots/ui_get_second_user_fail_61e7ac.png
ERROR    [📘TEST_INFO]:reporting.py:92 ❌ TEST failed: Verify Admin can change User role to Manager
Exception: [AssertionError] during step: <<User2>> :: Get second user
Message: [AssertionError] during step: <<User2>> :: Signup new user via UI and activate email verification link
Message: [AssertionError] during step: <<User2>> :: Verify that User agreement pop up displayed
Message: User agreement popup should be displayed!
INFO     [📘TEST_INFO]:reporting.py:95 ------------------------------------------------------------
INFO     [🌐API_helper]:api_helper.py:44 GET https://api.dev.apolo.us/apis/admin/v1/orgs
INFO     [🌐API_helper]:api_helper.py:135 Status: 200. Response: []
INFO     [🔧TEST CONFIG]:conftest.py:218 Cleaning up 0 organisations
INFO     [🔧TEST CONFIG]:conftest.py:248 Closing all browser sessions
INFO     [🔧TEST CONFIG]:conftest.py:252 Closed context
INFO     [🔧TEST CONFIG]:conftest.py:259 Closed browser
INFO     [🔧TEST CONFIG]:conftest.py:252 Closed context
INFO     [🔧TEST CONFIG]:conftest.py:259 Closed browser
INFO     [🔧TEST CONFIG]:conftest.py:252 Closed context
INFO     [🔧TEST CONFIG]:conftest.py:259 Closed browser
INFO     [🔧TEST CONFIG]:conftest.py:264 Closed all browser sessions