INFO     root:conftest.py:173 [gw2] ⏳ Delaying test start by 30s
INFO     [🔧TEST CONFIG]:conftest.py:87 Loading test configuration
INFO     [🔧TEST CONFIG]:conftest.py:388 Navigating to: https://console.dev.apolo.us/
WARNING  [🔧TEST CONFIG]:conftest.py:430 [HTTP 200] GET https://api.dev.apolo.us/api/v1/config
Request Body:
<not available>
Response Body (first 1000 chars):
{"authorized": false, "auth_url": "https://auth.dev.apolo.us/authorize", "token_url": "https://auth.dev.apolo.us/oauth/token", "logout_url": "https://auth.dev.apolo.us/v2/logout?returnTo=https://console.dev.apolo.us", "client_id": "q3I0OzzGnTDkhRmpeJ7WWgaTCucmVxTL", "audience": "https://api.dev.apolo.us", "callback_urls": ["http://127.0.0.1:54540", "http://127.0.0.1:54541", "http://127.0.0.1:54542"], "headless_callback_url": "https://api.dev.apolo.us/oauth/show-code", "success_redirect_url": "https://api.dev.apolo.us/oauth/login"}
INFO     [🔧TEST CONFIG]:conftest.py:93 Creating data manager
INFO     [🔧TEST CONFIG]:conftest.py:123 Creating users manager
INFO     [🔧TEST CONFIG]:conftest.py:109 Creating API helper
INFO     [🔧TEST CONFIG]:conftest.py:117 Creating Apolo CLI instance
INFO     [🔧TEST CONFIG]:conftest.py:209 Setup new main test user...
INFO     [🔧TEST CONFIG]:conftest.py:212 Signup attempt 1...
INFO     [🔧TEST CONFIG]:conftest.py:388 Navigating to: https://console.dev.apolo.us/
WARNING  [🔧TEST CONFIG]:conftest.py:430 [HTTP 200] GET https://api.dev.apolo.us/api/v1/config
Request Body:
<not available>
Response Body (first 1000 chars):
{"authorized": false, "auth_url": "https://auth.dev.apolo.us/authorize", "token_url": "https://auth.dev.apolo.us/oauth/token", "logout_url": "https://auth.dev.apolo.us/v2/logout?returnTo=https://console.dev.apolo.us", "client_id": "q3I0OzzGnTDkhRmpeJ7WWgaTCucmVxTL", "audience": "https://api.dev.apolo.us", "callback_urls": ["http://127.0.0.1:54540", "http://127.0.0.1:54541", "http://127.0.0.1:54542"], "headless_callback_url": "https://api.dev.apolo.us/oauth/show-code", "success_redirect_url": "https://api.dev.apolo.us/oauth/login"}
INFO     [📘TEST_INFO]:reporting.py:37 ▶️ STEP started: Signup new user via UI and activate email verification link
INFO     [👤UsersManager]:users_manager.py:59 Generated new user: UserData(email='regression-b06me3yh6u@apolo.us', username='regression-b06me3yh6u', password='3N$70!Z*6aQ2')
INFO     [👤UsersManager]:users_manager.py:73 Setting main user to UserData(email='regression-b06me3yh6u@apolo.us', username='regression-b06me3yh6u', password='3N$70!Z*6aQ2')
INFO     [📘TEST_INFO]:reporting.py:37 ▶️ STEP started: Click signup button
INFO     [🎭 Playwright]:base_page.py:16 <AuthPage>: Click sign up button
INFO     [📘TEST_INFO]:reporting.py:51 ✅ STEP completed: Click signup button
INFO     [📘TEST_INFO]:reporting.py:225 📸 Screenshot captured and attached (success): /home/runner/work/apolo-test-automation/apolo-test-automation/reports/screenshots/ui_click_signup_button_success_ebf8c3.png
INFO     [📘TEST_INFO]:reporting.py:37 ▶️ STEP started: Enter email
INFO     [🎭 Playwright]:base_page.py:16 <SignupPage>: Enter regression-b06me3yh6u@apolo.us email
INFO     [📘TEST_INFO]:reporting.py:51 ✅ STEP completed: Enter email
INFO     [📘TEST_INFO]:reporting.py:225 📸 Screenshot captured and attached (success): /home/runner/work/apolo-test-automation/apolo-test-automation/reports/screenshots/ui_enter_email_success_397e4d.png
INFO     [📘TEST_INFO]:reporting.py:37 ▶️ STEP started: Enter password
INFO     [🎭 Playwright]:base_page.py:16 <SignupPage>: Enter ********* password
INFO     [📘TEST_INFO]:reporting.py:51 ✅ STEP completed: Enter password
INFO     [📘TEST_INFO]:reporting.py:225 📸 Screenshot captured and attached (success): /home/runner/work/apolo-test-automation/apolo-test-automation/reports/screenshots/ui_enter_password_success_3b71ce.png
INFO     [📘TEST_INFO]:reporting.py:37 ▶️ STEP started: Click continue button
INFO     [🎭 Playwright]:base_page.py:16 <SignupPage>: Click continue button
INFO     [📘TEST_INFO]:reporting.py:51 ✅ STEP completed: Click continue button
INFO     [📘TEST_INFO]:reporting.py:225 📸 Screenshot captured and attached (success): /home/runner/work/apolo-test-automation/apolo-test-automation/reports/screenshots/ui_click_continue_button_success_fd6a1c.png
INFO     [📘TEST_INFO]:reporting.py:37 ▶️ STEP started: Verify that Verify email message displayed
INFO     [🎭 Playwright]:base_page.py:16 <MainPage>: Check if verify email message displayed
WARNING  [🔧TEST CONFIG]:conftest.py:430 [HTTP 200] GET https://api.dev.apolo.us/api/v1/config
Request Body:
<not available>
Response Body (first 1000 chars):
{"authorized": false, "auth_url": "https://auth.dev.apolo.us/authorize", "token_url": "https://auth.dev.apolo.us/oauth/token", "logout_url": "https://auth.dev.apolo.us/v2/logout?returnTo=https://console.dev.apolo.us", "client_id": "q3I0OzzGnTDkhRmpeJ7WWgaTCucmVxTL", "audience": "https://api.dev.apolo.us", "callback_urls": ["http://127.0.0.1:54540", "http://127.0.0.1:54541", "http://127.0.0.1:54542"], "headless_callback_url": "https://api.dev.apolo.us/oauth/show-code", "success_redirect_url": "https://api.dev.apolo.us/oauth/login"}
INFO     [📘TEST_INFO]:reporting.py:51 ✅ STEP completed: Verify that Verify email message displayed
INFO     [📘TEST_INFO]:reporting.py:225 📸 Screenshot captured and attached (success): /home/runner/work/apolo-test-automation/apolo-test-automation/reports/screenshots/verify_ui_email_message_displayed_success_c24cdd.png
INFO     [📘TEST_INFO]:reporting.py:37 ▶️ STEP started: Verify user email with the activation link
INFO     [🌐API_helper]:api_helper.py:144 Checking if user regression-b06me3yh6u@apolo.us needs verification...
INFO     [🌐API_helper]:api_helper.py:54 GET https://api.dev.apolo.us/apis/admin/v1/users/auth0-email-verify-ticket?email=regression-b06me3yh6u@apolo.us
INFO     [🌐API_helper]:api_helper.py:146 Status: 200. Response: {'ticket': 'https://auth.dev.apolo.us/u/email-verification?ticket=iepxT005NvaEIVKp0LM40wYVItL5fnan#'}
INFO     [📘TEST_INFO]:reporting.py:37 ▶️ STEP started: Navigate to URL
INFO     [🎭 Playwright]:base_page.py:16 <MainPage>: Navigated to: https://auth.dev.apolo.us/u/email-verification?ticket=iepxT005NvaEIVKp0LM40wYVItL5fnan#
INFO     [🎭 Playwright]:base_page.py:16 <MainPage>: Waiting for network idle...
INFO     [🎭 Playwright]:base_page.py:16 <MainPage>: Page is idle (networkidle state reached)
INFO     [📘TEST_INFO]:reporting.py:51 ✅ STEP completed: Navigate to URL
INFO     [📘TEST_INFO]:reporting.py:225 📸 Screenshot captured and attached (success): /home/runner/work/apolo-test-automation/apolo-test-automation/reports/screenshots/ui_open_url_in_browser_success_c6b85e.png
INFO     [🌐API_helper]:api_helper.py:144 Checking if user regression-b06me3yh6u@apolo.us needs verification...
INFO     [🌐API_helper]:api_helper.py:54 GET https://api.dev.apolo.us/apis/admin/v1/users/auth0-email-verify-ticket?email=regression-b06me3yh6u@apolo.us
INFO     [🌐API_helper]:api_helper.py:146 Status: 200. Response: {'detail': 'Email already verified'}
INFO     [📘TEST_INFO]:reporting.py:51 ✅ STEP completed: Verify user email with the activation link
INFO     [📘TEST_INFO]:reporting.py:37 ▶️ STEP started: Navigate to URL
INFO     [🎭 Playwright]:base_page.py:16 <MainPage>: Navigated to: https://console.dev.apolo.us/
INFO     [🎭 Playwright]:base_page.py:16 <MainPage>: Waiting for network idle...
WARNING  [🔧TEST CONFIG]:conftest.py:430 [HTTP 200] GET https://api.dev.apolo.us/api/v1/config
Request Body:
<not available>
Response Body (first 1000 chars):
{"authorized": false, "auth_url": "https://auth.dev.apolo.us/authorize", "token_url": "https://auth.dev.apolo.us/oauth/token", "logout_url": "https://auth.dev.apolo.us/v2/logout?returnTo=https://console.dev.apolo.us", "client_id": "q3I0OzzGnTDkhRmpeJ7WWgaTCucmVxTL", "audience": "https://api.dev.apolo.us", "callback_urls": ["http://127.0.0.1:54540", "http://127.0.0.1:54541", "http://127.0.0.1:54542"], "headless_callback_url": "https://api.dev.apolo.us/oauth/show-code", "success_redirect_url": "https://api.dev.apolo.us/oauth/login"}
INFO     [🎭 Playwright]:base_page.py:16 <MainPage>: Page is idle (networkidle state reached)
INFO     [📘TEST_INFO]:reporting.py:51 ✅ STEP completed: Navigate to URL
INFO     [📘TEST_INFO]:reporting.py:225 📸 Screenshot captured and attached (success): /home/runner/work/apolo-test-automation/apolo-test-automation/reports/screenshots/ui_open_url_in_browser_success_fb1a31.png
INFO     [📘TEST_INFO]:reporting.py:37 ▶️ STEP started: Verify that Auth page displayed
INFO     [🎭 Playwright]:base_page.py:16 <AuthPage>: Check if page loaded
INFO     [📘TEST_INFO]:reporting.py:51 ✅ STEP completed: Verify that Auth page displayed
INFO     [📘TEST_INFO]:reporting.py:225 📸 Screenshot captured and attached (success): /home/runner/work/apolo-test-automation/apolo-test-automation/reports/screenshots/verify_ui_page_displayed_success_32bcf3.png
INFO     [📘TEST_INFO]:reporting.py:37 ▶️ STEP started: Click login button
INFO     [🎭 Playwright]:base_page.py:16 <AuthPage>: Click log in button
INFO     [📘TEST_INFO]:reporting.py:51 ✅ STEP completed: Click login button
INFO     [📘TEST_INFO]:reporting.py:225 📸 Screenshot captured and attached (success): /home/runner/work/apolo-test-automation/apolo-test-automation/reports/screenshots/ui_click_login_button_success_b81f57.png
INFO     [📘TEST_INFO]:reporting.py:37 ▶️ STEP started: Verify that Signup username page displayed
INFO     [🎭 Playwright]:base_page.py:16 <SignupUsernamePage>: Check if page is loaded
WARNING  [🔧TEST CONFIG]:conftest.py:430 [HTTP 404] HEAD https://api.dev.apolo.us/apis/admin/v1/users/regression-b06me3yh6u
Request Body:
<not available>
Response Body (first 1000 chars):
<unavailable>
INFO     [📘TEST_INFO]:reporting.py:51 ✅ STEP completed: Verify that Signup username page displayed
INFO     [📘TEST_INFO]:reporting.py:225 📸 Screenshot captured and attached (success): /home/runner/work/apolo-test-automation/apolo-test-automation/reports/screenshots/verify_ui_page_displayed_success_31d7be.png
INFO     [📘TEST_INFO]:reporting.py:37 ▶️ STEP started: Enter username
INFO     [🎭 Playwright]:base_page.py:16 <SignupUsernamePage>: Enter regression-b06me3yh6u username
WARNING  [🔧TEST CONFIG]:conftest.py:430 [HTTP 404] HEAD https://api.dev.apolo.us/apis/admin/v1/users/
Request Body:
<not available>
Response Body (first 1000 chars):
<unavailable>
WARNING  [🔧TEST CONFIG]:conftest.py:430 [HTTP 404] HEAD https://api.dev.apolo.us/apis/admin/v1/users/regression-b06me3yh6u
Request Body:
<not available>
Response Body (first 1000 chars):
<unavailable>
INFO     [🎭 Playwright]:base_page.py:16 <SignupUsernamePage>: Wait for network idle
INFO     [🎭 Playwright]:base_page.py:16 <SignupUsernamePage>: Network idle done
INFO     [📘TEST_INFO]:reporting.py:51 ✅ STEP completed: Enter username
INFO     [📘TEST_INFO]:reporting.py:225 📸 Screenshot captured and attached (success): /home/runner/work/apolo-test-automation/apolo-test-automation/reports/screenshots/ui_enter_username_success_98ab52.png
INFO     [📘TEST_INFO]:reporting.py:37 ▶️ STEP started: Click signup button on Signup username page
INFO     [🎭 Playwright]:base_page.py:16 <SignupUsernamePage>: Click signup button
INFO     [🎭 Playwright]:base_page.py:16 <SignupUsernamePage>: Waiting for spinner
WARNING  [🔧TEST CONFIG]:conftest.py:430 [HTTP 200] GET https://api.dev.apolo.us/api/v1/config
Request Body:
<not available>
Response Body (first 1000 chars):
{"authorized": false, "auth_url": "https://auth.dev.apolo.us/authorize", "token_url": "https://auth.dev.apolo.us/oauth/token", "logout_url": "https://auth.dev.apolo.us/v2/logout?returnTo=https://console.dev.apolo.us", "client_id": "q3I0OzzGnTDkhRmpeJ7WWgaTCucmVxTL", "audience": "https://api.dev.apolo.us", "callback_urls": ["http://127.0.0.1:54540", "http://127.0.0.1:54541", "http://127.0.0.1:54542"], "headless_callback_url": "https://api.dev.apolo.us/oauth/show-code", "success_redirect_url": "https://api.dev.apolo.us/oauth/login"}
INFO     [🎭 Playwright]:base_page.py:16 <SignupUsernamePage>: Timeout error for spinner
INFO     [📘TEST_INFO]:reporting.py:51 ✅ STEP completed: Click signup button on Signup username page
INFO     [📘TEST_INFO]:reporting.py:225 📸 Screenshot captured and attached (success): /home/runner/work/apolo-test-automation/apolo-test-automation/reports/screenshots/ui_click_signup_button_success_88f8cd.png
INFO     [📘TEST_INFO]:reporting.py:37 ▶️ STEP started: Verify that User agreement pop up displayed
INFO     [🎭 Playwright]:base_page.py:16 <MainPage>: Check if user_agreement pop up displayed
ERROR    [📘TEST_INFO]:reporting.py:56 ❌ STEP failed: Verify that User agreement pop up displayed
INFO     [📘TEST_INFO]:reporting.py:225 📸 Screenshot captured and attached (fail): /home/runner/work/apolo-test-automation/apolo-test-automation/reports/screenshots/verify_ui_terms_of_agreement_displayed_fail_7d85fe.png
ERROR    [📘TEST_INFO]:reporting.py:56 ❌ STEP failed: Signup new user via UI and activate email verification link
INFO     [📘TEST_INFO]:reporting.py:225 📸 Screenshot captured and attached (fail): /home/runner/work/apolo-test-automation/apolo-test-automation/reports/screenshots/ui_signup_new_user_ver_link_fail_ebeb0d.png
WARNING  [🔧TEST CONFIG]:conftest.py:223 ⚠️ Signup attempt 1 failed: [AssertionError] during step: Signup new user via UI and activate email verification link
Message: [AssertionError] during step: Verify that User agreement pop up displayed
Message: User agreement popup should be displayed!
INFO     [🔧TEST CONFIG]:conftest.py:331 Closing all browser sessions
INFO     [🔧TEST CONFIG]:conftest.py:337 Stopped Playwright
WARNING  [🔧TEST CONFIG]:conftest.py:347 Failed to close context: BrowserContext.close: Target page, context or browser has been closed
INFO     [🔧TEST CONFIG]:conftest.py:352 Closed browser (post-stop)
INFO     [🔧TEST CONFIG]:conftest.py:337 Stopped Playwright
WARNING  [🔧TEST CONFIG]:conftest.py:347 Failed to close context: BrowserContext.close: Target page, context or browser has been closed
INFO     [🔧TEST CONFIG]:conftest.py:352 Closed browser (post-stop)
INFO     [🔧TEST CONFIG]:conftest.py:357 Browser cleanup finished
INFO     [🔧TEST CONFIG]:conftest.py:232 🔁 Retrying with fresh browser context...
INFO     [🔧TEST CONFIG]:conftest.py:212 Signup attempt 2...
INFO     [🔧TEST CONFIG]:conftest.py:388 Navigating to: https://console.dev.apolo.us/
WARNING  [🔧TEST CONFIG]:conftest.py:430 [HTTP 200] GET https://api.dev.apolo.us/api/v1/config
Request Body:
<not available>
Response Body (first 1000 chars):
{"authorized": false, "auth_url": "https://auth.dev.apolo.us/authorize", "token_url": "https://auth.dev.apolo.us/oauth/token", "logout_url": "https://auth.dev.apolo.us/v2/logout?returnTo=https://console.dev.apolo.us", "client_id": "q3I0OzzGnTDkhRmpeJ7WWgaTCucmVxTL", "audience": "https://api.dev.apolo.us", "callback_urls": ["http://127.0.0.1:54540", "http://127.0.0.1:54541", "http://127.0.0.1:54542"], "headless_callback_url": "https://api.dev.apolo.us/oauth/show-code", "success_redirect_url": "https://api.dev.apolo.us/oauth/login"}
INFO     [📘TEST_INFO]:reporting.py:37 ▶️ STEP started: Signup new user via UI and activate email verification link
INFO     [👤UsersManager]:users_manager.py:59 Generated new user: UserData(email='regression-i4nru4pyb0@apolo.us', username='regression-i4nru4pyb0', password='HOkrPtESe7w5')
INFO     [📘TEST_INFO]:reporting.py:37 ▶️ STEP started: Click signup button
INFO     [🎭 Playwright]:base_page.py:16 <AuthPage>: Click sign up button
INFO     [📘TEST_INFO]:reporting.py:51 ✅ STEP completed: Click signup button
INFO     [📘TEST_INFO]:reporting.py:225 📸 Screenshot captured and attached (success): /home/runner/work/apolo-test-automation/apolo-test-automation/reports/screenshots/ui_click_signup_button_success_2a6ce4.png
INFO     [📘TEST_INFO]:reporting.py:37 ▶️ STEP started: Enter email
INFO     [🎭 Playwright]:base_page.py:16 <SignupPage>: Enter regression-i4nru4pyb0@apolo.us email
INFO     [📘TEST_INFO]:reporting.py:51 ✅ STEP completed: Enter email
INFO     [📘TEST_INFO]:reporting.py:225 📸 Screenshot captured and attached (success): /home/runner/work/apolo-test-automation/apolo-test-automation/reports/screenshots/ui_enter_email_success_3e3a05.png
INFO     [📘TEST_INFO]:reporting.py:37 ▶️ STEP started: Enter password
INFO     [🎭 Playwright]:base_page.py:16 <SignupPage>: Enter ********* password
INFO     [📘TEST_INFO]:reporting.py:51 ✅ STEP completed: Enter password
INFO     [📘TEST_INFO]:reporting.py:225 📸 Screenshot captured and attached (success): /home/runner/work/apolo-test-automation/apolo-test-automation/reports/screenshots/ui_enter_password_success_f55182.png
INFO     [📘TEST_INFO]:reporting.py:37 ▶️ STEP started: Click continue button
INFO     [🎭 Playwright]:base_page.py:16 <SignupPage>: Click continue button
INFO     [📘TEST_INFO]:reporting.py:51 ✅ STEP completed: Click continue button
INFO     [📘TEST_INFO]:reporting.py:225 📸 Screenshot captured and attached (success): /home/runner/work/apolo-test-automation/apolo-test-automation/reports/screenshots/ui_click_continue_button_success_6e5967.png
INFO     [📘TEST_INFO]:reporting.py:37 ▶️ STEP started: Verify that Verify email message displayed
INFO     [🎭 Playwright]:base_page.py:16 <MainPage>: Check if verify email message displayed
WARNING  [🔧TEST CONFIG]:conftest.py:430 [HTTP 200] GET https://api.dev.apolo.us/api/v1/config
Request Body:
<not available>
Response Body (first 1000 chars):
{"authorized": false, "auth_url": "https://auth.dev.apolo.us/authorize", "token_url": "https://auth.dev.apolo.us/oauth/token", "logout_url": "https://auth.dev.apolo.us/v2/logout?returnTo=https://console.dev.apolo.us", "client_id": "q3I0OzzGnTDkhRmpeJ7WWgaTCucmVxTL", "audience": "https://api.dev.apolo.us", "callback_urls": ["http://127.0.0.1:54540", "http://127.0.0.1:54541", "http://127.0.0.1:54542"], "headless_callback_url": "https://api.dev.apolo.us/oauth/show-code", "success_redirect_url": "https://api.dev.apolo.us/oauth/login"}
INFO     [📘TEST_INFO]:reporting.py:51 ✅ STEP completed: Verify that Verify email message displayed
INFO     [📘TEST_INFO]:reporting.py:225 📸 Screenshot captured and attached (success): /home/runner/work/apolo-test-automation/apolo-test-automation/reports/screenshots/verify_ui_email_message_displayed_success_3c0efe.png
INFO     [📘TEST_INFO]:reporting.py:37 ▶️ STEP started: Verify user email with the activation link
INFO     [🌐API_helper]:api_helper.py:144 Checking if user regression-i4nru4pyb0@apolo.us needs verification...
INFO     [🌐API_helper]:api_helper.py:54 GET https://api.dev.apolo.us/apis/admin/v1/users/auth0-email-verify-ticket?email=regression-i4nru4pyb0@apolo.us
INFO     [🌐API_helper]:api_helper.py:146 Status: 200. Response: {'ticket': 'https://auth.dev.apolo.us/u/email-verification?ticket=pA3tehKf2zMnFyn88rPvVfJ7ElG1SQuu#'}
INFO     [📘TEST_INFO]:reporting.py:37 ▶️ STEP started: Navigate to URL
INFO     [🎭 Playwright]:base_page.py:16 <MainPage>: Navigated to: https://auth.dev.apolo.us/u/email-verification?ticket=pA3tehKf2zMnFyn88rPvVfJ7ElG1SQuu#
INFO     [🎭 Playwright]:base_page.py:16 <MainPage>: Waiting for network idle...
INFO     [🎭 Playwright]:base_page.py:16 <MainPage>: Page is idle (networkidle state reached)
INFO     [📘TEST_INFO]:reporting.py:51 ✅ STEP completed: Navigate to URL
INFO     [📘TEST_INFO]:reporting.py:225 📸 Screenshot captured and attached (success): /home/runner/work/apolo-test-automation/apolo-test-automation/reports/screenshots/ui_open_url_in_browser_success_306cba.png
INFO     [🌐API_helper]:api_helper.py:144 Checking if user regression-i4nru4pyb0@apolo.us needs verification...
INFO     [🌐API_helper]:api_helper.py:54 GET https://api.dev.apolo.us/apis/admin/v1/users/auth0-email-verify-ticket?email=regression-i4nru4pyb0@apolo.us
INFO     [🌐API_helper]:api_helper.py:146 Status: 200. Response: {'detail': 'Email already verified'}
INFO     [📘TEST_INFO]:reporting.py:51 ✅ STEP completed: Verify user email with the activation link
INFO     [📘TEST_INFO]:reporting.py:37 ▶️ STEP started: Navigate to URL
INFO     [🎭 Playwright]:base_page.py:16 <MainPage>: Navigated to: https://console.dev.apolo.us/
INFO     [🎭 Playwright]:base_page.py:16 <MainPage>: Waiting for network idle...
WARNING  [🔧TEST CONFIG]:conftest.py:430 [HTTP 200] GET https://api.dev.apolo.us/api/v1/config
Request Body:
<not available>
Response Body (first 1000 chars):
{"authorized": false, "auth_url": "https://auth.dev.apolo.us/authorize", "token_url": "https://auth.dev.apolo.us/oauth/token", "logout_url": "https://auth.dev.apolo.us/v2/logout?returnTo=https://console.dev.apolo.us", "client_id": "q3I0OzzGnTDkhRmpeJ7WWgaTCucmVxTL", "audience": "https://api.dev.apolo.us", "callback_urls": ["http://127.0.0.1:54540", "http://127.0.0.1:54541", "http://127.0.0.1:54542"], "headless_callback_url": "https://api.dev.apolo.us/oauth/show-code", "success_redirect_url": "https://api.dev.apolo.us/oauth/login"}
INFO     [🎭 Playwright]:base_page.py:16 <MainPage>: Page is idle (networkidle state reached)
INFO     [📘TEST_INFO]:reporting.py:51 ✅ STEP completed: Navigate to URL
INFO     [📘TEST_INFO]:reporting.py:225 📸 Screenshot captured and attached (success): /home/runner/work/apolo-test-automation/apolo-test-automation/reports/screenshots/ui_open_url_in_browser_success_cb3724.png
INFO     [📘TEST_INFO]:reporting.py:37 ▶️ STEP started: Verify that Auth page displayed
INFO     [🎭 Playwright]:base_page.py:16 <AuthPage>: Check if page loaded
INFO     [📘TEST_INFO]:reporting.py:51 ✅ STEP completed: Verify that Auth page displayed
INFO     [📘TEST_INFO]:reporting.py:225 📸 Screenshot captured and attached (success): /home/runner/work/apolo-test-automation/apolo-test-automation/reports/screenshots/verify_ui_page_displayed_success_8a1155.png
INFO     [📘TEST_INFO]:reporting.py:37 ▶️ STEP started: Click login button
INFO     [🎭 Playwright]:base_page.py:16 <AuthPage>: Click log in button
INFO     [📘TEST_INFO]:reporting.py:51 ✅ STEP completed: Click login button
INFO     [📘TEST_INFO]:reporting.py:225 📸 Screenshot captured and attached (success): /home/runner/work/apolo-test-automation/apolo-test-automation/reports/screenshots/ui_click_login_button_success_46a870.png
INFO     [📘TEST_INFO]:reporting.py:37 ▶️ STEP started: Verify that Signup username page displayed
INFO     [🎭 Playwright]:base_page.py:16 <SignupUsernamePage>: Check if page is loaded
WARNING  [🔧TEST CONFIG]:conftest.py:430 [HTTP 404] HEAD https://api.dev.apolo.us/apis/admin/v1/users/regression-i4nru4pyb0
Request Body:
<not available>
Response Body (first 1000 chars):
<unavailable>
INFO     [📘TEST_INFO]:reporting.py:51 ✅ STEP completed: Verify that Signup username page displayed
INFO     [📘TEST_INFO]:reporting.py:225 📸 Screenshot captured and attached (success): /home/runner/work/apolo-test-automation/apolo-test-automation/reports/screenshots/verify_ui_page_displayed_success_0d1e40.png
INFO     [📘TEST_INFO]:reporting.py:37 ▶️ STEP started: Enter username
INFO     [🎭 Playwright]:base_page.py:16 <SignupUsernamePage>: Enter regression-i4nru4pyb0 username
WARNING  [🔧TEST CONFIG]:conftest.py:430 [HTTP 404] HEAD https://api.dev.apolo.us/apis/admin/v1/users/
Request Body:
<not available>
Response Body (first 1000 chars):
<unavailable>
WARNING  [🔧TEST CONFIG]:conftest.py:430 [HTTP 404] HEAD https://api.dev.apolo.us/apis/admin/v1/users/regression-i4nru4pyb0
Request Body:
<not available>
Response Body (first 1000 chars):
<unavailable>
INFO     [🎭 Playwright]:base_page.py:16 <SignupUsernamePage>: Wait for network idle
INFO     [🎭 Playwright]:base_page.py:16 <SignupUsernamePage>: Network idle done
INFO     [📘TEST_INFO]:reporting.py:51 ✅ STEP completed: Enter username
INFO     [📘TEST_INFO]:reporting.py:225 📸 Screenshot captured and attached (success): /home/runner/work/apolo-test-automation/apolo-test-automation/reports/screenshots/ui_enter_username_success_cd7c81.png
INFO     [📘TEST_INFO]:reporting.py:37 ▶️ STEP started: Click signup button on Signup username page
INFO     [🎭 Playwright]:base_page.py:16 <SignupUsernamePage>: Click signup button
WARNING  [🔧TEST CONFIG]:conftest.py:430 [HTTP 200] GET https://api.dev.apolo.us/api/v1/config
Request Body:
<not available>
Response Body (first 1000 chars):
{"authorized": true, "orgs": [], "clusters": [], "projects": [], "admin_url": "https://api.dev.apolo.us/apis/admin/v1", "auth_url": "https://auth.dev.apolo.us/authorize", "token_url": "https://auth.dev.apolo.us/oauth/token", "logout_url": "https://auth.dev.apolo.us/v2/logout?returnTo=https://console.dev.apolo.us", "client_id": "q3I0OzzGnTDkhRmpeJ7WWgaTCucmVxTL", "audience": "https://api.dev.apolo.us", "callback_urls": ["http://127.0.0.1:54540", "http://127.0.0.1:54541", "http://127.0.0.1:54542"], "headless_callback_url": "https://api.dev.apolo.us/oauth/show-code", "success_redirect_url": "https://api.dev.apolo.us/oauth/login"}
WARNING  [🔧TEST CONFIG]:conftest.py:430 [HTTP 200] GET https://api.dev.apolo.us/api/v1/users/regression-i4nru4pyb0/permissions?uri=blob:
Request Body:
<not available>
Response Body (first 1000 chars):
[]
WARNING  [🔧TEST CONFIG]:conftest.py:430 [HTTP 200] GET https://api.dev.apolo.us/apis/admin/v1/users/regression-i4nru4pyb0?include=orgs
Request Body:
<not available>
Response Body (first 1000 chars):
{"name": "regression-i4nru4pyb0", "email": "regression-i4nru4pyb0@apolo.us", "first_name": null, "last_name": null, "created_at": "2025-10-08T01:32:58.765761+00:00", "terms_accepted": false, "orgs": []}
WARNING  [🔧TEST CONFIG]:conftest.py:430 [HTTP 200] GET https://api.dev.apolo.us/apis/admin/v1/invites/incoming
Request Body:
<not available>
Response Body (first 1000 chars):
[]
WARNING  [🔧TEST CONFIG]:conftest.py:430 [HTTP 200] GET https://api.dev.apolo.us/apis/admin/v1/users/regression-i4nru4pyb0?include=clusters&include=system_role
Request Body:
<not available>
Response Body (first 1000 chars):
<unavailable>
INFO     [🎭 Playwright]:base_page.py:16 <SignupUsernamePage>: Waiting for spinner
WARNING  [🔧TEST CONFIG]:conftest.py:430 [HTTP 200] GET https://api.dev.apolo.us/api/v1/config
Request Body:
<not available>
Response Body (first 1000 chars):
{"authorized": true, "orgs": [], "clusters": [], "projects": [], "admin_url": "https://api.dev.apolo.us/apis/admin/v1", "auth_url": "https://auth.dev.apolo.us/authorize", "token_url": "https://auth.dev.apolo.us/oauth/token", "logout_url": "https://auth.dev.apolo.us/v2/logout?returnTo=https://console.dev.apolo.us", "client_id": "q3I0OzzGnTDkhRmpeJ7WWgaTCucmVxTL", "audience": "https://api.dev.apolo.us", "callback_urls": ["http://127.0.0.1:54540", "http://127.0.0.1:54541", "http://127.0.0.1:54542"], "headless_callback_url": "https://api.dev.apolo.us/oauth/show-code", "success_redirect_url": "https://api.dev.apolo.us/oauth/login"}
INFO     [🎭 Playwright]:base_page.py:16 <SignupUsernamePage>: Waiting for spinner to disappear
WARNING  [🔧TEST CONFIG]:conftest.py:430 [HTTP 200] GET https://api.dev.apolo.us/api/v1/users/regression-i4nru4pyb0/permissions?uri=blob:
Request Body:
<not available>
Response Body (first 1000 chars):
[]
WARNING  [🔧TEST CONFIG]:conftest.py:430 [HTTP 200] GET https://api.dev.apolo.us/apis/admin/v1/invites/incoming
Request Body:
<not available>
Response Body (first 1000 chars):
[]
WARNING  [🔧TEST CONFIG]:conftest.py:430 [HTTP 200] GET https://api.dev.apolo.us/apis/admin/v1/users/regression-i4nru4pyb0?include=clusters&include=system_role
Request Body:
<not available>
Response Body (first 1000 chars):
{"name": "regression-i4nru4pyb0", "email": "regression-i4nru4pyb0@apolo.us", "first_name": null, "last_name": null, "created_at": "2025-10-08T01:32:58.765761+00:00", "terms_accepted": false, "clusters": []}
WARNING  [🔧TEST CONFIG]:conftest.py:430 [HTTP 200] GET https://api.dev.apolo.us/apis/admin/v1/users/regression-i4nru4pyb0?include=orgs
Request Body:
<not available>
Response Body (first 1000 chars):
{"name": "regression-i4nru4pyb0", "email": "regression-i4nru4pyb0@apolo.us", "first_name": null, "last_name": null, "created_at": "2025-10-08T01:32:58.765761+00:00", "terms_accepted": false, "orgs": []}
INFO     [📘TEST_INFO]:reporting.py:51 ✅ STEP completed: Click signup button on Signup username page
INFO     [📘TEST_INFO]:reporting.py:225 📸 Screenshot captured and attached (success): /home/runner/work/apolo-test-automation/apolo-test-automation/reports/screenshots/ui_click_signup_button_success_39e73c.png
INFO     [📘TEST_INFO]:reporting.py:37 ▶️ STEP started: Verify that User agreement pop up displayed
INFO     [🎭 Playwright]:base_page.py:16 <MainPage>: Check if user_agreement pop up displayed
INFO     [📘TEST_INFO]:reporting.py:51 ✅ STEP completed: Verify that User agreement pop up displayed
INFO     [📘TEST_INFO]:reporting.py:225 📸 Screenshot captured and attached (success): /home/runner/work/apolo-test-automation/apolo-test-automation/reports/screenshots/verify_ui_terms_of_agreement_displayed_success_470c01.png
INFO     [📘TEST_INFO]:reporting.py:37 ▶️ STEP started: Check agreement checkbox
INFO     [🎭 Playwright]:base_page.py:16 <MainPage>: Check user agreement checkbox
INFO     [📘TEST_INFO]:reporting.py:51 ✅ STEP completed: Check agreement checkbox
INFO     [📘TEST_INFO]:reporting.py:225 📸 Screenshot captured and attached (success): /home/runner/work/apolo-test-automation/apolo-test-automation/reports/screenshots/ui_check_agreement_checkbox_success_1fb736.png
INFO     [📘TEST_INFO]:reporting.py:37 ▶️ STEP started: Click I Agree button
INFO     [🎭 Playwright]:base_page.py:16 <MainPage>: Click user agreement I Agree button
INFO     [📘TEST_INFO]:reporting.py:51 ✅ STEP completed: Click I Agree button
WARNING  [🔧TEST CONFIG]:conftest.py:430 [HTTP 204] PUT https://api.dev.apolo.us/apis/admin/v1/users/regression-i4nru4pyb0/profile
Request Body:
<not available>
Response Body (first 1000 chars):

INFO     [📘TEST_INFO]:reporting.py:225 📸 Screenshot captured and attached (success): /home/runner/work/apolo-test-automation/apolo-test-automation/reports/screenshots/ui_click_i_agree_button_success_39d34f.png
INFO     [📘TEST_INFO]:reporting.py:37 ▶️ STEP started: Wait for User Agreement popup to disappear
INFO     [📘TEST_INFO]:reporting.py:51 ✅ STEP completed: Wait for User Agreement popup to disappear
INFO     [📘TEST_INFO]:reporting.py:225 📸 Screenshot captured and attached (success): /home/runner/work/apolo-test-automation/apolo-test-automation/reports/screenshots/ui_wait_user_agreement_disappear_success_23f3eb.png
INFO     [📘TEST_INFO]:reporting.py:37 ▶️ STEP started: Wait for timeout
INFO     [📘TEST_INFO]:reporting.py:51 ✅ STEP completed: Wait for timeout
INFO     [📘TEST_INFO]:reporting.py:225 📸 Screenshot captured and attached (success): /home/runner/work/apolo-test-automation/apolo-test-automation/reports/screenshots/ui_wait_for_timeout_success_0ce2d4.png
INFO     [📘TEST_INFO]:reporting.py:37 ▶️ STEP started: Verify that Welcome new user page displayed
INFO     [🎭 Playwright]:base_page.py:16 <WelcomeNewUserPage>: Check if page loaded
INFO     [📘TEST_INFO]:reporting.py:51 ✅ STEP completed: Verify that Welcome new user page displayed
INFO     [📘TEST_INFO]:reporting.py:225 📸 Screenshot captured and attached (success): /home/runner/work/apolo-test-automation/apolo-test-automation/reports/screenshots/verify_ui_page_displayed_success_d4baf9.png
INFO     [📘TEST_INFO]:reporting.py:51 ✅ STEP completed: Signup new user via UI and activate email verification link
INFO     [📘TEST_INFO]:reporting.py:225 📸 Screenshot captured and attached (success): /home/runner/work/apolo-test-automation/apolo-test-automation/reports/screenshots/ui_signup_new_user_ver_link_success_afed28.png
INFO     [👤UsersManager]:users_manager.py:73 Setting main user to UserData(email='regression-i4nru4pyb0@apolo.us', username='regression-i4nru4pyb0', password='HOkrPtESe7w5')
INFO     [📘TEST_INFO]:reporting.py:37 ▶️ STEP started: Verify Apolo CLI client is installed
INFO     [🖥apolo_CLI]:apolo_runner.py:25 check CLI version. Running command via cli:

apolo --version

INFO     [🖥apolo_CLI]:apolo_runner.py:86 check CLI version succeeded:

Apolo Platform Client 25.8.1

INFO     [📘TEST_INFO]:reporting.py:51 ✅ STEP completed: Verify Apolo CLI client is installed
INFO     [📘TEST_INFO]:reporting.py:141 ============================================================
INFO     [📘TEST_INFO]:reporting.py:142 📁 SUITE STARTED: CLI Project Remove Members
INFO     [📘TEST_INFO]:reporting.py:143 ============================================================
INFO     [📘TEST_INFO]:reporting.py:86 ------------------------------------------------------------
INFO     [📘TEST_INFO]:reporting.py:87 📝 TEST started: Admin change member role from Reader to Writer in project via CLI
INFO     [📘TEST_INFO]:reporting.py:88 ------------------------------------------------------------
INFO     [📘TEST_INFO]:reporting.py:37 ▶️ STEP started: Login via UI
INFO     [📘TEST_INFO]:reporting.py:37 ▶️ STEP started: Click login button
INFO     [🎭 Playwright]:base_page.py:16 <AuthPage>: Click log in button
ERROR    [📘TEST_INFO]:reporting.py:56 ❌ STEP failed: Click login button
WARNING  [📘TEST_INFO]:reporting.py:229 ⚠️ Could not capture screenshot (fail): Page.screenshot: Target page, context or browser has been closed
ERROR    [📘TEST_INFO]:reporting.py:56 ❌ STEP failed: Login via UI
WARNING  [📘TEST_INFO]:reporting.py:229 ⚠️ Could not capture screenshot (fail): Page.screenshot: Target page, context or browser has been closed
ERROR    [📘TEST_INFO]:reporting.py:95 ❌ TEST failed: Admin change member role from Reader to Writer in project via CLI
Exception: [AssertionError] during step: Login via UI
Message: [TargetClosedError] during step: Click login button
Message: Page.wait_for_timeout: Target page, context or browser has been closed
INFO     [📘TEST_INFO]:reporting.py:98 ------------------------------------------------------------
INFO     [🌐API_helper]:api_helper.py:54 GET https://api.dev.apolo.us/apis/admin/v1/orgs
INFO     [🌐API_helper]:api_helper.py:175 Status: 200. Response: []
INFO     [🔧TEST CONFIG]:conftest.py:291 Cleaning up 0 organisations
INFO     [🔧TEST CONFIG]:conftest.py:331 Closing all browser sessions
INFO     [🔧TEST CONFIG]:conftest.py:337 Stopped Playwright
WARNING  [🔧TEST CONFIG]:conftest.py:347 Failed to close context: BrowserContext.close: Target page, context or browser has been closed
INFO     [🔧TEST CONFIG]:conftest.py:352 Closed browser (post-stop)
INFO     [🔧TEST CONFIG]:conftest.py:357 Browser cleanup finished