{"uid":"162b065c941f8522","name":"Admin download text file via CLI","fullName":"tests.test_cases.tests_cli.test_storage.TestCLIStorage#test_admin_download_txt_file_cli","historyId":"9825461d6eb2d3538d12d03a61bfe467","time":{"start":1759375867528,"stop":1759375877891,"duration":10363},"description":"\n- Login with valid credentials via **UI**.\n- Get Bearer auth token from Playwright local storage.\n- Create new organization via **API**.\n- Login with Bearer auth token via **CLI**.\n- Create new project via **CLI**.\n- Upload `text` file via **CLI**.\n\n### Verify that:\n\n- User can download `txt` file via **CLI**.\n- downloaded `txt` file md5 hash matches expected file.\n","descriptionHtml":"<div style='line-height:1.6;'><ul>\n<li>Login with valid credentials via <strong>UI</strong>.</li>\n<li>Get Bearer auth token from Playwright local storage.</li>\n<li>Create new organization via <strong>API</strong>.</li>\n<li>Login with Bearer auth token via <strong>CLI</strong>.</li>\n<li>Create new project via <strong>CLI</strong>.</li>\n<li>Upload <span style='background-color:#D3D3D3; padding:2px 4px; border-radius:3px; font-family:monospace;'>text</span> file via <strong>CLI</strong>.</li>\n</ul>\n<h3>Verify that:</h3>\n<ul>\n<li>User can download <span style='background-color:#D3D3D3; padding:2px 4px; border-radius:3px; font-family:monospace;'>txt</span> file via <strong>CLI</strong>.</li>\n<li>downloaded <span style='background-color:#D3D3D3; padding:2px 4px; border-radius:3px; font-family:monospace;'>txt</span> file md5 hash matches expected file.</li>\n</ul></div>","status":"failed","statusMessage":"AssertionError: [AssertionError] during step: Login via UI\nMessage: [AssertionError] during step: Verify that Welcome new user page displayed\nMessage: Locator expected to be visible\nActual value: <element(s) not found> \nCall log:\n  - Expect \"to_be_visible\" with timeout 5000ms\n  - waiting for locator(\"h3.truncate.text-h3\").filter(has_text=\"Welcome, regression-ys0intr8ln@apolo.us\")","statusTrace":"tests/reporting_hooks/reporting.py:49: in wrapper\n    result = await func(*args, **kwargs)\n             ^^^^^^^^^^^^^^^^^^^^^^^^^^^\ntests/test_cases/steps/ui_steps/page_steps_impl/welcome_new_user_page_steps.py:14: in verify_ui_page_displayed\n    assert await self._pm.welcome_new_user_page.is_loaded(email=email), (\n           ^^^^^^^^^^^^^^^^^^^^^^^^^^^^^^^^^^^^^^^^^^^^^^^^^^^^^^^^^^^\ntests/components/ui/pages/onboarding_pages/welcome_new_user_page.py:27: in is_loaded\n    await self._get_welcome_user_message(email).expect_to_be_loaded()\ntests/components/ui/pages/base_element.py:51: in expect_to_be_loaded\n    await expect(self.locator).to_be_visible(timeout=timeout)\nE   AssertionError: Locator expected to be visible\nE   Actual value: <element(s) not found> \nE   Call log:\nE     - Expect \"to_be_visible\" with timeout 5000ms\nE     - waiting for locator(\"h3.truncate.text-h3\").filter(has_text=\"Welcome, regression-ys0intr8ln@apolo.us\")\n\nThe above exception was the direct cause of the following exception:\ntests/reporting_hooks/reporting.py:49: in wrapper\n    result = await func(*args, **kwargs)\n             ^^^^^^^^^^^^^^^^^^^^^^^^^^^\ntests/test_cases/steps/ui_steps/ui_steps.py:82: in ui_login\n    await self.welcome_new_user_page.verify_ui_page_displayed(\ntests/reporting_hooks/reporting.py:58: in wrapper\n    raise AssertionError(formatted_msg) from e\nE   AssertionError: [AssertionError] during step: Verify that Welcome new user page displayed\nE   Message: Locator expected to be visible\nE   Actual value: <element(s) not found> \nE   Call log:\nE     - Expect \"to_be_visible\" with timeout 5000ms\nE     - waiting for locator(\"h3.truncate.text-h3\").filter(has_text=\"Welcome, regression-ys0intr8ln@apolo.us\")\n\nThe above exception was the direct cause of the following exception:\ntests/test_cases/tests_cli/test_storage.py:252: in test_admin_download_txt_file_cli\n    await self._ui_steps.ui_login(user=user)\ntests/reporting_hooks/reporting.py:58: in wrapper\n    raise AssertionError(formatted_msg) from e\nE   AssertionError: [AssertionError] during step: Login via UI\nE   Message: [AssertionError] during step: Verify that Welcome new user page displayed\nE   Message: Locator expected to be visible\nE   Actual value: <element(s) not found> \nE   Call log:\nE     - Expect \"to_be_visible\" with timeout 5000ms\nE     - waiting for locator(\"h3.truncate.text-h3\").filter(has_text=\"Welcome, regression-ys0intr8ln@apolo.us\")","flaky":true,"newFailed":true,"newBroken":false,"newPassed":false,"retriesCount":2,"retriesStatusChange":false,"beforeStages":[{"name":"_verify_url","time":{"start":1759368771118,"stop":1759368771118,"duration":0},"status":"passed","steps":[],"attachments":[],"parameters":[],"shouldDisplayMessage":false,"stepsCount":0,"attachmentsCount":0,"hasContent":false,"attachmentStep":false},{"name":"base_url","time":{"start":1759368771118,"stop":1759368771118,"duration":0},"status":"passed","steps":[],"attachments":[],"parameters":[],"shouldDisplayMessage":false,"stepsCount":0,"attachmentsCount":0,"hasContent":false,"attachmentStep":false},{"name":"event_loop_policy","time":{"start":1759368771118,"stop":1759368771118,"duration":0},"status":"passed","steps":[],"attachments":[],"parameters":[],"shouldDisplayMessage":false,"stepsCount":0,"attachmentsCount":0,"hasContent":false,"attachmentStep":false},{"name":"delay_worker_start","time":{"start":1759368771119,"stop":1759368786120,"duration":15001},"status":"passed","steps":[],"attachments":[],"parameters":[],"shouldDisplayMessage":false,"stepsCount":0,"attachmentsCount":0,"hasContent":false,"attachmentStep":false},{"name":"delete_output_dir","time":{"start":1759368771119,"stop":1759368771119,"duration":0},"status":"passed","steps":[],"attachments":[],"parameters":[],"shouldDisplayMessage":false,"stepsCount":0,"attachmentsCount":0,"hasContent":false,"attachmentStep":false},{"name":"pytestconfig","time":{"start":1759368771119,"stop":1759368771119,"duration":0},"status":"passed","steps":[],"attachments":[],"parameters":[],"shouldDisplayMessage":false,"stepsCount":0,"attachmentsCount":0,"hasContent":false,"attachmentStep":false},{"name":"ensure_storage_directories","time":{"start":1759368786120,"stop":1759368786120,"duration":0},"status":"passed","steps":[],"attachments":[],"parameters":[],"shouldDisplayMessage":false,"stepsCount":0,"attachmentsCount":0,"hasContent":false,"attachmentStep":false},{"name":"test_config","time":{"start":1759375864449,"stop":1759375864452,"duration":3},"status":"passed","steps":[],"attachments":[],"parameters":[],"shouldDisplayMessage":false,"stepsCount":0,"attachmentsCount":0,"hasContent":false,"attachmentStep":false},{"name":"_function_scoped_runner","time":{"start":1759375864452,"stop":1759375864452,"duration":0},"status":"passed","steps":[],"attachments":[],"parameters":[],"shouldDisplayMessage":false,"stepsCount":0,"attachmentsCount":0,"hasContent":false,"attachmentStep":false},{"name":"page_manager","time":{"start":1759375864452,"stop":1759375866981,"duration":2529},"status":"passed","steps":[],"attachments":[{"uid":"b2f8b01afdc87227","name":"HTTP 200 - GET config","source":"b2f8b01afdc87227.txt","type":"text/plain","size":654}],"parameters":[],"shouldDisplayMessage":false,"stepsCount":0,"attachmentsCount":1,"hasContent":true,"attachmentStep":false},{"name":"users_manager","time":{"start":1759375866981,"stop":1759375866981,"duration":0},"status":"passed","steps":[],"attachments":[],"parameters":[],"shouldDisplayMessage":false,"stepsCount":0,"attachmentsCount":0,"hasContent":false,"attachmentStep":false},{"name":"api_helper","time":{"start":1759375866981,"stop":1759375866982,"duration":1},"status":"passed","steps":[],"attachments":[],"parameters":[],"shouldDisplayMessage":false,"stepsCount":0,"attachmentsCount":0,"hasContent":false,"attachmentStep":false},{"name":"data_manager","time":{"start":1759375866981,"stop":1759375866981,"duration":0},"status":"passed","steps":[],"attachments":[],"parameters":[],"shouldDisplayMessage":false,"stepsCount":0,"attachmentsCount":0,"hasContent":false,"attachmentStep":false},{"name":"apolo_cli","time":{"start":1759375866982,"stop":1759375866982,"duration":0},"status":"passed","steps":[],"attachments":[],"parameters":[],"shouldDisplayMessage":false,"stepsCount":0,"attachmentsCount":0,"hasContent":false,"attachmentStep":false},{"name":"setup_cleanup","time":{"start":1759375866982,"stop":1759375866982,"duration":0},"status":"passed","steps":[],"attachments":[],"parameters":[],"shouldDisplayMessage":false,"stepsCount":0,"attachmentsCount":0,"hasContent":false,"attachmentStep":false},{"name":"add_page_manager","time":{"start":1759375866983,"stop":1759375866983,"duration":0},"status":"passed","steps":[],"attachments":[],"parameters":[],"shouldDisplayMessage":false,"stepsCount":0,"attachmentsCount":0,"hasContent":false,"attachmentStep":false},{"name":"_inject_fixtures","time":{"start":1759375866983,"stop":1759375866983,"duration":0},"status":"passed","steps":[],"attachments":[],"parameters":[],"shouldDisplayMessage":false,"stepsCount":0,"attachmentsCount":0,"hasContent":false,"attachmentStep":false},{"name":"setup","time":{"start":1759375866983,"stop":1759375867528,"duration":545},"status":"passed","steps":[{"name":"Verify Apolo CLI client is installed","time":{"start":1759375866983,"stop":1759375867528,"duration":545},"status":"passed","steps":[],"attachments":[{"uid":"af41a0ef71be0e1c","name":"Executed CLI command","source":"af41a0ef71be0e1c.txt","type":"text/plain","size":15},{"uid":"3e7bddcb406281cf","name":"Executed CLI command output","source":"3e7bddcb406281cf.txt","type":"text/plain","size":28}],"parameters":[],"shouldDisplayMessage":false,"stepsCount":0,"attachmentsCount":2,"hasContent":true,"attachmentStep":false}],"attachments":[],"parameters":[],"shouldDisplayMessage":false,"stepsCount":1,"attachmentsCount":2,"hasContent":true,"attachmentStep":false}],"testStage":{"description":"\n- Login with valid credentials via **UI**.\n- Get Bearer auth token from Playwright local storage.\n- Create new organization via **API**.\n- Login with Bearer auth token via **CLI**.\n- Create new project via **CLI**.\n- Upload `text` file via **CLI**.\n\n### Verify that:\n\n- User can download `txt` file via **CLI**.\n- downloaded `txt` file md5 hash matches expected file.\n","descriptionHtml":"<div style='line-height:1.6;'><ul>\n<li>Login with valid credentials via <strong>UI</strong>.</li>\n<li>Get Bearer auth token from Playwright local storage.</li>\n<li>Create new organization via <strong>API</strong>.</li>\n<li>Login with Bearer auth token via <strong>CLI</strong>.</li>\n<li>Create new project via <strong>CLI</strong>.</li>\n<li>Upload <span style='background-color:#D3D3D3; padding:2px 4px; border-radius:3px; font-family:monospace;'>text</span> file via <strong>CLI</strong>.</li>\n</ul>\n<h3>Verify that:</h3>\n<ul>\n<li>User can download <span style='background-color:#D3D3D3; padding:2px 4px; border-radius:3px; font-family:monospace;'>txt</span> file via <strong>CLI</strong>.</li>\n<li>downloaded <span style='background-color:#D3D3D3; padding:2px 4px; border-radius:3px; font-family:monospace;'>txt</span> file md5 hash matches expected file.</li>\n</ul></div>","status":"failed","statusMessage":"AssertionError: [AssertionError] during step: Login via UI\nMessage: [AssertionError] during step: Verify that Welcome new user page displayed\nMessage: Locator expected to be visible\nActual value: <element(s) not found> \nCall log:\n  - Expect \"to_be_visible\" with timeout 5000ms\n  - waiting for locator(\"h3.truncate.text-h3\").filter(has_text=\"Welcome, regression-ys0intr8ln@apolo.us\")","statusTrace":"tests/reporting_hooks/reporting.py:49: in wrapper\n    result = await func(*args, **kwargs)\n             ^^^^^^^^^^^^^^^^^^^^^^^^^^^\ntests/test_cases/steps/ui_steps/page_steps_impl/welcome_new_user_page_steps.py:14: in verify_ui_page_displayed\n    assert await self._pm.welcome_new_user_page.is_loaded(email=email), (\n           ^^^^^^^^^^^^^^^^^^^^^^^^^^^^^^^^^^^^^^^^^^^^^^^^^^^^^^^^^^^\ntests/components/ui/pages/onboarding_pages/welcome_new_user_page.py:27: in is_loaded\n    await self._get_welcome_user_message(email).expect_to_be_loaded()\ntests/components/ui/pages/base_element.py:51: in expect_to_be_loaded\n    await expect(self.locator).to_be_visible(timeout=timeout)\nE   AssertionError: Locator expected to be visible\nE   Actual value: <element(s) not found> \nE   Call log:\nE     - Expect \"to_be_visible\" with timeout 5000ms\nE     - waiting for locator(\"h3.truncate.text-h3\").filter(has_text=\"Welcome, regression-ys0intr8ln@apolo.us\")\n\nThe above exception was the direct cause of the following exception:\ntests/reporting_hooks/reporting.py:49: in wrapper\n    result = await func(*args, **kwargs)\n             ^^^^^^^^^^^^^^^^^^^^^^^^^^^\ntests/test_cases/steps/ui_steps/ui_steps.py:82: in ui_login\n    await self.welcome_new_user_page.verify_ui_page_displayed(\ntests/reporting_hooks/reporting.py:58: in wrapper\n    raise AssertionError(formatted_msg) from e\nE   AssertionError: [AssertionError] during step: Verify that Welcome new user page displayed\nE   Message: Locator expected to be visible\nE   Actual value: <element(s) not found> \nE   Call log:\nE     - Expect \"to_be_visible\" with timeout 5000ms\nE     - waiting for locator(\"h3.truncate.text-h3\").filter(has_text=\"Welcome, regression-ys0intr8ln@apolo.us\")\n\nThe above exception was the direct cause of the following exception:\ntests/test_cases/tests_cli/test_storage.py:252: in test_admin_download_txt_file_cli\n    await self._ui_steps.ui_login(user=user)\ntests/reporting_hooks/reporting.py:58: in wrapper\n    raise AssertionError(formatted_msg) from e\nE   AssertionError: [AssertionError] during step: Login via UI\nE   Message: [AssertionError] during step: Verify that Welcome new user page displayed\nE   Message: Locator expected to be visible\nE   Actual value: <element(s) not found> \nE   Call log:\nE     - Expect \"to_be_visible\" with timeout 5000ms\nE     - waiting for locator(\"h3.truncate.text-h3\").filter(has_text=\"Welcome, regression-ys0intr8ln@apolo.us\")","steps":[{"name":"Login via UI","time":{"start":1759375867529,"stop":1759375877890,"duration":10361},"status":"failed","statusMessage":"AssertionError: [AssertionError] during step: Login via UI\nMessage: [AssertionError] during step: Verify that Welcome new user page displayed\nMessage: Locator expected to be visible\nActual value: <element(s) not found> \nCall log:\n  - Expect \"to_be_visible\" with timeout 5000ms\n  - waiting for locator(\"h3.truncate.text-h3\").filter(has_text=\"Welcome, regression-ys0intr8ln@apolo.us\")\n\n","statusTrace":"  File \"/home/runner/work/apolo-test-automation/apolo-test-automation/tests/reporting_hooks/reporting.py\", line 58, in wrapper\n    raise AssertionError(formatted_msg) from e\n","steps":[{"name":"Click login button","time":{"start":1759375867529,"stop":1759375868658,"duration":1129},"status":"passed","steps":[],"attachments":[{"uid":"21ae9d9914f5188f","name":"Page URL","source":"21ae9d9914f5188f.txt","type":"text/plain","size":33},{"uid":"1b5ab00aa82da56f","name":"Screenshot: Click login button (success)","source":"1b5ab00aa82da56f.png","type":"image/png","size":41534}],"parameters":[],"shouldDisplayMessage":false,"stepsCount":0,"attachmentsCount":2,"hasContent":true,"attachmentStep":false},{"name":"Enter email","time":{"start":1759375868658,"stop":1759375868989,"duration":331},"status":"passed","steps":[],"attachments":[{"uid":"2e28877dbfdc1813","name":"Page URL","source":"2e28877dbfdc1813.txt","type":"text/plain","size":215},{"uid":"fba11c98d3c113b5","name":"Screenshot: Enter email (success)","source":"fba11c98d3c113b5.png","type":"image/png","size":45462}],"parameters":[],"shouldDisplayMessage":false,"stepsCount":0,"attachmentsCount":2,"hasContent":true,"attachmentStep":false},{"name":"Enter password","time":{"start":1759375868989,"stop":1759375869322,"duration":333},"status":"passed","steps":[],"attachments":[{"uid":"11052855c77dd19e","name":"Page URL","source":"11052855c77dd19e.txt","type":"text/plain","size":215},{"uid":"5b50ef6198982cbc","name":"Screenshot: Enter password (success)","source":"5b50ef6198982cbc.png","type":"image/png","size":45611}],"parameters":[],"shouldDisplayMessage":false,"stepsCount":0,"attachmentsCount":2,"hasContent":true,"attachmentStep":false},{"name":"Click Continue button","time":{"start":1759375869322,"stop":1759375871690,"duration":2368},"status":"passed","steps":[],"attachments":[{"uid":"4e210a01ae6c465a","name":"Page URL","source":"4e210a01ae6c465a.txt","type":"text/plain","size":215},{"uid":"7caad20b206c1d8","name":"HTTP 200 - GET config","source":"7caad20b206c1d8.txt","type":"text/plain","size":1118},{"uid":"9dc5dce706688b9e","name":"HTTP 200 - GET regression-ys0intr8ln?include=orgs","source":"9dc5dce706688b9e.txt","type":"text/plain","size":455},{"uid":"377f7fbc435c991d","name":"HTTP 200 - GET regression-ys0intr8ln?include=clusters&include=system_role","source":"377f7fbc435c991d.txt","type":"text/plain","size":510},{"uid":"6ce0bb723c860dce","name":"HTTP 200 - GET tags","source":"6ce0bb723c860dce.txt","type":"text/plain","size":848},{"uid":"9b2f509ee7bc9782","name":"Screenshot: Click Continue button (success)","source":"9b2f509ee7bc9782.png","type":"image/png","size":55296}],"parameters":[],"shouldDisplayMessage":false,"stepsCount":0,"attachmentsCount":6,"hasContent":true,"attachmentStep":false},{"name":"Verify that Welcome new user page displayed","time":{"start":1759375871700,"stop":1759375877796,"duration":6096},"status":"failed","statusMessage":"AssertionError: [AssertionError] during step: Verify that Welcome new user page displayed\nMessage: Locator expected to be visible\nActual value: <element(s) not found> \nCall log:\n  - Expect \"to_be_visible\" with timeout 5000ms\n  - waiting for locator(\"h3.truncate.text-h3\").filter(has_text=\"Welcome, regression-ys0intr8ln@apolo.us\")\n\n","statusTrace":"  File \"/home/runner/work/apolo-test-automation/apolo-test-automation/tests/reporting_hooks/reporting.py\", line 58, in wrapper\n    raise AssertionError(formatted_msg) from e\n","steps":[],"attachments":[{"uid":"e070e7c5bb6afbca","name":"Page URL","source":"e070e7c5bb6afbca.txt","type":"text/plain","size":81},{"uid":"6c66ce05b7d19af","name":"HTTP 200 - GET permissions?uri=blob:","source":"6c66ce05b7d19af.txt","type":"text/plain","size":236},{"uid":"97c9c874c7d11fcb","name":"HTTP 200 - GET regression-org-1exqmzqe52m2","source":"97c9c874c7d11fcb.txt","type":"text/plain","size":425},{"uid":"64c0367a4af93662","name":"HTTP 200 - GET incoming","source":"64c0367a4af93662.txt","type":"text/plain","size":137},{"uid":"e7da7124f7fa0017","name":"Screenshot: Verify that Welcome new user page displayed (fail)","source":"e7da7124f7fa0017.png","type":"image/png","size":57105}],"parameters":[],"shouldDisplayMessage":true,"stepsCount":0,"attachmentsCount":5,"hasContent":true,"attachmentStep":false}],"attachments":[{"uid":"5e89c408af63f9f","name":"Page URL","source":"5e89c408af63f9f.txt","type":"text/plain","size":33},{"uid":"336d910d02332826","name":"Screenshot: Login via UI (fail)","source":"336d910d02332826.png","type":"image/png","size":57105}],"parameters":[],"shouldDisplayMessage":true,"stepsCount":5,"attachmentsCount":19,"hasContent":true,"attachmentStep":false}],"attachments":[{"uid":"6e890b652abe11e2","name":"log","source":"6e890b652abe11e2.txt","type":"text/plain","size":49324}],"parameters":[],"shouldDisplayMessage":true,"stepsCount":6,"attachmentsCount":20,"hasContent":true,"attachmentStep":false},"afterStages":[{"name":"setup_cleanup::finalizer","time":{"start":1759375877920,"stop":1759375877920,"duration":0},"status":"passed","steps":[],"attachments":[],"parameters":[],"shouldDisplayMessage":false,"stepsCount":0,"attachmentsCount":0,"hasContent":false,"attachmentStep":false},{"name":"setup_cleanup::finalizer","time":{"start":1759375877920,"stop":1759375883209,"duration":5289},"status":"passed","steps":[{"name":"Post-test cleanup","time":{"start":1759375877920,"stop":1759375883209,"duration":5289},"status":"passed","steps":[{"name":"Delete organisation: regression-org-1exqmzqe52m2","time":{"start":1759375881807,"stop":1759375883162,"duration":1355},"status":"passed","steps":[],"attachments":[],"parameters":[],"shouldDisplayMessage":false,"stepsCount":0,"attachmentsCount":0,"hasContent":false,"attachmentStep":false}],"attachments":[],"parameters":[],"shouldDisplayMessage":false,"stepsCount":1,"attachmentsCount":0,"hasContent":true,"attachmentStep":false}],"attachments":[],"parameters":[],"shouldDisplayMessage":false,"stepsCount":2,"attachmentsCount":0,"hasContent":true,"attachmentStep":false},{"name":"add_page_manager::finalizer","time":{"start":1759375877920,"stop":1759375877920,"duration":0},"status":"passed","steps":[],"attachments":[],"parameters":[],"shouldDisplayMessage":false,"stepsCount":0,"attachmentsCount":0,"hasContent":false,"attachmentStep":false},{"name":"api_helper::finalizer","time":{"start":1759375883210,"stop":1759375883210,"duration":0},"status":"passed","steps":[],"attachments":[],"parameters":[],"shouldDisplayMessage":false,"stepsCount":0,"attachmentsCount":0,"hasContent":false,"attachmentStep":false},{"name":"_function_scoped_runner::0","time":{"start":1759375883211,"stop":1759375883212,"duration":1},"status":"passed","steps":[],"attachments":[],"parameters":[],"shouldDisplayMessage":false,"stepsCount":0,"attachmentsCount":0,"hasContent":false,"attachmentStep":false}],"labels":[{"name":"parentSuite","value":"CLI Tests"},{"name":"suite","value":"CLI Storage"},{"name":"tag","value":"asyncio"},{"name":"subSuite","value":"TestCLIStorage"},{"name":"host","value":"runnervm3ublj"},{"name":"thread","value":"3655-MainThread"},{"name":"framework","value":"pytest"},{"name":"language","value":"cpython3"},{"name":"package","value":"tests.test_cases.tests_cli.test_storage"},{"name":"resultFormat","value":"allure2"}],"parameters":[],"links":[],"hidden":false,"retry":false,"extra":{"severity":"normal","retries":[{"uid":"1ff24ffdea20ddeb","status":"failed","statusDetails":"AssertionError: [AssertionError] during step: Add new project via apolo CLI\nMessage: ERROR: Illegal argument(s) (stream timeout)","time":{"start":1759375766045,"stop":1759375820416,"duration":54371}},{"uid":"be20af18e3f41d16","status":"failed","statusDetails":"AssertionError: [AssertionError] during step: Add new project via apolo CLI\nMessage: ERROR: Illegal argument(s) (upstream request timeout)","time":{"start":1759375668491,"stop":1759375718178,"duration":49687}}],"categories":[{"name":"Product defects","matchedStatuses":[],"flaky":false}],"history":{"statistic":{"failed":8,"broken":0,"skipped":0,"passed":45,"unknown":0,"total":53},"items":[{"uid":"7283beb76eba2c50","status":"passed","time":{"start":1759286352164,"stop":1759286400504,"duration":48340}},{"uid":"9a44a72ddf9526ba","status":"passed","time":{"start":1759199671171,"stop":1759199717951,"duration":46780}},{"uid":"62982397d62aa99d","status":"passed","time":{"start":1759157088742,"stop":1759157123991,"duration":35249}},{"uid":"56036d0d4b676e87","status":"failed","statusDetails":"AssertionError: [AssertionError] during step: Upload file via CLI\nMessage: ERROR: cannot copy file:///home/runner/work/apolo-test-automation/apolo-test-automation/storage_objects/generated_objects/regression-txt-file-gC4rc1lL.txt to storage://default/regression-org-6avc79oq7lbj/regression-proj-tshmw18dhj: [Errno 20] Not a directory: 'storage://default/regression-org-6avc79oq7lbj'","time":{"start":1759113745014,"stop":1759113773247,"duration":28233}},{"uid":"7e42e969d957fa99","status":"failed","statusDetails":"AssertionError: [AssertionError] during step: Upload file via CLI\nMessage: ERROR: cannot copy file:///home/runner/work/apolo-test-automation/apolo-test-automation/storage_objects/generated_objects/regression-txt-file-hEbohWlw.txt to storage://default/regression-org-ttmc56dh7sf8/regression-proj-qamc6qhijv: [Errno 20] Not a directory: 'storage://default/regression-org-ttmc56dh7sf8'","time":{"start":1759027403796,"stop":1759027441401,"duration":37605}},{"uid":"b6886335f72728f8","status":"failed","statusDetails":"AssertionError: [AssertionError] during step: Upload file via CLI\nMessage: ERROR: cannot copy file:///home/runner/work/apolo-test-automation/apolo-test-automation/storage_objects/generated_objects/regression-txt-file-FngA7vxB.txt to storage://default/regression-org-5rvt3r21jk25/regression-proj-wgqprndah3: [Errno 20] Not a directory: 'storage://default/regression-org-5rvt3r21jk25'","time":{"start":1758940715447,"stop":1758940746441,"duration":30994}},{"uid":"17526b074e25879a","status":"passed","time":{"start":1758853475568,"stop":1758853509157,"duration":33589}},{"uid":"1f0559ccc73b73de","status":"passed","time":{"start":1758767386123,"stop":1758767417585,"duration":31462}},{"uid":"fe905ff091715e5c","status":"passed","time":{"start":1758709255068,"stop":1758709289414,"duration":34346}},{"uid":"e77737a60328f2f3","status":"failed","statusDetails":"AssertionError: [AssertionError] during step: Upload file via CLI\nMessage: ERROR: cannot copy file:///home/runner/work/apolo-test-automation/apolo-test-automation/storage_objects/generated_objects/regression-txt-file-c2HqiLhk.txt to storage://default/regression-org-lxd7hc05m5wm/regression-proj-bijaosm4y9: [Errno 20] Not a directory: 'storage://default/regression-org-lxd7hc05m5wm'","time":{"start":1758693707437,"stop":1758693736627,"duration":29190}},{"uid":"a017157e65dd8181","status":"failed","statusDetails":"AssertionError: [AssertionError] during step: Upload file via CLI\nMessage: ERROR: cannot copy file:///home/runner/work/apolo-test-automation/apolo-test-automation/storage_objects/generated_objects/regression-txt-file-5Vkg5pNi.txt to storage://default/regression-org-07l011btmzbx/regression-proj-r65vwokj9a: [Errno 20] Not a directory: 'storage://default/regression-org-07l011btmzbx'","time":{"start":1758681599742,"stop":1758681641215,"duration":41473}},{"uid":"ad782bf63595e90f","status":"passed","time":{"start":1758594191445,"stop":1758594224862,"duration":33417}},{"uid":"293698b70f0cd375","status":"passed","time":{"start":1758507969661,"stop":1758508008918,"duration":39257}},{"uid":"92ddfb54f7ceec90","status":"passed","time":{"start":1758421773593,"stop":1758421820183,"duration":46590}},{"uid":"47d9cb5ead8fa1f2","status":"passed","time":{"start":1758334842031,"stop":1758334873181,"duration":31150}},{"uid":"3a1a1685aa68c47d","status":"passed","time":{"start":1758248781745,"stop":1758248813706,"duration":31961}},{"uid":"f599e1cdc3f26ded","status":"passed","time":{"start":1758162288032,"stop":1758162319029,"duration":30997}},{"uid":"d3891b956c0f2cf2","status":"passed","time":{"start":1758105789932,"stop":1758105834670,"duration":44738}},{"uid":"b8e81c3911622f5f","status":"failed","statusDetails":"AssertionError: [AssertionError] during step: Add new project via apolo CLI\nMessage: ERROR: Illegal argument(s) (upstream request timeout)","time":{"start":1758083399254,"stop":1758083452081,"duration":52827}},{"uid":"2b0b3c1bf7ad9c46","status":"failed","statusDetails":"AssertionError: [AssertionError] during step: Login via UI\nMessage: [AssertionError] during step: Verify that Welcome new user page displayed\nMessage: Locator expected to be visible\nActual value: <element(s) not found> \nCall log:\n  - Expect \"to_be_visible\" with timeout 5000ms\n  - waiting for locator(\"h3.truncate.text-h3\").filter(has_text=\"Welcome, regression-hu30kslfn7@apolo.us\")","time":{"start":1757990215579,"stop":1757990227052,"duration":11473}}]},"tags":["asyncio"]},"source":"162b065c941f8522.json","parameterValues":[]}