{"uid":"575305257ab7f576","name":"User make single click on File","fullName":"tests.test_cases.tests_ui.test_files.TestUIFiles#test_file_single_click","historyId":"dc51bbc8158336815093f1deaa40a93c","time":{"start":1759373260064,"stop":1759373272497,"duration":12433},"description":"\n- Login with valid credentials.\n- Create new organization via **API**.\n- Create new project.\n- Upload `txt` file.\n- Single click on file.\n\n### Verify that:\n- File info section appears.\n- File action bar appears.\n","descriptionHtml":"<div style='line-height:1.6;'><ul>\n<li>Login with valid credentials.</li>\n<li>Create new organization via <strong>API</strong>.</li>\n<li>Create new project.</li>\n<li>Upload <span style='background-color:#D3D3D3; padding:2px 4px; border-radius:3px; font-family:monospace;'>txt</span> file.</li>\n<li>Single click on file.</li>\n</ul>\n<h3>Verify that:</h3>\n<ul>\n<li>File info section appears.</li>\n<li>File action bar appears.</li>\n</ul></div>","status":"failed","statusMessage":"AssertionError: [AssertionError] during step: Login via UI\nMessage: [AssertionError] during step: Verify that Welcome new user page displayed\nMessage: Locator expected to be visible\nActual value: <element(s) not found> \nCall log:\n  - Expect \"to_be_visible\" with timeout 5000ms\n  - waiting for locator(\"h3.truncate.text-h3\").filter(has_text=\"Welcome, regression-k2otcmxzoq@apolo.us\")","statusTrace":"tests/reporting_hooks/reporting.py:49: in wrapper\n    result = await func(*args, **kwargs)\n             ^^^^^^^^^^^^^^^^^^^^^^^^^^^\ntests/test_cases/steps/ui_steps/page_steps_impl/welcome_new_user_page_steps.py:14: in verify_ui_page_displayed\n    assert await self._pm.welcome_new_user_page.is_loaded(email=email), (\n           ^^^^^^^^^^^^^^^^^^^^^^^^^^^^^^^^^^^^^^^^^^^^^^^^^^^^^^^^^^^\ntests/components/ui/pages/onboarding_pages/welcome_new_user_page.py:27: in is_loaded\n    await self._get_welcome_user_message(email).expect_to_be_loaded()\ntests/components/ui/pages/base_element.py:51: in expect_to_be_loaded\n    await expect(self.locator).to_be_visible(timeout=timeout)\nE   AssertionError: Locator expected to be visible\nE   Actual value: <element(s) not found> \nE   Call log:\nE     - Expect \"to_be_visible\" with timeout 5000ms\nE     - waiting for locator(\"h3.truncate.text-h3\").filter(has_text=\"Welcome, regression-k2otcmxzoq@apolo.us\")\n\nThe above exception was the direct cause of the following exception:\ntests/reporting_hooks/reporting.py:49: in wrapper\n    result = await func(*args, **kwargs)\n             ^^^^^^^^^^^^^^^^^^^^^^^^^^^\ntests/test_cases/steps/ui_steps/ui_steps.py:82: in ui_login\n    await self.welcome_new_user_page.verify_ui_page_displayed(\ntests/reporting_hooks/reporting.py:58: in wrapper\n    raise AssertionError(formatted_msg) from e\nE   AssertionError: [AssertionError] during step: Verify that Welcome new user page displayed\nE   Message: Locator expected to be visible\nE   Actual value: <element(s) not found> \nE   Call log:\nE     - Expect \"to_be_visible\" with timeout 5000ms\nE     - waiting for locator(\"h3.truncate.text-h3\").filter(has_text=\"Welcome, regression-k2otcmxzoq@apolo.us\")\n\nThe above exception was the direct cause of the following exception:\ntests/test_cases/tests_ui/test_files.py:527: in test_file_single_click\n    await steps.ui_login(user)\ntests/reporting_hooks/reporting.py:58: in wrapper\n    raise AssertionError(formatted_msg) from e\nE   AssertionError: [AssertionError] during step: Login via UI\nE   Message: [AssertionError] during step: Verify that Welcome new user page displayed\nE   Message: Locator expected to be visible\nE   Actual value: <element(s) not found> \nE   Call log:\nE     - Expect \"to_be_visible\" with timeout 5000ms\nE     - waiting for locator(\"h3.truncate.text-h3\").filter(has_text=\"Welcome, regression-k2otcmxzoq@apolo.us\")","flaky":true,"newFailed":true,"newBroken":false,"newPassed":false,"retriesCount":2,"retriesStatusChange":false,"beforeStages":[{"name":"base_url","time":{"start":1759368771118,"stop":1759368771118,"duration":0},"status":"passed","steps":[],"attachments":[],"parameters":[],"shouldDisplayMessage":false,"stepsCount":0,"attachmentsCount":0,"hasContent":false,"attachmentStep":false},{"name":"event_loop_policy","time":{"start":1759368771118,"stop":1759368771118,"duration":0},"status":"passed","steps":[],"attachments":[],"parameters":[],"shouldDisplayMessage":false,"stepsCount":0,"attachmentsCount":0,"hasContent":false,"attachmentStep":false},{"name":"_verify_url","time":{"start":1759368771118,"stop":1759368771118,"duration":0},"status":"passed","steps":[],"attachments":[],"parameters":[],"shouldDisplayMessage":false,"stepsCount":0,"attachmentsCount":0,"hasContent":false,"attachmentStep":false},{"name":"delete_output_dir","time":{"start":1759368771119,"stop":1759368771119,"duration":0},"status":"passed","steps":[],"attachments":[],"parameters":[],"shouldDisplayMessage":false,"stepsCount":0,"attachmentsCount":0,"hasContent":false,"attachmentStep":false},{"name":"pytestconfig","time":{"start":1759368771119,"stop":1759368771119,"duration":0},"status":"passed","steps":[],"attachments":[],"parameters":[],"shouldDisplayMessage":false,"stepsCount":0,"attachmentsCount":0,"hasContent":false,"attachmentStep":false},{"name":"delay_worker_start","time":{"start":1759368771119,"stop":1759368801119,"duration":30000},"status":"passed","steps":[],"attachments":[],"parameters":[],"shouldDisplayMessage":false,"stepsCount":0,"attachmentsCount":0,"hasContent":false,"attachmentStep":false},{"name":"ensure_storage_directories","time":{"start":1759368801120,"stop":1759368801120,"duration":0},"status":"passed","steps":[],"attachments":[],"parameters":[],"shouldDisplayMessage":false,"stepsCount":0,"attachmentsCount":0,"hasContent":false,"attachmentStep":false},{"name":"test_config","time":{"start":1759373257616,"stop":1759373257621,"duration":5},"status":"passed","steps":[],"attachments":[],"parameters":[],"shouldDisplayMessage":false,"stepsCount":0,"attachmentsCount":0,"hasContent":false,"attachmentStep":false},{"name":"page_manager","time":{"start":1759373257621,"stop":1759373260061,"duration":2440},"status":"passed","steps":[],"attachments":[{"uid":"658a3b688f29d32f","name":"HTTP 200 - GET config","source":"658a3b688f29d32f.txt","type":"text/plain","size":654}],"parameters":[],"shouldDisplayMessage":false,"stepsCount":0,"attachmentsCount":1,"hasContent":true,"attachmentStep":false},{"name":"_function_scoped_runner","time":{"start":1759373257621,"stop":1759373257621,"duration":0},"status":"passed","steps":[],"attachments":[],"parameters":[],"shouldDisplayMessage":false,"stepsCount":0,"attachmentsCount":0,"hasContent":false,"attachmentStep":false},{"name":"data_manager","time":{"start":1759373260061,"stop":1759373260062,"duration":1},"status":"passed","steps":[],"attachments":[],"parameters":[],"shouldDisplayMessage":false,"stepsCount":0,"attachmentsCount":0,"hasContent":false,"attachmentStep":false},{"name":"api_helper","time":{"start":1759373260062,"stop":1759373260062,"duration":0},"status":"passed","steps":[],"attachments":[],"parameters":[],"shouldDisplayMessage":false,"stepsCount":0,"attachmentsCount":0,"hasContent":false,"attachmentStep":false},{"name":"apolo_cli","time":{"start":1759373260062,"stop":1759373260062,"duration":0},"status":"passed","steps":[],"attachments":[],"parameters":[],"shouldDisplayMessage":false,"stepsCount":0,"attachmentsCount":0,"hasContent":false,"attachmentStep":false},{"name":"users_manager","time":{"start":1759373260062,"stop":1759373260062,"duration":0},"status":"passed","steps":[],"attachments":[],"parameters":[],"shouldDisplayMessage":false,"stepsCount":0,"attachmentsCount":0,"hasContent":false,"attachmentStep":false},{"name":"setup_cleanup","time":{"start":1759373260062,"stop":1759373260063,"duration":1},"status":"passed","steps":[],"attachments":[],"parameters":[],"shouldDisplayMessage":false,"stepsCount":0,"attachmentsCount":0,"hasContent":false,"attachmentStep":false},{"name":"add_page_manager","time":{"start":1759373260063,"stop":1759373260063,"duration":0},"status":"passed","steps":[],"attachments":[],"parameters":[],"shouldDisplayMessage":false,"stepsCount":0,"attachmentsCount":0,"hasContent":false,"attachmentStep":false},{"name":"_inject_fixtures","time":{"start":1759373260063,"stop":1759373260063,"duration":0},"status":"passed","steps":[],"attachments":[],"parameters":[],"shouldDisplayMessage":false,"stepsCount":0,"attachmentsCount":0,"hasContent":false,"attachmentStep":false},{"name":"setup","time":{"start":1759373260063,"stop":1759373260064,"duration":1},"status":"passed","steps":[],"attachments":[],"parameters":[],"shouldDisplayMessage":false,"stepsCount":0,"attachmentsCount":0,"hasContent":false,"attachmentStep":false}],"testStage":{"description":"\n- Login with valid credentials.\n- Create new organization via **API**.\n- Create new project.\n- Upload `txt` file.\n- Single click on file.\n\n### Verify that:\n- File info section appears.\n- File action bar appears.\n","descriptionHtml":"<div style='line-height:1.6;'><ul>\n<li>Login with valid credentials.</li>\n<li>Create new organization via <strong>API</strong>.</li>\n<li>Create new project.</li>\n<li>Upload <span style='background-color:#D3D3D3; padding:2px 4px; border-radius:3px; font-family:monospace;'>txt</span> file.</li>\n<li>Single click on file.</li>\n</ul>\n<h3>Verify that:</h3>\n<ul>\n<li>File info section appears.</li>\n<li>File action bar appears.</li>\n</ul></div>","status":"failed","statusMessage":"AssertionError: [AssertionError] during step: Login via UI\nMessage: [AssertionError] during step: Verify that Welcome new user page displayed\nMessage: Locator expected to be visible\nActual value: <element(s) not found> \nCall log:\n  - Expect \"to_be_visible\" with timeout 5000ms\n  - waiting for locator(\"h3.truncate.text-h3\").filter(has_text=\"Welcome, regression-k2otcmxzoq@apolo.us\")","statusTrace":"tests/reporting_hooks/reporting.py:49: in wrapper\n    result = await func(*args, **kwargs)\n             ^^^^^^^^^^^^^^^^^^^^^^^^^^^\ntests/test_cases/steps/ui_steps/page_steps_impl/welcome_new_user_page_steps.py:14: in verify_ui_page_displayed\n    assert await self._pm.welcome_new_user_page.is_loaded(email=email), (\n           ^^^^^^^^^^^^^^^^^^^^^^^^^^^^^^^^^^^^^^^^^^^^^^^^^^^^^^^^^^^\ntests/components/ui/pages/onboarding_pages/welcome_new_user_page.py:27: in is_loaded\n    await self._get_welcome_user_message(email).expect_to_be_loaded()\ntests/components/ui/pages/base_element.py:51: in expect_to_be_loaded\n    await expect(self.locator).to_be_visible(timeout=timeout)\nE   AssertionError: Locator expected to be visible\nE   Actual value: <element(s) not found> \nE   Call log:\nE     - Expect \"to_be_visible\" with timeout 5000ms\nE     - waiting for locator(\"h3.truncate.text-h3\").filter(has_text=\"Welcome, regression-k2otcmxzoq@apolo.us\")\n\nThe above exception was the direct cause of the following exception:\ntests/reporting_hooks/reporting.py:49: in wrapper\n    result = await func(*args, **kwargs)\n             ^^^^^^^^^^^^^^^^^^^^^^^^^^^\ntests/test_cases/steps/ui_steps/ui_steps.py:82: in ui_login\n    await self.welcome_new_user_page.verify_ui_page_displayed(\ntests/reporting_hooks/reporting.py:58: in wrapper\n    raise AssertionError(formatted_msg) from e\nE   AssertionError: [AssertionError] during step: Verify that Welcome new user page displayed\nE   Message: Locator expected to be visible\nE   Actual value: <element(s) not found> \nE   Call log:\nE     - Expect \"to_be_visible\" with timeout 5000ms\nE     - waiting for locator(\"h3.truncate.text-h3\").filter(has_text=\"Welcome, regression-k2otcmxzoq@apolo.us\")\n\nThe above exception was the direct cause of the following exception:\ntests/test_cases/tests_ui/test_files.py:527: in test_file_single_click\n    await steps.ui_login(user)\ntests/reporting_hooks/reporting.py:58: in wrapper\n    raise AssertionError(formatted_msg) from e\nE   AssertionError: [AssertionError] during step: Login via UI\nE   Message: [AssertionError] during step: Verify that Welcome new user page displayed\nE   Message: Locator expected to be visible\nE   Actual value: <element(s) not found> \nE   Call log:\nE     - Expect \"to_be_visible\" with timeout 5000ms\nE     - waiting for locator(\"h3.truncate.text-h3\").filter(has_text=\"Welcome, regression-k2otcmxzoq@apolo.us\")","steps":[{"name":"Login via UI","time":{"start":1759373260065,"stop":1759373272496,"duration":12431},"status":"failed","statusMessage":"AssertionError: [AssertionError] during step: Login via UI\nMessage: [AssertionError] during step: Verify that Welcome new user page displayed\nMessage: Locator expected to be visible\nActual value: <element(s) not found> \nCall log:\n  - Expect \"to_be_visible\" with timeout 5000ms\n  - waiting for locator(\"h3.truncate.text-h3\").filter(has_text=\"Welcome, regression-k2otcmxzoq@apolo.us\")\n\n","statusTrace":"  File \"/home/runner/work/apolo-test-automation/apolo-test-automation/tests/reporting_hooks/reporting.py\", line 58, in wrapper\n    raise AssertionError(formatted_msg) from e\n","steps":[{"name":"Click login button","time":{"start":1759373260065,"stop":1759373261246,"duration":1181},"status":"passed","steps":[],"attachments":[{"uid":"337a972ba2391cd8","name":"Page URL","source":"337a972ba2391cd8.txt","type":"text/plain","size":33},{"uid":"279416db05cabc4e","name":"Screenshot: Click login button (success)","source":"279416db05cabc4e.png","type":"image/png","size":41616}],"parameters":[],"shouldDisplayMessage":false,"stepsCount":0,"attachmentsCount":2,"hasContent":true,"attachmentStep":false},{"name":"Enter email","time":{"start":1759373261246,"stop":1759373261586,"duration":340},"status":"passed","steps":[],"attachments":[{"uid":"42425d983a2c14a7","name":"Page URL","source":"42425d983a2c14a7.txt","type":"text/plain","size":215},{"uid":"f8530fd4ed8405da","name":"Screenshot: Enter email (success)","source":"f8530fd4ed8405da.png","type":"image/png","size":45580}],"parameters":[],"shouldDisplayMessage":false,"stepsCount":0,"attachmentsCount":2,"hasContent":true,"attachmentStep":false},{"name":"Enter password","time":{"start":1759373261586,"stop":1759373261956,"duration":370},"status":"passed","steps":[],"attachments":[{"uid":"c44b1a6a4b1f1dbc","name":"Page URL","source":"c44b1a6a4b1f1dbc.txt","type":"text/plain","size":215},{"uid":"156dedc2a5f7aa2e","name":"Screenshot: Enter password (success)","source":"156dedc2a5f7aa2e.png","type":"image/png","size":45725}],"parameters":[],"shouldDisplayMessage":false,"stepsCount":0,"attachmentsCount":2,"hasContent":true,"attachmentStep":false},{"name":"Click Continue button","time":{"start":1759373261956,"stop":1759373266312,"duration":4356},"status":"passed","steps":[],"attachments":[{"uid":"f1f9b2ca954a7949","name":"Page URL","source":"f1f9b2ca954a7949.txt","type":"text/plain","size":215},{"uid":"4382f7460ebef1b4","name":"HTTP 200 - GET config","source":"4382f7460ebef1b4.txt","type":"text/plain","size":1118},{"uid":"eff6a91365c2edd4","name":"HTTP 200 - GET permissions?uri=blob:","source":"eff6a91365c2edd4.txt","type":"text/plain","size":236},{"uid":"e1b5ae854602a78","name":"HTTP 200 - GET regression-org-7zccma5fi3he","source":"e1b5ae854602a78.txt","type":"text/plain","size":425},{"uid":"8bbb5f01d801ccfb","name":"HTTP 200 - GET incoming","source":"8bbb5f01d801ccfb.txt","type":"text/plain","size":137},{"uid":"6b6e6495a1542b17","name":"HTTP 200 - GET regression-k2otcmxzoq?include=clusters&include=system_role","source":"6b6e6495a1542b17.txt","type":"text/plain","size":510},{"uid":"ff49ad6b4df640b1","name":"HTTP 200 - GET regression-k2otcmxzoq?include=orgs","source":"ff49ad6b4df640b1.txt","type":"text/plain","size":455},{"uid":"44e10ef9dda3b46","name":"HTTP 200 - GET tags","source":"44e10ef9dda3b46.txt","type":"text/plain","size":848},{"uid":"be3d110752fe302a","name":"Screenshot: Click Continue button (success)","source":"be3d110752fe302a.png","type":"image/png","size":57743}],"parameters":[],"shouldDisplayMessage":false,"stepsCount":0,"attachmentsCount":9,"hasContent":true,"attachmentStep":false},{"name":"Verify that Welcome new user page displayed","time":{"start":1759373266323,"stop":1759373272413,"duration":6090},"status":"failed","statusMessage":"AssertionError: [AssertionError] during step: Verify that Welcome new user page displayed\nMessage: Locator expected to be visible\nActual value: <element(s) not found> \nCall log:\n  - Expect \"to_be_visible\" with timeout 5000ms\n  - waiting for locator(\"h3.truncate.text-h3\").filter(has_text=\"Welcome, regression-k2otcmxzoq@apolo.us\")\n\n","statusTrace":"  File \"/home/runner/work/apolo-test-automation/apolo-test-automation/tests/reporting_hooks/reporting.py\", line 58, in wrapper\n    raise AssertionError(formatted_msg) from e\n","steps":[],"attachments":[{"uid":"37ed502002e3643c","name":"Page URL","source":"37ed502002e3643c.txt","type":"text/plain","size":81},{"uid":"adbfde3bb2176d23","name":"Screenshot: Verify that Welcome new user page displayed (fail)","source":"adbfde3bb2176d23.png","type":"image/png","size":57743}],"parameters":[],"shouldDisplayMessage":true,"stepsCount":0,"attachmentsCount":2,"hasContent":true,"attachmentStep":false}],"attachments":[{"uid":"f631e8ecdcc5c51a","name":"Page URL","source":"f631e8ecdcc5c51a.txt","type":"text/plain","size":33},{"uid":"34b6f4dd5777b22c","name":"Screenshot: Login via UI (fail)","source":"34b6f4dd5777b22c.png","type":"image/png","size":57743}],"parameters":[],"shouldDisplayMessage":true,"stepsCount":5,"attachmentsCount":19,"hasContent":true,"attachmentStep":false}],"attachments":[{"uid":"470c7be3dcd90d2f","name":"log","source":"470c7be3dcd90d2f.txt","type":"text/plain","size":44481}],"parameters":[],"shouldDisplayMessage":true,"stepsCount":6,"attachmentsCount":20,"hasContent":true,"attachmentStep":false},"afterStages":[{"name":"add_page_manager::finalizer","time":{"start":1759373272531,"stop":1759373272531,"duration":0},"status":"passed","steps":[],"attachments":[],"parameters":[],"shouldDisplayMessage":false,"stepsCount":0,"attachmentsCount":0,"hasContent":false,"attachmentStep":false},{"name":"setup_cleanup::finalizer","time":{"start":1759373272531,"stop":1759373272531,"duration":0},"status":"passed","steps":[],"attachments":[],"parameters":[],"shouldDisplayMessage":false,"stepsCount":0,"attachmentsCount":0,"hasContent":false,"attachmentStep":false},{"name":"setup_cleanup::finalizer","time":{"start":1759373272531,"stop":1759373276795,"duration":4264},"status":"passed","steps":[{"name":"Post-test cleanup","time":{"start":1759373272531,"stop":1759373276794,"duration":4263},"status":"passed","steps":[{"name":"Delete organisation: regression-org-7zccma5fi3he","time":{"start":1759373276010,"stop":1759373276753,"duration":743},"status":"passed","steps":[],"attachments":[],"parameters":[],"shouldDisplayMessage":false,"stepsCount":0,"attachmentsCount":0,"hasContent":false,"attachmentStep":false}],"attachments":[],"parameters":[],"shouldDisplayMessage":false,"stepsCount":1,"attachmentsCount":0,"hasContent":true,"attachmentStep":false}],"attachments":[],"parameters":[],"shouldDisplayMessage":false,"stepsCount":2,"attachmentsCount":0,"hasContent":true,"attachmentStep":false},{"name":"api_helper::finalizer","time":{"start":1759373276795,"stop":1759373276796,"duration":1},"status":"passed","steps":[],"attachments":[],"parameters":[],"shouldDisplayMessage":false,"stepsCount":0,"attachmentsCount":0,"hasContent":false,"attachmentStep":false},{"name":"_function_scoped_runner::0","time":{"start":1759373276796,"stop":1759373276797,"duration":1},"status":"passed","steps":[],"attachments":[],"parameters":[],"shouldDisplayMessage":false,"stepsCount":0,"attachmentsCount":0,"hasContent":false,"attachmentStep":false}],"labels":[{"name":"suite","value":"UI Files"},{"name":"parentSuite","value":"UI Tests"},{"name":"tag","value":"asyncio"},{"name":"subSuite","value":"TestUIFiles"},{"name":"host","value":"runnervm3ublj"},{"name":"thread","value":"3658-MainThread"},{"name":"framework","value":"pytest"},{"name":"language","value":"cpython3"},{"name":"package","value":"tests.test_cases.tests_ui.test_files"},{"name":"resultFormat","value":"allure2"}],"parameters":[],"links":[],"hidden":false,"retry":false,"extra":{"severity":"normal","retries":[{"uid":"aae357273546bdd6","status":"failed","statusDetails":"AssertionError: [AssertionError] during step: Create first project from the top pane on main page\nMessage: [TimeoutError] during step: Wait for Create project popup disappear\nMessage: Locator.wait_for: Timeout 30000ms exceeded.\nCall log:\n  - waiting for locator(\"h2\").filter(has_text=\"Create Project\") to be detached\n    65 × locator resolved to visible <h2 class=\"p-8 text-h4\">Create Project</h2>\n\nNote: Playwright Timeout. Element not found or action took too long.","time":{"start":1759373153815,"stop":1759373213548,"duration":59733}},{"uid":"3a7647668a812aa9","status":"failed","statusDetails":"AssertionError: [AssertionError] during step: Login via UI\nMessage: [AssertionError] during step: Verify that Welcome new user page displayed\nMessage: Locator expected to be visible\nActual value: <element(s) not found> \nCall log:\n  - Expect \"to_be_visible\" with timeout 5000ms\n  - waiting for locator(\"h3.truncate.text-h3\").filter(has_text=\"Welcome, regression-k2otcmxzoq@apolo.us\")","time":{"start":1759373126180,"stop":1759373137535,"duration":11355}}],"categories":[{"name":"Product defects","matchedStatuses":[],"flaky":false}],"history":{"statistic":{"failed":11,"broken":0,"skipped":0,"passed":63,"unknown":0,"total":74},"items":[{"uid":"126322790186d3f0","status":"passed","time":{"start":1759285643620,"stop":1759285707169,"duration":63549}},{"uid":"4734f1a10916b1ad","status":"passed","time":{"start":1759198981150,"stop":1759199040283,"duration":59133}},{"uid":"f13a57d978d191a0","status":"passed","time":{"start":1759156518515,"stop":1759156577282,"duration":58767}},{"uid":"5a4cdf8640aca360","status":"failed","statusDetails":"AssertionError: [AssertionError] during step: Verify Add folder button is enabled\nMessage: Add folder button should be enabled!","time":{"start":1759113324393,"stop":1759113365378,"duration":40985}},{"uid":"eb04e0e8b4559d1c","status":"failed","statusDetails":"AssertionError: [AssertionError] during step: Verify Add folder button is enabled\nMessage: Add folder button should be enabled!","time":{"start":1759027007326,"stop":1759027048982,"duration":41656}},{"uid":"94c82fa7f409db0e","status":"failed","statusDetails":"AssertionError: [AssertionError] during step: Verify Add folder button is enabled\nMessage: Add folder button should be enabled!","time":{"start":1758940602615,"stop":1758940647108,"duration":44493}},{"uid":"a1e260e5c85c1293","status":"passed","time":{"start":1758852754972,"stop":1758852806518,"duration":51546}},{"uid":"4271bc9a071e89e5","status":"passed","time":{"start":1758767168438,"stop":1758767221861,"duration":53423}},{"uid":"7f9fad59c0ad3373","status":"passed","time":{"start":1758708617005,"stop":1758708662148,"duration":45143}},{"uid":"69abb9b021217917","status":"failed","statusDetails":"AssertionError: [AssertionError] during step: Verify Add folder button is enabled\nMessage: Add folder button should be enabled!","time":{"start":1758694234638,"stop":1758694266476,"duration":31838}},{"uid":"1a819b3f1ad2c607","status":"failed","statusDetails":"AssertionError: [AssertionError] during step: Create first project from the top pane on main page\nMessage: [TimeoutError] during step: Wait for Create project popup disappear\nMessage: Locator.wait_for: Timeout 30000ms exceeded.\nCall log:\n  - waiting for locator(\"h2\").filter(has_text=\"Create Project\") to be detached\n    65 × locator resolved to visible <h2 class=\"p-8 text-h4\">Create Project</h2>\n\nNote: Playwright Timeout. Element not found or action took too long.","time":{"start":1758682102300,"stop":1758682177003,"duration":74703}},{"uid":"761f144a5866c5da","status":"passed","time":{"start":1758593262456,"stop":1758593309179,"duration":46723}},{"uid":"a8a0dbe37486dbbf","status":"passed","time":{"start":1758506914360,"stop":1758506960920,"duration":46560}},{"uid":"efb51b9592f86122","status":"passed","time":{"start":1758420520963,"stop":1758420566371,"duration":45408}},{"uid":"e64aeecc03e3a550","status":"passed","time":{"start":1758334233789,"stop":1758334278951,"duration":45162}},{"uid":"ccda17701485b3d3","status":"passed","time":{"start":1758247684361,"stop":1758247726147,"duration":41786}},{"uid":"c26c3aa3188f9b73","status":"passed","time":{"start":1758161181641,"stop":1758161219718,"duration":38077}},{"uid":"b9c32bbdf25d1a40","status":"passed","time":{"start":1758104969560,"stop":1758105028005,"duration":58445}},{"uid":"5954be8616bf37ec","status":"failed","statusDetails":"AssertionError: [AssertionError] during step: Create first project from the top pane on main page\nMessage: [TimeoutError] during step: Wait for Create project popup disappear\nMessage: Locator.wait_for: Timeout 30000ms exceeded.\nCall log:\n  - waiting for locator(\"h2\").filter(has_text=\"Create Project\") to be detached\n    65 × locator resolved to visible <h2 class=\"p-8 text-h4\">Create Project</h2>\n\nNote: Playwright Timeout. Element not found or action took too long.","time":{"start":1758077734111,"stop":1758077785509,"duration":51398}},{"uid":"ae5167577b81bf04","status":"failed","statusDetails":"AssertionError: [AssertionError] during step: Login via UI\nMessage: [AssertionError] during step: Verify that Welcome new user page displayed\nMessage: Locator expected to be visible\nActual value: <element(s) not found> \nCall log:\n  - Expect \"to_be_visible\" with timeout 5000ms\n  - waiting for locator(\"h3.truncate.text-h3\").filter(has_text=\"Welcome, regression-hu30kslfn7@apolo.us\")","time":{"start":1757989095784,"stop":1757989111575,"duration":15791}}]},"tags":["asyncio"]},"source":"575305257ab7f576.json","parameterValues":[]}