{"uid":"6e2f8ebc0beb9954","name":"Verify User can uninstall app via UI","fullName":"tests.test_cases.tests_e2e.test_deep_seek_app.TestE2EDeepSeekApp#test_app_uninstall_via_ui","historyId":"13414e973259f2d1373e05e272fab42d","time":{"start":1757900162184,"stop":1757900162184,"duration":0},"description":"\n### Pre-conditions:\n- DeepSeek app installed.\n\n### Steps:\n- Login with valid credentials.\n- Click `Installed Apps` button.\n- Click `Details` button on installed app container.\n- Click `Uninstall` button.\n\n### Verify that:\n\n- DeepSeek app uninstalled.\n","descriptionHtml":"<div style='line-height:1.6;'><h3>Pre-conditions:</h3>\n<ul>\n<li>DeepSeek app installed.</li>\n</ul>\n<h3>Steps:</h3>\n<ul>\n<li>Login with valid credentials.</li>\n<li>Click <span style='background-color:#D3D3D3; padding:2px 4px; border-radius:3px; font-family:monospace;'>Installed Apps</span> button.</li>\n<li>Click <span style='background-color:#D3D3D3; padding:2px 4px; border-radius:3px; font-family:monospace;'>Details</span> button on installed app container.</li>\n<li>Click <span style='background-color:#D3D3D3; padding:2px 4px; border-radius:3px; font-family:monospace;'>Uninstall</span> button.</li>\n</ul>\n<h3>Verify that:</h3>\n<ul>\n<li>DeepSeek app uninstalled.</li>\n</ul></div>","status":"skipped","statusMessage":"Skipped: DeepSeek app was not installed successfully","statusTrace":"('/home/runner/work/apolo-test-automation/apolo-test-automation/tests/test_cases/tests_e2e/test_deep_seek_app.py', 540, 'Skipped: DeepSeek app was not installed successfully')","flaky":false,"newFailed":false,"newBroken":false,"newPassed":false,"retriesCount":0,"retriesStatusChange":false,"beforeStages":[{"name":"test_config","time":{"start":1757900162185,"stop":1757900162188,"duration":3},"status":"passed","steps":[],"attachments":[],"parameters":[],"shouldDisplayMessage":false,"stepsCount":0,"attachmentsCount":0,"hasContent":false,"attachmentStep":false},{"name":"_function_scoped_runner","time":{"start":1757900162188,"stop":1757900162188,"duration":0},"status":"passed","steps":[],"attachments":[],"parameters":[],"shouldDisplayMessage":false,"stepsCount":0,"attachmentsCount":0,"hasContent":false,"attachmentStep":false},{"name":"page_manager","time":{"start":1757900162188,"stop":1757900164398,"duration":2210},"status":"passed","steps":[],"attachments":[{"uid":"322521bda7e9268d","name":"HTTP 200 - GET config","source":"322521bda7e9268d.txt","type":"text/plain","size":654}],"parameters":[],"shouldDisplayMessage":false,"stepsCount":0,"attachmentsCount":1,"hasContent":true,"attachmentStep":false},{"name":"users_manager","time":{"start":1757900164398,"stop":1757900164398,"duration":0},"status":"passed","steps":[],"attachments":[],"parameters":[],"shouldDisplayMessage":false,"stepsCount":0,"attachmentsCount":0,"hasContent":false,"attachmentStep":false},{"name":"data_manager","time":{"start":1757900164398,"stop":1757900164398,"duration":0},"status":"passed","steps":[],"attachments":[],"parameters":[],"shouldDisplayMessage":false,"stepsCount":0,"attachmentsCount":0,"hasContent":false,"attachmentStep":false},{"name":"api_helper","time":{"start":1757900164398,"stop":1757900164398,"duration":0},"status":"passed","steps":[],"attachments":[],"parameters":[],"shouldDisplayMessage":false,"stepsCount":0,"attachmentsCount":0,"hasContent":false,"attachmentStep":false},{"name":"setup_cleanup","time":{"start":1757900164399,"stop":1757900164399,"duration":0},"status":"passed","steps":[],"attachments":[],"parameters":[],"shouldDisplayMessage":false,"stepsCount":0,"attachmentsCount":0,"hasContent":false,"attachmentStep":false},{"name":"apolo_cli","time":{"start":1757900164399,"stop":1757900164399,"duration":0},"status":"passed","steps":[],"attachments":[],"parameters":[],"shouldDisplayMessage":false,"stepsCount":0,"attachmentsCount":0,"hasContent":false,"attachmentStep":false},{"name":"add_page_manager","time":{"start":1757900164399,"stop":1757900164399,"duration":0},"status":"passed","steps":[],"attachments":[],"parameters":[],"shouldDisplayMessage":false,"stepsCount":0,"attachmentsCount":0,"hasContent":false,"attachmentStep":false},{"name":"_inject_fixtures","time":{"start":1757900164399,"stop":1757900164399,"duration":0},"status":"passed","steps":[],"attachments":[],"parameters":[],"shouldDisplayMessage":false,"stepsCount":0,"attachmentsCount":0,"hasContent":false,"attachmentStep":false},{"name":"setup","time":{"start":1757900164400,"stop":1757900164400,"duration":0},"status":"passed","steps":[],"attachments":[],"parameters":[],"shouldDisplayMessage":false,"stepsCount":0,"attachmentsCount":0,"hasContent":false,"attachmentStep":false},{"name":"deep_seek_status","time":{"start":1757900164400,"stop":1757900164400,"duration":0},"status":"skipped","statusMessage":"Skipped: DeepSeek app was not installed successfully\n","statusTrace":"  File \"/home/runner/work/apolo-test-automation/apolo-test-automation/.venv/lib/python3.13/site-packages/pluggy/_callers.py\", line 38, in run_old_style_hookwrapper\n    res = yield\n          ^^^^^\n  File \"/home/runner/work/apolo-test-automation/apolo-test-automation/.venv/lib/python3.13/site-packages/pluggy/_callers.py\", line 139, in _multicall\n    teardown.throw(exception)\n    ~~~~~~~~~~~~~~^^^^^^^^^^^\n  File \"/home/runner/work/apolo-test-automation/apolo-test-automation/.venv/lib/python3.13/site-packages/pytest_asyncio/plugin.py\", line 683, in pytest_fixture_setup\n    return (yield)\n            ^^^^^\n  File \"/home/runner/work/apolo-test-automation/apolo-test-automation/.venv/lib/python3.13/site-packages/pluggy/_callers.py\", line 139, in _multicall\n    teardown.throw(exception)\n    ~~~~~~~~~~~~~~^^^^^^^^^^^\n  File \"/home/runner/work/apolo-test-automation/apolo-test-automation/.venv/lib/python3.13/site-packages/_pytest/setuponly.py\", line 36, in pytest_fixture_setup\n    return (yield)\n            ^^^^^\n  File \"/home/runner/work/apolo-test-automation/apolo-test-automation/.venv/lib/python3.13/site-packages/pluggy/_callers.py\", line 121, in _multicall\n    res = hook_impl.function(*args)\n  File \"/home/runner/work/apolo-test-automation/apolo-test-automation/.venv/lib/python3.13/site-packages/_pytest/fixtures.py\", line 1196, in pytest_fixture_setup\n    result = call_fixture_func(fixturefunc, request, kwargs)\n  File \"/home/runner/work/apolo-test-automation/apolo-test-automation/.venv/lib/python3.13/site-packages/_pytest/fixtures.py\", line 930, in call_fixture_func\n    fixture_result = fixturefunc(**kwargs)\n  File \"/home/runner/work/apolo-test-automation/apolo-test-automation/tests/test_cases/tests_e2e/test_deep_seek_app.py\", line 32, in deep_seek_status\n    pytest.skip(\"DeepSeek app was not installed successfully\")\n    ~~~~~~~~~~~^^^^^^^^^^^^^^^^^^^^^^^^^^^^^^^^^^^^^^^^^^^^^^^\n  File \"/home/runner/work/apolo-test-automation/apolo-test-automation/.venv/lib/python3.13/site-packages/_pytest/outcomes.py\", line 159, in skip\n    raise Skipped(msg=reason, allow_module_level=allow_module_level)\n","steps":[],"attachments":[],"parameters":[],"shouldDisplayMessage":true,"stepsCount":0,"attachmentsCount":0,"hasContent":true,"attachmentStep":false}],"testStage":{"description":"\n### Pre-conditions:\n- DeepSeek app installed.\n\n### Steps:\n- Login with valid credentials.\n- Click `Installed Apps` button.\n- Click `Details` button on installed app container.\n- Click `Uninstall` button.\n\n### Verify that:\n\n- DeepSeek app uninstalled.\n","descriptionHtml":"<div style='line-height:1.6;'><h3>Pre-conditions:</h3>\n<ul>\n<li>DeepSeek app installed.</li>\n</ul>\n<h3>Steps:</h3>\n<ul>\n<li>Login with valid credentials.</li>\n<li>Click <span style='background-color:#D3D3D3; padding:2px 4px; border-radius:3px; font-family:monospace;'>Installed Apps</span> button.</li>\n<li>Click <span style='background-color:#D3D3D3; padding:2px 4px; border-radius:3px; font-family:monospace;'>Details</span> button on installed app container.</li>\n<li>Click <span style='background-color:#D3D3D3; padding:2px 4px; border-radius:3px; font-family:monospace;'>Uninstall</span> button.</li>\n</ul>\n<h3>Verify that:</h3>\n<ul>\n<li>DeepSeek app uninstalled.</li>\n</ul></div>","status":"skipped","statusMessage":"Skipped: DeepSeek app was not installed successfully","statusTrace":"('/home/runner/work/apolo-test-automation/apolo-test-automation/tests/test_cases/tests_e2e/test_deep_seek_app.py', 540, 'Skipped: DeepSeek app was not installed successfully')","steps":[],"attachments":[{"uid":"b0ae99516cfbf636","name":"log","source":"b0ae99516cfbf636.txt","type":"text/plain","size":6502}],"parameters":[],"shouldDisplayMessage":true,"stepsCount":0,"attachmentsCount":1,"hasContent":true,"attachmentStep":false},"afterStages":[{"name":"add_page_manager::finalizer","time":{"start":1757900164402,"stop":1757900164403,"duration":1},"status":"passed","steps":[],"attachments":[],"parameters":[],"shouldDisplayMessage":false,"stepsCount":0,"attachmentsCount":0,"hasContent":false,"attachmentStep":false},{"name":"setup_cleanup::finalizer","time":{"start":1757900164403,"stop":1757900164403,"duration":0},"status":"passed","steps":[],"attachments":[],"parameters":[],"shouldDisplayMessage":false,"stepsCount":0,"attachmentsCount":0,"hasContent":false,"attachmentStep":false},{"name":"setup_cleanup::finalizer","time":{"start":1757900164403,"stop":1757900293719,"duration":129316},"status":"passed","steps":[{"name":"Post-test cleanup","time":{"start":1757900164403,"stop":1757900293719,"duration":129316},"status":"passed","steps":[{"name":"Delete organisation: regression-org-0aqhtze4wtwi","time":{"start":1757900167555,"stop":1757900197572,"duration":30017},"status":"passed","steps":[],"attachments":[],"parameters":[],"shouldDisplayMessage":false,"stepsCount":0,"attachmentsCount":0,"hasContent":false,"attachmentStep":false}],"attachments":[],"parameters":[],"shouldDisplayMessage":false,"stepsCount":1,"attachmentsCount":0,"hasContent":true,"attachmentStep":false}],"attachments":[],"parameters":[],"shouldDisplayMessage":false,"stepsCount":2,"attachmentsCount":0,"hasContent":true,"attachmentStep":false},{"name":"api_helper::finalizer","time":{"start":1757900293719,"stop":1757900293719,"duration":0},"status":"passed","steps":[],"attachments":[],"parameters":[],"shouldDisplayMessage":false,"stepsCount":0,"attachmentsCount":0,"hasContent":false,"attachmentStep":false},{"name":"_function_scoped_runner::0","time":{"start":1757900293720,"stop":1757900293721,"duration":1},"status":"passed","steps":[],"attachments":[],"parameters":[],"shouldDisplayMessage":false,"stepsCount":0,"attachmentsCount":0,"hasContent":false,"attachmentStep":false}],"labels":[{"name":"parentSuite","value":"E2E Tests"},{"name":"suite","value":"DeepSeek App"},{"name":"tag","value":"asyncio"},{"name":"tag","value":"class_setup"},{"name":"subSuite","value":"TestE2EDeepSeekApp"},{"name":"host","value":"runnervmf4ws1"},{"name":"thread","value":"3742-MainThread"},{"name":"framework","value":"pytest"},{"name":"language","value":"cpython3"},{"name":"package","value":"tests.test_cases.tests_e2e.test_deep_seek_app"},{"name":"resultFormat","value":"allure2"}],"parameters":[],"links":[],"hidden":false,"retry":false,"extra":{"severity":"normal","retries":[],"categories":[],"history":{"statistic":{"failed":1,"broken":0,"skipped":5,"passed":1,"unknown":0,"total":7},"items":[{"uid":"c5eda5a2958932e","status":"skipped","statusDetails":"Skipped: DeepSeek app was not installed successfully","time":{"start":1757817195320,"stop":1757817195320,"duration":0}},{"uid":"22ccc0031284f07e","status":"skipped","statusDetails":"Skipped: DeepSeek app was not installed successfully","time":{"start":1757731056541,"stop":1757731056541,"duration":0}},{"uid":"e3d939361146ec00","status":"skipped","statusDetails":"Skipped: DeepSeek app was not installed successfully","time":{"start":1757644111172,"stop":1757644111172,"duration":0}},{"uid":"6e6b6c3e9da3a537","status":"skipped","statusDetails":"Skipped: DeepSeek app was not installed successfully","time":{"start":1757557701702,"stop":1757557701702,"duration":0}},{"uid":"bb8f7f80bfb3196a","status":"passed","time":{"start":1757472304106,"stop":1757472333458,"duration":29352}},{"uid":"248a86fbf631d5e6","status":"failed","statusDetails":"AssertionError: [AssertionError] during step: Open product base page\nMessage: [TimeoutError] during step: Navigate to URL\nMessage: Timeout 10000ms exceeded.\nNote: Playwright Timeout. Element not found or action took too long.","time":{"start":1757420483376,"stop":1757420542161,"duration":58785}}]},"tags":["asyncio","class_setup"]},"source":"6e2f8ebc0beb9954.json","parameterValues":[]}