{"uid":"732c60217f4c61bf","name":"Manager removes himself from project via CLI","fullName":"tests.test_cases.tests_cli.test_project_remove_members.TestCLIProjectStructureSetup#test_manager_remove_himself_from_proj_cli","historyId":"24762ebab82fe526ae0bb32b68596653","time":{"start":1758766874949,"stop":1758766937206,"duration":62257},"description":"\n- Login with valid credentials via **UI**.\n- Get Bearer auth token from Playwright local storage.\n- Create new organization via **API**.\n- Signup `second user` via **UI**.\n- Login with Bearer auth token via **CLI**.\n- Create new project via **CLI**.\n- Add `second user` to organization via **CLI**.\n- Add `second user` to project with `Manager` role via **CLI**.\n- `Second user` login with Bearer auth token via **CLI**.\n\n### Verify that:\n\n- `Manager` **cannot** remove himself from project via **CLI**.\n","descriptionHtml":"<div style='line-height:1.6;'><ul>\n<li>Login with valid credentials via <strong>UI</strong>.</li>\n<li>Get Bearer auth token from Playwright local storage.</li>\n<li>Create new organization via <strong>API</strong>.</li>\n<li>Signup <span style='background-color:#D3D3D3; padding:2px 4px; border-radius:3px; font-family:monospace;'>second user</span> via <strong>UI</strong>.</li>\n<li>Login with Bearer auth token via <strong>CLI</strong>.</li>\n<li>Create new project via <strong>CLI</strong>.</li>\n<li>Add <span style='background-color:#D3D3D3; padding:2px 4px; border-radius:3px; font-family:monospace;'>second user</span> to organization via <strong>CLI</strong>.</li>\n<li>Add <span style='background-color:#D3D3D3; padding:2px 4px; border-radius:3px; font-family:monospace;'>second user</span> to project with <span style='background-color:#D3D3D3; padding:2px 4px; border-radius:3px; font-family:monospace;'>Manager</span> role via <strong>CLI</strong>.</li>\n<li><span style='background-color:#D3D3D3; padding:2px 4px; border-radius:3px; font-family:monospace;'>Second user</span> login with Bearer auth token via <strong>CLI</strong>.</li>\n</ul>\n<h3>Verify that:</h3>\n<ul>\n<li><span style='background-color:#D3D3D3; padding:2px 4px; border-radius:3px; font-family:monospace;'>Manager</span> <strong>cannot</strong> remove himself from project via <strong>CLI</strong>.</li>\n</ul></div>","status":"skipped","statusMessage":"XFAIL ENG-877\n\nAssertionError: [AssertionError] during step: Login via UI\nMessage: [TimeoutError] during step: Click Continue button\nMessage: Locator.click: Timeout 30000ms exceeded.\nCall log:\n  - waiting for locator(\"button[type='submit'][name='action'][value='default']\")\n\nNote: Playwright Timeout. Element not found or action took too long.","statusTrace":"tests/reporting_hooks/reporting.py:49: in wrapper\n    result = await func(*args, **kwargs)\n             ^^^^^^^^^^^^^^^^^^^^^^^^^^^\ntests/test_cases/steps/ui_steps/page_steps_impl/login_page_steps.py:26: in ui_click_continue_button\n    await self._pm.login_page.click_continue_button()\ntests/components/ui/pages/login_page.py:37: in click_continue_button\n    await self._continue_button.click()\ntests/components/ui/pages/base_element.py:89: in click\n    await self.locator.click(force=True)\n.venv/lib/python3.13/site-packages/playwright/async_api/_generated.py:15497: in click\n    await self._impl_obj.click(\n.venv/lib/python3.13/site-packages/playwright/_impl/_locator.py:160: in click\n    return await self._frame.click(self._selector, strict=True, **params)\n           ^^^^^^^^^^^^^^^^^^^^^^^^^^^^^^^^^^^^^^^^^^^^^^^^^^^^^^^^^^^^^^\n.venv/lib/python3.13/site-packages/playwright/_impl/_frame.py:549: in click\n    await self._channel.send(\"click\", self._timeout, locals_to_params(locals()))\n.venv/lib/python3.13/site-packages/playwright/_impl/_connection.py:69: in send\n    return await self._connection.wrap_api_call(\n.venv/lib/python3.13/site-packages/playwright/_impl/_connection.py:558: in wrap_api_call\n    raise rewrite_error(error, f\"{parsed_st['apiName']}: {error}\") from None\nE   playwright._impl._errors.TimeoutError: Locator.click: Timeout 30000ms exceeded.\nE   Call log:\nE     - waiting for locator(\"button[type='submit'][name='action'][value='default']\")\n\nThe above exception was the direct cause of the following exception:\ntests/reporting_hooks/reporting.py:49: in wrapper\n    result = await func(*args, **kwargs)\n             ^^^^^^^^^^^^^^^^^^^^^^^^^^^\ntests/test_cases/steps/ui_steps/ui_steps.py:76: in ui_login\n    await self.login_page.ui_click_continue_button()\ntests/reporting_hooks/reporting.py:58: in wrapper\n    raise AssertionError(formatted_msg) from e\nE   AssertionError: [TimeoutError] during step: Click Continue button\nE   Message: Locator.click: Timeout 30000ms exceeded.\nE   Call log:\nE     - waiting for locator(\"button[type='submit'][name='action'][value='default']\")\nE   \nE   Note: Playwright Timeout. Element not found or action took too long.\n\nThe above exception was the direct cause of the following exception:\ntests/test_cases/tests_cli/test_project_remove_members.py:668: in test_manager_remove_himself_from_proj_cli\n    await self._ui_steps.ui_login(user=user)\ntests/reporting_hooks/reporting.py:58: in wrapper\n    raise AssertionError(formatted_msg) from e\nE   AssertionError: [AssertionError] during step: Login via UI\nE   Message: [TimeoutError] during step: Click Continue button\nE   Message: Locator.click: Timeout 30000ms exceeded.\nE   Call log:\nE     - waiting for locator(\"button[type='submit'][name='action'][value='default']\")\nE   \nE   Note: Playwright Timeout. Element not found or action took too long.","flaky":false,"newFailed":false,"newBroken":false,"newPassed":false,"retriesCount":0,"retriesStatusChange":false,"beforeStages":[{"name":"delete_output_dir","time":{"start":1758763977760,"stop":1758763977760,"duration":0},"status":"passed","steps":[],"attachments":[],"parameters":[],"shouldDisplayMessage":false,"stepsCount":0,"attachmentsCount":0,"hasContent":false,"attachmentStep":false},{"name":"pytestconfig","time":{"start":1758763977760,"stop":1758763977760,"duration":0},"status":"passed","steps":[],"attachments":[],"parameters":[],"shouldDisplayMessage":false,"stepsCount":0,"attachmentsCount":0,"hasContent":false,"attachmentStep":false},{"name":"event_loop_policy","time":{"start":1758763977761,"stop":1758763977761,"duration":0},"status":"passed","steps":[],"attachments":[],"parameters":[],"shouldDisplayMessage":false,"stepsCount":0,"attachmentsCount":0,"hasContent":false,"attachmentStep":false},{"name":"delay_worker_start","time":{"start":1758763977761,"stop":1758764007761,"duration":30000},"status":"passed","steps":[],"attachments":[],"parameters":[],"shouldDisplayMessage":false,"stepsCount":0,"attachmentsCount":0,"hasContent":false,"attachmentStep":false},{"name":"_verify_url","time":{"start":1758763977761,"stop":1758763977761,"duration":0},"status":"passed","steps":[],"attachments":[],"parameters":[],"shouldDisplayMessage":false,"stepsCount":0,"attachmentsCount":0,"hasContent":false,"attachmentStep":false},{"name":"base_url","time":{"start":1758763977761,"stop":1758763977761,"duration":0},"status":"passed","steps":[],"attachments":[],"parameters":[],"shouldDisplayMessage":false,"stepsCount":0,"attachmentsCount":0,"hasContent":false,"attachmentStep":false},{"name":"ensure_storage_directories","time":{"start":1758764007762,"stop":1758764007762,"duration":0},"status":"passed","steps":[],"attachments":[],"parameters":[],"shouldDisplayMessage":false,"stepsCount":0,"attachmentsCount":0,"hasContent":false,"attachmentStep":false},{"name":"test_config","time":{"start":1758766871965,"stop":1758766871968,"duration":3},"status":"passed","steps":[],"attachments":[],"parameters":[],"shouldDisplayMessage":false,"stepsCount":0,"attachmentsCount":0,"hasContent":false,"attachmentStep":false},{"name":"_function_scoped_runner","time":{"start":1758766871968,"stop":1758766871969,"duration":1},"status":"passed","steps":[],"attachments":[],"parameters":[],"shouldDisplayMessage":false,"stepsCount":0,"attachmentsCount":0,"hasContent":false,"attachmentStep":false},{"name":"page_manager","time":{"start":1758766871968,"stop":1758766874337,"duration":2369},"status":"passed","steps":[],"attachments":[{"uid":"889acf920b9fd9aa","name":"HTTP 200 - GET config","source":"889acf920b9fd9aa.txt","type":"text/plain","size":654}],"parameters":[],"shouldDisplayMessage":false,"stepsCount":0,"attachmentsCount":1,"hasContent":true,"attachmentStep":false},{"name":"data_manager","time":{"start":1758766874337,"stop":1758766874338,"duration":1},"status":"passed","steps":[],"attachments":[],"parameters":[],"shouldDisplayMessage":false,"stepsCount":0,"attachmentsCount":0,"hasContent":false,"attachmentStep":false},{"name":"users_manager","time":{"start":1758766874338,"stop":1758766874338,"duration":0},"status":"passed","steps":[],"attachments":[],"parameters":[],"shouldDisplayMessage":false,"stepsCount":0,"attachmentsCount":0,"hasContent":false,"attachmentStep":false},{"name":"api_helper","time":{"start":1758766874338,"stop":1758766874338,"duration":0},"status":"passed","steps":[],"attachments":[],"parameters":[],"shouldDisplayMessage":false,"stepsCount":0,"attachmentsCount":0,"hasContent":false,"attachmentStep":false},{"name":"apolo_cli","time":{"start":1758766874338,"stop":1758766874338,"duration":0},"status":"passed","steps":[],"attachments":[],"parameters":[],"shouldDisplayMessage":false,"stepsCount":0,"attachmentsCount":0,"hasContent":false,"attachmentStep":false},{"name":"setup_cleanup","time":{"start":1758766874338,"stop":1758766874339,"duration":1},"status":"passed","steps":[],"attachments":[],"parameters":[],"shouldDisplayMessage":false,"stepsCount":0,"attachmentsCount":0,"hasContent":false,"attachmentStep":false},{"name":"setup","time":{"start":1758766874339,"stop":1758766874949,"duration":610},"status":"passed","steps":[{"name":"Verify Apolo CLI client is installed","time":{"start":1758766874339,"stop":1758766874949,"duration":610},"status":"passed","steps":[],"attachments":[{"uid":"2b174df04b98f7b6","name":"Executed CLI command","source":"2b174df04b98f7b6.txt","type":"text/plain","size":15},{"uid":"e36305accabb4495","name":"Executed CLI command output","source":"e36305accabb4495.txt","type":"text/plain","size":28}],"parameters":[],"shouldDisplayMessage":false,"stepsCount":0,"attachmentsCount":2,"hasContent":true,"attachmentStep":false}],"attachments":[],"parameters":[],"shouldDisplayMessage":false,"stepsCount":1,"attachmentsCount":2,"hasContent":true,"attachmentStep":false},{"name":"_inject_fixtures","time":{"start":1758766874339,"stop":1758766874339,"duration":0},"status":"passed","steps":[],"attachments":[],"parameters":[],"shouldDisplayMessage":false,"stepsCount":0,"attachmentsCount":0,"hasContent":false,"attachmentStep":false},{"name":"add_page_manager","time":{"start":1758766874339,"stop":1758766874339,"duration":0},"status":"passed","steps":[],"attachments":[],"parameters":[],"shouldDisplayMessage":false,"stepsCount":0,"attachmentsCount":0,"hasContent":false,"attachmentStep":false}],"testStage":{"description":"\n- Login with valid credentials via **UI**.\n- Get Bearer auth token from Playwright local storage.\n- Create new organization via **API**.\n- Signup `second user` via **UI**.\n- Login with Bearer auth token via **CLI**.\n- Create new project via **CLI**.\n- Add `second user` to organization via **CLI**.\n- Add `second user` to project with `Manager` role via **CLI**.\n- `Second user` login with Bearer auth token via **CLI**.\n\n### Verify that:\n\n- `Manager` **cannot** remove himself from project via **CLI**.\n","descriptionHtml":"<div style='line-height:1.6;'><ul>\n<li>Login with valid credentials via <strong>UI</strong>.</li>\n<li>Get Bearer auth token from Playwright local storage.</li>\n<li>Create new organization via <strong>API</strong>.</li>\n<li>Signup <span style='background-color:#D3D3D3; padding:2px 4px; border-radius:3px; font-family:monospace;'>second user</span> via <strong>UI</strong>.</li>\n<li>Login with Bearer auth token via <strong>CLI</strong>.</li>\n<li>Create new project via <strong>CLI</strong>.</li>\n<li>Add <span style='background-color:#D3D3D3; padding:2px 4px; border-radius:3px; font-family:monospace;'>second user</span> to organization via <strong>CLI</strong>.</li>\n<li>Add <span style='background-color:#D3D3D3; padding:2px 4px; border-radius:3px; font-family:monospace;'>second user</span> to project with <span style='background-color:#D3D3D3; padding:2px 4px; border-radius:3px; font-family:monospace;'>Manager</span> role via <strong>CLI</strong>.</li>\n<li><span style='background-color:#D3D3D3; padding:2px 4px; border-radius:3px; font-family:monospace;'>Second user</span> login with Bearer auth token via <strong>CLI</strong>.</li>\n</ul>\n<h3>Verify that:</h3>\n<ul>\n<li><span style='background-color:#D3D3D3; padding:2px 4px; border-radius:3px; font-family:monospace;'>Manager</span> <strong>cannot</strong> remove himself from project via <strong>CLI</strong>.</li>\n</ul></div>","status":"skipped","statusMessage":"XFAIL ENG-877\n\nAssertionError: [AssertionError] during step: Login via UI\nMessage: [TimeoutError] during step: Click Continue button\nMessage: Locator.click: Timeout 30000ms exceeded.\nCall log:\n  - waiting for locator(\"button[type='submit'][name='action'][value='default']\")\n\nNote: Playwright Timeout. Element not found or action took too long.","statusTrace":"tests/reporting_hooks/reporting.py:49: in wrapper\n    result = await func(*args, **kwargs)\n             ^^^^^^^^^^^^^^^^^^^^^^^^^^^\ntests/test_cases/steps/ui_steps/page_steps_impl/login_page_steps.py:26: in ui_click_continue_button\n    await self._pm.login_page.click_continue_button()\ntests/components/ui/pages/login_page.py:37: in click_continue_button\n    await self._continue_button.click()\ntests/components/ui/pages/base_element.py:89: in click\n    await self.locator.click(force=True)\n.venv/lib/python3.13/site-packages/playwright/async_api/_generated.py:15497: in click\n    await self._impl_obj.click(\n.venv/lib/python3.13/site-packages/playwright/_impl/_locator.py:160: in click\n    return await self._frame.click(self._selector, strict=True, **params)\n           ^^^^^^^^^^^^^^^^^^^^^^^^^^^^^^^^^^^^^^^^^^^^^^^^^^^^^^^^^^^^^^\n.venv/lib/python3.13/site-packages/playwright/_impl/_frame.py:549: in click\n    await self._channel.send(\"click\", self._timeout, locals_to_params(locals()))\n.venv/lib/python3.13/site-packages/playwright/_impl/_connection.py:69: in send\n    return await self._connection.wrap_api_call(\n.venv/lib/python3.13/site-packages/playwright/_impl/_connection.py:558: in wrap_api_call\n    raise rewrite_error(error, f\"{parsed_st['apiName']}: {error}\") from None\nE   playwright._impl._errors.TimeoutError: Locator.click: Timeout 30000ms exceeded.\nE   Call log:\nE     - waiting for locator(\"button[type='submit'][name='action'][value='default']\")\n\nThe above exception was the direct cause of the following exception:\ntests/reporting_hooks/reporting.py:49: in wrapper\n    result = await func(*args, **kwargs)\n             ^^^^^^^^^^^^^^^^^^^^^^^^^^^\ntests/test_cases/steps/ui_steps/ui_steps.py:76: in ui_login\n    await self.login_page.ui_click_continue_button()\ntests/reporting_hooks/reporting.py:58: in wrapper\n    raise AssertionError(formatted_msg) from e\nE   AssertionError: [TimeoutError] during step: Click Continue button\nE   Message: Locator.click: Timeout 30000ms exceeded.\nE   Call log:\nE     - waiting for locator(\"button[type='submit'][name='action'][value='default']\")\nE   \nE   Note: Playwright Timeout. Element not found or action took too long.\n\nThe above exception was the direct cause of the following exception:\ntests/test_cases/tests_cli/test_project_remove_members.py:668: in test_manager_remove_himself_from_proj_cli\n    await self._ui_steps.ui_login(user=user)\ntests/reporting_hooks/reporting.py:58: in wrapper\n    raise AssertionError(formatted_msg) from e\nE   AssertionError: [AssertionError] during step: Login via UI\nE   Message: [TimeoutError] during step: Click Continue button\nE   Message: Locator.click: Timeout 30000ms exceeded.\nE   Call log:\nE     - waiting for locator(\"button[type='submit'][name='action'][value='default']\")\nE   \nE   Note: Playwright Timeout. Element not found or action took too long.","steps":[{"name":"Login via UI","time":{"start":1758766874950,"stop":1758766937205,"duration":62255},"status":"failed","statusMessage":"AssertionError: [AssertionError] during step: Login via UI\nMessage: [TimeoutError] during step: Click Continue button\nMessage: Locator.click: Timeout 30000ms exceeded.\nCall log:\n  - waiting for locator(\"button[type='submit'][name='action'][value='default']\")\n\nNote: Playwright Timeout. Element not found or action took too long.\n","statusTrace":"  File \"/home/runner/work/apolo-test-automation/apolo-test-automation/tests/reporting_hooks/reporting.py\", line 58, in wrapper\n    raise AssertionError(formatted_msg) from e\n","steps":[{"name":"Click login button","time":{"start":1758766874950,"stop":1758766876204,"duration":1254},"status":"passed","steps":[],"attachments":[{"uid":"2fb3a2366cd6db91","name":"Page URL","source":"2fb3a2366cd6db91.txt","type":"text/plain","size":33},{"uid":"aad289b4a2677478","name":"Screenshot: Click login button (success)","source":"aad289b4a2677478.png","type":"image/png","size":41537}],"parameters":[],"shouldDisplayMessage":false,"stepsCount":0,"attachmentsCount":2,"hasContent":true,"attachmentStep":false},{"name":"Enter email","time":{"start":1758766876204,"stop":1758766876351,"duration":147},"status":"passed","steps":[],"attachments":[{"uid":"23ee84c61190cfb3","name":"Page URL","source":"23ee84c61190cfb3.txt","type":"text/plain","size":215},{"uid":"6993f59c1ce381bf","name":"Screenshot: Enter email (success)","source":"6993f59c1ce381bf.png","type":"image/png","size":45672}],"parameters":[],"shouldDisplayMessage":false,"stepsCount":0,"attachmentsCount":2,"hasContent":true,"attachmentStep":false},{"name":"Enter password","time":{"start":1758766876351,"stop":1758766876489,"duration":138},"status":"passed","steps":[],"attachments":[{"uid":"e154dfe630084b50","name":"Page URL","source":"e154dfe630084b50.txt","type":"text/plain","size":215},{"uid":"47b076aeb7b1e1dc","name":"Screenshot: Enter password (success)","source":"47b076aeb7b1e1dc.png","type":"image/png","size":46177}],"parameters":[],"shouldDisplayMessage":false,"stepsCount":0,"attachmentsCount":2,"hasContent":true,"attachmentStep":false},{"name":"Click Continue button","time":{"start":1758766876489,"stop":1758766937122,"duration":60633},"status":"failed","statusMessage":"AssertionError: [TimeoutError] during step: Click Continue button\nMessage: Locator.click: Timeout 30000ms exceeded.\nCall log:\n  - waiting for locator(\"button[type='submit'][name='action'][value='default']\")\n\nNote: Playwright Timeout. Element not found or action took too long.\n","statusTrace":"  File \"/home/runner/work/apolo-test-automation/apolo-test-automation/tests/reporting_hooks/reporting.py\", line 58, in wrapper\n    raise AssertionError(formatted_msg) from e\n","steps":[],"attachments":[{"uid":"7ecb1eff036f622","name":"Page URL","source":"7ecb1eff036f622.txt","type":"text/plain","size":215},{"uid":"7113875cb66cadab","name":"Screenshot: Click Continue button (fail)","source":"7113875cb66cadab.png","type":"image/png","size":133673}],"parameters":[],"shouldDisplayMessage":true,"stepsCount":0,"attachmentsCount":2,"hasContent":true,"attachmentStep":false}],"attachments":[{"uid":"742c03e5e852c432","name":"Page URL","source":"742c03e5e852c432.txt","type":"text/plain","size":33},{"uid":"b2a825d085ddc51c","name":"Screenshot: Login via UI (fail)","source":"b2a825d085ddc51c.png","type":"image/png","size":133673}],"parameters":[],"shouldDisplayMessage":true,"stepsCount":4,"attachmentsCount":10,"hasContent":true,"attachmentStep":false}],"attachments":[{"uid":"351d2bfdea1f6356","name":"log","source":"351d2bfdea1f6356.txt","type":"text/plain","size":6244}],"parameters":[],"shouldDisplayMessage":true,"stepsCount":5,"attachmentsCount":11,"hasContent":true,"attachmentStep":false},"afterStages":[{"name":"add_page_manager::finalizer","time":{"start":1758766937373,"stop":1758766937374,"duration":1},"status":"passed","steps":[],"attachments":[],"parameters":[],"shouldDisplayMessage":false,"stepsCount":0,"attachmentsCount":0,"hasContent":false,"attachmentStep":false},{"name":"setup_cleanup::finalizer","time":{"start":1758766937374,"stop":1758766937374,"duration":0},"status":"passed","steps":[],"attachments":[],"parameters":[],"shouldDisplayMessage":false,"stepsCount":0,"attachmentsCount":0,"hasContent":false,"attachmentStep":false},{"name":"setup_cleanup::finalizer","time":{"start":1758766937374,"stop":1758766942617,"duration":5243},"status":"passed","steps":[{"name":"Post-test cleanup","time":{"start":1758766937374,"stop":1758766942617,"duration":5243},"status":"passed","steps":[],"attachments":[{"uid":"ae5971da7cea7ccf","name":"Cleanup note","source":"ae5971da7cea7ccf.txt","type":"text/plain","size":29}],"parameters":[],"shouldDisplayMessage":false,"stepsCount":0,"attachmentsCount":1,"hasContent":true,"attachmentStep":false}],"attachments":[],"parameters":[],"shouldDisplayMessage":false,"stepsCount":1,"attachmentsCount":1,"hasContent":true,"attachmentStep":false},{"name":"api_helper::finalizer","time":{"start":1758766942618,"stop":1758766942618,"duration":0},"status":"passed","steps":[],"attachments":[],"parameters":[],"shouldDisplayMessage":false,"stepsCount":0,"attachmentsCount":0,"hasContent":false,"attachmentStep":false},{"name":"_function_scoped_runner::0","time":{"start":1758766942619,"stop":1758766942620,"duration":1},"status":"passed","steps":[],"attachments":[],"parameters":[],"shouldDisplayMessage":false,"stepsCount":0,"attachmentsCount":0,"hasContent":false,"attachmentStep":false}],"labels":[{"name":"suite","value":"CLI Project Remove Members"},{"name":"parentSuite","value":"CLI Tests"},{"name":"tag","value":"asyncio"},{"name":"subSuite","value":"TestCLIProjectStructureSetup"},{"name":"host","value":"runnervmf4ws1"},{"name":"thread","value":"3631-MainThread"},{"name":"framework","value":"pytest"},{"name":"language","value":"cpython3"},{"name":"package","value":"tests.test_cases.tests_cli.test_project_remove_members"},{"name":"resultFormat","value":"allure2"}],"parameters":[],"links":[],"hidden":false,"retry":false,"extra":{"severity":"normal","retries":[],"categories":[],"history":{"statistic":{"failed":0,"broken":0,"skipped":48,"passed":0,"unknown":0,"total":48},"items":[{"uid":"b3a961d4588e670f","status":"skipped","statusDetails":"XFAIL ENG-877\n\nAssertionError: [AssertionError] during step: Verify user present in get-project-users output via CLI\nMessage: User 'regression-4mpogwhrm3' not found in list","time":{"start":1758708957265,"stop":1758709009007,"duration":51742}},{"uid":"5eaaade2112976fa","status":"skipped","statusDetails":"XFAIL ENG-877\n\nAssertionError: [AssertionError] during step: Verify user present in get-project-users output via CLI\nMessage: User 'regression-trud7pggyh' not found in list","time":{"start":1758692629148,"stop":1758692684417,"duration":55269}},{"uid":"e2b629edd4310cc7","status":"skipped","statusDetails":"XFAIL ENG-877\n\nAssertionError: [AssertionError] during step: Verify user present in get-project-users output via CLI\nMessage: User 'regression-agyie496d9' not found in list","time":{"start":1758680535445,"stop":1758680581347,"duration":45902}},{"uid":"ade4c6a1c8e6248d","status":"skipped","statusDetails":"XFAIL ENG-877\n\nAssertionError: [AssertionError] during step: Verify user present in get-project-users output via CLI\nMessage: User 'regression-rpnazn7i56' not found in list","time":{"start":1758594476067,"stop":1758594532186,"duration":56119}},{"uid":"6d2b624c23d5fbab","status":"skipped","statusDetails":"XFAIL ENG-877\n\nAssertionError: [AssertionError] during step: Verify user present in get-project-users output via CLI\nMessage: User 'regression-u51x1df697' not found in list","time":{"start":1758507666899,"stop":1758507711639,"duration":44740}},{"uid":"7af520166893f77a","status":"skipped","statusDetails":"XFAIL ENG-877\n\nAssertionError: [AssertionError] during step: Verify user present in get-project-users output via CLI\nMessage: User 'regression-4laknvczyp' not found in list","time":{"start":1758421519726,"stop":1758421562381,"duration":42655}},{"uid":"dd753304be99274f","status":"skipped","statusDetails":"XFAIL ENG-877\n\nAssertionError: [AssertionError] during step: Verify user present in get-project-users output via CLI\nMessage: User 'regression-wuc2cur69a' not found in list","time":{"start":1758335308090,"stop":1758335358779,"duration":50689}},{"uid":"df34d45c8ce64499","status":"skipped","statusDetails":"XFAIL ENG-877\n\nAssertionError: [AssertionError] during step: Add new project via apolo CLI\nMessage: ERROR: Config /home/runner/.apolo/db is not a regular file. Please run 'apolo logout' and then 'apolo login'.","time":{"start":1758248421730,"stop":1758248453942,"duration":32212}},{"uid":"e665263fcfd7929","status":"skipped","statusDetails":"XFAIL ENG-877\n\nAssertionError: [AssertionError] during step: Verify user present in get-project-users output via CLI\nMessage: User 'regression-w6ze6yt8nh' not found in list","time":{"start":1758162286268,"stop":1758162346570,"duration":60302}},{"uid":"2b3438e53e0a847c","status":"skipped","statusDetails":"XFAIL ENG-877\n\nAssertionError: [AssertionError] during step: Verify user present in get-project-users output via CLI\nMessage: User 'regression-wewcu9p7li' not found in list","time":{"start":1758105296406,"stop":1758105350131,"duration":53725}},{"uid":"631b353831047eff","status":"skipped","statusDetails":"XFAIL ENG-877\n\nAssertionError: [AssertionError] during step: Add new project via apolo CLI\nMessage: ERROR: Illegal argument(s) (stream timeout)","time":{"start":1758082050296,"stop":1758082108691,"duration":58395}},{"uid":"7ef29e2b2cb8c7d1","status":"skipped","statusDetails":"XFAIL ENG-877\n\nAssertionError: [AssertionError] during step: Login via UI\nMessage: [AssertionError] during step: Verify that Welcome new user page displayed\nMessage: Locator expected to be visible\nActual value: <element(s) not found> \nCall log:\n  - Expect \"to_be_visible\" with timeout 5000ms\n  - waiting for locator(\"h3.truncate.text-h3\").filter(has_text=\"Welcome, regression-b3ava4qwop@apolo.us\")","time":{"start":1757989760010,"stop":1757989775897,"duration":15887}},{"uid":"d3b15c8d58f3248a","status":"skipped","statusDetails":"XFAIL ENG-877\n\nAssertionError: [AssertionError] during step: Verify user present in get-project-users output via CLI\nMessage: User 'regression-xak4witljn' not found in list","time":{"start":1757903116423,"stop":1757903160332,"duration":43909}},{"uid":"eaebed4441c71747","status":"skipped","statusDetails":"XFAIL ENG-877\n\nAssertionError: [AssertionError] during step: Verify user present in get-project-users output via CLI\nMessage: User 'regression-a5eybsy6h9' not found in list","time":{"start":1757815929860,"stop":1757815979809,"duration":49949}},{"uid":"c5e73dc2bf4a317c","status":"skipped","statusDetails":"XFAIL ENG-877\n\nAssertionError: [AssertionError] during step: Verify user present in get-project-users output via CLI\nMessage: User 'regression-c6rudcz5sv' not found in list","time":{"start":1757729247139,"stop":1757729296043,"duration":48904}},{"uid":"8e4a232f4d6d0d6d","status":"skipped","statusDetails":"XFAIL ENG-877\n\nAssertionError: [AssertionError] during step: Verify user present in get-project-users output via CLI\nMessage: User 'regression-wgqpn86foz' not found in list","time":{"start":1757643083085,"stop":1757643135758,"duration":52673}},{"uid":"69ea171878fc41e8","status":"skipped","statusDetails":"XFAIL ENG-877\n\nAssertionError: [AssertionError] during step: Verify user present in get-project-users output via CLI\nMessage: User 'regression-p2jglgc9nw' not found in list","time":{"start":1757556530516,"stop":1757556591922,"duration":61406}},{"uid":"f843ed8ae91570ae","status":"skipped","statusDetails":"XFAIL ENG-877\n\nAssertionError: [AssertionError] during step: Verify user present in get-project-users output via CLI\nMessage: User 'regression-rc3kyyipdh' not found in list","time":{"start":1757470423068,"stop":1757470466438,"duration":43370}},{"uid":"169351daec0706a9","status":"skipped","statusDetails":"XFAIL ENG-877\n\nAssertionError: [AssertionError] during step: Verify user present in get-project-users output via CLI\nMessage: User 'regression-y886xxo2sw' not found in list","time":{"start":1757418481213,"stop":1757418528543,"duration":47330}},{"uid":"fdaa40608c49ee72","status":"skipped","statusDetails":"XFAIL ENG-877\n\nAssertionError: [AssertionError] during step: Verify user present in get-project-users output via CLI\nMessage: User 'regression-cfwa2q9i35' not found in list","time":{"start":1757384252285,"stop":1757384292311,"duration":40026}}]},"tags":["asyncio"]},"source":"732c60217f4c61bf.json","parameterValues":[]}