{"uid":"7ef29e2b2cb8c7d1","name":"Manager removes himself from project via CLI","fullName":"tests.test_cases.tests_cli.test_project_remove_members.TestCLIProjectStructureSetup#test_manager_remove_himself_from_proj_cli","historyId":"24762ebab82fe526ae0bb32b68596653","time":{"start":1757989760010,"stop":1757989775897,"duration":15887},"description":"\n- Login with valid credentials via **UI**.\n- Get Bearer auth token from Playwright local storage.\n- Create new organization via **API**.\n- Signup `second user` via **UI**.\n- Login with Bearer auth token via **CLI**.\n- Create new project via **CLI**.\n- Add `second user` to organization via **CLI**.\n- Add `second user` to project with `Manager` role via **CLI**.\n- `Second user` login with Bearer auth token via **CLI**.\n\n### Verify that:\n\n- `Manager` **cannot** remove himself from project via **CLI**.\n","descriptionHtml":"<div style='line-height:1.6;'><ul>\n<li>Login with valid credentials via <strong>UI</strong>.</li>\n<li>Get Bearer auth token from Playwright local storage.</li>\n<li>Create new organization via <strong>API</strong>.</li>\n<li>Signup <span style='background-color:#D3D3D3; padding:2px 4px; border-radius:3px; font-family:monospace;'>second user</span> via <strong>UI</strong>.</li>\n<li>Login with Bearer auth token via <strong>CLI</strong>.</li>\n<li>Create new project via <strong>CLI</strong>.</li>\n<li>Add <span style='background-color:#D3D3D3; padding:2px 4px; border-radius:3px; font-family:monospace;'>second user</span> to organization via <strong>CLI</strong>.</li>\n<li>Add <span style='background-color:#D3D3D3; padding:2px 4px; border-radius:3px; font-family:monospace;'>second user</span> to project with <span style='background-color:#D3D3D3; padding:2px 4px; border-radius:3px; font-family:monospace;'>Manager</span> role via <strong>CLI</strong>.</li>\n<li><span style='background-color:#D3D3D3; padding:2px 4px; border-radius:3px; font-family:monospace;'>Second user</span> login with Bearer auth token via <strong>CLI</strong>.</li>\n</ul>\n<h3>Verify that:</h3>\n<ul>\n<li><span style='background-color:#D3D3D3; padding:2px 4px; border-radius:3px; font-family:monospace;'>Manager</span> <strong>cannot</strong> remove himself from project via <strong>CLI</strong>.</li>\n</ul></div>","status":"skipped","statusMessage":"XFAIL ENG-877\n\nAssertionError: [AssertionError] during step: Login via UI\nMessage: [AssertionError] during step: Verify that Welcome new user page displayed\nMessage: Locator expected to be visible\nActual value: <element(s) not found> \nCall log:\n  - Expect \"to_be_visible\" with timeout 5000ms\n  - waiting for locator(\"h3.truncate.text-h3\").filter(has_text=\"Welcome, regression-b3ava4qwop@apolo.us\")","statusTrace":"tests/reporting_hooks/reporting.py:49: in wrapper\n    result = await func(*args, **kwargs)\n             ^^^^^^^^^^^^^^^^^^^^^^^^^^^\ntests/test_cases/steps/ui_steps/page_steps_impl/welcome_new_user_page_steps.py:14: in verify_ui_page_displayed\n    assert await self._pm.welcome_new_user_page.is_loaded(email=email), (\n           ^^^^^^^^^^^^^^^^^^^^^^^^^^^^^^^^^^^^^^^^^^^^^^^^^^^^^^^^^^^\ntests/components/ui/pages/onboarding_pages/welcome_new_user_page.py:27: in is_loaded\n    await self._get_welcome_user_message(email).expect_to_be_loaded()\ntests/components/ui/pages/base_element.py:43: in expect_to_be_loaded\n    await expect(self.locator).to_be_visible(timeout=timeout)\nE   AssertionError: Locator expected to be visible\nE   Actual value: <element(s) not found> \nE   Call log:\nE     - Expect \"to_be_visible\" with timeout 5000ms\nE     - waiting for locator(\"h3.truncate.text-h3\").filter(has_text=\"Welcome, regression-b3ava4qwop@apolo.us\")\n\nThe above exception was the direct cause of the following exception:\ntests/reporting_hooks/reporting.py:49: in wrapper\n    result = await func(*args, **kwargs)\n             ^^^^^^^^^^^^^^^^^^^^^^^^^^^\ntests/test_cases/steps/ui_steps/ui_steps.py:77: in ui_login\n    await self.welcome_new_user_page.verify_ui_page_displayed(\ntests/reporting_hooks/reporting.py:58: in wrapper\n    raise AssertionError(formatted_msg) from e\nE   AssertionError: [AssertionError] during step: Verify that Welcome new user page displayed\nE   Message: Locator expected to be visible\nE   Actual value: <element(s) not found> \nE   Call log:\nE     - Expect \"to_be_visible\" with timeout 5000ms\nE     - waiting for locator(\"h3.truncate.text-h3\").filter(has_text=\"Welcome, regression-b3ava4qwop@apolo.us\")\n\nThe above exception was the direct cause of the following exception:\ntests/test_cases/tests_cli/test_project_remove_members.py:668: in test_manager_remove_himself_from_proj_cli\n    await self._ui_steps.ui_login(user=user)\ntests/reporting_hooks/reporting.py:58: in wrapper\n    raise AssertionError(formatted_msg) from e\nE   AssertionError: [AssertionError] during step: Login via UI\nE   Message: [AssertionError] during step: Verify that Welcome new user page displayed\nE   Message: Locator expected to be visible\nE   Actual value: <element(s) not found> \nE   Call log:\nE     - Expect \"to_be_visible\" with timeout 5000ms\nE     - waiting for locator(\"h3.truncate.text-h3\").filter(has_text=\"Welcome, regression-b3ava4qwop@apolo.us\")","flaky":false,"newFailed":false,"newBroken":false,"newPassed":false,"retriesCount":0,"retriesStatusChange":false,"beforeStages":[{"name":"delete_output_dir","time":{"start":1757986281311,"stop":1757986281311,"duration":0},"status":"passed","steps":[],"attachments":[],"parameters":[],"shouldDisplayMessage":false,"stepsCount":0,"attachmentsCount":0,"hasContent":false,"attachmentStep":false},{"name":"_verify_url","time":{"start":1757986281311,"stop":1757986281311,"duration":0},"status":"passed","steps":[],"attachments":[],"parameters":[],"shouldDisplayMessage":false,"stepsCount":0,"attachmentsCount":0,"hasContent":false,"attachmentStep":false},{"name":"event_loop_policy","time":{"start":1757986281311,"stop":1757986281311,"duration":0},"status":"passed","steps":[],"attachments":[],"parameters":[],"shouldDisplayMessage":false,"stepsCount":0,"attachmentsCount":0,"hasContent":false,"attachmentStep":false},{"name":"base_url","time":{"start":1757986281311,"stop":1757986281311,"duration":0},"status":"passed","steps":[],"attachments":[],"parameters":[],"shouldDisplayMessage":false,"stepsCount":0,"attachmentsCount":0,"hasContent":false,"attachmentStep":false},{"name":"pytestconfig","time":{"start":1757986281311,"stop":1757986281311,"duration":0},"status":"passed","steps":[],"attachments":[],"parameters":[],"shouldDisplayMessage":false,"stepsCount":0,"attachmentsCount":0,"hasContent":false,"attachmentStep":false},{"name":"delay_worker_start","time":{"start":1757986281312,"stop":1757986281312,"duration":0},"status":"passed","steps":[],"attachments":[],"parameters":[],"shouldDisplayMessage":false,"stepsCount":0,"attachmentsCount":0,"hasContent":false,"attachmentStep":false},{"name":"ensure_storage_directories","time":{"start":1757986281312,"stop":1757986281312,"duration":0},"status":"passed","steps":[],"attachments":[],"parameters":[],"shouldDisplayMessage":false,"stepsCount":0,"attachmentsCount":0,"hasContent":false,"attachmentStep":false},{"name":"test_config","time":{"start":1757989756795,"stop":1757989756801,"duration":6},"status":"passed","steps":[],"attachments":[],"parameters":[],"shouldDisplayMessage":false,"stepsCount":0,"attachmentsCount":0,"hasContent":false,"attachmentStep":false},{"name":"_function_scoped_runner","time":{"start":1757989756801,"stop":1757989756802,"duration":1},"status":"passed","steps":[],"attachments":[],"parameters":[],"shouldDisplayMessage":false,"stepsCount":0,"attachmentsCount":0,"hasContent":false,"attachmentStep":false},{"name":"page_manager","time":{"start":1757989756801,"stop":1757989759421,"duration":2620},"status":"passed","steps":[],"attachments":[{"uid":"c825caa62285131b","name":"HTTP 200 - GET config","source":"c825caa62285131b.txt","type":"text/plain","size":654}],"parameters":[],"shouldDisplayMessage":false,"stepsCount":0,"attachmentsCount":1,"hasContent":true,"attachmentStep":false},{"name":"data_manager","time":{"start":1757989759421,"stop":1757989759421,"duration":0},"status":"passed","steps":[],"attachments":[],"parameters":[],"shouldDisplayMessage":false,"stepsCount":0,"attachmentsCount":0,"hasContent":false,"attachmentStep":false},{"name":"users_manager","time":{"start":1757989759421,"stop":1757989759421,"duration":0},"status":"passed","steps":[],"attachments":[],"parameters":[],"shouldDisplayMessage":false,"stepsCount":0,"attachmentsCount":0,"hasContent":false,"attachmentStep":false},{"name":"api_helper","time":{"start":1757989759421,"stop":1757989759422,"duration":1},"status":"passed","steps":[],"attachments":[],"parameters":[],"shouldDisplayMessage":false,"stepsCount":0,"attachmentsCount":0,"hasContent":false,"attachmentStep":false},{"name":"apolo_cli","time":{"start":1757989759422,"stop":1757989759422,"duration":0},"status":"passed","steps":[],"attachments":[],"parameters":[],"shouldDisplayMessage":false,"stepsCount":0,"attachmentsCount":0,"hasContent":false,"attachmentStep":false},{"name":"setup_cleanup","time":{"start":1757989759422,"stop":1757989759422,"duration":0},"status":"passed","steps":[],"attachments":[],"parameters":[],"shouldDisplayMessage":false,"stepsCount":0,"attachmentsCount":0,"hasContent":false,"attachmentStep":false},{"name":"add_page_manager","time":{"start":1757989759422,"stop":1757989759423,"duration":1},"status":"passed","steps":[],"attachments":[],"parameters":[],"shouldDisplayMessage":false,"stepsCount":0,"attachmentsCount":0,"hasContent":false,"attachmentStep":false},{"name":"_inject_fixtures","time":{"start":1757989759423,"stop":1757989759423,"duration":0},"status":"passed","steps":[],"attachments":[],"parameters":[],"shouldDisplayMessage":false,"stepsCount":0,"attachmentsCount":0,"hasContent":false,"attachmentStep":false},{"name":"setup","time":{"start":1757989759423,"stop":1757989760010,"duration":587},"status":"passed","steps":[{"name":"Verify Apolo CLI client is installed","time":{"start":1757989759424,"stop":1757989760010,"duration":586},"status":"passed","steps":[],"attachments":[{"uid":"487f6e2dceaac360","name":"Executed CLI command","source":"487f6e2dceaac360.txt","type":"text/plain","size":15},{"uid":"b33603d423628f73","name":"Executed CLI command output","source":"b33603d423628f73.txt","type":"text/plain","size":28}],"parameters":[],"shouldDisplayMessage":false,"stepsCount":0,"attachmentsCount":2,"hasContent":true,"attachmentStep":false}],"attachments":[],"parameters":[],"shouldDisplayMessage":false,"stepsCount":1,"attachmentsCount":2,"hasContent":true,"attachmentStep":false}],"testStage":{"description":"\n- Login with valid credentials via **UI**.\n- Get Bearer auth token from Playwright local storage.\n- Create new organization via **API**.\n- Signup `second user` via **UI**.\n- Login with Bearer auth token via **CLI**.\n- Create new project via **CLI**.\n- Add `second user` to organization via **CLI**.\n- Add `second user` to project with `Manager` role via **CLI**.\n- `Second user` login with Bearer auth token via **CLI**.\n\n### Verify that:\n\n- `Manager` **cannot** remove himself from project via **CLI**.\n","descriptionHtml":"<div style='line-height:1.6;'><ul>\n<li>Login with valid credentials via <strong>UI</strong>.</li>\n<li>Get Bearer auth token from Playwright local storage.</li>\n<li>Create new organization via <strong>API</strong>.</li>\n<li>Signup <span style='background-color:#D3D3D3; padding:2px 4px; border-radius:3px; font-family:monospace;'>second user</span> via <strong>UI</strong>.</li>\n<li>Login with Bearer auth token via <strong>CLI</strong>.</li>\n<li>Create new project via <strong>CLI</strong>.</li>\n<li>Add <span style='background-color:#D3D3D3; padding:2px 4px; border-radius:3px; font-family:monospace;'>second user</span> to organization via <strong>CLI</strong>.</li>\n<li>Add <span style='background-color:#D3D3D3; padding:2px 4px; border-radius:3px; font-family:monospace;'>second user</span> to project with <span style='background-color:#D3D3D3; padding:2px 4px; border-radius:3px; font-family:monospace;'>Manager</span> role via <strong>CLI</strong>.</li>\n<li><span style='background-color:#D3D3D3; padding:2px 4px; border-radius:3px; font-family:monospace;'>Second user</span> login with Bearer auth token via <strong>CLI</strong>.</li>\n</ul>\n<h3>Verify that:</h3>\n<ul>\n<li><span style='background-color:#D3D3D3; padding:2px 4px; border-radius:3px; font-family:monospace;'>Manager</span> <strong>cannot</strong> remove himself from project via <strong>CLI</strong>.</li>\n</ul></div>","status":"skipped","statusMessage":"XFAIL ENG-877\n\nAssertionError: [AssertionError] during step: Login via UI\nMessage: [AssertionError] during step: Verify that Welcome new user page displayed\nMessage: Locator expected to be visible\nActual value: <element(s) not found> \nCall log:\n  - Expect \"to_be_visible\" with timeout 5000ms\n  - waiting for locator(\"h3.truncate.text-h3\").filter(has_text=\"Welcome, regression-b3ava4qwop@apolo.us\")","statusTrace":"tests/reporting_hooks/reporting.py:49: in wrapper\n    result = await func(*args, **kwargs)\n             ^^^^^^^^^^^^^^^^^^^^^^^^^^^\ntests/test_cases/steps/ui_steps/page_steps_impl/welcome_new_user_page_steps.py:14: in verify_ui_page_displayed\n    assert await self._pm.welcome_new_user_page.is_loaded(email=email), (\n           ^^^^^^^^^^^^^^^^^^^^^^^^^^^^^^^^^^^^^^^^^^^^^^^^^^^^^^^^^^^\ntests/components/ui/pages/onboarding_pages/welcome_new_user_page.py:27: in is_loaded\n    await self._get_welcome_user_message(email).expect_to_be_loaded()\ntests/components/ui/pages/base_element.py:43: in expect_to_be_loaded\n    await expect(self.locator).to_be_visible(timeout=timeout)\nE   AssertionError: Locator expected to be visible\nE   Actual value: <element(s) not found> \nE   Call log:\nE     - Expect \"to_be_visible\" with timeout 5000ms\nE     - waiting for locator(\"h3.truncate.text-h3\").filter(has_text=\"Welcome, regression-b3ava4qwop@apolo.us\")\n\nThe above exception was the direct cause of the following exception:\ntests/reporting_hooks/reporting.py:49: in wrapper\n    result = await func(*args, **kwargs)\n             ^^^^^^^^^^^^^^^^^^^^^^^^^^^\ntests/test_cases/steps/ui_steps/ui_steps.py:77: in ui_login\n    await self.welcome_new_user_page.verify_ui_page_displayed(\ntests/reporting_hooks/reporting.py:58: in wrapper\n    raise AssertionError(formatted_msg) from e\nE   AssertionError: [AssertionError] during step: Verify that Welcome new user page displayed\nE   Message: Locator expected to be visible\nE   Actual value: <element(s) not found> \nE   Call log:\nE     - Expect \"to_be_visible\" with timeout 5000ms\nE     - waiting for locator(\"h3.truncate.text-h3\").filter(has_text=\"Welcome, regression-b3ava4qwop@apolo.us\")\n\nThe above exception was the direct cause of the following exception:\ntests/test_cases/tests_cli/test_project_remove_members.py:668: in test_manager_remove_himself_from_proj_cli\n    await self._ui_steps.ui_login(user=user)\ntests/reporting_hooks/reporting.py:58: in wrapper\n    raise AssertionError(formatted_msg) from e\nE   AssertionError: [AssertionError] during step: Login via UI\nE   Message: [AssertionError] during step: Verify that Welcome new user page displayed\nE   Message: Locator expected to be visible\nE   Actual value: <element(s) not found> \nE   Call log:\nE     - Expect \"to_be_visible\" with timeout 5000ms\nE     - waiting for locator(\"h3.truncate.text-h3\").filter(has_text=\"Welcome, regression-b3ava4qwop@apolo.us\")","steps":[{"name":"Login via UI","time":{"start":1757989760011,"stop":1757989775896,"duration":15885},"status":"failed","statusMessage":"AssertionError: [AssertionError] during step: Login via UI\nMessage: [AssertionError] during step: Verify that Welcome new user page displayed\nMessage: Locator expected to be visible\nActual value: <element(s) not found> \nCall log:\n  - Expect \"to_be_visible\" with timeout 5000ms\n  - waiting for locator(\"h3.truncate.text-h3\").filter(has_text=\"Welcome, regression-b3ava4qwop@apolo.us\")\n\n","statusTrace":"  File \"/home/runner/work/apolo-test-automation/apolo-test-automation/tests/reporting_hooks/reporting.py\", line 58, in wrapper\n    raise AssertionError(formatted_msg) from e\n","steps":[{"name":"Click login button","time":{"start":1757989760011,"stop":1757989761222,"duration":1211},"status":"passed","steps":[],"attachments":[{"uid":"53a93886848330b1","name":"Page URL","source":"53a93886848330b1.txt","type":"text/plain","size":33},{"uid":"f62c2fffe4967b27","name":"Screenshot: Click login button (success)","source":"f62c2fffe4967b27.png","type":"image/png","size":41621}],"parameters":[],"shouldDisplayMessage":false,"stepsCount":0,"attachmentsCount":2,"hasContent":true,"attachmentStep":false},{"name":"Enter email","time":{"start":1757989761222,"stop":1757989761369,"duration":147},"status":"passed","steps":[],"attachments":[{"uid":"4e1e71f058faca9a","name":"Page URL","source":"4e1e71f058faca9a.txt","type":"text/plain","size":215},{"uid":"4ea76fbb4a481501","name":"Screenshot: Enter email (success)","source":"4ea76fbb4a481501.png","type":"image/png","size":46162}],"parameters":[],"shouldDisplayMessage":false,"stepsCount":0,"attachmentsCount":2,"hasContent":true,"attachmentStep":false},{"name":"Enter password","time":{"start":1757989761369,"stop":1757989761521,"duration":152},"status":"passed","steps":[],"attachments":[{"uid":"14ab525ba2748709","name":"Page URL","source":"14ab525ba2748709.txt","type":"text/plain","size":215},{"uid":"1b41c7c118635b64","name":"Screenshot: Enter password (success)","source":"1b41c7c118635b64.png","type":"image/png","size":46666}],"parameters":[],"shouldDisplayMessage":false,"stepsCount":0,"attachmentsCount":2,"hasContent":true,"attachmentStep":false},{"name":"Click Continue button","time":{"start":1757989761521,"stop":1757989769748,"duration":8227},"status":"passed","steps":[],"attachments":[{"uid":"721cfc5d11232766","name":"Page URL","source":"721cfc5d11232766.txt","type":"text/plain","size":215},{"uid":"217d05cc8de5d80b","name":"HTTP 500 - GET config","source":"217d05cc8de5d80b.txt","type":"text/plain","size":366},{"uid":"555bac7fc5c76ba7","name":"HTTP 200 - GET permissions?uri=blob:","source":"555bac7fc5c76ba7.txt","type":"text/plain","size":236},{"uid":"fbd45c8934fb21f0","name":"Screenshot: Click Continue button (success)","source":"fbd45c8934fb21f0.png","type":"image/png","size":28722}],"parameters":[],"shouldDisplayMessage":false,"stepsCount":0,"attachmentsCount":4,"hasContent":true,"attachmentStep":false},{"name":"Verify that Welcome new user page displayed","time":{"start":1757989769759,"stop":1757989775830,"duration":6071},"status":"failed","statusMessage":"AssertionError: [AssertionError] during step: Verify that Welcome new user page displayed\nMessage: Locator expected to be visible\nActual value: <element(s) not found> \nCall log:\n  - Expect \"to_be_visible\" with timeout 5000ms\n  - waiting for locator(\"h3.truncate.text-h3\").filter(has_text=\"Welcome, regression-b3ava4qwop@apolo.us\")\n\n","statusTrace":"  File \"/home/runner/work/apolo-test-automation/apolo-test-automation/tests/reporting_hooks/reporting.py\", line 58, in wrapper\n    raise AssertionError(formatted_msg) from e\n","steps":[],"attachments":[{"uid":"d8edb51a842f7c52","name":"Page URL","source":"d8edb51a842f7c52.txt","type":"text/plain","size":29},{"uid":"a428f2aea4a3975d","name":"Screenshot: Verify that Welcome new user page displayed (fail)","source":"a428f2aea4a3975d.png","type":"image/png","size":28722}],"parameters":[],"shouldDisplayMessage":true,"stepsCount":0,"attachmentsCount":2,"hasContent":true,"attachmentStep":false}],"attachments":[{"uid":"96052c1c320c80b","name":"Page URL","source":"96052c1c320c80b.txt","type":"text/plain","size":33},{"uid":"bad809057532c068","name":"Screenshot: Login via UI (fail)","source":"bad809057532c068.png","type":"image/png","size":28722}],"parameters":[],"shouldDisplayMessage":true,"stepsCount":5,"attachmentsCount":14,"hasContent":true,"attachmentStep":false}],"attachments":[{"uid":"f7a5f9d9d5fe7eb1","name":"log","source":"f7a5f9d9d5fe7eb1.txt","type":"text/plain","size":7661}],"parameters":[],"shouldDisplayMessage":true,"stepsCount":6,"attachmentsCount":15,"hasContent":true,"attachmentStep":false},"afterStages":[{"name":"setup_cleanup::finalizer","time":{"start":1757989775930,"stop":1757989775930,"duration":0},"status":"passed","steps":[],"attachments":[],"parameters":[],"shouldDisplayMessage":false,"stepsCount":0,"attachmentsCount":0,"hasContent":false,"attachmentStep":false},{"name":"setup_cleanup::finalizer","time":{"start":1757989775930,"stop":1757989777054,"duration":1124},"status":"passed","steps":[{"name":"Post-test cleanup","time":{"start":1757989775930,"stop":1757989777054,"duration":1124},"status":"passed","steps":[],"attachments":[{"uid":"7bbbba9e26372427","name":"Cleanup note","source":"7bbbba9e26372427.txt","type":"text/plain","size":29}],"parameters":[],"shouldDisplayMessage":false,"stepsCount":0,"attachmentsCount":1,"hasContent":true,"attachmentStep":false}],"attachments":[],"parameters":[],"shouldDisplayMessage":false,"stepsCount":1,"attachmentsCount":1,"hasContent":true,"attachmentStep":false},{"name":"add_page_manager::finalizer","time":{"start":1757989775930,"stop":1757989775930,"duration":0},"status":"passed","steps":[],"attachments":[],"parameters":[],"shouldDisplayMessage":false,"stepsCount":0,"attachmentsCount":0,"hasContent":false,"attachmentStep":false},{"name":"api_helper::finalizer","time":{"start":1757989777055,"stop":1757989777055,"duration":0},"status":"passed","steps":[],"attachments":[],"parameters":[],"shouldDisplayMessage":false,"stepsCount":0,"attachmentsCount":0,"hasContent":false,"attachmentStep":false},{"name":"_function_scoped_runner::0","time":{"start":1757989777056,"stop":1757989777057,"duration":1},"status":"passed","steps":[],"attachments":[],"parameters":[],"shouldDisplayMessage":false,"stepsCount":0,"attachmentsCount":0,"hasContent":false,"attachmentStep":false}],"labels":[{"name":"parentSuite","value":"CLI Tests"},{"name":"suite","value":"CLI Project Remove Members"},{"name":"tag","value":"asyncio"},{"name":"subSuite","value":"TestCLIProjectStructureSetup"},{"name":"host","value":"runnervmf4ws1"},{"name":"thread","value":"3791-MainThread"},{"name":"framework","value":"pytest"},{"name":"language","value":"cpython3"},{"name":"package","value":"tests.test_cases.tests_cli.test_project_remove_members"},{"name":"resultFormat","value":"allure2"}],"parameters":[],"links":[],"hidden":false,"retry":false,"extra":{"severity":"normal","retries":[],"categories":[],"history":{"statistic":{"failed":0,"broken":0,"skipped":36,"passed":0,"unknown":0,"total":36},"items":[{"uid":"d3b15c8d58f3248a","status":"skipped","statusDetails":"XFAIL ENG-877\n\nAssertionError: [AssertionError] during step: Verify user present in get-project-users output via CLI\nMessage: User 'regression-xak4witljn' not found in list","time":{"start":1757903116423,"stop":1757903160332,"duration":43909}},{"uid":"eaebed4441c71747","status":"skipped","statusDetails":"XFAIL ENG-877\n\nAssertionError: [AssertionError] during step: Verify user present in get-project-users output via CLI\nMessage: User 'regression-a5eybsy6h9' not found in list","time":{"start":1757815929860,"stop":1757815979809,"duration":49949}},{"uid":"c5e73dc2bf4a317c","status":"skipped","statusDetails":"XFAIL ENG-877\n\nAssertionError: [AssertionError] during step: Verify user present in get-project-users output via CLI\nMessage: User 'regression-c6rudcz5sv' not found in list","time":{"start":1757729247139,"stop":1757729296043,"duration":48904}},{"uid":"8e4a232f4d6d0d6d","status":"skipped","statusDetails":"XFAIL ENG-877\n\nAssertionError: [AssertionError] during step: Verify user present in get-project-users output via CLI\nMessage: User 'regression-wgqpn86foz' not found in list","time":{"start":1757643083085,"stop":1757643135758,"duration":52673}},{"uid":"69ea171878fc41e8","status":"skipped","statusDetails":"XFAIL ENG-877\n\nAssertionError: [AssertionError] during step: Verify user present in get-project-users output via CLI\nMessage: User 'regression-p2jglgc9nw' not found in list","time":{"start":1757556530516,"stop":1757556591922,"duration":61406}},{"uid":"f843ed8ae91570ae","status":"skipped","statusDetails":"XFAIL ENG-877\n\nAssertionError: [AssertionError] during step: Verify user present in get-project-users output via CLI\nMessage: User 'regression-rc3kyyipdh' not found in list","time":{"start":1757470423068,"stop":1757470466438,"duration":43370}},{"uid":"169351daec0706a9","status":"skipped","statusDetails":"XFAIL ENG-877\n\nAssertionError: [AssertionError] during step: Verify user present in get-project-users output via CLI\nMessage: User 'regression-y886xxo2sw' not found in list","time":{"start":1757418481213,"stop":1757418528543,"duration":47330}},{"uid":"fdaa40608c49ee72","status":"skipped","statusDetails":"XFAIL ENG-877\n\nAssertionError: [AssertionError] during step: Verify user present in get-project-users output via CLI\nMessage: User 'regression-cfwa2q9i35' not found in list","time":{"start":1757384252285,"stop":1757384292311,"duration":40026}},{"uid":"3e437f20edb92235","status":"skipped","statusDetails":"XFAIL ENG-877\n\nAssertionError: [AssertionError] during step: Verify user present in get-project-users output via CLI\nMessage: User 'regression-w5f2eq54co' not found in list","time":{"start":1757297546119,"stop":1757297602737,"duration":56618}},{"uid":"699d83f13ac29eae","status":"skipped","statusDetails":"XFAIL ENG-877\n\nAssertionError: [AssertionError] during step: Verify user present in get-project-users output via CLI\nMessage: User 'regression-7v6ixtmf7i' not found in list","time":{"start":1757211829873,"stop":1757211876164,"duration":46291}},{"uid":"8fa5a998f973d74a","status":"skipped","statusDetails":"XFAIL ENG-877\n\nAssertionError: [AssertionError] during step: Verify user present in get-project-users output via CLI\nMessage: User 'regression-8og41tcamw' not found in list","time":{"start":1757141104649,"stop":1757141153049,"duration":48400}},{"uid":"131b02a350fdf7ef","status":"skipped","statusDetails":"XFAIL ENG-877\n\nAssertionError: [AssertionError] during step: Verify user present in get-project-users output via CLI\nMessage: User 'regression-1w5rh01mec' not found in list","time":{"start":1757124763053,"stop":1757124802501,"duration":39448}},{"uid":"f7a048c4f6e93025","status":"skipped","statusDetails":"XFAIL ENG-877\n\nAssertionError: [AssertionError] during step: Verify user present in get-project-users output via CLI\nMessage: User 'regression-dj2fxp95gp' not found in list","time":{"start":1757038330151,"stop":1757038376459,"duration":46308}},{"uid":"b67e2d51611832ab","status":"skipped","statusDetails":"XFAIL ENG-877\n\nAssertionError: [AssertionError] during step: Add new project via apolo CLI\nMessage: ERROR: Not enough permissions ({\"missing\": [{\"uri\": \"cluster://default/orgs/regression-org-7rssx7p6t1t7/add-project\", \"action\": \"write\"}]})","time":{"start":1756952037271,"stop":1756952078442,"duration":41171}},{"uid":"efb779a054e14284","status":"skipped","statusDetails":"XFAIL ENG-877\n\nAssertionError: [AssertionError] during step: Verify user present in get-project-users output via CLI\nMessage: User 'regression-y1cjee0fl8' not found in list","time":{"start":1756865289498,"stop":1756865325725,"duration":36227}},{"uid":"2dc34ee17fc8c252","status":"skipped","statusDetails":"XFAIL ENG-877\n\nAssertionError: [AssertionError] during step: Verify user present in get-project-users output via CLI\nMessage: User 'regression-m4mrayys45' not found in list","time":{"start":1756803145562,"stop":1756803193284,"duration":47722}},{"uid":"ba69c3b0c7ec6021","status":"skipped","statusDetails":"XFAIL ENG-877\n\nAssertionError: [AssertionError] during step: Verify user present in get-project-users output via CLI\nMessage: User 'regression-g8nj8l46cb' not found in list","time":{"start":1756606389210,"stop":1756606427425,"duration":38215}},{"uid":"c9f08665a017577","status":"skipped","statusDetails":"XFAIL ENG-877\n\nAssertionError: [AssertionError] during step: Verify user present in get-project-users output via CLI\nMessage: User 'regression-tmdjee063k' not found in list","time":{"start":1756519978540,"stop":1756520020242,"duration":41702}},{"uid":"32ed3f56b4fd0834","status":"skipped","statusDetails":"XFAIL ENG-877\n\nAssertionError: [AssertionError] during step: Verify user present in get-project-users output via CLI\nMessage: User 'regression-ok8m5nkxwz' not found in list","time":{"start":1756433545174,"stop":1756433588802,"duration":43628}},{"uid":"5382f58a1bbe3492","status":"skipped","statusDetails":"XFAIL ENG-877\n\nAssertionError: [AssertionError] during step: Verify user present in get-project-users output via CLI\nMessage: User 'regression-0mq3zt4eim' not found in list","time":{"start":1756347011116,"stop":1756347042026,"duration":30910}}]},"tags":["asyncio"]},"source":"7ef29e2b2cb8c7d1.json","parameterValues":[]}