{"uid":"b2af7299fe24416f","name":"Add user not in organization to project via CLI","fullName":"tests.test_cases.tests_cli.test_project_structure_setup.TestCLIProjectStructureSetup#test_add_user_not_in_org_to_proj_cli","historyId":"7801d78bb3a65d526571af74c312a3a2","time":{"start":1757992000828,"stop":1757992016791,"duration":15963},"description":"\n- Login with valid credentials via **UI**.\n- Get Bearer auth token from Playwright local storage.\n- Create new organization via **API**.\n- Signup `second user` via **UI**.\n- Login with Bearer auth token via **CLI**.\n- Create new project via **CLI**.\n\n### Verify that:\n\n- User **cannot** add registered user **not from organization** to project via **CLI**.\n","descriptionHtml":"<div style='line-height:1.6;'><ul>\n<li>Login with valid credentials via <strong>UI</strong>.</li>\n<li>Get Bearer auth token from Playwright local storage.</li>\n<li>Create new organization via <strong>API</strong>.</li>\n<li>Signup <span style='background-color:#D3D3D3; padding:2px 4px; border-radius:3px; font-family:monospace;'>second user</span> via <strong>UI</strong>.</li>\n<li>Login with Bearer auth token via <strong>CLI</strong>.</li>\n<li>Create new project via <strong>CLI</strong>.</li>\n</ul>\n<h3>Verify that:</h3>\n<ul>\n<li>User <strong>cannot</strong> add registered user <strong>not from organization</strong> to project via <strong>CLI</strong>.</li>\n</ul></div>","status":"failed","statusMessage":"AssertionError: [AssertionError] during step: Login via UI\nMessage: [AssertionError] during step: Verify that Welcome new user page displayed\nMessage: Locator expected to be visible\nActual value: <element(s) not found> \nCall log:\n  - Expect \"to_be_visible\" with timeout 5000ms\n  - waiting for locator(\"h3.truncate.text-h3\").filter(has_text=\"Welcome, regression-hu30kslfn7@apolo.us\")","statusTrace":"tests/reporting_hooks/reporting.py:49: in wrapper\n    result = await func(*args, **kwargs)\n             ^^^^^^^^^^^^^^^^^^^^^^^^^^^\ntests/test_cases/steps/ui_steps/page_steps_impl/welcome_new_user_page_steps.py:14: in verify_ui_page_displayed\n    assert await self._pm.welcome_new_user_page.is_loaded(email=email), (\n           ^^^^^^^^^^^^^^^^^^^^^^^^^^^^^^^^^^^^^^^^^^^^^^^^^^^^^^^^^^^\ntests/components/ui/pages/onboarding_pages/welcome_new_user_page.py:27: in is_loaded\n    await self._get_welcome_user_message(email).expect_to_be_loaded()\ntests/components/ui/pages/base_element.py:43: in expect_to_be_loaded\n    await expect(self.locator).to_be_visible(timeout=timeout)\nE   AssertionError: Locator expected to be visible\nE   Actual value: <element(s) not found> \nE   Call log:\nE     - Expect \"to_be_visible\" with timeout 5000ms\nE     - waiting for locator(\"h3.truncate.text-h3\").filter(has_text=\"Welcome, regression-hu30kslfn7@apolo.us\")\n\nThe above exception was the direct cause of the following exception:\ntests/reporting_hooks/reporting.py:49: in wrapper\n    result = await func(*args, **kwargs)\n             ^^^^^^^^^^^^^^^^^^^^^^^^^^^\ntests/test_cases/steps/ui_steps/ui_steps.py:77: in ui_login\n    await self.welcome_new_user_page.verify_ui_page_displayed(\ntests/reporting_hooks/reporting.py:58: in wrapper\n    raise AssertionError(formatted_msg) from e\nE   AssertionError: [AssertionError] during step: Verify that Welcome new user page displayed\nE   Message: Locator expected to be visible\nE   Actual value: <element(s) not found> \nE   Call log:\nE     - Expect \"to_be_visible\" with timeout 5000ms\nE     - waiting for locator(\"h3.truncate.text-h3\").filter(has_text=\"Welcome, regression-hu30kslfn7@apolo.us\")\n\nThe above exception was the direct cause of the following exception:\ntests/test_cases/tests_cli/test_project_structure_setup.py:260: in test_add_user_not_in_org_to_proj_cli\n    await self._ui_steps.ui_login(user=user)\ntests/reporting_hooks/reporting.py:58: in wrapper\n    raise AssertionError(formatted_msg) from e\nE   AssertionError: [AssertionError] during step: Login via UI\nE   Message: [AssertionError] during step: Verify that Welcome new user page displayed\nE   Message: Locator expected to be visible\nE   Actual value: <element(s) not found> \nE   Call log:\nE     - Expect \"to_be_visible\" with timeout 5000ms\nE     - waiting for locator(\"h3.truncate.text-h3\").filter(has_text=\"Welcome, regression-hu30kslfn7@apolo.us\")","flaky":false,"newFailed":true,"newBroken":false,"newPassed":false,"retriesCount":2,"retriesStatusChange":false,"beforeStages":[{"name":"pytestconfig","time":{"start":1757986281310,"stop":1757986281310,"duration":0},"status":"passed","steps":[],"attachments":[],"parameters":[],"shouldDisplayMessage":false,"stepsCount":0,"attachmentsCount":0,"hasContent":false,"attachmentStep":false},{"name":"_verify_url","time":{"start":1757986281311,"stop":1757986281311,"duration":0},"status":"passed","steps":[],"attachments":[],"parameters":[],"shouldDisplayMessage":false,"stepsCount":0,"attachmentsCount":0,"hasContent":false,"attachmentStep":false},{"name":"base_url","time":{"start":1757986281311,"stop":1757986281311,"duration":0},"status":"passed","steps":[],"attachments":[],"parameters":[],"shouldDisplayMessage":false,"stepsCount":0,"attachmentsCount":0,"hasContent":false,"attachmentStep":false},{"name":"event_loop_policy","time":{"start":1757986281311,"stop":1757986281311,"duration":0},"status":"passed","steps":[],"attachments":[],"parameters":[],"shouldDisplayMessage":false,"stepsCount":0,"attachmentsCount":0,"hasContent":false,"attachmentStep":false},{"name":"delete_output_dir","time":{"start":1757986281311,"stop":1757986281311,"duration":0},"status":"passed","steps":[],"attachments":[],"parameters":[],"shouldDisplayMessage":false,"stepsCount":0,"attachmentsCount":0,"hasContent":false,"attachmentStep":false},{"name":"delay_worker_start","time":{"start":1757986281311,"stop":1757986296312,"duration":15001},"status":"passed","steps":[],"attachments":[],"parameters":[],"shouldDisplayMessage":false,"stepsCount":0,"attachmentsCount":0,"hasContent":false,"attachmentStep":false},{"name":"ensure_storage_directories","time":{"start":1757986296312,"stop":1757986296312,"duration":0},"status":"passed","steps":[],"attachments":[],"parameters":[],"shouldDisplayMessage":false,"stepsCount":0,"attachmentsCount":0,"hasContent":false,"attachmentStep":false},{"name":"test_config","time":{"start":1757991997682,"stop":1757991997686,"duration":4},"status":"passed","steps":[],"attachments":[],"parameters":[],"shouldDisplayMessage":false,"stepsCount":0,"attachmentsCount":0,"hasContent":false,"attachmentStep":false},{"name":"_function_scoped_runner","time":{"start":1757991997686,"stop":1757991997687,"duration":1},"status":"passed","steps":[],"attachments":[],"parameters":[],"shouldDisplayMessage":false,"stepsCount":0,"attachmentsCount":0,"hasContent":false,"attachmentStep":false},{"name":"page_manager","time":{"start":1757991997686,"stop":1757992000216,"duration":2530},"status":"passed","steps":[],"attachments":[{"uid":"cb2c3ae8a6a7bc49","name":"HTTP 200 - GET config","source":"cb2c3ae8a6a7bc49.txt","type":"text/plain","size":654}],"parameters":[],"shouldDisplayMessage":false,"stepsCount":0,"attachmentsCount":1,"hasContent":true,"attachmentStep":false},{"name":"users_manager","time":{"start":1757992000216,"stop":1757992000216,"duration":0},"status":"passed","steps":[],"attachments":[],"parameters":[],"shouldDisplayMessage":false,"stepsCount":0,"attachmentsCount":0,"hasContent":false,"attachmentStep":false},{"name":"api_helper","time":{"start":1757992000216,"stop":1757992000217,"duration":1},"status":"passed","steps":[],"attachments":[],"parameters":[],"shouldDisplayMessage":false,"stepsCount":0,"attachmentsCount":0,"hasContent":false,"attachmentStep":false},{"name":"data_manager","time":{"start":1757992000216,"stop":1757992000216,"duration":0},"status":"passed","steps":[],"attachments":[],"parameters":[],"shouldDisplayMessage":false,"stepsCount":0,"attachmentsCount":0,"hasContent":false,"attachmentStep":false},{"name":"setup_cleanup","time":{"start":1757992000217,"stop":1757992000218,"duration":1},"status":"passed","steps":[],"attachments":[],"parameters":[],"shouldDisplayMessage":false,"stepsCount":0,"attachmentsCount":0,"hasContent":false,"attachmentStep":false},{"name":"apolo_cli","time":{"start":1757992000217,"stop":1757992000217,"duration":0},"status":"passed","steps":[],"attachments":[],"parameters":[],"shouldDisplayMessage":false,"stepsCount":0,"attachmentsCount":0,"hasContent":false,"attachmentStep":false},{"name":"setup","time":{"start":1757992000218,"stop":1757992000828,"duration":610},"status":"passed","steps":[{"name":"Verify Apolo CLI client is installed","time":{"start":1757992000219,"stop":1757992000828,"duration":609},"status":"passed","steps":[],"attachments":[{"uid":"6a4134bafb5a64ca","name":"Executed CLI command","source":"6a4134bafb5a64ca.txt","type":"text/plain","size":15},{"uid":"5b4d3a0e1b129806","name":"Executed CLI command output","source":"5b4d3a0e1b129806.txt","type":"text/plain","size":28}],"parameters":[],"shouldDisplayMessage":false,"stepsCount":0,"attachmentsCount":2,"hasContent":true,"attachmentStep":false}],"attachments":[],"parameters":[],"shouldDisplayMessage":false,"stepsCount":1,"attachmentsCount":2,"hasContent":true,"attachmentStep":false},{"name":"add_page_manager","time":{"start":1757992000218,"stop":1757992000218,"duration":0},"status":"passed","steps":[],"attachments":[],"parameters":[],"shouldDisplayMessage":false,"stepsCount":0,"attachmentsCount":0,"hasContent":false,"attachmentStep":false},{"name":"_inject_fixtures","time":{"start":1757992000218,"stop":1757992000218,"duration":0},"status":"passed","steps":[],"attachments":[],"parameters":[],"shouldDisplayMessage":false,"stepsCount":0,"attachmentsCount":0,"hasContent":false,"attachmentStep":false}],"testStage":{"description":"\n- Login with valid credentials via **UI**.\n- Get Bearer auth token from Playwright local storage.\n- Create new organization via **API**.\n- Signup `second user` via **UI**.\n- Login with Bearer auth token via **CLI**.\n- Create new project via **CLI**.\n\n### Verify that:\n\n- User **cannot** add registered user **not from organization** to project via **CLI**.\n","descriptionHtml":"<div style='line-height:1.6;'><ul>\n<li>Login with valid credentials via <strong>UI</strong>.</li>\n<li>Get Bearer auth token from Playwright local storage.</li>\n<li>Create new organization via <strong>API</strong>.</li>\n<li>Signup <span style='background-color:#D3D3D3; padding:2px 4px; border-radius:3px; font-family:monospace;'>second user</span> via <strong>UI</strong>.</li>\n<li>Login with Bearer auth token via <strong>CLI</strong>.</li>\n<li>Create new project via <strong>CLI</strong>.</li>\n</ul>\n<h3>Verify that:</h3>\n<ul>\n<li>User <strong>cannot</strong> add registered user <strong>not from organization</strong> to project via <strong>CLI</strong>.</li>\n</ul></div>","status":"failed","statusMessage":"AssertionError: [AssertionError] during step: Login via UI\nMessage: [AssertionError] during step: Verify that Welcome new user page displayed\nMessage: Locator expected to be visible\nActual value: <element(s) not found> \nCall log:\n  - Expect \"to_be_visible\" with timeout 5000ms\n  - waiting for locator(\"h3.truncate.text-h3\").filter(has_text=\"Welcome, regression-hu30kslfn7@apolo.us\")","statusTrace":"tests/reporting_hooks/reporting.py:49: in wrapper\n    result = await func(*args, **kwargs)\n             ^^^^^^^^^^^^^^^^^^^^^^^^^^^\ntests/test_cases/steps/ui_steps/page_steps_impl/welcome_new_user_page_steps.py:14: in verify_ui_page_displayed\n    assert await self._pm.welcome_new_user_page.is_loaded(email=email), (\n           ^^^^^^^^^^^^^^^^^^^^^^^^^^^^^^^^^^^^^^^^^^^^^^^^^^^^^^^^^^^\ntests/components/ui/pages/onboarding_pages/welcome_new_user_page.py:27: in is_loaded\n    await self._get_welcome_user_message(email).expect_to_be_loaded()\ntests/components/ui/pages/base_element.py:43: in expect_to_be_loaded\n    await expect(self.locator).to_be_visible(timeout=timeout)\nE   AssertionError: Locator expected to be visible\nE   Actual value: <element(s) not found> \nE   Call log:\nE     - Expect \"to_be_visible\" with timeout 5000ms\nE     - waiting for locator(\"h3.truncate.text-h3\").filter(has_text=\"Welcome, regression-hu30kslfn7@apolo.us\")\n\nThe above exception was the direct cause of the following exception:\ntests/reporting_hooks/reporting.py:49: in wrapper\n    result = await func(*args, **kwargs)\n             ^^^^^^^^^^^^^^^^^^^^^^^^^^^\ntests/test_cases/steps/ui_steps/ui_steps.py:77: in ui_login\n    await self.welcome_new_user_page.verify_ui_page_displayed(\ntests/reporting_hooks/reporting.py:58: in wrapper\n    raise AssertionError(formatted_msg) from e\nE   AssertionError: [AssertionError] during step: Verify that Welcome new user page displayed\nE   Message: Locator expected to be visible\nE   Actual value: <element(s) not found> \nE   Call log:\nE     - Expect \"to_be_visible\" with timeout 5000ms\nE     - waiting for locator(\"h3.truncate.text-h3\").filter(has_text=\"Welcome, regression-hu30kslfn7@apolo.us\")\n\nThe above exception was the direct cause of the following exception:\ntests/test_cases/tests_cli/test_project_structure_setup.py:260: in test_add_user_not_in_org_to_proj_cli\n    await self._ui_steps.ui_login(user=user)\ntests/reporting_hooks/reporting.py:58: in wrapper\n    raise AssertionError(formatted_msg) from e\nE   AssertionError: [AssertionError] during step: Login via UI\nE   Message: [AssertionError] during step: Verify that Welcome new user page displayed\nE   Message: Locator expected to be visible\nE   Actual value: <element(s) not found> \nE   Call log:\nE     - Expect \"to_be_visible\" with timeout 5000ms\nE     - waiting for locator(\"h3.truncate.text-h3\").filter(has_text=\"Welcome, regression-hu30kslfn7@apolo.us\")","steps":[{"name":"Login via UI","time":{"start":1757992000829,"stop":1757992016790,"duration":15961},"status":"failed","statusMessage":"AssertionError: [AssertionError] during step: Login via UI\nMessage: [AssertionError] during step: Verify that Welcome new user page displayed\nMessage: Locator expected to be visible\nActual value: <element(s) not found> \nCall log:\n  - Expect \"to_be_visible\" with timeout 5000ms\n  - waiting for locator(\"h3.truncate.text-h3\").filter(has_text=\"Welcome, regression-hu30kslfn7@apolo.us\")\n\n","statusTrace":"  File \"/home/runner/work/apolo-test-automation/apolo-test-automation/tests/reporting_hooks/reporting.py\", line 58, in wrapper\n    raise AssertionError(formatted_msg) from e\n","steps":[{"name":"Click login button","time":{"start":1757992000830,"stop":1757992002081,"duration":1251},"status":"passed","steps":[],"attachments":[{"uid":"9d76d7b4a4ac65b5","name":"Page URL","source":"9d76d7b4a4ac65b5.txt","type":"text/plain","size":33},{"uid":"96b6d48e3d3b644f","name":"Screenshot: Click login button (success)","source":"96b6d48e3d3b644f.png","type":"image/png","size":41621}],"parameters":[],"shouldDisplayMessage":false,"stepsCount":0,"attachmentsCount":2,"hasContent":true,"attachmentStep":false},{"name":"Enter email","time":{"start":1757992002081,"stop":1757992002216,"duration":135},"status":"passed","steps":[],"attachments":[{"uid":"223a8143cab9dcc4","name":"Page URL","source":"223a8143cab9dcc4.txt","type":"text/plain","size":215},{"uid":"77818cabe492662a","name":"Screenshot: Enter email (success)","source":"77818cabe492662a.png","type":"image/png","size":45558}],"parameters":[],"shouldDisplayMessage":false,"stepsCount":0,"attachmentsCount":2,"hasContent":true,"attachmentStep":false},{"name":"Enter password","time":{"start":1757992002216,"stop":1757992002384,"duration":168},"status":"passed","steps":[],"attachments":[{"uid":"eec4a8ce1ea14949","name":"Page URL","source":"eec4a8ce1ea14949.txt","type":"text/plain","size":215},{"uid":"2d6bb2e57612325a","name":"Screenshot: Enter password (success)","source":"2d6bb2e57612325a.png","type":"image/png","size":46413}],"parameters":[],"shouldDisplayMessage":false,"stepsCount":0,"attachmentsCount":2,"hasContent":true,"attachmentStep":false},{"name":"Click Continue button","time":{"start":1757992002384,"stop":1757992010624,"duration":8240},"status":"passed","steps":[],"attachments":[{"uid":"510aa7fcb64a7880","name":"Page URL","source":"510aa7fcb64a7880.txt","type":"text/plain","size":215},{"uid":"14bcfcb159482299","name":"HTTP 500 - GET config","source":"14bcfcb159482299.txt","type":"text/plain","size":366},{"uid":"4837e253417c71d7","name":"HTTP 200 - GET permissions?uri=blob:","source":"4837e253417c71d7.txt","type":"text/plain","size":163},{"uid":"f14b20cd97507c91","name":"Screenshot: Click Continue button (success)","source":"f14b20cd97507c91.png","type":"image/png","size":28722}],"parameters":[],"shouldDisplayMessage":false,"stepsCount":0,"attachmentsCount":4,"hasContent":true,"attachmentStep":false},{"name":"Verify that Welcome new user page displayed","time":{"start":1757992010637,"stop":1757992016714,"duration":6077},"status":"failed","statusMessage":"AssertionError: [AssertionError] during step: Verify that Welcome new user page displayed\nMessage: Locator expected to be visible\nActual value: <element(s) not found> \nCall log:\n  - Expect \"to_be_visible\" with timeout 5000ms\n  - waiting for locator(\"h3.truncate.text-h3\").filter(has_text=\"Welcome, regression-hu30kslfn7@apolo.us\")\n\n","statusTrace":"  File \"/home/runner/work/apolo-test-automation/apolo-test-automation/tests/reporting_hooks/reporting.py\", line 58, in wrapper\n    raise AssertionError(formatted_msg) from e\n","steps":[],"attachments":[{"uid":"76beb134ed786cf6","name":"Page URL","source":"76beb134ed786cf6.txt","type":"text/plain","size":29},{"uid":"9d2d9f61e66ac3a7","name":"Screenshot: Verify that Welcome new user page displayed (fail)","source":"9d2d9f61e66ac3a7.png","type":"image/png","size":28722}],"parameters":[],"shouldDisplayMessage":true,"stepsCount":0,"attachmentsCount":2,"hasContent":true,"attachmentStep":false}],"attachments":[{"uid":"2056fd3fb19efd79","name":"Page URL","source":"2056fd3fb19efd79.txt","type":"text/plain","size":33},{"uid":"5965dd3cfaa77c6f","name":"Screenshot: Login via UI (fail)","source":"5965dd3cfaa77c6f.png","type":"image/png","size":28722}],"parameters":[],"shouldDisplayMessage":true,"stepsCount":5,"attachmentsCount":14,"hasContent":true,"attachmentStep":false}],"attachments":[{"uid":"48f96b60f6f8a155","name":"log","source":"48f96b60f6f8a155.txt","type":"text/plain","size":22784}],"parameters":[],"shouldDisplayMessage":true,"stepsCount":6,"attachmentsCount":15,"hasContent":true,"attachmentStep":false},"afterStages":[{"name":"add_page_manager::finalizer","time":{"start":1757992016823,"stop":1757992016823,"duration":0},"status":"passed","steps":[],"attachments":[],"parameters":[],"shouldDisplayMessage":false,"stepsCount":0,"attachmentsCount":0,"hasContent":false,"attachmentStep":false},{"name":"setup_cleanup::finalizer","time":{"start":1757992016824,"stop":1757992016824,"duration":0},"status":"passed","steps":[],"attachments":[],"parameters":[],"shouldDisplayMessage":false,"stepsCount":0,"attachmentsCount":0,"hasContent":false,"attachmentStep":false},{"name":"setup_cleanup::finalizer","time":{"start":1757992016824,"stop":1757992017673,"duration":849},"status":"passed","steps":[{"name":"Post-test cleanup","time":{"start":1757992016824,"stop":1757992017673,"duration":849},"status":"passed","steps":[],"attachments":[{"uid":"af8988551025f296","name":"Cleanup note","source":"af8988551025f296.txt","type":"text/plain","size":29}],"parameters":[],"shouldDisplayMessage":false,"stepsCount":0,"attachmentsCount":1,"hasContent":true,"attachmentStep":false}],"attachments":[],"parameters":[],"shouldDisplayMessage":false,"stepsCount":1,"attachmentsCount":1,"hasContent":true,"attachmentStep":false},{"name":"api_helper::finalizer","time":{"start":1757992017674,"stop":1757992017674,"duration":0},"status":"passed","steps":[],"attachments":[],"parameters":[],"shouldDisplayMessage":false,"stepsCount":0,"attachmentsCount":0,"hasContent":false,"attachmentStep":false},{"name":"_function_scoped_runner::0","time":{"start":1757992017675,"stop":1757992017676,"duration":1},"status":"passed","steps":[],"attachments":[],"parameters":[],"shouldDisplayMessage":false,"stepsCount":0,"attachmentsCount":0,"hasContent":false,"attachmentStep":false}],"labels":[{"name":"suite","value":"CLI Project Structure Setup"},{"name":"parentSuite","value":"CLI Tests"},{"name":"tag","value":"asyncio"},{"name":"subSuite","value":"TestCLIProjectStructureSetup"},{"name":"host","value":"runnervmf4ws1"},{"name":"thread","value":"3794-MainThread"},{"name":"framework","value":"pytest"},{"name":"language","value":"cpython3"},{"name":"package","value":"tests.test_cases.tests_cli.test_project_structure_setup"},{"name":"resultFormat","value":"allure2"}],"parameters":[],"links":[],"hidden":false,"retry":false,"extra":{"severity":"normal","retries":[{"uid":"4b79a05033d6dba9","status":"failed","statusDetails":"AssertionError: [AssertionError] during step: Login via UI\nMessage: [AssertionError] during step: Verify that Welcome new user page displayed\nMessage: Locator expected to be visible\nActual value: <element(s) not found> \nCall log:\n  - Expect \"to_be_visible\" with timeout 5000ms\n  - waiting for locator(\"h3.truncate.text-h3\").filter(has_text=\"Welcome, regression-hu30kslfn7@apolo.us\")","time":{"start":1757991970665,"stop":1757991986594,"duration":15929}},{"uid":"cbd2987550df1d38","status":"failed","statusDetails":"AssertionError: [AssertionError] during step: Login via UI\nMessage: [AssertionError] during step: Verify that Welcome new user page displayed\nMessage: Locator expected to be visible\nActual value: <element(s) not found> \nCall log:\n  - Expect \"to_be_visible\" with timeout 5000ms\n  - waiting for locator(\"h3.truncate.text-h3\").filter(has_text=\"Welcome, regression-hu30kslfn7@apolo.us\")","time":{"start":1757991940485,"stop":1757991956360,"duration":15875}}],"categories":[{"name":"Product defects","matchedStatuses":[],"flaky":false}],"history":{"statistic":{"failed":21,"broken":0,"skipped":0,"passed":17,"unknown":0,"total":38},"items":[{"uid":"279a14227fa405b4","status":"passed","time":{"start":1757906759602,"stop":1757906790008,"duration":30406}},{"uid":"bb9acec11d513d72","status":"passed","time":{"start":1757818156027,"stop":1757818201726,"duration":45699}},{"uid":"28f84debc2fd9a49","status":"passed","time":{"start":1757731959916,"stop":1757731990133,"duration":30217}},{"uid":"ee7696bcfe7ec55b","status":"passed","time":{"start":1757645329978,"stop":1757645372272,"duration":42294}},{"uid":"7e21dfe5172262bd","status":"passed","time":{"start":1757558732488,"stop":1757558777837,"duration":45349}},{"uid":"c20ba48c63d1794","status":"passed","time":{"start":1757473366850,"stop":1757473407644,"duration":40794}},{"uid":"675ff9d1b50d7e90","status":"passed","time":{"start":1757421025013,"stop":1757421065066,"duration":40053}},{"uid":"82fed686545a0867","status":"passed","time":{"start":1757386612036,"stop":1757386661856,"duration":49820}},{"uid":"d9dfd1ca6fcfb26","status":"failed","statusDetails":"AssertionError: [AssertionError] during step: Add user not in organization to project via CLI\nMessage: Expected: \nERROR: User 'regression-org-nviq3cn0zlfn/regression-wqvf47su3x' not found in cluster 'default' \nbut got \nYou are using apolo-extras tool 24.10.0, however 25.9.0 is available.\nERROR: User 'regression-org-nviq3cn0zlfn/regression-wqvf47su3x' not found in cluster 'default'","time":{"start":1757300144704,"stop":1757300201844,"duration":57140}},{"uid":"a117c9cc9086e503","status":"failed","statusDetails":"AssertionError: [AssertionError] during step: Add user not in organization to project via CLI\nMessage: Expected: \nERROR: User 'regression-org-5iu0c8vdgy0k/regression-eat9qiad6s' not found in cluster 'default' \nbut got \nYou are using apolo-extras tool 24.10.0, however 25.9.0 is available.\nERROR: User 'regression-org-5iu0c8vdgy0k/regression-eat9qiad6s' not found in cluster 'default'","time":{"start":1757214212690,"stop":1757214246675,"duration":33985}},{"uid":"3fa4586274d7ceed","status":"failed","statusDetails":"AssertionError: [AssertionError] during step: Add user not in organization to project via CLI\nMessage: Expected: \nERROR: User 'regression-org-ja0n3nefzyrc/regression-p9ra7g3n3o' not found in cluster 'default' \nbut got \nYou are using apolo-extras tool 24.10.0, however 25.9.0 is available.\nERROR: User 'regression-org-ja0n3nefzyrc/regression-p9ra7g3n3o' not found in cluster 'default'","time":{"start":1757143358084,"stop":1757143407481,"duration":49397}},{"uid":"a5d0fad01e1ec91b","status":"failed","statusDetails":"AssertionError: [AssertionError] during step: Add user not in organization to project via CLI\nMessage: Expected: \nERROR: User 'regression-org-ozb4ykdkzxl3/regression-kpt2id43nx' not found in cluster 'default' \nbut got \nYou are using apolo-extras tool 24.10.0, however 25.9.0 is available.\nERROR: User 'regression-org-ozb4ykdkzxl3/regression-kpt2id43nx' not found in cluster 'default'","time":{"start":1757127410430,"stop":1757127460548,"duration":50118}},{"uid":"26b3c974ce745801","status":"failed","statusDetails":"AssertionError: [AssertionError] during step: Add user not in organization to project via CLI\nMessage: Expected: \nERROR: User 'regression-org-d3dtiay5ok0o/regression-u23m0smx99' not found in cluster 'default' \nbut got \nYou are using apolo-extras tool 24.10.0, however 25.8.0 is available.\nERROR: User 'regression-org-d3dtiay5ok0o/regression-u23m0smx99' not found in cluster 'default'","time":{"start":1757040385889,"stop":1757040447956,"duration":62067}},{"uid":"2101378dd7345e72","status":"failed","statusDetails":"AssertionError: [AssertionError] during step: Add user not in organization to project via CLI\nMessage: Expected: \nERROR: User 'regression-org-t93l9oxo4ph6/regression-nd8ik1muqn' not found in cluster 'default' \nbut got \nYou are using apolo-extras tool 24.10.0, however 25.8.0 is available.\nERROR: User 'regression-org-t93l9oxo4ph6/regression-nd8ik1muqn' not found in cluster 'default'","time":{"start":1756954155147,"stop":1756954200611,"duration":45464}},{"uid":"f17972c3cff9f9a","status":"failed","statusDetails":"AssertionError: [AssertionError] during step: Add user not in organization to project via CLI\nMessage: Expected: \nERROR: User 'regression-org-e8e9m41hw1v4/regression-evkbpkpfsx' not found in cluster 'default' \nbut got \nYou are using apolo-extras tool 24.10.0, however 25.8.0 is available.\nERROR: User 'regression-org-e8e9m41hw1v4/regression-evkbpkpfsx' not found in cluster 'default'","time":{"start":1756867607589,"stop":1756867659669,"duration":52080}},{"uid":"987d0f7a43a346a0","status":"failed","statusDetails":"AssertionError: [AssertionError] during step: Add user not in organization to project via CLI\nMessage: Expected: \nERROR: User 'regression-org-9zhnw22hxp7s/regression-8gt7hgucb1' not found in cluster 'default' \nbut got \nYour root certificates are out of date.\nYou are using certifi 2025.7.14, however 2025.8.3 is available.\nPlease consider upgrading certifi package, e.g.:\n    python -m pip install --upgrade certifi\nor\n    conda update certifi\n\nYou are using apolo-extras tool 24.10.0, however 25.8.0 is available.\nERROR: User 'regression-org-9zhnw22hxp7s/regression-8gt7hgucb1' not found in cluster 'default'","time":{"start":1756805323346,"stop":1756805365410,"duration":42064}},{"uid":"c0d17b8cc252f00d","status":"failed","statusDetails":"AssertionError: [AssertionError] during step: Add user not in organization to project via CLI\nMessage: Expected: \nERROR: User 'regression-org-hyetwd3vjbgv/regression-n5hq7ajw5y' not found in cluster 'default' \nbut got \nYour root certificates are out of date.\nYou are using certifi 2025.7.14, however 2025.8.3 is available.\nPlease consider upgrading certifi package, e.g.:\n    python -m pip install --upgrade certifi\nor\n    conda update certifi\n\nYou are using apolo-extras tool 24.10.0, however 25.8.0 is available.\nERROR: User 'regression-org-hyetwd3vjbgv/regression-n5hq7ajw5y' not found in cluster 'default'","time":{"start":1756608276735,"stop":1756608306783,"duration":30048}},{"uid":"236a153b88a5f73","status":"failed","statusDetails":"AssertionError: [AssertionError] during step: Add user not in organization to project via CLI\nMessage: Expected: \nERROR: User 'regression-org-qmkh9szqygwa/regression-21rm208dij' not found in cluster 'default' \nbut got \nYour root certificates are out of date.\nYou are using certifi 2025.7.14, however 2025.8.3 is available.\nPlease consider upgrading certifi package, e.g.:\n    python -m pip install --upgrade certifi\nor\n    conda update certifi\n\nYou are using apolo-extras tool 24.10.0, however 25.8.0 is available.\nERROR: User 'regression-org-qmkh9szqygwa/regression-21rm208dij' not found in cluster 'default'","time":{"start":1756521962257,"stop":1756522014250,"duration":51993}},{"uid":"e6d96983fb442586","status":"failed","statusDetails":"AssertionError: [AssertionError] during step: Add user not in organization to project via CLI\nMessage: Expected: \nERROR: User 'regression-org-1yhdvxedsqla/regression-q61pshs8fu' not found in cluster 'default' \nbut got \nYour root certificates are out of date.\nYou are using certifi 2025.7.14, however 2025.8.3 is available.\nPlease consider upgrading certifi package, e.g.:\n    python -m pip install --upgrade certifi\nor\n    conda update certifi\n\nYou are using apolo-extras tool 24.10.0, however 25.8.0 is available.\nERROR: User 'regression-org-1yhdvxedsqla/regression-q61pshs8fu' not found in cluster 'default'","time":{"start":1756435734889,"stop":1756435773997,"duration":39108}},{"uid":"3dede66132f5bfc2","status":"failed","statusDetails":"AssertionError: [AssertionError] during step: Add user not in organization to project via CLI\nMessage: Expected: \nERROR: User 'regression-org-jod5wm5gxdpe/regression-iip425ctak' not found in cluster 'default' \nbut got \nYour root certificates are out of date.\nYou are using certifi 2025.7.14, however 2025.8.3 is available.\nPlease consider upgrading certifi package, e.g.:\n    python -m pip install --upgrade certifi\nor\n    conda update certifi\n\nYou are using apolo-extras tool 24.10.0, however 25.8.0 is available.\nERROR: User 'regression-org-jod5wm5gxdpe/regression-iip425ctak' not found in cluster 'default'","time":{"start":1756349160669,"stop":1756349202047,"duration":41378}}]},"tags":["asyncio"]},"source":"b2af7299fe24416f.json","parameterValues":[]}